#
# A fatal error has been detected by the Java Runtime Environment:
#
#  EXCEPTION_ACCESS_VIOLATION (0xc0000005) at pc=0x00007ffb3d49abec, pid=10144, tid=11896
#
# JRE version: Java(TM) SE Runtime Environment (15.0.2+7) (build 15.0.2+7-27)
# Java VM: Java HotSpot(TM) 64-Bit Server VM (15.0.2+7-27, mixed mode, sharing, tiered, compressed oops, g1 gc, windows-amd64)
# Problematic frame:
# V  [jvm.dll+0x3aabec]
#
# No core dump will be written. Minidumps are not enabled by default on client versions of Windows
#
# If you would like to submit a bug report, please visit:
#   https://bugreport.java.com/bugreport/crash.jsp
#

---------------  S U M M A R Y ------------

Command Line: -Dfile.encoding=UTF-8 simrskhanza.SIMRSKhanza

Host: Intel(R) Core(TM) i5-4460  CPU @ 3.20GHz, 4 cores, 11G,  Windows 10 , 64 bit Build 18362 (10.0.18362.1082)
Time: Wed Aug 16 08:07:02 2023 SE Asia Standard Time elapsed time: 64804.691589 seconds (0d 18h 0m 4s)

---------------  T H R E A D  ---------------

Current thread (0x0000027cffc01450):  JavaThread "JavaFX Application Thread" [_thread_in_vm, id=11896, stack(0x000000b134700000,0x000000b134800000)]

Stack: [0x000000b134700000,0x000000b134800000],  sp=0x000000b1347fa100,  free space=1000k
Native frames: (J=compiled Java code, j=interpreted, Vv=VM code, C=native code)
V  [jvm.dll+0x3aabec]
C  0x00007ffb0d107ce0

Java frames: (J=compiled Java code, j=interpreted, Vv=VM code)
j  com.sun.webkit.WebPage.twkOpen(JLjava/lang/String;)V+0
j  com.sun.webkit.WebPage.open(JLjava/lang/String;)V+86
j  javafx.scene.web.WebEngine.load(Ljava/lang/String;)V+96
j  bridging.INACBGHybrid.lambda$loadURL$1(Ljava/lang/String;)V+5
j  bridging.INACBGHybrid$$Lambda$760+0x000000080110e430.run()V+8
J 9433 c2 com.sun.javafx.application.PlatformImpl$$Lambda$261+0x000000080106b878.run()Ljava/lang/Object; (8 bytes) @ 0x0000027c88281c20 [0x0000027c88281760+0x00000000000004c0]
J 9502 c2 com.sun.glass.ui.InvokeLaterDispatcher$Future.run()V (91 bytes) @ 0x0000027c88292ef0 [0x0000027c88292ca0+0x0000000000000250]
v  ~StubRoutines::call_stub
j  com.sun.glass.ui.win.WinApplication._runLoop(Ljava/lang/Runnable;)V+0
j  com.sun.glass.ui.win.WinApplication.lambda$runLoop$3(ILjava/lang/Runnable;)V+8
j  com.sun.glass.ui.win.WinApplication$$Lambda$247+0x000000080103dfb8.run()V+12
j  java.lang.Thread.run()V+11 java.base@15.0.2
v  ~StubRoutines::call_stub

siginfo: EXCEPTION_ACCESS_VIOLATION (0xc0000005), reading address 0x0000000000000000


Register to memory mapping:

RIP=0x00007ffb3d49abec jvm.dll
RAX=0x0 is NULL
RBX=0x0000027cffc01450 is a thread
RCX=0xb6d44ca603980000 is an unknown value
RDX=0x0000027cffc7a370 is a global jni handle
RSP=0x000000b1347fa100 is pointing into the stack for thread: 0x0000027cffc01450
RBP=0x0000027cffc01778 points into unknown readable memory: 0x00007ffb3daede40 | 40 de ae 3d fb 7f 00 00
RSI=0x0 is NULL
RDI=0x0000027cffc7a370 is a global jni handle
R8 =0x0 is NULL
R9 =0x000000b1347fa208 is pointing into the stack for thread: 0x0000027cffc01450
R10=0x00007ffb3d49ab30 jvm.dll
R11=0x000000b1347fa0f8 is pointing into the stack for thread: 0x0000027cffc01450
R12=0x0000027c95ffb280 points into unknown readable memory: 0x0000027c93edd220 | 20 d2 ed 93 7c 02 00 00
R13=0x0000027c95ffb2f0 points into unknown readable memory: 0x0000027c93eb3bd0 | d0 3b eb 93 7c 02 00 00
R14=0x0 is NULL
R15=0x000000b1347fa208 is pointing into the stack for thread: 0x0000027cffc01450


Registers:
RAX=0x0000000000000000, RBX=0x0000027cffc01450, RCX=0xb6d44ca603980000, RDX=0x0000027cffc7a370
RSP=0x000000b1347fa100, RBP=0x0000027cffc01778, RSI=0x0000000000000000, RDI=0x0000027cffc7a370
R8 =0x0000000000000000, R9 =0x000000b1347fa208, R10=0x00007ffb3d49ab30, R11=0x000000b1347fa0f8
R12=0x0000027c95ffb280, R13=0x0000027c95ffb2f0, R14=0x0000000000000000, R15=0x000000b1347fa208
RIP=0x00007ffb3d49abec, EFLAGS=0x0000000000010206

Top of Stack: (sp=0x000000b1347fa100)
0x000000b1347fa100:   0000027cffc01450 0000000000000000
0x000000b1347fa110:   0000027c95ffb2f0 0000027c95ffb280
0x000000b1347fa120:   0000027c95d44e20 00007ffb699ffb91
0x000000b1347fa130:   0000027c95ffb280 0000027ce9fb0000
0x000000b1347fa140:   0000027cffc01778 0000000000000000
0x000000b1347fa150:   0000027cffc01450 0000027c924253f0
0x000000b1347fa160:   0000000000000493 00007ffb3d98aaa0
0x000000b1347fa170:   0000027c95d44e20 000000b1347fa250
0x000000b1347fa180:   0000027c00000493 00007ffb3d98aaa0
0x000000b1347fa190:   0000000000000000 00007ffb0ec2cbff
0x000000b1347fa1a0:   0000027cffc01778 0000000000000000
0x000000b1347fa1b0:   0000027c923453e8 00007ffb0d107ce0
0x000000b1347fa1c0:   0000027c92345408 000000b1347fa2f0
0x000000b1347fa1d0:   0000027c92345400 0000027c92345400
0x000000b1347fa1e0:   000000b1347fa2f0 00007ffb0d24e0c0
0x000000b1347fa1f0:   0000027c94582f40 0000027c93eb3c00 

Instructions: (pc=0x00007ffb3d49abec)
0x00007ffb3d49aaec:   e9 03 f6 c1 01 74 08 48 8b cb e8 95 21 2e 00 4c
0x00007ffb3d49aafc:   8d 9c 24 a0 00 00 00 c7 83 98 03 00 00 04 00 00
0x00007ffb3d49ab0c:   00 49 8b 5b 20 0f b7 c6 49 8b 6b 28 49 8b 73 30
0x00007ffb3d49ab1c:   49 8b e3 41 5f 41 5e 5f c3 cc cc cc cc cc cc cc
0x00007ffb3d49ab2c:   cc cc cc cc 48 89 5c 24 08 48 89 6c 24 10 48 89
0x00007ffb3d49ab3c:   74 24 18 57 41 56 41 57 48 81 ec a0 00 00 00 8b
0x00007ffb3d49ab4c:   81 88 00 00 00 48 8d 99 d8 fc ff ff 05 55 21 ff
0x00007ffb3d49ab5c:   ff 33 f6 4d 8b f9 4d 8b f0 48 8b fa 48 8b e9 83
0x00007ffb3d49ab6c:   f8 01 76 0a 48 8b cb e8 08 2b 39 00 8b de c7 83
0x00007ffb3d49ab7c:   98 03 00 00 05 00 00 00 e8 a7 1e 27 00 48 8b 03
0x00007ffb3d49ab8c:   48 8b cb ff 50 38 84 c0 74 0e 48 8b 83 10 01 00
0x00007ffb3d49ab9c:   00 c0 e8 03 24 01 eb 0b 8b 05 66 1b 6f 00 85 c0
0x00007ffb3d49abac:   0f 95 c0 84 c0 75 0d 8b 83 e0 00 00 00 a9 04 00
0x00007ffb3d49abbc:   00 20 74 08 48 8b cb e8 38 31 39 00 c7 83 98 03
0x00007ffb3d49abcc:   00 00 06 00 00 00 48 89 5c 24 50 48 89 74 24 58
0x00007ffb3d49abdc:   48 39 73 08 74 0a 48 8d 4c 24 50 e8 04 bd 2a 00
0x00007ffb3d49abec:   49 8b 16 48 8d 4c 24 70 c7 44 24 40 0c 00 00 00
0x00007ffb3d49abfc:   e8 cf c7 00 00 4c 89 bc 24 98 00 00 00 48 8d 05
0x00007ffb3d49ac0c:   18 ff 4e 00 48 89 44 24 70 40 f6 c7 01 74 0c 48
0x00007ffb3d49ac1c:   8d 4f ff ff 15 83 0b 65 00 eb 09 48 8b cf ff 15
0x00007ffb3d49ac2c:   d8 93 64 00 8b 15 6a 94 6d 00 48 8b c8 e8 d2 c8
0x00007ffb3d49ac3c:   26 00 48 8b d3 48 8b c8 4c 8b 00 41 ff 90 b0 00
0x00007ffb3d49ac4c:   00 00 48 39 73 08 75 32 48 8d 44 24 70 48 89 5c
0x00007ffb3d49ac5c:   24 30 48 89 44 24 28 48 8d 54 24 40 45 33 c9 4c
0x00007ffb3d49ac6c:   89 74 24 20 45 33 c0 48 8b cd e8 25 dc 00 00 48
0x00007ffb3d49ac7c:   39 73 08 75 05 48 8b 74 24 48 48 83 7c 24 58 00
0x00007ffb3d49ac8c:   74 0a 48 8d 4c 24 50 e8 f8 bc 2a 00 48 8b bb f8
0x00007ffb3d49ac9c:   00 00 00 48 8b 4f 10 48 83 39 00 74 0c 48 8b cf
0x00007ffb3d49acac:   e8 bf 98 f6 ff 48 8b 4f 10 48 8b 47 08 48 89 48
0x00007ffb3d49acbc:   10 48 8b 4f 08 48 8b 47 18 48 89 41 18 48 8b 4f
0x00007ffb3d49accc:   08 48 8b 47 20 48 89 41 20 c7 83 98 03 00 00 07
0x00007ffb3d49acdc:   00 00 00 e8 4c 1d 27 00 48 8b 8b 10 01 00 00 c0 


Stack slot to memory mapping:
stack at sp + 0 slots: 0x0000027cffc01450 is a thread
stack at sp + 1 slots: 0x0 is NULL
stack at sp + 2 slots: 0x0000027c95ffb2f0 points into unknown readable memory: 0x0000027c93eb3bd0 | d0 3b eb 93 7c 02 00 00
stack at sp + 3 slots: 0x0000027c95ffb280 points into unknown readable memory: 0x0000027c93edd220 | 20 d2 ed 93 7c 02 00 00
stack at sp + 4 slots: 0x0000027c95d44e20 points into unknown readable memory: 0x00000007522c51c8 | c8 51 2c 52 07 00 00 00
stack at sp + 5 slots: 0x00007ffb699ffb91 ntdll.dll
stack at sp + 6 slots: 0x0000027c95ffb280 points into unknown readable memory: 0x0000027c93edd220 | 20 d2 ed 93 7c 02 00 00
stack at sp + 7 slots: 0x0000027ce9fb0000 points into unknown readable memory: 0x0000000000000000 | 00 00 00 00 00 00 00 00


---------------  P R O C E S S  ---------------

Threads class SMR info:
_java_thread_list=0x0000027c906904c0, length=24, elements={
0x0000027cfd9cf8b0, 0x0000027cfd9d0480, 0x0000027cfd9dfa70, 0x0000027cfd9e2530,
0x0000027cfd9e4ff0, 0x0000027cfd9e8ea0, 0x0000027cfd9eba90, 0x0000027cfd9ec990,
0x0000027cfe616ae0, 0x0000027cfe622310, 0x0000027cff1eda40, 0x0000027cff1de030,
0x0000027cff478e90, 0x0000027cff2c0700, 0x0000027cff101040, 0x0000027cea21b4c0,
0x0000027cff77d8a0, 0x0000027cffc00110, 0x0000027cffc00ab0, 0x0000027cffc00f80,
0x0000027cffc01450, 0x0000027cffbffc40, 0x0000027c95d493d0, 0x0000027c95d4b0b0
}

Java Threads: ( => current thread )
  0x0000027cfd9cf8b0 JavaThread "Reference Handler" daemon [_thread_blocked, id=11220, stack(0x000000b132500000,0x000000b132600000)]
  0x0000027cfd9d0480 JavaThread "Finalizer" daemon [_thread_blocked, id=2236, stack(0x000000b132600000,0x000000b132700000)]
  0x0000027cfd9dfa70 JavaThread "Signal Dispatcher" daemon [_thread_blocked, id=1920, stack(0x000000b132700000,0x000000b132800000)]
  0x0000027cfd9e2530 JavaThread "Attach Listener" daemon [_thread_blocked, id=5772, stack(0x000000b132800000,0x000000b132900000)]
  0x0000027cfd9e4ff0 JavaThread "Service Thread" daemon [_thread_blocked, id=9000, stack(0x000000b132900000,0x000000b132a00000)]
  0x0000027cfd9e8ea0 JavaThread "C2 CompilerThread0" daemon [_thread_blocked, id=3068, stack(0x000000b132a00000,0x000000b132b00000)]
  0x0000027cfd9eba90 JavaThread "C1 CompilerThread0" daemon [_thread_blocked, id=896, stack(0x000000b132b00000,0x000000b132c00000)]
  0x0000027cfd9ec990 JavaThread "Sweeper thread" daemon [_thread_blocked, id=4212, stack(0x000000b132c00000,0x000000b132d00000)]
  0x0000027cfe616ae0 JavaThread "Notification Thread" daemon [_thread_blocked, id=12220, stack(0x000000b132d00000,0x000000b132e00000)]
  0x0000027cfe622310 JavaThread "Common-Cleaner" daemon [_thread_blocked, id=3724, stack(0x000000b132f00000,0x000000b133000000)]
  0x0000027cff1eda40 JavaThread "Java2D Disposer" daemon [_thread_blocked, id=8032, stack(0x000000b133400000,0x000000b133500000)]
  0x0000027cff1de030 JavaThread "AWT-Shutdown" [_thread_blocked, id=2832, stack(0x000000b133500000,0x000000b133600000)]
  0x0000027cff478e90 JavaThread "AWT-Windows" daemon [_thread_in_native, id=2836, stack(0x000000b133600000,0x000000b133700000)]
  0x0000027cff2c0700 JavaThread "AWT-EventQueue-0" [_thread_blocked, id=2428, stack(0x000000b133800000,0x000000b133900000)]
  0x0000027cff101040 JavaThread "Swing-Shell" daemon [_thread_blocked, id=11244, stack(0x000000b133900000,0x000000b133a00000)]
  0x0000027cea21b4c0 JavaThread "DestroyJavaVM" [_thread_blocked, id=7488, stack(0x000000b131e00000,0x000000b131f00000)]
  0x0000027cff77d8a0 JavaThread "Abandoned connection cleanup thread" daemon [_thread_blocked, id=7764, stack(0x000000b134200000,0x000000b134300000)]
  0x0000027cffc00110 JavaThread "TimerQueue" daemon [_thread_blocked, id=756, stack(0x000000b133300000,0x000000b133400000)]
  0x0000027cffc00ab0 JavaThread "QuantumRenderer-0" daemon [_thread_blocked, id=3828, stack(0x000000b134500000,0x000000b134600000)]
  0x0000027cffc00f80 JavaThread "InvokeLaterDispatcher" daemon [_thread_blocked, id=6912, stack(0x000000b134600000,0x000000b134700000)]
=>0x0000027cffc01450 JavaThread "JavaFX Application Thread" [_thread_in_vm, id=11896, stack(0x000000b134700000,0x000000b134800000)]
  0x0000027cffbffc40 JavaThread "Thread-2" daemon [_thread_in_native, id=2708, stack(0x000000b133700000,0x000000b133800000)]
  0x0000027c95d493d0 JavaThread "Prism Font Disposer" daemon [_thread_blocked, id=3780, stack(0x000000b134b00000,0x000000b134c00000)]
  0x0000027c95d4b0b0 JavaThread "Disposer" daemon [_thread_blocked, id=5420, stack(0x000000b134d00000,0x000000b134e00000)]

Other Threads:
  0x0000027cfd9c7ff0 VMThread "VM Thread" [stack: 0x000000b132400000,0x000000b132500000] [id=6100]
  0x0000027cfe617fc0 WatcherThread [stack: 0x000000b132e00000,0x000000b132f00000] [id=9080]
  0x0000027cea25f900 GCTaskThread "GC Thread#0" [stack: 0x000000b131f00000,0x000000b132000000] [id=8136]
  0x0000027cfe613fc0 GCTaskThread "GC Thread#1" [stack: 0x000000b133000000,0x000000b133100000] [id=10856]
  0x0000027cfe857220 GCTaskThread "GC Thread#2" [stack: 0x000000b133100000,0x000000b133200000] [id=4704]
  0x0000027cfe857ee0 GCTaskThread "GC Thread#3" [stack: 0x000000b133200000,0x000000b133300000] [id=10748]
  0x0000027cea26da60 ConcurrentGCThread "G1 Main Marker" [stack: 0x000000b132000000,0x000000b132100000] [id=10644]
  0x0000027cea26f660 ConcurrentGCThread "G1 Conc#0" [stack: 0x000000b132100000,0x000000b132200000] [id=4248]
  0x0000027cea2cdb20 ConcurrentGCThread "G1 Refine#0" [stack: 0x000000b132200000,0x000000b132300000] [id=7956]
  0x0000027c90548310 ConcurrentGCThread "G1 Refine#1" [stack: 0x000000b134300000,0x000000b134400000] [id=7880]
  0x0000027cea2ce720 ConcurrentGCThread "G1 Young RemSet Sampling" [stack: 0x000000b132300000,0x000000b132400000] [id=11544]

Threads with active compile tasks:

VM state: not at safepoint (normal execution)

VM Mutex/Monitor currently owned by a thread: None

Heap address: 0x0000000741800000, size: 3048 MB, Compressed Oops mode: Zero based, Oop shift amount: 3
CDS archive(s) mapped at: [0x0000000800000000-0x0000000800b50000-0x0000000800b50000), size 11862016, SharedBaseAddress: 0x0000000800000000, ArchiveRelocationMode: 0.
Compressed class space mapped at: 0x0000000800b50000-0x0000000840b50000, size: 1073741824
Narrow klass base: 0x0000000800000000, Narrow klass shift: 3, Narrow klass range: 0x100000000

GC Precious Log:
 CPUs: 4 total, 4 available
 Memory: 12188M
 Large Page Support: Disabled
 NUMA Support: Disabled
 Compressed Oops: Enabled (Zero based)
 Heap Region Size: 2M
 Heap Min Capacity: 8M
 Heap Initial Capacity: 192M
 Heap Max Capacity: 3048M
 Pre-touch: Disabled
 Parallel Workers: 4
 Concurrent Workers: 1
 Concurrent Refinement Workers: 4
 Periodic GC: Disabled

Heap:
 garbage-first heap   total 274432K, used 146903K [0x0000000741800000, 0x0000000800000000)
  region size 2048K, 4 young (8192K), 3 survivors (6144K)
 Metaspace       used 54398K, capacity 54842K, committed 55472K, reserved 1097728K
  class space    used 7164K, capacity 7304K, committed 7424K, reserved 1048576K

Heap Regions: E=young(eden), S=young(survivor), O=old, HS=humongous(starts), HC=humongous(continues), CS=collection set, F=free, OA=open archive, CA=closed archive, TAMS=top-at-mark-start (previous, next)
|   0|0x0000000741800000, 0x0000000741a00000, 0x0000000741a00000|100%| O|  |TAMS 0x0000000741a00000, 0x0000000741a00000| Untracked 
|   1|0x0000000741a00000, 0x0000000741c00000, 0x0000000741c00000|100%| O|  |TAMS 0x0000000741c00000, 0x0000000741c00000| Untracked 
|   2|0x0000000741c00000, 0x0000000741e00000, 0x0000000741e00000|100%| O|  |TAMS 0x0000000741e00000, 0x0000000741e00000| Untracked 
|   3|0x0000000741e00000, 0x0000000742000000, 0x0000000742000000|100%| O|  |TAMS 0x0000000742000000, 0x0000000742000000| Untracked 
|   4|0x0000000742000000, 0x0000000742200000, 0x0000000742200000|100%| O|  |TAMS 0x0000000742200000, 0x0000000742200000| Untracked 
|   5|0x0000000742200000, 0x0000000742400000, 0x0000000742400000|100%| O|  |TAMS 0x0000000742400000, 0x0000000742400000| Untracked 
|   6|0x0000000742400000, 0x0000000742600000, 0x0000000742600000|100%| O|  |TAMS 0x0000000742600000, 0x0000000742600000| Untracked 
|   7|0x0000000742600000, 0x0000000742800000, 0x0000000742800000|100%| O|  |TAMS 0x0000000742800000, 0x0000000742800000| Untracked 
|   8|0x0000000742800000, 0x0000000742a00000, 0x0000000742a00000|100%| O|  |TAMS 0x0000000742a00000, 0x0000000742a00000| Untracked 
|   9|0x0000000742a00000, 0x0000000742c00000, 0x0000000742c00000|100%| O|  |TAMS 0x0000000742c00000, 0x0000000742c00000| Untracked 
|  10|0x0000000742c00000, 0x0000000742e00000, 0x0000000742e00000|100%| O|  |TAMS 0x0000000742e00000, 0x0000000742e00000| Untracked 
|  11|0x0000000742e00000, 0x0000000743000000, 0x0000000743000000|100%| O|  |TAMS 0x0000000743000000, 0x0000000743000000| Untracked 
|  12|0x0000000743000000, 0x0000000743200000, 0x0000000743200000|100%| O|  |TAMS 0x0000000743200000, 0x0000000743200000| Untracked 
|  13|0x0000000743200000, 0x0000000743400000, 0x0000000743400000|100%| O|  |TAMS 0x0000000743400000, 0x0000000743400000| Untracked 
|  14|0x0000000743400000, 0x0000000743600000, 0x0000000743600000|100%| O|  |TAMS 0x0000000743600000, 0x0000000743600000| Untracked 
|  15|0x0000000743600000, 0x0000000743800000, 0x0000000743800000|100%| O|  |TAMS 0x0000000743800000, 0x0000000743800000| Untracked 
|  16|0x0000000743800000, 0x0000000743a00000, 0x0000000743a00000|100%| O|  |TAMS 0x0000000743a00000, 0x0000000743a00000| Untracked 
|  17|0x0000000743a00000, 0x0000000743c00000, 0x0000000743c00000|100%| O|  |TAMS 0x0000000743c00000, 0x0000000743c00000| Untracked 
|  18|0x0000000743c00000, 0x0000000743e00000, 0x0000000743e00000|100%| O|  |TAMS 0x0000000743e00000, 0x0000000743e00000| Untracked 
|  19|0x0000000743e00000, 0x0000000744000000, 0x0000000744000000|100%| O|  |TAMS 0x0000000744000000, 0x0000000744000000| Untracked 
|  20|0x0000000744000000, 0x0000000744200000, 0x0000000744200000|100%| O|  |TAMS 0x0000000744200000, 0x0000000744200000| Untracked 
|  21|0x0000000744200000, 0x0000000744400000, 0x0000000744400000|100%| O|  |TAMS 0x0000000744400000, 0x0000000744400000| Untracked 
|  22|0x0000000744400000, 0x0000000744600000, 0x0000000744600000|100%| O|  |TAMS 0x0000000744600000, 0x0000000744600000| Untracked 
|  23|0x0000000744600000, 0x0000000744800000, 0x0000000744800000|100%| O|  |TAMS 0x0000000744800000, 0x0000000744800000| Untracked 
|  24|0x0000000744800000, 0x0000000744a00000, 0x0000000744a00000|100%| O|  |TAMS 0x0000000744a00000, 0x0000000744a00000| Untracked 
|  25|0x0000000744a00000, 0x0000000744c00000, 0x0000000744c00000|100%| O|  |TAMS 0x0000000744c00000, 0x0000000744c00000| Untracked 
|  26|0x0000000744c00000, 0x0000000744e00000, 0x0000000744e00000|100%| O|  |TAMS 0x0000000744e00000, 0x0000000744e00000| Untracked 
|  27|0x0000000744e00000, 0x0000000745000000, 0x0000000745000000|100%| O|  |TAMS 0x0000000745000000, 0x0000000745000000| Untracked 
|  28|0x0000000745000000, 0x0000000745200000, 0x0000000745200000|100%| O|  |TAMS 0x0000000745200000, 0x0000000745200000| Untracked 
|  29|0x0000000745200000, 0x0000000745400000, 0x0000000745400000|100%| O|  |TAMS 0x0000000745400000, 0x0000000745400000| Untracked 
|  30|0x0000000745400000, 0x0000000745600000, 0x0000000745600000|100%| O|  |TAMS 0x0000000745600000, 0x0000000745600000| Untracked 
|  31|0x0000000745600000, 0x000000074561f800, 0x0000000745800000|  6%| O|  |TAMS 0x000000074561f800, 0x000000074561f800| Untracked 
|  32|0x0000000745800000, 0x0000000745a00000, 0x0000000745a00000|100%| O|  |TAMS 0x0000000745a00000, 0x0000000745a00000| Untracked 
|  33|0x0000000745a00000, 0x0000000745c00000, 0x0000000745c00000|100%|HS|  |TAMS 0x0000000745a00000, 0x0000000745a00000| Complete 
|  34|0x0000000745c00000, 0x0000000745e00000, 0x0000000745e00000|100%|HC|  |TAMS 0x0000000745c00000, 0x0000000745c00000| Complete 
|  35|0x0000000745e00000, 0x0000000746000000, 0x0000000746000000|100%|HS|  |TAMS 0x0000000746000000, 0x0000000746000000| Complete 
|  36|0x0000000746000000, 0x0000000746200000, 0x0000000746200000|100%|HC|  |TAMS 0x0000000746200000, 0x0000000746200000| Complete 
|  37|0x0000000746200000, 0x0000000746400000, 0x0000000746400000|100%| O|  |TAMS 0x0000000746400000, 0x0000000746400000| Untracked 
|  38|0x0000000746400000, 0x0000000746600000, 0x0000000746600000|100%| O|  |TAMS 0x0000000746600000, 0x0000000746600000| Untracked 
|  39|0x0000000746600000, 0x0000000746800000, 0x0000000746800000|100%| O|  |TAMS 0x0000000746800000, 0x0000000746800000| Untracked 
|  40|0x0000000746800000, 0x0000000746a00000, 0x0000000746a00000|100%| O|  |TAMS 0x0000000746a00000, 0x0000000746a00000| Untracked 
|  41|0x0000000746a00000, 0x0000000746c00000, 0x0000000746c00000|100%| O|  |TAMS 0x0000000746c00000, 0x0000000746c00000| Untracked 
|  42|0x0000000746c00000, 0x0000000746e00000, 0x0000000746e00000|100%| O|  |TAMS 0x0000000746e00000, 0x0000000746e00000| Untracked 
|  43|0x0000000746e00000, 0x0000000747000000, 0x0000000747000000|100%| O|  |TAMS 0x0000000747000000, 0x0000000747000000| Untracked 
|  44|0x0000000747000000, 0x0000000747200000, 0x0000000747200000|100%| O|  |TAMS 0x0000000747200000, 0x0000000747200000| Untracked 
|  45|0x0000000747200000, 0x0000000747400000, 0x0000000747400000|100%|HS|  |TAMS 0x0000000747400000, 0x0000000747400000| Complete 
|  46|0x0000000747400000, 0x0000000747600000, 0x0000000747600000|100%|HC|  |TAMS 0x0000000747600000, 0x0000000747600000| Complete 
|  47|0x0000000747600000, 0x0000000747800000, 0x0000000747800000|100%|HC|  |TAMS 0x0000000747800000, 0x0000000747800000| Complete 
|  48|0x0000000747800000, 0x0000000747a00000, 0x0000000747a00000|100%|HC|  |TAMS 0x0000000747a00000, 0x0000000747a00000| Complete 
|  49|0x0000000747a00000, 0x0000000747c00000, 0x0000000747c00000|100%|HC|  |TAMS 0x0000000747c00000, 0x0000000747c00000| Complete 
|  50|0x0000000747c00000, 0x0000000747e00000, 0x0000000747e00000|100%|HC|  |TAMS 0x0000000747e00000, 0x0000000747e00000| Complete 
|  51|0x0000000747e00000, 0x0000000748000000, 0x0000000748000000|100%|HC|  |TAMS 0x0000000748000000, 0x0000000748000000| Complete 
|  52|0x0000000748000000, 0x0000000748200000, 0x0000000748200000|100%|HC|  |TAMS 0x0000000748200000, 0x0000000748200000| Complete 
|  53|0x0000000748200000, 0x0000000748400000, 0x0000000748400000|100%|HC|  |TAMS 0x0000000748400000, 0x0000000748400000| Complete 
|  54|0x0000000748400000, 0x0000000748600000, 0x0000000748600000|100%|HC|  |TAMS 0x0000000748600000, 0x0000000748600000| Complete 
|  55|0x0000000748600000, 0x0000000748800000, 0x0000000748800000|100%|HC|  |TAMS 0x0000000748800000, 0x0000000748800000| Complete 
|  56|0x0000000748800000, 0x0000000748a00000, 0x0000000748a00000|100%|HC|  |TAMS 0x0000000748a00000, 0x0000000748a00000| Complete 
|  57|0x0000000748a00000, 0x0000000748c00000, 0x0000000748c00000|100%|HC|  |TAMS 0x0000000748c00000, 0x0000000748c00000| Complete 
|  58|0x0000000748c00000, 0x0000000748e00000, 0x0000000748e00000|100%|HC|  |TAMS 0x0000000748e00000, 0x0000000748e00000| Complete 
|  59|0x0000000748e00000, 0x0000000749000000, 0x0000000749000000|100%|HC|  |TAMS 0x0000000749000000, 0x0000000749000000| Complete 
|  60|0x0000000749000000, 0x0000000749200000, 0x0000000749200000|100%|HC|  |TAMS 0x0000000749200000, 0x0000000749200000| Complete 
|  61|0x0000000749200000, 0x0000000749400000, 0x0000000749400000|100%|HC|  |TAMS 0x0000000749400000, 0x0000000749400000| Complete 
|  62|0x0000000749400000, 0x0000000749600000, 0x0000000749600000|100%|HC|  |TAMS 0x0000000749600000, 0x0000000749600000| Complete 
|  63|0x0000000749600000, 0x0000000749800000, 0x0000000749800000|100%|HC|  |TAMS 0x0000000749800000, 0x0000000749800000| Complete 
|  64|0x0000000749800000, 0x0000000749a00000, 0x0000000749a00000|100%|HC|  |TAMS 0x0000000749a00000, 0x0000000749a00000| Complete 
|  65|0x0000000749a00000, 0x0000000749c00000, 0x0000000749c00000|100%|HC|  |TAMS 0x0000000749c00000, 0x0000000749c00000| Complete 
|  66|0x0000000749c00000, 0x0000000749e00000, 0x0000000749e00000|100%| O|  |TAMS 0x0000000749e00000, 0x0000000749e00000| Untracked 
|  67|0x0000000749e00000, 0x000000074a000000, 0x000000074a000000|100%| O|  |TAMS 0x000000074a000000, 0x000000074a000000| Untracked 
|  68|0x000000074a000000, 0x000000074a200000, 0x000000074a200000|100%| O|  |TAMS 0x000000074a200000, 0x000000074a200000| Untracked 
|  69|0x000000074a200000, 0x000000074a400000, 0x000000074a400000|100%| O|  |TAMS 0x000000074a400000, 0x000000074a400000| Untracked 
|  70|0x000000074a400000, 0x000000074a400000, 0x000000074a600000|  0%| F|  |TAMS 0x000000074a400000, 0x000000074a400000| Untracked 
|  71|0x000000074a600000, 0x000000074a600000, 0x000000074a800000|  0%| F|  |TAMS 0x000000074a600000, 0x000000074a600000| Untracked 
|  72|0x000000074a800000, 0x000000074a800000, 0x000000074aa00000|  0%| F|  |TAMS 0x000000074a800000, 0x000000074a800000| Untracked 
|  73|0x000000074aa00000, 0x000000074aa00000, 0x000000074ac00000|  0%| F|  |TAMS 0x000000074aa00000, 0x000000074aa00000| Untracked 
|  74|0x000000074ac00000, 0x000000074ac00000, 0x000000074ae00000|  0%| F|  |TAMS 0x000000074ac00000, 0x000000074ac00000| Untracked 
|  75|0x000000074ae00000, 0x000000074ae00000, 0x000000074b000000|  0%| F|  |TAMS 0x000000074ae00000, 0x000000074ae00000| Untracked 
|  76|0x000000074b000000, 0x000000074b000000, 0x000000074b200000|  0%| F|  |TAMS 0x000000074b000000, 0x000000074b000000| Untracked 
|  77|0x000000074b200000, 0x000000074b200000, 0x000000074b400000|  0%| F|  |TAMS 0x000000074b200000, 0x000000074b200000| Untracked 
|  78|0x000000074b400000, 0x000000074b400000, 0x000000074b600000|  0%| F|  |TAMS 0x000000074b400000, 0x000000074b400000| Untracked 
|  79|0x000000074b600000, 0x000000074b600000, 0x000000074b800000|  0%| F|  |TAMS 0x000000074b600000, 0x000000074b600000| Untracked 
|  80|0x000000074b800000, 0x000000074b800000, 0x000000074ba00000|  0%| F|  |TAMS 0x000000074b800000, 0x000000074b800000| Untracked 
|  81|0x000000074ba00000, 0x000000074ba00000, 0x000000074bc00000|  0%| F|  |TAMS 0x000000074ba00000, 0x000000074ba00000| Untracked 
|  82|0x000000074bc00000, 0x000000074bc00000, 0x000000074be00000|  0%| F|  |TAMS 0x000000074bc00000, 0x000000074bc00000| Untracked 
|  83|0x000000074be00000, 0x000000074be00000, 0x000000074c000000|  0%| F|  |TAMS 0x000000074be00000, 0x000000074be00000| Untracked 
|  84|0x000000074c000000, 0x000000074c000000, 0x000000074c200000|  0%| F|  |TAMS 0x000000074c000000, 0x000000074c000000| Untracked 
|  85|0x000000074c200000, 0x000000074c200000, 0x000000074c400000|  0%| F|  |TAMS 0x000000074c200000, 0x000000074c200000| Untracked 
|  86|0x000000074c400000, 0x000000074c400000, 0x000000074c600000|  0%| F|  |TAMS 0x000000074c400000, 0x000000074c400000| Untracked 
|  87|0x000000074c600000, 0x000000074c600000, 0x000000074c800000|  0%| F|  |TAMS 0x000000074c600000, 0x000000074c600000| Untracked 
|  88|0x000000074c800000, 0x000000074c800000, 0x000000074ca00000|  0%| F|  |TAMS 0x000000074c800000, 0x000000074c800000| Untracked 
|  89|0x000000074ca00000, 0x000000074ca00000, 0x000000074cc00000|  0%| F|  |TAMS 0x000000074ca00000, 0x000000074ca00000| Untracked 
|  90|0x000000074cc00000, 0x000000074cc00000, 0x000000074ce00000|  0%| F|  |TAMS 0x000000074cc00000, 0x000000074cc00000| Untracked 
|  91|0x000000074ce00000, 0x000000074ce00000, 0x000000074d000000|  0%| F|  |TAMS 0x000000074ce00000, 0x000000074ce00000| Untracked 
|  92|0x000000074d000000, 0x000000074d000000, 0x000000074d200000|  0%| F|  |TAMS 0x000000074d000000, 0x000000074d000000| Untracked 
|  93|0x000000074d200000, 0x000000074d200000, 0x000000074d400000|  0%| F|  |TAMS 0x000000074d200000, 0x000000074d200000| Untracked 
|  94|0x000000074d400000, 0x000000074d400000, 0x000000074d600000|  0%| F|  |TAMS 0x000000074d400000, 0x000000074d400000| Untracked 
|  95|0x000000074d600000, 0x000000074d600000, 0x000000074d800000|  0%| F|  |TAMS 0x000000074d600000, 0x000000074d600000| Untracked 
|  96|0x000000074d800000, 0x000000074d800000, 0x000000074da00000|  0%| F|  |TAMS 0x000000074d800000, 0x000000074d800000| Untracked 
|  97|0x000000074da00000, 0x000000074da00000, 0x000000074dc00000|  0%| F|  |TAMS 0x000000074da00000, 0x000000074da00000| Untracked 
|  98|0x000000074dc00000, 0x000000074dc00000, 0x000000074de00000|  0%| F|  |TAMS 0x000000074dc00000, 0x000000074dc00000| Untracked 
|  99|0x000000074de00000, 0x000000074de00000, 0x000000074e000000|  0%| F|  |TAMS 0x000000074de00000, 0x000000074de00000| Untracked 
| 100|0x000000074e000000, 0x000000074e000000, 0x000000074e200000|  0%| F|  |TAMS 0x000000074e000000, 0x000000074e000000| Untracked 
| 101|0x000000074e200000, 0x000000074e200000, 0x000000074e400000|  0%| F|  |TAMS 0x000000074e200000, 0x000000074e200000| Untracked 
| 102|0x000000074e400000, 0x000000074e400000, 0x000000074e600000|  0%| F|  |TAMS 0x000000074e400000, 0x000000074e400000| Untracked 
| 103|0x000000074e600000, 0x000000074e600000, 0x000000074e800000|  0%| F|  |TAMS 0x000000074e600000, 0x000000074e600000| Untracked 
| 104|0x000000074e800000, 0x000000074e800000, 0x000000074ea00000|  0%| F|  |TAMS 0x000000074e800000, 0x000000074e800000| Untracked 
| 105|0x000000074ea00000, 0x000000074ea00000, 0x000000074ec00000|  0%| F|  |TAMS 0x000000074ea00000, 0x000000074ea00000| Untracked 
| 106|0x000000074ec00000, 0x000000074ec00000, 0x000000074ee00000|  0%| F|  |TAMS 0x000000074ec00000, 0x000000074ec00000| Untracked 
| 107|0x000000074ee00000, 0x000000074ee00000, 0x000000074f000000|  0%| F|  |TAMS 0x000000074ee00000, 0x000000074ee00000| Untracked 
| 108|0x000000074f000000, 0x000000074f000000, 0x000000074f200000|  0%| F|  |TAMS 0x000000074f000000, 0x000000074f000000| Untracked 
| 109|0x000000074f200000, 0x000000074f200000, 0x000000074f400000|  0%| F|  |TAMS 0x000000074f200000, 0x000000074f200000| Untracked 
| 110|0x000000074f400000, 0x000000074f400000, 0x000000074f600000|  0%| F|  |TAMS 0x000000074f400000, 0x000000074f400000| Untracked 
| 111|0x000000074f600000, 0x000000074f600000, 0x000000074f800000|  0%| F|  |TAMS 0x000000074f600000, 0x000000074f600000| Untracked 
| 112|0x000000074f800000, 0x000000074f800000, 0x000000074fa00000|  0%| F|  |TAMS 0x000000074f800000, 0x000000074f800000| Untracked 
| 113|0x000000074fa00000, 0x000000074fa00000, 0x000000074fc00000|  0%| F|  |TAMS 0x000000074fa00000, 0x000000074fa00000| Untracked 
| 114|0x000000074fc00000, 0x000000074fc00000, 0x000000074fe00000|  0%| F|  |TAMS 0x000000074fc00000, 0x000000074fc00000| Untracked 
| 115|0x000000074fe00000, 0x000000074fe00000, 0x0000000750000000|  0%| F|  |TAMS 0x000000074fe00000, 0x000000074fe00000| Untracked 
| 116|0x0000000750000000, 0x0000000750000000, 0x0000000750200000|  0%| F|  |TAMS 0x0000000750000000, 0x0000000750000000| Untracked 
| 117|0x0000000750200000, 0x0000000750200000, 0x0000000750400000|  0%| F|  |TAMS 0x0000000750200000, 0x0000000750200000| Untracked 
| 118|0x0000000750400000, 0x0000000750400000, 0x0000000750600000|  0%| F|  |TAMS 0x0000000750400000, 0x0000000750400000| Untracked 
| 119|0x0000000750600000, 0x0000000750600000, 0x0000000750800000|  0%| F|  |TAMS 0x0000000750600000, 0x0000000750600000| Untracked 
| 120|0x0000000750800000, 0x0000000750800000, 0x0000000750a00000|  0%| F|  |TAMS 0x0000000750800000, 0x0000000750800000| Untracked 
| 121|0x0000000750a00000, 0x0000000750a00000, 0x0000000750c00000|  0%| F|  |TAMS 0x0000000750a00000, 0x0000000750a00000| Untracked 
| 122|0x0000000750c00000, 0x0000000750c00000, 0x0000000750e00000|  0%| F|  |TAMS 0x0000000750c00000, 0x0000000750c00000| Untracked 
| 123|0x0000000750e00000, 0x0000000750f56540, 0x0000000751000000| 66%| S|CS|TAMS 0x0000000750e00000, 0x0000000750e00000| Complete 
| 124|0x0000000751000000, 0x0000000751200000, 0x0000000751200000|100%| S|CS|TAMS 0x0000000751000000, 0x0000000751000000| Complete 
| 125|0x0000000751200000, 0x0000000751400000, 0x0000000751400000|100%| S|CS|TAMS 0x0000000751200000, 0x0000000751200000| Complete 
| 126|0x0000000751400000, 0x0000000751400000, 0x0000000751600000|  0%| F|  |TAMS 0x0000000751400000, 0x0000000751400000| Untracked 
| 127|0x0000000751600000, 0x0000000751600000, 0x0000000751800000|  0%| F|  |TAMS 0x0000000751600000, 0x0000000751600000| Untracked 
| 128|0x0000000751800000, 0x0000000751800000, 0x0000000751a00000|  0%| F|  |TAMS 0x0000000751800000, 0x0000000751800000| Untracked 
| 129|0x0000000751a00000, 0x0000000751a00000, 0x0000000751c00000|  0%| F|  |TAMS 0x0000000751a00000, 0x0000000751a00000| Untracked 
| 130|0x0000000751c00000, 0x0000000751c00000, 0x0000000751e00000|  0%| F|  |TAMS 0x0000000751c00000, 0x0000000751c00000| Untracked 
| 131|0x0000000751e00000, 0x0000000751e00000, 0x0000000752000000|  0%| F|  |TAMS 0x0000000751e00000, 0x0000000751e00000| Untracked 
| 132|0x0000000752000000, 0x0000000752000000, 0x0000000752200000|  0%| F|  |TAMS 0x0000000752000000, 0x0000000752000000| Untracked 
| 133|0x0000000752200000, 0x0000000752391dd8, 0x0000000752400000| 78%| E|  |TAMS 0x0000000752200000, 0x0000000752200000| Complete 

Card table byte_map: [0x0000027cf4840000,0x0000027cf4e40000] _byte_map_base: 0x0000027cf0e34000

Marking Bits (Prev, Next): (CMBitMap*) 0x0000027cea261180, (CMBitMap*) 0x0000027cea2611c0
 Prev Bits: [0x0000027cf5440000, 0x0000027cf83e0000)
 Next Bits: [0x0000027cf83e0000, 0x0000027cfb380000)

Polling page: 0x0000027cea2d0000

Metaspace:

Usage:
  Non-class:     46.42 MB capacity,    46.13 MB (>99%) used,   245.04 KB ( <1%) free+waste,    58.50 KB ( <1%) overhead. 
      Class:      7.13 MB capacity,     7.00 MB ( 98%) used,   118.70 KB (  2%) free+waste,    21.06 KB ( <1%) overhead. 
       Both:     53.56 MB capacity,    53.12 MB (>99%) used,   363.74 KB ( <1%) free+waste,    79.56 KB ( <1%) overhead. 

Virtual space:
  Non-class space:       48.00 MB reserved,      46.92 MB ( 98%) committed 
      Class space:        1.00 GB reserved,       7.25 MB ( <1%) committed 
             Both:        1.05 GB reserved,      54.17 MB (  5%) committed 

Chunk freelists:
   Non-Class:  318.00 KB
       Class:  56.00 KB
        Both:  374.00 KB

MaxMetaspaceSize: 17179869184.00 GB
CompressedClassSpaceSize: 1.00 GB

CodeHeap 'non-profiled nmethods': size=120000Kb used=8810Kb max_used=8933Kb free=111189Kb
 bounds [0x0000027c87ad0000, 0x0000027c88390000, 0x0000027c8f000000]
CodeHeap 'profiled nmethods': size=120000Kb used=14610Kb max_used=15606Kb free=105389Kb
 bounds [0x0000027c805a0000, 0x0000027c814f0000, 0x0000027c87ad0000]
CodeHeap 'non-nmethods': size=5760Kb used=1641Kb max_used=1710Kb free=4118Kb
 bounds [0x0000027c80000000, 0x0000027c80270000, 0x0000027c805a0000]
 total_blobs=8810 nmethods=7794 adapters=925
 compilation: enabled
              stopped_count=0, restarted_count=0
 full_count=0

Compilation events (20 events):
Event: 64804.642 Thread 0x0000027cfd9eba90 10374       1       com.sun.javafx.css.CalculatedValue::getValue (5 bytes)
Event: 64804.642 Thread 0x0000027cfd9eba90 nmethod 10374 0x0000027c880fe890 code [0x0000027c880fea20, 0x0000027c880fead8]
Event: 64804.642 Thread 0x0000027cfd9eba90 10375       1       javafx.scene.text.Font::getSize (5 bytes)
Event: 64804.642 Thread 0x0000027cfd9eba90 nmethod 10375 0x0000027c880fe590 code [0x0000027c880fe720, 0x0000027c880fe7d8]
Event: 64804.642 Thread 0x0000027cfd9eba90 10381       1       javafx.scene.paint.Stop::getColor (5 bytes)
Event: 64804.642 Thread 0x0000027cfd9eba90 nmethod 10381 0x0000027c880fe290 code [0x0000027c880fe420, 0x0000027c880fe4d8]
Event: 64804.656 Thread 0x0000027cfd9eba90 10387       3       jdk.internal.org.objectweb.asm.MethodWriter::visitFrameEnd (53 bytes)
Event: 64804.656 Thread 0x0000027cfd9eba90 nmethod 10387 0x0000027c81258e90 code [0x0000027c81259060, 0x0000027c81259568]
Event: 64804.657 Thread 0x0000027cfd9eba90 10388       3       java.lang.invoke.InvokerBytecodeGenerator::assertStaticType (58 bytes)
Event: 64804.657 Thread 0x0000027cfd9eba90 nmethod 10388 0x0000027c80e6cf10 code [0x0000027c80e6d0e0, 0x0000027c80e6d5f8]
Event: 64804.663 Thread 0x0000027cfd9eba90 10395       3       java.lang.invoke.LambdaForm::<init> (115 bytes)
Event: 64804.663 Thread 0x0000027cfd9eba90 nmethod 10395 0x0000027c805da790 code [0x0000027c805da9a0, 0x0000027c805db068]
Event: 64804.663 Thread 0x0000027cfd9eba90 10396       3       java.lang.invoke.LambdaForm::fixResult (31 bytes)
Event: 64804.664 Thread 0x0000027cfd9eba90 nmethod 10396 0x0000027c813e6d10 code [0x0000027c813e6ec0, 0x0000027c813e7098]
Event: 64804.670 Thread 0x0000027cfd9eba90 10398       3       java.lang.invoke.MethodTypeForm::<init> (322 bytes)
Event: 64804.672 Thread 0x0000027cfd9eba90 nmethod 10398 0x0000027c80afca10 code [0x0000027c80afcd00, 0x0000027c80afe4a8]
Event: 64804.675 Thread 0x0000027cfd9eba90 10402       3       java.awt.Container::preProcessKeyEvent (15 bytes)
Event: 64804.675 Thread 0x0000027cfd9eba90 nmethod 10402 0x0000027c809dce10 code [0x0000027c809dcfc0, 0x0000027c809dd1c8]
Event: 64804.676 Thread 0x0000027cfd9eba90 10405       3       java.lang.invoke.InvokerBytecodeGenerator::lookupPregenerated (297 bytes)
Event: 64804.677 Thread 0x0000027cfd9eba90 nmethod 10405 0x0000027c808f9a90 code [0x0000027c808f9e20, 0x0000027c808fb468]

GC Heap History (20 events):
Event: 61839.912 GC heap before
{Heap before GC invocations=238 (full 0):
 garbage-first heap   total 233472K, used 196143K [0x0000000741800000, 0x0000000800000000)
  region size 2048K, 36 young (73728K), 5 survivors (10240K)
 Metaspace       used 53398K, capacity 53735K, committed 54320K, reserved 1095680K
  class space    used 7024K, capacity 7153K, committed 7296K, reserved 1048576K
}
Event: 61839.927 GC heap after
{Heap after GC invocations=239 (full 0):
 garbage-first heap   total 233472K, used 137665K [0x0000000741800000, 0x0000000800000000)
  region size 2048K, 3 young (6144K), 3 survivors (6144K)
 Metaspace       used 53398K, capacity 53735K, committed 54320K, reserved 1095680K
  class space    used 7024K, capacity 7153K, committed 7296K, reserved 1048576K
}
Event: 61840.242 GC heap before
{Heap before GC invocations=240 (full 0):
 garbage-first heap   total 274432K, used 197057K [0x0000000741800000, 0x0000000800000000)
  region size 2048K, 32 young (65536K), 3 survivors (6144K)
 Metaspace       used 53401K, capacity 53735K, committed 54320K, reserved 1095680K
  class space    used 7024K, capacity 7153K, committed 7296K, reserved 1048576K
}
Event: 61840.252 GC heap after
{Heap after GC invocations=241 (full 0):
 garbage-first heap   total 274432K, used 140310K [0x0000000741800000, 0x0000000800000000)
  region size 2048K, 2 young (4096K), 2 survivors (4096K)
 Metaspace       used 53401K, capacity 53735K, committed 54320K, reserved 1095680K
  class space    used 7024K, capacity 7153K, committed 7296K, reserved 1048576K
}
Event: 61932.043 GC heap before
{Heap before GC invocations=241 (full 0):
 garbage-first heap   total 274432K, used 230422K [0x0000000741800000, 0x0000000800000000)
  region size 2048K, 46 young (94208K), 2 survivors (4096K)
 Metaspace       used 54111K, capacity 54414K, committed 54960K, reserved 1097728K
  class space    used 7137K, capacity 7250K, committed 7424K, reserved 1048576K
}
Event: 61932.056 GC heap after
{Heap after GC invocations=242 (full 0):
 garbage-first heap   total 274432K, used 144885K [0x0000000741800000, 0x0000000800000000)
  region size 2048K, 4 young (8192K), 4 survivors (8192K)
 Metaspace       used 54111K, capacity 54414K, committed 54960K, reserved 1097728K
  class space    used 7137K, capacity 7250K, committed 7424K, reserved 1048576K
}
Event: 62379.181 GC heap before
{Heap before GC invocations=243 (full 0):
 garbage-first heap   total 274432K, used 228853K [0x0000000741800000, 0x0000000800000000)
  region size 2048K, 46 young (94208K), 4 survivors (8192K)
 Metaspace       used 54111K, capacity 54414K, committed 54960K, reserved 1097728K
  class space    used 7137K, capacity 7250K, committed 7424K, reserved 1048576K
}
Event: 62379.191 GC heap after
{Heap after GC invocations=244 (full 0):
 garbage-first heap   total 274432K, used 142628K [0x0000000741800000, 0x0000000800000000)
  region size 2048K, 3 young (6144K), 3 survivors (6144K)
 Metaspace       used 54111K, capacity 54414K, committed 54960K, reserved 1097728K
  class space    used 7137K, capacity 7250K, committed 7424K, reserved 1048576K
}
Event: 62844.327 GC heap before
{Heap before GC invocations=244 (full 0):
 garbage-first heap   total 274432K, used 230692K [0x0000000741800000, 0x0000000800000000)
  region size 2048K, 46 young (94208K), 3 survivors (6144K)
 Metaspace       used 54111K, capacity 54414K, committed 54960K, reserved 1097728K
  class space    used 7137K, capacity 7250K, committed 7424K, reserved 1048576K
}
Event: 62844.333 GC heap after
{Heap after GC invocations=245 (full 0):
 garbage-first heap   total 274432K, used 142657K [0x0000000741800000, 0x0000000800000000)
  region size 2048K, 3 young (6144K), 3 survivors (6144K)
 Metaspace       used 54111K, capacity 54414K, committed 54960K, reserved 1097728K
  class space    used 7137K, capacity 7250K, committed 7424K, reserved 1048576K
}
Event: 63320.757 GC heap before
{Heap before GC invocations=246 (full 0):
 garbage-first heap   total 274432K, used 232769K [0x0000000741800000, 0x0000000800000000)
  region size 2048K, 47 young (96256K), 3 survivors (6144K)
 Metaspace       used 54111K, capacity 54414K, committed 54960K, reserved 1097728K
  class space    used 7137K, capacity 7250K, committed 7424K, reserved 1048576K
}
Event: 63320.763 GC heap after
{Heap after GC invocations=247 (full 0):
 garbage-first heap   total 274432K, used 142590K [0x0000000741800000, 0x0000000800000000)
  region size 2048K, 3 young (6144K), 3 survivors (6144K)
 Metaspace       used 54111K, capacity 54414K, committed 54960K, reserved 1097728K
  class space    used 7137K, capacity 7250K, committed 7424K, reserved 1048576K
}
Event: 63808.054 GC heap before
{Heap before GC invocations=247 (full 0):
 garbage-first heap   total 274432K, used 234750K [0x0000000741800000, 0x0000000800000000)
  region size 2048K, 48 young (98304K), 3 survivors (6144K)
 Metaspace       used 54111K, capacity 54414K, committed 54960K, reserved 1097728K
  class space    used 7137K, capacity 7250K, committed 7424K, reserved 1048576K
}
Event: 63808.059 GC heap after
{Heap after GC invocations=248 (full 0):
 garbage-first heap   total 274432K, used 142801K [0x0000000741800000, 0x0000000800000000)
  region size 2048K, 3 young (6144K), 3 survivors (6144K)
 Metaspace       used 54111K, capacity 54414K, committed 54960K, reserved 1097728K
  class space    used 7137K, capacity 7250K, committed 7424K, reserved 1048576K
}
Event: 64304.918 GC heap before
{Heap before GC invocations=249 (full 0):
 garbage-first heap   total 274432K, used 237009K [0x0000000741800000, 0x0000000800000000)
  region size 2048K, 49 young (100352K), 3 survivors (6144K)
 Metaspace       used 54111K, capacity 54414K, committed 54960K, reserved 1097728K
  class space    used 7137K, capacity 7250K, committed 7424K, reserved 1048576K
}
Event: 64304.924 GC heap after
{Heap after GC invocations=250 (full 0):
 garbage-first heap   total 274432K, used 142796K [0x0000000741800000, 0x0000000800000000)
  region size 2048K, 3 young (6144K), 3 survivors (6144K)
 Metaspace       used 54111K, capacity 54414K, committed 54960K, reserved 1097728K
  class space    used 7137K, capacity 7250K, committed 7424K, reserved 1048576K
}
Event: 64785.397 GC heap before
{Heap before GC invocations=250 (full 0):
 garbage-first heap   total 274432K, used 237004K [0x0000000741800000, 0x0000000800000000)
  region size 2048K, 49 young (100352K), 3 survivors (6144K)
 Metaspace       used 54113K, capacity 54414K, committed 54960K, reserved 1097728K
  class space    used 7137K, capacity 7250K, committed 7424K, reserved 1048576K
}
Event: 64785.403 GC heap after
{Heap after GC invocations=251 (full 0):
 garbage-first heap   total 274432K, used 142792K [0x0000000741800000, 0x0000000800000000)
  region size 2048K, 3 young (6144K), 3 survivors (6144K)
 Metaspace       used 54113K, capacity 54414K, committed 54960K, reserved 1097728K
  class space    used 7137K, capacity 7250K, committed 7424K, reserved 1048576K
}
Event: 64804.644 GC heap before
{Heap before GC invocations=252 (full 0):
 garbage-first heap   total 274432K, used 157128K [0x0000000741800000, 0x0000000800000000)
  region size 2048K, 11 young (22528K), 3 survivors (6144K)
 Metaspace       used 54302K, capacity 54616K, committed 55216K, reserved 1097728K
  class space    used 7146K, capacity 7251K, committed 7424K, reserved 1048576K
}
Event: 64804.651 GC heap after
{Heap after GC invocations=253 (full 0):
 garbage-first heap   total 274432K, used 142807K [0x0000000741800000, 0x0000000800000000)
  region size 2048K, 3 young (6144K), 3 survivors (6144K)
 Metaspace       used 54302K, capacity 54616K, committed 55216K, reserved 1097728K
  class space    used 7146K, capacity 7251K, committed 7424K, reserved 1048576K
}

Deoptimization events (20 events):
Event: 64804.643 Thread 0x0000027cffc01450 Uncommon trap: trap_request=0xffffff45 fr.pc=0x0000027c87d2203c relative=0x00000000000031dc
Event: 64804.643 Thread 0x0000027cffc01450 Uncommon trap: reason=unstable_if action=reinterpret pc=0x0000027c87d2203c method=java.net.URLStreamHandler.parseURL(Ljava/net/URL;Ljava/lang/String;II)V @ 84 c2
Event: 64804.643 Thread 0x0000027cffc01450 DEOPT PACKING pc=0x0000027c87d2203c sp=0x000000b1347fe470
Event: 64804.643 Thread 0x0000027cffc01450 DEOPT UNPACKING pc=0x0000027c8004e42f sp=0x000000b1347fe420 mode 2
Event: 64804.643 Thread 0x0000027cffc01450 Uncommon trap: trap_request=0xffffff45 fr.pc=0x0000027c87c8190c relative=0x000000000000080c
Event: 64804.643 Thread 0x0000027cffc01450 Uncommon trap: reason=unstable_if action=reinterpret pc=0x0000027c87c8190c method=java.net.URL.set(Ljava/lang/String;Ljava/lang/String;ILjava/lang/String;Ljava/lang/String;Ljava/lang/String;Ljava/lang/String;Ljava/lang/String;)V @ 23 c2
Event: 64804.643 Thread 0x0000027cffc01450 DEOPT PACKING pc=0x0000027c87c8190c sp=0x000000b1347fe2e0
Event: 64804.643 Thread 0x0000027cffc01450 DEOPT UNPACKING pc=0x0000027c8004e42f sp=0x000000b1347fe260 mode 2
Event: 64804.643 Thread 0x0000027cff2c0700 Uncommon trap: trap_request=0xffffff45 fr.pc=0x0000027c8837e5cc relative=0x00000000000016cc
Event: 64804.643 Thread 0x0000027cff2c0700 Uncommon trap: reason=unstable_if action=reinterpret pc=0x0000027c8837e5cc method=java.awt.image.BufferedImage.<init>(III)V @ 10 c2
Event: 64804.643 Thread 0x0000027cff2c0700 DEOPT PACKING pc=0x0000027c8837e5cc sp=0x000000b1338fe8d0
Event: 64804.643 Thread 0x0000027cff2c0700 DEOPT UNPACKING pc=0x0000027c8004e42f sp=0x000000b1338fe918 mode 2
Event: 64804.654 Thread 0x0000027cff2c0700 Uncommon trap: trap_request=0xffffff45 fr.pc=0x0000027c8810cec8 relative=0x0000000000000108
Event: 64804.654 Thread 0x0000027cff2c0700 Uncommon trap: reason=unstable_if action=reinterpret pc=0x0000027c8810cec8 method=java.awt.Component.processComponentEvent(Ljava/awt/event/ComponentEvent;)V @ 6 c2
Event: 64804.654 Thread 0x0000027cff2c0700 DEOPT PACKING pc=0x0000027c8810cec8 sp=0x000000b1338feb30
Event: 64804.654 Thread 0x0000027cff2c0700 DEOPT UNPACKING pc=0x0000027c8004e42f sp=0x000000b1338feac0 mode 2
Event: 64804.663 Thread 0x0000027cff2c0700 Uncommon trap: trap_request=0xffffff45 fr.pc=0x0000027c87d0e7a0 relative=0x00000000000015c0
Event: 64804.663 Thread 0x0000027cff2c0700 Uncommon trap: reason=unstable_if action=reinterpret pc=0x0000027c87d0e7a0 method=sun.awt.image.BufImgSurfaceData.createData(Ljava/awt/image/BufferedImage;DD)Lsun/java2d/SurfaceData; @ 28 c2
Event: 64804.663 Thread 0x0000027cff2c0700 DEOPT PACKING pc=0x0000027c87d0e7a0 sp=0x000000b1338fcf00
Event: 64804.663 Thread 0x0000027cff2c0700 DEOPT UNPACKING pc=0x0000027c8004e42f sp=0x000000b1338fce88 mode 2

Classes unloaded (20 events):
Event: 3147.996 Thread 0x0000027cfd9c7ff0 Unloading class 0x0000000800bc2040 'java/lang/invoke/LambdaForm$MH+0x0000000800bc2040'
Event: 3147.996 Thread 0x0000027cfd9c7ff0 Unloading class 0x0000000800bc1c40 'java/lang/invoke/LambdaForm$MH+0x0000000800bc1c40'
Event: 3147.996 Thread 0x0000027cfd9c7ff0 Unloading class 0x0000000800bc1840 'java/lang/invoke/LambdaForm$MH+0x0000000800bc1840'
Event: 3147.996 Thread 0x0000027cfd9c7ff0 Unloading class 0x0000000800bc0440 'java/lang/invoke/LambdaForm$MH+0x0000000800bc0440'
Event: 3147.996 Thread 0x0000027cfd9c7ff0 Unloading class 0x0000000800bc0040 'java/lang/invoke/LambdaForm$MH+0x0000000800bc0040'
Event: 3147.996 Thread 0x0000027cfd9c7ff0 Unloading class 0x0000000800bb2840 'java/lang/invoke/LambdaForm$MH+0x0000000800bb2840'
Event: 3147.996 Thread 0x0000027cfd9c7ff0 Unloading class 0x0000000800bb3840 'java/lang/invoke/LambdaForm$MH+0x0000000800bb3840'
Event: 3147.996 Thread 0x0000027cfd9c7ff0 Unloading class 0x0000000800bb4440 'java/lang/invoke/LambdaForm$MH+0x0000000800bb4440'
Event: 3147.997 Thread 0x0000027cfd9c7ff0 Unloading class 0x0000000800bb4040 'java/lang/invoke/LambdaForm$MH+0x0000000800bb4040'
Event: 3147.997 Thread 0x0000027cfd9c7ff0 Unloading class 0x0000000800bb4c40 'java/lang/invoke/LambdaForm$MH+0x0000000800bb4c40'
Event: 3147.997 Thread 0x0000027cfd9c7ff0 Unloading class 0x0000000800bb4840 'java/lang/invoke/LambdaForm$MH+0x0000000800bb4840'
Event: 3147.997 Thread 0x0000027cfd9c7ff0 Unloading class 0x0000000800bb5440 'java/lang/invoke/LambdaForm$MH+0x0000000800bb5440'
Event: 3147.997 Thread 0x0000027cfd9c7ff0 Unloading class 0x0000000800bb5040 'java/lang/invoke/LambdaForm$MH+0x0000000800bb5040'
Event: 3147.997 Thread 0x0000027cfd9c7ff0 Unloading class 0x0000000800bb5c40 'java/lang/invoke/LambdaForm$MH+0x0000000800bb5c40'
Event: 3147.997 Thread 0x0000027cfd9c7ff0 Unloading class 0x0000000800bb6440 'java/lang/invoke/LambdaForm$MH+0x0000000800bb6440'
Event: 3147.997 Thread 0x0000027cfd9c7ff0 Unloading class 0x0000000800bb6c40 'java/lang/invoke/LambdaForm$MH+0x0000000800bb6c40'
Event: 3147.997 Thread 0x0000027cfd9c7ff0 Unloading class 0x0000000800bb6840 'java/lang/invoke/LambdaForm$MH+0x0000000800bb6840'
Event: 3147.997 Thread 0x0000027cfd9c7ff0 Unloading class 0x0000000800bb7040 'java/lang/invoke/LambdaForm$MH+0x0000000800bb7040'
Event: 3147.997 Thread 0x0000027cfd9c7ff0 Unloading class 0x0000000800bb7c40 'java/lang/invoke/LambdaForm$MH+0x0000000800bb7c40'
Event: 3147.997 Thread 0x0000027cfd9c7ff0 Unloading class 0x0000000800bb0c40 'java/lang/invoke/LambdaForm$MH+0x0000000800bb0c40'

Classes redefined (0 events):
No events

Internal exceptions (20 events):
Event: 61721.263 Thread 0x0000027cff2c0700 Implicit null exception at 0x0000027c87b9ac73 to 0x0000027c87b9b660
Event: 61721.263 Thread 0x0000027cff2c0700 Implicit null exception at 0x0000027c87b9d349 to 0x0000027c87b9da7c
Event: 61721.265 Thread 0x0000027cff2c0700 Implicit null exception at 0x0000027c87bbd8cd to 0x0000027c87bbe253
Event: 61721.278 Thread 0x0000027cff2c0700 Implicit null exception at 0x0000027c87b4a5ea to 0x0000027c87b4b114
Event: 61721.287 Thread 0x0000027cff2c0700 Implicit null exception at 0x0000027c8800076c to 0x0000027c8800173c
Event: 61724.529 Thread 0x0000027cff2c0700 Implicit null exception at 0x0000027c87ca29da to 0x0000027c87ca2b68
Event: 61724.541 Thread 0x0000027cff2c0700 Exception <a 'java/io/IOException'{0x000000074eea3858}> (0x000000074eea3858) 
thrown [./open/src/hotspot/share/prims/jni.cpp, line 578]
Event: 61792.518 Thread 0x0000027cff2c0700 Implicit null exception at 0x0000027c881f9001 to 0x0000027c881ff968
Event: 61794.470 Thread 0x0000027cff2c0700 Implicit null exception at 0x0000027c87d2d6f4 to 0x0000027c87d2da44
Event: 61794.470 Thread 0x0000027cff2c0700 Implicit null exception at 0x0000027c87b170cf to 0x0000027c87b17258
Event: 61832.382 Thread 0x0000027cff2c0700 Implicit null exception at 0x0000027c87f67849 to 0x0000027c87f67ae0
Event: 61839.840 Thread 0x0000027cff2c0700 Implicit null exception at 0x0000027c87e357fe to 0x0000027c87e3587c
Event: 64804.639 Thread 0x0000027cffc01450 Implicit null exception at 0x0000027c87e9a20b to 0x0000027c87ea3584
Event: 64804.652 Thread 0x0000027cffc01450 Exception <a 'sun/nio/fs/WindowsException'{0x0000000752201420}> (0x0000000752201420) 
thrown [./open/src/hotspot/share/prims/jni.cpp, line 578]
Event: 64804.653 Thread 0x0000027cffc01450 Exception <a 'sun/nio/fs/WindowsException'{0x0000000752202040}> (0x0000000752202040) 
thrown [./open/src/hotspot/share/prims/jni.cpp, line 578]
Event: 64804.654 Thread 0x0000027cff2c0700 Implicit null exception at 0x0000027c8810cdf3 to 0x0000027c8810ceb4
Event: 64804.662 Thread 0x0000027cff2c0700 Exception <a 'java/lang/NoSuchMethodError'{0x00000007522b02b0}: 'java.lang.Object java.lang.invoke.DirectMethodHandle$Holder.newInvokeSpecial(java.lang.Object, java.lang.Object, int, int, java.lang.Object)'> (0x00000007522b02b0) 
thrown [./open/src/hotspot/share/interpreter/linkResolver.cpp, line 782]
Event: 64804.666 Thread 0x0000027cffc01450 Exception <a 'java/lang/NoSuchMethodError'{0x00000007522284f8}: fwkLoad> (0x00000007522284f8) 
thrown [./open/src/hotspot/share/prims/jni.cpp, line 1171]
Event: 64804.666 Thread 0x0000027cffc01450 Exception <a 'java/lang/NoClassDefFoundError'{0x0000000752229860}: com/sun/webkit/network/URLLoaderBase> (0x0000000752229860) 
thrown [./open/src/hotspot/share/classfile/systemDictionary.cpp, line 284]
Event: 64804.666 Thread 0x0000027cffc01450 Exception <a 'java/lang/NoSuchMethodError'{0x0000000752229b68}: fwkCancel> (0x0000000752229b68) 
thrown [./open/src/hotspot/share/prims/jni.cpp, line 1171]

Events (20 events):
Event: 64801.769 loading class javax/swing/JTable$ModelChange
Event: 64801.769 loading class javax/swing/JTable$ModelChange done
Event: 64802.624 Executing VM operation: HandshakeAllThreads
Event: 64802.624 Executing VM operation: HandshakeAllThreads done
Event: 64804.624 Executing VM operation: HandshakeAllThreads
Event: 64804.624 Executing VM operation: HandshakeAllThreads done
Event: 64804.635 loading class javax/swing/JTable$DropLocation
Event: 64804.635 loading class javax/swing/TransferHandler$DropLocation
Event: 64804.635 loading class javax/swing/TransferHandler$DropLocation done
Event: 64804.635 loading class javax/swing/JTable$DropLocation done
Event: 64804.635 loading class javax/swing/plaf/basic/BasicTableUI$Actions
Event: 64804.636 loading class javax/swing/plaf/basic/BasicTableUI$Actions done
Event: 64804.643 loading class sun/java2d/cmm/CMSManager
Event: 64804.643 loading class sun/java2d/cmm/CMSManager done
Event: 64804.644 Executing VM operation: G1TryInitiateConcMark
Event: 64804.651 Executing VM operation: G1TryInitiateConcMark done
Event: 64804.654 Executing VM operation: HandshakeAllThreads
Event: 64804.655 Executing VM operation: HandshakeAllThreads done
Event: 64804.661 loading class java/nio/HeapIntBuffer
Event: 64804.662 loading class java/nio/HeapIntBuffer done


Dynamic libraries:
0x00007ff70bdf0000 - 0x00007ff70bdff000 	C:\Program Files\Java\jdk-15.0.2\bin\java.exe
0x00007ffb699c0000 - 0x00007ffb69bb0000 	C:\Windows\SYSTEM32\ntdll.dll
0x00007ffb697c0000 - 0x00007ffb69872000 	C:\Windows\System32\KERNEL32.DLL
0x00007ffb66970000 - 0x00007ffb66c15000 	C:\Windows\System32\KERNELBASE.dll
0x00007ffb675c0000 - 0x00007ffb676ba000 	C:\Windows\System32\ucrtbase.dll
0x00007ffb59910000 - 0x00007ffb59928000 	C:\Program Files\Java\jdk-15.0.2\bin\jli.dll
0x00007ffb69350000 - 0x00007ffb693f3000 	C:\Windows\System32\ADVAPI32.dll
0x00007ffb698e0000 - 0x00007ffb6997e000 	C:\Windows\System32\msvcrt.dll
0x00007ffb68b10000 - 0x00007ffb68ba7000 	C:\Windows\System32\sechost.dll
0x00007ffb4e530000 - 0x00007ffb4e549000 	C:\Program Files\Java\jdk-15.0.2\bin\VCRUNTIME140.dll
0x00007ffb67b40000 - 0x00007ffb67c60000 	C:\Windows\System32\RPCRT4.dll
0x00007ffb68760000 - 0x00007ffb688f5000 	C:\Windows\System32\USER32.dll
0x00007ffb66e10000 - 0x00007ffb66e31000 	C:\Windows\System32\win32u.dll
0x00007ffb68c20000 - 0x00007ffb68c46000 	C:\Windows\System32\GDI32.dll
0x00007ffb676c0000 - 0x00007ffb67856000 	C:\Windows\System32\gdi32full.dll
0x00007ffb66c20000 - 0x00007ffb66cbe000 	C:\Windows\System32\msvcp_win.dll
0x00007ffb54bc0000 - 0x00007ffb54e44000 	C:\Windows\WinSxS\amd64_microsoft.windows.common-controls_6595b64144ccf1df_6.0.18362.1082_none_9e8193e1e45b25c1\COMCTL32.dll
0x00007ffb69480000 - 0x00007ffb697b5000 	C:\Windows\System32\combase.dll
0x00007ffb678b0000 - 0x00007ffb67930000 	C:\Windows\System32\bcryptPrimitives.dll
0x00007ffb5af40000 - 0x00007ffb5af4a000 	C:\Windows\SYSTEM32\VERSION.dll
0x00007ffb68650000 - 0x00007ffb6867e000 	C:\Windows\System32\IMM32.DLL
0x00007ffb53ea0000 - 0x00007ffb53eac000 	C:\Program Files\Java\jdk-15.0.2\bin\vcruntime140_1.dll
0x00007ffb41090000 - 0x00007ffb41121000 	C:\Program Files\Java\jdk-15.0.2\bin\msvcp140.dll
0x00007ffb3d0f0000 - 0x00007ffb3dc4e000 	C:\Program Files\Java\jdk-15.0.2\bin\server\jvm.dll
0x00007ffb69340000 - 0x00007ffb69348000 	C:\Windows\System32\PSAPI.DLL
0x00007ffb53ef0000 - 0x00007ffb53ef9000 	C:\Windows\SYSTEM32\WSOCK32.dll
0x00007ffb647c0000 - 0x00007ffb647e4000 	C:\Windows\SYSTEM32\WINMM.dll
0x00007ffb68bb0000 - 0x00007ffb68c1f000 	C:\Windows\System32\WS2_32.dll
0x00007ffb64340000 - 0x00007ffb6436d000 	C:\Windows\SYSTEM32\WINMMBASE.dll
0x00007ffb67860000 - 0x00007ffb678aa000 	C:\Windows\System32\cfgmgr32.dll
0x00007ffb66900000 - 0x00007ffb66911000 	C:\Windows\System32\kernel.appcore.dll
0x00007ffb53e00000 - 0x00007ffb53e0a000 	C:\Program Files\Java\jdk-15.0.2\bin\jimage.dll
0x00007ffb58c80000 - 0x00007ffb58e74000 	C:\Windows\SYSTEM32\DBGHELP.DLL
0x00007ffb58bc0000 - 0x00007ffb58bea000 	C:\Windows\SYSTEM32\dbgcore.DLL
0x00007ffb4a5c0000 - 0x00007ffb4a5e5000 	C:\Program Files\Java\jdk-15.0.2\bin\java.dll
0x00007ffb68c50000 - 0x00007ffb69337000 	C:\Windows\System32\SHELL32.dll
0x00007ffb67c90000 - 0x00007ffb67d39000 	C:\Windows\System32\shcore.dll
0x00007ffb66e40000 - 0x00007ffb675c0000 	C:\Windows\System32\windows.storage.dll
0x00007ffb66920000 - 0x00007ffb66943000 	C:\Windows\System32\profapi.dll
0x00007ffb668b0000 - 0x00007ffb668fa000 	C:\Windows\System32\powrprof.dll
0x00007ffb66880000 - 0x00007ffb66890000 	C:\Windows\System32\UMPDC.dll
0x00007ffb68680000 - 0x00007ffb686d2000 	C:\Windows\System32\shlwapi.dll
0x00007ffb66950000 - 0x00007ffb66967000 	C:\Windows\System32\cryptsp.dll
0x00007ffb4a5a0000 - 0x00007ffb4a5b9000 	C:\Program Files\Java\jdk-15.0.2\bin\net.dll
0x00007ffb62110000 - 0x00007ffb62200000 	C:\Windows\SYSTEM32\WINHTTP.dll
0x00007ffb66070000 - 0x00007ffb660d7000 	C:\Windows\system32\mswsock.dll
0x00007ffb4a580000 - 0x00007ffb4a592000 	C:\Program Files\Java\jdk-15.0.2\bin\nio.dll
0x00007ffb4a560000 - 0x00007ffb4a578000 	C:\Program Files\Java\jdk-15.0.2\bin\zip.dll
0x00007ffb3cf70000 - 0x00007ffb3d0f0000 	C:\Program Files\Java\jdk-15.0.2\bin\awt.dll
0x00007ffb68900000 - 0x00007ffb689c5000 	C:\Windows\System32\OLEAUT32.dll
0x00007ffb649f0000 - 0x00007ffb64a7f000 	C:\Windows\SYSTEM32\apphelp.dll
0x00007ffb64bd0000 - 0x00007ffb64c69000 	C:\Windows\system32\uxtheme.dll
0x00007ffb689d0000 - 0x00007ffb68b05000 	C:\Windows\System32\MSCTF.dll
0x00007ffb684f0000 - 0x00007ffb68647000 	C:\Windows\System32\ole32.dll
0x00007ffb65000000 - 0x00007ffb6502d000 	C:\Windows\system32\DWMAPI.DLL
0x00007ffb3e740000 - 0x00007ffb3e7e9000 	C:\Windows\WinSxS\amd64_microsoft.windows.common-controls_6595b64144ccf1df_5.82.18362.1082_none_73b2803ad816b43c\comctl32.dll
0x00007ffb3cee0000 - 0x00007ffb3cf65000 	C:\Program Files\Java\jdk-15.0.2\bin\freetype.dll
0x00007ffb3ce30000 - 0x00007ffb3ced9000 	C:\Program Files\Java\jdk-15.0.2\bin\fontmanager.dll
0x00007ffb4d8b0000 - 0x00007ffb4da06000 	C:\Windows\system32\opengl32.dll
0x00007ffb4da60000 - 0x00007ffb4da8c000 	C:\Windows\SYSTEM32\GLU32.dll
0x00007ffb654d0000 - 0x00007ffb654f0000 	C:\Windows\SYSTEM32\dxcore.dll
0x00007ffb67f60000 - 0x00007ffb68002000 	C:\Windows\System32\clbcatq.dll
0x00007ffb630a0000 - 0x00007ffb63190000 	C:\Windows\SYSTEM32\PROPSYS.dll
0x00007ffb33180000 - 0x00007ffb33196000 	C:\Windows\system32\NetworkExplorer.dll
0x00007ffb4fc20000 - 0x00007ffb4fc3b000 	C:\Windows\SYSTEM32\MPR.dll
0x00007ffb4f7f0000 - 0x00007ffb4f7fb000 	C:\Windows\System32\drprov.dll
0x00007ffb66660000 - 0x00007ffb666b6000 	C:\Windows\System32\WINSTA.dll
0x00007ffb33160000 - 0x00007ffb33175000 	C:\Windows\System32\ntlanman.dll
0x00007ffb33140000 - 0x00007ffb3315d000 	C:\Windows\System32\davclnt.dll
0x00007ffb4da90000 - 0x00007ffb4da9c000 	C:\Windows\System32\DAVHLPR.dll
0x00007ffb60850000 - 0x00007ffb60867000 	C:\Windows\System32\wkscli.dll
0x00007ffb679e0000 - 0x00007ffb67a06000 	C:\Windows\System32\bcrypt.dll
0x00007ffb49a30000 - 0x00007ffb49a42000 	C:\Windows\SYSTEM32\cscapi.dll
0x00007ffb65e90000 - 0x00007ffb65e9c000 	C:\Windows\System32\netutils.dll
0x00007ffb31160000 - 0x00007ffb311b3000 	C:\Windows\System32\dlnashext.dll
0x00007ffb4cd10000 - 0x00007ffb4cd74000 	C:\Windows\System32\PlayToDevice.dll
0x00007ffb53160000 - 0x00007ffb53180000 	C:\Windows\System32\DevDispItemProvider.dll
0x00007ffb60710000 - 0x00007ffb60782000 	C:\Windows\System32\MMDevApi.dll
0x00007ffb66610000 - 0x00007ffb6663a000 	C:\Windows\System32\DEVOBJ.dll
0x00007ffb65d80000 - 0x00007ffb65dba000 	C:\Windows\System32\IPHLPAPI.DLL
0x00007ffb67c80000 - 0x00007ffb67c88000 	C:\Windows\System32\NSI.dll
0x00007ffb62bc0000 - 0x00007ffb62bd6000 	C:\Windows\SYSTEM32\dhcpcsvc6.DLL
0x00007ffb61270000 - 0x00007ffb6128c000 	C:\Windows\SYSTEM32\dhcpcsvc.DLL
0x00007ffb65dc0000 - 0x00007ffb65e8b000 	C:\Windows\SYSTEM32\DNSAPI.dll
0x00007ffb62be0000 - 0x00007ffb62beb000 	C:\Windows\SYSTEM32\WINNSI.DLL
0x00007ffb62bf0000 - 0x00007ffb62c2d000 	C:\Windows\System32\netprofm.dll
0x00007ffb5b060000 - 0x00007ffb5b070000 	C:\Windows\System32\npmproxy.dll
0x00007ffb46aa0000 - 0x00007ffb46b3b000 	C:\Windows\system32\wpdshext.dll
0x00007ffb30f10000 - 0x00007ffb310b3000 	C:\Windows\WinSxS\amd64_microsoft.windows.gdiplus_6595b64144ccf1df_1.1.18362.1082_none_cf6c86c73eed9f8f\gdiplus.dll
0x00007ffb62aa0000 - 0x00007ffb62b3e000 	C:\Windows\System32\PortableDeviceApi.dll
0x00007ffb68080000 - 0x00007ffb684f0000 	C:\Windows\System32\SETUPAPI.dll
0x00007ffb67a10000 - 0x00007ffb67a6c000 	C:\Windows\System32\WINTRUST.dll
0x00007ffb66890000 - 0x00007ffb668a2000 	C:\Windows\System32\MSASN1.dll
0x00007ffb66cc0000 - 0x00007ffb66e09000 	C:\Windows\System32\CRYPT32.dll
0x00007ffb48880000 - 0x00007ffb488b7000 	C:\Windows\System32\EhStorShell.dll
0x00007ffb4e5b0000 - 0x00007ffb4e5d5000 	C:\Windows\System32\EhStorAPI.dll
0x00007ffb63220000 - 0x00007ffb63233000 	C:\Windows\System32\WTSAPI32.dll
0x00007ffb498d0000 - 0x00007ffb498dd000 	C:\Windows\SYSTEM32\LINKINFO.dll
0x00007ffb4ce10000 - 0x00007ffb4cea3000 	C:\Windows\System32\appresolver.dll
0x00007ffb5fd10000 - 0x00007ffb5fd6d000 	C:\Windows\System32\Bcp47Langs.dll
0x00007ffb65770000 - 0x00007ffb65797000 	C:\Windows\System32\SLC.dll
0x00007ffb66760000 - 0x00007ffb66785000 	C:\Windows\System32\USERENV.dll
0x00007ffb65740000 - 0x00007ffb65766000 	C:\Windows\System32\sppc.dll
0x00007ffb53d60000 - 0x00007ffb53d70000 	C:\Program Files\Java\jdk-15.0.2\bin\verify.dll
0x00007ffb61a60000 - 0x00007ffb61c0f000 	C:\Windows\SYSTEM32\WindowsCodecs.dll
0x00007ffb49180000 - 0x00007ffb491ba000 	C:\Windows\system32\dataexchange.dll
0x00007ffb63f00000 - 0x00007ffb6415b000 	C:\Windows\system32\d3d11.dll
0x00007ffb64160000 - 0x00007ffb6433d000 	C:\Windows\system32\dcomp.dll
0x00007ffb65560000 - 0x00007ffb6564b000 	C:\Windows\system32\dxgi.dll
0x00007ffb64c90000 - 0x00007ffb64ef2000 	C:\Windows\system32\twinapi.appcore.dll
0x00007ffb65110000 - 0x00007ffb65139000 	C:\Windows\system32\RMCLIENT.dll
0x0000027c92060000 - 0x0000027c92063000 	C:\Program Files\Java\jdk-15.0.2\bin\api-ms-win-core-console-l1-1-0.dll
0x0000027c92070000 - 0x0000027c92073000 	C:\Program Files\Java\jdk-15.0.2\bin\api-ms-win-core-datetime-l1-1-0.dll
0x0000027c92080000 - 0x0000027c92083000 	C:\Program Files\Java\jdk-15.0.2\bin\api-ms-win-core-debug-l1-1-0.dll
0x0000027c92090000 - 0x0000027c92093000 	C:\Program Files\Java\jdk-15.0.2\bin\api-ms-win-core-errorhandling-l1-1-0.dll
0x0000027c920a0000 - 0x0000027c920a4000 	C:\Program Files\Java\jdk-15.0.2\bin\api-ms-win-core-file-l1-1-0.dll
0x0000027c920b0000 - 0x0000027c920b3000 	C:\Program Files\Java\jdk-15.0.2\bin\api-ms-win-core-file-l1-2-0.dll
0x0000027c920c0000 - 0x0000027c920c3000 	C:\Program Files\Java\jdk-15.0.2\bin\api-ms-win-core-file-l2-1-0.dll
0x0000027c920d0000 - 0x0000027c920d3000 	C:\Program Files\Java\jdk-15.0.2\bin\api-ms-win-core-handle-l1-1-0.dll
0x0000027c920e0000 - 0x0000027c920e3000 	C:\Program Files\Java\jdk-15.0.2\bin\api-ms-win-core-heap-l1-1-0.dll
0x0000027c920f0000 - 0x0000027c920f3000 	C:\Program Files\Java\jdk-15.0.2\bin\api-ms-win-core-interlocked-l1-1-0.dll
0x0000027c92100000 - 0x0000027c92103000 	C:\Program Files\Java\jdk-15.0.2\bin\api-ms-win-core-libraryloader-l1-1-0.dll
0x0000027c95280000 - 0x0000027c95283000 	C:\Program Files\Java\jdk-15.0.2\bin\api-ms-win-core-localization-l1-2-0.dll
0x0000027c95290000 - 0x0000027c95293000 	C:\Program Files\Java\jdk-15.0.2\bin\api-ms-win-core-memory-l1-1-0.dll
0x0000027c952a0000 - 0x0000027c952a3000 	C:\Program Files\Java\jdk-15.0.2\bin\api-ms-win-core-namedpipe-l1-1-0.dll
0x0000027c952b0000 - 0x0000027c952b3000 	C:\Program Files\Java\jdk-15.0.2\bin\api-ms-win-core-processenvironment-l1-1-0.dll
0x0000027c952c0000 - 0x0000027c952c3000 	C:\Program Files\Java\jdk-15.0.2\bin\api-ms-win-core-processthreads-l1-1-0.dll
0x0000027c952d0000 - 0x0000027c952d3000 	C:\Program Files\Java\jdk-15.0.2\bin\api-ms-win-core-processthreads-l1-1-1.dll

dbghelp: loaded successfully - version: 4.0.5 - missing functions: none
symbol engine: initialized successfully - sym options: 0x614 - pdb path: .;C:\Program Files\Java\jdk-15.0.2\bin;C:\Windows\SYSTEM32;C:\Windows\WinSxS\amd64_microsoft.windows.common-controls_6595b64144ccf1df_6.0.18362.1082_none_9e8193e1e45b25c1;C:\Program Files\Java\jdk-15.0.2\bin\server;C:\Program Files\uvnc bvba\UltraVNC;C:\Windows\WinSxS\amd64_microsoft.windows.common-controls_6595b64144ccf1df_5.82.18362.1082_none_73b2803ad816b43c;C:\Windows\WinSxS\amd64_microsoft.windows.gdiplus_6595b64144ccf1df_1.1.18362.1082_none_cf6c86c73eed9f8f

VM Arguments:
jvm_args: -Dfile.encoding=UTF-8 
java_command: simrskhanza.SIMRSKhanza
java_class_path (initial): E:\xampp\htdocs\KhanzaHMSWindows\lib\commons-codec-1.10.jar;E:\xampp\htdocs\KhanzaHMSWindows\lib\commons-codec-1.12.jar;E:\xampp\htdocs\KhanzaHMSWindows\lib\jasperreports-6.8.0.jar;E:\xampp\htdocs\KhanzaHMSWindows\lib\KhanzaSecurity16bit.jar;E:\xampp\htdocs\KhanzaHMSWindows\lib\RXTXcomm.jar;E:\xampp\htdocs\KhanzaHMSWindows\lib\SceneBuilderKit-8.2.0.jar;E:\xampp\htdocs\KhanzaHMSWindows\lib\TimingFramework-1.0.jar;E:\xampp\htdocs\KhanzaHMSWindows\lib\UsuLibrary.jar;E:\xampp\htdocs\KhanzaHMSWindows\lib\activation-1.1.1.jar;E:\xampp\htdocs\KhanzaHMSWindows\lib\ant-1.7.1.jar;E:\xampp\htdocs\KhanzaHMSWindows\lib\antlr-2.7.6.jar;E:\xampp\htdocs\KhanzaHMSWindows\lib\apache-httpcomponents-httpclient.jar;E:\xampp\htdocs\KhanzaHMSWindows\lib\appframework-1.0.3.jar;E:\xampp\htdocs\KhanzaHMSWindows\lib\asm-attrs.jar;E:\xampp\htdocs\KhanzaHMSWindows\lib\asm.jar;E:\xampp\htdocs\KhanzaHMSWindows\lib\barbecue-1.5-beta1.jar;E:\xampp\htdocs\KhanzaHMSWindows\lib\barcode4j-2.1.jar;E:\xampp\htdocs\KhanzaHMSWindows\lib\batik-anim-1.11.jar;E:\xampp\htdocs\KhanzaHMSWindows\lib\batik-anim-1.13.jar;E:\xampp\htdocs\KhanzaHMSWindows\lib\batik-awt-util-1.11.jar;E:\xampp\htdocs\KhanzaHMSWindows\lib\batik-awt-util-1.13.jar;E:\xampp\htdocs\KhanzaHMSWindows\lib\batik-bridge-1.11.jar;E:\xampp\htdocs\KhanzaHMSWindows\lib\batik-codec-1.11.jar;E:\xampp\htdocs\KhanzaHMSWindows\lib\batik-constants-1.11.jar;E:\xampp\htdocs\KhanzaHMSWindows\lib\batik-constants-1.13.jar;E:\xampp\htdocs\KhanzaHMSWindows\lib\batik-css-1.11.jar;E:\xampp\htdocs\KhanzaHMSWindows\lib\batik-css-1.13.jar;E:\xampp\htdocs\KhanzaHMSWindows\lib\batik-dom-1.11.jar;E:\xampp\htdocs\KhanzaHMSWindows\lib\batik-dom-1.13.jar;E:\xampp\htdocs\KhanzaHMSWindows\lib\batik-dom.jar;E:\xampp\htdocs\KhanzaHMSWindows\lib\batik-ext-1.11.jar;E:\xampp\htdocs\KhanzaHMSWindows\lib\batik-ext-1.13.jar;E:\xampp\htdocs\KhanzaHMSWindows\lib\batik-extension-1.11.jar;E:\xampp\htdocs\KhanzaHMSWindows\lib\batik-gui-util-1.11.jar;E:\xampp\
Launcher Type: SUN_STANDARD

[Global flags]
     intx CICompilerCount                          = 3                                         {product} {ergonomic}
     uint ConcGCThreads                            = 1                                         {product} {ergonomic}
     uint G1ConcRefinementThreads                  = 4                                         {product} {ergonomic}
   size_t G1HeapRegionSize                         = 2097152                                   {product} {ergonomic}
    uintx GCDrainStackTargetSize                   = 64                                        {product} {ergonomic}
   size_t InitialHeapSize                          = 201326592                                 {product} {ergonomic}
   size_t MarkStackSize                            = 4194304                                   {product} {ergonomic}
   size_t MaxHeapSize                              = 3196059648                                {product} {ergonomic}
   size_t MaxNewSize                               = 1916796928                                {product} {ergonomic}
   size_t MinHeapDeltaBytes                        = 2097152                                   {product} {ergonomic}
   size_t MinHeapSize                              = 8388608                                   {product} {ergonomic}
    uintx NonNMethodCodeHeapSize                   = 5832780                                {pd product} {ergonomic}
    uintx NonProfiledCodeHeapSize                  = 122912730                              {pd product} {ergonomic}
    uintx ProfiledCodeHeapSize                     = 122912730                              {pd product} {ergonomic}
    uintx ReservedCodeCacheSize                    = 251658240                              {pd product} {ergonomic}
     bool SegmentedCodeCache                       = true                                      {product} {ergonomic}
   size_t SoftMaxHeapSize                          = 3196059648                             {manageable} {ergonomic}
     bool UseCompressedClassPointers               = true                                 {lp64_product} {ergonomic}
     bool UseCompressedOops                        = true                                 {lp64_product} {ergonomic}
     bool UseG1GC                                  = true                                      {product} {ergonomic}
     bool UseLargePagesIndividualAllocation        = false                                  {pd product} {ergonomic}

Logging:
Log output configuration:
 #0: stdout all=warning uptime,level,tags
 #1: stderr all=off uptime,level,tags

Environment Variables:
PATH=C:\Program Files\Common Files\Oracle\Java\javapath;C:\Program Files\Eclipse Adoptium\jdk-17.0.6.10-hotspot\bin;C:\Windows\system32;C:\Windows;C:\Windows\System32\Wbem;C:\Windows\System32\WindowsPowerShell\v1.0\;C:\Windows\System32\OpenSSH\;C:\Program Files\Git\cmd;E:\xampp\php;C:\composer;C:\Users\user\AppData\Roaming\nvm;C:\Program Files\nodejs;C:\Windows\Microsoft.NET\Framework\v4.0.30319;C:\Program Files (x86)\Appeon\PowerBuilder 19.0;C:\Program Files (x86)\Appeon\PowerBuilderCompiler 19.0;C:\Program Files (x86)\Microsoft SQL Server\150\DTS\Binn\;C:\Program Files\Azure Data Studio\bin;C:\Users\user\AppData\Local\Microsoft\WindowsApps;C:\Users\user\AppData\Roaming\npm;C:\Users\user\AppData\Local\Programs\Microsoft VS Code\bin;C:\Users\user\AppData\Roaming\Composer\vendor\bin;C:\Users\user\AppData\Roaming\nvm;C:\Program Files\nodejs;C:\Program Files\Azure Data Studio\bin;C:\Users\user\AppData\Local\Programs\Tesseract-OCR;C:\Program Files\Java\jdk-15.0.2;
USERNAME=user
OS=Windows_NT
PROCESSOR_IDENTIFIER=Intel64 Family 6 Model 60 Stepping 3, GenuineIntel



---------------  S Y S T E M  ---------------

OS:
 Windows 10 , 64 bit Build 18362 (10.0.18362.1082)
OS uptime: 1 days 23:46 hours

CPU: total 4 (initial active 4) (4 cores per cpu, 1 threads per core) family 6 model 60 stepping 3 microcode 0x25, cmov, cx8, fxsr, mmx, sse, sse2, sse3, ssse3, sse4.1, sse4.2, popcnt, vzeroupper, avx, avx2, aes, clmul, erms, lzcnt, tsc, tscinvbit, bmi1, bmi2, fma, clflush

Memory: 4k page, system-wide physical 12188M (3278M free)
TotalPageFile size 17753M (AvailPageFile size 5211M)
current process WorkingSet (physical memory assigned to process): 437M, peak: 476M
current process commit charge ("private bytes"): 536M, peak: 545M

vm_info: Java HotSpot(TM) 64-Bit Server VM (15.0.2+7-27) for windows-amd64 JRE (15.0.2+7-27), built on Dec  7 2020 20:07:01 by "mach5one" with unknown MS VC++:1925

END.
