#
# A fatal error has been detected by the Java Runtime Environment:
#
#  EXCEPTION_ACCESS_VIOLATION (0xc0000005) at pc=0x00007ffe4169abec, pid=12952, tid=8012
#
# JRE version: Java(TM) SE Runtime Environment (15.0.2+7) (build 15.0.2+7-27)
# Java VM: Java HotSpot(TM) 64-Bit Server VM (15.0.2+7-27, mixed mode, sharing, tiered, compressed oops, g1 gc, windows-amd64)
# Problematic frame:
# V  [jvm.dll+0x3aabec]
#
# No core dump will be written. Minidumps are not enabled by default on client versions of Windows
#
# If you would like to submit a bug report, please visit:
#   https://bugreport.java.com/bugreport/crash.jsp
#

---------------  S U M M A R Y ------------

Command Line: -Dfile.encoding=UTF-8 simrskhanza.SIMRSKhanza

Host: Intel(R) Core(TM) i5-4460  CPU @ 3.20GHz, 4 cores, 11G,  Windows 10 , 64 bit Build 18362 (10.0.18362.1082)
Time: Mon Aug  7 08:20:02 2023 SE Asia Standard Time elapsed time: 656.776978 seconds (0d 0h 10m 56s)

---------------  T H R E A D  ---------------

Current thread (0x0000016bb4cae080):  JavaThread "JavaFX Application Thread" [_thread_in_vm, id=8012, stack(0x00000047d1c00000,0x00000047d1d00000)]

Stack: [0x00000047d1c00000,0x00000047d1d00000],  sp=0x00000047d1cf9ba0,  free space=998k
Native frames: (J=compiled Java code, j=interpreted, Vv=VM code, C=native code)
V  [jvm.dll+0x3aabec]
C  0x00007ffe23fc7ce0

Java frames: (J=compiled Java code, j=interpreted, Vv=VM code)
j  com.sun.webkit.WebPage.twkOpen(JLjava/lang/String;)V+0
j  com.sun.webkit.WebPage.open(JLjava/lang/String;)V+86
j  javafx.scene.web.WebEngine.load(Ljava/lang/String;)V+96
j  laporan.DlgBerkasRawat.lambda$loadURL$1(Ljava/lang/String;)V+5
j  laporan.DlgBerkasRawat$$Lambda$924+0x00000008014f7d08.run()V+8
J 10547 c2 com.sun.javafx.application.PlatformImpl$$Lambda$261+0x00000008010670e8.run()Ljava/lang/Object; (8 bytes) @ 0x0000016ba07e76a0 [0x0000016ba07e71e0+0x00000000000004c0]
J 6939 c1 com.sun.javafx.application.PlatformImpl.lambda$runLater$11(Ljava/lang/Runnable;Ljava/security/AccessControlContext;)V (38 bytes) @ 0x0000016b99893944 [0x0000016b99893320+0x0000000000000624]
J 6938 c1 com.sun.javafx.application.PlatformImpl$$Lambda$260+0x0000000801066c98.run()V (12 bytes) @ 0x0000016b99892f44 [0x0000016b99892ec0+0x0000000000000084]
j  com.sun.glass.ui.InvokeLaterDispatcher$Future.run()V+4
v  ~StubRoutines::call_stub
j  com.sun.glass.ui.win.WinApplication._runLoop(Ljava/lang/Runnable;)V+0
j  com.sun.glass.ui.win.WinApplication.lambda$runLoop$3(ILjava/lang/Runnable;)V+8
j  com.sun.glass.ui.win.WinApplication$$Lambda$247+0x00000008010396c0.run()V+12
j  java.lang.Thread.run()V+11 java.base@15.0.2
v  ~StubRoutines::call_stub

siginfo: EXCEPTION_ACCESS_VIOLATION (0xc0000005), reading address 0x0000000000000000


Register to memory mapping:

RIP=0x00007ffe4169abec jvm.dll
RAX=0x0 is NULL
RBX=0x0000016bb4cae080 is a thread
RCX=0xf05f6303cb9c0000 is an unknown value
RDX=0x0000016bb53c1560 is a global jni handle
RSP=0x00000047d1cf9ba0 is pointing into the stack for thread: 0x0000016bb4cae080
RBP=0x0000016bb4cae3a8 points into unknown readable memory: 0x00007ffe41cede40 | 40 de ce 41 fe 7f 00 00
RSI=0x0 is NULL
RDI=0x0000016bb53c1560 is a global jni handle
R8 =0x0 is NULL
R9 =0x00000047d1cf9ca8 is pointing into the stack for thread: 0x0000016bb4cae080
R10=0x00007ffe4169ab30 jvm.dll
R11=0x00000047d1cf9b98 is pointing into the stack for thread: 0x0000016bb4cae080
R12=0x0000016bb787dd70 points into unknown readable memory: 0x0000016bb82924d0 | d0 24 29 b8 6b 01 00 00
R13=0x0000016bb787dde0 points into unknown readable memory: 0x0000016bb5028c80 | 80 8c 02 b5 6b 01 00 00
R14=0x0 is NULL
R15=0x00000047d1cf9ca8 is pointing into the stack for thread: 0x0000016bb4cae080


Registers:
RAX=0x0000000000000000, RBX=0x0000016bb4cae080, RCX=0xf05f6303cb9c0000, RDX=0x0000016bb53c1560
RSP=0x00000047d1cf9ba0, RBP=0x0000016bb4cae3a8, RSI=0x0000000000000000, RDI=0x0000016bb53c1560
R8 =0x0000000000000000, R9 =0x00000047d1cf9ca8, R10=0x00007ffe4169ab30, R11=0x00000047d1cf9b98
R12=0x0000016bb787dd70, R13=0x0000016bb787dde0, R14=0x0000000000000000, R15=0x00000047d1cf9ca8
RIP=0x00007ffe4169abec, EFLAGS=0x0000000000010206

Top of Stack: (sp=0x00000047d1cf9ba0)
0x00000047d1cf9ba0:   0000016bb4cae080 0000000000000000
0x00000047d1cf9bb0:   0000016bb787dde0 0000016bb787dd70
0x00000047d1cf9bc0:   0000016bb9b2db80 00007ffe7fb3fb91
0x00000047d1cf9bd0:   0000016bb787dd70 0000016b8eae0000
0x00000047d1cf9be0:   0000016bb4cae3a8 0000000000000000
0x00000047d1cf9bf0:   0000016bb4cae080 0000016bb1dc4c10
0x00000047d1cf9c00:   0000000000000493 00007ffe41b8aaa0
0x00000047d1cf9c10:   0000016bb9b2db80 00000047d1cf9cf0
0x00000047d1cf9c20:   0000016b00000493 00007ffe41b8aaa0
0x00000047d1cf9c30:   0000000000000000 00007ffe25aecbff
0x00000047d1cf9c40:   0000016bb4cae3a8 0000000000000000
0x00000047d1cf9c50:   0000016bb56249b8 00007ffe23fc7ce0
0x00000047d1cf9c60:   0000016bb56249d8 00000047d1cf9d90
0x00000047d1cf9c70:   0000016bb56249d0 0000016bb56249d0
0x00000047d1cf9c80:   00000047d1cf9d90 00007ffe2410e0c0
0x00000047d1cf9c90:   0000016bb858ad00 0000016bb5028cb0 

Instructions: (pc=0x00007ffe4169abec)
0x00007ffe4169aaec:   e9 03 f6 c1 01 74 08 48 8b cb e8 95 21 2e 00 4c
0x00007ffe4169aafc:   8d 9c 24 a0 00 00 00 c7 83 98 03 00 00 04 00 00
0x00007ffe4169ab0c:   00 49 8b 5b 20 0f b7 c6 49 8b 6b 28 49 8b 73 30
0x00007ffe4169ab1c:   49 8b e3 41 5f 41 5e 5f c3 cc cc cc cc cc cc cc
0x00007ffe4169ab2c:   cc cc cc cc 48 89 5c 24 08 48 89 6c 24 10 48 89
0x00007ffe4169ab3c:   74 24 18 57 41 56 41 57 48 81 ec a0 00 00 00 8b
0x00007ffe4169ab4c:   81 88 00 00 00 48 8d 99 d8 fc ff ff 05 55 21 ff
0x00007ffe4169ab5c:   ff 33 f6 4d 8b f9 4d 8b f0 48 8b fa 48 8b e9 83
0x00007ffe4169ab6c:   f8 01 76 0a 48 8b cb e8 08 2b 39 00 8b de c7 83
0x00007ffe4169ab7c:   98 03 00 00 05 00 00 00 e8 a7 1e 27 00 48 8b 03
0x00007ffe4169ab8c:   48 8b cb ff 50 38 84 c0 74 0e 48 8b 83 10 01 00
0x00007ffe4169ab9c:   00 c0 e8 03 24 01 eb 0b 8b 05 66 1b 6f 00 85 c0
0x00007ffe4169abac:   0f 95 c0 84 c0 75 0d 8b 83 e0 00 00 00 a9 04 00
0x00007ffe4169abbc:   00 20 74 08 48 8b cb e8 38 31 39 00 c7 83 98 03
0x00007ffe4169abcc:   00 00 06 00 00 00 48 89 5c 24 50 48 89 74 24 58
0x00007ffe4169abdc:   48 39 73 08 74 0a 48 8d 4c 24 50 e8 04 bd 2a 00
0x00007ffe4169abec:   49 8b 16 48 8d 4c 24 70 c7 44 24 40 0c 00 00 00
0x00007ffe4169abfc:   e8 cf c7 00 00 4c 89 bc 24 98 00 00 00 48 8d 05
0x00007ffe4169ac0c:   18 ff 4e 00 48 89 44 24 70 40 f6 c7 01 74 0c 48
0x00007ffe4169ac1c:   8d 4f ff ff 15 83 0b 65 00 eb 09 48 8b cf ff 15
0x00007ffe4169ac2c:   d8 93 64 00 8b 15 6a 94 6d 00 48 8b c8 e8 d2 c8
0x00007ffe4169ac3c:   26 00 48 8b d3 48 8b c8 4c 8b 00 41 ff 90 b0 00
0x00007ffe4169ac4c:   00 00 48 39 73 08 75 32 48 8d 44 24 70 48 89 5c
0x00007ffe4169ac5c:   24 30 48 89 44 24 28 48 8d 54 24 40 45 33 c9 4c
0x00007ffe4169ac6c:   89 74 24 20 45 33 c0 48 8b cd e8 25 dc 00 00 48
0x00007ffe4169ac7c:   39 73 08 75 05 48 8b 74 24 48 48 83 7c 24 58 00
0x00007ffe4169ac8c:   74 0a 48 8d 4c 24 50 e8 f8 bc 2a 00 48 8b bb f8
0x00007ffe4169ac9c:   00 00 00 48 8b 4f 10 48 83 39 00 74 0c 48 8b cf
0x00007ffe4169acac:   e8 bf 98 f6 ff 48 8b 4f 10 48 8b 47 08 48 89 48
0x00007ffe4169acbc:   10 48 8b 4f 08 48 8b 47 18 48 89 41 18 48 8b 4f
0x00007ffe4169accc:   08 48 8b 47 20 48 89 41 20 c7 83 98 03 00 00 07
0x00007ffe4169acdc:   00 00 00 e8 4c 1d 27 00 48 8b 8b 10 01 00 00 c0 


Stack slot to memory mapping:
stack at sp + 0 slots: 0x0000016bb4cae080 is a thread
stack at sp + 1 slots: 0x0 is NULL
stack at sp + 2 slots: 0x0000016bb787dde0 points into unknown readable memory: 0x0000016bb5028c80 | 80 8c 02 b5 6b 01 00 00
stack at sp + 3 slots: 0x0000016bb787dd70 points into unknown readable memory: 0x0000016bb82924d0 | d0 24 29 b8 6b 01 00 00
stack at sp + 4 slots: 0x0000016bb9b2db80 points into unknown readable memory: 0x0070007400740068 | 68 00 74 00 74 00 70 00
stack at sp + 5 slots: 0x00007ffe7fb3fb91 ntdll.dll
stack at sp + 6 slots: 0x0000016bb787dd70 points into unknown readable memory: 0x0000016bb82924d0 | d0 24 29 b8 6b 01 00 00
stack at sp + 7 slots: 0x0000016b8eae0000 points into unknown readable memory: 0x0000000000000000 | 00 00 00 00 00 00 00 00


---------------  P R O C E S S  ---------------

Threads class SMR info:
_java_thread_list=0x0000016bb57b4720, length=26, elements={
0x0000016bb13adbc0, 0x0000016bb13aef30, 0x0000016bb13bec60, 0x0000016bb13c1630,
0x0000016bb13c4890, 0x0000016bb13c7740, 0x0000016bb13ccec0, 0x0000016bb13d95d0,
0x0000016bb20171d0, 0x0000016bb202b3a0, 0x0000016bb2a67cc0, 0x0000016bb2a68190,
0x0000016bb2a68660, 0x0000016bb2b59fd0, 0x0000016bb2b75b10, 0x0000016b8ec2b0a0,
0x0000016bb3083900, 0x0000016bb4caf890, 0x0000016bb4caea20, 0x0000016bb4caeef0,
0x0000016bb4cae080, 0x0000016bb4caf3c0, 0x0000016bb87a6050, 0x0000016bb87a9540,
0x0000016bb87a69f0, 0x0000016bb4cae550
}

Java Threads: ( => current thread )
  0x0000016bb13adbc0 JavaThread "Reference Handler" daemon [_thread_blocked, id=5520, stack(0x00000047cf900000,0x00000047cfa00000)]
  0x0000016bb13aef30 JavaThread "Finalizer" daemon [_thread_blocked, id=5560, stack(0x00000047cfa00000,0x00000047cfb00000)]
  0x0000016bb13bec60 JavaThread "Signal Dispatcher" daemon [_thread_blocked, id=10996, stack(0x00000047cfb00000,0x00000047cfc00000)]
  0x0000016bb13c1630 JavaThread "Attach Listener" daemon [_thread_blocked, id=5196, stack(0x00000047cfc00000,0x00000047cfd00000)]
  0x0000016bb13c4890 JavaThread "Service Thread" daemon [_thread_blocked, id=8608, stack(0x00000047cfd00000,0x00000047cfe00000)]
  0x0000016bb13c7740 JavaThread "C2 CompilerThread0" daemon [_thread_blocked, id=10528, stack(0x00000047cfe00000,0x00000047cff00000)]
  0x0000016bb13ccec0 JavaThread "C1 CompilerThread0" daemon [_thread_blocked, id=4764, stack(0x00000047cff00000,0x00000047d0000000)]
  0x0000016bb13d95d0 JavaThread "Sweeper thread" daemon [_thread_blocked, id=9272, stack(0x00000047d0000000,0x00000047d0100000)]
  0x0000016bb20171d0 JavaThread "Notification Thread" daemon [_thread_blocked, id=10408, stack(0x00000047d0100000,0x00000047d0200000)]
  0x0000016bb202b3a0 JavaThread "Common-Cleaner" daemon [_thread_blocked, id=4452, stack(0x00000047d0300000,0x00000047d0400000)]
  0x0000016bb2a67cc0 JavaThread "Java2D Disposer" daemon [_thread_blocked, id=1116, stack(0x00000047d0800000,0x00000047d0900000)]
  0x0000016bb2a68190 JavaThread "AWT-Shutdown" [_thread_blocked, id=8756, stack(0x00000047d0900000,0x00000047d0a00000)]
  0x0000016bb2a68660 JavaThread "AWT-Windows" daemon [_thread_in_native, id=4956, stack(0x00000047d0a00000,0x00000047d0b00000)]
  0x0000016bb2b59fd0 JavaThread "AWT-EventQueue-0" [_thread_blocked, id=976, stack(0x00000047d0c00000,0x00000047d0d00000)]
  0x0000016bb2b75b10 JavaThread "Swing-Shell" daemon [_thread_blocked, id=1352, stack(0x00000047d0d00000,0x00000047d0e00000)]
  0x0000016b8ec2b0a0 JavaThread "DestroyJavaVM" [_thread_blocked, id=1072, stack(0x00000047cf200000,0x00000047cf300000)]
  0x0000016bb3083900 JavaThread "Abandoned connection cleanup thread" daemon [_thread_blocked, id=9520, stack(0x00000047d1700000,0x00000047d1800000)]
  0x0000016bb4caf890 JavaThread "TimerQueue" daemon [_thread_blocked, id=10484, stack(0x00000047d1800000,0x00000047d1900000)]
  0x0000016bb4caea20 JavaThread "QuantumRenderer-0" daemon [_thread_blocked, id=3648, stack(0x00000047d1a00000,0x00000047d1b00000)]
  0x0000016bb4caeef0 JavaThread "InvokeLaterDispatcher" daemon [_thread_blocked, id=912, stack(0x00000047d1b00000,0x00000047d1c00000)]
=>0x0000016bb4cae080 JavaThread "JavaFX Application Thread" [_thread_in_vm, id=8012, stack(0x00000047d1c00000,0x00000047d1d00000)]
  0x0000016bb4caf3c0 JavaThread "Thread-2" daemon [_thread_in_native, id=9560, stack(0x00000047d0b00000,0x00000047d0c00000)]
  0x0000016bb87a6050 JavaThread "Prism Font Disposer" daemon [_thread_blocked, id=11832, stack(0x00000047d1100000,0x00000047d1200000)]
  0x0000016bb87a9540 JavaThread "Disposer" daemon [_thread_blocked, id=6552, stack(0x00000047d2000000,0x00000047d2100000)]
  0x0000016bb87a69f0 JavaThread "Batik CleanerThread" daemon [_thread_blocked, id=11224, stack(0x00000047d1400000,0x00000047d1500000)]
  0x0000016bb4cae550 JavaThread "Java Sound Event Dispatcher" daemon [_thread_blocked, id=5292, stack(0x00000047d2200000,0x00000047d2300000)]

Other Threads:
  0x0000016bb13a6b70 VMThread "VM Thread" [stack: 0x00000047cf800000,0x00000047cf900000] [id=672]
  0x0000016bb2018ac0 WatcherThread [stack: 0x00000047d0200000,0x00000047d0300000] [id=10284]
  0x0000016b8ec6f660 GCTaskThread "GC Thread#0" [stack: 0x00000047cf300000,0x00000047cf400000] [id=8256]
  0x0000016bb2010410 GCTaskThread "GC Thread#1" [stack: 0x00000047d0400000,0x00000047d0500000] [id=11160]
  0x0000016bb2424080 GCTaskThread "GC Thread#2" [stack: 0x00000047d0500000,0x00000047d0600000] [id=10820]
  0x0000016bb2423d50 GCTaskThread "GC Thread#3" [stack: 0x00000047d0600000,0x00000047d0700000] [id=10104]
  0x0000016b8ec7d7c0 ConcurrentGCThread "G1 Main Marker" [stack: 0x00000047cf400000,0x00000047cf500000] [id=8224]
  0x0000016b8ec7e430 ConcurrentGCThread "G1 Conc#0" [stack: 0x00000047cf500000,0x00000047cf600000] [id=9620]
  0x0000016b8ecddc50 ConcurrentGCThread "G1 Refine#0" [stack: 0x00000047cf600000,0x00000047cf700000] [id=12236]
  0x0000016bb53ea980 ConcurrentGCThread "G1 Refine#1" [stack: 0x00000047d0700000,0x00000047d0800000] [id=9012]
  0x0000016bb6fe8760 ConcurrentGCThread "G1 Refine#2" [stack: 0x00000047cf000000,0x00000047cf100000] [id=10204]
  0x0000016bb12220c0 ConcurrentGCThread "G1 Young RemSet Sampling" [stack: 0x00000047cf700000,0x00000047cf800000] [id=7220]

Threads with active compile tasks:

VM state: not at safepoint (normal execution)

VM Mutex/Monitor currently owned by a thread: None

Heap address: 0x0000000741800000, size: 3048 MB, Compressed Oops mode: Zero based, Oop shift amount: 3
CDS archive(s) mapped at: [0x0000000800000000-0x0000000800b50000-0x0000000800b50000), size 11862016, SharedBaseAddress: 0x0000000800000000, ArchiveRelocationMode: 0.
Compressed class space mapped at: 0x0000000800b50000-0x0000000840b50000, size: 1073741824
Narrow klass base: 0x0000000800000000, Narrow klass shift: 3, Narrow klass range: 0x100000000

GC Precious Log:
 CPUs: 4 total, 4 available
 Memory: 12188M
 Large Page Support: Disabled
 NUMA Support: Disabled
 Compressed Oops: Enabled (Zero based)
 Heap Region Size: 2M
 Heap Min Capacity: 8M
 Heap Initial Capacity: 192M
 Heap Max Capacity: 3048M
 Pre-touch: Disabled
 Parallel Workers: 4
 Concurrent Workers: 1
 Concurrent Refinement Workers: 4
 Periodic GC: Disabled

Heap:
 garbage-first heap   total 264192K, used 155268K [0x0000000741800000, 0x0000000800000000)
  region size 2048K, 2 young (4096K), 1 survivors (2048K)
 Metaspace       used 71632K, capacity 72236K, committed 72272K, reserved 1112064K
  class space    used 9730K, capacity 9921K, committed 9932K, reserved 1048576K

Heap Regions: E=young(eden), S=young(survivor), O=old, HS=humongous(starts), HC=humongous(continues), CS=collection set, F=free, OA=open archive, CA=closed archive, TAMS=top-at-mark-start (previous, next)
|   0|0x0000000741800000, 0x0000000741a00000, 0x0000000741a00000|100%| O|  |TAMS 0x0000000741a00000, 0x0000000741800000| Untracked 
|   1|0x0000000741a00000, 0x0000000741c00000, 0x0000000741c00000|100%| O|  |TAMS 0x0000000741c00000, 0x0000000741a00000| Untracked 
|   2|0x0000000741c00000, 0x0000000741e00000, 0x0000000741e00000|100%| O|  |TAMS 0x0000000741e00000, 0x0000000741c00000| Untracked 
|   3|0x0000000741e00000, 0x0000000742000000, 0x0000000742000000|100%| O|  |TAMS 0x0000000742000000, 0x0000000741e00000| Untracked 
|   4|0x0000000742000000, 0x0000000742200000, 0x0000000742200000|100%| O|  |TAMS 0x0000000742200000, 0x0000000742000000| Untracked 
|   5|0x0000000742200000, 0x0000000742400000, 0x0000000742400000|100%| O|  |TAMS 0x0000000742400000, 0x0000000742200000| Untracked 
|   6|0x0000000742400000, 0x0000000742600000, 0x0000000742600000|100%| O|  |TAMS 0x0000000742600000, 0x0000000742400000| Untracked 
|   7|0x0000000742600000, 0x00000007427d6e08, 0x0000000742800000| 91%| O|  |TAMS 0x00000007427d6e08, 0x0000000742600000| Untracked 
|   8|0x0000000742800000, 0x0000000742a00000, 0x0000000742a00000|100%| O|  |TAMS 0x0000000742a00000, 0x0000000742800000| Untracked 
|   9|0x0000000742a00000, 0x0000000742c00000, 0x0000000742c00000|100%| O|  |TAMS 0x0000000742c00000, 0x0000000742a00000| Untracked 
|  10|0x0000000742c00000, 0x0000000742e00000, 0x0000000742e00000|100%| O|  |TAMS 0x0000000742e00000, 0x0000000742c00000| Complete 
|  11|0x0000000742e00000, 0x0000000743000000, 0x0000000743000000|100%| O|  |TAMS 0x0000000743000000, 0x0000000742e00000| Untracked 
|  12|0x0000000743000000, 0x0000000743200000, 0x0000000743200000|100%| O|  |TAMS 0x0000000743200000, 0x0000000743000000| Untracked 
|  13|0x0000000743200000, 0x0000000743400000, 0x0000000743400000|100%| O|  |TAMS 0x0000000743400000, 0x0000000743200000| Complete 
|  14|0x0000000743400000, 0x0000000743600000, 0x0000000743600000|100%| O|  |TAMS 0x0000000743600000, 0x0000000743400000| Complete 
|  15|0x0000000743600000, 0x0000000743800000, 0x0000000743800000|100%| O|  |TAMS 0x0000000743800000, 0x0000000743600000| Untracked 
|  16|0x0000000743800000, 0x0000000743a00000, 0x0000000743a00000|100%| O|  |TAMS 0x0000000743a00000, 0x0000000743800000| Untracked 
|  17|0x0000000743a00000, 0x0000000743c00000, 0x0000000743c00000|100%| O|  |TAMS 0x0000000743c00000, 0x0000000743a00000| Complete 
|  18|0x0000000743c00000, 0x0000000743e00000, 0x0000000743e00000|100%| O|  |TAMS 0x0000000743e00000, 0x0000000743c00000| Untracked 
|  19|0x0000000743e00000, 0x0000000744000000, 0x0000000744000000|100%| O|  |TAMS 0x0000000744000000, 0x0000000743e00000| Complete 
|  20|0x0000000744000000, 0x0000000744200000, 0x0000000744200000|100%| O|  |TAMS 0x0000000744200000, 0x0000000744000000| Untracked 
|  21|0x0000000744200000, 0x0000000744400000, 0x0000000744400000|100%| O|  |TAMS 0x0000000744400000, 0x0000000744200000| Untracked 
|  22|0x0000000744400000, 0x0000000744600000, 0x0000000744600000|100%| O|  |TAMS 0x0000000744600000, 0x0000000744400000| Complete 
|  23|0x0000000744600000, 0x0000000744800000, 0x0000000744800000|100%| O|  |TAMS 0x0000000744800000, 0x0000000744600000| Untracked 
|  24|0x0000000744800000, 0x0000000744a00000, 0x0000000744a00000|100%| O|  |TAMS 0x0000000744a00000, 0x0000000744800000| Complete 
|  25|0x0000000744a00000, 0x0000000744c00000, 0x0000000744c00000|100%| O|  |TAMS 0x0000000744c00000, 0x0000000744a00000| Untracked 
|  26|0x0000000744c00000, 0x0000000744e00000, 0x0000000744e00000|100%| O|  |TAMS 0x0000000744e00000, 0x0000000744c00000| Untracked 
|  27|0x0000000744e00000, 0x0000000745000000, 0x0000000745000000|100%| O|  |TAMS 0x0000000745000000, 0x0000000744e00000| Complete 
|  28|0x0000000745000000, 0x0000000745200000, 0x0000000745200000|100%| O|  |TAMS 0x0000000745200000, 0x0000000745000000| Untracked 
|  29|0x0000000745200000, 0x0000000745400000, 0x0000000745400000|100%| O|  |TAMS 0x0000000745400000, 0x0000000745200000| Untracked 
|  30|0x0000000745400000, 0x0000000745600000, 0x0000000745600000|100%| O|  |TAMS 0x0000000745600000, 0x0000000745400000| Untracked 
|  31|0x0000000745600000, 0x0000000745800000, 0x0000000745800000|100%| O|  |TAMS 0x0000000745800000, 0x0000000745600000| Untracked 
|  32|0x0000000745800000, 0x0000000745a00000, 0x0000000745a00000|100%| O|  |TAMS 0x0000000745a00000, 0x0000000745800000| Complete 
|  33|0x0000000745a00000, 0x0000000745c00000, 0x0000000745c00000|100%| O|  |TAMS 0x0000000745c00000, 0x0000000745a00000| Untracked 
|  34|0x0000000745c00000, 0x0000000745e00000, 0x0000000745e00000|100%| O|  |TAMS 0x0000000745e00000, 0x0000000745c00000| Complete 
|  35|0x0000000745e00000, 0x0000000746000000, 0x0000000746000000|100%|HS|  |TAMS 0x0000000746000000, 0x0000000745e00000| Complete 
|  36|0x0000000746000000, 0x0000000746200000, 0x0000000746200000|100%|HC|  |TAMS 0x0000000746200000, 0x0000000746000000| Complete 
|  37|0x0000000746200000, 0x0000000746400000, 0x0000000746400000|100%| O|  |TAMS 0x0000000746400000, 0x0000000746200000| Untracked 
|  38|0x0000000746400000, 0x0000000746600000, 0x0000000746600000|100%| O|  |TAMS 0x0000000746600000, 0x0000000746400000| Complete 
|  39|0x0000000746600000, 0x0000000746800000, 0x0000000746800000|100%| O|  |TAMS 0x0000000746800000, 0x0000000746600000| Complete 
|  40|0x0000000746800000, 0x0000000746a00000, 0x0000000746a00000|100%| O|  |TAMS 0x0000000746a00000, 0x0000000746800000| Complete 
|  41|0x0000000746a00000, 0x0000000746c00000, 0x0000000746c00000|100%| O|  |TAMS 0x0000000746c00000, 0x0000000746a00000| Complete 
|  42|0x0000000746c00000, 0x0000000746c00000, 0x0000000746e00000|  0%| F|  |TAMS 0x0000000746c00000, 0x0000000746c00000| Untracked 
|  43|0x0000000746e00000, 0x0000000747000000, 0x0000000747000000|100%| O|  |TAMS 0x0000000747000000, 0x0000000746e00000| Complete 
|  44|0x0000000747000000, 0x0000000747200000, 0x0000000747200000|100%|HS|  |TAMS 0x0000000747200000, 0x0000000747000000| Complete 
|  45|0x0000000747200000, 0x0000000747400000, 0x0000000747400000|100%|HS|  |TAMS 0x0000000747200000, 0x0000000747200000| Complete 
|  46|0x0000000747400000, 0x0000000747600000, 0x0000000747600000|100%|HC|  |TAMS 0x0000000747400000, 0x0000000747400000| Complete 
|  47|0x0000000747600000, 0x0000000747800000, 0x0000000747800000|100%| O|  |TAMS 0x0000000747800000, 0x0000000747600000| Complete 
|  48|0x0000000747800000, 0x0000000747a00000, 0x0000000747a00000|100%| O|  |TAMS 0x0000000747a00000, 0x0000000747800000| Complete 
|  49|0x0000000747a00000, 0x0000000747c00000, 0x0000000747c00000|100%| O|  |TAMS 0x0000000747c00000, 0x0000000747a00000| Complete 
|  50|0x0000000747c00000, 0x0000000747e00000, 0x0000000747e00000|100%| O|  |TAMS 0x0000000747e00000, 0x0000000747c00000| Complete 
|  51|0x0000000747e00000, 0x0000000748000000, 0x0000000748000000|100%| O|  |TAMS 0x0000000747ecaa00, 0x0000000747e00000| Untracked 
|  52|0x0000000748000000, 0x0000000748200000, 0x0000000748200000|100%|HS|  |TAMS 0x0000000748200000, 0x0000000748000000| Complete 
|  53|0x0000000748200000, 0x0000000748400000, 0x0000000748400000|100%|HC|  |TAMS 0x0000000748400000, 0x0000000748200000| Complete 
|  54|0x0000000748400000, 0x0000000748600000, 0x0000000748600000|100%|HC|  |TAMS 0x0000000748600000, 0x0000000748400000| Complete 
|  55|0x0000000748600000, 0x0000000748800000, 0x0000000748800000|100%|HC|  |TAMS 0x0000000748800000, 0x0000000748600000| Complete 
|  56|0x0000000748800000, 0x0000000748a00000, 0x0000000748a00000|100%|HC|  |TAMS 0x0000000748a00000, 0x0000000748800000| Complete 
|  57|0x0000000748a00000, 0x0000000748c00000, 0x0000000748c00000|100%|HC|  |TAMS 0x0000000748c00000, 0x0000000748a00000| Complete 
|  58|0x0000000748c00000, 0x0000000748e00000, 0x0000000748e00000|100%|HC|  |TAMS 0x0000000748e00000, 0x0000000748c00000| Complete 
|  59|0x0000000748e00000, 0x0000000749000000, 0x0000000749000000|100%|HC|  |TAMS 0x0000000749000000, 0x0000000748e00000| Complete 
|  60|0x0000000749000000, 0x0000000749200000, 0x0000000749200000|100%|HC|  |TAMS 0x0000000749200000, 0x0000000749000000| Complete 
|  61|0x0000000749200000, 0x0000000749400000, 0x0000000749400000|100%|HC|  |TAMS 0x0000000749400000, 0x0000000749200000| Complete 
|  62|0x0000000749400000, 0x0000000749600000, 0x0000000749600000|100%|HC|  |TAMS 0x0000000749600000, 0x0000000749400000| Complete 
|  63|0x0000000749600000, 0x0000000749800000, 0x0000000749800000|100%|HC|  |TAMS 0x0000000749800000, 0x0000000749600000| Complete 
|  64|0x0000000749800000, 0x0000000749a00000, 0x0000000749a00000|100%|HC|  |TAMS 0x0000000749a00000, 0x0000000749800000| Complete 
|  65|0x0000000749a00000, 0x0000000749c00000, 0x0000000749c00000|100%|HC|  |TAMS 0x0000000749c00000, 0x0000000749a00000| Complete 
|  66|0x0000000749c00000, 0x0000000749e00000, 0x0000000749e00000|100%|HC|  |TAMS 0x0000000749e00000, 0x0000000749c00000| Complete 
|  67|0x0000000749e00000, 0x000000074a000000, 0x000000074a000000|100%|HC|  |TAMS 0x000000074a000000, 0x0000000749e00000| Complete 
|  68|0x000000074a000000, 0x000000074a200000, 0x000000074a200000|100%|HC|  |TAMS 0x000000074a200000, 0x000000074a000000| Complete 
|  69|0x000000074a200000, 0x000000074a400000, 0x000000074a400000|100%|HC|  |TAMS 0x000000074a400000, 0x000000074a200000| Complete 
|  70|0x000000074a400000, 0x000000074a600000, 0x000000074a600000|100%|HC|  |TAMS 0x000000074a600000, 0x000000074a400000| Complete 
|  71|0x000000074a600000, 0x000000074a800000, 0x000000074a800000|100%|HC|  |TAMS 0x000000074a800000, 0x000000074a600000| Complete 
|  72|0x000000074a800000, 0x000000074aa00000, 0x000000074aa00000|100%|HC|  |TAMS 0x000000074aa00000, 0x000000074a800000| Complete 
|  73|0x000000074aa00000, 0x000000074ac00000, 0x000000074ac00000|100%| O|  |TAMS 0x000000074aa00000, 0x000000074aa00000| Untracked 
|  74|0x000000074ac00000, 0x000000074ae00000, 0x000000074ae00000|100%| O|  |TAMS 0x000000074ac00000, 0x000000074ac00000| Untracked 
|  75|0x000000074ae00000, 0x000000074b000000, 0x000000074b000000|100%| O|  |TAMS 0x000000074ae00000, 0x000000074ae00000| Untracked 
|  76|0x000000074b000000, 0x000000074b000000, 0x000000074b200000|  0%| F|  |TAMS 0x000000074b000000, 0x000000074b000000| Untracked 
|  77|0x000000074b200000, 0x000000074b200000, 0x000000074b400000|  0%| F|  |TAMS 0x000000074b200000, 0x000000074b200000| Untracked 
|  78|0x000000074b400000, 0x000000074b400000, 0x000000074b600000|  0%| F|  |TAMS 0x000000074b400000, 0x000000074b400000| Untracked 
|  79|0x000000074b600000, 0x000000074b600000, 0x000000074b800000|  0%| F|  |TAMS 0x000000074b600000, 0x000000074b600000| Untracked 
|  80|0x000000074b800000, 0x000000074b800000, 0x000000074ba00000|  0%| F|  |TAMS 0x000000074b800000, 0x000000074b800000| Untracked 
|  81|0x000000074ba00000, 0x000000074ba00000, 0x000000074bc00000|  0%| F|  |TAMS 0x000000074ba00000, 0x000000074ba00000| Untracked 
|  82|0x000000074bc00000, 0x000000074bc00000, 0x000000074be00000|  0%| F|  |TAMS 0x000000074bc00000, 0x000000074bc00000| Untracked 
|  83|0x000000074be00000, 0x000000074be00000, 0x000000074c000000|  0%| F|  |TAMS 0x000000074be00000, 0x000000074be00000| Untracked 
|  84|0x000000074c000000, 0x000000074c000000, 0x000000074c200000|  0%| F|  |TAMS 0x000000074c000000, 0x000000074c000000| Untracked 
|  85|0x000000074c200000, 0x000000074c200000, 0x000000074c400000|  0%| F|  |TAMS 0x000000074c200000, 0x000000074c200000| Untracked 
|  86|0x000000074c400000, 0x000000074c400000, 0x000000074c600000|  0%| F|  |TAMS 0x000000074c400000, 0x000000074c400000| Untracked 
|  87|0x000000074c600000, 0x000000074c600000, 0x000000074c800000|  0%| F|  |TAMS 0x000000074c600000, 0x000000074c600000| Untracked 
|  88|0x000000074c800000, 0x000000074c800000, 0x000000074ca00000|  0%| F|  |TAMS 0x000000074c800000, 0x000000074c800000| Untracked 
|  89|0x000000074ca00000, 0x000000074ca00000, 0x000000074cc00000|  0%| F|  |TAMS 0x000000074ca00000, 0x000000074ca00000| Untracked 
|  90|0x000000074cc00000, 0x000000074cc00000, 0x000000074ce00000|  0%| F|  |TAMS 0x000000074cc00000, 0x000000074cc00000| Untracked 
|  91|0x000000074ce00000, 0x000000074ce00000, 0x000000074d000000|  0%| F|  |TAMS 0x000000074ce00000, 0x000000074ce00000| Untracked 
|  92|0x000000074d000000, 0x000000074d000000, 0x000000074d200000|  0%| F|  |TAMS 0x000000074d000000, 0x000000074d000000| Untracked 
|  93|0x000000074d200000, 0x000000074d200000, 0x000000074d400000|  0%| F|  |TAMS 0x000000074d200000, 0x000000074d200000| Untracked 
|  94|0x000000074d400000, 0x000000074d400000, 0x000000074d600000|  0%| F|  |TAMS 0x000000074d400000, 0x000000074d400000| Untracked 
|  95|0x000000074d600000, 0x000000074d600000, 0x000000074d800000|  0%| F|  |TAMS 0x000000074d600000, 0x000000074d600000| Untracked 
|  96|0x000000074d800000, 0x000000074d800000, 0x000000074da00000|  0%| F|  |TAMS 0x000000074d800000, 0x000000074d800000| Untracked 
|  97|0x000000074da00000, 0x000000074da00000, 0x000000074dc00000|  0%| F|  |TAMS 0x000000074da00000, 0x000000074da00000| Untracked 
|  98|0x000000074dc00000, 0x000000074dc00000, 0x000000074de00000|  0%| F|  |TAMS 0x000000074dc00000, 0x000000074dc00000| Untracked 
|  99|0x000000074de00000, 0x000000074de00000, 0x000000074e000000|  0%| F|  |TAMS 0x000000074de00000, 0x000000074de00000| Untracked 
| 100|0x000000074e000000, 0x000000074e000000, 0x000000074e200000|  0%| F|  |TAMS 0x000000074e000000, 0x000000074e000000| Untracked 
| 101|0x000000074e200000, 0x000000074e200000, 0x000000074e400000|  0%| F|  |TAMS 0x000000074e200000, 0x000000074e200000| Untracked 
| 102|0x000000074e400000, 0x000000074e5ca200, 0x000000074e600000| 89%| S|CS|TAMS 0x000000074e400000, 0x000000074e400000| Complete 
| 103|0x000000074e600000, 0x000000074e600000, 0x000000074e800000|  0%| F|  |TAMS 0x000000074e600000, 0x000000074e600000| Untracked 
| 104|0x000000074e800000, 0x000000074e800000, 0x000000074ea00000|  0%| F|  |TAMS 0x000000074e800000, 0x000000074e800000| Untracked 
| 105|0x000000074ea00000, 0x000000074ea00000, 0x000000074ec00000|  0%| F|  |TAMS 0x000000074ea00000, 0x000000074ea00000| Untracked 
| 106|0x000000074ec00000, 0x000000074ec00000, 0x000000074ee00000|  0%| F|  |TAMS 0x000000074ec00000, 0x000000074ec00000| Untracked 
| 107|0x000000074ee00000, 0x000000074ee00000, 0x000000074f000000|  0%| F|  |TAMS 0x000000074ee00000, 0x000000074ee00000| Untracked 
| 108|0x000000074f000000, 0x000000074f000000, 0x000000074f200000|  0%| F|  |TAMS 0x000000074f000000, 0x000000074f000000| Untracked 
| 109|0x000000074f200000, 0x000000074f200000, 0x000000074f400000|  0%| F|  |TAMS 0x000000074f200000, 0x000000074f200000| Untracked 
| 110|0x000000074f400000, 0x000000074f400000, 0x000000074f600000|  0%| F|  |TAMS 0x000000074f400000, 0x000000074f400000| Untracked 
| 111|0x000000074f600000, 0x000000074f600000, 0x000000074f800000|  0%| F|  |TAMS 0x000000074f600000, 0x000000074f600000| Untracked 
| 112|0x000000074f800000, 0x000000074f800000, 0x000000074fa00000|  0%| F|  |TAMS 0x000000074f800000, 0x000000074f800000| Untracked 
| 113|0x000000074fa00000, 0x000000074fa00000, 0x000000074fc00000|  0%| F|  |TAMS 0x000000074fa00000, 0x000000074fa00000| Untracked 
| 114|0x000000074fc00000, 0x000000074fc00000, 0x000000074fe00000|  0%| F|  |TAMS 0x000000074fc00000, 0x000000074fc00000| Untracked 
| 115|0x000000074fe00000, 0x000000074fe00000, 0x0000000750000000|  0%| F|  |TAMS 0x000000074fe00000, 0x000000074fe00000| Untracked 
| 116|0x0000000750000000, 0x0000000750000000, 0x0000000750200000|  0%| F|  |TAMS 0x0000000750000000, 0x0000000750000000| Untracked 
| 117|0x0000000750200000, 0x0000000750200000, 0x0000000750400000|  0%| F|  |TAMS 0x0000000750200000, 0x0000000750200000| Untracked 
| 118|0x0000000750400000, 0x0000000750400000, 0x0000000750600000|  0%| F|  |TAMS 0x0000000750400000, 0x0000000750400000| Untracked 
| 119|0x0000000750600000, 0x0000000750600000, 0x0000000750800000|  0%| F|  |TAMS 0x0000000750600000, 0x0000000750600000| Untracked 
| 120|0x0000000750800000, 0x0000000750800000, 0x0000000750a00000|  0%| F|  |TAMS 0x0000000750800000, 0x0000000750800000| Untracked 
| 121|0x0000000750a00000, 0x0000000750a00000, 0x0000000750c00000|  0%| F|  |TAMS 0x0000000750a00000, 0x0000000750a00000| Untracked 
| 122|0x0000000750c00000, 0x0000000750c00000, 0x0000000750e00000|  0%| F|  |TAMS 0x0000000750c00000, 0x0000000750c00000| Untracked 
| 123|0x0000000750e00000, 0x0000000750e00000, 0x0000000751000000|  0%| F|  |TAMS 0x0000000750e00000, 0x0000000750e00000| Untracked 
| 124|0x0000000751000000, 0x0000000751000000, 0x0000000751200000|  0%| F|  |TAMS 0x0000000751000000, 0x0000000751000000| Untracked 
| 125|0x0000000751200000, 0x0000000751200000, 0x0000000751400000|  0%| F|  |TAMS 0x0000000751200000, 0x0000000751200000| Untracked 
| 126|0x0000000751400000, 0x0000000751400000, 0x0000000751600000|  0%| F|  |TAMS 0x0000000751400000, 0x0000000751400000| Untracked 
| 127|0x0000000751600000, 0x0000000751600000, 0x0000000751800000|  0%| F|  |TAMS 0x0000000751600000, 0x0000000751600000| Untracked 
| 128|0x0000000751800000, 0x00000007518de498, 0x0000000751a00000| 43%| E|  |TAMS 0x0000000751800000, 0x0000000751800000| Complete 

Card table byte_map: [0x0000016ba8260000,0x0000016ba8860000] _byte_map_base: 0x0000016ba4854000

Marking Bits (Prev, Next): (CMBitMap*) 0x0000016b8ec70ee0, (CMBitMap*) 0x0000016b8ec70f20
 Prev Bits: [0x0000016ba8e60000, 0x0000016babe00000)
 Next Bits: [0x0000016babe00000, 0x0000016baeda0000)

Polling page: 0x0000016b8ea60000

Metaspace:

Usage:
  Non-class:     60.85 MB capacity,    60.45 MB (>99%) used,   319.38 KB ( <1%) free+waste,    93.50 KB ( <1%) overhead. 
      Class:      9.69 MB capacity,     9.50 MB ( 98%) used,   155.10 KB (  2%) free+waste,    35.38 KB ( <1%) overhead. 
       Both:     70.54 MB capacity,    69.95 MB (>99%) used,   474.48 KB ( <1%) free+waste,   128.88 KB ( <1%) overhead. 

Virtual space:
  Non-class space:       62.00 MB reserved,      60.88 MB ( 98%) committed 
      Class space:        1.00 GB reserved,       9.70 MB ( <1%) committed 
             Both:        1.06 GB reserved,      70.58 MB (  6%) committed 

Chunk freelists:
   Non-Class:  25.00 KB
       Class:  0 bytes
        Both:  25.00 KB

MaxMetaspaceSize: 17179869184.00 GB
CompressedClassSpaceSize: 1.00 GB

CodeHeap 'non-profiled nmethods': size=120000Kb used=7982Kb max_used=8441Kb free=112017Kb
 bounds [0x0000016ba0100000, 0x0000016ba0940000, 0x0000016ba7630000]
CodeHeap 'profiled nmethods': size=120000Kb used=17644Kb max_used=18809Kb free=102355Kb
 bounds [0x0000016b98bd0000, 0x0000016b99e30000, 0x0000016ba0100000]
CodeHeap 'non-nmethods': size=5760Kb used=1687Kb max_used=1736Kb free=4072Kb
 bounds [0x0000016b98630000, 0x0000016b988a0000, 0x0000016b98bd0000]
 total_blobs=10222 nmethods=9139 adapters=989
 compilation: enabled
              stopped_count=0, restarted_count=0
 full_count=0

Compilation events (20 events):
Event: 656.748 Thread 0x0000016bb13ccec0 nmethod 11593 0x0000016b98c9e210 code [0x0000016b98c9e4a0, 0x0000016b98c9ee58]
Event: 656.748 Thread 0x0000016bb13ccec0 11594       3       javafx.scene.paint.Color::getOpacity (6 bytes)
Event: 656.748 Thread 0x0000016bb13ccec0 nmethod 11594 0x0000016b98fe3a90 code [0x0000016b98fe3c20, 0x0000016b98fe3d18]
Event: 656.749 Thread 0x0000016bb13ccec0 11591       1       com.sun.javafx.css.CalculatedValue::getValue (5 bytes)
Event: 656.749 Thread 0x0000016bb13ccec0 nmethod 11591 0x0000016ba0824410 code [0x0000016ba08245a0, 0x0000016ba0824658]
Event: 656.749 Thread 0x0000016bb13ccec0 11592       1       javafx.scene.text.Font::getSize (5 bytes)
Event: 656.749 Thread 0x0000016bb13ccec0 nmethod 11592 0x0000016ba0824110 code [0x0000016ba08242a0, 0x0000016ba0824358]
Event: 656.749 Thread 0x0000016bb13ccec0 11595       1       javafx.scene.paint.Stop::getColor (5 bytes)
Event: 656.749 Thread 0x0000016bb13ccec0 nmethod 11595 0x0000016ba0823e10 code [0x0000016ba0823fa0, 0x0000016ba0824058]
Event: 656.755 Thread 0x0000016bb13ccec0 11596       3       java.lang.invoke.LambdaForm::<init> (115 bytes)
Event: 656.756 Thread 0x0000016bb13ccec0 nmethod 11596 0x0000016b98ecbe90 code [0x0000016b98ecc0a0, 0x0000016b98ecc768]
Event: 656.756 Thread 0x0000016bb13ccec0 11597       3       java.lang.invoke.LambdaForm::fixResult (31 bytes)
Event: 656.756 Thread 0x0000016bb13ccec0 nmethod 11597 0x0000016b994e8010 code [0x0000016b994e81c0, 0x0000016b994e8398]
Event: 656.756 Thread 0x0000016bb13ccec0 11598       3       java.lang.invoke.InvokerBytecodeGenerator::<init> (80 bytes)
Event: 656.756 Thread 0x0000016bb13c7740 11600       4       java.lang.invoke.LambdaForm$Name::replaceNames (174 bytes)
Event: 656.756 Thread 0x0000016bb13ccec0 nmethod 11598 0x0000016b98daf590 code [0x0000016b98daf760, 0x0000016b98dafb28]
Event: 656.756 Thread 0x0000016bb13ccec0 11601       3       java.lang.invoke.InvokerBytecodeGenerator::lookupPregenerated (297 bytes)
Event: 656.757 Thread 0x0000016bb13ccec0 nmethod 11601 0x0000016b98ddd410 code [0x0000016b98ddd7a0, 0x0000016b98ddede8]
Event: 656.757 Thread 0x0000016bb13ccec0 11605       3       java.lang.invoke.LambdaFormBuffer::replaceName (124 bytes)
Event: 656.757 Thread 0x0000016bb13ccec0 nmethod 11605 0x0000016b994e9410 code [0x0000016b994e95c0, 0x0000016b994e9768]

GC Heap History (20 events):
Event: 85.465 GC heap before
{Heap before GC invocations=28 (full 0):
 garbage-first heap   total 204800K, used 163271K [0x0000000741800000, 0x0000000800000000)
  region size 2048K, 23 young (47104K), 3 survivors (6144K)
 Metaspace       used 51543K, capacity 51917K, committed 52176K, reserved 1093632K
  class space    used 7011K, capacity 7161K, committed 7244K, reserved 1048576K
}
Event: 85.473 GC heap after
{Heap after GC invocations=29 (full 0):
 garbage-first heap   total 204800K, used 127122K [0x0000000741800000, 0x0000000800000000)
  region size 2048K, 3 young (6144K), 3 survivors (6144K)
 Metaspace       used 51543K, capacity 51917K, committed 52176K, reserved 1093632K
  class space    used 7011K, capacity 7161K, committed 7244K, reserved 1048576K
}
Event: 150.491 GC heap before
{Heap before GC invocations=30 (full 0):
 garbage-first heap   total 219136K, used 166034K [0x0000000741800000, 0x0000000800000000)
  region size 2048K, 22 young (45056K), 3 survivors (6144K)
 Metaspace       used 52201K, capacity 52526K, committed 52816K, reserved 1095680K
  class space    used 7123K, capacity 7257K, committed 7372K, reserved 1048576K
}
Event: 150.500 GC heap after
{Heap after GC invocations=31 (full 0):
 garbage-first heap   total 219136K, used 131151K [0x0000000741800000, 0x0000000800000000)
  region size 2048K, 3 young (6144K), 3 survivors (6144K)
 Metaspace       used 52201K, capacity 52526K, committed 52816K, reserved 1095680K
  class space    used 7123K, capacity 7257K, committed 7372K, reserved 1048576K
}
Event: 291.680 GC heap before
{Heap before GC invocations=31 (full 0):
 garbage-first heap   total 219136K, used 178255K [0x0000000741800000, 0x0000000800000000)
  region size 2048K, 26 young (53248K), 3 survivors (6144K)
 Metaspace       used 52718K, capacity 53045K, committed 53328K, reserved 1095680K
  class space    used 7200K, capacity 7322K, committed 7372K, reserved 1048576K
}
Event: 291.685 GC heap after
{Heap after GC invocations=32 (full 0):
 garbage-first heap   total 219136K, used 132762K [0x0000000741800000, 0x0000000800000000)
  region size 2048K, 1 young (2048K), 1 survivors (2048K)
 Metaspace       used 52718K, capacity 53045K, committed 53328K, reserved 1095680K
  class space    used 7200K, capacity 7322K, committed 7372K, reserved 1048576K
}
Event: 294.820 GC heap before
{Heap before GC invocations=33 (full 0):
 garbage-first heap   total 229376K, used 179866K [0x0000000741800000, 0x0000000800000000)
  region size 2048K, 24 young (49152K), 1 survivors (2048K)
 Metaspace       used 63342K, capacity 63872K, committed 63952K, reserved 1103872K
  class space    used 8566K, capacity 8739K, committed 8780K, reserved 1048576K
}
Event: 294.827 GC heap after
{Heap after GC invocations=34 (full 0):
 garbage-first heap   total 229376K, used 135898K [0x0000000741800000, 0x0000000800000000)
  region size 2048K, 3 young (6144K), 3 survivors (6144K)
 Metaspace       used 63342K, capacity 63872K, committed 63952K, reserved 1103872K
  class space    used 8566K, capacity 8739K, committed 8780K, reserved 1048576K
}
Event: 294.842 GC heap before
{Heap before GC invocations=34 (full 0):
 garbage-first heap   total 229376K, used 135898K [0x0000000741800000, 0x0000000800000000)
  region size 2048K, 4 young (8192K), 3 survivors (6144K)
 Metaspace       used 63770K, capacity 64288K, committed 64592K, reserved 1105920K
  class space    used 8614K, capacity 8771K, committed 8908K, reserved 1048576K
}
Event: 294.846 GC heap after
{Heap after GC invocations=35 (full 0):
 garbage-first heap   total 229376K, used 136325K [0x0000000741800000, 0x0000000800000000)
  region size 2048K, 2 young (4096K), 2 survivors (4096K)
 Metaspace       used 63770K, capacity 64288K, committed 64592K, reserved 1105920K
  class space    used 8614K, capacity 8771K, committed 8908K, reserved 1048576K
}
Event: 317.672 GC heap before
{Heap before GC invocations=36 (full 0):
 garbage-first heap   total 239616K, used 193669K [0x0000000741800000, 0x0000000800000000)
  region size 2048K, 29 young (59392K), 2 survivors (4096K)
 Metaspace       used 68397K, capacity 68959K, committed 69328K, reserved 1110016K
  class space    used 9232K, capacity 9427K, committed 9548K, reserved 1048576K
}
Event: 317.684 GC heap after
{Heap after GC invocations=37 (full 0):
 garbage-first heap   total 239616K, used 148117K [0x0000000741800000, 0x0000000800000000)
  region size 2048K, 4 young (8192K), 4 survivors (8192K)
 Metaspace       used 68397K, capacity 68959K, committed 69328K, reserved 1110016K
  class space    used 9232K, capacity 9427K, committed 9548K, reserved 1048576K
}
Event: 437.984 GC heap before
{Heap before GC invocations=37 (full 0):
 garbage-first heap   total 239616K, used 195221K [0x0000000741800000, 0x0000000800000000)
  region size 2048K, 27 young (55296K), 4 survivors (8192K)
 Metaspace       used 69364K, capacity 70015K, committed 70096K, reserved 1110016K
  class space    used 9300K, capacity 9523K, committed 9548K, reserved 1048576K
}
Event: 437.994 GC heap after
{Heap after GC invocations=38 (full 0):
 garbage-first heap   total 239616K, used 151177K [0x0000000741800000, 0x0000000800000000)
  region size 2048K, 2 young (4096K), 2 survivors (4096K)
 Metaspace       used 69364K, capacity 70015K, committed 70096K, reserved 1110016K
  class space    used 9300K, capacity 9523K, committed 9548K, reserved 1048576K
}
Event: 469.466 GC heap before
{Heap before GC invocations=39 (full 0):
 garbage-first heap   total 260096K, used 196233K [0x0000000741800000, 0x0000000800000000)
  region size 2048K, 24 young (49152K), 2 survivors (4096K)
 Metaspace       used 70061K, capacity 70655K, committed 70736K, reserved 1110016K
  class space    used 9443K, capacity 9651K, committed 9676K, reserved 1048576K
}
Event: 469.472 GC heap after
{Heap after GC invocations=40 (full 0):
 garbage-first heap   total 260096K, used 154246K [0x0000000741800000, 0x0000000800000000)
  region size 2048K, 3 young (6144K), 3 survivors (6144K)
 Metaspace       used 70061K, capacity 70655K, committed 70736K, reserved 1110016K
  class space    used 9443K, capacity 9651K, committed 9676K, reserved 1048576K
}
Event: 578.013 GC heap before
{Heap before GC invocations=40 (full 0):
 garbage-first heap   total 260096K, used 213638K [0x0000000741800000, 0x0000000800000000)
  region size 2048K, 32 young (65536K), 3 survivors (6144K)
 Metaspace       used 71176K, capacity 71746K, committed 72016K, reserved 1112064K
  class space    used 9653K, capacity 9844K, committed 9932K, reserved 1048576K
}
Event: 578.021 GC heap after
{Heap after GC invocations=41 (full 0):
 garbage-first heap   total 260096K, used 159113K [0x0000000741800000, 0x0000000800000000)
  region size 2048K, 3 young (6144K), 3 survivors (6144K)
 Metaspace       used 71176K, capacity 71746K, committed 72016K, reserved 1112064K
  class space    used 9653K, capacity 9844K, committed 9932K, reserved 1048576K
}
Event: 656.737 GC heap before
{Heap before GC invocations=42 (full 0):
 garbage-first heap   total 264192K, used 206217K [0x0000000741800000, 0x0000000800000000)
  region size 2048K, 29 young (59392K), 3 survivors (6144K)
 Metaspace       used 71520K, capacity 72130K, committed 72272K, reserved 1112064K
  class space    used 9711K, capacity 9908K, committed 9932K, reserved 1048576K
}
Event: 656.741 GC heap after
{Heap after GC invocations=43 (full 0):
 garbage-first heap   total 264192K, used 151172K [0x0000000741800000, 0x0000000800000000)
  region size 2048K, 1 young (2048K), 1 survivors (2048K)
 Metaspace       used 71520K, capacity 72130K, committed 72272K, reserved 1112064K
  class space    used 9711K, capacity 9908K, committed 9932K, reserved 1048576K
}

Deoptimization events (20 events):
Event: 656.750 Thread 0x0000016bb2b59fd0 Uncommon trap: trap_request=0xffffff45 fr.pc=0x0000016ba03c14f4 relative=0x00000000000001d4
Event: 656.750 Thread 0x0000016bb2b59fd0 Uncommon trap: reason=unstable_if action=reinterpret pc=0x0000016ba03c14f4 method=java.awt.Component.eventTypeEnabled(I)Z @ 228 c2
Event: 656.750 Thread 0x0000016bb2b59fd0 DEOPT PACKING pc=0x0000016ba03c14f4 sp=0x00000047d0cfdf50
Event: 656.750 Thread 0x0000016bb2b59fd0 DEOPT UNPACKING pc=0x0000016b9867e42f sp=0x00000047d0cfdee0 mode 2
Event: 656.751 Thread 0x0000016bb2b59fd0 Uncommon trap: trap_request=0xffffff45 fr.pc=0x0000016ba08a4dcc relative=0x00000000000016cc
Event: 656.751 Thread 0x0000016bb2b59fd0 Uncommon trap: reason=unstable_if action=reinterpret pc=0x0000016ba08a4dcc method=java.awt.image.BufferedImage.<init>(III)V @ 10 c2
Event: 656.751 Thread 0x0000016bb2b59fd0 DEOPT PACKING pc=0x0000016ba08a4dcc sp=0x00000047d0cfdc60
Event: 656.751 Thread 0x0000016bb2b59fd0 DEOPT UNPACKING pc=0x0000016b9867e42f sp=0x00000047d0cfdca8 mode 2
Event: 656.751 Thread 0x0000016bb4cae080 Uncommon trap: trap_request=0xffffff45 fr.pc=0x0000016ba0317a00 relative=0x0000000000003b80
Event: 656.751 Thread 0x0000016bb4cae080 Uncommon trap: reason=unstable_if action=reinterpret pc=0x0000016ba0317a00 method=java.net.URLStreamHandler.parseURL(Ljava/net/URL;Ljava/lang/String;II)V @ 84 c2
Event: 656.751 Thread 0x0000016bb4cae080 DEOPT PACKING pc=0x0000016ba0317a00 sp=0x00000047d1cfdef0
Event: 656.751 Thread 0x0000016bb4cae080 DEOPT UNPACKING pc=0x0000016b9867e42f sp=0x00000047d1cfdec0 mode 2
Event: 656.752 Thread 0x0000016bb4cae080 Uncommon trap: trap_request=0xffffff45 fr.pc=0x0000016ba031140c relative=0x000000000000080c
Event: 656.752 Thread 0x0000016bb4cae080 Uncommon trap: reason=unstable_if action=reinterpret pc=0x0000016ba031140c method=java.net.URL.set(Ljava/lang/String;Ljava/lang/String;ILjava/lang/String;Ljava/lang/String;Ljava/lang/String;Ljava/lang/String;Ljava/lang/String;)V @ 23 c2
Event: 656.752 Thread 0x0000016bb4cae080 DEOPT PACKING pc=0x0000016ba031140c sp=0x00000047d1cfdd80
Event: 656.752 Thread 0x0000016bb4cae080 DEOPT UNPACKING pc=0x0000016b9867e42f sp=0x00000047d1cfdd00 mode 2
Event: 656.753 Thread 0x0000016bb2b59fd0 Uncommon trap: trap_request=0xffffff45 fr.pc=0x0000016ba07d1060 relative=0x00000000000000c0
Event: 656.753 Thread 0x0000016bb2b59fd0 Uncommon trap: reason=unstable_if action=reinterpret pc=0x0000016ba07d1060 method=java.awt.Component.processComponentEvent(Ljava/awt/event/ComponentEvent;)V @ 6 c2
Event: 656.753 Thread 0x0000016bb2b59fd0 DEOPT PACKING pc=0x0000016ba07d1060 sp=0x00000047d0cfdec0
Event: 656.753 Thread 0x0000016bb2b59fd0 DEOPT UNPACKING pc=0x0000016b9867e42f sp=0x00000047d0cfde50 mode 2

Classes unloaded (0 events):
No events

Classes redefined (0 events):
No events

Internal exceptions (20 events):
Event: 294.381 Thread 0x0000016bb2b59fd0 Implicit null exception at 0x0000016ba03a1152 to 0x0000016ba03a1a3c
Event: 294.383 Thread 0x0000016bb2b59fd0 Exception <a 'java/lang/IncompatibleClassChangeError'{0x000000074d8386b8}: Found class java.lang.Object, but interface was expected> (0x000000074d8386b8) 
thrown [./open/src/hotspot/share/interpreter/linkResolver.cpp, line 848]
Event: 294.388 Thread 0x0000016bb2b59fd0 Exception <a 'java/lang/ClassNotFoundException'{0x000000074d84b2e0}: org/springframework/beans/factory/config/FieldRetrievingFactoryBeanCustomizer> (0x000000074d84b2e0) 
thrown [./open/src/hotspot/share/classfile/systemDictionary.cpp, line 295]
Event: 294.442 Thread 0x0000016bb2b59fd0 Exception <a 'java/lang/NoSuchMethodError'{0x000000074d6fb100}: 'java.lang.Object java.lang.invoke.DirectMethodHandle$Holder.invokeStatic(java.lang.Object, java.lang.Object, int, int, int, int)'> (0x000000074d6fb100) 
thrown [./open/src/hotspot/share/interpreter/linkResolver.cpp, line 782]
Event: 294.443 Thread 0x0000016bb2b59fd0 Exception <a 'java/lang/NoSuchMethodError'{0x000000074d6fed90}: 'java.lang.Object java.lang.invoke.DirectMethodHandle$Holder.invokeStaticInit(java.lang.Object, java.lang.Object, int, int, int, int)'> (0x000000074d6fed90) 
thrown [./open/src/hotspot/share/interpreter/linkResolver.cpp, line 782]
Event: 294.576 Thread 0x0000016bb2b59fd0 Exception <a 'java/lang/NoSuchMethodError'{0x000000074d381798}: 'java.lang.Object java.lang.invoke.DirectMethodHandle$Holder.invokeSpecial(java.lang.Object, java.lang.Object, java.lang.Object, java.lang.Object, java.lang.Object, java.lang.Object, int)'> (0x000000074d381798) 
thrown [./open/src/hotspot/share/interpreter/linkResolver.cpp, line 782]
Event: 294.578 Thread 0x0000016bb2b59fd0 Implicit null exception at 0x0000016ba02879fe to 0x0000016ba0287a7c
Event: 294.583 Thread 0x0000016bb2b59fd0 Implicit null exception at 0x0000016ba0238155 to 0x0000016ba023841c
Event: 426.532 Thread 0x0000016bb2b59fd0 Implicit null exception at 0x0000016ba068e5b8 to 0x0000016ba068e930
Event: 469.473 Thread 0x0000016bb2b59fd0 Implicit null exception at 0x0000016ba0415800 to 0x0000016ba041a0e0
Event: 469.473 Thread 0x0000016bb2b59fd0 Implicit null exception at 0x0000016ba0644f72 to 0x0000016ba0646128
Event: 469.473 Thread 0x0000016bb2b59fd0 Implicit null exception at 0x0000016ba0681beb to 0x0000016ba0682d4c
Event: 544.678 Thread 0x0000016bb2b59fd0 Implicit null exception at 0x0000016ba08f7816 to 0x0000016ba08f7978
Event: 574.122 Thread 0x0000016bb2b59fd0 Implicit null exception at 0x0000016ba0296966 to 0x0000016ba0296d70
Event: 656.753 Thread 0x0000016bb4cae080 Exception <a 'sun/nio/fs/WindowsException'{0x000000075187a118}> (0x000000075187a118) 
thrown [./open/src/hotspot/share/prims/jni.cpp, line 578]
Event: 656.754 Thread 0x0000016bb4cae080 Exception <a 'sun/nio/fs/WindowsException'{0x000000075187ad38}> (0x000000075187ad38) 
thrown [./open/src/hotspot/share/prims/jni.cpp, line 578]
Event: 656.757 Thread 0x0000016bb4cae080 Exception <a 'java/lang/NoSuchMethodError'{0x00000007518c7b80}: 'java.lang.Object java.lang.invoke.DirectMethodHandle$Holder.invokeSpecial(java.lang.Object, java.lang.Object, long, java.lang.Object)'> (0x00000007518c7b80) 
thrown [./open/src/hotspot/share/interpreter/linkResolver.cpp, line 782]
Event: 656.759 Thread 0x0000016bb4cae080 Exception <a 'java/lang/NoSuchMethodError'{0x00000007518d4ea8}: fwkLoad> (0x00000007518d4ea8) 
thrown [./open/src/hotspot/share/prims/jni.cpp, line 1171]
Event: 656.760 Thread 0x0000016bb4cae080 Exception <a 'java/lang/NoClassDefFoundError'{0x00000007518d6210}: com/sun/webkit/network/URLLoaderBase> (0x00000007518d6210) 
thrown [./open/src/hotspot/share/classfile/systemDictionary.cpp, line 284]
Event: 656.760 Thread 0x0000016bb4cae080 Exception <a 'java/lang/NoSuchMethodError'{0x00000007518d6518}: fwkCancel> (0x00000007518d6518) 
thrown [./open/src/hotspot/share/prims/jni.cpp, line 1171]

Events (20 events):
Event: 644.187 Executing VM operation: HandshakeAllThreads
Event: 644.187 Executing VM operation: HandshakeAllThreads done
Event: 646.188 Executing VM operation: HandshakeAllThreads
Event: 646.188 Executing VM operation: HandshakeAllThreads done
Event: 651.190 Executing VM operation: HandshakeAllThreads
Event: 651.190 Executing VM operation: HandshakeAllThreads done
Event: 652.190 Executing VM operation: HandshakeAllThreads
Event: 652.190 Executing VM operation: HandshakeAllThreads done
Event: 653.191 Executing VM operation: HandshakeAllThreads
Event: 653.191 Executing VM operation: HandshakeAllThreads done
Event: 654.191 Executing VM operation: HandshakeAllThreads
Event: 654.191 Executing VM operation: HandshakeAllThreads done
Event: 655.191 Executing VM operation: HandshakeAllThreads
Event: 655.191 Executing VM operation: HandshakeAllThreads done
Event: 656.192 Executing VM operation: HandshakeAllThreads
Event: 656.192 Executing VM operation: HandshakeAllThreads done
Event: 656.737 Executing VM operation: G1CollectForAllocation
Event: 656.741 Executing VM operation: G1CollectForAllocation done
Event: 656.751 loading class sun/java2d/cmm/CMSManager
Event: 656.751 loading class sun/java2d/cmm/CMSManager done


Dynamic libraries:
0x00007ff632d20000 - 0x00007ff632d2f000 	C:\Program Files\Java\jdk-15.0.2\bin\java.exe
0x00007ffe7fb00000 - 0x00007ffe7fcf0000 	C:\Windows\SYSTEM32\ntdll.dll
0x00007ffe7f900000 - 0x00007ffe7f9b2000 	C:\Windows\System32\KERNEL32.DLL
0x00007ffe7d340000 - 0x00007ffe7d5e5000 	C:\Windows\System32\KERNELBASE.dll
0x00007ffe7d240000 - 0x00007ffe7d33a000 	C:\Windows\System32\ucrtbase.dll
0x00007ffe74de0000 - 0x00007ffe74df9000 	C:\Program Files\Java\jdk-15.0.2\bin\VCRUNTIME140.dll
0x00007ffe6c5a0000 - 0x00007ffe6c5b8000 	C:\Program Files\Java\jdk-15.0.2\bin\jli.dll
0x00007ffe7e870000 - 0x00007ffe7e913000 	C:\Windows\System32\ADVAPI32.dll
0x00007ffe7f6d0000 - 0x00007ffe7f76e000 	C:\Windows\System32\msvcrt.dll
0x00007ffe7ee40000 - 0x00007ffe7eed7000 	C:\Windows\System32\sechost.dll
0x00007ffe7f7e0000 - 0x00007ffe7f900000 	C:\Windows\System32\RPCRT4.dll
0x00007ffe7e920000 - 0x00007ffe7eab5000 	C:\Windows\System32\USER32.dll
0x00007ffe7d210000 - 0x00007ffe7d231000 	C:\Windows\System32\win32u.dll
0x00007ffe7e010000 - 0x00007ffe7e036000 	C:\Windows\System32\GDI32.dll
0x00007ffe7d940000 - 0x00007ffe7dad6000 	C:\Windows\System32\gdi32full.dll
0x00007ffe7db10000 - 0x00007ffe7dbae000 	C:\Windows\System32\msvcp_win.dll
0x00007ffe6d7d0000 - 0x00007ffe6da54000 	C:\Windows\WinSxS\amd64_microsoft.windows.common-controls_6595b64144ccf1df_6.0.18362.1082_none_9e8193e1e45b25c1\COMCTL32.dll
0x00007ffe7dcd0000 - 0x00007ffe7e005000 	C:\Windows\System32\combase.dll
0x00007ffe7d610000 - 0x00007ffe7d690000 	C:\Windows\System32\bcryptPrimitives.dll
0x00007ffe701a0000 - 0x00007ffe701aa000 	C:\Windows\SYSTEM32\VERSION.dll
0x00007ffe7dc40000 - 0x00007ffe7dc6e000 	C:\Windows\System32\IMM32.DLL
0x00007ffe75300000 - 0x00007ffe7530c000 	C:\Program Files\Java\jdk-15.0.2\bin\vcruntime140_1.dll
0x00007ffe5d7c0000 - 0x00007ffe5d851000 	C:\Program Files\Java\jdk-15.0.2\bin\msvcp140.dll
0x00007ffe412f0000 - 0x00007ffe41e4e000 	C:\Program Files\Java\jdk-15.0.2\bin\server\jvm.dll
0x00007ffe7f9c0000 - 0x00007ffe7f9c8000 	C:\Windows\System32\PSAPI.DLL
0x00007ffe75310000 - 0x00007ffe75319000 	C:\Windows\SYSTEM32\WSOCK32.dll
0x00007ffe7f770000 - 0x00007ffe7f7df000 	C:\Windows\System32\WS2_32.dll
0x00007ffe7a4e0000 - 0x00007ffe7a504000 	C:\Windows\SYSTEM32\WINMM.dll
0x00007ffe7a4b0000 - 0x00007ffe7a4dd000 	C:\Windows\SYSTEM32\winmmbase.dll
0x00007ffe7d8f0000 - 0x00007ffe7d93a000 	C:\Windows\System32\cfgmgr32.dll
0x00007ffe7ca50000 - 0x00007ffe7ca61000 	C:\Windows\System32\kernel.appcore.dll
0x00007ffe709e0000 - 0x00007ffe709ea000 	C:\Program Files\Java\jdk-15.0.2\bin\jimage.dll
0x00007ffe7b230000 - 0x00007ffe7b424000 	C:\Windows\SYSTEM32\DBGHELP.DLL
0x00007ffe7a7b0000 - 0x00007ffe7a7da000 	C:\Windows\SYSTEM32\dbgcore.DLL
0x00007ffe70660000 - 0x00007ffe70685000 	C:\Program Files\Java\jdk-15.0.2\bin\java.dll
0x00007ffe7e180000 - 0x00007ffe7e867000 	C:\Windows\System32\SHELL32.dll
0x00007ffe7f420000 - 0x00007ffe7f4c9000 	C:\Windows\System32\shcore.dll
0x00007ffe7ca90000 - 0x00007ffe7d210000 	C:\Windows\System32\windows.storage.dll
0x00007ffe7c9d0000 - 0x00007ffe7c9f3000 	C:\Windows\System32\profapi.dll
0x00007ffe7ca00000 - 0x00007ffe7ca4a000 	C:\Windows\System32\powrprof.dll
0x00007ffe7c9c0000 - 0x00007ffe7c9d0000 	C:\Windows\System32\UMPDC.dll
0x00007ffe7f9d0000 - 0x00007ffe7fa22000 	C:\Windows\System32\shlwapi.dll
0x00007ffe7d5f0000 - 0x00007ffe7d607000 	C:\Windows\System32\cryptsp.dll
0x00007ffe70640000 - 0x00007ffe70659000 	C:\Program Files\Java\jdk-15.0.2\bin\net.dll
0x00007ffe71950000 - 0x00007ffe71a40000 	C:\Windows\SYSTEM32\WINHTTP.dll
0x00007ffe7c1b0000 - 0x00007ffe7c217000 	C:\Windows\system32\mswsock.dll
0x00007ffe70620000 - 0x00007ffe70632000 	C:\Program Files\Java\jdk-15.0.2\bin\nio.dll
0x00007ffe70600000 - 0x00007ffe70618000 	C:\Program Files\Java\jdk-15.0.2\bin\zip.dll
0x00007ffe5b970000 - 0x00007ffe5baf0000 	C:\Program Files\Java\jdk-15.0.2\bin\awt.dll
0x00007ffe7f350000 - 0x00007ffe7f415000 	C:\Windows\System32\OLEAUT32.dll
0x00007ffe7a710000 - 0x00007ffe7a79f000 	C:\Windows\SYSTEM32\apphelp.dll
0x00007ffe7a800000 - 0x00007ffe7a899000 	C:\Windows\system32\uxtheme.dll
0x00007ffe7e040000 - 0x00007ffe7e175000 	C:\Windows\System32\MSCTF.dll
0x00007ffe7ecd0000 - 0x00007ffe7ee27000 	C:\Windows\System32\ole32.dll
0x00007ffe7ad10000 - 0x00007ffe7ad3d000 	C:\Windows\system32\DWMAPI.DLL
0x00007ffe78e60000 - 0x00007ffe78f09000 	C:\Windows\WinSxS\amd64_microsoft.windows.common-controls_6595b64144ccf1df_5.82.18362.1082_none_73b2803ad816b43c\comctl32.dll
0x00007ffe58000000 - 0x00007ffe58085000 	C:\Program Files\Java\jdk-15.0.2\bin\freetype.dll
0x00007ffe57d00000 - 0x00007ffe57da9000 	C:\Program Files\Java\jdk-15.0.2\bin\fontmanager.dll
0x00007ffe65d10000 - 0x00007ffe65e66000 	C:\Windows\system32\opengl32.dll
0x00007ffe6cf20000 - 0x00007ffe6cf4c000 	C:\Windows\SYSTEM32\GLU32.dll
0x00007ffe7b680000 - 0x00007ffe7b6a0000 	C:\Windows\SYSTEM32\dxcore.dll
0x00007ffe7f620000 - 0x00007ffe7f6c2000 	C:\Windows\System32\clbcatq.dll
0x00007ffe78f30000 - 0x00007ffe79020000 	C:\Windows\SYSTEM32\PROPSYS.dll
0x00007ffe76fd0000 - 0x00007ffe76fe6000 	C:\Windows\system32\NetworkExplorer.dll
0x00007ffe6d5d0000 - 0x00007ffe6d5eb000 	C:\Windows\SYSTEM32\MPR.dll
0x00007ffe758f0000 - 0x00007ffe758fb000 	C:\Windows\System32\drprov.dll
0x00007ffe7c7a0000 - 0x00007ffe7c7f6000 	C:\Windows\System32\WINSTA.dll
0x00007ffe71e10000 - 0x00007ffe71e25000 	C:\Windows\System32\ntlanman.dll
0x00007ffe709f0000 - 0x00007ffe70a0d000 	C:\Windows\System32\davclnt.dll
0x00007ffe71e00000 - 0x00007ffe71e0c000 	C:\Windows\System32\DAVHLPR.dll
0x00007ffe76ff0000 - 0x00007ffe77007000 	C:\Windows\System32\wkscli.dll
0x00007ffe7dae0000 - 0x00007ffe7db06000 	C:\Windows\System32\bcrypt.dll
0x00007ffe60080000 - 0x00007ffe60092000 	C:\Windows\SYSTEM32\cscapi.dll
0x00007ffe7bfd0000 - 0x00007ffe7bfdc000 	C:\Windows\System32\netutils.dll
0x00007ffe5bc10000 - 0x00007ffe5bc63000 	C:\Windows\System32\dlnashext.dll
0x00007ffe622a0000 - 0x00007ffe62304000 	C:\Windows\System32\PlayToDevice.dll
0x00007ffe6a390000 - 0x00007ffe6a3b0000 	C:\Windows\System32\DevDispItemProvider.dll
0x00007ffe760a0000 - 0x00007ffe76112000 	C:\Windows\System32\MMDevApi.dll
0x00007ffe7c750000 - 0x00007ffe7c77a000 	C:\Windows\System32\DEVOBJ.dll
0x00007ffe7bec0000 - 0x00007ffe7befa000 	C:\Windows\System32\IPHLPAPI.DLL
0x00007ffe7dbb0000 - 0x00007ffe7dbb8000 	C:\Windows\System32\NSI.dll
0x00007ffe76e40000 - 0x00007ffe76e56000 	C:\Windows\SYSTEM32\dhcpcsvc6.DLL
0x00007ffe76ce0000 - 0x00007ffe76cfc000 	C:\Windows\SYSTEM32\dhcpcsvc.DLL
0x00007ffe7bf00000 - 0x00007ffe7bfcb000 	C:\Windows\SYSTEM32\DNSAPI.dll
0x00007ffe76e60000 - 0x00007ffe76e6b000 	C:\Windows\SYSTEM32\WINNSI.DLL
0x00007ffe7b1f0000 - 0x00007ffe7b22d000 	C:\Windows\System32\netprofm.dll
0x00007ffe70cd0000 - 0x00007ffe70ce0000 	C:\Windows\System32\npmproxy.dll
0x00007ffe77020000 - 0x00007ffe7778c000 	C:\Windows\System32\OneCoreUAPCommonProxyStub.dll
0x00007ffe578e0000 - 0x00007ffe5797b000 	C:\Windows\system32\wpdshext.dll
0x00007ffe515a0000 - 0x00007ffe51743000 	C:\Windows\WinSxS\amd64_microsoft.windows.gdiplus_6595b64144ccf1df_1.1.18362.1082_none_cf6c86c73eed9f8f\gdiplus.dll
0x00007ffe72a80000 - 0x00007ffe72b1e000 	C:\Windows\System32\PortableDeviceApi.dll
0x00007ffe7eee0000 - 0x00007ffe7f350000 	C:\Windows\System32\SETUPAPI.dll
0x00007ffe7d690000 - 0x00007ffe7d6ec000 	C:\Windows\System32\WINTRUST.dll
0x00007ffe7ca70000 - 0x00007ffe7ca82000 	C:\Windows\System32\MSASN1.dll
0x00007ffe7d6f0000 - 0x00007ffe7d839000 	C:\Windows\System32\CRYPT32.dll
0x00007ffe6a9c0000 - 0x00007ffe6a9f7000 	C:\Windows\System32\EhStorShell.dll
0x00007ffe62270000 - 0x00007ffe62295000 	C:\Windows\System32\EhStorAPI.dll
0x00007ffe79080000 - 0x00007ffe79093000 	C:\Windows\System32\WTSAPI32.dll
0x00007ffe5ff60000 - 0x00007ffe5ff6d000 	C:\Windows\SYSTEM32\LINKINFO.dll
0x00007ffe6b3c0000 - 0x00007ffe6b453000 	C:\Windows\System32\appresolver.dll
0x00007ffe76170000 - 0x00007ffe761cd000 	C:\Windows\System32\Bcp47Langs.dll
0x00007ffe7c8a0000 - 0x00007ffe7c8c5000 	C:\Windows\System32\USERENV.dll
0x00007ffe7b8b0000 - 0x00007ffe7b8d7000 	C:\Windows\System32\SLC.dll
0x00007ffe7b880000 - 0x00007ffe7b8a6000 	C:\Windows\System32\sppc.dll
0x00007ffe705f0000 - 0x00007ffe70600000 	C:\Program Files\Java\jdk-15.0.2\bin\verify.dll
0x00007ffe6d570000 - 0x00007ffe6d57d000 	C:\Program Files\Java\jdk-15.0.2\bin\sunmscapi.dll
0x00007ffe7c480000 - 0x00007ffe7c4a6000 	C:\Windows\SYSTEM32\ncrypt.dll
0x00007ffe7c440000 - 0x00007ffe7c47b000 	C:\Windows\SYSTEM32\NTASN1.dll
0x00007ffe77fd0000 - 0x00007ffe7817f000 	C:\Windows\SYSTEM32\WindowsCodecs.dll
0x00007ffe6dcd0000 - 0x00007ffe6dd0a000 	C:\Windows\system32\dataexchange.dll
0x00007ffe79e80000 - 0x00007ffe7a05d000 	C:\Windows\system32\dcomp.dll
0x00007ffe79c20000 - 0x00007ffe79e7b000 	C:\Windows\system32\d3d11.dll
0x00007ffe7b6a0000 - 0x00007ffe7b78b000 	C:\Windows\system32\dxgi.dll
0x00007ffe7a9a0000 - 0x00007ffe7ac02000 	C:\Windows\system32\twinapi.appcore.dll
0x00007ffe7ae20000 - 0x00007ffe7ae49000 	C:\Windows\system32\RMCLIENT.dll
0x0000016bb6cb0000 - 0x0000016bb6cb3000 	C:\Program Files\Java\jdk-15.0.2\bin\api-ms-win-core-console-l1-1-0.dll
0x0000016bb6cc0000 - 0x0000016bb6cc3000 	C:\Program Files\Java\jdk-15.0.2\bin\api-ms-win-core-datetime-l1-1-0.dll
0x0000016bb6cd0000 - 0x0000016bb6cd3000 	C:\Program Files\Java\jdk-15.0.2\bin\api-ms-win-core-debug-l1-1-0.dll
0x0000016bb6ce0000 - 0x0000016bb6ce3000 	C:\Program Files\Java\jdk-15.0.2\bin\api-ms-win-core-errorhandling-l1-1-0.dll
0x0000016bb6cf0000 - 0x0000016bb6cf4000 	C:\Program Files\Java\jdk-15.0.2\bin\api-ms-win-core-file-l1-1-0.dll
0x0000016bb6d00000 - 0x0000016bb6d03000 	C:\Program Files\Java\jdk-15.0.2\bin\api-ms-win-core-file-l1-2-0.dll
0x0000016bb6d10000 - 0x0000016bb6d13000 	C:\Program Files\Java\jdk-15.0.2\bin\api-ms-win-core-file-l2-1-0.dll
0x0000016bb6d20000 - 0x0000016bb6d23000 	C:\Program Files\Java\jdk-15.0.2\bin\api-ms-win-core-handle-l1-1-0.dll
0x0000016bb6d30000 - 0x0000016bb6d33000 	C:\Program Files\Java\jdk-15.0.2\bin\api-ms-win-core-heap-l1-1-0.dll
0x0000016bb6d40000 - 0x0000016bb6d43000 	C:\Program Files\Java\jdk-15.0.2\bin\api-ms-win-core-interlocked-l1-1-0.dll
0x0000016bb6d50000 - 0x0000016bb6d53000 	C:\Program Files\Java\jdk-15.0.2\bin\api-ms-win-core-libraryloader-l1-1-0.dll
0x0000016bb6d60000 - 0x0000016bb6d63000 	C:\Program Files\Java\jdk-15.0.2\bin\api-ms-win-core-localization-l1-2-0.dll
0x0000016bb6d70000 - 0x0000016bb6d73000 	C:\Program Files\Java\jdk-15.0.2\bin\api-ms-win-core-memory-l1-1-0.dll

dbghelp: loaded successfully - version: 4.0.5 - missing functions: none
symbol engine: initialized successfully - sym options: 0x614 - pdb path: .;C:\Program Files\Java\jdk-15.0.2\bin;C:\Windows\SYSTEM32;C:\Windows\WinSxS\amd64_microsoft.windows.common-controls_6595b64144ccf1df_6.0.18362.1082_none_9e8193e1e45b25c1;C:\Program Files\Java\jdk-15.0.2\bin\server;C:\Windows\WinSxS\amd64_microsoft.windows.common-controls_6595b64144ccf1df_5.82.18362.1082_none_73b2803ad816b43c;C:\Windows\WinSxS\amd64_microsoft.windows.gdiplus_6595b64144ccf1df_1.1.18362.1082_none_cf6c86c73eed9f8f

VM Arguments:
jvm_args: -Dfile.encoding=UTF-8 
java_command: simrskhanza.SIMRSKhanza
java_class_path (initial): E:\xampp\htdocs\KhanzaHMSWindows\lib\commons-codec-1.10.jar;E:\xampp\htdocs\KhanzaHMSWindows\lib\commons-codec-1.12.jar;E:\xampp\htdocs\KhanzaHMSWindows\lib\jasperreports-6.8.0.jar;E:\xampp\htdocs\KhanzaHMSWindows\lib\KhanzaSecurity16bit.jar;E:\xampp\htdocs\KhanzaHMSWindows\lib\RXTXcomm.jar;E:\xampp\htdocs\KhanzaHMSWindows\lib\SceneBuilderKit-8.2.0.jar;E:\xampp\htdocs\KhanzaHMSWindows\lib\TimingFramework-1.0.jar;E:\xampp\htdocs\KhanzaHMSWindows\lib\UsuLibrary.jar;E:\xampp\htdocs\KhanzaHMSWindows\lib\activation-1.1.1.jar;E:\xampp\htdocs\KhanzaHMSWindows\lib\ant-1.7.1.jar;E:\xampp\htdocs\KhanzaHMSWindows\lib\antlr-2.7.6.jar;E:\xampp\htdocs\KhanzaHMSWindows\lib\apache-httpcomponents-httpclient.jar;E:\xampp\htdocs\KhanzaHMSWindows\lib\appframework-1.0.3.jar;E:\xampp\htdocs\KhanzaHMSWindows\lib\asm-attrs.jar;E:\xampp\htdocs\KhanzaHMSWindows\lib\asm.jar;E:\xampp\htdocs\KhanzaHMSWindows\lib\barbecue-1.5-beta1.jar;E:\xampp\htdocs\KhanzaHMSWindows\lib\barcode4j-2.1.jar;E:\xampp\htdocs\KhanzaHMSWindows\lib\batik-anim-1.11.jar;E:\xampp\htdocs\KhanzaHMSWindows\lib\batik-anim-1.13.jar;E:\xampp\htdocs\KhanzaHMSWindows\lib\batik-awt-util-1.11.jar;E:\xampp\htdocs\KhanzaHMSWindows\lib\batik-awt-util-1.13.jar;E:\xampp\htdocs\KhanzaHMSWindows\lib\batik-bridge-1.11.jar;E:\xampp\htdocs\KhanzaHMSWindows\lib\batik-codec-1.11.jar;E:\xampp\htdocs\KhanzaHMSWindows\lib\batik-constants-1.11.jar;E:\xampp\htdocs\KhanzaHMSWindows\lib\batik-constants-1.13.jar;E:\xampp\htdocs\KhanzaHMSWindows\lib\batik-css-1.11.jar;E:\xampp\htdocs\KhanzaHMSWindows\lib\batik-css-1.13.jar;E:\xampp\htdocs\KhanzaHMSWindows\lib\batik-dom-1.11.jar;E:\xampp\htdocs\KhanzaHMSWindows\lib\batik-dom-1.13.jar;E:\xampp\htdocs\KhanzaHMSWindows\lib\batik-dom.jar;E:\xampp\htdocs\KhanzaHMSWindows\lib\batik-ext-1.11.jar;E:\xampp\htdocs\KhanzaHMSWindows\lib\batik-ext-1.13.jar;E:\xampp\htdocs\KhanzaHMSWindows\lib\batik-extension-1.11.jar;E:\xampp\htdocs\KhanzaHMSWindows\lib\batik-gui-util-1.11.jar;E:\xampp\
Launcher Type: SUN_STANDARD

[Global flags]
     intx CICompilerCount                          = 3                                         {product} {ergonomic}
     uint ConcGCThreads                            = 1                                         {product} {ergonomic}
     uint G1ConcRefinementThreads                  = 4                                         {product} {ergonomic}
   size_t G1HeapRegionSize                         = 2097152                                   {product} {ergonomic}
    uintx GCDrainStackTargetSize                   = 64                                        {product} {ergonomic}
   size_t InitialHeapSize                          = 201326592                                 {product} {ergonomic}
   size_t MarkStackSize                            = 4194304                                   {product} {ergonomic}
   size_t MaxHeapSize                              = 3196059648                                {product} {ergonomic}
   size_t MaxNewSize                               = 1916796928                                {product} {ergonomic}
   size_t MinHeapDeltaBytes                        = 2097152                                   {product} {ergonomic}
   size_t MinHeapSize                              = 8388608                                   {product} {ergonomic}
    uintx NonNMethodCodeHeapSize                   = 5832780                                {pd product} {ergonomic}
    uintx NonProfiledCodeHeapSize                  = 122912730                              {pd product} {ergonomic}
    uintx ProfiledCodeHeapSize                     = 122912730                              {pd product} {ergonomic}
    uintx ReservedCodeCacheSize                    = 251658240                              {pd product} {ergonomic}
     bool SegmentedCodeCache                       = true                                      {product} {ergonomic}
   size_t SoftMaxHeapSize                          = 3196059648                             {manageable} {ergonomic}
     bool UseCompressedClassPointers               = true                                 {lp64_product} {ergonomic}
     bool UseCompressedOops                        = true                                 {lp64_product} {ergonomic}
     bool UseG1GC                                  = true                                      {product} {ergonomic}
     bool UseLargePagesIndividualAllocation        = false                                  {pd product} {ergonomic}

Logging:
Log output configuration:
 #0: stdout all=warning uptime,level,tags
 #1: stderr all=off uptime,level,tags

Environment Variables:
PATH=C:\Program Files\Common Files\Oracle\Java\javapath;C:\Program Files\Eclipse Adoptium\jdk-17.0.6.10-hotspot\bin;C:\Windows\system32;C:\Windows;C:\Windows\System32\Wbem;C:\Windows\System32\WindowsPowerShell\v1.0\;C:\Windows\System32\OpenSSH\;C:\Program Files\Git\cmd;E:\xampp\php;C:\composer;C:\Users\user\AppData\Roaming\nvm;C:\Program Files\nodejs;C:\Windows\Microsoft.NET\Framework\v4.0.30319;C:\Program Files (x86)\Appeon\PowerBuilder 19.0;C:\Program Files (x86)\Appeon\PowerBuilderCompiler 19.0;C:\Program Files (x86)\Microsoft SQL Server\150\DTS\Binn\;C:\Program Files\Azure Data Studio\bin;C:\Users\user\AppData\Local\Microsoft\WindowsApps;C:\Users\user\AppData\Roaming\npm;C:\Users\user\AppData\Local\Programs\Microsoft VS Code\bin;C:\Users\user\AppData\Roaming\Composer\vendor\bin;C:\Users\user\AppData\Roaming\nvm;C:\Program Files\nodejs;C:\Program Files\Azure Data Studio\bin;C:\Users\user\AppData\Local\Programs\Tesseract-OCR;C:\Program Files\Java\jdk-15.0.2;
USERNAME=user
OS=Windows_NT
PROCESSOR_IDENTIFIER=Intel64 Family 6 Model 60 Stepping 3, GenuineIntel



---------------  S Y S T E M  ---------------

OS:
 Windows 10 , 64 bit Build 18362 (10.0.18362.1082)
OS uptime: 11 days 1:03 hours

CPU: total 4 (initial active 4) (4 cores per cpu, 1 threads per core) family 6 model 60 stepping 3 microcode 0x25, cmov, cx8, fxsr, mmx, sse, sse2, sse3, ssse3, sse4.1, sse4.2, popcnt, vzeroupper, avx, avx2, aes, clmul, erms, lzcnt, tsc, tscinvbit, bmi1, bmi2, fma, clflush

Memory: 4k page, system-wide physical 12188M (4745M free)
TotalPageFile size 16934M (AvailPageFile size 2572M)
current process WorkingSet (physical memory assigned to process): 525M, peak: 526M
current process commit charge ("private bytes"): 548M, peak: 551M

vm_info: Java HotSpot(TM) 64-Bit Server VM (15.0.2+7-27) for windows-amd64 JRE (15.0.2+7-27), built on Dec  7 2020 20:07:01 by "mach5one" with unknown MS VC++:1925

END.
