#
# A fatal error has been detected by the Java Runtime Environment:
#
#  EXCEPTION_ACCESS_VIOLATION (0xc0000005) at pc=0x00007ffed54da3d1, pid=2484, tid=7772
#
# JRE version: Java(TM) SE Runtime Environment (15.0.2+7) (build 15.0.2+7-27)
# Java VM: Java HotSpot(TM) 64-Bit Server VM (15.0.2+7-27, mixed mode, sharing, tiered, compressed oops, g1 gc, windows-amd64)
# Problematic frame:
# V  [jvm.dll+0x3aa3d1]
#
# No core dump will be written. Minidumps are not enabled by default on client versions of Windows
#
# If you would like to submit a bug report, please visit:
#   https://bugreport.java.com/bugreport/crash.jsp
#

---------------  S U M M A R Y ------------

Command Line: -Dfile.encoding=UTF-8 simrskhanza.SIMRSKhanza

Host: Intel(R) Core(TM) i3-4170 CPU @ 3.70GHz, 4 cores, 3G,  Windows 10 , 64 bit Build 19041 (10.0.19041.2788)
Time: Mon Jul 10 13:30:27 2023 SE Asia Standard Time elapsed time: 34.507672 seconds (0d 0h 0m 34s)

---------------  T H R E A D  ---------------

Current thread (0x000001603d5c3080):  JavaThread "JavaFX Application Thread" [_thread_in_vm, id=7772, stack(0x0000005667f00000,0x0000005668000000)]

Stack: [0x0000005667f00000,0x0000005668000000],  sp=0x0000005667ffe060,  free space=1016k
Native frames: (J=compiled Java code, j=interpreted, Vv=VM code, C=native code)
V  [jvm.dll+0x3aa3d1]
C  0x00007ffec129feac

Java frames: (J=compiled Java code, j=interpreted, Vv=VM code)
j  com.sun.webkit.WebPage.twkCreatePage(Z)J+0
j  com.sun.webkit.WebPage.<init>(Lcom/sun/webkit/WebPageClient;Lcom/sun/webkit/UIClient;Lcom/sun/webkit/PolicyClient;Lcom/sun/webkit/InspectorClient;Lcom/sun/webkit/ThemeClient;Z)V+177
j  javafx.scene.web.WebEngine.<init>(Ljava/lang/String;Z)V+270
j  javafx.scene.web.WebEngine.<init>()V+3
j  javafx.scene.web.WebView.<init>()V+60
j  bridging.INACBGHybrid$3.run()V+4
j  com.sun.javafx.application.PlatformImpl.lambda$runLater$10(Ljava/lang/Runnable;)Ljava/lang/Void;+1
j  com.sun.javafx.application.PlatformImpl$$Lambda$261+0x000000080105ed60.run()Ljava/lang/Object;+4
J 2183 c1 java.security.AccessController.doPrivileged(Ljava/security/PrivilegedAction;Ljava/security/AccessControlContext;)Ljava/lang/Object; java.base@15.0.2 (17 bytes) @ 0x0000016029191864 [0x0000016029191680+0x00000000000001e4]
j  com.sun.javafx.application.PlatformImpl.lambda$runLater$11(Ljava/lang/Runnable;Ljava/security/AccessControlContext;)V+7
j  com.sun.javafx.application.PlatformImpl$$Lambda$260+0x000000080105e910.run()V+8
j  com.sun.glass.ui.InvokeLaterDispatcher$Future.run()V+4
v  ~StubRoutines::call_stub
j  com.sun.glass.ui.win.WinApplication._runLoop(Ljava/lang/Runnable;)V+0
j  com.sun.glass.ui.win.WinApplication.lambda$runLoop$3(ILjava/lang/Runnable;)V+8
j  com.sun.glass.ui.win.WinApplication$$Lambda$247+0x00000008010320c0.run()V+12
j  java.lang.Thread.run()V+11 java.base@15.0.2
v  ~StubRoutines::call_stub

siginfo: EXCEPTION_ACCESS_VIOLATION (0xc0000005), reading address 0x0000000000000000


Register to memory mapping:

RIP=0x00007ffed54da3d1 jvm.dll
RAX=0x0 is NULL
RBX=0x000001603d5c3080 is a thread
RCX=0xd79db5037d7a0000 is an unknown value
RDX=0x0000016040245aa0 is a global jni handle
RSP=0x0000005667ffe060 is pointing into the stack for thread: 0x000001603d5c3080
RBP=0x0000005667ffe158 is pointing into the stack for thread: 0x000001603d5c3080
RSI=0x000001603d5c33a8 points into unknown readable memory: 0x00007ffed5b2de40 | 40 de b2 d5 fe 7f 00 00
RDI=0x0000016040245aa0 is a global jni handle
R8 =0x0 is NULL
R9 =0x0000005667ffe158 is pointing into the stack for thread: 0x000001603d5c3080
R10=0x000000000000003a is an unknown value
R11=0x0000005667ffe058 is pointing into the stack for thread: 0x000001603d5c3080
R12=0x0 is NULL
R13=
[error occurred during error reporting (printing register info), id 0xc0000005, EXCEPTION_ACCESS_VIOLATION (0xc0000005) at pc=0x00007ffed53d8322]

Registers:
RAX=0x0000000000000000, RBX=0x000001603d5c3080, RCX=0xd79db5037d7a0000, RDX=0x0000016040245aa0
RSP=0x0000005667ffe060, RBP=0x0000005667ffe158, RSI=0x000001603d5c33a8, RDI=0x0000016040245aa0
R8 =0x0000000000000000, R9 =0x0000005667ffe158, R10=0x000000000000003a, R11=0x0000005667ffe058
R12=0x0000000000000000, R13=0x00000000ffffffff, R14=0x0000000000000000, R15=0x0000000000000000
RIP=0x00007ffed54da3d1, EFLAGS=0x0000000000010206

Top of Stack: (sp=0x0000005667ffe060)
0x0000005667ffe060:   000001603d5c3080 000001603d5c33a8
0x0000005667ffe070:   0000000000000000 00007ffef9fd2690
0x0000005667ffe080:   0000000000000000 00007ffec47d5e30
0x0000005667ffe090:   0000d7cbd2fca38a 0000005667ffe0f0
0x0000005667ffe0a0:   0000000000000000 0000016040245aa0
0x0000005667ffe0b0:   000001603d5c3080 0000016040097c50
0x0000005667ffe0c0:   0000016000000493 00007ffed59caaa0
0x0000005667ffe0d0:   000001603d5c3080 00007ffed54d266a
0x0000005667ffe0e0:   00007ffec2c11a90 00007ffec2960cd0
0x0000005667ffe0f0:   0000016000000002 00007ffe00000002
0x0000005667ffe100:   000001603dee3b90 00007ffec129feac
0x0000005667ffe110:   000001604245441c 0000000000000000
0x0000005667ffe120:   00007ffec47d5e30 000001603d5c33a8
0x0000005667ffe130:   000001603d5c33a8 00007ffec2754a8d
0x0000005667ffe140:   000001604245441c 0000000000000000
0x0000005667ffe150:   0000000000000000 000000000000001c 

Instructions: (pc=0x00007ffed54da3d1)
0x00007ffed54da2d1:   00 00 48 8b bc 24 c0 00 00 00 c0 e8 03 a8 01 74
0x00007ffed54da2e1:   08 48 8b cb e8 a6 29 2e 00 0f 28 c6 c7 83 98 03
0x00007ffed54da2f1:   00 00 04 00 00 00 0f 28 b4 24 b0 00 00 00 48 81
0x00007ffed54da301:   c4 d0 00 00 00 5b c3 cc cc cc cc cc cc cc cc 48
0x00007ffed54da311:   89 5c 24 08 48 89 6c 24 10 48 89 74 24 18 48 89
0x00007ffed54da321:   7c 24 20 41 56 48 81 ec a0 00 00 00 8b 81 88 00
0x00007ffed54da331:   00 00 48 8d 99 d8 fc ff ff 05 55 21 ff ff 49 8b
0x00007ffed54da341:   e9 4d 8b f0 48 8b fa 48 8b f1 83 f8 01 76 0a 48
0x00007ffed54da351:   8b cb e8 28 33 39 00 33 db c7 83 98 03 00 00 05
0x00007ffed54da361:   00 00 00 e8 c7 26 27 00 48 8b 03 48 8b cb ff 50
0x00007ffed54da371:   38 84 c0 74 0e 48 8b 83 10 01 00 00 c0 e8 03 24
0x00007ffed54da381:   01 eb 0b 8b 05 86 23 6f 00 85 c0 0f 95 c0 84 c0
0x00007ffed54da391:   75 0d 8b 83 e0 00 00 00 a9 04 00 00 20 74 08 48
0x00007ffed54da3a1:   8b cb e8 58 39 39 00 c7 83 98 03 00 00 06 00 00
0x00007ffed54da3b1:   00 48 83 7b 08 00 48 89 5c 24 50 48 c7 44 24 58
0x00007ffed54da3c1:   00 00 00 00 74 0a 48 8d 4c 24 50 e8 1f c5 2a 00
0x00007ffed54da3d1:   49 8b 16 48 8d 4c 24 70 c7 44 24 40 04 00 00 00
0x00007ffed54da3e1:   e8 ea cf 00 00 48 89 ac 24 98 00 00 00 48 8d 05
0x00007ffed54da3f1:   33 07 4f 00 48 89 44 24 70 40 f6 c7 01 74 0c 48
0x00007ffed54da401:   8d 4f ff ff 15 9e 13 65 00 eb 09 48 8b cf ff 15
0x00007ffed54da411:   f3 9b 64 00 8b 15 85 9c 6d 00 48 8b c8 e8 ed d0
0x00007ffed54da421:   26 00 48 8b d3 48 8b c8 4c 8b 00 41 ff 90 b0 00
0x00007ffed54da431:   00 00 48 83 7b 08 00 75 35 48 8d 44 24 70 48 89
0x00007ffed54da441:   5c 24 30 48 89 44 24 28 48 8d 54 24 40 45 33 c9
0x00007ffed54da451:   4c 89 74 24 20 45 33 c0 48 8b ce e8 3f e4 00 00
0x00007ffed54da461:   48 83 7b 08 00 75 07 0f b6 74 24 48 eb 03 40 32
0x00007ffed54da471:   f6 48 83 7c 24 58 00 74 0a 48 8d 4c 24 50 e8 0c
0x00007ffed54da481:   c5 2a 00 48 8b bb f8 00 00 00 48 8b 4f 10 48 83
0x00007ffed54da491:   39 00 74 0c 48 8b cf e8 d3 a0 f6 ff 48 8b 4f 10
0x00007ffed54da4a1:   48 8b 47 08 48 89 48 10 48 8b 4f 08 48 8b 47 18
0x00007ffed54da4b1:   48 89 41 18 48 8b 4f 08 48 8b 47 20 48 89 41 20
0x00007ffed54da4c1:   c7 83 98 03 00 00 07 00 00 00 e8 60 25 27 00 48 


Stack slot to memory mapping:
stack at sp + 0 slots: 0x000001603d5c3080 is a thread
stack at sp + 1 slots: 0x000001603d5c33a8 points into unknown readable memory: 0x00007ffed5b2de40 | 40 de b2 d5 fe 7f 00 00
stack at sp + 2 slots: 0x0 is NULL
stack at sp + 3 slots: 0x00007ffef9fd2690 ucrtbase.dll
stack at sp + 4 slots: 0x0 is NULL
stack at sp + 5 slots: 0x00007ffec47d5e30 points into unknown readable memory: 0x00007ffec4826268 | 68 62 82 c4 fe 7f 00 00
stack at sp + 6 slots: 0x0000d7cbd2fca38a is an unknown value
stack at sp + 7 slots: 0x0000005667ffe0f0 is pointing into the stack for thread: 0x000001603d5c3080


---------------  P R O C E S S  ---------------

Threads class SMR info:
_java_thread_list=0x0000016040349c70, length=23, elements={
0x000001603c1a2240, 0x000001603c1a2d20, 0x000001603c1b8360, 0x000001603c1bad30,
0x000001603c1bb6f0, 0x000001603c1c09a0, 0x000001603c1c3460, 0x000001603c1d0180,
0x000001603cd327e0, 0x000001603cd40cb0, 0x000001603d81a590, 0x000001603dd2ed60,
0x000001603dd2f230, 0x000001603d6ab980, 0x000001603daa5680, 0x00000160205babe0,
0x000001603e16dba0, 0x000001603e3a07a0, 0x000001603d5c5700, 0x000001603d5c0530,
0x000001603d5c3080, 0x000001603d5c0060, 0x0000016041ea4540
}

Java Threads: ( => current thread )
  0x000001603c1a2240 JavaThread "Reference Handler" daemon [_thread_blocked, id=4372, stack(0x0000005666000000,0x0000005666100000)]
  0x000001603c1a2d20 JavaThread "Finalizer" daemon [_thread_blocked, id=2088, stack(0x0000005666100000,0x0000005666200000)]
  0x000001603c1b8360 JavaThread "Signal Dispatcher" daemon [_thread_blocked, id=7368, stack(0x0000005666200000,0x0000005666300000)]
  0x000001603c1bad30 JavaThread "Attach Listener" daemon [_thread_blocked, id=1040, stack(0x0000005666300000,0x0000005666400000)]
  0x000001603c1bb6f0 JavaThread "Service Thread" daemon [_thread_blocked, id=5176, stack(0x0000005666400000,0x0000005666500000)]
  0x000001603c1c09a0 JavaThread "C2 CompilerThread0" daemon [_thread_blocked, id=8788, stack(0x0000005666500000,0x0000005666600000)]
  0x000001603c1c3460 JavaThread "C1 CompilerThread0" daemon [_thread_blocked, id=860, stack(0x0000005666600000,0x0000005666700000)]
  0x000001603c1d0180 JavaThread "Sweeper thread" daemon [_thread_blocked, id=3384, stack(0x0000005666700000,0x0000005666800000)]
  0x000001603cd327e0 JavaThread "Notification Thread" daemon [_thread_blocked, id=6232, stack(0x0000005666800000,0x0000005666900000)]
  0x000001603cd40cb0 JavaThread "Common-Cleaner" daemon [_thread_blocked, id=6712, stack(0x0000005666a00000,0x0000005666b00000)]
  0x000001603d81a590 JavaThread "Java2D Disposer" daemon [_thread_blocked, id=8000, stack(0x0000005666d00000,0x0000005666e00000)]
  0x000001603dd2ed60 JavaThread "AWT-Shutdown" [_thread_blocked, id=11072, stack(0x0000005666e00000,0x0000005666f00000)]
  0x000001603dd2f230 JavaThread "AWT-Windows" daemon [_thread_in_native, id=5140, stack(0x0000005666f00000,0x0000005667000000)]
  0x000001603d6ab980 JavaThread "AWT-EventQueue-0" [_thread_blocked, id=5280, stack(0x0000005667300000,0x0000005667400000)]
  0x000001603daa5680 JavaThread "Swing-Shell" daemon [_thread_blocked, id=8816, stack(0x0000005667400000,0x0000005667500000)]
  0x00000160205babe0 JavaThread "DestroyJavaVM" [_thread_blocked, id=5752, stack(0x0000005665900000,0x0000005665a00000)]
  0x000001603e16dba0 JavaThread "Abandoned connection cleanup thread" daemon [_thread_blocked, id=3408, stack(0x0000005667a00000,0x0000005667b00000)]
  0x000001603e3a07a0 JavaThread "TimerQueue" daemon [_thread_blocked, id=5196, stack(0x0000005666c00000,0x0000005666d00000)]
  0x000001603d5c5700 JavaThread "QuantumRenderer-0" daemon [_thread_blocked, id=768, stack(0x0000005667d00000,0x0000005667e00000)]
  0x000001603d5c0530 JavaThread "InvokeLaterDispatcher" daemon [_thread_blocked, id=8636, stack(0x0000005667e00000,0x0000005667f00000)]
=>0x000001603d5c3080 JavaThread "JavaFX Application Thread" [_thread_in_vm, id=7772, stack(0x0000005667f00000,0x0000005668000000)]
  0x000001603d5c0060 JavaThread "Thread-2" daemon [_thread_in_native, id=7856, stack(0x0000005667200000,0x0000005667300000)]
  0x0000016041ea4540 JavaThread "C2 CompilerThread1" daemon [_thread_blocked, id=852, stack(0x0000005667800000,0x0000005667900000)]

Other Threads:
  0x000001603c19eaa0 VMThread "VM Thread" [stack: 0x0000005665f00000,0x0000005666000000] [id=2844]
  0x000001603cd350c0 WatcherThread [stack: 0x0000005666900000,0x0000005666a00000] [id=6412]
  0x00000160205eae10 GCTaskThread "GC Thread#0" [stack: 0x0000005665a00000,0x0000005665b00000] [id=9668]
  0x000001603cd27230 GCTaskThread "GC Thread#1" [stack: 0x0000005666b00000,0x0000005666c00000] [id=2304]
  0x000001603d501ec0 GCTaskThread "GC Thread#2" [stack: 0x0000005667000000,0x0000005667100000] [id=9928]
  0x000001603d501530 GCTaskThread "GC Thread#3" [stack: 0x0000005667100000,0x0000005667200000] [id=3796]
  0x00000160205f6ca0 ConcurrentGCThread "G1 Main Marker" [stack: 0x0000005665b00000,0x0000005665c00000] [id=4132]
  0x00000160205f7f40 ConcurrentGCThread "G1 Conc#0" [stack: 0x0000005665c00000,0x0000005665d00000] [id=9916]
  0x0000016020646f70 ConcurrentGCThread "G1 Refine#0" [stack: 0x0000005665d00000,0x0000005665e00000] [id=8680]
  0x000001603e296dc0 ConcurrentGCThread "G1 Refine#1" [stack: 0x0000005667b00000,0x0000005667c00000] [id=5664]
  0x0000016020647a80 ConcurrentGCThread "G1 Young RemSet Sampling" [stack: 0x0000005665e00000,0x0000005665f00000] [id=8420]

Threads with active compile tasks:

VM state: not at safepoint (normal execution)

VM Mutex/Monitor currently owned by a thread: None

Heap address: 0x00000000c1800000, size: 1000 MB, Compressed Oops mode: 32-bit
CDS archive(s) mapped at: [0x0000000800000000-0x0000000800b50000-0x0000000800b50000), size 11862016, SharedBaseAddress: 0x0000000800000000, ArchiveRelocationMode: 0.
Compressed class space mapped at: 0x0000000800b50000-0x0000000840b50000, size: 1073741824
Narrow klass base: 0x0000000800000000, Narrow klass shift: 3, Narrow klass range: 0x100000000

GC Precious Log:
 CPUs: 4 total, 4 available
 Memory: 3996M
 Large Page Support: Disabled
 NUMA Support: Disabled
 Compressed Oops: Enabled (32-bit)
 Heap Region Size: 1M
 Heap Min Capacity: 8M
 Heap Initial Capacity: 64M
 Heap Max Capacity: 1000M
 Pre-touch: Disabled
 Parallel Workers: 4
 Concurrent Workers: 1
 Concurrent Refinement Workers: 4
 Periodic GC: Disabled

Heap:
 garbage-first heap   total 153600K, used 102000K [0x00000000c1800000, 0x0000000100000000)
  region size 1024K, 17 young (17408K), 4 survivors (4096K)
 Metaspace       used 44937K, capacity 45307K, committed 45744K, reserved 1089536K
  class space    used 6024K, capacity 6140K, committed 6144K, reserved 1048576K

Heap Regions: E=young(eden), S=young(survivor), O=old, HS=humongous(starts), HC=humongous(continues), CS=collection set, F=free, OA=open archive, CA=closed archive, TAMS=top-at-mark-start (previous, next)
|   0|0x00000000c1800000, 0x00000000c1900000, 0x00000000c1900000|100%| O|  |TAMS 0x00000000c1900000, 0x00000000c1800000| Untracked 
|   1|0x00000000c1900000, 0x00000000c1a00000, 0x00000000c1a00000|100%| O|  |TAMS 0x00000000c1a00000, 0x00000000c1900000| Untracked 
|   2|0x00000000c1a00000, 0x00000000c1b00000, 0x00000000c1b00000|100%| O|  |TAMS 0x00000000c1b00000, 0x00000000c1a00000| Untracked 
|   3|0x00000000c1b00000, 0x00000000c1c00000, 0x00000000c1c00000|100%| O|  |TAMS 0x00000000c1c00000, 0x00000000c1b00000| Untracked 
|   4|0x00000000c1c00000, 0x00000000c1d00000, 0x00000000c1d00000|100%|HS|  |TAMS 0x00000000c1d00000, 0x00000000c1c00000| Complete 
|   5|0x00000000c1d00000, 0x00000000c1e00000, 0x00000000c1e00000|100%|HS|  |TAMS 0x00000000c1e00000, 0x00000000c1d00000| Complete 
|   6|0x00000000c1e00000, 0x00000000c1f00000, 0x00000000c1f00000|100%|HC|  |TAMS 0x00000000c1f00000, 0x00000000c1e00000| Complete 
|   7|0x00000000c1f00000, 0x00000000c2000000, 0x00000000c2000000|100%|HS|  |TAMS 0x00000000c2000000, 0x00000000c1f00000| Complete 
|   8|0x00000000c2000000, 0x00000000c2100000, 0x00000000c2100000|100%| O|  |TAMS 0x00000000c2100000, 0x00000000c2000000| Untracked 
|   9|0x00000000c2100000, 0x00000000c2200000, 0x00000000c2200000|100%| O|  |TAMS 0x00000000c2200000, 0x00000000c2100000| Untracked 
|  10|0x00000000c2200000, 0x00000000c2300000, 0x00000000c2300000|100%| O|  |TAMS 0x00000000c2300000, 0x00000000c2200000| Untracked 
|  11|0x00000000c2300000, 0x00000000c2400000, 0x00000000c2400000|100%| O|  |TAMS 0x00000000c2400000, 0x00000000c2300000| Untracked 
|  12|0x00000000c2400000, 0x00000000c2500000, 0x00000000c2500000|100%| O|  |TAMS 0x00000000c2500000, 0x00000000c2400000| Untracked 
|  13|0x00000000c2500000, 0x00000000c2600000, 0x00000000c2600000|100%| O|  |TAMS 0x00000000c2600000, 0x00000000c2500000| Untracked 
|  14|0x00000000c2600000, 0x00000000c2700000, 0x00000000c2700000|100%| O|  |TAMS 0x00000000c2700000, 0x00000000c2600000| Untracked 
|  15|0x00000000c2700000, 0x00000000c2800000, 0x00000000c2800000|100%| O|  |TAMS 0x00000000c2800000, 0x00000000c2700000| Untracked 
|  16|0x00000000c2800000, 0x00000000c2900000, 0x00000000c2900000|100%| O|  |TAMS 0x00000000c2900000, 0x00000000c2800000| Untracked 
|  17|0x00000000c2900000, 0x00000000c2a00000, 0x00000000c2a00000|100%| O|  |TAMS 0x00000000c2a00000, 0x00000000c2900000| Untracked 
|  18|0x00000000c2a00000, 0x00000000c2b00000, 0x00000000c2b00000|100%| O|  |TAMS 0x00000000c2b00000, 0x00000000c2a00000| Untracked 
|  19|0x00000000c2b00000, 0x00000000c2c00000, 0x00000000c2c00000|100%| O|  |TAMS 0x00000000c2c00000, 0x00000000c2b00000| Untracked 
|  20|0x00000000c2c00000, 0x00000000c2d00000, 0x00000000c2d00000|100%| O|  |TAMS 0x00000000c2d00000, 0x00000000c2c00000| Untracked 
|  21|0x00000000c2d00000, 0x00000000c2e00000, 0x00000000c2e00000|100%| O|  |TAMS 0x00000000c2e00000, 0x00000000c2d00000| Untracked 
|  22|0x00000000c2e00000, 0x00000000c2f00000, 0x00000000c2f00000|100%| O|  |TAMS 0x00000000c2f00000, 0x00000000c2e00000| Untracked 
|  23|0x00000000c2f00000, 0x00000000c3000000, 0x00000000c3000000|100%| O|  |TAMS 0x00000000c3000000, 0x00000000c2f00000| Untracked 
|  24|0x00000000c3000000, 0x00000000c3100000, 0x00000000c3100000|100%| O|  |TAMS 0x00000000c3100000, 0x00000000c3000000| Untracked 
|  25|0x00000000c3100000, 0x00000000c3200000, 0x00000000c3200000|100%| O|  |TAMS 0x00000000c3200000, 0x00000000c3100000| Untracked 
|  26|0x00000000c3200000, 0x00000000c3300000, 0x00000000c3300000|100%| O|  |TAMS 0x00000000c3300000, 0x00000000c3200000| Untracked 
|  27|0x00000000c3300000, 0x00000000c3400000, 0x00000000c3400000|100%| O|  |TAMS 0x00000000c3400000, 0x00000000c3300000| Untracked 
|  28|0x00000000c3400000, 0x00000000c3500000, 0x00000000c3500000|100%| O|  |TAMS 0x00000000c3500000, 0x00000000c3400000| Untracked 
|  29|0x00000000c3500000, 0x00000000c3600000, 0x00000000c3600000|100%| O|  |TAMS 0x00000000c3600000, 0x00000000c3500000| Untracked 
|  30|0x00000000c3600000, 0x00000000c3700000, 0x00000000c3700000|100%| O|  |TAMS 0x00000000c3700000, 0x00000000c3600000| Untracked 
|  31|0x00000000c3700000, 0x00000000c3800000, 0x00000000c3800000|100%| O|  |TAMS 0x00000000c3800000, 0x00000000c3700000| Untracked 
|  32|0x00000000c3800000, 0x00000000c3900000, 0x00000000c3900000|100%| O|  |TAMS 0x00000000c3900000, 0x00000000c3800000| Untracked 
|  33|0x00000000c3900000, 0x00000000c3a00000, 0x00000000c3a00000|100%| O|  |TAMS 0x00000000c3a00000, 0x00000000c3900000| Untracked 
|  34|0x00000000c3a00000, 0x00000000c3b00000, 0x00000000c3b00000|100%| O|  |TAMS 0x00000000c3b00000, 0x00000000c3a00000| Untracked 
|  35|0x00000000c3b00000, 0x00000000c3c00000, 0x00000000c3c00000|100%| O|  |TAMS 0x00000000c3c00000, 0x00000000c3b00000| Untracked 
|  36|0x00000000c3c00000, 0x00000000c3d00000, 0x00000000c3d00000|100%| O|  |TAMS 0x00000000c3d00000, 0x00000000c3c00000| Untracked 
|  37|0x00000000c3d00000, 0x00000000c3e00000, 0x00000000c3e00000|100%| O|  |TAMS 0x00000000c3e00000, 0x00000000c3d00000| Untracked 
|  38|0x00000000c3e00000, 0x00000000c3f00000, 0x00000000c3f00000|100%| O|  |TAMS 0x00000000c3f00000, 0x00000000c3e00000| Untracked 
|  39|0x00000000c3f00000, 0x00000000c4000000, 0x00000000c4000000|100%| O|  |TAMS 0x00000000c4000000, 0x00000000c3f00000| Untracked 
|  40|0x00000000c4000000, 0x00000000c4100000, 0x00000000c4100000|100%| O|  |TAMS 0x00000000c4100000, 0x00000000c4000000| Untracked 
|  41|0x00000000c4100000, 0x00000000c4200000, 0x00000000c4200000|100%| O|  |TAMS 0x00000000c4200000, 0x00000000c4100000| Untracked 
|  42|0x00000000c4200000, 0x00000000c4300000, 0x00000000c4300000|100%| O|  |TAMS 0x00000000c4300000, 0x00000000c4200000| Untracked 
|  43|0x00000000c4300000, 0x00000000c4400000, 0x00000000c4400000|100%| O|  |TAMS 0x00000000c4400000, 0x00000000c4300000| Untracked 
|  44|0x00000000c4400000, 0x00000000c4500000, 0x00000000c4500000|100%| O|  |TAMS 0x00000000c4500000, 0x00000000c4400000| Untracked 
|  45|0x00000000c4500000, 0x00000000c4600000, 0x00000000c4600000|100%| O|  |TAMS 0x00000000c4600000, 0x00000000c4500000| Untracked 
|  46|0x00000000c4600000, 0x00000000c4700000, 0x00000000c4700000|100%| O|  |TAMS 0x00000000c4700000, 0x00000000c4600000| Untracked 
|  47|0x00000000c4700000, 0x00000000c4800000, 0x00000000c4800000|100%| O|  |TAMS 0x00000000c4800000, 0x00000000c4700000| Untracked 
|  48|0x00000000c4800000, 0x00000000c4900000, 0x00000000c4900000|100%| O|  |TAMS 0x00000000c4900000, 0x00000000c4800000| Untracked 
|  49|0x00000000c4900000, 0x00000000c4a00000, 0x00000000c4a00000|100%| O|  |TAMS 0x00000000c4a00000, 0x00000000c4900000| Untracked 
|  50|0x00000000c4a00000, 0x00000000c4b00000, 0x00000000c4b00000|100%| O|  |TAMS 0x00000000c4b00000, 0x00000000c4a00000| Untracked 
|  51|0x00000000c4b00000, 0x00000000c4c00000, 0x00000000c4c00000|100%| O|  |TAMS 0x00000000c4c00000, 0x00000000c4b00000| Untracked 
|  52|0x00000000c4c00000, 0x00000000c4d00000, 0x00000000c4d00000|100%| O|  |TAMS 0x00000000c4d00000, 0x00000000c4c00000| Untracked 
|  53|0x00000000c4d00000, 0x00000000c4e00000, 0x00000000c4e00000|100%| O|  |TAMS 0x00000000c4e00000, 0x00000000c4d00000| Untracked 
|  54|0x00000000c4e00000, 0x00000000c4f00000, 0x00000000c4f00000|100%| O|  |TAMS 0x00000000c4f00000, 0x00000000c4e00000| Untracked 
|  55|0x00000000c4f00000, 0x00000000c5000000, 0x00000000c5000000|100%| O|  |TAMS 0x00000000c5000000, 0x00000000c4f00000| Untracked 
|  56|0x00000000c5000000, 0x00000000c5100000, 0x00000000c5100000|100%| O|  |TAMS 0x00000000c5100000, 0x00000000c5000000| Untracked 
|  57|0x00000000c5100000, 0x00000000c5200000, 0x00000000c5200000|100%| O|  |TAMS 0x00000000c5200000, 0x00000000c5100000| Untracked 
|  58|0x00000000c5200000, 0x00000000c5300000, 0x00000000c5300000|100%|HS|  |TAMS 0x00000000c5300000, 0x00000000c5200000| Complete 
|  59|0x00000000c5300000, 0x00000000c5400000, 0x00000000c5400000|100%|HC|  |TAMS 0x00000000c5400000, 0x00000000c5300000| Complete 
|  60|0x00000000c5400000, 0x00000000c5500000, 0x00000000c5500000|100%|HC|  |TAMS 0x00000000c5500000, 0x00000000c5400000| Complete 
|  61|0x00000000c5500000, 0x00000000c5600000, 0x00000000c5600000|100%|HC|  |TAMS 0x00000000c5600000, 0x00000000c5500000| Complete 
|  62|0x00000000c5600000, 0x00000000c5700000, 0x00000000c5700000|100%|HC|  |TAMS 0x00000000c5700000, 0x00000000c5600000| Complete 
|  63|0x00000000c5700000, 0x00000000c5800000, 0x00000000c5800000|100%|HC|  |TAMS 0x00000000c5800000, 0x00000000c5700000| Complete 
|  64|0x00000000c5800000, 0x00000000c5900000, 0x00000000c5900000|100%|HC|  |TAMS 0x00000000c5900000, 0x00000000c5800000| Complete 
|  65|0x00000000c5900000, 0x00000000c5a00000, 0x00000000c5a00000|100%|HC|  |TAMS 0x00000000c5a00000, 0x00000000c5900000| Complete 
|  66|0x00000000c5a00000, 0x00000000c5b00000, 0x00000000c5b00000|100%|HC|  |TAMS 0x00000000c5b00000, 0x00000000c5a00000| Complete 
|  67|0x00000000c5b00000, 0x00000000c5c00000, 0x00000000c5c00000|100%| O|  |TAMS 0x00000000c5c00000, 0x00000000c5b00000| Untracked 
|  68|0x00000000c5c00000, 0x00000000c5d00000, 0x00000000c5d00000|100%| O|  |TAMS 0x00000000c5d00000, 0x00000000c5c00000| Untracked 
|  69|0x00000000c5d00000, 0x00000000c5e00000, 0x00000000c5e00000|100%| O|  |TAMS 0x00000000c5e00000, 0x00000000c5d00000| Untracked 
|  70|0x00000000c5e00000, 0x00000000c5f00000, 0x00000000c5f00000|100%| O|  |TAMS 0x00000000c5f00000, 0x00000000c5e00000| Untracked 
|  71|0x00000000c5f00000, 0x00000000c6000000, 0x00000000c6000000|100%| O|  |TAMS 0x00000000c6000000, 0x00000000c5f00000| Untracked 
|  72|0x00000000c6000000, 0x00000000c6100000, 0x00000000c6100000|100%| O|  |TAMS 0x00000000c6100000, 0x00000000c6000000| Untracked 
|  73|0x00000000c6100000, 0x00000000c6200000, 0x00000000c6200000|100%| O|  |TAMS 0x00000000c6200000, 0x00000000c6100000| Untracked 
|  74|0x00000000c6200000, 0x00000000c6300000, 0x00000000c6300000|100%| O|  |TAMS 0x00000000c6300000, 0x00000000c6200000| Untracked 
|  75|0x00000000c6300000, 0x00000000c6400000, 0x00000000c6400000|100%| O|  |TAMS 0x00000000c6400000, 0x00000000c6300000| Untracked 
|  76|0x00000000c6400000, 0x00000000c6500000, 0x00000000c6500000|100%| O|  |TAMS 0x00000000c6497600, 0x00000000c6400000| Untracked 
|  77|0x00000000c6500000, 0x00000000c6600000, 0x00000000c6600000|100%| O|  |TAMS 0x00000000c6500000, 0x00000000c6500000| Untracked 
|  78|0x00000000c6600000, 0x00000000c6700000, 0x00000000c6700000|100%| O|  |TAMS 0x00000000c6600000, 0x00000000c6600000| Untracked 
|  79|0x00000000c6700000, 0x00000000c6800000, 0x00000000c6800000|100%| O|  |TAMS 0x00000000c6700000, 0x00000000c6700000| Untracked 
|  80|0x00000000c6800000, 0x00000000c689c000, 0x00000000c6900000| 60%| O|  |TAMS 0x00000000c6800000, 0x00000000c6800000| Untracked 
|  81|0x00000000c6900000, 0x00000000c6a00000, 0x00000000c6a00000|100%|HS|  |TAMS 0x00000000c6900000, 0x00000000c6900000| Complete 
|  82|0x00000000c6a00000, 0x00000000c6b00000, 0x00000000c6b00000|100%|HC|  |TAMS 0x00000000c6a00000, 0x00000000c6a00000| Complete 
|  83|0x00000000c6b00000, 0x00000000c6c00000, 0x00000000c6c00000|100%|HC|  |TAMS 0x00000000c6b00000, 0x00000000c6b00000| Complete 
|  84|0x00000000c6c00000, 0x00000000c6d00000, 0x00000000c6d00000|100%|HC|  |TAMS 0x00000000c6c00000, 0x00000000c6c00000| Complete 
|  85|0x00000000c6d00000, 0x00000000c6d00000, 0x00000000c6e00000|  0%| F|  |TAMS 0x00000000c6d00000, 0x00000000c6d00000| Untracked 
|  86|0x00000000c6e00000, 0x00000000c6e00000, 0x00000000c6f00000|  0%| F|  |TAMS 0x00000000c6e00000, 0x00000000c6e00000| Untracked 
|  87|0x00000000c6f00000, 0x00000000c6f00000, 0x00000000c7000000|  0%| F|  |TAMS 0x00000000c6f00000, 0x00000000c6f00000| Untracked 
|  88|0x00000000c7000000, 0x00000000c7000000, 0x00000000c7100000|  0%| F|  |TAMS 0x00000000c7000000, 0x00000000c7000000| Untracked 
|  89|0x00000000c7100000, 0x00000000c7100000, 0x00000000c7200000|  0%| F|  |TAMS 0x00000000c7100000, 0x00000000c7100000| Untracked 
|  90|0x00000000c7200000, 0x00000000c7200000, 0x00000000c7300000|  0%| F|  |TAMS 0x00000000c7200000, 0x00000000c7200000| Untracked 
|  91|0x00000000c7300000, 0x00000000c7300000, 0x00000000c7400000|  0%| F|  |TAMS 0x00000000c7300000, 0x00000000c7300000| Untracked 
|  92|0x00000000c7400000, 0x00000000c7400000, 0x00000000c7500000|  0%| F|  |TAMS 0x00000000c7400000, 0x00000000c7400000| Untracked 
|  93|0x00000000c7500000, 0x00000000c7500000, 0x00000000c7600000|  0%| F|  |TAMS 0x00000000c7500000, 0x00000000c7500000| Untracked 
|  94|0x00000000c7600000, 0x00000000c7600000, 0x00000000c7700000|  0%| F|  |TAMS 0x00000000c7600000, 0x00000000c7600000| Untracked 
|  95|0x00000000c7700000, 0x00000000c7700000, 0x00000000c7800000|  0%| F|  |TAMS 0x00000000c7700000, 0x00000000c7700000| Untracked 
|  96|0x00000000c7800000, 0x00000000c7800000, 0x00000000c7900000|  0%| F|  |TAMS 0x00000000c7800000, 0x00000000c7800000| Untracked 
|  97|0x00000000c7900000, 0x00000000c7900000, 0x00000000c7a00000|  0%| F|  |TAMS 0x00000000c7900000, 0x00000000c7900000| Untracked 
|  98|0x00000000c7a00000, 0x00000000c7a00000, 0x00000000c7b00000|  0%| F|  |TAMS 0x00000000c7a00000, 0x00000000c7a00000| Untracked 
|  99|0x00000000c7b00000, 0x00000000c7b00000, 0x00000000c7c00000|  0%| F|  |TAMS 0x00000000c7b00000, 0x00000000c7b00000| Untracked 
| 100|0x00000000c7c00000, 0x00000000c7c00000, 0x00000000c7d00000|  0%| F|  |TAMS 0x00000000c7c00000, 0x00000000c7c00000| Untracked 
| 101|0x00000000c7d00000, 0x00000000c7d00000, 0x00000000c7e00000|  0%| F|  |TAMS 0x00000000c7d00000, 0x00000000c7d00000| Untracked 
| 102|0x00000000c7e00000, 0x00000000c7e00000, 0x00000000c7f00000|  0%| F|  |TAMS 0x00000000c7e00000, 0x00000000c7e00000| Untracked 
| 103|0x00000000c7f00000, 0x00000000c7f00000, 0x00000000c8000000|  0%| F|  |TAMS 0x00000000c7f00000, 0x00000000c7f00000| Untracked 
| 104|0x00000000c8000000, 0x00000000c8000000, 0x00000000c8100000|  0%| F|  |TAMS 0x00000000c8000000, 0x00000000c8000000| Untracked 
| 105|0x00000000c8100000, 0x00000000c8100000, 0x00000000c8200000|  0%| F|  |TAMS 0x00000000c8100000, 0x00000000c8100000| Untracked 
| 106|0x00000000c8200000, 0x00000000c8200000, 0x00000000c8300000|  0%| F|  |TAMS 0x00000000c8200000, 0x00000000c8200000| Untracked 
| 107|0x00000000c8300000, 0x00000000c8300000, 0x00000000c8400000|  0%| F|  |TAMS 0x00000000c8300000, 0x00000000c8300000| Untracked 
| 108|0x00000000c8400000, 0x00000000c8400000, 0x00000000c8500000|  0%| F|  |TAMS 0x00000000c8400000, 0x00000000c8400000| Untracked 
| 109|0x00000000c8500000, 0x00000000c8600000, 0x00000000c8600000|100%| S|CS|TAMS 0x00000000c8500000, 0x00000000c8500000| Complete 
| 110|0x00000000c8600000, 0x00000000c8700000, 0x00000000c8700000|100%| S|CS|TAMS 0x00000000c8600000, 0x00000000c8600000| Complete 
| 111|0x00000000c8700000, 0x00000000c8800000, 0x00000000c8800000|100%| S|CS|TAMS 0x00000000c8700000, 0x00000000c8700000| Complete 
| 112|0x00000000c8800000, 0x00000000c8900000, 0x00000000c8900000|100%| S|CS|TAMS 0x00000000c8800000, 0x00000000c8800000| Complete 
| 113|0x00000000c8900000, 0x00000000c8900000, 0x00000000c8a00000|  0%| F|  |TAMS 0x00000000c8900000, 0x00000000c8900000| Untracked 
| 114|0x00000000c8a00000, 0x00000000c8a00000, 0x00000000c8b00000|  0%| F|  |TAMS 0x00000000c8a00000, 0x00000000c8a00000| Untracked 
| 115|0x00000000c8b00000, 0x00000000c8b00000, 0x00000000c8c00000|  0%| F|  |TAMS 0x00000000c8b00000, 0x00000000c8b00000| Untracked 
| 116|0x00000000c8c00000, 0x00000000c8c00000, 0x00000000c8d00000|  0%| F|  |TAMS 0x00000000c8c00000, 0x00000000c8c00000| Untracked 
| 117|0x00000000c8d00000, 0x00000000c8d00000, 0x00000000c8e00000|  0%| F|  |TAMS 0x00000000c8d00000, 0x00000000c8d00000| Untracked 
| 118|0x00000000c8e00000, 0x00000000c8e00000, 0x00000000c8f00000|  0%| F|  |TAMS 0x00000000c8e00000, 0x00000000c8e00000| Untracked 
| 119|0x00000000c8f00000, 0x00000000c8f00000, 0x00000000c9000000|  0%| F|  |TAMS 0x00000000c8f00000, 0x00000000c8f00000| Untracked 
| 120|0x00000000c9000000, 0x00000000c9000000, 0x00000000c9100000|  0%| F|  |TAMS 0x00000000c9000000, 0x00000000c9000000| Untracked 
| 121|0x00000000c9100000, 0x00000000c9100000, 0x00000000c9200000|  0%| F|  |TAMS 0x00000000c9100000, 0x00000000c9100000| Untracked 
| 122|0x00000000c9200000, 0x00000000c9200000, 0x00000000c9300000|  0%| F|  |TAMS 0x00000000c9200000, 0x00000000c9200000| Untracked 
| 123|0x00000000c9300000, 0x00000000c9300000, 0x00000000c9400000|  0%| F|  |TAMS 0x00000000c9300000, 0x00000000c9300000| Untracked 
| 124|0x00000000c9400000, 0x00000000c9400000, 0x00000000c9500000|  0%| F|  |TAMS 0x00000000c9400000, 0x00000000c9400000| Untracked 
| 125|0x00000000c9500000, 0x00000000c9500000, 0x00000000c9600000|  0%| F|  |TAMS 0x00000000c9500000, 0x00000000c9500000| Untracked 
| 126|0x00000000c9600000, 0x00000000c9600000, 0x00000000c9700000|  0%| F|  |TAMS 0x00000000c9600000, 0x00000000c9600000| Untracked 
| 127|0x00000000c9700000, 0x00000000c9700000, 0x00000000c9800000|  0%| F|  |TAMS 0x00000000c9700000, 0x00000000c9700000| Untracked 
| 128|0x00000000c9800000, 0x00000000c9800000, 0x00000000c9900000|  0%| F|  |TAMS 0x00000000c9800000, 0x00000000c9800000| Untracked 
| 129|0x00000000c9900000, 0x00000000c9900000, 0x00000000c9a00000|  0%| F|  |TAMS 0x00000000c9900000, 0x00000000c9900000| Untracked 
| 130|0x00000000c9a00000, 0x00000000c9a00000, 0x00000000c9b00000|  0%| F|  |TAMS 0x00000000c9a00000, 0x00000000c9a00000| Untracked 
| 131|0x00000000c9b00000, 0x00000000c9b00000, 0x00000000c9c00000|  0%| F|  |TAMS 0x00000000c9b00000, 0x00000000c9b00000| Untracked 
| 132|0x00000000c9c00000, 0x00000000c9c00000, 0x00000000c9d00000|  0%| F|  |TAMS 0x00000000c9c00000, 0x00000000c9c00000| Untracked 
| 133|0x00000000c9d00000, 0x00000000c9e00000, 0x00000000c9e00000|100%| E|CS|TAMS 0x00000000c9d00000, 0x00000000c9d00000| Complete 
| 134|0x00000000c9e00000, 0x00000000c9e00000, 0x00000000c9f00000|  0%| F|  |TAMS 0x00000000c9e00000, 0x00000000c9e00000| Untracked 
| 135|0x00000000c9f00000, 0x00000000c9f00000, 0x00000000ca000000|  0%| F|  |TAMS 0x00000000c9f00000, 0x00000000c9f00000| Untracked 
| 136|0x00000000ca000000, 0x00000000ca000000, 0x00000000ca100000|  0%| F|  |TAMS 0x00000000ca000000, 0x00000000ca000000| Untracked 
| 137|0x00000000ca100000, 0x00000000ca100000, 0x00000000ca200000|  0%| F|  |TAMS 0x00000000ca100000, 0x00000000ca100000| Untracked 
| 138|0x00000000ca200000, 0x00000000ca25bb38, 0x00000000ca300000| 35%| E|  |TAMS 0x00000000ca200000, 0x00000000ca200000| Complete 
| 139|0x00000000ca300000, 0x00000000ca400000, 0x00000000ca400000|100%| E|CS|TAMS 0x00000000ca300000, 0x00000000ca300000| Complete 
| 140|0x00000000ca400000, 0x00000000ca500000, 0x00000000ca500000|100%| E|  |TAMS 0x00000000ca400000, 0x00000000ca400000| Complete 
| 141|0x00000000ca500000, 0x00000000ca600000, 0x00000000ca600000|100%| E|CS|TAMS 0x00000000ca500000, 0x00000000ca500000| Complete 
| 142|0x00000000ca600000, 0x00000000ca700000, 0x00000000ca700000|100%| E|CS|TAMS 0x00000000ca600000, 0x00000000ca600000| Complete 
| 143|0x00000000ca700000, 0x00000000ca800000, 0x00000000ca800000|100%| E|CS|TAMS 0x00000000ca700000, 0x00000000ca700000| Complete 
| 144|0x00000000ca800000, 0x00000000ca900000, 0x00000000ca900000|100%| E|CS|TAMS 0x00000000ca800000, 0x00000000ca800000| Complete 
| 145|0x00000000ca900000, 0x00000000caa00000, 0x00000000caa00000|100%| E|CS|TAMS 0x00000000ca900000, 0x00000000ca900000| Complete 
| 146|0x00000000caa00000, 0x00000000cab00000, 0x00000000cab00000|100%| E|CS|TAMS 0x00000000caa00000, 0x00000000caa00000| Complete 
| 147|0x00000000cab00000, 0x00000000cac00000, 0x00000000cac00000|100%| E|CS|TAMS 0x00000000cab00000, 0x00000000cab00000| Complete 
| 148|0x00000000cac00000, 0x00000000cad00000, 0x00000000cad00000|100%| E|CS|TAMS 0x00000000cac00000, 0x00000000cac00000| Complete 
| 149|0x00000000cad00000, 0x00000000cae00000, 0x00000000cae00000|100%| E|CS|TAMS 0x00000000cad00000, 0x00000000cad00000| Complete 

Card table byte_map: [0x00000160379e0000,0x0000016037be0000] _byte_map_base: 0x00000160373d4000

Marking Bits (Prev, Next): (CMBitMap*) 0x00000160205ed5b0, (CMBitMap*) 0x00000160205ed5f0
 Prev Bits: [0x0000016037de0000, 0x0000016038d80000)
 Next Bits: [0x0000016038d80000, 0x0000016039d20000)

Polling page: 0x000001601e4b0000

Metaspace:

Usage:
  Non-class:     38.25 MB capacity,    38.00 MB (>99%) used,   205.72 KB ( <1%) free+waste,    48.50 KB ( <1%) overhead. 
      Class:      6.00 MB capacity,     5.88 MB ( 98%) used,    97.72 KB (  2%) free+waste,    18.06 KB ( <1%) overhead. 
       Both:     44.25 MB capacity,    43.88 MB (>99%) used,   303.44 KB ( <1%) free+waste,    66.56 KB ( <1%) overhead. 

Virtual space:
  Non-class space:       40.00 MB reserved,      38.67 MB ( 97%) committed 
      Class space:        1.00 GB reserved,       6.00 MB ( <1%) committed 
             Both:        1.04 GB reserved,      44.67 MB (  4%) committed 

Chunk freelists:
   Non-Class:  305.00 KB
       Class:  4.00 KB
        Both:  309.00 KB

MaxMetaspaceSize: 17179869184.00 GB
CompressedClassSpaceSize: 1.00 GB

CodeHeap 'non-profiled nmethods': size=120000Kb used=3733Kb max_used=3733Kb free=116266Kb
 bounds [0x00000160302b0000, 0x0000016030660000, 0x00000160377e0000]
CodeHeap 'profiled nmethods': size=120000Kb used=11533Kb max_used=11533Kb free=108466Kb
 bounds [0x0000016028d80000, 0x00000160298d0000, 0x00000160302b0000]
CodeHeap 'non-nmethods': size=5760Kb used=1509Kb max_used=1542Kb free=4250Kb
 bounds [0x00000160287e0000, 0x0000016028a50000, 0x0000016028d80000]
 total_blobs=6343 nmethods=5485 adapters=769
 compilation: enabled
              stopped_count=0, restarted_count=0
 full_count=0

Compilation events (20 events):
Event: 34.427 Thread 0x000001603c1c3460 6258       3       javax.swing.JComponent::setBackground (42 bytes)
Event: 34.430 Thread 0x000001603c1c3460 nmethod 6258 0x00000160298bc190 code [0x00000160298bc3c0, 0x00000160298bd1c8]
Event: 34.431 Thread 0x000001603c1c3460 6259       3       sun.font.FontStrikeDesc::<init> (144 bytes)
Event: 34.432 Thread 0x000001603c1c3460 nmethod 6259 0x00000160298bd410 code [0x00000160298bd5c0, 0x00000160298bd978]
Event: 34.434 Thread 0x000001603c1c3460 6260       3       java.lang.Math::powerOfTwoD (45 bytes)
Event: 34.434 Thread 0x000001603c1c3460 nmethod 6260 0x00000160298bda10 code [0x00000160298bdba0, 0x00000160298bdcd8]
Event: 34.437 Thread 0x000001603c1c3460 6262   !   3       java.awt.Container::findComponentAt (42 bytes)
Event: 34.437 Thread 0x000001603c1c3460 nmethod 6262 0x00000160298bdd90 code [0x00000160298bdf60, 0x00000160298be378]
Event: 34.437 Thread 0x000001603c1c3460 6264       3       sun.awt.windows.WObjectPeer::getPeerForTarget (10 bytes)
Event: 34.438 Thread 0x000001603c1c3460 nmethod 6264 0x00000160298be510 code [0x00000160298be760, 0x00000160298bf068]
Event: 34.463 Thread 0x000001603c1c3460 6266       3       java.awt.Container::setFont (42 bytes)
Event: 34.465 Thread 0x000001603c1c3460 nmethod 6266 0x00000160298bf390 code [0x00000160298bf5a0, 0x00000160298bfd68]
Event: 34.465 Thread 0x000001603c1c3460 6267   !   3       sun.swing.SwingUtilities2::stringWidth (110 bytes)
Event: 34.466 Thread 0x000001603c1c3460 nmethod 6267 0x00000160298bff90 code [0x00000160298c0200, 0x00000160298c0e18]
Event: 34.466 Thread 0x000001603c1c3460 6268       3       javax.swing.SwingUtilities::layoutCompoundLabelImpl (758 bytes)
Event: 34.468 Thread 0x000001603c1c3460 nmethod 6268 0x00000160298c1210 code [0x00000160298c15a0, 0x00000160298c3278]
Event: 34.495 Thread 0x0000016041ea4540 nmethod 6241 0x0000016030649590 code [0x0000016030649840, 0x000001603064c250]
Event: 34.495 Thread 0x0000016041ea4540 6252       4       javax.swing.table.DefaultTableColumnModel::getColumn (12 bytes)
Event: 34.497 Thread 0x0000016041ea4540 nmethod 6252 0x000001603064d710 code [0x000001603064d8a0, 0x000001603064dad8]
Event: 34.497 Thread 0x0000016041ea4540 6242       4       java.lang.String::equalsIgnoreCase (45 bytes)

GC Heap History (20 events):
Event: 9.254 GC heap before
{Heap before GC invocations=9 (full 0):
 garbage-first heap   total 79872K, used 56820K [0x00000000c1800000, 0x0000000100000000)
  region size 1024K, 22 young (22528K), 4 survivors (4096K)
 Metaspace       used 32603K, capacity 32861K, committed 33328K, reserved 1079296K
  class space    used 4019K, capacity 4107K, committed 4224K, reserved 1048576K
}
Event: 9.262 GC heap after
{Heap after GC invocations=10 (full 0):
 garbage-first heap   total 79872K, used 43465K [0x00000000c1800000, 0x0000000100000000)
  region size 1024K, 3 young (3072K), 3 survivors (3072K)
 Metaspace       used 32603K, capacity 32861K, committed 33328K, reserved 1079296K
  class space    used 4019K, capacity 4107K, committed 4224K, reserved 1048576K
}
Event: 11.426 GC heap before
{Heap before GC invocations=10 (full 0):
 garbage-first heap   total 79872K, used 59849K [0x00000000c1800000, 0x0000000100000000)
  region size 1024K, 19 young (19456K), 3 survivors (3072K)
 Metaspace       used 34637K, capacity 34910K, committed 35504K, reserved 1081344K
  class space    used 4419K, capacity 4491K, committed 4608K, reserved 1048576K
}
Event: 11.434 GC heap after
{Heap after GC invocations=11 (full 0):
 garbage-first heap   total 79872K, used 47063K [0x00000000c1800000, 0x0000000100000000)
  region size 1024K, 3 young (3072K), 3 survivors (3072K)
 Metaspace       used 34637K, capacity 34910K, committed 35504K, reserved 1081344K
  class space    used 4419K, capacity 4491K, committed 4608K, reserved 1048576K
}
Event: 12.578 GC heap before
{Heap before GC invocations=12 (full 0):
 garbage-first heap   total 80896K, used 62423K [0x00000000c1800000, 0x0000000100000000)
  region size 1024K, 18 young (18432K), 3 survivors (3072K)
 Metaspace       used 37124K, capacity 37423K, committed 37936K, reserved 1083392K
  class space    used 4832K, capacity 4944K, committed 4992K, reserved 1048576K
}
Event: 12.586 GC heap after
{Heap after GC invocations=13 (full 0):
 garbage-first heap   total 80896K, used 49875K [0x00000000c1800000, 0x0000000100000000)
  region size 1024K, 3 young (3072K), 3 survivors (3072K)
 Metaspace       used 37124K, capacity 37423K, committed 37936K, reserved 1083392K
  class space    used 4832K, capacity 4944K, committed 4992K, reserved 1048576K
}
Event: 13.218 GC heap before
{Heap before GC invocations=13 (full 0):
 garbage-first heap   total 80896K, used 63187K [0x00000000c1800000, 0x0000000100000000)
  region size 1024K, 17 young (17408K), 3 survivors (3072K)
 Metaspace       used 39738K, capacity 40046K, committed 40496K, reserved 1085440K
  class space    used 5163K, capacity 5241K, committed 5248K, reserved 1048576K
}
Event: 13.226 GC heap after
{Heap after GC invocations=14 (full 0):
 garbage-first heap   total 80896K, used 53395K [0x00000000c1800000, 0x0000000100000000)
  region size 1024K, 3 young (3072K), 3 survivors (3072K)
 Metaspace       used 39738K, capacity 40046K, committed 40496K, reserved 1085440K
  class space    used 5163K, capacity 5241K, committed 5248K, reserved 1048576K
}
Event: 13.600 GC heap before
{Heap before GC invocations=15 (full 0):
 garbage-first heap   total 94208K, used 61587K [0x00000000c1800000, 0x0000000100000000)
  region size 1024K, 12 young (12288K), 3 survivors (3072K)
 Metaspace       used 40134K, capacity 40462K, committed 40880K, reserved 1085440K
  class space    used 5233K, capacity 5337K, committed 5376K, reserved 1048576K
}
Event: 13.606 GC heap after
{Heap after GC invocations=16 (full 0):
 garbage-first heap   total 94208K, used 56320K [0x00000000c1800000, 0x0000000100000000)
  region size 1024K, 2 young (2048K), 2 survivors (2048K)
 Metaspace       used 40134K, capacity 40462K, committed 40880K, reserved 1085440K
  class space    used 5233K, capacity 5337K, committed 5376K, reserved 1048576K
}
Event: 14.268 GC heap before
{Heap before GC invocations=16 (full 0):
 garbage-first heap   total 94208K, used 72704K [0x00000000c1800000, 0x0000000100000000)
  region size 1024K, 18 young (18432K), 2 survivors (2048K)
 Metaspace       used 40771K, capacity 41070K, committed 41520K, reserved 1085440K
  class space    used 5402K, capacity 5497K, committed 5504K, reserved 1048576K
}
Event: 14.273 GC heap after
{Heap after GC invocations=17 (full 0):
 garbage-first heap   total 94208K, used 62157K [0x00000000c1800000, 0x0000000100000000)
  region size 1024K, 3 young (3072K), 3 survivors (3072K)
 Metaspace       used 40771K, capacity 41070K, committed 41520K, reserved 1085440K
  class space    used 5402K, capacity 5497K, committed 5504K, reserved 1048576K
}
Event: 14.465 GC heap before
{Heap before GC invocations=18 (full 0):
 garbage-first heap   total 109568K, used 82637K [0x00000000c1800000, 0x0000000100000000)
  region size 1024K, 15 young (15360K), 3 survivors (3072K)
 Metaspace       used 40883K, capacity 41166K, committed 41648K, reserved 1085440K
  class space    used 5434K, capacity 5529K, committed 5632K, reserved 1048576K
}
Event: 14.470 GC heap after
{Heap after GC invocations=19 (full 0):
 garbage-first heap   total 109568K, used 72546K [0x00000000c1800000, 0x0000000100000000)
  region size 1024K, 1 young (1024K), 1 survivors (1024K)
 Metaspace       used 40883K, capacity 41166K, committed 41648K, reserved 1085440K
  class space    used 5434K, capacity 5529K, committed 5632K, reserved 1048576K
}
Event: 14.946 GC heap before
{Heap before GC invocations=19 (full 0):
 garbage-first heap   total 109568K, used 86882K [0x00000000c1800000, 0x0000000100000000)
  region size 1024K, 16 young (16384K), 1 survivors (1024K)
 Metaspace       used 41391K, capacity 41743K, committed 42288K, reserved 1085440K
  class space    used 5553K, capacity 5657K, committed 5760K, reserved 1048576K
}
Event: 14.950 GC heap after
{Heap after GC invocations=20 (full 0):
 garbage-first heap   total 109568K, used 77099K [0x00000000c1800000, 0x0000000100000000)
  region size 1024K, 2 young (2048K), 2 survivors (2048K)
 Metaspace       used 41391K, capacity 41743K, committed 42288K, reserved 1085440K
  class space    used 5553K, capacity 5657K, committed 5760K, reserved 1048576K
}
Event: 15.280 GC heap before
{Heap before GC invocations=21 (full 0):
 garbage-first heap   total 137216K, used 87339K [0x00000000c1800000, 0x0000000100000000)
  region size 1024K, 13 young (13312K), 2 survivors (2048K)
 Metaspace       used 41658K, capacity 41967K, committed 42288K, reserved 1085440K
  class space    used 5629K, capacity 5753K, committed 5760K, reserved 1048576K
}
Event: 15.285 GC heap after
{Heap after GC invocations=22 (full 0):
 garbage-first heap   total 137216K, used 80477K [0x00000000c1800000, 0x0000000100000000)
  region size 1024K, 2 young (2048K), 2 survivors (2048K)
 Metaspace       used 41658K, capacity 41967K, committed 42288K, reserved 1085440K
  class space    used 5629K, capacity 5753K, committed 5760K, reserved 1048576K
}
Event: 15.951 GC heap before
{Heap before GC invocations=22 (full 0):
 garbage-first heap   total 137216K, used 97885K [0x00000000c1800000, 0x0000000100000000)
  region size 1024K, 21 young (21504K), 2 survivors (2048K)
 Metaspace       used 42841K, capacity 43119K, committed 43440K, reserved 1087488K
  class space    used 5784K, capacity 5881K, committed 5888K, reserved 1048576K
}
Event: 15.956 GC heap after
{Heap after GC invocations=23 (full 0):
 garbage-first heap   total 137216K, used 86640K [0x00000000c1800000, 0x0000000100000000)
  region size 1024K, 4 young (4096K), 4 survivors (4096K)
 Metaspace       used 42841K, capacity 43119K, committed 43440K, reserved 1087488K
  class space    used 5784K, capacity 5881K, committed 5888K, reserved 1048576K
}

Deoptimization events (20 events):
Event: 34.382 Thread 0x000001603d6ab980 Uncommon trap: trap_request=0xffffff45 fr.pc=0x00000160304c8d2c relative=0x00000000000009cc
Event: 34.382 Thread 0x000001603d6ab980 Uncommon trap: reason=unstable_if action=reinterpret pc=0x00000160304c8d2c method=sun.swing.SwingUtilities2.getLeftSideBearing(Ljavax/swing/JComponent;Ljava/awt/FontMetrics;C)I @ 5 c2
Event: 34.382 Thread 0x000001603d6ab980 DEOPT PACKING pc=0x00000160304c8d2c sp=0x00000056673fcf80
Event: 34.382 Thread 0x000001603d6ab980 DEOPT UNPACKING pc=0x000001602882e42f sp=0x00000056673fcd78 mode 2
Event: 34.383 Thread 0x000001603d6ab980 DEOPT PACKING pc=0x00000160298a77ab sp=0x00000056673fcc00
Event: 34.383 Thread 0x000001603d6ab980 DEOPT UNPACKING pc=0x000001602882e23f sp=0x00000056673fc050 mode 0
Event: 34.397 Thread 0x000001603d6ab980 DEOPT PACKING pc=0x00000160298a77ab sp=0x00000056673fcc00
Event: 34.397 Thread 0x000001603d6ab980 DEOPT UNPACKING pc=0x000001602882e23f sp=0x00000056673fc050 mode 0
Event: 34.419 Thread 0x000001603d6ab980 DEOPT PACKING pc=0x00000160298a584f sp=0x00000056673fde00
Event: 34.419 Thread 0x000001603d6ab980 DEOPT UNPACKING pc=0x000001602882e23f sp=0x00000056673fd2a8 mode 0
Event: 34.421 Thread 0x000001603d6ab980 Uncommon trap: trap_request=0xffffff45 fr.pc=0x00000160306477b0 relative=0x0000000000000190
Event: 34.421 Thread 0x000001603d6ab980 Uncommon trap: reason=unstable_if action=reinterpret pc=0x00000160306477b0 method=sun.awt.im.InputContext.removeNotify(Ljava/awt/Component;)V @ 16 c2
Event: 34.421 Thread 0x000001603d6ab980 DEOPT PACKING pc=0x00000160306477b0 sp=0x00000056673fd480
Event: 34.421 Thread 0x000001603d6ab980 DEOPT UNPACKING pc=0x000001602882e42f sp=0x00000056673fd430 mode 2
Event: 34.424 Thread 0x000001603d6ab980 Uncommon trap: trap_request=0xffffff45 fr.pc=0x00000160305636c8 relative=0x0000000000000048
Event: 34.424 Thread 0x000001603d6ab980 Uncommon trap: reason=unstable_if action=reinterpret pc=0x00000160305636c8 method=sun.swing.SwingUtilities2.getLeftSideBearing(Ljavax/swing/JComponent;Ljava/awt/FontMetrics;C)I @ 5 c2
Event: 34.424 Thread 0x000001603d6ab980 DEOPT PACKING pc=0x00000160305636c8 sp=0x00000056673fcdc0
Event: 34.424 Thread 0x000001603d6ab980 DEOPT UNPACKING pc=0x000001602882e42f sp=0x00000056673fccf8 mode 2
Event: 34.434 Thread 0x000001603d6ab980 DEOPT PACKING pc=0x00000160298a77ab sp=0x00000056673fd9b0
Event: 34.434 Thread 0x000001603d6ab980 DEOPT UNPACKING pc=0x000001602882e23f sp=0x00000056673fce00 mode 0

Classes unloaded (0 events):
No events

Classes redefined (0 events):
No events

Internal exceptions (20 events):
Event: 12.629 Thread 0x000001603d5c26e0 Exception <a 'java/lang/NoSuchMethodError'{0x00000000c65ccb08}: 'java.lang.Object java.lang.invoke.DirectMethodHandle$Holder.newInvokeSpecial(java.lang.Object, java.lang.Object, int, java.lang.Object)'> (0x00000000c65ccb08) 
thrown [./open/src/hotspot/share/interpreter/linkResolver.cpp, line 782]
Event: 12.629 Thread 0x000001603d5c26e0 Exception <a 'java/lang/NoSuchMethodError'{0x00000000c65d0d48}: 'java.lang.Object java.lang.invoke.DirectMethodHandle$Holder.invokeSpecial(java.lang.Object, java.lang.Object, java.lang.Object, int, java.lang.Object)'> (0x00000000c65d0d48) 
thrown [./open/src/hotspot/share/interpreter/linkResolver.cpp, line 782]
Event: 12.667 Thread 0x000001603d5c3080 Implicit null exception at 0x00000160303760f4 to 0x000001603037649c
Event: 12.686 Thread 0x000001603d5c0060 Implicit null exception at 0x000001603054a26f to 0x000001603054bd7c
Event: 12.996 Thread 0x000001603d6ab980 Exception <a 'java/lang/NoSuchMethodError'{0x00000000c5e01908}: 'java.lang.Object java.lang.invoke.DirectMethodHandle$Holder.invokeStaticInit(java.lang.Object, java.lang.Object, java.lang.Object, java.lang.Object)'> (0x00000000c5e01908) 
thrown [./open/src/hotspot/share/interpreter/linkResolver.cpp, line 782]
Event: 13.306 Thread 0x000001603d5c2210 Implicit null exception at 0x00000160305700ad to 0x0000016030571228
Event: 13.500 Thread 0x000001603d5c2210 Implicit null exception at 0x0000016030578f8a to 0x0000016030579cfc
Event: 14.754 Thread 0x000001603d5c2210 Implicit null exception at 0x00000160305848d5 to 0x0000016030586e54
Event: 15.892 Thread 0x000001603d6ab980 Implicit null exception at 0x0000016030426111 to 0x0000016030426efc
Event: 15.893 Thread 0x000001603d6ab980 Implicit null exception at 0x00000160304a5782 to 0x00000160304aadb7
Event: 15.909 Thread 0x000001603d6ab980 Implicit null exception at 0x00000160303f5ab8 to 0x00000160303f6da4
Event: 15.909 Thread 0x000001603d6ab980 Implicit null exception at 0x0000016030405226 to 0x0000016030405a3c
Event: 16.703 Thread 0x000001603d6ab980 Implicit null exception at 0x000001603041b522 to 0x000001603041ca30
Event: 17.551 Thread 0x000001603d6ab980 Implicit null exception at 0x0000016030419eac to 0x0000016030419f38
Event: 34.108 Thread 0x000001603d6ab980 Implicit null exception at 0x00000160303879ef to 0x0000016030388ab0
Event: 34.111 Thread 0x000001603d6ab980 Implicit null exception at 0x00000160302c963e to 0x00000160302caddc
Event: 34.351 Thread 0x000001603d5c3080 Exception <a 'java/lang/NullPointerException'{0x00000000ca51d770}> (0x00000000ca51d770) 
thrown [./open/src/hotspot/share/interpreter/linkResolver.cpp, line 1374]
Event: 34.370 Thread 0x000001603d5c3080 Exception <a 'java/lang/NoSuchMethodError'{0x00000000ca566678}: 'void java.lang.invoke.DirectMethodHandle$Holder.invokeSpecial(java.lang.Object, java.lang.Object, java.lang.Object, java.lang.Object, java.lang.Object)'> (0x00000000ca566678) 
thrown [./open/src/hotspot/share/interpreter/linkResolver.cpp, line 782]
Event: 34.420 Thread 0x000001603d5c3080 Exception <a 'java/lang/NoSuchMethodError'{0x00000000ca49be40}: 'int java.lang.invoke.DirectMethodHandle$Holder.invokeSpecial(java.lang.Object, java.lang.Object, java.lang.Object, java.lang.Object)'> (0x00000000ca49be40) 
thrown [./open/src/hotspot/share/interpreter/linkResolver.cpp, line 782]
Event: 34.501 Thread 0x000001603d5c3080 Exception <a 'java/lang/NoSuchMethodError'{0x00000000ca259848}: fwkIsMainThread> (0x00000000ca259848) 
thrown [./open/src/hotspot/share/prims/jni.cpp, line 1171]

Events (20 events):
Event: 34.371 loading class sun/swing/ImageCache$Entry done
Event: 34.421 loading class javax/swing/JTable$PrintMode
Event: 34.421 loading class javax/swing/JTable$PrintMode done
Event: 34.422 loading class javax/swing/JTable$BooleanRenderer
Event: 34.422 loading class javax/swing/JTable$BooleanRenderer done
Event: 34.454 loading class java/util/concurrent/Executors$DelegatedScheduledExecutorService
Event: 34.455 loading class java/util/concurrent/ScheduledExecutorService
Event: 34.455 loading class java/util/concurrent/ScheduledExecutorService done
Event: 34.455 loading class java/util/concurrent/Executors$DelegatedScheduledExecutorService done
Event: 34.455 loading class java/util/concurrent/ScheduledThreadPoolExecutor
Event: 34.455 loading class java/util/concurrent/ScheduledThreadPoolExecutor done
Event: 34.455 loading class java/util/concurrent/ScheduledThreadPoolExecutor$DelayedWorkQueue
Event: 34.455 loading class java/util/concurrent/ScheduledThreadPoolExecutor$DelayedWorkQueue done
Event: 34.455 loading class java/util/concurrent/RunnableScheduledFuture
Event: 34.455 loading class java/util/concurrent/ScheduledFuture
Event: 34.455 loading class java/util/concurrent/ScheduledFuture done
Event: 34.455 loading class java/util/concurrent/RunnableScheduledFuture done
Event: 34.467 loading class java/net/CookieHandler
Event: 34.467 loading class java/net/CookieHandler done
Event: 34.476 Loaded shared library C:\Program Files\BellSoft\LibericaJDK-13-Full\bin\jfxwebkit.dll


Dynamic libraries:
0x00007ff7c71d0000 - 0x00007ff7c71df000 	C:\Program Files\Java\jdk-15.0.2\bin\java.exe
0x00007ffefc6b0000 - 0x00007ffefc8a8000 	C:\WINDOWS\SYSTEM32\ntdll.dll
0x00007ffefbfd0000 - 0x00007ffefc08f000 	C:\WINDOWS\System32\KERNEL32.DLL
0x00007ffefa430000 - 0x00007ffefa70a000 	C:\WINDOWS\System32\KERNELBASE.dll
0x00007ffef9fc0000 - 0x00007ffefa0c0000 	C:\WINDOWS\System32\ucrtbase.dll
0x00007ffef5930000 - 0x00007ffef5949000 	C:\Program Files\Java\jdk-15.0.2\bin\VCRUNTIME140.dll
0x00007ffeeb080000 - 0x00007ffeeb098000 	C:\Program Files\Java\jdk-15.0.2\bin\jli.dll
0x00007ffefb6e0000 - 0x00007ffefb78e000 	C:\WINDOWS\System32\ADVAPI32.dll
0x00007ffefaef0000 - 0x00007ffefaf8e000 	C:\WINDOWS\System32\msvcrt.dll
0x00007ffefbbf0000 - 0x00007ffefbc8c000 	C:\WINDOWS\System32\sechost.dll
0x00007ffefab80000 - 0x00007ffefaca6000 	C:\WINDOWS\System32\RPCRT4.dll
0x00007ffefc4d0000 - 0x00007ffefc66d000 	C:\WINDOWS\System32\USER32.dll
0x00007ffee3930000 - 0x00007ffee3bca000 	C:\WINDOWS\WinSxS\amd64_microsoft.windows.common-controls_6595b64144ccf1df_6.0.19041.1110_none_60b5254171f9507e\COMCTL32.dll
0x00007ffef9ed0000 - 0x00007ffef9ef2000 	C:\WINDOWS\System32\win32u.dll
0x00007ffefba90000 - 0x00007ffefbabb000 	C:\WINDOWS\System32\GDI32.dll
0x00007ffef9dc0000 - 0x00007ffef9ed0000 	C:\WINDOWS\System32\gdi32full.dll
0x00007ffefa340000 - 0x00007ffefa3dd000 	C:\WINDOWS\System32\msvcp_win.dll
0x00007ffeedd70000 - 0x00007ffeedd7a000 	C:\WINDOWS\SYSTEM32\VERSION.dll
0x00007ffefaec0000 - 0x00007ffefaef0000 	C:\WINDOWS\System32\IMM32.DLL
0x00007ffef5920000 - 0x00007ffef592c000 	C:\Program Files\Java\jdk-15.0.2\bin\vcruntime140_1.dll
0x00007ffed9dd0000 - 0x00007ffed9e61000 	C:\Program Files\Java\jdk-15.0.2\bin\msvcp140.dll
0x00007ffed5130000 - 0x00007ffed5c8e000 	C:\Program Files\Java\jdk-15.0.2\bin\server\jvm.dll
0x00007ffefbac0000 - 0x00007ffefbac8000 	C:\WINDOWS\System32\PSAPI.DLL
0x00007ffedffd0000 - 0x00007ffedfff7000 	C:\WINDOWS\SYSTEM32\WINMM.dll
0x00007ffef3dd0000 - 0x00007ffef3dd9000 	C:\WINDOWS\SYSTEM32\WSOCK32.dll
0x00007ffefb7a0000 - 0x00007ffefb80b000 	C:\WINDOWS\System32\WS2_32.dll
0x00007ffef7ca0000 - 0x00007ffef7cb2000 	C:\WINDOWS\SYSTEM32\kernel.appcore.dll
0x00007ffeebc50000 - 0x00007ffeebc5a000 	C:\Program Files\Java\jdk-15.0.2\bin\jimage.dll
0x00007ffee8bb0000 - 0x00007ffee8d94000 	C:\WINDOWS\SYSTEM32\DBGHELP.DLL
0x00007ffee8b70000 - 0x00007ffee8ba4000 	C:\WINDOWS\SYSTEM32\dbgcore.DLL
0x00007ffef9f30000 - 0x00007ffef9fb2000 	C:\WINDOWS\System32\bcryptPrimitives.dll
0x00007ffef58f0000 - 0x00007ffef5915000 	C:\Program Files\Java\jdk-15.0.2\bin\java.dll
0x00007ffefaf90000 - 0x00007ffefb6d4000 	C:\WINDOWS\System32\SHELL32.dll
0x00007ffef7ea0000 - 0x00007ffef8633000 	C:\WINDOWS\SYSTEM32\windows.storage.dll
0x00007ffefc090000 - 0x00007ffefc3e4000 	C:\WINDOWS\System32\combase.dll
0x00007ffef9740000 - 0x00007ffef976e000 	C:\WINDOWS\SYSTEM32\Wldp.dll
0x00007ffefbcb0000 - 0x00007ffefbd5d000 	C:\WINDOWS\System32\SHCORE.dll
0x00007ffefc3f0000 - 0x00007ffefc445000 	C:\WINDOWS\System32\shlwapi.dll
0x00007ffef9d00000 - 0x00007ffef9d1f000 	C:\WINDOWS\SYSTEM32\profapi.dll
0x00007ffeead30000 - 0x00007ffeead49000 	C:\Program Files\Java\jdk-15.0.2\bin\net.dll
0x00007ffef3490000 - 0x00007ffef359a000 	C:\WINDOWS\SYSTEM32\WINHTTP.dll
0x00007ffef94a0000 - 0x00007ffef950a000 	C:\WINDOWS\system32\mswsock.dll
0x00007ffeea460000 - 0x00007ffeea472000 	C:\Program Files\Java\jdk-15.0.2\bin\nio.dll
0x00007ffee8e20000 - 0x00007ffee8e38000 	C:\Program Files\Java\jdk-15.0.2\bin\zip.dll
0x00007ffee2ee0000 - 0x00007ffee3060000 	C:\Program Files\Java\jdk-15.0.2\bin\awt.dll
0x00007ffefbea0000 - 0x00007ffefbf6d000 	C:\WINDOWS\System32\OLEAUT32.dll
0x00007ffef75f0000 - 0x00007ffef7680000 	C:\WINDOWS\SYSTEM32\apphelp.dll
0x00007ffef77d0000 - 0x00007ffef786e000 	C:\WINDOWS\system32\uxtheme.dll
0x00007ffefbad0000 - 0x00007ffefbbe4000 	C:\WINDOWS\System32\MSCTF.dll
0x00007ffefb8b0000 - 0x00007ffefb9da000 	C:\WINDOWS\System32\ole32.dll
0x00007ffef79b0000 - 0x00007ffef79df000 	C:\WINDOWS\system32\DWMAPI.DLL
0x00007ffed7cf0000 - 0x00007ffed7da0000 	C:\WINDOWS\WinSxS\amd64_microsoft.windows.common-controls_6595b64144ccf1df_5.82.19041.1110_none_792d1c772443f647\comctl32.dll
0x00007ffed6680000 - 0x00007ffed6705000 	C:\Program Files\Java\jdk-15.0.2\bin\freetype.dll
0x00007ffed4b40000 - 0x00007ffed4be9000 	C:\Program Files\Java\jdk-15.0.2\bin\fontmanager.dll
0x00007ffee3800000 - 0x00007ffee3925000 	C:\WINDOWS\system32\opengl32.dll
0x00007ffee3ef0000 - 0x00007ffee3f1c000 	C:\WINDOWS\SYSTEM32\GLU32.dll
0x00007ffefb9e0000 - 0x00007ffefba89000 	C:\WINDOWS\System32\clbcatq.dll
0x00007ffef5950000 - 0x00007ffef5a46000 	C:\WINDOWS\SYSTEM32\PROPSYS.dll
0x00007ffeea5b0000 - 0x00007ffeea5c7000 	C:\WINDOWS\system32\NetworkExplorer.dll
0x00007ffefa3e0000 - 0x00007ffefa42e000 	C:\WINDOWS\System32\CFGMGR32.dll
0x00007ffee8860000 - 0x00007ffee887d000 	C:\WINDOWS\SYSTEM32\MPR.dll
0x00007ffeecc40000 - 0x00007ffeecc4b000 	C:\WINDOWS\System32\drprov.dll
0x00007ffef9af0000 - 0x00007ffef9b54000 	C:\WINDOWS\System32\WINSTA.dll
0x00007ffeebc60000 - 0x00007ffeebc7f000 	C:\WINDOWS\System32\ntlanman.dll
0x00007ffeeb5b0000 - 0x00007ffeeb5ce000 	C:\WINDOWS\System32\davclnt.dll
0x00007ffeecc30000 - 0x00007ffeecc3d000 	C:\WINDOWS\System32\DAVHLPR.dll
0x00007ffef8f20000 - 0x00007ffef8f39000 	C:\WINDOWS\System32\wkscli.dll
0x00007ffee0310000 - 0x00007ffee0322000 	C:\WINDOWS\SYSTEM32\cscapi.dll
0x00007ffef92a0000 - 0x00007ffef92ac000 	C:\WINDOWS\System32\netutils.dll
0x00007ffee04d0000 - 0x00007ffee0526000 	C:\Windows\System32\dlnashext.dll
0x00007ffed9510000 - 0x00007ffed9574000 	C:\Windows\System32\PlayToDevice.dll
0x00007ffeeaee0000 - 0x00007ffeeaf00000 	C:\Windows\System32\DevDispItemProvider.dll
0x00007ffef3ec0000 - 0x00007ffef3f45000 	C:\WINDOWS\System32\MMDevApi.dll
0x00007ffef9a90000 - 0x00007ffef9abc000 	C:\WINDOWS\System32\DEVOBJ.dll
0x00007ffed5f50000 - 0x00007ffed5ff1000 	C:\WINDOWS\system32\wpdshext.dll
0x00007ffec9b10000 - 0x00007ffec9cb5000 	C:\WINDOWS\WinSxS\amd64_microsoft.windows.gdiplus_6595b64144ccf1df_1.1.19041.2251_none_91a40448cc8846c1\gdiplus.dll
0x00007ffef4430000 - 0x00007ffef44d3000 	C:\Windows\System32\PortableDeviceApi.dll
0x00007ffefa710000 - 0x00007ffefab78000 	C:\WINDOWS\System32\SETUPAPI.dll
0x00007ffef9f00000 - 0x00007ffef9f27000 	C:\WINDOWS\System32\bcrypt.dll
0x00007ffefa0c0000 - 0x00007ffefa127000 	C:\WINDOWS\System32\WINTRUST.dll
0x00007ffefa130000 - 0x00007ffefa286000 	C:\WINDOWS\System32\CRYPT32.dll
0x00007ffef98d0000 - 0x00007ffef98e2000 	C:\WINDOWS\System32\MSASN1.dll
0x00007ffedfcb0000 - 0x00007ffedfce7000 	C:\Windows\System32\EhStorShell.dll
0x00007ffee2e70000 - 0x00007ffee2e96000 	C:\Windows\System32\EhStorAPI.dll
0x00007ffef5ab0000 - 0x00007ffef5ac4000 	C:\Windows\System32\WTSAPI32.dll
0x00007ffee01d0000 - 0x00007ffee01dd000 	C:\WINDOWS\SYSTEM32\LINKINFO.dll
0x00007ffeeb880000 - 0x00007ffeeb890000 	C:\Program Files\Java\jdk-15.0.2\bin\verify.dll
0x00007ffef47c0000 - 0x00007ffef4974000 	C:\WINDOWS\SYSTEM32\WindowsCodecs.dll
0x00007ffee1290000 - 0x00007ffee12ce000 	C:\WINDOWS\system32\dataexchange.dll
0x00007ffef6a10000 - 0x00007ffef6bf3000 	C:\WINDOWS\system32\dcomp.dll
0x00007ffef5ad0000 - 0x00007ffef5d33000 	C:\WINDOWS\system32\d3d11.dll
0x00007ffef8680000 - 0x00007ffef8773000 	C:\WINDOWS\system32\dxgi.dll
0x00007ffef4a20000 - 0x00007ffef4c20000 	C:\WINDOWS\system32\twinapi.appcore.dll
0x0000016042c80000 - 0x0000016042c83000 	C:\Program Files\Java\jdk-15.0.2\bin\api-ms-win-core-console-l1-1-0.dll
0x0000016042c90000 - 0x0000016042c93000 	C:\Program Files\Java\jdk-15.0.2\bin\api-ms-win-core-datetime-l1-1-0.dll
0x0000016042ca0000 - 0x0000016042ca3000 	C:\Program Files\Java\jdk-15.0.2\bin\api-ms-win-core-debug-l1-1-0.dll
0x0000016042cb0000 - 0x0000016042cb3000 	C:\Program Files\Java\jdk-15.0.2\bin\api-ms-win-core-errorhandling-l1-1-0.dll
0x0000016042cc0000 - 0x0000016042cc4000 	C:\Program Files\Java\jdk-15.0.2\bin\api-ms-win-core-file-l1-1-0.dll
0x0000016042cd0000 - 0x0000016042cd3000 	C:\Program Files\Java\jdk-15.0.2\bin\api-ms-win-core-file-l1-2-0.dll
0x0000016042ce0000 - 0x0000016042ce3000 	C:\Program Files\Java\jdk-15.0.2\bin\api-ms-win-core-file-l2-1-0.dll
0x0000016042cf0000 - 0x0000016042cf3000 	C:\Program Files\Java\jdk-15.0.2\bin\api-ms-win-core-handle-l1-1-0.dll
0x0000016042d00000 - 0x0000016042d03000 	C:\Program Files\Java\jdk-15.0.2\bin\api-ms-win-core-heap-l1-1-0.dll
0x0000016042d10000 - 0x0000016042d13000 	C:\Program Files\Java\jdk-15.0.2\bin\api-ms-win-core-interlocked-l1-1-0.dll
0x0000016042d20000 - 0x0000016042d23000 	C:\Program Files\Java\jdk-15.0.2\bin\api-ms-win-core-libraryloader-l1-1-0.dll
0x0000016042d30000 - 0x0000016042d33000 	C:\Program Files\Java\jdk-15.0.2\bin\api-ms-win-core-localization-l1-2-0.dll
0x0000016042d40000 - 0x0000016042d43000 	C:\Program Files\Java\jdk-15.0.2\bin\api-ms-win-core-memory-l1-1-0.dll
0x0000016042d50000 - 0x0000016042d53000 	C:\Program Files\Java\jdk-15.0.2\bin\api-ms-win-core-namedpipe-l1-1-0.dll
0x0000016042d60000 - 0x0000016042d63000 	C:\Program Files\Java\jdk-15.0.2\bin\api-ms-win-core-processenvironment-l1-1-0.dll
0x0000016042d70000 - 0x0000016042d73000 	C:\Program Files\Java\jdk-15.0.2\bin\api-ms-win-core-processthreads-l1-1-0.dll
0x0000016042d80000 - 0x0000016042d83000 	C:\Program Files\Java\jdk-15.0.2\bin\api-ms-win-core-processthreads-l1-1-1.dll
0x0000016042d90000 - 0x0000016042d93000 	C:\Program Files\Java\jdk-15.0.2\bin\api-ms-win-core-profile-l1-1-0.dll
0x0000016042da0000 - 0x0000016042da3000 	C:\Program Files\Java\jdk-15.0.2\bin\api-ms-win-core-rtlsupport-l1-1-0.dll
0x0000016042db0000 - 0x0000016042db3000 	C:\Program Files\Java\jdk-15.0.2\bin\api-ms-win-core-string-l1-1-0.dll
0x0000016042dc0000 - 0x0000016042dc3000 	C:\Program Files\Java\jdk-15.0.2\bin\api-ms-win-core-synch-l1-1-0.dll
0x0000016043fa0000 - 0x0000016043fa3000 	C:\Program Files\Java\jdk-15.0.2\bin\api-ms-win-core-synch-l1-2-0.dll
0x0000016043fb0000 - 0x0000016043fb3000 	C:\Program Files\Java\jdk-15.0.2\bin\api-ms-win-core-sysinfo-l1-1-0.dll
0x0000016043fc0000 - 0x0000016043fc3000 	C:\Program Files\Java\jdk-15.0.2\bin\api-ms-win-core-timezone-l1-1-0.dll
0x0000016043fd0000 - 0x0000016043fd3000 	C:\Program Files\Java\jdk-15.0.2\bin\api-ms-win-core-util-l1-1-0.dll
0x0000016043fe0000 - 0x0000016043fe3000 	C:\Program Files\Java\jdk-15.0.2\bin\api-ms-win-crt-conio-l1-1-0.dll
0x0000016043ff0000 - 0x0000016043ff4000 	C:\Program Files\Java\jdk-15.0.2\bin\api-ms-win-crt-convert-l1-1-0.dll
0x0000016044000000 - 0x0000016044003000 	C:\Program Files\Java\jdk-15.0.2\bin\api-ms-win-crt-environment-l1-1-0.dll
0x0000016044010000 - 0x0000016044013000 	C:\Program Files\Java\jdk-15.0.2\bin\api-ms-win-crt-filesystem-l1-1-0.dll
0x0000016044020000 - 0x0000016044023000 	C:\Program Files\Java\jdk-15.0.2\bin\api-ms-win-crt-heap-l1-1-0.dll
0x0000016044030000 - 0x0000016044033000 	C:\Program Files\Java\jdk-15.0.2\bin\api-ms-win-crt-locale-l1-1-0.dll
0x0000016045010000 - 0x0000016045015000 	C:\Program Files\Java\jdk-15.0.2\bin\api-ms-win-crt-math-l1-1-0.dll
0x0000016045020000 - 0x0000016045025000 	C:\Program Files\Java\jdk-15.0.2\bin\api-ms-win-crt-multibyte-l1-1-0.dll
0x0000016045030000 - 0x0000016045040000 	C:\Program Files\Java\jdk-15.0.2\bin\api-ms-win-crt-private-l1-1-0.dll
0x0000016045040000 - 0x0000016045043000 	C:\Program Files\Java\jdk-15.0.2\bin\api-ms-win-crt-process-l1-1-0.dll

dbghelp: loaded successfully - version: 4.0.5 - missing functions: none
symbol engine: initialized successfully - sym options: 0x614 - pdb path: .;C:\Program Files\Java\jdk-15.0.2\bin;C:\WINDOWS\SYSTEM32;C:\WINDOWS\WinSxS\amd64_microsoft.windows.common-controls_6595b64144ccf1df_6.0.19041.1110_none_60b5254171f9507e;C:\Program Files\Java\jdk-15.0.2\bin\server;C:\WINDOWS\WinSxS\amd64_microsoft.windows.common-controls_6595b64144ccf1df_5.82.19041.1110_none_792d1c772443f647;C:\WINDOWS\WinSxS\amd64_microsoft.windows.gdiplus_6595b64144ccf1df_1.1.19041.2251_none_91a40448cc8846c1;C:\Program Files\BellSoft\LibericaJDK-13-Full\bin

VM Arguments:
jvm_args: -Dfile.encoding=UTF-8 
java_command: simrskhanza.SIMRSKhanza
java_class_path (initial): E:\Sofware SIMRSKhanza\KhanzaHMSWindows\lib\calendar-src.jar;E:\Sofware SIMRSKhanza\KhanzaHMSWindows\lib\calendar-doc.jar;E:\Sofware SIMRSKhanza\KhanzaHMSWindows\lib\calendar.jar;E:\Sofware SIMRSKhanza\KhanzaHMSWindows\lib\jcalendar-1.4.jar;E:\Sofware SIMRSKhanza\KhanzaHMSWindows\lib\ant-1.7.1.jar;E:\Sofware SIMRSKhanza\KhanzaHMSWindows\lib\apache-httpcomponents-httpclient.jar;E:\Sofware SIMRSKhanza\KhanzaHMSWindows\lib\appframework-1.0.3.jar;E:\Sofware SIMRSKhanza\KhanzaHMSWindows\lib\barbecue-1.5-beta1.jar;E:\Sofware SIMRSKhanza\KhanzaHMSWindows\lib\batik-dom.jar;E:\Sofware SIMRSKhanza\KhanzaHMSWindows\lib\groovy-all-2.4.7.jar;E:\Sofware SIMRSKhanza\KhanzaHMSWindows\lib\bcel-5.2.jar;E:\Sofware SIMRSKhanza\KhanzaHMSWindows\lib\bcprov-jdk15on-154.jar;E:\Sofware SIMRSKhanza\KhanzaHMSWindows\lib\poi-4.1.0.jar;E:\Sofware SIMRSKhanza\KhanzaHMSWindows\lib\beansbinding-1.2.1.jar;E:\Sofware SIMRSKhanza\KhanzaHMSWindows\lib\bsh-2.0b4.jar;E:\Sofware SIMRSKhanza\KhanzaHMSWindows\lib\com-jaspersoft-ireport.jar;E:\Sofware SIMRSKhanza\KhanzaHMSWindows\lib\com.fasterxml.jackson.core.jar;E:\Sofware SIMRSKhanza\KhanzaHMSWindows\lib\comm.jar;E:\Sofware SIMRSKhanza\KhanzaHMSWindows\lib\common-javaFX-plugin.jar;E:\Sofware SIMRSKhanza\KhanzaHMSWindows\lib\commons-codec-1.10.jar;E:\Sofware SIMRSKhanza\KhanzaHMSWindows\lib\commons-javaflow-20060411.jar;E:\Sofware SIMRSKhanza\KhanzaHMSWindows\lib\commons-logging-1.2.jar;E:\Sofware SIMRSKhanza\KhanzaHMSWindows\lib\fluent-hc-4.5.1.jar;E:\Sofware SIMRSKhanza\KhanzaHMSWindows\lib\fontbox-2.0.13.jar;E:\Sofware SIMRSKhanza\KhanzaHMSWindows\lib\gson-2.2.2.jar;E:\Sofware SIMRSKhanza\KhanzaHMSWindows\lib\hibernate3.jar;E:\Sofware SIMRSKhanza\KhanzaHMSWindows\lib\hsqldb-1.8.0-10.jar;E:\Sofware SIMRSKhanza\KhanzaHMSWindows\lib\httpclient-4.5.1.jar;E:\Sofware SIMRSKhanza\KhanzaHMSWindows\lib\httpclient-cache-4.5.1.jar;E:\Sofware SIMRSKhanza\KhanzaHMSWindows\lib\httpclient-win-4.5.1.jar;E:\Sofware SIMRSKhanza\KhanzaHMSWind
Launcher Type: SUN_STANDARD

[Global flags]
     intx CICompilerCount                          = 3                                         {product} {ergonomic}
     uint ConcGCThreads                            = 1                                         {product} {ergonomic}
     uint G1ConcRefinementThreads                  = 4                                         {product} {ergonomic}
   size_t G1HeapRegionSize                         = 1048576                                   {product} {ergonomic}
    uintx GCDrainStackTargetSize                   = 64                                        {product} {ergonomic}
   size_t InitialHeapSize                          = 67108864                                  {product} {ergonomic}
   size_t MarkStackSize                            = 4194304                                   {product} {ergonomic}
   size_t MaxHeapSize                              = 1048576000                                {product} {ergonomic}
   size_t MaxNewSize                               = 629145600                                 {product} {ergonomic}
   size_t MinHeapDeltaBytes                        = 1048576                                   {product} {ergonomic}
   size_t MinHeapSize                              = 8388608                                   {product} {ergonomic}
    uintx NonNMethodCodeHeapSize                   = 5832780                                {pd product} {ergonomic}
    uintx NonProfiledCodeHeapSize                  = 122912730                              {pd product} {ergonomic}
    uintx ProfiledCodeHeapSize                     = 122912730                              {pd product} {ergonomic}
    uintx ReservedCodeCacheSize                    = 251658240                              {pd product} {ergonomic}
     bool SegmentedCodeCache                       = true                                      {product} {ergonomic}
   size_t SoftMaxHeapSize                          = 1048576000                             {manageable} {ergonomic}
     bool UseCompressedClassPointers               = true                                 {lp64_product} {ergonomic}
     bool UseCompressedOops                        = true                                 {lp64_product} {ergonomic}
     bool UseG1GC                                  = true                                      {product} {ergonomic}
     bool UseLargePagesIndividualAllocation        = false                                  {pd product} {ergonomic}

Logging:
Log output configuration:
 #0: stdout all=warning uptime,level,tags
 #1: stderr all=off uptime,level,tags

Environment Variables:
JAVA_HOME=C:\Program Files\BellSoft\LibericaJDK-13-Full\
PATH=C:\Program Files\BellSoft\LibericaJDK-13-Full\bin\;C:\Program Files\Common Files\Oracle\Java\javapath;C:\WINDOWS\system32;C:\WINDOWS;C:\WINDOWS\System32\Wbem;C:\WINDOWS\System32\WindowsPowerShell\v1.0\;C:\WINDOWS\System32\OpenSSH\;C:\Program Files\nodejs\;C:\Windows\Microsoft.NET\Framework\v4.0.30319;C:\Program Files (x86)\Appeon\PowerBuilder 19.0;C:\Program Files (x86)\Appeon\PowerBuilderCompiler 19.0;C:\xampp\php;C:\composer;C:\Program Files (x86)\Microsoft SQL Server\150\DTS\Binn\;C:\Program Files\Azure Data Studio\bin;C:\Program Files\Git\cmd;C:\Users\User\AppData\Local\Microsoft\WindowsApps;C:\Users\User\AppData\Roaming\npm;C:\Users\User\AppData\Roaming\Composer\vendor\bin;C:\Program Files\Azure Data Studio\bin;C:\Users\User\AppData\Local\Programs\Microsoft VS Code\bin;C:\Program Files\Tesseract-OCR;
USERNAME=User
OS=Windows_NT
PROCESSOR_IDENTIFIER=Intel64 Family 6 Model 60 Stepping 3, GenuineIntel



---------------  S Y S T E M  ---------------

OS:
 Windows 10 , 64 bit Build 19041 (10.0.19041.2788)
OS uptime: 3 days 3:50 hours

CPU: total 4 (initial active 4) (2 cores per cpu, 2 threads per core) family 6 model 60 stepping 3 microcode 0x27, cmov, cx8, fxsr, mmx, sse, sse2, sse3, ssse3, sse4.1, sse4.2, popcnt, vzeroupper, avx, avx2, aes, clmul, erms, lzcnt, ht, tsc, tscinvbit, bmi1, bmi2, fma, clflush

Memory: 4k page, system-wide physical 3996M (427M free)
TotalPageFile size 8096M (AvailPageFile size 2730M)
current process WorkingSet (physical memory assigned to process): 321M, peak: 321M
current process commit charge ("private bytes"): 364M, peak: 372M

vm_info: Java HotSpot(TM) 64-Bit Server VM (15.0.2+7-27) for windows-amd64 JRE (15.0.2+7-27), built on Dec  7 2020 20:07:01 by "mach5one" with unknown MS VC++:1925

END.
