#
# A fatal error has been detected by the Java Runtime Environment:
#
#  EXCEPTION_ACCESS_VIOLATION (0xc0000005) at pc=0x00007ffe3beca3d1, pid=7780, tid=10408
#
# JRE version: Java(TM) SE Runtime Environment (15.0.2+7) (build 15.0.2+7-27)
# Java VM: Java HotSpot(TM) 64-Bit Server VM (15.0.2+7-27, mixed mode, sharing, tiered, compressed oops, g1 gc, windows-amd64)
# Problematic frame:
# V  [jvm.dll+0x3aa3d1]
#
# No core dump will be written. Minidumps are not enabled by default on client versions of Windows
#
# If you would like to submit a bug report, please visit:
#   https://bugreport.java.com/bugreport/crash.jsp
#

---------------  S U M M A R Y ------------

Command Line: -Dfile.encoding=UTF-8 -agentlib:jdwp=transport=dt_shmem,address=javadebug simrskhanza.SIMRSKhanza

Host: Intel(R) Core(TM) i3-4170 CPU @ 3.70GHz, 4 cores, 3G,  Windows 10 , 64 bit Build 19041 (10.0.19041.2788)
Time: Thu Jul  6 10:51:15 2023 SE Asia Standard Time elapsed time: 30.132813 seconds (0d 0h 0m 30s)

---------------  T H R E A D  ---------------

Current thread (0x000001a073bcbd50):  JavaThread "JavaFX Application Thread" [_thread_in_vm, id=10408, stack(0x000000889bb00000,0x000000889bc00000)]

Stack: [0x000000889bb00000,0x000000889bc00000],  sp=0x000000889bbfd9d0,  free space=1014k
Native frames: (J=compiled Java code, j=interpreted, Vv=VM code, C=native code)
V  [jvm.dll+0x3aa3d1]
C  0x00007ffe0352feac

Java frames: (J=compiled Java code, j=interpreted, Vv=VM code)
j  com.sun.webkit.WebPage.twkCreatePage(Z)J+0
j  com.sun.webkit.WebPage.<init>(Lcom/sun/webkit/WebPageClient;Lcom/sun/webkit/UIClient;Lcom/sun/webkit/PolicyClient;Lcom/sun/webkit/InspectorClient;Lcom/sun/webkit/ThemeClient;Z)V+177
j  javafx.scene.web.WebEngine.<init>(Ljava/lang/String;Z)V+270
j  javafx.scene.web.WebEngine.<init>()V+3
j  javafx.scene.web.WebView.<init>()V+60
j  bridging.INACBGHybrid$3.run()V+4
j  com.sun.javafx.application.PlatformImpl.lambda$runLater$10(Ljava/lang/Runnable;)Ljava/lang/Void;+1
j  com.sun.javafx.application.PlatformImpl$$Lambda$261+0x0000000801066eb0.run()Ljava/lang/Object;+4
J 2228 c1 java.security.AccessController.doPrivileged(Ljava/security/PrivilegedAction;Ljava/security/AccessControlContext;)Ljava/lang/Object; java.base@15.0.2 (17 bytes) @ 0x000001a05f20e6f4 [0x000001a05f20e500+0x00000000000001f4]
j  com.sun.javafx.application.PlatformImpl.lambda$runLater$11(Ljava/lang/Runnable;Ljava/security/AccessControlContext;)V+7
j  com.sun.javafx.application.PlatformImpl$$Lambda$260+0x0000000801066a60.run()V+8
j  com.sun.glass.ui.InvokeLaterDispatcher$Future.run()V+4
v  ~StubRoutines::call_stub
j  com.sun.glass.ui.win.WinApplication._runLoop(Ljava/lang/Runnable;)V+0
j  com.sun.glass.ui.win.WinApplication.lambda$runLoop$3(ILjava/lang/Runnable;)V+8
j  com.sun.glass.ui.win.WinApplication$$Lambda$247+0x0000000801039878.run()V+12
j  java.lang.Thread.run()V+11 java.base@15.0.2
v  ~StubRoutines::call_stub

siginfo: EXCEPTION_ACCESS_VIOLATION (0xc0000005), reading address 0x0000000000000000


Register to memory mapping:

RIP=0x00007ffe3beca3d1 jvm.dll
RAX=0x0 is NULL
RBX=0x000001a073bcbd50 is a thread
RCX=0x83ab06922cff0000 is an unknown value
RDX=0x000001a0776234b8 is a global jni handle
RSP=0x000000889bbfd9d0 is pointing into the stack for thread: 0x000001a073bcbd50
RBP=0x000000889bbfdac8 is pointing into the stack for thread: 0x000001a073bcbd50
RSI=0x000001a073bcc078 points into unknown readable memory: 0x00007ffe3c51de40 | 40 de 51 3c fe 7f 00 00
RDI=0x000001a0776234b8 is a global jni handle
R8 =0x0 is NULL
R9 =0x000000889bbfdac8 is pointing into the stack for thread: 0x000001a073bcbd50
R10=0x000000000000003a is an unknown value
R11=0x000000889bbfd9c8 is pointing into the stack for thread: 0x000001a073bcbd50
R12=0x0 is NULL
R13=
[error occurred during error reporting (printing register info), id 0xc0000005, EXCEPTION_ACCESS_VIOLATION (0xc0000005) at pc=0x00007ffe3bdc8322]

Registers:
RAX=0x0000000000000000, RBX=0x000001a073bcbd50, RCX=0x83ab06922cff0000, RDX=0x000001a0776234b8
RSP=0x000000889bbfd9d0, RBP=0x000000889bbfdac8, RSI=0x000001a073bcc078, RDI=0x000001a0776234b8
R8 =0x0000000000000000, R9 =0x000000889bbfdac8, R10=0x000000000000003a, R11=0x000000889bbfd9c8
R12=0x0000000000000000, R13=0x00000000ffffffff, R14=0x0000000000000000, R15=0x0000000000000000
RIP=0x00007ffe3beca3d1, EFLAGS=0x0000000000010206

Top of Stack: (sp=0x000000889bbfd9d0)
0x000000889bbfd9d0:   000001a073bcbd50 000001a073bcc078
0x000000889bbfd9e0:   0000000000000000 00007ffe5f2e2690
0x000000889bbfd9f0:   0000000000000000 00007ffe06a65e30
0x000000889bbfda00:   000083239d2df49f 000000889bbfda60
0x000000889bbfda10:   0000000000000000 000001a0776234b8
0x000000889bbfda20:   000001a073bcbd50 000001a073aa9620
0x000000889bbfda30:   000001a000000493 00007ffe3c3baaa0
0x000000889bbfda40:   000001a073bcbd50 00007ffe3bec266a
0x000000889bbfda50:   00007ffe04ea1a90 00007ffe04bf0cd0
0x000000889bbfda60:   000001a000000002 00007ffe00000002
0x000000889bbfda70:   000001a073bfac90 00007ffe0352feac
0x000000889bbfda80:   000001a0746211dc 0000000000000000
0x000000889bbfda90:   00007ffe06a65e30 000001a073bcc078
0x000000889bbfdaa0:   000001a073bcc078 00007ffe049e4a8d
0x000000889bbfdab0:   000001a0746211dc 0000000000000000
0x000000889bbfdac0:   0000000000000000 000000000000001c 

Instructions: (pc=0x00007ffe3beca3d1)
0x00007ffe3beca2d1:   00 00 48 8b bc 24 c0 00 00 00 c0 e8 03 a8 01 74
0x00007ffe3beca2e1:   08 48 8b cb e8 a6 29 2e 00 0f 28 c6 c7 83 98 03
0x00007ffe3beca2f1:   00 00 04 00 00 00 0f 28 b4 24 b0 00 00 00 48 81
0x00007ffe3beca301:   c4 d0 00 00 00 5b c3 cc cc cc cc cc cc cc cc 48
0x00007ffe3beca311:   89 5c 24 08 48 89 6c 24 10 48 89 74 24 18 48 89
0x00007ffe3beca321:   7c 24 20 41 56 48 81 ec a0 00 00 00 8b 81 88 00
0x00007ffe3beca331:   00 00 48 8d 99 d8 fc ff ff 05 55 21 ff ff 49 8b
0x00007ffe3beca341:   e9 4d 8b f0 48 8b fa 48 8b f1 83 f8 01 76 0a 48
0x00007ffe3beca351:   8b cb e8 28 33 39 00 33 db c7 83 98 03 00 00 05
0x00007ffe3beca361:   00 00 00 e8 c7 26 27 00 48 8b 03 48 8b cb ff 50
0x00007ffe3beca371:   38 84 c0 74 0e 48 8b 83 10 01 00 00 c0 e8 03 24
0x00007ffe3beca381:   01 eb 0b 8b 05 86 23 6f 00 85 c0 0f 95 c0 84 c0
0x00007ffe3beca391:   75 0d 8b 83 e0 00 00 00 a9 04 00 00 20 74 08 48
0x00007ffe3beca3a1:   8b cb e8 58 39 39 00 c7 83 98 03 00 00 06 00 00
0x00007ffe3beca3b1:   00 48 83 7b 08 00 48 89 5c 24 50 48 c7 44 24 58
0x00007ffe3beca3c1:   00 00 00 00 74 0a 48 8d 4c 24 50 e8 1f c5 2a 00
0x00007ffe3beca3d1:   49 8b 16 48 8d 4c 24 70 c7 44 24 40 04 00 00 00
0x00007ffe3beca3e1:   e8 ea cf 00 00 48 89 ac 24 98 00 00 00 48 8d 05
0x00007ffe3beca3f1:   33 07 4f 00 48 89 44 24 70 40 f6 c7 01 74 0c 48
0x00007ffe3beca401:   8d 4f ff ff 15 9e 13 65 00 eb 09 48 8b cf ff 15
0x00007ffe3beca411:   f3 9b 64 00 8b 15 85 9c 6d 00 48 8b c8 e8 ed d0
0x00007ffe3beca421:   26 00 48 8b d3 48 8b c8 4c 8b 00 41 ff 90 b0 00
0x00007ffe3beca431:   00 00 48 83 7b 08 00 75 35 48 8d 44 24 70 48 89
0x00007ffe3beca441:   5c 24 30 48 89 44 24 28 48 8d 54 24 40 45 33 c9
0x00007ffe3beca451:   4c 89 74 24 20 45 33 c0 48 8b ce e8 3f e4 00 00
0x00007ffe3beca461:   48 83 7b 08 00 75 07 0f b6 74 24 48 eb 03 40 32
0x00007ffe3beca471:   f6 48 83 7c 24 58 00 74 0a 48 8d 4c 24 50 e8 0c
0x00007ffe3beca481:   c5 2a 00 48 8b bb f8 00 00 00 48 8b 4f 10 48 83
0x00007ffe3beca491:   39 00 74 0c 48 8b cf e8 d3 a0 f6 ff 48 8b 4f 10
0x00007ffe3beca4a1:   48 8b 47 08 48 89 48 10 48 8b 4f 08 48 8b 47 18
0x00007ffe3beca4b1:   48 89 41 18 48 8b 4f 08 48 8b 47 20 48 89 41 20
0x00007ffe3beca4c1:   c7 83 98 03 00 00 07 00 00 00 e8 60 25 27 00 48 


Stack slot to memory mapping:
stack at sp + 0 slots: 0x000001a073bcbd50 is a thread
stack at sp + 1 slots: 0x000001a073bcc078 points into unknown readable memory: 0x00007ffe3c51de40 | 40 de 51 3c fe 7f 00 00
stack at sp + 2 slots: 0x0 is NULL
stack at sp + 3 slots: 0x00007ffe5f2e2690 ucrtbase.dll
stack at sp + 4 slots: 0x0 is NULL
stack at sp + 5 slots: 0x00007ffe06a65e30 points into unknown readable memory: 0x00007ffe06ab6268 | 68 62 ab 06 fe 7f 00 00
stack at sp + 6 slots: 0x000083239d2df49f is an unknown value
stack at sp + 7 slots: 0x000000889bbfda60 is pointing into the stack for thread: 0x000001a073bcbd50


---------------  P R O C E S S  ---------------

Threads class SMR info:
_java_thread_list=0x000001a079c4f230, length=26, elements={
0x000001a0721dd830, 0x000001a0721de820, 0x000001a0721f75e0, 0x000001a0721f9fb0,
0x000001a0721faa60, 0x000001a0721fd900, 0x000001a072270730, 0x000001a0722754f0,
0x000001a072d78ab0, 0x000001a072d8ca50, 0x000001a072d8ef50, 0x000001a072da24f0,
0x000001a072db9400, 0x000001a0736feca0, 0x000001a07348afc0, 0x000001a07348b840,
0x000001a073bcc220, 0x000001a073bcd560, 0x000001a073bcaee0, 0x000001a073bcaa10,
0x000001a073bca540, 0x000001a073bcb880, 0x000001a073bcda30, 0x000001a073bcc6f0,
0x000001a073bcbd50, 0x000001a073bccbc0
}

Java Threads: ( => current thread )
  0x000001a0721dd830 JavaThread "Reference Handler" daemon [_thread_blocked, id=9444, stack(0x000000889a400000,0x000000889a500000)]
  0x000001a0721de820 JavaThread "Finalizer" daemon [_thread_blocked, id=2720, stack(0x000000889a500000,0x000000889a600000)]
  0x000001a0721f75e0 JavaThread "Signal Dispatcher" daemon [_thread_blocked, id=12172, stack(0x000000889a600000,0x000000889a700000)]
  0x000001a0721f9fb0 JavaThread "Attach Listener" daemon [_thread_blocked, id=11896, stack(0x000000889a700000,0x000000889a800000)]
  0x000001a0721faa60 JavaThread "Service Thread" daemon [_thread_blocked, id=2512, stack(0x000000889a800000,0x000000889a900000)]
  0x000001a0721fd900 JavaThread "C2 CompilerThread0" daemon [_thread_blocked, id=4244, stack(0x000000889a900000,0x000000889aa00000)]
  0x000001a072270730 JavaThread "C1 CompilerThread0" daemon [_thread_blocked, id=7580, stack(0x000000889aa00000,0x000000889ab00000)]
  0x000001a0722754f0 JavaThread "Sweeper thread" daemon [_thread_blocked, id=5744, stack(0x000000889ab00000,0x000000889ac00000)]
  0x000001a072d78ab0 JavaThread "JDWP Transport Listener: dt_shmem" daemon [_thread_blocked, id=3624, stack(0x000000889ac00000,0x000000889ad00000)]
  0x000001a072d8ca50 JavaThread "JDWP Event Helper Thread" daemon [_thread_blocked, id=11304, stack(0x000000889ad00000,0x000000889ae00000)]
  0x000001a072d8ef50 JavaThread "JDWP Command Reader" daemon [_thread_in_native, id=5748, stack(0x000000889ae00000,0x000000889af00000)]
  0x000001a072da24f0 JavaThread "Notification Thread" daemon [_thread_blocked, id=4392, stack(0x000000889af00000,0x000000889b000000)]
  0x000001a072db9400 JavaThread "Common-Cleaner" daemon [_thread_blocked, id=11368, stack(0x000000889b100000,0x000000889b200000)]
  0x000001a0736feca0 JavaThread "Java2D Disposer" daemon [_thread_blocked, id=10072, stack(0x000000889b300000,0x000000889b400000)]
  0x000001a07348afc0 JavaThread "AWT-Shutdown" [_thread_blocked, id=5320, stack(0x000000889b400000,0x000000889b500000)]
  0x000001a07348b840 JavaThread "AWT-Windows" daemon [_thread_blocked, id=9056, stack(0x000000889b500000,0x000000889b600000)]
  0x000001a073bcc220 JavaThread "AWT-EventQueue-0" [_thread_blocked, id=5472, stack(0x000000889bc00000,0x000000889bd00000)]
  0x000001a073bcd560 JavaThread "Swing-Shell" daemon [_thread_blocked, id=10824, stack(0x000000889bd00000,0x000000889be00000)]
  0x000001a073bcaee0 JavaThread "org.netbeans.modules.debugger.jpda.visual AWT Access Loop" daemon [_thread_blocked, id=4400, stack(0x000000889c000000,0x000000889c100000)]
  0x000001a073bcaa10 JavaThread "DestroyJavaVM" [_thread_blocked, id=11124, stack(0x0000008899d00000,0x0000008899e00000)]
  0x000001a073bca540 JavaThread "Abandoned connection cleanup thread" daemon [_thread_blocked, id=12152, stack(0x000000889c600000,0x000000889c700000)]
  0x000001a073bcb880 JavaThread "TimerQueue" daemon [_thread_blocked, id=8872, stack(0x000000889c700000,0x000000889c800000)]
  0x000001a073bcda30 JavaThread "QuantumRenderer-0" daemon [_thread_blocked, id=3848, stack(0x000000889b900000,0x000000889ba00000)]
  0x000001a073bcc6f0 JavaThread "InvokeLaterDispatcher" daemon [_thread_blocked, id=6196, stack(0x000000889ba00000,0x000000889bb00000)]
=>0x000001a073bcbd50 JavaThread "JavaFX Application Thread" [_thread_in_vm, id=10408, stack(0x000000889bb00000,0x000000889bc00000)]
  0x000001a073bccbc0 JavaThread "Thread-2" daemon [_thread_blocked, id=9480, stack(0x000000889b800000,0x000000889b900000)]

Other Threads:
  0x000001a0721d7540 VMThread "VM Thread" [stack: 0x000000889a300000,0x000000889a400000] [id=5408] _threads_hazard_ptr=0x000001a079c4f230
  0x000001a072dac2a0 WatcherThread [stack: 0x000000889b000000,0x000000889b100000] [id=11756]
  0x000001a05662ac90 GCTaskThread "GC Thread#0" [stack: 0x0000008899e00000,0x0000008899f00000] [id=2440]
  0x000001a072d63f20 GCTaskThread "GC Thread#1" [stack: 0x000000889b200000,0x000000889b300000] [id=8360]
  0x000001a073d2a880 GCTaskThread "GC Thread#2" [stack: 0x000000889b600000,0x000000889b700000] [id=10432]
  0x000001a073d28570 GCTaskThread "GC Thread#3" [stack: 0x000000889b700000,0x000000889b800000] [id=5352]
  0x000001a056633c70 ConcurrentGCThread "G1 Main Marker" [stack: 0x0000008899f00000,0x000000889a000000] [id=2564]
  0x000001a056636890 ConcurrentGCThread "G1 Conc#0" [stack: 0x000000889a000000,0x000000889a100000] [id=10344]
  0x000001a056682c20 ConcurrentGCThread "G1 Refine#0" [stack: 0x000000889a100000,0x000000889a200000] [id=10684]
  0x000001a073cae310 ConcurrentGCThread "G1 Refine#1" [stack: 0x000000889cd00000,0x000000889ce00000] [id=10928]
  0x000001a056683820 ConcurrentGCThread "G1 Young RemSet Sampling" [stack: 0x000000889a200000,0x000000889a300000] [id=1584]

Threads with active compile tasks:
C2 CompilerThread0    30214 5849       4       sun.java2d.marlin.MarlinTileGenerator::getAlphaRLE (1749 bytes)

VM state: synchronizing (normal execution)

VM Mutex/Monitor currently owned by a thread:  ([mutex/lock_event])
[0x000001a0565f84c0] Threads_lock - owner thread: 0x000001a0721d7540

Heap address: 0x00000000c1800000, size: 1000 MB, Compressed Oops mode: 32-bit
CDS archive(s) mapped at: [0x0000000800000000-0x0000000800b50000-0x0000000800b50000), size 11862016, SharedBaseAddress: 0x0000000800000000, ArchiveRelocationMode: 0.
Compressed class space mapped at: 0x0000000800b50000-0x0000000840b50000, size: 1073741824
Narrow klass base: 0x0000000800000000, Narrow klass shift: 3, Narrow klass range: 0x100000000

GC Precious Log:
 CPUs: 4 total, 4 available
 Memory: 3996M
 Large Page Support: Disabled
 NUMA Support: Disabled
 Compressed Oops: Enabled (32-bit)
 Heap Region Size: 1M
 Heap Min Capacity: 8M
 Heap Initial Capacity: 64M
 Heap Max Capacity: 1000M
 Pre-touch: Disabled
 Parallel Workers: 4
 Concurrent Workers: 1
 Concurrent Refinement Workers: 4
 Periodic GC: Disabled

Heap:
 garbage-first heap   total 152576K, used 101390K [0x00000000c1800000, 0x0000000100000000)
  region size 1024K, 17 young (17408K), 4 survivors (4096K)
 Metaspace       used 45181K, capacity 45501K, committed 46000K, reserved 1089536K
  class space    used 6003K, capacity 6140K, committed 6144K, reserved 1048576K

Heap Regions: E=young(eden), S=young(survivor), O=old, HS=humongous(starts), HC=humongous(continues), CS=collection set, F=free, OA=open archive, CA=closed archive, TAMS=top-at-mark-start (previous, next)
|   0|0x00000000c1800000, 0x00000000c1900000, 0x00000000c1900000|100%| O|  |TAMS 0x00000000c1900000, 0x00000000c1800000| Untracked 
|   1|0x00000000c1900000, 0x00000000c1a00000, 0x00000000c1a00000|100%| O|  |TAMS 0x00000000c1a00000, 0x00000000c1900000| Untracked 
|   2|0x00000000c1a00000, 0x00000000c1b00000, 0x00000000c1b00000|100%| O|  |TAMS 0x00000000c1b00000, 0x00000000c1a00000| Untracked 
|   3|0x00000000c1b00000, 0x00000000c1c00000, 0x00000000c1c00000|100%|HS|  |TAMS 0x00000000c1c00000, 0x00000000c1b00000| Complete 
|   4|0x00000000c1c00000, 0x00000000c1d00000, 0x00000000c1d00000|100%|HS|  |TAMS 0x00000000c1d00000, 0x00000000c1c00000| Complete 
|   5|0x00000000c1d00000, 0x00000000c1e00000, 0x00000000c1e00000|100%|HC|  |TAMS 0x00000000c1e00000, 0x00000000c1d00000| Complete 
|   6|0x00000000c1e00000, 0x00000000c1f00000, 0x00000000c1f00000|100%|HS|  |TAMS 0x00000000c1f00000, 0x00000000c1e00000| Complete 
|   7|0x00000000c1f00000, 0x00000000c2000000, 0x00000000c2000000|100%| O|  |TAMS 0x00000000c2000000, 0x00000000c1f00000| Untracked 
|   8|0x00000000c2000000, 0x00000000c2100000, 0x00000000c2100000|100%| O|  |TAMS 0x00000000c2100000, 0x00000000c2000000| Untracked 
|   9|0x00000000c2100000, 0x00000000c2200000, 0x00000000c2200000|100%| O|  |TAMS 0x00000000c2200000, 0x00000000c2100000| Untracked 
|  10|0x00000000c2200000, 0x00000000c2300000, 0x00000000c2300000|100%| O|  |TAMS 0x00000000c2300000, 0x00000000c2200000| Untracked 
|  11|0x00000000c2300000, 0x00000000c2400000, 0x00000000c2400000|100%| O|  |TAMS 0x00000000c2400000, 0x00000000c2300000| Untracked 
|  12|0x00000000c2400000, 0x00000000c2500000, 0x00000000c2500000|100%| O|  |TAMS 0x00000000c2500000, 0x00000000c2400000| Untracked 
|  13|0x00000000c2500000, 0x00000000c2600000, 0x00000000c2600000|100%| O|  |TAMS 0x00000000c2600000, 0x00000000c2500000| Untracked 
|  14|0x00000000c2600000, 0x00000000c2700000, 0x00000000c2700000|100%| O|  |TAMS 0x00000000c2700000, 0x00000000c2600000| Untracked 
|  15|0x00000000c2700000, 0x00000000c2800000, 0x00000000c2800000|100%| O|  |TAMS 0x00000000c2800000, 0x00000000c2700000| Untracked 
|  16|0x00000000c2800000, 0x00000000c2900000, 0x00000000c2900000|100%| O|  |TAMS 0x00000000c2900000, 0x00000000c2800000| Untracked 
|  17|0x00000000c2900000, 0x00000000c2a00000, 0x00000000c2a00000|100%| O|  |TAMS 0x00000000c2a00000, 0x00000000c2900000| Untracked 
|  18|0x00000000c2a00000, 0x00000000c2b00000, 0x00000000c2b00000|100%| O|  |TAMS 0x00000000c2b00000, 0x00000000c2a00000| Untracked 
|  19|0x00000000c2b00000, 0x00000000c2c00000, 0x00000000c2c00000|100%| O|  |TAMS 0x00000000c2c00000, 0x00000000c2b00000| Untracked 
|  20|0x00000000c2c00000, 0x00000000c2d00000, 0x00000000c2d00000|100%| O|  |TAMS 0x00000000c2d00000, 0x00000000c2c00000| Untracked 
|  21|0x00000000c2d00000, 0x00000000c2e00000, 0x00000000c2e00000|100%| O|  |TAMS 0x00000000c2e00000, 0x00000000c2d00000| Untracked 
|  22|0x00000000c2e00000, 0x00000000c2f00000, 0x00000000c2f00000|100%| O|  |TAMS 0x00000000c2f00000, 0x00000000c2e00000| Untracked 
|  23|0x00000000c2f00000, 0x00000000c3000000, 0x00000000c3000000|100%| O|  |TAMS 0x00000000c3000000, 0x00000000c2f00000| Untracked 
|  24|0x00000000c3000000, 0x00000000c3100000, 0x00000000c3100000|100%| O|  |TAMS 0x00000000c3100000, 0x00000000c3000000| Untracked 
|  25|0x00000000c3100000, 0x00000000c3200000, 0x00000000c3200000|100%| O|  |TAMS 0x00000000c3200000, 0x00000000c3100000| Untracked 
|  26|0x00000000c3200000, 0x00000000c3300000, 0x00000000c3300000|100%| O|  |TAMS 0x00000000c3300000, 0x00000000c3200000| Untracked 
|  27|0x00000000c3300000, 0x00000000c3400000, 0x00000000c3400000|100%| O|  |TAMS 0x00000000c3400000, 0x00000000c3300000| Untracked 
|  28|0x00000000c3400000, 0x00000000c3500000, 0x00000000c3500000|100%| O|  |TAMS 0x00000000c3500000, 0x00000000c3400000| Untracked 
|  29|0x00000000c3500000, 0x00000000c3600000, 0x00000000c3600000|100%| O|  |TAMS 0x00000000c3600000, 0x00000000c3500000| Untracked 
|  30|0x00000000c3600000, 0x00000000c3700000, 0x00000000c3700000|100%| O|  |TAMS 0x00000000c3700000, 0x00000000c3600000| Untracked 
|  31|0x00000000c3700000, 0x00000000c3800000, 0x00000000c3800000|100%| O|  |TAMS 0x00000000c3800000, 0x00000000c3700000| Untracked 
|  32|0x00000000c3800000, 0x00000000c3900000, 0x00000000c3900000|100%| O|  |TAMS 0x00000000c3900000, 0x00000000c3800000| Untracked 
|  33|0x00000000c3900000, 0x00000000c3a00000, 0x00000000c3a00000|100%| O|  |TAMS 0x00000000c3a00000, 0x00000000c3900000| Untracked 
|  34|0x00000000c3a00000, 0x00000000c3b00000, 0x00000000c3b00000|100%| O|  |TAMS 0x00000000c3b00000, 0x00000000c3a00000| Untracked 
|  35|0x00000000c3b00000, 0x00000000c3c00000, 0x00000000c3c00000|100%| O|  |TAMS 0x00000000c3c00000, 0x00000000c3b00000| Untracked 
|  36|0x00000000c3c00000, 0x00000000c3d00000, 0x00000000c3d00000|100%| O|  |TAMS 0x00000000c3d00000, 0x00000000c3c00000| Untracked 
|  37|0x00000000c3d00000, 0x00000000c3e00000, 0x00000000c3e00000|100%| O|  |TAMS 0x00000000c3e00000, 0x00000000c3d00000| Untracked 
|  38|0x00000000c3e00000, 0x00000000c3f00000, 0x00000000c3f00000|100%| O|  |TAMS 0x00000000c3f00000, 0x00000000c3e00000| Untracked 
|  39|0x00000000c3f00000, 0x00000000c4000000, 0x00000000c4000000|100%| O|  |TAMS 0x00000000c4000000, 0x00000000c3f00000| Untracked 
|  40|0x00000000c4000000, 0x00000000c4100000, 0x00000000c4100000|100%| O|  |TAMS 0x00000000c4100000, 0x00000000c4000000| Untracked 
|  41|0x00000000c4100000, 0x00000000c4200000, 0x00000000c4200000|100%| O|  |TAMS 0x00000000c4200000, 0x00000000c4100000| Untracked 
|  42|0x00000000c4200000, 0x00000000c4300000, 0x00000000c4300000|100%| O|  |TAMS 0x00000000c4300000, 0x00000000c4200000| Untracked 
|  43|0x00000000c4300000, 0x00000000c4400000, 0x00000000c4400000|100%| O|  |TAMS 0x00000000c4400000, 0x00000000c4300000| Untracked 
|  44|0x00000000c4400000, 0x00000000c4500000, 0x00000000c4500000|100%| O|  |TAMS 0x00000000c4500000, 0x00000000c4400000| Untracked 
|  45|0x00000000c4500000, 0x00000000c4600000, 0x00000000c4600000|100%| O|  |TAMS 0x00000000c4600000, 0x00000000c4500000| Untracked 
|  46|0x00000000c4600000, 0x00000000c4700000, 0x00000000c4700000|100%| O|  |TAMS 0x00000000c4700000, 0x00000000c4600000| Untracked 
|  47|0x00000000c4700000, 0x00000000c4800000, 0x00000000c4800000|100%| O|  |TAMS 0x00000000c4800000, 0x00000000c4700000| Untracked 
|  48|0x00000000c4800000, 0x00000000c4900000, 0x00000000c4900000|100%| O|  |TAMS 0x00000000c4900000, 0x00000000c4800000| Untracked 
|  49|0x00000000c4900000, 0x00000000c4a00000, 0x00000000c4a00000|100%| O|  |TAMS 0x00000000c4a00000, 0x00000000c4900000| Untracked 
|  50|0x00000000c4a00000, 0x00000000c4b00000, 0x00000000c4b00000|100%| O|  |TAMS 0x00000000c4b00000, 0x00000000c4a00000| Untracked 
|  51|0x00000000c4b00000, 0x00000000c4c00000, 0x00000000c4c00000|100%| O|  |TAMS 0x00000000c4c00000, 0x00000000c4b00000| Untracked 
|  52|0x00000000c4c00000, 0x00000000c4d00000, 0x00000000c4d00000|100%| O|  |TAMS 0x00000000c4d00000, 0x00000000c4c00000| Untracked 
|  53|0x00000000c4d00000, 0x00000000c4e00000, 0x00000000c4e00000|100%| O|  |TAMS 0x00000000c4e00000, 0x00000000c4d00000| Untracked 
|  54|0x00000000c4e00000, 0x00000000c4f00000, 0x00000000c4f00000|100%| O|  |TAMS 0x00000000c4f00000, 0x00000000c4e00000| Untracked 
|  55|0x00000000c4f00000, 0x00000000c5000000, 0x00000000c5000000|100%| O|  |TAMS 0x00000000c5000000, 0x00000000c4f00000| Untracked 
|  56|0x00000000c5000000, 0x00000000c5100000, 0x00000000c5100000|100%| O|  |TAMS 0x00000000c5100000, 0x00000000c5000000| Untracked 
|  57|0x00000000c5100000, 0x00000000c5200000, 0x00000000c5200000|100%| O|  |TAMS 0x00000000c5200000, 0x00000000c5100000| Untracked 
|  58|0x00000000c5200000, 0x00000000c5300000, 0x00000000c5300000|100%|HS|  |TAMS 0x00000000c5300000, 0x00000000c5200000| Complete 
|  59|0x00000000c5300000, 0x00000000c5400000, 0x00000000c5400000|100%|HC|  |TAMS 0x00000000c5400000, 0x00000000c5300000| Complete 
|  60|0x00000000c5400000, 0x00000000c5500000, 0x00000000c5500000|100%|HC|  |TAMS 0x00000000c5500000, 0x00000000c5400000| Complete 
|  61|0x00000000c5500000, 0x00000000c5600000, 0x00000000c5600000|100%|HC|  |TAMS 0x00000000c5600000, 0x00000000c5500000| Complete 
|  62|0x00000000c5600000, 0x00000000c5700000, 0x00000000c5700000|100%|HC|  |TAMS 0x00000000c5700000, 0x00000000c5600000| Complete 
|  63|0x00000000c5700000, 0x00000000c5800000, 0x00000000c5800000|100%|HC|  |TAMS 0x00000000c5800000, 0x00000000c5700000| Complete 
|  64|0x00000000c5800000, 0x00000000c5900000, 0x00000000c5900000|100%|HC|  |TAMS 0x00000000c5900000, 0x00000000c5800000| Complete 
|  65|0x00000000c5900000, 0x00000000c5a00000, 0x00000000c5a00000|100%|HC|  |TAMS 0x00000000c5a00000, 0x00000000c5900000| Complete 
|  66|0x00000000c5a00000, 0x00000000c5b00000, 0x00000000c5b00000|100%|HC|  |TAMS 0x00000000c5b00000, 0x00000000c5a00000| Complete 
|  67|0x00000000c5b00000, 0x00000000c5c00000, 0x00000000c5c00000|100%| O|  |TAMS 0x00000000c5c00000, 0x00000000c5b00000| Untracked 
|  68|0x00000000c5c00000, 0x00000000c5d00000, 0x00000000c5d00000|100%| O|  |TAMS 0x00000000c5d00000, 0x00000000c5c00000| Untracked 
|  69|0x00000000c5d00000, 0x00000000c5e00000, 0x00000000c5e00000|100%| O|  |TAMS 0x00000000c5e00000, 0x00000000c5d00000| Untracked 
|  70|0x00000000c5e00000, 0x00000000c5f00000, 0x00000000c5f00000|100%| O|  |TAMS 0x00000000c5f00000, 0x00000000c5e00000| Untracked 
|  71|0x00000000c5f00000, 0x00000000c6000000, 0x00000000c6000000|100%| O|  |TAMS 0x00000000c6000000, 0x00000000c5f00000| Untracked 
|  72|0x00000000c6000000, 0x00000000c6100000, 0x00000000c6100000|100%| O|  |TAMS 0x00000000c6100000, 0x00000000c6000000| Untracked 
|  73|0x00000000c6100000, 0x00000000c6200000, 0x00000000c6200000|100%| O|  |TAMS 0x00000000c6143800, 0x00000000c6100000| Untracked 
|  74|0x00000000c6200000, 0x00000000c6300000, 0x00000000c6300000|100%| O|  |TAMS 0x00000000c6200000, 0x00000000c6200000| Untracked 
|  75|0x00000000c6300000, 0x00000000c6400000, 0x00000000c6400000|100%| O|  |TAMS 0x00000000c6300000, 0x00000000c6300000| Untracked 
|  76|0x00000000c6400000, 0x00000000c6500000, 0x00000000c6500000|100%| O|  |TAMS 0x00000000c6400000, 0x00000000c6400000| Untracked 
|  77|0x00000000c6500000, 0x00000000c6600000, 0x00000000c6600000|100%| O|  |TAMS 0x00000000c6500000, 0x00000000c6500000| Untracked 
|  78|0x00000000c6600000, 0x00000000c6700000, 0x00000000c6700000|100%| O|  |TAMS 0x00000000c6600000, 0x00000000c6600000| Untracked 
|  79|0x00000000c6700000, 0x00000000c6703800, 0x00000000c6800000|  1%| O|  |TAMS 0x00000000c6700000, 0x00000000c6700000| Untracked 
|  80|0x00000000c6800000, 0x00000000c6900000, 0x00000000c6900000|100%|HS|  |TAMS 0x00000000c6800000, 0x00000000c6800000| Complete 
|  81|0x00000000c6900000, 0x00000000c6a00000, 0x00000000c6a00000|100%|HC|  |TAMS 0x00000000c6900000, 0x00000000c6900000| Complete 
|  82|0x00000000c6a00000, 0x00000000c6b00000, 0x00000000c6b00000|100%|HC|  |TAMS 0x00000000c6a00000, 0x00000000c6a00000| Complete 
|  83|0x00000000c6b00000, 0x00000000c6c00000, 0x00000000c6c00000|100%|HC|  |TAMS 0x00000000c6b00000, 0x00000000c6b00000| Complete 
|  84|0x00000000c6c00000, 0x00000000c6c00000, 0x00000000c6d00000|  0%| F|  |TAMS 0x00000000c6c00000, 0x00000000c6c00000| Untracked 
|  85|0x00000000c6d00000, 0x00000000c6d00000, 0x00000000c6e00000|  0%| F|  |TAMS 0x00000000c6d00000, 0x00000000c6d00000| Untracked 
|  86|0x00000000c6e00000, 0x00000000c6e00000, 0x00000000c6f00000|  0%| F|  |TAMS 0x00000000c6e00000, 0x00000000c6e00000| Untracked 
|  87|0x00000000c6f00000, 0x00000000c6f00000, 0x00000000c7000000|  0%| F|  |TAMS 0x00000000c6f00000, 0x00000000c6f00000| Untracked 
|  88|0x00000000c7000000, 0x00000000c7000000, 0x00000000c7100000|  0%| F|  |TAMS 0x00000000c7000000, 0x00000000c7000000| Untracked 
|  89|0x00000000c7100000, 0x00000000c7100000, 0x00000000c7200000|  0%| F|  |TAMS 0x00000000c7100000, 0x00000000c7100000| Untracked 
|  90|0x00000000c7200000, 0x00000000c7200000, 0x00000000c7300000|  0%| F|  |TAMS 0x00000000c7200000, 0x00000000c7200000| Untracked 
|  91|0x00000000c7300000, 0x00000000c7300000, 0x00000000c7400000|  0%| F|  |TAMS 0x00000000c7300000, 0x00000000c7300000| Untracked 
|  92|0x00000000c7400000, 0x00000000c7400000, 0x00000000c7500000|  0%| F|  |TAMS 0x00000000c7400000, 0x00000000c7400000| Untracked 
|  93|0x00000000c7500000, 0x00000000c7500000, 0x00000000c7600000|  0%| F|  |TAMS 0x00000000c7500000, 0x00000000c7500000| Untracked 
|  94|0x00000000c7600000, 0x00000000c7600000, 0x00000000c7700000|  0%| F|  |TAMS 0x00000000c7600000, 0x00000000c7600000| Untracked 
|  95|0x00000000c7700000, 0x00000000c7700000, 0x00000000c7800000|  0%| F|  |TAMS 0x00000000c7700000, 0x00000000c7700000| Untracked 
|  96|0x00000000c7800000, 0x00000000c7800000, 0x00000000c7900000|  0%| F|  |TAMS 0x00000000c7800000, 0x00000000c7800000| Untracked 
|  97|0x00000000c7900000, 0x00000000c7900000, 0x00000000c7a00000|  0%| F|  |TAMS 0x00000000c7900000, 0x00000000c7900000| Untracked 
|  98|0x00000000c7a00000, 0x00000000c7a00000, 0x00000000c7b00000|  0%| F|  |TAMS 0x00000000c7a00000, 0x00000000c7a00000| Untracked 
|  99|0x00000000c7b00000, 0x00000000c7b00000, 0x00000000c7c00000|  0%| F|  |TAMS 0x00000000c7b00000, 0x00000000c7b00000| Untracked 
| 100|0x00000000c7c00000, 0x00000000c7c00000, 0x00000000c7d00000|  0%| F|  |TAMS 0x00000000c7c00000, 0x00000000c7c00000| Untracked 
| 101|0x00000000c7d00000, 0x00000000c7d00000, 0x00000000c7e00000|  0%| F|  |TAMS 0x00000000c7d00000, 0x00000000c7d00000| Untracked 
| 102|0x00000000c7e00000, 0x00000000c7e00000, 0x00000000c7f00000|  0%| F|  |TAMS 0x00000000c7e00000, 0x00000000c7e00000| Untracked 
| 103|0x00000000c7f00000, 0x00000000c7f00000, 0x00000000c8000000|  0%| F|  |TAMS 0x00000000c7f00000, 0x00000000c7f00000| Untracked 
| 104|0x00000000c8000000, 0x00000000c8100000, 0x00000000c8100000|100%| S|CS|TAMS 0x00000000c8000000, 0x00000000c8000000| Complete 
| 105|0x00000000c8100000, 0x00000000c8200000, 0x00000000c8200000|100%| S|CS|TAMS 0x00000000c8100000, 0x00000000c8100000| Complete 
| 106|0x00000000c8200000, 0x00000000c8300000, 0x00000000c8300000|100%| S|CS|TAMS 0x00000000c8200000, 0x00000000c8200000| Complete 
| 107|0x00000000c8300000, 0x00000000c8400000, 0x00000000c8400000|100%| S|CS|TAMS 0x00000000c8300000, 0x00000000c8300000| Complete 
| 108|0x00000000c8400000, 0x00000000c8400000, 0x00000000c8500000|  0%| F|  |TAMS 0x00000000c8400000, 0x00000000c8400000| Untracked 
| 109|0x00000000c8500000, 0x00000000c8500000, 0x00000000c8600000|  0%| F|  |TAMS 0x00000000c8500000, 0x00000000c8500000| Untracked 
| 110|0x00000000c8600000, 0x00000000c8600000, 0x00000000c8700000|  0%| F|  |TAMS 0x00000000c8600000, 0x00000000c8600000| Untracked 
| 111|0x00000000c8700000, 0x00000000c8700000, 0x00000000c8800000|  0%| F|  |TAMS 0x00000000c8700000, 0x00000000c8700000| Untracked 
| 112|0x00000000c8800000, 0x00000000c8800000, 0x00000000c8900000|  0%| F|  |TAMS 0x00000000c8800000, 0x00000000c8800000| Untracked 
| 113|0x00000000c8900000, 0x00000000c8900000, 0x00000000c8a00000|  0%| F|  |TAMS 0x00000000c8900000, 0x00000000c8900000| Untracked 
| 114|0x00000000c8a00000, 0x00000000c8a00000, 0x00000000c8b00000|  0%| F|  |TAMS 0x00000000c8a00000, 0x00000000c8a00000| Untracked 
| 115|0x00000000c8b00000, 0x00000000c8b00000, 0x00000000c8c00000|  0%| F|  |TAMS 0x00000000c8b00000, 0x00000000c8b00000| Untracked 
| 116|0x00000000c8c00000, 0x00000000c8c00000, 0x00000000c8d00000|  0%| F|  |TAMS 0x00000000c8c00000, 0x00000000c8c00000| Untracked 
| 117|0x00000000c8d00000, 0x00000000c8d00000, 0x00000000c8e00000|  0%| F|  |TAMS 0x00000000c8d00000, 0x00000000c8d00000| Untracked 
| 118|0x00000000c8e00000, 0x00000000c8e00000, 0x00000000c8f00000|  0%| F|  |TAMS 0x00000000c8e00000, 0x00000000c8e00000| Untracked 
| 119|0x00000000c8f00000, 0x00000000c8f00000, 0x00000000c9000000|  0%| F|  |TAMS 0x00000000c8f00000, 0x00000000c8f00000| Untracked 
| 120|0x00000000c9000000, 0x00000000c9000000, 0x00000000c9100000|  0%| F|  |TAMS 0x00000000c9000000, 0x00000000c9000000| Untracked 
| 121|0x00000000c9100000, 0x00000000c9100000, 0x00000000c9200000|  0%| F|  |TAMS 0x00000000c9100000, 0x00000000c9100000| Untracked 
| 122|0x00000000c9200000, 0x00000000c9200000, 0x00000000c9300000|  0%| F|  |TAMS 0x00000000c9200000, 0x00000000c9200000| Untracked 
| 123|0x00000000c9300000, 0x00000000c9300000, 0x00000000c9400000|  0%| F|  |TAMS 0x00000000c9300000, 0x00000000c9300000| Untracked 
| 124|0x00000000c9400000, 0x00000000c9400000, 0x00000000c9500000|  0%| F|  |TAMS 0x00000000c9400000, 0x00000000c9400000| Untracked 
| 125|0x00000000c9500000, 0x00000000c9500000, 0x00000000c9600000|  0%| F|  |TAMS 0x00000000c9500000, 0x00000000c9500000| Untracked 
| 126|0x00000000c9600000, 0x00000000c9700000, 0x00000000c9700000|100%| E|CS|TAMS 0x00000000c9600000, 0x00000000c9600000| Complete 
| 127|0x00000000c9700000, 0x00000000c9700000, 0x00000000c9800000|  0%| F|  |TAMS 0x00000000c9700000, 0x00000000c9700000| Untracked 
| 128|0x00000000c9800000, 0x00000000c9800000, 0x00000000c9900000|  0%| F|  |TAMS 0x00000000c9800000, 0x00000000c9800000| Untracked 
| 129|0x00000000c9900000, 0x00000000c9900000, 0x00000000c9a00000|  0%| F|  |TAMS 0x00000000c9900000, 0x00000000c9900000| Untracked 
| 130|0x00000000c9a00000, 0x00000000c9a00000, 0x00000000c9b00000|  0%| F|  |TAMS 0x00000000c9a00000, 0x00000000c9a00000| Untracked 
| 131|0x00000000c9b00000, 0x00000000c9b00000, 0x00000000c9c00000|  0%| F|  |TAMS 0x00000000c9b00000, 0x00000000c9b00000| Untracked 
| 132|0x00000000c9c00000, 0x00000000c9c00000, 0x00000000c9d00000|  0%| F|  |TAMS 0x00000000c9c00000, 0x00000000c9c00000| Untracked 
| 133|0x00000000c9d00000, 0x00000000c9d00000, 0x00000000c9e00000|  0%| F|  |TAMS 0x00000000c9d00000, 0x00000000c9d00000| Untracked 
| 134|0x00000000c9e00000, 0x00000000c9e00000, 0x00000000c9f00000|  0%| F|  |TAMS 0x00000000c9e00000, 0x00000000c9e00000| Untracked 
| 135|0x00000000c9f00000, 0x00000000c9f00000, 0x00000000ca000000|  0%| F|  |TAMS 0x00000000c9f00000, 0x00000000c9f00000| Untracked 
| 136|0x00000000ca000000, 0x00000000ca000000, 0x00000000ca100000|  0%| F|  |TAMS 0x00000000ca000000, 0x00000000ca000000| Untracked 
| 137|0x00000000ca100000, 0x00000000ca101268, 0x00000000ca200000|  0%| E|  |TAMS 0x00000000ca100000, 0x00000000ca100000| Complete 
| 138|0x00000000ca200000, 0x00000000ca300000, 0x00000000ca300000|100%| E|CS|TAMS 0x00000000ca200000, 0x00000000ca200000| Complete 
| 139|0x00000000ca300000, 0x00000000ca400000, 0x00000000ca400000|100%| E|CS|TAMS 0x00000000ca300000, 0x00000000ca300000| Complete 
| 140|0x00000000ca400000, 0x00000000ca500000, 0x00000000ca500000|100%| E|CS|TAMS 0x00000000ca400000, 0x00000000ca400000| Complete 
| 141|0x00000000ca500000, 0x00000000ca600000, 0x00000000ca600000|100%| E|CS|TAMS 0x00000000ca500000, 0x00000000ca500000| Complete 
| 142|0x00000000ca600000, 0x00000000ca700000, 0x00000000ca700000|100%| E|CS|TAMS 0x00000000ca600000, 0x00000000ca600000| Complete 
| 143|0x00000000ca700000, 0x00000000ca800000, 0x00000000ca800000|100%| E|CS|TAMS 0x00000000ca700000, 0x00000000ca700000| Complete 
| 144|0x00000000ca800000, 0x00000000ca900000, 0x00000000ca900000|100%| E|CS|TAMS 0x00000000ca800000, 0x00000000ca800000| Complete 
| 145|0x00000000ca900000, 0x00000000caa00000, 0x00000000caa00000|100%| E|CS|TAMS 0x00000000ca900000, 0x00000000ca900000| Complete 
| 146|0x00000000caa00000, 0x00000000cab00000, 0x00000000cab00000|100%| E|CS|TAMS 0x00000000caa00000, 0x00000000caa00000| Complete 
| 147|0x00000000cab00000, 0x00000000cac00000, 0x00000000cac00000|100%| E|CS|TAMS 0x00000000cab00000, 0x00000000cab00000| Complete 
| 148|0x00000000cac00000, 0x00000000cad00000, 0x00000000cad00000|100%| E|CS|TAMS 0x00000000cac00000, 0x00000000cac00000| Complete 

Card table byte_map: [0x000001a06da20000,0x000001a06dc20000] _byte_map_base: 0x000001a06d414000

Marking Bits (Prev, Next): (CMBitMap*) 0x000001a05662b550, (CMBitMap*) 0x000001a05662b510
 Prev Bits: [0x000001a06edc0000, 0x000001a06fd60000)
 Next Bits: [0x000001a06de20000, 0x000001a06edc0000)

Polling page: 0x000001a0543f0000

Metaspace:

Usage:
  Non-class:     38.44 MB capacity,    38.26 MB (>99%) used,   134.18 KB ( <1%) free+waste,    48.81 KB ( <1%) overhead. 
      Class:      6.00 MB capacity,     5.86 MB ( 98%) used,   118.21 KB (  2%) free+waste,    18.06 KB ( <1%) overhead. 
       Both:     44.43 MB capacity,    44.12 MB (>99%) used,   252.39 KB ( <1%) free+waste,    66.88 KB ( <1%) overhead. 

Virtual space:
  Non-class space:       40.00 MB reserved,      38.92 MB ( 97%) committed 
      Class space:        1.00 GB reserved,       6.00 MB ( <1%) committed 
             Both:        1.04 GB reserved,      44.92 MB (  4%) committed 

Chunk freelists:
   Non-Class:  303.00 KB
       Class:  4.00 KB
        Both:  307.00 KB

MaxMetaspaceSize: 17179869184.00 GB
CompressedClassSpaceSize: 1.00 GB

CodeHeap 'non-profiled nmethods': size=120000Kb used=3669Kb max_used=3669Kb free=116330Kb
 bounds [0x000001a0662f0000, 0x000001a0666c0000, 0x000001a06d820000]
CodeHeap 'profiled nmethods': size=120000Kb used=11063Kb max_used=11768Kb free=108936Kb
 bounds [0x000001a05edc0000, 0x000001a05f940000, 0x000001a0662f0000]
CodeHeap 'non-nmethods': size=5760Kb used=1595Kb max_used=1663Kb free=4164Kb
 bounds [0x000001a05e820000, 0x000001a05ea90000, 0x000001a05edc0000]
 total_blobs=6069 nmethods=5213 adapters=766
 compilation: enabled
              stopped_count=0, restarted_count=0
 full_count=0

Compilation events (20 events):
Event: 30.066 Thread 0x000001a072270730 5980   !   2       java.awt.EventQueue::getMostRecentEventTimeImpl (53 bytes)
Event: 30.066 Thread 0x000001a072270730 nmethod 5980 0x000001a05f259390 code [0x000001a05f259560, 0x000001a05f259748]
Event: 30.067 Thread 0x000001a072270730 5981       2       java.awt.Container::getMouseEventTarget (12 bytes)
Event: 30.068 Thread 0x000001a072270730 nmethod 5981 0x000001a05f259010 code [0x000001a05f2591a0, 0x000001a05f2592e8]
Event: 30.068 Thread 0x000001a072270730 5982       2       java.awt.LightweightDispatcher::trackMouseEnterExit (111 bytes)
Event: 30.069 Thread 0x000001a072270730 nmethod 5982 0x000001a05f32a190 code [0x000001a05f32a3c0, 0x000001a05f32aac8]
Event: 30.071 Thread 0x000001a072270730 5983       1       usu.widget.Panel::getBackgroundImageType (5 bytes)
Event: 30.071 Thread 0x000001a072270730 nmethod 5983 0x000001a066544f10 code [0x000001a0665450a0, 0x000001a066545158]
Event: 30.072 Thread 0x000001a072270730 5984       2       sun.java2d.pipe.RegionIterator::createCopy (30 bytes)
Event: 30.072 Thread 0x000001a072270730 nmethod 5984 0x000001a05f258c10 code [0x000001a05f258da0, 0x000001a05f258f58]
Event: 30.072 Thread 0x000001a072270730 5985       2       sun.java2d.pipe.SpanClipRenderer::needTile (27 bytes)
Event: 30.073 Thread 0x000001a072270730 nmethod 5985 0x000001a05f258710 code [0x000001a05f2588c0, 0x000001a05f258a68]
Event: 30.073 Thread 0x000001a072270730 5986       2       sun.java2d.pipe.SpanClipRenderer::renderPathTile (219 bytes)
Event: 30.073 Thread 0x000001a072270730 nmethod 5986 0x000001a05f329510 code [0x000001a05f329700, 0x000001a05f329d68]
Event: 30.094 Thread 0x000001a072270730 5987       2       java.awt.Graphics::create (33 bytes)
Event: 30.094 Thread 0x000001a072270730 nmethod 5987 0x000001a05f329090 code [0x000001a05f329240, 0x000001a05f329428]
Event: 30.095 Thread 0x000001a072270730 5988       1       javax.swing.AbstractButton::isFocusPainted (5 bytes)
Event: 30.095 Thread 0x000001a072270730 nmethod 5988 0x000001a066544c10 code [0x000001a066544da0, 0x000001a066544e58]
Event: 30.116 Thread 0x000001a072270730 5989   !   2       javax.swing.JComponent::paintComponent (44 bytes)
Event: 30.116 Thread 0x000001a072270730 nmethod 5989 0x000001a05f328b90 code [0x000001a05f328d60, 0x000001a05f328f78]

GC Heap History (20 events):
Event: 15.765 GC heap before
{Heap before GC invocations=12 (full 0):
 garbage-first heap   total 65536K, used 51183K [0x00000000c1800000, 0x0000000100000000)
  region size 1024K, 13 young (13312K), 2 survivors (2048K)
 Metaspace       used 32566K, capacity 32862K, committed 33328K, reserved 1079296K
  class space    used 4030K, capacity 4139K, committed 4224K, reserved 1048576K
}
Event: 15.774 GC heap after
{Heap after GC invocations=13 (full 0):
 garbage-first heap   total 65536K, used 42995K [0x00000000c1800000, 0x0000000100000000)
  region size 1024K, 2 young (2048K), 2 survivors (2048K)
 Metaspace       used 32566K, capacity 32862K, committed 33328K, reserved 1079296K
  class space    used 4030K, capacity 4139K, committed 4224K, reserved 1048576K
}
Event: 16.994 GC heap before
{Heap before GC invocations=14 (full 0):
 garbage-first heap   total 75776K, used 50163K [0x00000000c1800000, 0x0000000100000000)
  region size 1024K, 10 young (10240K), 2 survivors (2048K)
 Metaspace       used 34074K, capacity 34366K, committed 34736K, reserved 1079296K
  class space    used 4206K, capacity 4331K, committed 4352K, reserved 1048576K
}
Event: 16.999 GC heap after
{Heap after GC invocations=15 (full 0):
 garbage-first heap   total 75776K, used 44581K [0x00000000c1800000, 0x0000000100000000)
  region size 1024K, 2 young (2048K), 2 survivors (2048K)
 Metaspace       used 34074K, capacity 34366K, committed 34736K, reserved 1079296K
  class space    used 4206K, capacity 4331K, committed 4352K, reserved 1048576K
}
Event: 19.025 GC heap before
{Heap before GC invocations=15 (full 0):
 garbage-first heap   total 75776K, used 57893K [0x00000000c1800000, 0x0000000100000000)
  region size 1024K, 15 young (15360K), 2 survivors (2048K)
 Metaspace       used 35493K, capacity 35744K, committed 36400K, reserved 1081344K
  class space    used 4519K, capacity 4619K, committed 4736K, reserved 1048576K
}
Event: 19.030 GC heap after
{Heap after GC invocations=16 (full 0):
 garbage-first heap   total 75776K, used 47011K [0x00000000c1800000, 0x0000000100000000)
  region size 1024K, 2 young (2048K), 2 survivors (2048K)
 Metaspace       used 35493K, capacity 35744K, committed 36400K, reserved 1081344K
  class space    used 4519K, capacity 4619K, committed 4736K, reserved 1048576K
}
Event: 19.922 GC heap before
{Heap before GC invocations=17 (full 0):
 garbage-first heap   total 81920K, used 58275K [0x00000000c1800000, 0x0000000100000000)
  region size 1024K, 14 young (14336K), 2 survivors (2048K)
 Metaspace       used 37749K, capacity 38033K, committed 38448K, reserved 1083392K
  class space    used 4872K, capacity 4976K, committed 4992K, reserved 1048576K
}
Event: 19.930 GC heap after
{Heap after GC invocations=18 (full 0):
 garbage-first heap   total 81920K, used 49233K [0x00000000c1800000, 0x0000000100000000)
  region size 1024K, 2 young (2048K), 2 survivors (2048K)
 Metaspace       used 37749K, capacity 38033K, committed 38448K, reserved 1083392K
  class space    used 4872K, capacity 4976K, committed 4992K, reserved 1048576K
}
Event: 20.789 GC heap before
{Heap before GC invocations=18 (full 0):
 garbage-first heap   total 81920K, used 62545K [0x00000000c1800000, 0x0000000100000000)
  region size 1024K, 16 young (16384K), 2 survivors (2048K)
 Metaspace       used 40262K, capacity 40560K, committed 41136K, reserved 1085440K
  class space    used 5190K, capacity 5305K, committed 5376K, reserved 1048576K
}
Event: 20.797 GC heap after
{Heap after GC invocations=19 (full 0):
 garbage-first heap   total 81920K, used 52516K [0x00000000c1800000, 0x0000000100000000)
  region size 1024K, 2 young (2048K), 2 survivors (2048K)
 Metaspace       used 40262K, capacity 40560K, committed 41136K, reserved 1085440K
  class space    used 5190K, capacity 5305K, committed 5376K, reserved 1048576K
}
Event: 21.255 GC heap before
{Heap before GC invocations=20 (full 0):
 garbage-first heap   total 92160K, used 62756K [0x00000000c1800000, 0x0000000100000000)
  region size 1024K, 13 young (13312K), 2 survivors (2048K)
 Metaspace       used 40753K, capacity 41104K, committed 41520K, reserved 1085440K
  class space    used 5282K, capacity 5401K, committed 5504K, reserved 1048576K
}
Event: 21.261 GC heap after
{Heap after GC invocations=21 (full 0):
 garbage-first heap   total 92160K, used 56271K [0x00000000c1800000, 0x0000000100000000)
  region size 1024K, 2 young (2048K), 2 survivors (2048K)
 Metaspace       used 40753K, capacity 41104K, committed 41520K, reserved 1085440K
  class space    used 5282K, capacity 5401K, committed 5504K, reserved 1048576K
}
Event: 21.735 GC heap before
{Heap before GC invocations=21 (full 0):
 garbage-first heap   total 92160K, used 70607K [0x00000000c1800000, 0x0000000100000000)
  region size 1024K, 17 young (17408K), 2 survivors (2048K)
 Metaspace       used 41341K, capacity 41648K, committed 42160K, reserved 1085440K
  class space    used 5442K, capacity 5561K, committed 5632K, reserved 1048576K
}
Event: 21.742 GC heap after
{Heap after GC invocations=22 (full 0):
 garbage-first heap   total 92160K, used 61701K [0x00000000c1800000, 0x0000000100000000)
  region size 1024K, 3 young (3072K), 3 survivors (3072K)
 Metaspace       used 41341K, capacity 41648K, committed 42160K, reserved 1085440K
  class space    used 5442K, capacity 5561K, committed 5632K, reserved 1048576K
}
Event: 21.879 GC heap before
{Heap before GC invocations=22 (full 0):
 garbage-first heap   total 130048K, used 81157K [0x00000000c1800000, 0x0000000100000000)
  region size 1024K, 14 young (14336K), 3 survivors (3072K)
 Metaspace       used 41409K, capacity 41744K, committed 42160K, reserved 1085440K
  class space    used 5460K, capacity 5593K, committed 5632K, reserved 1048576K
}
Event: 21.885 GC heap after
{Heap after GC invocations=23 (full 0):
 garbage-first heap   total 130048K, used 71610K [0x00000000c1800000, 0x0000000100000000)
  region size 1024K, 1 young (1024K), 1 survivors (1024K)
 Metaspace       used 41409K, capacity 41744K, committed 42160K, reserved 1085440K
  class space    used 5460K, capacity 5593K, committed 5632K, reserved 1048576K
}
Event: 22.590 GC heap before
{Heap before GC invocations=24 (full 0):
 garbage-first heap   total 130048K, used 97210K [0x00000000c1800000, 0x0000000100000000)
  region size 1024K, 27 young (27648K), 1 survivors (1024K)
 Metaspace       used 42196K, capacity 42513K, committed 42928K, reserved 1087488K
  class space    used 5653K, capacity 5785K, committed 5888K, reserved 1048576K
}
Event: 22.599 GC heap after
{Heap after GC invocations=25 (full 0):
 garbage-first heap   total 130048K, used 79118K [0x00000000c1800000, 0x0000000100000000)
  region size 1024K, 4 young (4096K), 4 survivors (4096K)
 Metaspace       used 42196K, capacity 42513K, committed 42928K, reserved 1087488K
  class space    used 5653K, capacity 5785K, committed 5888K, reserved 1048576K
}
Event: 23.384 GC heap before
{Heap before GC invocations=25 (full 0):
 garbage-first heap   total 130048K, used 96526K [0x00000000c1800000, 0x0000000100000000)
  region size 1024K, 23 young (23552K), 4 survivors (4096K)
 Metaspace       used 43409K, capacity 43729K, committed 44336K, reserved 1087488K
  class space    used 5807K, capacity 5913K, committed 6016K, reserved 1048576K
}
Event: 23.395 GC heap after
{Heap after GC invocations=26 (full 0):
 garbage-first heap   total 130048K, used 85006K [0x00000000c1800000, 0x0000000100000000)
  region size 1024K, 4 young (4096K), 4 survivors (4096K)
 Metaspace       used 43409K, capacity 43729K, committed 44336K, reserved 1087488K
  class space    used 5807K, capacity 5913K, committed 6016K, reserved 1048576K
}

Deoptimization events (20 events):
Event: 29.945 Thread 0x000001a073bcc220 DEOPT PACKING pc=0x000001a05efc4b9e sp=0x000000889bcfc4d0
Event: 29.945 Thread 0x000001a073bcc220 DEOPT UNPACKING pc=0x000001a05e86e23f sp=0x000000889bcfb940 mode 0
Event: 29.946 Thread 0x000001a073bcc220 DEOPT PACKING pc=0x000001a05ef7e29f sp=0x000000889bcfd0a0
Event: 29.946 Thread 0x000001a073bcc220 DEOPT UNPACKING pc=0x000001a05e86e23f sp=0x000000889bcfc508 mode 0
Event: 29.947 Thread 0x000001a073bcc220 DEOPT PACKING pc=0x000001a05efc4b9e sp=0x000000889bcfce70
Event: 29.947 Thread 0x000001a073bcc220 DEOPT UNPACKING pc=0x000001a05e86e23f sp=0x000000889bcfc2e0 mode 0
Event: 29.947 Thread 0x000001a073bcbd50 Uncommon trap: trap_request=0xffffff45 fr.pc=0x000001a0662f9540 relative=0x0000000000000040
Event: 29.947 Thread 0x000001a073bcbd50 Uncommon trap: reason=unstable_if action=reinterpret pc=0x000001a0662f9540 method=java.lang.StringLatin1.canEncode(I)Z @ 4 c2
Event: 29.947 Thread 0x000001a073bcbd50 DEOPT PACKING pc=0x000001a0662f9540 sp=0x000000889bbfc1a0
Event: 29.947 Thread 0x000001a073bcbd50 DEOPT UNPACKING pc=0x000001a05e86e42f sp=0x000000889bbfc140 mode 2
Event: 29.964 Thread 0x000001a073bcc220 DEOPT PACKING pc=0x000001a05ef7e29f sp=0x000000889bcfd0a0
Event: 29.964 Thread 0x000001a073bcc220 DEOPT UNPACKING pc=0x000001a05e86e23f sp=0x000000889bcfc508 mode 0
Event: 29.998 Thread 0x000001a073bcc220 DEOPT PACKING pc=0x000001a05ef7e29f sp=0x000000889bcfc560
Event: 29.998 Thread 0x000001a073bcc220 DEOPT UNPACKING pc=0x000001a05e86e23f sp=0x000000889bcfb9c8 mode 0
Event: 30.008 Thread 0x000001a073bcc220 DEOPT PACKING pc=0x000001a05ef7e29f sp=0x000000889bcfd0a0
Event: 30.008 Thread 0x000001a073bcc220 DEOPT UNPACKING pc=0x000001a05e86e23f sp=0x000000889bcfc508 mode 0
Event: 30.052 Thread 0x000001a073bcc220 DEOPT PACKING pc=0x000001a05ef7e29f sp=0x000000889bcfd0d0
Event: 30.052 Thread 0x000001a073bcc220 DEOPT UNPACKING pc=0x000001a05e86e23f sp=0x000000889bcfc538 mode 0
Event: 30.095 Thread 0x000001a073bcc220 DEOPT PACKING pc=0x000001a05ef7e74c sp=0x000000889bcfd0d0
Event: 30.095 Thread 0x000001a073bcc220 DEOPT UNPACKING pc=0x000001a05e86e23f sp=0x000000889bcfc538 mode 0

Classes unloaded (0 events):
No events

Classes redefined (0 events):
No events

Internal exceptions (20 events):
Event: 5.931 Thread 0x000001a073bcc220 Exception <a 'java/lang/NoSuchMethodError'{0x00000000c502dea0}: 'java.lang.Object java.lang.invoke.DirectMethodHandle$Holder.invokeStaticInit(java.lang.Object, int, int, int, int)'> (0x00000000c502dea0) 
thrown [./open/src/hotspot/share/interpreter/linkResolver.cpp, line 782]
Event: 5.936 Thread 0x000001a073bcc220 Exception <a 'sun/nio/fs/WindowsException'{0x00000000c50346f0}> (0x00000000c50346f0) 
thrown [./open/src/hotspot/share/prims/jni.cpp, line 578]
Event: 7.145 Thread 0x000001a073d5b460 Implicit null exception at 0x000001a066311c75 to 0x000001a06631235c
Event: 7.145 Thread 0x000001a073d5b460 Implicit null exception at 0x000001a066310ef5 to 0x000001a0663115d4
Event: 7.207 Thread 0x000001a073bcc220 Exception <a 'java/lang/NoSuchMethodError'{0x00000000c4f6e978}: 'void java.lang.invoke.DirectMethodHandle$Holder.invokeStaticInit(java.lang.Object)'> (0x00000000c4f6e978) 
thrown [./open/src/hotspot/share/interpreter/linkResolver.cpp, line 782]
Event: 18.392 Thread 0x000001a073bcc220 Implicit null exception at 0x000001a066442744 to 0x000001a066445d00
Event: 18.392 Thread 0x000001a073bcc220 Implicit null exception at 0x000001a066429cad to 0x000001a066429f88
Event: 18.392 Thread 0x000001a073bcc220 Implicit null exception at 0x000001a066535553 to 0x000001a0665356ec
Event: 19.709 Thread 0x000001a073bcd090 Implicit null exception at 0x000001a06651fbe1 to 0x000001a0665221a4
Event: 19.984 Thread 0x000001a073bcd090 Exception <a 'java/lang/NoSuchMethodError'{0x00000000c67ad988}: 'int java.lang.invoke.DirectMethodHandle$Holder.invokeStaticInit(java.lang.Object, java.lang.Object, java.lang.Object)'> (0x00000000c67ad988) 
thrown [./open/src/hotspot/share/interpreter/linkResolver.cpp, line 782]
Event: 20.008 Thread 0x000001a073bcd090 Exception <a 'java/lang/NoSuchMethodError'{0x00000000c664c118}: 'java.lang.Object java.lang.invoke.DirectMethodHandle$Holder.newInvokeSpecial(java.lang.Object, java.lang.Object, int, java.lang.Object)'> (0x00000000c664c118) 
thrown [./open/src/hotspot/share/interpreter/linkResolver.cpp, line 782]
Event: 20.008 Thread 0x000001a073bcd090 Exception <a 'java/lang/NoSuchMethodError'{0x00000000c665eb40}: 'java.lang.Object java.lang.invoke.DirectMethodHandle$Holder.invokeSpecial(java.lang.Object, java.lang.Object, java.lang.Object, int, java.lang.Object)'> (0x00000000c665eb40) 
thrown [./open/src/hotspot/share/interpreter/linkResolver.cpp, line 782]
Event: 20.515 Thread 0x000001a073bcc220 Exception <a 'java/lang/NoSuchMethodError'{0x00000000c60abb38}: 'java.lang.Object java.lang.invoke.DirectMethodHandle$Holder.invokeStaticInit(java.lang.Object, java.lang.Object, java.lang.Object, java.lang.Object)'> (0x00000000c60abb38) 
thrown [./open/src/hotspot/share/interpreter/linkResolver.cpp, line 782]
Event: 21.167 Thread 0x000001a07642e290 Implicit null exception at 0x000001a0665fff75 to 0x000001a066601dec
Event: 23.318 Thread 0x000001a073bcc220 Implicit null exception at 0x000001a066439d11 to 0x000001a06643b0e0
Event: 29.764 Thread 0x000001a073bcc220 Implicit null exception at 0x000001a0663e394c to 0x000001a0663e57dc
Event: 29.936 Thread 0x000001a073bcbd50 Exception <a 'java/lang/NullPointerException'{0x00000000ca58a588}> (0x00000000ca58a588) 
thrown [./open/src/hotspot/share/interpreter/linkResolver.cpp, line 1374]
Event: 29.949 Thread 0x000001a073bcbd50 Exception <a 'java/lang/NoSuchMethodError'{0x00000000ca4074d0}: 'void java.lang.invoke.DirectMethodHandle$Holder.invokeSpecial(java.lang.Object, java.lang.Object, java.lang.Object, java.lang.Object, java.lang.Object)'> (0x00000000ca4074d0) 
thrown [./open/src/hotspot/share/interpreter/linkResolver.cpp, line 782]
Event: 29.987 Thread 0x000001a073bcbd50 Exception <a 'java/lang/NoSuchMethodError'{0x00000000ca4ff530}: 'int java.lang.invoke.DirectMethodHandle$Holder.invokeSpecial(java.lang.Object, java.lang.Object, java.lang.Object, java.lang.Object)'> (0x00000000ca4ff530) 
thrown [./open/src/hotspot/share/interpreter/linkResolver.cpp, line 782]
Event: 30.109 Thread 0x000001a073bcbd50 Exception <a 'java/lang/NoSuchMethodError'{0x00000000ca2cf1b8}: fwkIsMainThread> (0x00000000ca2cf1b8) 
thrown [./open/src/hotspot/share/prims/jni.cpp, line 1171]

Events (20 events):
Event: 29.036 loading class sun/awt/SunToolkit$1 done
Event: 29.943 loading class java/util/WeakHashMap$KeyIterator
Event: 29.943 loading class java/util/WeakHashMap$HashIterator
Event: 29.943 loading class java/util/WeakHashMap$HashIterator done
Event: 29.943 loading class java/util/WeakHashMap$KeyIterator done
Event: 30.013 loading class java/util/concurrent/Executors$DelegatedScheduledExecutorService
Event: 30.014 loading class java/util/concurrent/ScheduledExecutorService
Event: 30.014 loading class java/util/concurrent/ScheduledExecutorService done
Event: 30.014 loading class java/util/concurrent/Executors$DelegatedScheduledExecutorService done
Event: 30.014 loading class java/util/concurrent/ScheduledThreadPoolExecutor
Event: 30.014 loading class java/util/concurrent/ScheduledThreadPoolExecutor done
Event: 30.014 loading class java/util/concurrent/ScheduledThreadPoolExecutor$DelayedWorkQueue
Event: 30.015 loading class java/util/concurrent/ScheduledThreadPoolExecutor$DelayedWorkQueue done
Event: 30.015 loading class java/util/concurrent/RunnableScheduledFuture
Event: 30.015 loading class java/util/concurrent/ScheduledFuture
Event: 30.015 loading class java/util/concurrent/ScheduledFuture done
Event: 30.015 loading class java/util/concurrent/RunnableScheduledFuture done
Event: 30.024 loading class java/net/CookieHandler
Event: 30.024 loading class java/net/CookieHandler done
Event: 30.043 Loaded shared library C:\Program Files\BellSoft\LibericaJDK-13-Full\bin\jfxwebkit.dll


Dynamic libraries:
0x00007ff747bc0000 - 0x00007ff747bcf000 	C:\Program Files\Java\jdk-15.0.2\bin\java.exe
0x00007ffe61630000 - 0x00007ffe61828000 	C:\WINDOWS\SYSTEM32\ntdll.dll
0x00007ffe5fd30000 - 0x00007ffe5fdef000 	C:\WINDOWS\System32\KERNEL32.DLL
0x00007ffe5ee60000 - 0x00007ffe5f13a000 	C:\WINDOWS\System32\KERNELBASE.dll
0x00007ffe5f2d0000 - 0x00007ffe5f3d0000 	C:\WINDOWS\System32\ucrtbase.dll
0x00007ffe5a7e0000 - 0x00007ffe5a7f9000 	C:\Program Files\Java\jdk-15.0.2\bin\VCRUNTIME140.dll
0x00007ffe50380000 - 0x00007ffe50398000 	C:\Program Files\Java\jdk-15.0.2\bin\jli.dll
0x00007ffe611a0000 - 0x00007ffe6124e000 	C:\WINDOWS\System32\ADVAPI32.dll
0x00007ffe5ff30000 - 0x00007ffe5ffce000 	C:\WINDOWS\System32\msvcrt.dll
0x00007ffe60d50000 - 0x00007ffe60dec000 	C:\WINDOWS\System32\sechost.dll
0x00007ffe603b0000 - 0x00007ffe604d6000 	C:\WINDOWS\System32\RPCRT4.dll
0x00007ffe60df0000 - 0x00007ffe60f8d000 	C:\WINDOWS\System32\USER32.dll
0x00007ffe5ede0000 - 0x00007ffe5ee02000 	C:\WINDOWS\System32\win32u.dll
0x00007ffe60c70000 - 0x00007ffe60c9b000 	C:\WINDOWS\System32\GDI32.dll
0x00007ffe5f440000 - 0x00007ffe5f550000 	C:\WINDOWS\System32\gdi32full.dll
0x00007ffe5ed40000 - 0x00007ffe5eddd000 	C:\WINDOWS\System32\msvcp_win.dll
0x00007ffe4e3b0000 - 0x00007ffe4e64a000 	C:\WINDOWS\WinSxS\amd64_microsoft.windows.common-controls_6595b64144ccf1df_6.0.19041.1110_none_60b5254171f9507e\COMCTL32.dll
0x00007ffe52bc0000 - 0x00007ffe52bca000 	C:\WINDOWS\SYSTEM32\VERSION.dll
0x00007ffe604e0000 - 0x00007ffe60510000 	C:\WINDOWS\System32\IMM32.DLL
0x00007ffe5a2a0000 - 0x00007ffe5a2ac000 	C:\Program Files\Java\jdk-15.0.2\bin\vcruntime140_1.dll
0x00007ffe47590000 - 0x00007ffe47621000 	C:\Program Files\Java\jdk-15.0.2\bin\msvcp140.dll
0x00007ffe3bb20000 - 0x00007ffe3c67e000 	C:\Program Files\Java\jdk-15.0.2\bin\server\jvm.dll
0x00007ffe5fec0000 - 0x00007ffe5fec8000 	C:\WINDOWS\System32\PSAPI.DLL
0x00007ffe580c0000 - 0x00007ffe580c9000 	C:\WINDOWS\SYSTEM32\WSOCK32.dll
0x00007ffe61460000 - 0x00007ffe614cb000 	C:\WINDOWS\System32\WS2_32.dll
0x00007ffe4a880000 - 0x00007ffe4a8a7000 	C:\WINDOWS\SYSTEM32\WINMM.dll
0x00007ffe5cc20000 - 0x00007ffe5cc32000 	C:\WINDOWS\SYSTEM32\kernel.appcore.dll
0x00007ffe575c0000 - 0x00007ffe575ca000 	C:\Program Files\Java\jdk-15.0.2\bin\jimage.dll
0x00007ffe4d820000 - 0x00007ffe4da04000 	C:\WINDOWS\SYSTEM32\DBGHELP.DLL
0x00007ffe4d7a0000 - 0x00007ffe4d7d4000 	C:\WINDOWS\SYSTEM32\dbgcore.DLL
0x00007ffe5f600000 - 0x00007ffe5f682000 	C:\WINDOWS\System32\bcryptPrimitives.dll
0x00007ffe473d0000 - 0x00007ffe47409000 	C:\Program Files\Java\jdk-15.0.2\bin\jdwp.dll
0x00007ffe4fa10000 - 0x00007ffe4fa35000 	C:\Program Files\Java\jdk-15.0.2\bin\java.dll
0x00007ffe60520000 - 0x00007ffe60c64000 	C:\WINDOWS\System32\SHELL32.dll
0x00007ffe5ce20000 - 0x00007ffe5d5b3000 	C:\WINDOWS\SYSTEM32\windows.storage.dll
0x00007ffe5ffd0000 - 0x00007ffe60324000 	C:\WINDOWS\System32\combase.dll
0x00007ffe5e6c0000 - 0x00007ffe5e6ee000 	C:\WINDOWS\SYSTEM32\Wldp.dll
0x00007ffe5fc50000 - 0x00007ffe5fcfd000 	C:\WINDOWS\System32\SHCORE.dll
0x00007ffe5fb00000 - 0x00007ffe5fb55000 	C:\WINDOWS\System32\shlwapi.dll
0x00007ffe5ec80000 - 0x00007ffe5ec9f000 	C:\WINDOWS\SYSTEM32\profapi.dll
0x00007ffe507a0000 - 0x00007ffe507ab000 	C:\Program Files\Java\jdk-15.0.2\bin\dt_shmem.dll
0x00007ffe529f0000 - 0x00007ffe52a09000 	C:\Program Files\Java\jdk-15.0.2\bin\net.dll
0x00007ffe53af0000 - 0x00007ffe53bfa000 	C:\WINDOWS\SYSTEM32\WINHTTP.dll
0x00007ffe5e420000 - 0x00007ffe5e48a000 	C:\WINDOWS\system32\mswsock.dll
0x00007ffe50670000 - 0x00007ffe50682000 	C:\Program Files\Java\jdk-15.0.2\bin\nio.dll
0x00007ffe50310000 - 0x00007ffe50328000 	C:\Program Files\Java\jdk-15.0.2\bin\zip.dll
0x00007ffe3b9a0000 - 0x00007ffe3bb20000 	C:\Program Files\Java\jdk-15.0.2\bin\awt.dll
0x00007ffe5fdf0000 - 0x00007ffe5febd000 	C:\WINDOWS\System32\OLEAUT32.dll
0x00007ffe5c490000 - 0x00007ffe5c520000 	C:\WINDOWS\SYSTEM32\apphelp.dll
0x00007ffe5c750000 - 0x00007ffe5c7ee000 	C:\WINDOWS\system32\uxtheme.dll
0x00007ffe43380000 - 0x00007ffe433ae000 	C:\Program Files\uvnc bvba\UltraVNC\schook64.dll
0x00007ffe614d0000 - 0x00007ffe615e4000 	C:\WINDOWS\System32\MSCTF.dll
0x00007ffe60f90000 - 0x00007ffe610ba000 	C:\WINDOWS\System32\ole32.dll
0x00007ffe5ca40000 - 0x00007ffe5ca6f000 	C:\WINDOWS\system32\DWMAPI.DLL
0x00007ffe2fbb0000 - 0x00007ffe2fc60000 	C:\WINDOWS\WinSxS\amd64_microsoft.windows.common-controls_6595b64144ccf1df_5.82.19041.1110_none_792d1c772443f647\comctl32.dll
0x00007ffe47500000 - 0x00007ffe47585000 	C:\Program Files\Java\jdk-15.0.2\bin\freetype.dll
0x00007ffe43410000 - 0x00007ffe434b9000 	C:\Program Files\Java\jdk-15.0.2\bin\fontmanager.dll
0x00007ffe48d60000 - 0x00007ffe48e85000 	C:\WINDOWS\system32\opengl32.dll
0x00007ffe49cb0000 - 0x00007ffe49cdc000 	C:\WINDOWS\SYSTEM32\GLU32.dll
0x00007ffe60ca0000 - 0x00007ffe60d49000 	C:\WINDOWS\System32\clbcatq.dll
0x00007ffe5a8d0000 - 0x00007ffe5a9c6000 	C:\WINDOWS\SYSTEM32\PROPSYS.dll
0x00007ffe50190000 - 0x00007ffe501a7000 	C:\WINDOWS\system32\NetworkExplorer.dll
0x00007ffe5ee10000 - 0x00007ffe5ee5e000 	C:\WINDOWS\System32\CFGMGR32.dll
0x00007ffe4be40000 - 0x00007ffe4be5d000 	C:\WINDOWS\SYSTEM32\MPR.dll
0x00007ffe30a80000 - 0x00007ffe30a8b000 	C:\WINDOWS\System32\drprov.dll
0x00007ffe5e850000 - 0x00007ffe5e8b4000 	C:\WINDOWS\System32\WINSTA.dll
0x00007ffe30a60000 - 0x00007ffe30a7f000 	C:\WINDOWS\System32\ntlanman.dll
0x00007ffe30a40000 - 0x00007ffe30a5e000 	C:\WINDOWS\System32\davclnt.dll
0x00007ffe30a30000 - 0x00007ffe30a3d000 	C:\WINDOWS\System32\DAVHLPR.dll
0x00007ffe5dea0000 - 0x00007ffe5deb9000 	C:\WINDOWS\System32\wkscli.dll
0x00007ffe4e850000 - 0x00007ffe4e862000 	C:\WINDOWS\SYSTEM32\cscapi.dll
0x00007ffe5e220000 - 0x00007ffe5e22c000 	C:\WINDOWS\System32\netutils.dll
0x00007ffe500d0000 - 0x00007ffe50126000 	C:\Windows\System32\dlnashext.dll
0x00007ffe41a50000 - 0x00007ffe41ab4000 	C:\Windows\System32\PlayToDevice.dll
0x00007ffe4ff50000 - 0x00007ffe4ff70000 	C:\Windows\System32\DevDispItemProvider.dll
0x00007ffe58d80000 - 0x00007ffe58e05000 	C:\WINDOWS\System32\MMDevApi.dll
0x00007ffe5ea80000 - 0x00007ffe5eaac000 	C:\WINDOWS\System32\DEVOBJ.dll
0x00007ffe5e110000 - 0x00007ffe5e14c000 	C:\Windows\System32\IPHLPAPI.DLL
0x00007ffe5fd00000 - 0x00007ffe5fd08000 	C:\WINDOWS\System32\NSI.dll
0x00007ffe562b0000 - 0x00007ffe562c7000 	C:\WINDOWS\SYSTEM32\dhcpcsvc6.DLL
0x00007ffe57740000 - 0x00007ffe5775d000 	C:\WINDOWS\SYSTEM32\dhcpcsvc.DLL
0x00007ffe5e150000 - 0x00007ffe5e21b000 	C:\WINDOWS\SYSTEM32\DNSAPI.dll
0x00007ffe58a60000 - 0x00007ffe58a6b000 	C:\WINDOWS\SYSTEM32\WINNSI.DLL
0x00007ffe5a440000 - 0x00007ffe5a47e000 	C:\WINDOWS\System32\netprofm.dll
0x00007ffe580b0000 - 0x00007ffe580c0000 	C:\WINDOWS\System32\npmproxy.dll
0x00007ffe3d430000 - 0x00007ffe3d4d1000 	C:\WINDOWS\system32\wpdshext.dll
0x00007ffe2ff40000 - 0x00007ffe300e5000 	C:\WINDOWS\WinSxS\amd64_microsoft.windows.gdiplus_6595b64144ccf1df_1.1.19041.2251_none_91a40448cc8846c1\gdiplus.dll
0x00007ffe59630000 - 0x00007ffe596d3000 	C:\Windows\System32\PortableDeviceApi.dll
0x00007ffe5f690000 - 0x00007ffe5faf8000 	C:\WINDOWS\System32\SETUPAPI.dll
0x00007ffe5f140000 - 0x00007ffe5f167000 	C:\WINDOWS\System32\bcrypt.dll
0x00007ffe5f3d0000 - 0x00007ffe5f437000 	C:\WINDOWS\System32\WINTRUST.dll
0x00007ffe5f170000 - 0x00007ffe5f2c6000 	C:\WINDOWS\System32\CRYPT32.dll
0x00007ffe5e8c0000 - 0x00007ffe5e8d2000 	C:\WINDOWS\System32\MSASN1.dll
0x00007ffe44860000 - 0x00007ffe44897000 	C:\Windows\System32\EhStorShell.dll
0x00007ffe4faa0000 - 0x00007ffe4fac6000 	C:\Windows\System32\EhStorAPI.dll
0x00007ffe5c0f0000 - 0x00007ffe5c104000 	C:\Windows\System32\WTSAPI32.dll
0x00007ffe47990000 - 0x00007ffe4799d000 	C:\WINDOWS\SYSTEM32\LINKINFO.dll
0x00007ffe575b0000 - 0x00007ffe575c0000 	C:\Program Files\Java\jdk-15.0.2\bin\verify.dll
0x00007ffe503c0000 - 0x00007ffe503cd000 	C:\Program Files\Java\jdk-15.0.2\bin\sunmscapi.dll
0x00007ffe5e730000 - 0x00007ffe5e758000 	C:\WINDOWS\SYSTEM32\ncrypt.dll
0x00007ffe5e6f0000 - 0x00007ffe5e72b000 	C:\WINDOWS\SYSTEM32\NTASN1.dll
0x00007ffe596e0000 - 0x00007ffe59894000 	C:\WINDOWS\SYSTEM32\WindowsCodecs.dll
0x00007ffe45c30000 - 0x00007ffe45c6e000 	C:\WINDOWS\system32\dataexchange.dll
0x00007ffe5af90000 - 0x00007ffe5b1f3000 	C:\WINDOWS\system32\d3d11.dll
0x00007ffe5b7f0000 - 0x00007ffe5b9d3000 	C:\WINDOWS\system32\dcomp.dll
0x00007ffe5d600000 - 0x00007ffe5d6f3000 	C:\WINDOWS\system32\dxgi.dll
0x00007ffe59930000 - 0x00007ffe59b30000 	C:\WINDOWS\system32\twinapi.appcore.dll
0x000001a074db0000 - 0x000001a074db3000 	C:\Program Files\Java\jdk-15.0.2\bin\api-ms-win-core-console-l1-1-0.dll
0x000001a078a10000 - 0x000001a078a13000 	C:\Program Files\Java\jdk-15.0.2\bin\api-ms-win-core-datetime-l1-1-0.dll
0x000001a078a20000 - 0x000001a078a23000 	C:\Program Files\Java\jdk-15.0.2\bin\api-ms-win-core-debug-l1-1-0.dll
0x000001a078a30000 - 0x000001a078a33000 	C:\Program Files\Java\jdk-15.0.2\bin\api-ms-win-core-errorhandling-l1-1-0.dll
0x000001a078a40000 - 0x000001a078a44000 	C:\Program Files\Java\jdk-15.0.2\bin\api-ms-win-core-file-l1-1-0.dll
0x000001a078a50000 - 0x000001a078a53000 	C:\Program Files\Java\jdk-15.0.2\bin\api-ms-win-core-file-l1-2-0.dll
0x000001a078a60000 - 0x000001a078a63000 	C:\Program Files\Java\jdk-15.0.2\bin\api-ms-win-core-file-l2-1-0.dll
0x000001a078a70000 - 0x000001a078a73000 	C:\Program Files\Java\jdk-15.0.2\bin\api-ms-win-core-handle-l1-1-0.dll
0x000001a078a80000 - 0x000001a078a83000 	C:\Program Files\Java\jdk-15.0.2\bin\api-ms-win-core-heap-l1-1-0.dll
0x000001a078a90000 - 0x000001a078a93000 	C:\Program Files\Java\jdk-15.0.2\bin\api-ms-win-core-interlocked-l1-1-0.dll
0x000001a078aa0000 - 0x000001a078aa3000 	C:\Program Files\Java\jdk-15.0.2\bin\api-ms-win-core-libraryloader-l1-1-0.dll
0x000001a078ab0000 - 0x000001a078ab3000 	C:\Program Files\Java\jdk-15.0.2\bin\api-ms-win-core-localization-l1-2-0.dll
0x000001a078ac0000 - 0x000001a078ac3000 	C:\Program Files\Java\jdk-15.0.2\bin\api-ms-win-core-memory-l1-1-0.dll
0x000001a078ad0000 - 0x000001a078ad3000 	C:\Program Files\Java\jdk-15.0.2\bin\api-ms-win-core-namedpipe-l1-1-0.dll
0x000001a078ae0000 - 0x000001a078ae3000 	C:\Program Files\Java\jdk-15.0.2\bin\api-ms-win-core-processenvironment-l1-1-0.dll
0x000001a078af0000 - 0x000001a078af3000 	C:\Program Files\Java\jdk-15.0.2\bin\api-ms-win-core-processthreads-l1-1-0.dll
0x000001a078b00000 - 0x000001a078b03000 	C:\Program Files\Java\jdk-15.0.2\bin\api-ms-win-core-processthreads-l1-1-1.dll
0x000001a078b10000 - 0x000001a078b13000 	C:\Program Files\Java\jdk-15.0.2\bin\api-ms-win-core-profile-l1-1-0.dll
0x000001a078b20000 - 0x000001a078b23000 	C:\Program Files\Java\jdk-15.0.2\bin\api-ms-win-core-rtlsupport-l1-1-0.dll
0x000001a078b30000 - 0x000001a078b33000 	C:\Program Files\Java\jdk-15.0.2\bin\api-ms-win-core-string-l1-1-0.dll
0x000001a078b40000 - 0x000001a078b43000 	C:\Program Files\Java\jdk-15.0.2\bin\api-ms-win-core-synch-l1-1-0.dll

dbghelp: loaded successfully - version: 4.0.5 - missing functions: none
symbol engine: initialized successfully - sym options: 0x614 - pdb path: .;C:\Program Files\Java\jdk-15.0.2\bin;C:\WINDOWS\SYSTEM32;C:\WINDOWS\WinSxS\amd64_microsoft.windows.common-controls_6595b64144ccf1df_6.0.19041.1110_none_60b5254171f9507e;C:\Program Files\Java\jdk-15.0.2\bin\server;C:\Program Files\uvnc bvba\UltraVNC;C:\WINDOWS\WinSxS\amd64_microsoft.windows.common-controls_6595b64144ccf1df_5.82.19041.1110_none_792d1c772443f647;C:\WINDOWS\WinSxS\amd64_microsoft.windows.gdiplus_6595b64144ccf1df_1.1.19041.2251_none_91a40448cc8846c1;C:\Program Files\BellSoft\LibericaJDK-13-Full\bin

VM Arguments:
jvm_args: -Dfile.encoding=UTF-8 -agentlib:jdwp=transport=dt_shmem,address=javadebug 
java_command: simrskhanza.SIMRSKhanza
java_class_path (initial): E:\Sofware SIMRSKhanza\KhanzaHMSWindows\lib\calendar-src.jar;E:\Sofware SIMRSKhanza\KhanzaHMSWindows\lib\calendar-doc.jar;E:\Sofware SIMRSKhanza\KhanzaHMSWindows\lib\calendar.jar;E:\Sofware SIMRSKhanza\KhanzaHMSWindows\lib\jcalendar-1.4.jar;E:\Sofware SIMRSKhanza\KhanzaHMSWindows\lib\ant-1.7.1.jar;E:\Sofware SIMRSKhanza\KhanzaHMSWindows\lib\apache-httpcomponents-httpclient.jar;E:\Sofware SIMRSKhanza\KhanzaHMSWindows\lib\appframework-1.0.3.jar;E:\Sofware SIMRSKhanza\KhanzaHMSWindows\lib\barbecue-1.5-beta1.jar;E:\Sofware SIMRSKhanza\KhanzaHMSWindows\lib\batik-dom.jar;E:\Sofware SIMRSKhanza\KhanzaHMSWindows\lib\groovy-all-2.4.7.jar;E:\Sofware SIMRSKhanza\KhanzaHMSWindows\lib\bcel-5.2.jar;E:\Sofware SIMRSKhanza\KhanzaHMSWindows\lib\bcprov-jdk15on-154.jar;E:\Sofware SIMRSKhanza\KhanzaHMSWindows\lib\poi-4.1.0.jar;E:\Sofware SIMRSKhanza\KhanzaHMSWindows\lib\beansbinding-1.2.1.jar;E:\Sofware SIMRSKhanza\KhanzaHMSWindows\lib\bsh-2.0b4.jar;E:\Sofware SIMRSKhanza\KhanzaHMSWindows\lib\com-jaspersoft-ireport.jar;E:\Sofware SIMRSKhanza\KhanzaHMSWindows\lib\com.fasterxml.jackson.core.jar;E:\Sofware SIMRSKhanza\KhanzaHMSWindows\lib\comm.jar;E:\Sofware SIMRSKhanza\KhanzaHMSWindows\lib\common-javaFX-plugin.jar;E:\Sofware SIMRSKhanza\KhanzaHMSWindows\lib\commons-codec-1.10.jar;E:\Sofware SIMRSKhanza\KhanzaHMSWindows\lib\commons-javaflow-20060411.jar;E:\Sofware SIMRSKhanza\KhanzaHMSWindows\lib\commons-logging-1.2.jar;E:\Sofware SIMRSKhanza\KhanzaHMSWindows\lib\fluent-hc-4.5.1.jar;E:\Sofware SIMRSKhanza\KhanzaHMSWindows\lib\fontbox-2.0.13.jar;E:\Sofware SIMRSKhanza\KhanzaHMSWindows\lib\gson-2.2.2.jar;E:\Sofware SIMRSKhanza\KhanzaHMSWindows\lib\hibernate3.jar;E:\Sofware SIMRSKhanza\KhanzaHMSWindows\lib\hsqldb-1.8.0-10.jar;E:\Sofware SIMRSKhanza\KhanzaHMSWindows\lib\httpclient-4.5.1.jar;E:\Sofware SIMRSKhanza\KhanzaHMSWindows\lib\httpclient-cache-4.5.1.jar;E:\Sofware SIMRSKhanza\KhanzaHMSWindows\lib\httpclient-win-4.5.1.jar;E:\Sofware SIMRSKhanza\KhanzaHMSWind
Launcher Type: SUN_STANDARD

[Global flags]
     intx CICompilerCount                          = 3                                         {product} {ergonomic}
     uint ConcGCThreads                            = 1                                         {product} {ergonomic}
     uint G1ConcRefinementThreads                  = 4                                         {product} {ergonomic}
   size_t G1HeapRegionSize                         = 1048576                                   {product} {ergonomic}
    uintx GCDrainStackTargetSize                   = 64                                        {product} {ergonomic}
   size_t InitialHeapSize                          = 67108864                                  {product} {ergonomic}
   size_t MarkStackSize                            = 4194304                                   {product} {ergonomic}
   size_t MaxHeapSize                              = 1048576000                                {product} {ergonomic}
   size_t MaxNewSize                               = 629145600                                 {product} {ergonomic}
   size_t MinHeapDeltaBytes                        = 1048576                                   {product} {ergonomic}
   size_t MinHeapSize                              = 8388608                                   {product} {ergonomic}
    uintx NonNMethodCodeHeapSize                   = 5832780                                {pd product} {ergonomic}
    uintx NonProfiledCodeHeapSize                  = 122912730                              {pd product} {ergonomic}
    uintx ProfiledCodeHeapSize                     = 122912730                              {pd product} {ergonomic}
    uintx ReservedCodeCacheSize                    = 251658240                              {pd product} {ergonomic}
     bool SegmentedCodeCache                       = true                                      {product} {ergonomic}
   size_t SoftMaxHeapSize                          = 1048576000                             {manageable} {ergonomic}
     bool UseCompressedClassPointers               = true                                 {lp64_product} {ergonomic}
     bool UseCompressedOops                        = true                                 {lp64_product} {ergonomic}
     bool UseG1GC                                  = true                                      {product} {ergonomic}
     bool UseLargePagesIndividualAllocation        = false                                  {pd product} {ergonomic}

Logging:
Log output configuration:
 #0: stdout all=warning uptime,level,tags
 #1: stderr all=off uptime,level,tags

Environment Variables:
JAVA_HOME=C:\Program Files\BellSoft\LibericaJDK-13-Full\
PATH=C:\Program Files\BellSoft\LibericaJDK-13-Full\bin\;C:\Program Files\Common Files\Oracle\Java\javapath;C:\WINDOWS\system32;C:\WINDOWS;C:\WINDOWS\System32\Wbem;C:\WINDOWS\System32\WindowsPowerShell\v1.0\;C:\WINDOWS\System32\OpenSSH\;C:\Program Files\nodejs\;C:\Windows\Microsoft.NET\Framework\v4.0.30319;C:\Program Files (x86)\Appeon\PowerBuilder 19.0;C:\Program Files (x86)\Appeon\PowerBuilderCompiler 19.0;C:\xampp\php;C:\composer;C:\Program Files (x86)\Microsoft SQL Server\150\DTS\Binn\;C:\Program Files\Azure Data Studio\bin;C:\Program Files\Git\cmd;C:\Users\User\AppData\Local\Microsoft\WindowsApps;C:\Users\User\AppData\Roaming\npm;C:\Users\User\AppData\Roaming\Composer\vendor\bin;C:\Program Files\Azure Data Studio\bin;C:\Users\User\AppData\Local\Programs\Microsoft VS Code\bin;C:\Program Files\Tesseract-OCR;
USERNAME=User
OS=Windows_NT
PROCESSOR_IDENTIFIER=Intel64 Family 6 Model 60 Stepping 3, GenuineIntel



---------------  S Y S T E M  ---------------

OS:
 Windows 10 , 64 bit Build 19041 (10.0.19041.2788)
OS uptime: 1 days 2:40 hours

CPU: total 4 (initial active 4) (2 cores per cpu, 2 threads per core) family 6 model 60 stepping 3 microcode 0x27, cmov, cx8, fxsr, mmx, sse, sse2, sse3, ssse3, sse4.1, sse4.2, popcnt, vzeroupper, avx, avx2, aes, clmul, erms, lzcnt, ht, tsc, tscinvbit, bmi1, bmi2, fma, clflush

Memory: 4k page, system-wide physical 3996M (285M free)
TotalPageFile size 12514M (AvailPageFile size 2006M)
current process WorkingSet (physical memory assigned to process): 320M, peak: 323M
current process commit charge ("private bytes"): 371M, peak: 378M

vm_info: Java HotSpot(TM) 64-Bit Server VM (15.0.2+7-27) for windows-amd64 JRE (15.0.2+7-27), built on Dec  7 2020 20:07:01 by "mach5one" with unknown MS VC++:1925

END.
