#
# A fatal error has been detected by the Java Runtime Environment:
#
#  EXCEPTION_ACCESS_VIOLATION (0xc0000005) at pc=0x00007ffe3f99abec, pid=2192, tid=6032
#
# JRE version: Java(TM) SE Runtime Environment (15.0.2+7) (build 15.0.2+7-27)
# Java VM: Java HotSpot(TM) 64-Bit Server VM (15.0.2+7-27, mixed mode, sharing, tiered, compressed oops, g1 gc, windows-amd64)
# Problematic frame:
# V  [jvm.dll+0x3aabec]
#
# No core dump will be written. Minidumps are not enabled by default on client versions of Windows
#
# If you would like to submit a bug report, please visit:
#   https://bugreport.java.com/bugreport/crash.jsp
#

---------------  S U M M A R Y ------------

Command Line: -Dfile.encoding=UTF-8 simrskhanza.SIMRSKhanza

Host: Intel(R) Core(TM) i5-4460  CPU @ 3.20GHz, 4 cores, 11G,  Windows 10 , 64 bit Build 18362 (10.0.18362.1082)
Time: Thu Jul 27 08:46:16 2023 SE Asia Standard Time elapsed time: 1522.709948 seconds (0d 0h 25m 22s)

---------------  T H R E A D  ---------------

Current thread (0x000001c9f64c3530):  JavaThread "JavaFX Application Thread" [_thread_in_vm, id=6032, stack(0x00000033b9300000,0x00000033b9400000)]

Stack: [0x00000033b9300000,0x00000033b9400000],  sp=0x00000033b93fa060,  free space=1000k
Native frames: (J=compiled Java code, j=interpreted, Vv=VM code, C=native code)
V  [jvm.dll+0x3aabec]
C  0x00007ffe38797ce0

Java frames: (J=compiled Java code, j=interpreted, Vv=VM code)
j  com.sun.webkit.WebPage.twkOpen(JLjava/lang/String;)V+0
j  com.sun.webkit.WebPage.open(JLjava/lang/String;)V+86
j  javafx.scene.web.WebEngine.load(Ljava/lang/String;)V+96
j  laporan.DlgBerkasRawat.lambda$loadURL$1(Ljava/lang/String;)V+5
j  laporan.DlgBerkasRawat$$Lambda$903+0x00000008012713a8.run()V+8
J 7746 c2 com.sun.javafx.application.PlatformImpl$$Lambda$261+0x00000008010667b8.run()Ljava/lang/Object; (8 bytes) @ 0x000001c9e29ac020 [0x000001c9e29abb60+0x00000000000004c0]
J 6854 c1 com.sun.javafx.application.PlatformImpl.lambda$runLater$11(Ljava/lang/Runnable;Ljava/security/AccessControlContext;)V (38 bytes) @ 0x000001c9dbb3b344 [0x000001c9dbb3ad20+0x0000000000000624]
J 6853 c1 com.sun.javafx.application.PlatformImpl$$Lambda$260+0x0000000801066368.run()V (12 bytes) @ 0x000001c9dbb3a944 [0x000001c9dbb3a8c0+0x0000000000000084]
j  com.sun.glass.ui.InvokeLaterDispatcher$Future.run()V+4
v  ~StubRoutines::call_stub
j  com.sun.glass.ui.win.WinApplication._runLoop(Ljava/lang/Runnable;)V+0
j  com.sun.glass.ui.win.WinApplication.lambda$runLoop$3(ILjava/lang/Runnable;)V+8
j  com.sun.glass.ui.win.WinApplication$$Lambda$247+0x00000008010393a0.run()V+12
j  java.lang.Thread.run()V+11 java.base@15.0.2
v  ~StubRoutines::call_stub

siginfo: EXCEPTION_ACCESS_VIOLATION (0xc0000005), reading address 0x0000000000000000


Register to memory mapping:

RIP=0x00007ffe3f99abec jvm.dll
RAX=0x0 is NULL
RBX=0x000001c9f64c3530 is a thread
RCX=0xaab1bc090b530000 is an unknown value
RDX=0x000001c9f6880148 is a global jni handle
RSP=0x00000033b93fa060 is pointing into the stack for thread: 0x000001c9f64c3530
RBP=0x000001c9f64c3858 points into unknown readable memory: 0x00007ffe3ffede40 | 40 de fe 3f fe 7f 00 00
RSI=0x0 is NULL
RDI=0x000001c9f6880148 is a global jni handle
R8 =0x0 is NULL
R9 =0x00000033b93fa168 is pointing into the stack for thread: 0x000001c9f64c3530
R10=0x00007ffe3f99ab30 jvm.dll
R11=0x00000033b93fa058 is pointing into the stack for thread: 0x000001c9f64c3530
R12=0x000001c9f39eec30 points into unknown readable memory: 0x000001c9f66e6340 | 40 63 6e f6 c9 01 00 00
R13=0x000001c9f39eeca0 points into unknown readable memory: 0x000001c9f4407b10 | 10 7b 40 f4 c9 01 00 00
R14=0x0 is NULL
R15=0x00000033b93fa168 is pointing into the stack for thread: 0x000001c9f64c3530


Registers:
RAX=0x0000000000000000, RBX=0x000001c9f64c3530, RCX=0xaab1bc090b530000, RDX=0x000001c9f6880148
RSP=0x00000033b93fa060, RBP=0x000001c9f64c3858, RSI=0x0000000000000000, RDI=0x000001c9f6880148
R8 =0x0000000000000000, R9 =0x00000033b93fa168, R10=0x00007ffe3f99ab30, R11=0x00000033b93fa058
R12=0x000001c9f39eec30, R13=0x000001c9f39eeca0, R14=0x0000000000000000, R15=0x00000033b93fa168
RIP=0x00007ffe3f99abec, EFLAGS=0x0000000000010206

Top of Stack: (sp=0x00000033b93fa060)
0x00000033b93fa060:   000001c9f64c3530 0000000000000000
0x00000033b93fa070:   000001c9f39eeca0 000001c9f39eec30
0x00000033b93fa080:   000001c9f8a0e370 00007ffe7fb3fb91
0x00000033b93fa090:   000001c9f39eec30 000001c9d0500000
0x00000033b93fa0a0:   000001c9f64c3858 0000000000000000
0x00000033b93fa0b0:   000001c9f64c3530 000001c9f6a6dd30
0x00000033b93fa0c0:   0000000000000493 00007ffe3fe8aaa0
0x00000033b93fa0d0:   000001c9f8a0e370 00000033b93fa1b0
0x00000033b93fa0e0:   000001c900000493 00007ffe3fe8aaa0
0x00000033b93fa0f0:   0000000000000000 00007ffe3a2bcbff
0x00000033b93fa100:   000001c9f64c3858 0000000000000000
0x00000033b93fa110:   000001c9f5339898 00007ffe38797ce0
0x00000033b93fa120:   000001c9f53398b8 00000033b93fa250
0x00000033b93fa130:   000001c9f53398b0 000001c9f53398b0
0x00000033b93fa140:   00000033b93fa250 00007ffe388de0c0
0x00000033b93fa150:   000001c9f492e800 000001c9f4407b40 

Instructions: (pc=0x00007ffe3f99abec)
0x00007ffe3f99aaec:   e9 03 f6 c1 01 74 08 48 8b cb e8 95 21 2e 00 4c
0x00007ffe3f99aafc:   8d 9c 24 a0 00 00 00 c7 83 98 03 00 00 04 00 00
0x00007ffe3f99ab0c:   00 49 8b 5b 20 0f b7 c6 49 8b 6b 28 49 8b 73 30
0x00007ffe3f99ab1c:   49 8b e3 41 5f 41 5e 5f c3 cc cc cc cc cc cc cc
0x00007ffe3f99ab2c:   cc cc cc cc 48 89 5c 24 08 48 89 6c 24 10 48 89
0x00007ffe3f99ab3c:   74 24 18 57 41 56 41 57 48 81 ec a0 00 00 00 8b
0x00007ffe3f99ab4c:   81 88 00 00 00 48 8d 99 d8 fc ff ff 05 55 21 ff
0x00007ffe3f99ab5c:   ff 33 f6 4d 8b f9 4d 8b f0 48 8b fa 48 8b e9 83
0x00007ffe3f99ab6c:   f8 01 76 0a 48 8b cb e8 08 2b 39 00 8b de c7 83
0x00007ffe3f99ab7c:   98 03 00 00 05 00 00 00 e8 a7 1e 27 00 48 8b 03
0x00007ffe3f99ab8c:   48 8b cb ff 50 38 84 c0 74 0e 48 8b 83 10 01 00
0x00007ffe3f99ab9c:   00 c0 e8 03 24 01 eb 0b 8b 05 66 1b 6f 00 85 c0
0x00007ffe3f99abac:   0f 95 c0 84 c0 75 0d 8b 83 e0 00 00 00 a9 04 00
0x00007ffe3f99abbc:   00 20 74 08 48 8b cb e8 38 31 39 00 c7 83 98 03
0x00007ffe3f99abcc:   00 00 06 00 00 00 48 89 5c 24 50 48 89 74 24 58
0x00007ffe3f99abdc:   48 39 73 08 74 0a 48 8d 4c 24 50 e8 04 bd 2a 00
0x00007ffe3f99abec:   49 8b 16 48 8d 4c 24 70 c7 44 24 40 0c 00 00 00
0x00007ffe3f99abfc:   e8 cf c7 00 00 4c 89 bc 24 98 00 00 00 48 8d 05
0x00007ffe3f99ac0c:   18 ff 4e 00 48 89 44 24 70 40 f6 c7 01 74 0c 48
0x00007ffe3f99ac1c:   8d 4f ff ff 15 83 0b 65 00 eb 09 48 8b cf ff 15
0x00007ffe3f99ac2c:   d8 93 64 00 8b 15 6a 94 6d 00 48 8b c8 e8 d2 c8
0x00007ffe3f99ac3c:   26 00 48 8b d3 48 8b c8 4c 8b 00 41 ff 90 b0 00
0x00007ffe3f99ac4c:   00 00 48 39 73 08 75 32 48 8d 44 24 70 48 89 5c
0x00007ffe3f99ac5c:   24 30 48 89 44 24 28 48 8d 54 24 40 45 33 c9 4c
0x00007ffe3f99ac6c:   89 74 24 20 45 33 c0 48 8b cd e8 25 dc 00 00 48
0x00007ffe3f99ac7c:   39 73 08 75 05 48 8b 74 24 48 48 83 7c 24 58 00
0x00007ffe3f99ac8c:   74 0a 48 8d 4c 24 50 e8 f8 bc 2a 00 48 8b bb f8
0x00007ffe3f99ac9c:   00 00 00 48 8b 4f 10 48 83 39 00 74 0c 48 8b cf
0x00007ffe3f99acac:   e8 bf 98 f6 ff 48 8b 4f 10 48 8b 47 08 48 89 48
0x00007ffe3f99acbc:   10 48 8b 4f 08 48 8b 47 18 48 89 41 18 48 8b 4f
0x00007ffe3f99accc:   08 48 8b 47 20 48 89 41 20 c7 83 98 03 00 00 07
0x00007ffe3f99acdc:   00 00 00 e8 4c 1d 27 00 48 8b 8b 10 01 00 00 c0 


Stack slot to memory mapping:
stack at sp + 0 slots: 0x000001c9f64c3530 is a thread
stack at sp + 1 slots: 0x0 is NULL
stack at sp + 2 slots: 0x000001c9f39eeca0 points into unknown readable memory: 0x000001c9f4407b10 | 10 7b 40 f4 c9 01 00 00
stack at sp + 3 slots: 0x000001c9f39eec30 points into unknown readable memory: 0x000001c9f66e6340 | 40 63 6e f6 c9 01 00 00
stack at sp + 4 slots: 0x000001c9f8a0e370 points into unknown readable memory: 0x0070007400740068 | 68 00 74 00 74 00 70 00
stack at sp + 5 slots: 0x00007ffe7fb3fb91 ntdll.dll
stack at sp + 6 slots: 0x000001c9f39eec30 points into unknown readable memory: 0x000001c9f66e6340 | 40 63 6e f6 c9 01 00 00
stack at sp + 7 slots: 0x000001c9d0500000 points into unknown readable memory: 0x0000000000000000 | 00 00 00 00 00 00 00 00


---------------  P R O C E S S  ---------------

Threads class SMR info:
_java_thread_list=0x000001c9f64f4d10, length=24, elements={
0x000001c9f2fbd830, 0x000001c9f2fbe400, 0x000001c9f2fd08f0, 0x000001c9f2fd33b0,
0x000001c9f2fd5e70, 0x000001c9f2fd9c70, 0x000001c9f2fdbfc0, 0x000001c9f38f8810,
0x000001c9f3c22960, 0x000001c9f3c358e0, 0x000001c9f46cefe0, 0x000001c9f46cf4b0,
0x000001c9f44ee1d0, 0x000001c9f4a13610, 0x000001c9f47fe2e0, 0x000001c9d276c880,
0x000001c9f4d626c0, 0x000001c9f6501970, 0x000001c9f64c56e0, 0x000001c9f64c3060,
0x000001c9f64c3530, 0x000001c9f64c43a0, 0x000001c9f64c3a00, 0x000001c9f64c4d40
}

Java Threads: ( => current thread )
  0x000001c9f2fbd830 JavaThread "Reference Handler" daemon [_thread_blocked, id=8304, stack(0x00000033b6e00000,0x00000033b6f00000)]
  0x000001c9f2fbe400 JavaThread "Finalizer" daemon [_thread_blocked, id=8340, stack(0x00000033b6f00000,0x00000033b7000000)]
  0x000001c9f2fd08f0 JavaThread "Signal Dispatcher" daemon [_thread_blocked, id=1048, stack(0x00000033b7000000,0x00000033b7100000)]
  0x000001c9f2fd33b0 JavaThread "Attach Listener" daemon [_thread_blocked, id=4408, stack(0x00000033b7100000,0x00000033b7200000)]
  0x000001c9f2fd5e70 JavaThread "Service Thread" daemon [_thread_blocked, id=5828, stack(0x00000033b7200000,0x00000033b7300000)]
  0x000001c9f2fd9c70 JavaThread "C2 CompilerThread0" daemon [_thread_blocked, id=3228, stack(0x00000033b7300000,0x00000033b7400000)]
  0x000001c9f2fdbfc0 JavaThread "C1 CompilerThread0" daemon [_thread_blocked, id=3852, stack(0x00000033b7400000,0x00000033b7500000)]
  0x000001c9f38f8810 JavaThread "Sweeper thread" daemon [_thread_blocked, id=332, stack(0x00000033b7500000,0x00000033b7600000)]
  0x000001c9f3c22960 JavaThread "Notification Thread" daemon [_thread_blocked, id=112, stack(0x00000033b7600000,0x00000033b7700000)]
  0x000001c9f3c358e0 JavaThread "Common-Cleaner" daemon [_thread_blocked, id=6112, stack(0x00000033b7800000,0x00000033b7900000)]
  0x000001c9f46cefe0 JavaThread "Java2D Disposer" daemon [_thread_blocked, id=6136, stack(0x00000033b7d00000,0x00000033b7e00000)]
  0x000001c9f46cf4b0 JavaThread "AWT-Shutdown" [_thread_blocked, id=7304, stack(0x00000033b7e00000,0x00000033b7f00000)]
  0x000001c9f44ee1d0 JavaThread "AWT-Windows" daemon [_thread_in_native, id=5840, stack(0x00000033b7f00000,0x00000033b8000000)]
  0x000001c9f4a13610 JavaThread "AWT-EventQueue-0" [_thread_blocked, id=7120, stack(0x00000033b8100000,0x00000033b8200000)]
  0x000001c9f47fe2e0 JavaThread "Swing-Shell" daemon [_thread_blocked, id=2360, stack(0x00000033b8200000,0x00000033b8300000)]
  0x000001c9d276c880 JavaThread "DestroyJavaVM" [_thread_blocked, id=5132, stack(0x00000033b6700000,0x00000033b6800000)]
  0x000001c9f4d626c0 JavaThread "Abandoned connection cleanup thread" daemon [_thread_blocked, id=3752, stack(0x00000033b8c00000,0x00000033b8d00000)]
  0x000001c9f6501970 JavaThread "TimerQueue" daemon [_thread_blocked, id=5208, stack(0x00000033b8d00000,0x00000033b8e00000)]
  0x000001c9f64c56e0 JavaThread "QuantumRenderer-0" daemon [_thread_blocked, id=8308, stack(0x00000033b9100000,0x00000033b9200000)]
  0x000001c9f64c3060 JavaThread "InvokeLaterDispatcher" daemon [_thread_blocked, id=5432, stack(0x00000033b9200000,0x00000033b9300000)]
=>0x000001c9f64c3530 JavaThread "JavaFX Application Thread" [_thread_in_vm, id=6032, stack(0x00000033b9300000,0x00000033b9400000)]
  0x000001c9f64c43a0 JavaThread "Thread-2" daemon [_thread_blocked, id=4464, stack(0x00000033b8000000,0x00000033b8100000)]
  0x000001c9f64c3a00 JavaThread "Prism Font Disposer" daemon [_thread_blocked, id=1816, stack(0x00000033b9000000,0x00000033b9100000)]
  0x000001c9f64c4d40 JavaThread "Disposer" daemon [_thread_blocked, id=4632, stack(0x00000033b9800000,0x00000033b9900000)]

Other Threads:
  0x000001c9f2fb4890 VMThread "VM Thread" [stack: 0x00000033b6d00000,0x00000033b6e00000] [id=1288] _threads_hazard_ptr=0x000001c9f64f4d10
  0x000001c9f2f9c020 WatcherThread [stack: 0x00000033b7700000,0x00000033b7800000] [id=1268]
  0x000001c9d27adb70 GCTaskThread "GC Thread#0" [stack: 0x00000033b6800000,0x00000033b6900000] [id=7568]
  0x000001c9f3c1f330 GCTaskThread "GC Thread#1" [stack: 0x00000033b7a00000,0x00000033b7b00000] [id=1724]
  0x000001c9f4046f50 GCTaskThread "GC Thread#2" [stack: 0x00000033b7b00000,0x00000033b7c00000] [id=2032]
  0x000001c9f40478e0 GCTaskThread "GC Thread#3" [stack: 0x00000033b7c00000,0x00000033b7d00000] [id=3604]
  0x000001c9d27bbcd0 ConcurrentGCThread "G1 Main Marker" [stack: 0x00000033b6900000,0x00000033b6a00000] [id=6232]
  0x000001c9d27bd8d0 ConcurrentGCThread "G1 Conc#0" [stack: 0x00000033b6a00000,0x00000033b6b00000] [id=5952]
  0x000001c9f2e300a0 ConcurrentGCThread "G1 Refine#0" [stack: 0x00000033b6b00000,0x00000033b6c00000] [id=808]
  0x000001c9f45f5010 ConcurrentGCThread "G1 Refine#1" [stack: 0x00000033b7900000,0x00000033b7a00000] [id=2936]
  0x000001c9f4f7b320 ConcurrentGCThread "G1 Refine#2" [stack: 0x00000033b8e00000,0x00000033b8f00000] [id=7276]
  0x000001c9f4f7a510 ConcurrentGCThread "G1 Refine#3" [stack: 0x00000033b8f00000,0x00000033b9000000] [id=2272]
  0x000001c9f2e31ac0 ConcurrentGCThread "G1 Young RemSet Sampling" [stack: 0x00000033b6c00000,0x00000033b6d00000] [id=1184]

Threads with active compile tasks:
C2 CompilerThread0  1522783 8297       4       java.lang.invoke.MethodType::makeImpl (108 bytes)

VM state: synchronizing (normal execution)

VM Mutex/Monitor currently owned by a thread:  ([mutex/lock_event])
[0x000001c9d276c720] Threads_lock - owner thread: 0x000001c9f2fb4890
[0x000001c9d276ab90] Heap_lock - owner thread: 0x000001c9f4a13610

Heap address: 0x0000000741800000, size: 3048 MB, Compressed Oops mode: Zero based, Oop shift amount: 3
CDS archive(s) mapped at: [0x0000000800000000-0x0000000800b50000-0x0000000800b50000), size 11862016, SharedBaseAddress: 0x0000000800000000, ArchiveRelocationMode: 0.
Compressed class space mapped at: 0x0000000800b50000-0x0000000840b50000, size: 1073741824
Narrow klass base: 0x0000000800000000, Narrow klass shift: 3, Narrow klass range: 0x100000000

GC Precious Log:
 CPUs: 4 total, 4 available
 Memory: 12188M
 Large Page Support: Disabled
 NUMA Support: Disabled
 Compressed Oops: Enabled (Zero based)
 Heap Region Size: 2M
 Heap Min Capacity: 8M
 Heap Initial Capacity: 192M
 Heap Max Capacity: 3048M
 Pre-touch: Disabled
 Parallel Workers: 4
 Concurrent Workers: 1
 Concurrent Refinement Workers: 4
 Periodic GC: Disabled

Heap:
 garbage-first heap   total 163840K, used 133209K [0x0000000741800000, 0x0000000800000000)
  region size 2048K, 21 young (43008K), 1 survivors (2048K)
 Metaspace       used 53025K, capacity 53399K, committed 53680K, reserved 1095680K
  class space    used 7202K, capacity 7332K, committed 7424K, reserved 1048576K

Heap Regions: E=young(eden), S=young(survivor), O=old, HS=humongous(starts), HC=humongous(continues), CS=collection set, F=free, OA=open archive, CA=closed archive, TAMS=top-at-mark-start (previous, next)
|   0|0x0000000741800000, 0x0000000741a00000, 0x0000000741a00000|100%| O|  |TAMS 0x0000000741a00000, 0x0000000741800000| Untracked 
|   1|0x0000000741a00000, 0x0000000741c00000, 0x0000000741c00000|100%| O|  |TAMS 0x0000000741c00000, 0x0000000741a00000| Untracked 
|   2|0x0000000741c00000, 0x0000000741e00000, 0x0000000741e00000|100%| O|  |TAMS 0x0000000741e00000, 0x0000000741c00000| Untracked 
|   3|0x0000000741e00000, 0x0000000742000000, 0x0000000742000000|100%| O|  |TAMS 0x0000000742000000, 0x0000000741e00000| Untracked 
|   4|0x0000000742000000, 0x0000000742200000, 0x0000000742200000|100%| O|  |TAMS 0x0000000742200000, 0x0000000742000000| Untracked 
|   5|0x0000000742200000, 0x0000000742400000, 0x0000000742400000|100%| O|  |TAMS 0x0000000742400000, 0x0000000742200000| Untracked 
|   6|0x0000000742400000, 0x0000000742600000, 0x0000000742600000|100%| O|  |TAMS 0x0000000742600000, 0x0000000742400000| Untracked 
|   7|0x0000000742600000, 0x00000007427f3000, 0x0000000742800000| 97%| O|  |TAMS 0x00000007427f3000, 0x0000000742600000| Untracked 
|   8|0x0000000742800000, 0x0000000742a00000, 0x0000000742a00000|100%| O|  |TAMS 0x0000000742a00000, 0x0000000742800000| Untracked 
|   9|0x0000000742a00000, 0x0000000742c00000, 0x0000000742c00000|100%| O|  |TAMS 0x0000000742c00000, 0x0000000742a00000| Untracked 
|  10|0x0000000742c00000, 0x0000000742e00000, 0x0000000742e00000|100%| O|  |TAMS 0x0000000742e00000, 0x0000000742c00000| Untracked 
|  11|0x0000000742e00000, 0x0000000743000000, 0x0000000743000000|100%| O|  |TAMS 0x0000000743000000, 0x0000000742e00000| Untracked 
|  12|0x0000000743000000, 0x0000000743200000, 0x0000000743200000|100%| O|  |TAMS 0x0000000743200000, 0x0000000743000000| Untracked 
|  13|0x0000000743200000, 0x0000000743400000, 0x0000000743400000|100%| O|  |TAMS 0x0000000743400000, 0x0000000743200000| Untracked 
|  14|0x0000000743400000, 0x0000000743600000, 0x0000000743600000|100%| O|  |TAMS 0x0000000743600000, 0x0000000743400000| Untracked 
|  15|0x0000000743600000, 0x0000000743800000, 0x0000000743800000|100%| O|  |TAMS 0x0000000743800000, 0x0000000743600000| Untracked 
|  16|0x0000000743800000, 0x0000000743a00000, 0x0000000743a00000|100%| O|  |TAMS 0x0000000743a00000, 0x0000000743800000| Untracked 
|  17|0x0000000743a00000, 0x0000000743c00000, 0x0000000743c00000|100%| O|  |TAMS 0x0000000743c00000, 0x0000000743a00000| Untracked 
|  18|0x0000000743c00000, 0x0000000743e00000, 0x0000000743e00000|100%| O|  |TAMS 0x0000000743e00000, 0x0000000743c00000| Untracked 
|  19|0x0000000743e00000, 0x0000000744000000, 0x0000000744000000|100%| O|  |TAMS 0x0000000744000000, 0x0000000743e00000| Untracked 
|  20|0x0000000744000000, 0x0000000744200000, 0x0000000744200000|100%| O|  |TAMS 0x0000000744200000, 0x0000000744000000| Untracked 
|  21|0x0000000744200000, 0x0000000744400000, 0x0000000744400000|100%| O|  |TAMS 0x0000000744400000, 0x0000000744200000| Untracked 
|  22|0x0000000744400000, 0x0000000744600000, 0x0000000744600000|100%| O|  |TAMS 0x0000000744600000, 0x0000000744400000| Untracked 
|  23|0x0000000744600000, 0x0000000744800000, 0x0000000744800000|100%| O|  |TAMS 0x0000000744800000, 0x0000000744600000| Untracked 
|  24|0x0000000744800000, 0x0000000744a00000, 0x0000000744a00000|100%| O|  |TAMS 0x0000000744a00000, 0x0000000744800000| Untracked 
|  25|0x0000000744a00000, 0x0000000744c00000, 0x0000000744c00000|100%| O|  |TAMS 0x0000000744c00000, 0x0000000744a00000| Untracked 
|  26|0x0000000744c00000, 0x0000000744e00000, 0x0000000744e00000|100%| O|  |TAMS 0x0000000744e00000, 0x0000000744c00000| Untracked 
|  27|0x0000000744e00000, 0x0000000745000000, 0x0000000745000000|100%|HS|  |TAMS 0x0000000745000000, 0x0000000744e00000| Complete 
|  28|0x0000000745000000, 0x0000000745200000, 0x0000000745200000|100%|HC|  |TAMS 0x0000000745200000, 0x0000000745000000| Complete 
|  29|0x0000000745200000, 0x0000000745400000, 0x0000000745400000|100%|HC|  |TAMS 0x0000000745400000, 0x0000000745200000| Complete 
|  30|0x0000000745400000, 0x0000000745600000, 0x0000000745600000|100%|HC|  |TAMS 0x0000000745600000, 0x0000000745400000| Complete 
|  31|0x0000000745600000, 0x0000000745800000, 0x0000000745800000|100%|HC|  |TAMS 0x0000000745800000, 0x0000000745600000| Complete 
|  32|0x0000000745800000, 0x0000000745a00000, 0x0000000745a00000|100%| O|  |TAMS 0x0000000745a00000, 0x0000000745800000| Untracked 
|  33|0x0000000745a00000, 0x0000000745c00000, 0x0000000745c00000|100%| O|  |TAMS 0x0000000745c00000, 0x0000000745a00000| Untracked 
|  34|0x0000000745c00000, 0x0000000745e00000, 0x0000000745e00000|100%| O|  |TAMS 0x0000000745e00000, 0x0000000745c00000| Untracked 
|  35|0x0000000745e00000, 0x0000000746000000, 0x0000000746000000|100%| O|  |TAMS 0x0000000746000000, 0x0000000745e00000| Untracked 
|  36|0x0000000746000000, 0x0000000746200000, 0x0000000746200000|100%| O|  |TAMS 0x0000000746200000, 0x0000000746000000| Untracked 
|  37|0x0000000746200000, 0x0000000746400000, 0x0000000746400000|100%| O|  |TAMS 0x0000000746400000, 0x0000000746200000| Untracked 
|  38|0x0000000746400000, 0x0000000746600000, 0x0000000746600000|100%| O|  |TAMS 0x0000000746600000, 0x0000000746400000| Untracked 
|  39|0x0000000746600000, 0x0000000746800000, 0x0000000746800000|100%|HS|  |TAMS 0x0000000746800000, 0x0000000746600000| Complete 
|  40|0x0000000746800000, 0x0000000746a00000, 0x0000000746a00000|100%|HC|  |TAMS 0x0000000746a00000, 0x0000000746800000| Complete 
|  41|0x0000000746a00000, 0x0000000746c00000, 0x0000000746c00000|100%| O|  |TAMS 0x0000000746c00000, 0x0000000746a00000| Untracked 
|  42|0x0000000746c00000, 0x0000000746e00000, 0x0000000746e00000|100%| O|  |TAMS 0x0000000746e00000, 0x0000000746c00000| Untracked 
|  43|0x0000000746e00000, 0x0000000747000000, 0x0000000747000000|100%| O|  |TAMS 0x0000000747000000, 0x0000000746e00000| Untracked 
|  44|0x0000000747000000, 0x0000000747200000, 0x0000000747200000|100%| O|  |TAMS 0x0000000747200000, 0x0000000747000000| Untracked 
|  45|0x0000000747200000, 0x00000007472fc600, 0x0000000747400000| 49%| O|  |TAMS 0x00000007472fc600, 0x0000000747200000| Untracked 
|  46|0x0000000747400000, 0x0000000747400000, 0x0000000747600000|  0%| F|  |TAMS 0x0000000747400000, 0x0000000747400000| Untracked 
|  47|0x0000000747600000, 0x0000000747600000, 0x0000000747800000|  0%| F|  |TAMS 0x0000000747600000, 0x0000000747600000| Untracked 
|  48|0x0000000747800000, 0x0000000747800000, 0x0000000747a00000|  0%| F|  |TAMS 0x0000000747800000, 0x0000000747800000| Untracked 
|  49|0x0000000747a00000, 0x0000000747a00000, 0x0000000747c00000|  0%| F|  |TAMS 0x0000000747a00000, 0x0000000747a00000| Untracked 
|  50|0x0000000747c00000, 0x0000000747c00000, 0x0000000747e00000|  0%| F|  |TAMS 0x0000000747c00000, 0x0000000747c00000| Untracked 
|  51|0x0000000747e00000, 0x0000000747e00000, 0x0000000748000000|  0%| F|  |TAMS 0x0000000747e00000, 0x0000000747e00000| Untracked 
|  52|0x0000000748000000, 0x0000000748000000, 0x0000000748200000|  0%| F|  |TAMS 0x0000000748000000, 0x0000000748000000| Untracked 
|  53|0x0000000748200000, 0x0000000748200000, 0x0000000748400000|  0%| F|  |TAMS 0x0000000748200000, 0x0000000748200000| Untracked 
|  54|0x0000000748400000, 0x0000000748400000, 0x0000000748600000|  0%| F|  |TAMS 0x0000000748400000, 0x0000000748400000| Untracked 
|  55|0x0000000748600000, 0x0000000748727110, 0x0000000748800000| 57%| S|CS|TAMS 0x0000000748600000, 0x0000000748600000| Complete 
|  56|0x0000000748800000, 0x0000000748800000, 0x0000000748a00000|  0%| F|  |TAMS 0x0000000748800000, 0x0000000748800000| Untracked 
|  57|0x0000000748a00000, 0x0000000748a00000, 0x0000000748c00000|  0%| F|  |TAMS 0x0000000748a00000, 0x0000000748a00000| Untracked 
|  58|0x0000000748c00000, 0x0000000748c00000, 0x0000000748e00000|  0%| F|  |TAMS 0x0000000748c00000, 0x0000000748c00000| Untracked 
|  59|0x0000000748e00000, 0x0000000748e00000, 0x0000000749000000|  0%| F|  |TAMS 0x0000000748e00000, 0x0000000748e00000| Untracked 
|  60|0x0000000749000000, 0x0000000749043d80, 0x0000000749200000| 13%| E|  |TAMS 0x0000000749000000, 0x0000000749000000| Complete 
|  61|0x0000000749200000, 0x0000000749400000, 0x0000000749400000|100%| E|CS|TAMS 0x0000000749200000, 0x0000000749200000| Complete 
|  62|0x0000000749400000, 0x0000000749600000, 0x0000000749600000|100%| E|CS|TAMS 0x0000000749400000, 0x0000000749400000| Complete 
|  63|0x0000000749600000, 0x0000000749800000, 0x0000000749800000|100%| E|CS|TAMS 0x0000000749600000, 0x0000000749600000| Complete 
|  64|0x0000000749800000, 0x0000000749a00000, 0x0000000749a00000|100%| E|CS|TAMS 0x0000000749800000, 0x0000000749800000| Complete 
|  65|0x0000000749a00000, 0x0000000749c00000, 0x0000000749c00000|100%| E|CS|TAMS 0x0000000749a00000, 0x0000000749a00000| Complete 
|  66|0x0000000749c00000, 0x0000000749e00000, 0x0000000749e00000|100%| E|CS|TAMS 0x0000000749c00000, 0x0000000749c00000| Complete 
|  67|0x0000000749e00000, 0x000000074a000000, 0x000000074a000000|100%| E|CS|TAMS 0x0000000749e00000, 0x0000000749e00000| Complete 
|  68|0x000000074a000000, 0x000000074a200000, 0x000000074a200000|100%| E|CS|TAMS 0x000000074a000000, 0x000000074a000000| Complete 
|  69|0x000000074a200000, 0x000000074a400000, 0x000000074a400000|100%| E|CS|TAMS 0x000000074a200000, 0x000000074a200000| Complete 
|  70|0x000000074a400000, 0x000000074a600000, 0x000000074a600000|100%| E|CS|TAMS 0x000000074a400000, 0x000000074a400000| Complete 
|  71|0x000000074a600000, 0x000000074a800000, 0x000000074a800000|100%| E|CS|TAMS 0x000000074a600000, 0x000000074a600000| Complete 
|  72|0x000000074a800000, 0x000000074aa00000, 0x000000074aa00000|100%| E|CS|TAMS 0x000000074a800000, 0x000000074a800000| Complete 
|  73|0x000000074aa00000, 0x000000074ac00000, 0x000000074ac00000|100%| E|CS|TAMS 0x000000074aa00000, 0x000000074aa00000| Complete 
|  74|0x000000074ac00000, 0x000000074ae00000, 0x000000074ae00000|100%| E|CS|TAMS 0x000000074ac00000, 0x000000074ac00000| Complete 
|  75|0x000000074ae00000, 0x000000074b000000, 0x000000074b000000|100%| E|CS|TAMS 0x000000074ae00000, 0x000000074ae00000| Complete 
|  76|0x000000074b000000, 0x000000074b200000, 0x000000074b200000|100%| E|CS|TAMS 0x000000074b000000, 0x000000074b000000| Complete 
|  89|0x000000074ca00000, 0x000000074cc00000, 0x000000074cc00000|100%| E|CS|TAMS 0x000000074ca00000, 0x000000074ca00000| Complete 
|  90|0x000000074cc00000, 0x000000074ce00000, 0x000000074ce00000|100%| E|CS|TAMS 0x000000074cc00000, 0x000000074cc00000| Complete 
| 115|0x000000074fe00000, 0x0000000750000000, 0x0000000750000000|100%| E|CS|TAMS 0x000000074fe00000, 0x000000074fe00000| Complete 

Card table byte_map: [0x000001c9e9f80000,0x000001c9ea580000] _byte_map_base: 0x000001c9e6574000

Marking Bits (Prev, Next): (CMBitMap*) 0x000001c9d27af430, (CMBitMap*) 0x000001c9d27af3f0
 Prev Bits: [0x000001c9edb20000, 0x000001c9f0ac0000)
 Next Bits: [0x000001c9eab80000, 0x000001c9edb20000)

Polling page: 0x000001c9d0720000

Metaspace:

Usage:
  Non-class:     44.99 MB capacity,    44.75 MB (>99%) used,   178.84 KB ( <1%) free+waste,    65.75 KB ( <1%) overhead. 
      Class:      7.16 MB capacity,     7.03 MB ( 98%) used,   104.46 KB (  1%) free+waste,    24.75 KB ( <1%) overhead. 
       Both:     52.15 MB capacity,    51.78 MB (>99%) used,   283.30 KB ( <1%) free+waste,    90.50 KB ( <1%) overhead. 

Virtual space:
  Non-class space:       46.00 MB reserved,      45.17 MB ( 98%) committed 
      Class space:        1.00 GB reserved,       7.25 MB ( <1%) committed 
             Both:        1.04 GB reserved,      52.42 MB (  5%) committed 

Chunk freelists:
   Non-Class:  189.00 KB
       Class:  0 bytes
        Both:  189.00 KB

MaxMetaspaceSize: 17179869184.00 GB
CompressedClassSpaceSize: 1.00 GB

CodeHeap 'non-profiled nmethods': size=120000Kb used=6325Kb max_used=6325Kb free=113674Kb
 bounds [0x000001c9e2450000, 0x000001c9e2a80000, 0x000001c9e9980000]
CodeHeap 'profiled nmethods': size=120000Kb used=13228Kb max_used=13244Kb free=106771Kb
 bounds [0x000001c9daf20000, 0x000001c9dbc10000, 0x000001c9e2450000]
CodeHeap 'non-nmethods': size=5760Kb used=1635Kb max_used=1692Kb free=4124Kb
 bounds [0x000001c9da980000, 0x000001c9dabf0000, 0x000001c9daf20000]
 total_blobs=7950 nmethods=6939 adapters=918
 compilation: enabled
              stopped_count=0, restarted_count=0
 full_count=0

Compilation events (20 events):
Event: 1522.682 Thread 0x000001c9f2fdbfc0 8281       1       javafx.geometry.Insets::getRight (5 bytes)
Event: 1522.682 Thread 0x000001c9f2fdbfc0 nmethod 8281 0x000001c9e2a7b610 code [0x000001c9e2a7b7a0, 0x000001c9e2a7b858]
Event: 1522.682 Thread 0x000001c9f2fdbfc0 8282       1       javafx.geometry.Insets::getBottom (5 bytes)
Event: 1522.683 Thread 0x000001c9f2fdbfc0 nmethod 8282 0x000001c9e2a7b910 code [0x000001c9e2a7baa0, 0x000001c9e2a7bb58]
Event: 1522.683 Thread 0x000001c9f2fdbfc0 8283       1       javafx.geometry.Insets::getLeft (5 bytes)
Event: 1522.683 Thread 0x000001c9f2fdbfc0 nmethod 8283 0x000001c9e2a7bc10 code [0x000001c9e2a7bda0, 0x000001c9e2a7be58]
Event: 1522.683 Thread 0x000001c9f2fdbfc0 8289       1       com.sun.javafx.css.CalculatedValue::getValue (5 bytes)
Event: 1522.683 Thread 0x000001c9f2fdbfc0 nmethod 8289 0x000001c9e2a7bf10 code [0x000001c9e2a7c0a0, 0x000001c9e2a7c158]
Event: 1522.683 Thread 0x000001c9f2fdbfc0 8290       1       javafx.scene.text.Font::getSize (5 bytes)
Event: 1522.683 Thread 0x000001c9f2fdbfc0 nmethod 8290 0x000001c9e2a7c210 code [0x000001c9e2a7c3a0, 0x000001c9e2a7c458]
Event: 1522.683 Thread 0x000001c9f2fdbfc0 8293       1       javafx.scene.paint.Stop::getColor (5 bytes)
Event: 1522.683 Thread 0x000001c9f2fdbfc0 nmethod 8293 0x000001c9e2a7c510 code [0x000001c9e2a7c6a0, 0x000001c9e2a7c758]
Event: 1522.683 Thread 0x000001c9f2fd9c70 nmethod 8292 0x000001c9e2a7c810 code [0x000001c9e2a7c9a0, 0x000001c9e2a7ca78]
Event: 1522.683 Thread 0x000001c9f2fd9c70 8291       4       java.util.HashMap::isEmpty (13 bytes)
Event: 1522.683 Thread 0x000001c9f2fd9c70 nmethod 8291 0x000001c9e2a7cb90 code [0x000001c9e2a7cd00, 0x000001c9e2a7cd78]
Event: 1522.688 Thread 0x000001c9f2fdbfc0 8295       3       java.lang.invoke.LambdaForm::methodType (48 bytes)
Event: 1522.688 Thread 0x000001c9f2fdbfc0 nmethod 8295 0x000001c9db919810 code [0x000001c9db919a00, 0x000001c9db91a018]
Event: 1522.688 Thread 0x000001c9f2fdbfc0 8296       3       jdk.internal.org.objectweb.asm.MethodWriter::visitFrameEnd (53 bytes)
Event: 1522.688 Thread 0x000001c9f2fdbfc0 nmethod 8296 0x000001c9db919010 code [0x000001c9db9191e0, 0x000001c9db9196e8]
Event: 1522.689 Thread 0x000001c9f2fd9c70 8297       4       java.lang.invoke.MethodType::makeImpl (108 bytes)

GC Heap History (20 events):
Event: 31.496 GC heap before
{Heap before GC invocations=23 (full 0):
 garbage-first heap   total 151552K, used 109908K [0x0000000741800000, 0x0000000800000000)
  region size 2048K, 14 young (28672K), 2 survivors (4096K)
 Metaspace       used 44150K, capacity 44446K, committed 44848K, reserved 1087488K
  class space    used 5880K, capacity 5980K, committed 6016K, reserved 1048576K
}
Event: 31.504 GC heap after
{Heap after GC invocations=24 (full 0):
 garbage-first heap   total 151552K, used 89239K [0x0000000741800000, 0x0000000800000000)
  region size 2048K, 2 young (4096K), 2 survivors (4096K)
 Metaspace       used 44150K, capacity 44446K, committed 44848K, reserved 1087488K
  class space    used 5880K, capacity 5980K, committed 6016K, reserved 1048576K
}
Event: 33.112 GC heap before
{Heap before GC invocations=24 (full 0):
 garbage-first heap   total 151552K, used 113815K [0x0000000741800000, 0x0000000800000000)
  region size 2048K, 15 young (30720K), 2 survivors (4096K)
 Metaspace       used 50646K, capacity 51019K, committed 51376K, reserved 1093632K
  class space    used 6972K, capacity 7097K, committed 7168K, reserved 1048576K
}
Event: 33.123 GC heap after
{Heap after GC invocations=25 (full 0):
 garbage-first heap   total 151552K, used 93101K [0x0000000741800000, 0x0000000800000000)
  region size 2048K, 2 young (4096K), 2 survivors (4096K)
 Metaspace       used 50646K, capacity 51019K, committed 51376K, reserved 1093632K
  class space    used 6972K, capacity 7097K, committed 7168K, reserved 1048576K
}
Event: 103.454 GC heap before
{Heap before GC invocations=26 (full 0):
 garbage-first heap   total 161792K, used 117677K [0x0000000741800000, 0x0000000800000000)
  region size 2048K, 14 young (28672K), 2 survivors (4096K)
 Metaspace       used 51635K, capacity 52044K, committed 52528K, reserved 1095680K
  class space    used 7074K, capacity 7225K, committed 7296K, reserved 1048576K
}
Event: 103.460 GC heap after
{Heap after GC invocations=27 (full 0):
 garbage-first heap   total 161792K, used 94562K [0x0000000741800000, 0x0000000800000000)
  region size 2048K, 1 young (2048K), 1 survivors (2048K)
 Metaspace       used 51635K, capacity 52044K, committed 52528K, reserved 1095680K
  class space    used 7074K, capacity 7225K, committed 7296K, reserved 1048576K
}
Event: 273.589 GC heap before
{Heap before GC invocations=27 (full 0):
 garbage-first heap   total 161792K, used 127330K [0x0000000741800000, 0x0000000800000000)
  region size 2048K, 17 young (34816K), 1 survivors (2048K)
 Metaspace       used 51635K, capacity 52044K, committed 52528K, reserved 1095680K
  class space    used 7074K, capacity 7225K, committed 7296K, reserved 1048576K
}
Event: 273.592 GC heap after
{Heap after GC invocations=28 (full 0):
 garbage-first heap   total 161792K, used 94287K [0x0000000741800000, 0x0000000800000000)
  region size 2048K, 1 young (2048K), 1 survivors (2048K)
 Metaspace       used 51635K, capacity 52044K, committed 52528K, reserved 1095680K
  class space    used 7074K, capacity 7225K, committed 7296K, reserved 1048576K
}
Event: 453.537 GC heap before
{Heap before GC invocations=29 (full 0):
 garbage-first heap   total 163840K, used 129103K [0x0000000741800000, 0x0000000800000000)
  region size 2048K, 18 young (36864K), 1 survivors (2048K)
 Metaspace       used 51659K, capacity 52108K, committed 52528K, reserved 1095680K
  class space    used 7074K, capacity 7225K, committed 7296K, reserved 1048576K
}
Event: 453.540 GC heap after
{Heap after GC invocations=30 (full 0):
 garbage-first heap   total 163840K, used 94251K [0x0000000741800000, 0x0000000800000000)
  region size 2048K, 1 young (2048K), 1 survivors (2048K)
 Metaspace       used 51659K, capacity 52108K, committed 52528K, reserved 1095680K
  class space    used 7074K, capacity 7225K, committed 7296K, reserved 1048576K
}
Event: 656.659 GC heap before
{Heap before GC invocations=30 (full 0):
 garbage-first heap   total 163840K, used 133163K [0x0000000741800000, 0x0000000800000000)
  region size 2048K, 20 young (40960K), 1 survivors (2048K)
 Metaspace       used 51659K, capacity 52108K, committed 52528K, reserved 1095680K
  class space    used 7074K, capacity 7225K, committed 7296K, reserved 1048576K
}
Event: 656.661 GC heap after
{Heap after GC invocations=31 (full 0):
 garbage-first heap   total 163840K, used 94233K [0x0000000741800000, 0x0000000800000000)
  region size 2048K, 1 young (2048K), 1 survivors (2048K)
 Metaspace       used 51659K, capacity 52108K, committed 52528K, reserved 1095680K
  class space    used 7074K, capacity 7225K, committed 7296K, reserved 1048576K
}
Event: 870.476 GC heap before
{Heap before GC invocations=32 (full 0):
 garbage-first heap   total 163840K, used 135193K [0x0000000741800000, 0x0000000800000000)
  region size 2048K, 21 young (43008K), 1 survivors (2048K)
 Metaspace       used 51659K, capacity 52108K, committed 52528K, reserved 1095680K
  class space    used 7074K, capacity 7225K, committed 7296K, reserved 1048576K
}
Event: 870.479 GC heap after
{Heap after GC invocations=33 (full 0):
 garbage-first heap   total 163840K, used 94216K [0x0000000741800000, 0x0000000800000000)
  region size 2048K, 1 young (2048K), 1 survivors (2048K)
 Metaspace       used 51659K, capacity 52108K, committed 52528K, reserved 1095680K
  class space    used 7074K, capacity 7225K, committed 7296K, reserved 1048576K
}
Event: 1025.372 GC heap before
{Heap before GC invocations=33 (full 0):
 garbage-first heap   total 163840K, used 137224K [0x0000000741800000, 0x0000000800000000)
  region size 2048K, 22 young (45056K), 1 survivors (2048K)
 Metaspace       used 51895K, capacity 52300K, committed 52784K, reserved 1095680K
  class space    used 7075K, capacity 7225K, committed 7296K, reserved 1048576K
}
Event: 1025.376 GC heap after
{Heap after GC invocations=34 (full 0):
 garbage-first heap   total 163840K, used 94294K [0x0000000741800000, 0x0000000800000000)
  region size 2048K, 1 young (2048K), 1 survivors (2048K)
 Metaspace       used 51895K, capacity 52300K, committed 52784K, reserved 1095680K
  class space    used 7075K, capacity 7225K, committed 7296K, reserved 1048576K
}
Event: 1168.314 GC heap before
{Heap before GC invocations=35 (full 0):
 garbage-first heap   total 163840K, used 139350K [0x0000000741800000, 0x0000000800000000)
  region size 2048K, 23 young (47104K), 1 survivors (2048K)
 Metaspace       used 51990K, capacity 52374K, committed 52784K, reserved 1095680K
  class space    used 7075K, capacity 7226K, committed 7296K, reserved 1048576K
}
Event: 1168.318 GC heap after
{Heap after GC invocations=36 (full 0):
 garbage-first heap   total 163840K, used 94308K [0x0000000741800000, 0x0000000800000000)
  region size 2048K, 1 young (2048K), 1 survivors (2048K)
 Metaspace       used 51990K, capacity 52374K, committed 52784K, reserved 1095680K
  class space    used 7075K, capacity 7226K, committed 7296K, reserved 1048576K
}
Event: 1411.935 GC heap before
{Heap before GC invocations=36 (full 0):
 garbage-first heap   total 163840K, used 141412K [0x0000000741800000, 0x0000000800000000)
  region size 2048K, 24 young (49152K), 1 survivors (2048K)
 Metaspace       used 51993K, capacity 52374K, committed 52784K, reserved 1095680K
  class space    used 7075K, capacity 7226K, committed 7296K, reserved 1048576K
}
Event: 1411.938 GC heap after
{Heap after GC invocations=37 (full 0):
 garbage-first heap   total 163840K, used 94297K [0x0000000741800000, 0x0000000800000000)
  region size 2048K, 1 young (2048K), 1 survivors (2048K)
 Metaspace       used 51993K, capacity 52374K, committed 52784K, reserved 1095680K
  class space    used 7075K, capacity 7226K, committed 7296K, reserved 1048576K
}

Deoptimization events (20 events):
Event: 1522.685 Thread 0x000001c9f64c3530 Uncommon trap: trap_request=0xffffff45 fr.pc=0x000001c9e2674838 relative=0x0000000000000b58
Event: 1522.685 Thread 0x000001c9f64c3530 Uncommon trap: reason=unstable_if action=reinterpret pc=0x000001c9e2674838 method=java.net.URL.set(Ljava/lang/String;Ljava/lang/String;ILjava/lang/String;Ljava/lang/String;Ljava/lang/String;Ljava/lang/String;Ljava/lang/String;)V @ 23 c2
Event: 1522.685 Thread 0x000001c9f64c3530 DEOPT PACKING pc=0x000001c9e2674838 sp=0x00000033b93fe2b0
Event: 1522.685 Thread 0x000001c9f64c3530 DEOPT UNPACKING pc=0x000001c9da9ce42f sp=0x00000033b93fe1e0 mode 2
Event: 1522.690 Thread 0x000001c9f64c3530 Uncommon trap: trap_request=0xffffff45 fr.pc=0x000001c9e267390c relative=0x000000000000080c
Event: 1522.690 Thread 0x000001c9f64c3530 Uncommon trap: reason=unstable_if action=reinterpret pc=0x000001c9e267390c method=java.net.URL.set(Ljava/lang/String;Ljava/lang/String;ILjava/lang/String;Ljava/lang/String;Ljava/lang/String;Ljava/lang/String;Ljava/lang/String;)V @ 23 c2
Event: 1522.690 Thread 0x000001c9f64c3530 DEOPT PACKING pc=0x000001c9e267390c sp=0x00000033b93fb770
Event: 1522.690 Thread 0x000001c9f64c3530 DEOPT UNPACKING pc=0x000001c9da9ce42f sp=0x00000033b93fb738 mode 2
Event: 1522.691 Thread 0x000001c9f4a13610 Uncommon trap: trap_request=0xffffffde fr.pc=0x000001c9e2941364 relative=0x00000000000005e4
Event: 1522.691 Thread 0x000001c9f4a13610 Uncommon trap: reason=class_check action=maybe_recompile pc=0x000001c9e2941364 method=java.awt.EventDispatchThread.filterAndCheckEvent(Ljava/awt/AWTEvent;)Z @ 34 c2
Event: 1522.691 Thread 0x000001c9f4a13610 DEOPT PACKING pc=0x000001c9e2941364 sp=0x00000033b81fdef0
Event: 1522.691 Thread 0x000001c9f4a13610 DEOPT UNPACKING pc=0x000001c9da9ce42f sp=0x00000033b81fde10 mode 2
Event: 1522.691 Thread 0x000001c9f4a13610 Uncommon trap: trap_request=0xffffffde fr.pc=0x000001c9e2917138 relative=0x0000000000000318
Event: 1522.691 Thread 0x000001c9f4a13610 Uncommon trap: reason=class_check action=maybe_recompile pc=0x000001c9e2917138 method=java.awt.EventDispatchThread.filterAndCheckEvent(Ljava/awt/AWTEvent;)Z @ 34 c2
Event: 1522.691 Thread 0x000001c9f4a13610 DEOPT PACKING pc=0x000001c9e2917138 sp=0x00000033b81fde50
Event: 1522.692 Thread 0x000001c9f4a13610 DEOPT UNPACKING pc=0x000001c9da9ce42f sp=0x00000033b81fde00 mode 2
Event: 1522.693 Thread 0x000001c9f4a13610 Uncommon trap: trap_request=0xffffff45 fr.pc=0x000001c9e2a38928 relative=0x0000000000000208
Event: 1522.693 Thread 0x000001c9f4a13610 Uncommon trap: reason=unstable_if action=reinterpret pc=0x000001c9e2a38928 method=java.awt.Component.eventTypeEnabled(I)Z @ 228 c2
Event: 1522.693 Thread 0x000001c9f4a13610 DEOPT PACKING pc=0x000001c9e2a38928 sp=0x00000033b81fdc10
Event: 1522.693 Thread 0x000001c9f4a13610 DEOPT UNPACKING pc=0x000001c9da9ce42f sp=0x00000033b81fdba0 mode 2

Classes unloaded (0 events):
No events

Classes redefined (0 events):
No events

Internal exceptions (20 events):
Event: 32.438 Thread 0x000001c9f64c3530 Exception <a 'java/lang/NoSuchMethodError'{0x000000074941a1b8}: 'java.lang.Object java.lang.invoke.DelegatingMethodHandle$Holder.reinvoke_L(java.lang.Object, long, long, int, java.lang.Object, java.lang.Object, java.lang.Object, int)'> (0x000000074941a1b8) 
thrown [./open/src/hotspot/share/interpreter/linkResolver.cpp, line 782]
Event: 32.755 Thread 0x000001c9f64c3530 Exception <a 'sun/nio/fs/WindowsException'{0x000000074951b7e8}> (0x000000074951b7e8) 
thrown [./open/src/hotspot/share/prims/jni.cpp, line 578]
Event: 32.755 Thread 0x000001c9f64c3530 Exception <a 'sun/nio/fs/WindowsException'{0x000000074951c408}> (0x000000074951c408) 
thrown [./open/src/hotspot/share/prims/jni.cpp, line 578]
Event: 33.065 Thread 0x000001c9f64c3530 Exception <a 'java/lang/NoSuchMethodError'{0x00000007492575f0}: 'long java.lang.invoke.DirectMethodHandle$Holder.invokeStatic(java.lang.Object, java.lang.Object, java.lang.Object)'> (0x00000007492575f0) 
thrown [./open/src/hotspot/share/interpreter/linkResolver.cpp, line 782]
Event: 33.065 Thread 0x000001c9f64c3530 Exception <a 'java/lang/NoSuchMethodError'{0x000000074925afa0}: 'long java.lang.invoke.DirectMethodHandle$Holder.invokeStaticInit(java.lang.Object, java.lang.Object, java.lang.Object)'> (0x000000074925afa0) 
thrown [./open/src/hotspot/share/interpreter/linkResolver.cpp, line 782]
Event: 33.066 Thread 0x000001c9f64c3530 Exception <a 'java/lang/NoSuchMethodError'{0x0000000749273ea0}: 'java.lang.Object java.lang.invoke.DirectMethodHandle$Holder.newInvokeSpecial(java.lang.Object, java.lang.Object, long)'> (0x0000000749273ea0) 
thrown [./open/src/hotspot/share/interpreter/linkResolver.cpp, line 782]
Event: 33.067 Thread 0x000001c9f64c3530 Exception <a 'java/lang/NoSuchMethodError'{0x0000000749277c10}: 'java.lang.Object java.lang.invoke.Invokers$Holder.linkToTargetMethod(java.lang.Object, long, java.lang.Object)'> (0x0000000749277c10) 
thrown [./open/src/hotspot/share/interpreter/linkResolver.cpp, line 782]
Event: 33.076 Thread 0x000001c9f64c3530 Exception <a 'java/lang/NoSuchMethodError'{0x00000007492d03d0}: 'java.lang.Object java.lang.invoke.Invokers$Holder.linkToTargetMethod(int, int, int, int, java.lang.Object)'> (0x00000007492d03d0) 
thrown [./open/src/hotspot/share/interpreter/linkResolver.cpp, line 782]
Event: 33.090 Thread 0x000001c9f64c56e0 Exception <a 'java/lang/NoSuchMethodError'{0x000000074935a800}: 'int java.lang.invoke.DirectMethodHandle$Holder.invokeStaticInit(java.lang.Object, java.lang.Object)'> (0x000000074935a800) 
thrown [./open/src/hotspot/share/interpreter/linkResolver.cpp, line 782]
Event: 39.683 Thread 0x000001c9f4a13610 Implicit null exception at 0x000001c9e281b719 to 0x000001c9e281bc38
Event: 49.007 Thread 0x000001c9f4a13610 Implicit null exception at 0x000001c9e282d45e to 0x000001c9e282d76c
Event: 1196.588 Thread 0x000001c9f4a13610 Implicit null exception at 0x000001c9e25cdd19 to 0x000001c9e25d27c0
Event: 1509.121 Thread 0x000001c9f4a13610 Exception <a 'java/io/IOException'{0x0000000749afa918}: Connection reset by peer> (0x0000000749afa918) 
thrown [./open/src/hotspot/share/prims/jni.cpp, line 599]
Event: 1522.682 Thread 0x000001c9f4a13610 Exception <a 'java/lang/NoSuchMethodError'{0x0000000749363840}: 'int java.lang.invoke.DirectMethodHandle$Holder.invokeStatic(java.lang.Object)'> (0x0000000749363840) 
thrown [./open/src/hotspot/share/interpreter/linkResolver.cpp, line 782]
Event: 1522.686 Thread 0x000001c9f64c3530 Exception <a 'sun/nio/fs/WindowsException'{0x00000007493e41b0}> (0x00000007493e41b0) 
thrown [./open/src/hotspot/share/prims/jni.cpp, line 578]
Event: 1522.686 Thread 0x000001c9f64c3530 Exception <a 'sun/nio/fs/WindowsException'{0x00000007493e4dd0}> (0x00000007493e4dd0) 
thrown [./open/src/hotspot/share/prims/jni.cpp, line 578]
Event: 1522.690 Thread 0x000001c9f64c3530 Exception <a 'java/lang/NoSuchMethodError'{0x0000000749004570}: 'java.lang.Object java.lang.invoke.DirectMethodHandle$Holder.invokeSpecial(java.lang.Object, java.lang.Object, long, java.lang.Object)'> (0x0000000749004570) 
thrown [./open/src/hotspot/share/interpreter/linkResolver.cpp, line 782]
Event: 1522.692 Thread 0x000001c9f64c3530 Exception <a 'java/lang/NoSuchMethodError'{0x0000000749011178}: fwkLoad> (0x0000000749011178) 
thrown [./open/src/hotspot/share/prims/jni.cpp, line 1171]
Event: 1522.693 Thread 0x000001c9f64c3530 Exception <a 'java/lang/NoClassDefFoundError'{0x00000007490124e0}: com/sun/webkit/network/URLLoaderBase> (0x00000007490124e0) 
thrown [./open/src/hotspot/share/classfile/systemDictionary.cpp, line 284]
Event: 1522.693 Thread 0x000001c9f64c3530 Exception <a 'java/lang/NoSuchMethodError'{0x00000007490127e8}: fwkCancel> (0x00000007490127e8) 
thrown [./open/src/hotspot/share/prims/jni.cpp, line 1171]

Events (20 events):
Event: 1522.672 loading class sun/awt/util/IdentityLinkedList$ListItr done
Event: 1522.672 loading class sun/awt/windows/WFileDialogPeer
Event: 1522.672 loading class java/awt/peer/FileDialogPeer
Event: 1522.672 loading class java/awt/peer/FileDialogPeer done
Event: 1522.672 loading class sun/awt/windows/WFileDialogPeer done
Event: 1522.673 Executing VM operation: HandshakeAllThreads
Event: 1522.673 Executing VM operation: HandshakeAllThreads done
Event: 1522.673 loading class sun/awt/windows/WPrintDialogPeer
Event: 1522.674 loading class sun/awt/windows/WPrintDialogPeer done
Event: 1522.681 loading class java/awt/ModalEventFilter$1
Event: 1522.681 loading class java/awt/ModalEventFilter$1 done
Event: 1522.681 loading class java/awt/ModalEventFilter$ApplicationModalEventFilter
Event: 1522.681 loading class java/awt/ModalEventFilter$ApplicationModalEventFilter done
Event: 1522.682 Executing VM operation: HandshakeAllThreads
Event: 1522.682 Executing VM operation: HandshakeAllThreads done
Event: 1522.682 loading class sun/awt/ModalityEvent
Event: 1522.682 loading class sun/awt/ModalityEvent done
Event: 1522.694 loading class sun/java2d/cmm/CMSManager
Event: 1522.694 loading class sun/java2d/cmm/CMSManager done
Event: 1522.694 Executing VM operation: G1TryInitiateConcMark


Dynamic libraries:
0x00007ff6dca20000 - 0x00007ff6dca2f000 	C:\Program Files\Java\jdk-15.0.2\bin\java.exe
0x00007ffe7fb00000 - 0x00007ffe7fcf0000 	C:\Windows\SYSTEM32\ntdll.dll
0x00007ffe7f900000 - 0x00007ffe7f9b2000 	C:\Windows\System32\KERNEL32.DLL
0x00007ffe7d340000 - 0x00007ffe7d5e5000 	C:\Windows\System32\KERNELBASE.dll
0x00007ffe7d240000 - 0x00007ffe7d33a000 	C:\Windows\System32\ucrtbase.dll
0x00007ffe6e7c0000 - 0x00007ffe6e7d9000 	C:\Program Files\Java\jdk-15.0.2\bin\VCRUNTIME140.dll
0x00007ffe6a6f0000 - 0x00007ffe6a708000 	C:\Program Files\Java\jdk-15.0.2\bin\jli.dll
0x00007ffe7e870000 - 0x00007ffe7e913000 	C:\Windows\System32\ADVAPI32.dll
0x00007ffe7f6d0000 - 0x00007ffe7f76e000 	C:\Windows\System32\msvcrt.dll
0x00007ffe7ee40000 - 0x00007ffe7eed7000 	C:\Windows\System32\sechost.dll
0x00007ffe7f7e0000 - 0x00007ffe7f900000 	C:\Windows\System32\RPCRT4.dll
0x00007ffe7e920000 - 0x00007ffe7eab5000 	C:\Windows\System32\USER32.dll
0x00007ffe7d210000 - 0x00007ffe7d231000 	C:\Windows\System32\win32u.dll
0x00007ffe7e010000 - 0x00007ffe7e036000 	C:\Windows\System32\GDI32.dll
0x00007ffe7d940000 - 0x00007ffe7dad6000 	C:\Windows\System32\gdi32full.dll
0x00007ffe7db10000 - 0x00007ffe7dbae000 	C:\Windows\System32\msvcp_win.dll
0x00007ffe6d7d0000 - 0x00007ffe6da54000 	C:\Windows\WinSxS\amd64_microsoft.windows.common-controls_6595b64144ccf1df_6.0.18362.1082_none_9e8193e1e45b25c1\COMCTL32.dll
0x00007ffe7dcd0000 - 0x00007ffe7e005000 	C:\Windows\System32\combase.dll
0x00007ffe7d610000 - 0x00007ffe7d690000 	C:\Windows\System32\bcryptPrimitives.dll
0x00007ffe701a0000 - 0x00007ffe701aa000 	C:\Windows\SYSTEM32\VERSION.dll
0x00007ffe7dc40000 - 0x00007ffe7dc6e000 	C:\Windows\System32\IMM32.DLL
0x00007ffe70050000 - 0x00007ffe7005c000 	C:\Program Files\Java\jdk-15.0.2\bin\vcruntime140_1.dll
0x00007ffe6a2f0000 - 0x00007ffe6a381000 	C:\Program Files\Java\jdk-15.0.2\bin\msvcp140.dll
0x00007ffe3f5f0000 - 0x00007ffe4014e000 	C:\Program Files\Java\jdk-15.0.2\bin\server\jvm.dll
0x00007ffe7f9c0000 - 0x00007ffe7f9c8000 	C:\Windows\System32\PSAPI.DLL
0x00007ffe7a4e0000 - 0x00007ffe7a504000 	C:\Windows\SYSTEM32\WINMM.dll
0x00007ffe7a4b0000 - 0x00007ffe7a4dd000 	C:\Windows\SYSTEM32\WINMMBASE.dll
0x00007ffe7d8f0000 - 0x00007ffe7d93a000 	C:\Windows\System32\cfgmgr32.dll
0x00007ffe70060000 - 0x00007ffe70069000 	C:\Windows\SYSTEM32\WSOCK32.dll
0x00007ffe7f770000 - 0x00007ffe7f7df000 	C:\Windows\System32\WS2_32.dll
0x00007ffe7ca50000 - 0x00007ffe7ca61000 	C:\Windows\System32\kernel.appcore.dll
0x00007ffe6e990000 - 0x00007ffe6e99a000 	C:\Program Files\Java\jdk-15.0.2\bin\jimage.dll
0x00007ffe7b230000 - 0x00007ffe7b424000 	C:\Windows\SYSTEM32\DBGHELP.DLL
0x00007ffe7a7b0000 - 0x00007ffe7a7da000 	C:\Windows\SYSTEM32\dbgcore.DLL
0x00007ffe6cf30000 - 0x00007ffe6cf55000 	C:\Program Files\Java\jdk-15.0.2\bin\java.dll
0x00007ffe7e180000 - 0x00007ffe7e867000 	C:\Windows\System32\SHELL32.dll
0x00007ffe7f420000 - 0x00007ffe7f4c9000 	C:\Windows\System32\shcore.dll
0x00007ffe7ca90000 - 0x00007ffe7d210000 	C:\Windows\System32\windows.storage.dll
0x00007ffe7c9d0000 - 0x00007ffe7c9f3000 	C:\Windows\System32\profapi.dll
0x00007ffe7ca00000 - 0x00007ffe7ca4a000 	C:\Windows\System32\powrprof.dll
0x00007ffe7c9c0000 - 0x00007ffe7c9d0000 	C:\Windows\System32\UMPDC.dll
0x00007ffe7f9d0000 - 0x00007ffe7fa22000 	C:\Windows\System32\shlwapi.dll
0x00007ffe7d5f0000 - 0x00007ffe7d607000 	C:\Windows\System32\cryptsp.dll
0x00007ffe6d150000 - 0x00007ffe6d169000 	C:\Program Files\Java\jdk-15.0.2\bin\net.dll
0x00007ffe71950000 - 0x00007ffe71a40000 	C:\Windows\SYSTEM32\WINHTTP.dll
0x00007ffe7c1b0000 - 0x00007ffe7c217000 	C:\Windows\system32\mswsock.dll
0x00007ffe6ccf0000 - 0x00007ffe6cd02000 	C:\Program Files\Java\jdk-15.0.2\bin\nio.dll
0x00007ffe6ccd0000 - 0x00007ffe6cce8000 	C:\Program Files\Java\jdk-15.0.2\bin\zip.dll
0x00007ffe576f0000 - 0x00007ffe57870000 	C:\Program Files\Java\jdk-15.0.2\bin\awt.dll
0x00007ffe7f350000 - 0x00007ffe7f415000 	C:\Windows\System32\OLEAUT32.dll
0x00007ffe7a710000 - 0x00007ffe7a79f000 	C:\Windows\SYSTEM32\apphelp.dll
0x00007ffe7a800000 - 0x00007ffe7a899000 	C:\Windows\system32\uxtheme.dll
0x00007ffe7e040000 - 0x00007ffe7e175000 	C:\Windows\System32\MSCTF.dll
0x00007ffe6cfa0000 - 0x00007ffe6cfce000 	C:\Program Files\uvnc bvba\UltraVNC\schook64.dll
0x00007ffe7ecd0000 - 0x00007ffe7ee27000 	C:\Windows\System32\ole32.dll
0x00007ffe7ad10000 - 0x00007ffe7ad3d000 	C:\Windows\system32\DWMAPI.DLL
0x00007ffe78e60000 - 0x00007ffe78f09000 	C:\Windows\WinSxS\amd64_microsoft.windows.common-controls_6595b64144ccf1df_5.82.18362.1082_none_73b2803ad816b43c\comctl32.dll
0x00007ffe61c90000 - 0x00007ffe61d15000 	C:\Program Files\Java\jdk-15.0.2\bin\freetype.dll
0x00007ffe5e0d0000 - 0x00007ffe5e179000 	C:\Program Files\Java\jdk-15.0.2\bin\fontmanager.dll
0x00007ffe64270000 - 0x00007ffe643c6000 	C:\Windows\system32\opengl32.dll
0x00007ffe65ce0000 - 0x00007ffe65d0c000 	C:\Windows\SYSTEM32\GLU32.dll
0x00007ffe7b680000 - 0x00007ffe7b6a0000 	C:\Windows\SYSTEM32\dxcore.dll
0x00007ffe7f620000 - 0x00007ffe7f6c2000 	C:\Windows\System32\clbcatq.dll
0x00007ffe78f30000 - 0x00007ffe79020000 	C:\Windows\SYSTEM32\PROPSYS.dll
0x00007ffe6a2d0000 - 0x00007ffe6a2e6000 	C:\Windows\system32\NetworkExplorer.dll
0x00007ffe6d5d0000 - 0x00007ffe6d5eb000 	C:\Windows\SYSTEM32\MPR.dll
0x00007ffe6c5b0000 - 0x00007ffe6c5bb000 	C:\Windows\System32\drprov.dll
0x00007ffe7c7a0000 - 0x00007ffe7c7f6000 	C:\Windows\System32\WINSTA.dll
0x00007ffe6c480000 - 0x00007ffe6c495000 	C:\Windows\System32\ntlanman.dll
0x00007ffe6a9e0000 - 0x00007ffe6a9fd000 	C:\Windows\System32\davclnt.dll
0x00007ffe6c5a0000 - 0x00007ffe6c5ac000 	C:\Windows\System32\DAVHLPR.dll
0x00007ffe76ff0000 - 0x00007ffe77007000 	C:\Windows\System32\wkscli.dll
0x00007ffe7dae0000 - 0x00007ffe7db06000 	C:\Windows\System32\bcrypt.dll
0x00007ffe60080000 - 0x00007ffe60092000 	C:\Windows\SYSTEM32\cscapi.dll
0x00007ffe7bfd0000 - 0x00007ffe7bfdc000 	C:\Windows\System32\netutils.dll
0x00007ffe6ea80000 - 0x00007ffe6ead3000 	C:\Windows\System32\dlnashext.dll
0x00007ffe5d700000 - 0x00007ffe5d764000 	C:\Windows\System32\PlayToDevice.dll
0x00007ffe6a390000 - 0x00007ffe6a3b0000 	C:\Windows\System32\DevDispItemProvider.dll
0x00007ffe760a0000 - 0x00007ffe76112000 	C:\Windows\System32\MMDevApi.dll
0x00007ffe7c750000 - 0x00007ffe7c77a000 	C:\Windows\System32\DEVOBJ.dll
0x00007ffe7bec0000 - 0x00007ffe7befa000 	C:\Windows\System32\IPHLPAPI.DLL
0x00007ffe7dbb0000 - 0x00007ffe7dbb8000 	C:\Windows\System32\NSI.dll
0x00007ffe76e40000 - 0x00007ffe76e56000 	C:\Windows\SYSTEM32\dhcpcsvc6.DLL
0x00007ffe76ce0000 - 0x00007ffe76cfc000 	C:\Windows\SYSTEM32\dhcpcsvc.DLL
0x00007ffe7bf00000 - 0x00007ffe7bfcb000 	C:\Windows\SYSTEM32\DNSAPI.dll
0x00007ffe76e60000 - 0x00007ffe76e6b000 	C:\Windows\SYSTEM32\WINNSI.DLL
0x00007ffe7b1f0000 - 0x00007ffe7b22d000 	C:\Windows\System32\netprofm.dll
0x00007ffe70cd0000 - 0x00007ffe70ce0000 	C:\Windows\System32\npmproxy.dll
0x00007ffe6e9e0000 - 0x00007ffe6ea7b000 	C:\Windows\system32\wpdshext.dll
0x00007ffe515a0000 - 0x00007ffe51743000 	C:\Windows\WinSxS\amd64_microsoft.windows.gdiplus_6595b64144ccf1df_1.1.18362.1082_none_cf6c86c73eed9f8f\gdiplus.dll
0x00007ffe77830000 - 0x00007ffe778ce000 	C:\Windows\System32\PortableDeviceApi.dll
0x00007ffe7eee0000 - 0x00007ffe7f350000 	C:\Windows\System32\SETUPAPI.dll
0x00007ffe7d690000 - 0x00007ffe7d6ec000 	C:\Windows\System32\WINTRUST.dll
0x00007ffe7ca70000 - 0x00007ffe7ca82000 	C:\Windows\System32\MSASN1.dll
0x00007ffe7d6f0000 - 0x00007ffe7d839000 	C:\Windows\System32\CRYPT32.dll
0x00007ffe5ef50000 - 0x00007ffe5ef87000 	C:\Windows\System32\EhStorShell.dll
0x00007ffe69c90000 - 0x00007ffe69cb5000 	C:\Windows\System32\EhStorAPI.dll
0x00007ffe79080000 - 0x00007ffe79093000 	C:\Windows\System32\WTSAPI32.dll
0x00007ffe5ff60000 - 0x00007ffe5ff6d000 	C:\Windows\SYSTEM32\LINKINFO.dll
0x00007ffe63d60000 - 0x00007ffe63df3000 	C:\Windows\System32\appresolver.dll
0x00007ffe76170000 - 0x00007ffe761cd000 	C:\Windows\System32\Bcp47Langs.dll
0x00007ffe7b8b0000 - 0x00007ffe7b8d7000 	C:\Windows\System32\SLC.dll
0x00007ffe7c8a0000 - 0x00007ffe7c8c5000 	C:\Windows\System32\USERENV.dll
0x00007ffe7b880000 - 0x00007ffe7b8a6000 	C:\Windows\System32\sppc.dll
0x00007ffe6da70000 - 0x00007ffe6da80000 	C:\Program Files\Java\jdk-15.0.2\bin\verify.dll
0x00007ffe77fd0000 - 0x00007ffe7817f000 	C:\Windows\SYSTEM32\WindowsCodecs.dll
0x00007ffe63e20000 - 0x00007ffe63e5a000 	C:\Windows\system32\dataexchange.dll
0x00007ffe79e80000 - 0x00007ffe7a05d000 	C:\Windows\system32\dcomp.dll
0x00007ffe79c20000 - 0x00007ffe79e7b000 	C:\Windows\system32\d3d11.dll
0x00007ffe7b6a0000 - 0x00007ffe7b78b000 	C:\Windows\system32\dxgi.dll
0x00007ffe7a9a0000 - 0x00007ffe7ac02000 	C:\Windows\system32\twinapi.appcore.dll
0x00007ffe7ae20000 - 0x00007ffe7ae49000 	C:\Windows\system32\RMCLIENT.dll
0x000001c9f7a40000 - 0x000001c9f7a43000 	C:\Program Files\Java\jdk-15.0.2\bin\api-ms-win-core-console-l1-1-0.dll
0x000001c9f7a50000 - 0x000001c9f7a53000 	C:\Program Files\Java\jdk-15.0.2\bin\api-ms-win-core-datetime-l1-1-0.dll
0x000001c9f7a60000 - 0x000001c9f7a63000 	C:\Program Files\Java\jdk-15.0.2\bin\api-ms-win-core-debug-l1-1-0.dll
0x000001c9f7a70000 - 0x000001c9f7a73000 	C:\Program Files\Java\jdk-15.0.2\bin\api-ms-win-core-errorhandling-l1-1-0.dll
0x000001c9f7a80000 - 0x000001c9f7a84000 	C:\Program Files\Java\jdk-15.0.2\bin\api-ms-win-core-file-l1-1-0.dll
0x000001c9f7a90000 - 0x000001c9f7a93000 	C:\Program Files\Java\jdk-15.0.2\bin\api-ms-win-core-file-l1-2-0.dll
0x000001c9f7aa0000 - 0x000001c9f7aa3000 	C:\Program Files\Java\jdk-15.0.2\bin\api-ms-win-core-file-l2-1-0.dll
0x000001c9f7ab0000 - 0x000001c9f7ab3000 	C:\Program Files\Java\jdk-15.0.2\bin\api-ms-win-core-handle-l1-1-0.dll
0x000001c9f7ac0000 - 0x000001c9f7ac3000 	C:\Program Files\Java\jdk-15.0.2\bin\api-ms-win-core-heap-l1-1-0.dll
0x000001c9f7ad0000 - 0x000001c9f7ad3000 	C:\Program Files\Java\jdk-15.0.2\bin\api-ms-win-core-interlocked-l1-1-0.dll
0x000001c9f7ae0000 - 0x000001c9f7ae3000 	C:\Program Files\Java\jdk-15.0.2\bin\api-ms-win-core-libraryloader-l1-1-0.dll
0x000001c9f7af0000 - 0x000001c9f7af3000 	C:\Program Files\Java\jdk-15.0.2\bin\api-ms-win-core-localization-l1-2-0.dll
0x000001c9f7b00000 - 0x000001c9f7b03000 	C:\Program Files\Java\jdk-15.0.2\bin\api-ms-win-core-memory-l1-1-0.dll
0x000001c9f7b10000 - 0x000001c9f7b13000 	C:\Program Files\Java\jdk-15.0.2\bin\api-ms-win-core-namedpipe-l1-1-0.dll
0x000001c9f7b20000 - 0x000001c9f7b23000 	C:\Program Files\Java\jdk-15.0.2\bin\api-ms-win-core-processenvironment-l1-1-0.dll
0x000001c9f7b30000 - 0x000001c9f7b33000 	C:\Program Files\Java\jdk-15.0.2\bin\api-ms-win-core-processthreads-l1-1-0.dll

dbghelp: loaded successfully - version: 4.0.5 - missing functions: none
symbol engine: initialized successfully - sym options: 0x614 - pdb path: .;C:\Program Files\Java\jdk-15.0.2\bin;C:\Windows\SYSTEM32;C:\Windows\WinSxS\amd64_microsoft.windows.common-controls_6595b64144ccf1df_6.0.18362.1082_none_9e8193e1e45b25c1;C:\Program Files\Java\jdk-15.0.2\bin\server;C:\Program Files\uvnc bvba\UltraVNC;C:\Windows\WinSxS\amd64_microsoft.windows.common-controls_6595b64144ccf1df_5.82.18362.1082_none_73b2803ad816b43c;C:\Windows\WinSxS\amd64_microsoft.windows.gdiplus_6595b64144ccf1df_1.1.18362.1082_none_cf6c86c73eed9f8f

VM Arguments:
jvm_args: -Dfile.encoding=UTF-8 
java_command: simrskhanza.SIMRSKhanza
java_class_path (initial): E:\xampp\htdocs\KhanzaHMSWindows\lib\commons-codec-1.10.jar;E:\xampp\htdocs\KhanzaHMSWindows\lib\commons-codec-1.12.jar;E:\xampp\htdocs\KhanzaHMSWindows\lib\KhanzaSecurity16bit.jar;E:\xampp\htdocs\KhanzaHMSWindows\lib\RXTXcomm.jar;E:\xampp\htdocs\KhanzaHMSWindows\lib\SceneBuilderKit-8.2.0.jar;E:\xampp\htdocs\KhanzaHMSWindows\lib\TimingFramework-1.0.jar;E:\xampp\htdocs\KhanzaHMSWindows\lib\UsuLibrary.jar;E:\xampp\htdocs\KhanzaHMSWindows\lib\activation-1.1.1.jar;E:\xampp\htdocs\KhanzaHMSWindows\lib\ant-1.7.1.jar;E:\xampp\htdocs\KhanzaHMSWindows\lib\antlr-2.7.6.jar;E:\xampp\htdocs\KhanzaHMSWindows\lib\apache-httpcomponents-httpclient.jar;E:\xampp\htdocs\KhanzaHMSWindows\lib\appframework-1.0.3.jar;E:\xampp\htdocs\KhanzaHMSWindows\lib\asm-attrs.jar;E:\xampp\htdocs\KhanzaHMSWindows\lib\asm.jar;E:\xampp\htdocs\KhanzaHMSWindows\lib\barbecue-1.5-beta1.jar;E:\xampp\htdocs\KhanzaHMSWindows\lib\barcode4j-2.1.jar;E:\xampp\htdocs\KhanzaHMSWindows\lib\batik-anim-1.11.jar;E:\xampp\htdocs\KhanzaHMSWindows\lib\batik-anim-1.13.jar;E:\xampp\htdocs\KhanzaHMSWindows\lib\batik-awt-util-1.11.jar;E:\xampp\htdocs\KhanzaHMSWindows\lib\batik-awt-util-1.13.jar;E:\xampp\htdocs\KhanzaHMSWindows\lib\batik-bridge-1.11.jar;E:\xampp\htdocs\KhanzaHMSWindows\lib\batik-codec-1.11.jar;E:\xampp\htdocs\KhanzaHMSWindows\lib\batik-constants-1.11.jar;E:\xampp\htdocs\KhanzaHMSWindows\lib\batik-constants-1.13.jar;E:\xampp\htdocs\KhanzaHMSWindows\lib\batik-css-1.11.jar;E:\xampp\htdocs\KhanzaHMSWindows\lib\batik-css-1.13.jar;E:\xampp\htdocs\KhanzaHMSWindows\lib\batik-dom-1.11.jar;E:\xampp\htdocs\KhanzaHMSWindows\lib\batik-dom-1.13.jar;E:\xampp\htdocs\KhanzaHMSWindows\lib\batik-dom.jar;E:\xampp\htdocs\KhanzaHMSWindows\lib\batik-ext-1.11.jar;E:\xampp\htdocs\KhanzaHMSWindows\lib\batik-ext-1.13.jar;E:\xampp\htdocs\KhanzaHMSWindows\lib\batik-extension-1.11.jar;E:\xampp\htdocs\KhanzaHMSWindows\lib\batik-gui-util-1.11.jar;E:\xampp\htdocs\KhanzaHMSWindows\lib\batik-gvt-1.11.jar;E:\xampp\htdoc
Launcher Type: SUN_STANDARD

[Global flags]
     intx CICompilerCount                          = 3                                         {product} {ergonomic}
     uint ConcGCThreads                            = 1                                         {product} {ergonomic}
     uint G1ConcRefinementThreads                  = 4                                         {product} {ergonomic}
   size_t G1HeapRegionSize                         = 2097152                                   {product} {ergonomic}
    uintx GCDrainStackTargetSize                   = 64                                        {product} {ergonomic}
   size_t InitialHeapSize                          = 201326592                                 {product} {ergonomic}
   size_t MarkStackSize                            = 4194304                                   {product} {ergonomic}
   size_t MaxHeapSize                              = 3196059648                                {product} {ergonomic}
   size_t MaxNewSize                               = 1916796928                                {product} {ergonomic}
   size_t MinHeapDeltaBytes                        = 2097152                                   {product} {ergonomic}
   size_t MinHeapSize                              = 8388608                                   {product} {ergonomic}
    uintx NonNMethodCodeHeapSize                   = 5832780                                {pd product} {ergonomic}
    uintx NonProfiledCodeHeapSize                  = 122912730                              {pd product} {ergonomic}
    uintx ProfiledCodeHeapSize                     = 122912730                              {pd product} {ergonomic}
    uintx ReservedCodeCacheSize                    = 251658240                              {pd product} {ergonomic}
     bool SegmentedCodeCache                       = true                                      {product} {ergonomic}
   size_t SoftMaxHeapSize                          = 3196059648                             {manageable} {ergonomic}
     bool UseCompressedClassPointers               = true                                 {lp64_product} {ergonomic}
     bool UseCompressedOops                        = true                                 {lp64_product} {ergonomic}
     bool UseG1GC                                  = true                                      {product} {ergonomic}
     bool UseLargePagesIndividualAllocation        = false                                  {pd product} {ergonomic}

Logging:
Log output configuration:
 #0: stdout all=warning uptime,level,tags
 #1: stderr all=off uptime,level,tags

Environment Variables:
PATH=C:\Program Files\Common Files\Oracle\Java\javapath;C:\Program Files\Eclipse Adoptium\jdk-17.0.6.10-hotspot\bin;C:\Windows\system32;C:\Windows;C:\Windows\System32\Wbem;C:\Windows\System32\WindowsPowerShell\v1.0\;C:\Windows\System32\OpenSSH\;C:\Program Files\Git\cmd;E:\xampp\php;C:\composer;C:\Users\user\AppData\Roaming\nvm;C:\Program Files\nodejs;C:\Windows\Microsoft.NET\Framework\v4.0.30319;C:\Program Files (x86)\Appeon\PowerBuilder 19.0;C:\Program Files (x86)\Appeon\PowerBuilderCompiler 19.0;C:\Program Files (x86)\Microsoft SQL Server\150\DTS\Binn\;C:\Program Files\Azure Data Studio\bin;C:\Users\user\AppData\Local\Microsoft\WindowsApps;C:\Users\user\AppData\Roaming\npm;C:\Users\user\AppData\Local\Programs\Microsoft VS Code\bin;C:\Users\user\AppData\Roaming\Composer\vendor\bin;C:\Users\user\AppData\Roaming\nvm;C:\Program Files\nodejs;C:\Program Files\Azure Data Studio\bin;C:\Users\user\AppData\Local\Programs\Tesseract-OCR;C:\Program Files\Java\jdk-15.0.2;
USERNAME=user
OS=Windows_NT
PROCESSOR_IDENTIFIER=Intel64 Family 6 Model 60 Stepping 3, GenuineIntel



---------------  S Y S T E M  ---------------

OS:
 Windows 10 , 64 bit Build 18362 (10.0.18362.1082)
OS uptime: 0 days 1:29 hours

CPU: total 4 (initial active 4) (4 cores per cpu, 1 threads per core) family 6 model 60 stepping 3 microcode 0x25, cmov, cx8, fxsr, mmx, sse, sse2, sse3, ssse3, sse4.1, sse4.2, popcnt, vzeroupper, avx, avx2, aes, clmul, erms, lzcnt, tsc, tscinvbit, bmi1, bmi2, fma, clflush

Memory: 4k page, system-wide physical 12188M (5723M free)
TotalPageFile size 16934M (AvailPageFile size 9522M)
current process WorkingSet (physical memory assigned to process): 372M, peak: 376M
current process commit charge ("private bytes"): 418M, peak: 425M

vm_info: Java HotSpot(TM) 64-Bit Server VM (15.0.2+7-27) for windows-amd64 JRE (15.0.2+7-27), built on Dec  7 2020 20:07:01 by "mach5one" with unknown MS VC++:1925

END.
