#
# A fatal error has been detected by the Java Runtime Environment:
#
#  EXCEPTION_ACCESS_VIOLATION (0xc0000005) at pc=0x00007ffe3875a3d1, pid=5564, tid=2456
#
# JRE version: Java(TM) SE Runtime Environment (15.0.2+7) (build 15.0.2+7-27)
# Java VM: Java HotSpot(TM) 64-Bit Server VM (15.0.2+7-27, mixed mode, sharing, tiered, compressed oops, g1 gc, windows-amd64)
# Problematic frame:
# V  [jvm.dll+0x3aa3d1]
#
# No core dump will be written. Minidumps are not enabled by default on client versions of Windows
#
# If you would like to submit a bug report, please visit:
#   https://bugreport.java.com/bugreport/crash.jsp
#

---------------  S U M M A R Y ------------

Command Line: -Dfile.encoding=UTF-8 simrskhanza.SIMRSKhanza

Host: Intel(R) Core(TM) i3-4170 CPU @ 3.70GHz, 4 cores, 3G,  Windows 10 , 64 bit Build 19041 (10.0.19041.2788)
Time: Wed Jul  5 09:35:01 2023 SE Asia Standard Time elapsed time: 21.863710 seconds (0d 0h 0m 21s)

---------------  T H R E A D  ---------------

Current thread (0x000002b2d8402e80):  JavaThread "JavaFX Application Thread" [_thread_in_vm, id=2456, stack(0x000000c371300000,0x000000c371400000)]

Stack: [0x000000c371300000,0x000000c371400000],  sp=0x000000c3713fdc80,  free space=1015k
Native frames: (J=compiled Java code, j=interpreted, Vv=VM code, C=native code)
V  [jvm.dll+0x3aa3d1]
C  0x00007ffe09bafeac

Java frames: (J=compiled Java code, j=interpreted, Vv=VM code)
j  com.sun.webkit.WebPage.twkCreatePage(Z)J+0
j  com.sun.webkit.WebPage.<init>(Lcom/sun/webkit/WebPageClient;Lcom/sun/webkit/UIClient;Lcom/sun/webkit/PolicyClient;Lcom/sun/webkit/InspectorClient;Lcom/sun/webkit/ThemeClient;Z)V+177
j  javafx.scene.web.WebEngine.<init>(Ljava/lang/String;Z)V+270
j  javafx.scene.web.WebEngine.<init>()V+3
j  javafx.scene.web.WebView.<init>()V+60
j  bridging.INACBGHybrid$3.run()V+4
j  com.sun.javafx.application.PlatformImpl.lambda$runLater$10(Ljava/lang/Runnable;)Ljava/lang/Void;+1
j  com.sun.javafx.application.PlatformImpl$$Lambda$262+0x000000080106ef60.run()Ljava/lang/Object;+4
J 4421 c1 java.security.AccessController.doPrivileged(Ljava/security/PrivilegedAction;Ljava/security/AccessControlContext;)Ljava/lang/Object; java.base@15.0.2 (17 bytes) @ 0x000002b2c3b8e264 [0x000002b2c3b8e080+0x00000000000001e4]
j  com.sun.javafx.application.PlatformImpl.lambda$runLater$11(Ljava/lang/Runnable;Ljava/security/AccessControlContext;)V+7
j  com.sun.javafx.application.PlatformImpl$$Lambda$261+0x000000080106eb10.run()V+8
j  com.sun.glass.ui.InvokeLaterDispatcher$Future.run()V+4
v  ~StubRoutines::call_stub
j  com.sun.glass.ui.win.WinApplication._runLoop(Ljava/lang/Runnable;)V+0
j  com.sun.glass.ui.win.WinApplication.lambda$runLoop$3(ILjava/lang/Runnable;)V+8
j  com.sun.glass.ui.win.WinApplication$$Lambda$248+0x00000008010418c0.run()V+12
j  java.lang.Thread.run()V+11 java.base@15.0.2
v  ~StubRoutines::call_stub

siginfo: EXCEPTION_ACCESS_VIOLATION (0xc0000005), reading address 0x0000000000000000


Register to memory mapping:

RIP=0x00007ffe3875a3d1 jvm.dll
RAX=0x0 is NULL
RBX=0x000002b2d8402e80 is a thread
RCX=0xae91cb83766c0000 is an unknown value
RDX=0x000002b2ddc4ec98 is a global jni handle
RSP=0x000000c3713fdc80 is pointing into the stack for thread: 0x000002b2d8402e80
RBP=0x000000c3713fdd78 is pointing into the stack for thread: 0x000002b2d8402e80
RSI=0x000002b2d84031a8 points into unknown readable memory: 0x00007ffe38dade40 | 40 de da 38 fe 7f 00 00
RDI=0x000002b2ddc4ec98 is a global jni handle
R8 =0x0 is NULL
R9 =0x000000c3713fdd78 is pointing into the stack for thread: 0x000002b2d8402e80
R10=0x000000000000003a is an unknown value
R11=0x000000c3713fdc78 is pointing into the stack for thread: 0x000002b2d8402e80
R12=0x0 is NULL
R13=
[error occurred during error reporting (printing register info), id 0xc0000005, EXCEPTION_ACCESS_VIOLATION (0xc0000005) at pc=0x00007ffe38658322]

Registers:
RAX=0x0000000000000000, RBX=0x000002b2d8402e80, RCX=0xae91cb83766c0000, RDX=0x000002b2ddc4ec98
RSP=0x000000c3713fdc80, RBP=0x000000c3713fdd78, RSI=0x000002b2d84031a8, RDI=0x000002b2ddc4ec98
R8 =0x0000000000000000, R9 =0x000000c3713fdd78, R10=0x000000000000003a, R11=0x000000c3713fdc78
R12=0x0000000000000000, R13=0x00000000ffffffff, R14=0x0000000000000000, R15=0x0000000000000000
RIP=0x00007ffe3875a3d1, EFLAGS=0x0000000000010202

Top of Stack: (sp=0x000000c3713fdc80)
0x000000c3713fdc80:   000002b2d8402e80 000002b2d84031a8
0x000000c3713fdc90:   0000000000000000 00007ffe5f2e2690
0x000000c3713fdca0:   0000000000000000 00007ffe0d0e5e30
0x000000c3713fdcb0:   0000ae52babcad7c 000000c3713fdd10
0x000000c3713fdcc0:   0000000000000000 000002b2ddc4ec98
0x000000c3713fdcd0:   000002b2d8402e80 000002b2da3c1360
0x000000c3713fdce0:   000002b200000493 00007ffe38c4aaa0
0x000000c3713fdcf0:   000002b2d8402e80 00007ffe3875266a
0x000000c3713fdd00:   00007ffe0b521a90 00007ffe0b270cd0
0x000000c3713fdd10:   000002b200000002 00007ffe00000002
0x000000c3713fdd20:   000002b2d709c5e0 00007ffe09bafeac
0x000000c3713fdd30:   000002b2dc71a6cc 0000000000000000
0x000000c3713fdd40:   00007ffe0d0e5e30 000002b2d84031a8
0x000000c3713fdd50:   000002b2d84031a8 00007ffe0b064a8d
0x000000c3713fdd60:   000002b2dc71a6cc 0000000000000000
0x000000c3713fdd70:   0000000000000000 000000000000001c 

Instructions: (pc=0x00007ffe3875a3d1)
0x00007ffe3875a2d1:   00 00 48 8b bc 24 c0 00 00 00 c0 e8 03 a8 01 74
0x00007ffe3875a2e1:   08 48 8b cb e8 a6 29 2e 00 0f 28 c6 c7 83 98 03
0x00007ffe3875a2f1:   00 00 04 00 00 00 0f 28 b4 24 b0 00 00 00 48 81
0x00007ffe3875a301:   c4 d0 00 00 00 5b c3 cc cc cc cc cc cc cc cc 48
0x00007ffe3875a311:   89 5c 24 08 48 89 6c 24 10 48 89 74 24 18 48 89
0x00007ffe3875a321:   7c 24 20 41 56 48 81 ec a0 00 00 00 8b 81 88 00
0x00007ffe3875a331:   00 00 48 8d 99 d8 fc ff ff 05 55 21 ff ff 49 8b
0x00007ffe3875a341:   e9 4d 8b f0 48 8b fa 48 8b f1 83 f8 01 76 0a 48
0x00007ffe3875a351:   8b cb e8 28 33 39 00 33 db c7 83 98 03 00 00 05
0x00007ffe3875a361:   00 00 00 e8 c7 26 27 00 48 8b 03 48 8b cb ff 50
0x00007ffe3875a371:   38 84 c0 74 0e 48 8b 83 10 01 00 00 c0 e8 03 24
0x00007ffe3875a381:   01 eb 0b 8b 05 86 23 6f 00 85 c0 0f 95 c0 84 c0
0x00007ffe3875a391:   75 0d 8b 83 e0 00 00 00 a9 04 00 00 20 74 08 48
0x00007ffe3875a3a1:   8b cb e8 58 39 39 00 c7 83 98 03 00 00 06 00 00
0x00007ffe3875a3b1:   00 48 83 7b 08 00 48 89 5c 24 50 48 c7 44 24 58
0x00007ffe3875a3c1:   00 00 00 00 74 0a 48 8d 4c 24 50 e8 1f c5 2a 00
0x00007ffe3875a3d1:   49 8b 16 48 8d 4c 24 70 c7 44 24 40 04 00 00 00
0x00007ffe3875a3e1:   e8 ea cf 00 00 48 89 ac 24 98 00 00 00 48 8d 05
0x00007ffe3875a3f1:   33 07 4f 00 48 89 44 24 70 40 f6 c7 01 74 0c 48
0x00007ffe3875a401:   8d 4f ff ff 15 9e 13 65 00 eb 09 48 8b cf ff 15
0x00007ffe3875a411:   f3 9b 64 00 8b 15 85 9c 6d 00 48 8b c8 e8 ed d0
0x00007ffe3875a421:   26 00 48 8b d3 48 8b c8 4c 8b 00 41 ff 90 b0 00
0x00007ffe3875a431:   00 00 48 83 7b 08 00 75 35 48 8d 44 24 70 48 89
0x00007ffe3875a441:   5c 24 30 48 89 44 24 28 48 8d 54 24 40 45 33 c9
0x00007ffe3875a451:   4c 89 74 24 20 45 33 c0 48 8b ce e8 3f e4 00 00
0x00007ffe3875a461:   48 83 7b 08 00 75 07 0f b6 74 24 48 eb 03 40 32
0x00007ffe3875a471:   f6 48 83 7c 24 58 00 74 0a 48 8d 4c 24 50 e8 0c
0x00007ffe3875a481:   c5 2a 00 48 8b bb f8 00 00 00 48 8b 4f 10 48 83
0x00007ffe3875a491:   39 00 74 0c 48 8b cf e8 d3 a0 f6 ff 48 8b 4f 10
0x00007ffe3875a4a1:   48 8b 47 08 48 89 48 10 48 8b 4f 08 48 8b 47 18
0x00007ffe3875a4b1:   48 89 41 18 48 8b 4f 08 48 8b 47 20 48 89 41 20
0x00007ffe3875a4c1:   c7 83 98 03 00 00 07 00 00 00 e8 60 25 27 00 48 


Stack slot to memory mapping:
stack at sp + 0 slots: 0x000002b2d8402e80 is a thread
stack at sp + 1 slots: 0x000002b2d84031a8 points into unknown readable memory: 0x00007ffe38dade40 | 40 de da 38 fe 7f 00 00
stack at sp + 2 slots: 0x0 is NULL
stack at sp + 3 slots: 0x00007ffe5f2e2690 ucrtbase.dll
stack at sp + 4 slots: 0x0 is NULL
stack at sp + 5 slots: 0x00007ffe0d0e5e30 points into unknown readable memory: 0x00007ffe0d136268 | 68 62 13 0d fe 7f 00 00
stack at sp + 6 slots: 0x0000ae52babcad7c is an unknown value
stack at sp + 7 slots: 0x000000c3713fdd10 is pointing into the stack for thread: 0x000002b2d8402e80


---------------  P R O C E S S  ---------------

Threads class SMR info:
_java_thread_list=0x000002b2dc3120f0, length=27, elements={
0x000002b2d66d21b0, 0x000002b2d66d2c90, 0x000002b2d66e9400, 0x000002b2d66ecde0,
0x000002b2d66ed7a0, 0x000002b2d66ef550, 0x000002b2d6756f30, 0x000002b2d6776950,
0x000002b2d7263490, 0x000002b2d726bc90, 0x000002b2d7eb79d0, 0x000002b2d7eb7ea0,
0x000002b2d77dcc80, 0x000002b2d7fc3c00, 0x000002b2d8337b20, 0x000002b2baaea8b0,
0x000002b2d8665490, 0x000002b2d8400800, 0x000002b2d8403350, 0x000002b2d8402010,
0x000002b2d8402e80, 0x000002b2d84024e0, 0x000002b2d8403cf0, 0x000002b2d8400cd0,
0x000002b2d84011a0, 0x000002b2d8401670, 0x000002b2dd5341d0
}

Java Threads: ( => current thread )
  0x000002b2d66d21b0 JavaThread "Reference Handler" daemon [_thread_blocked, id=3436, stack(0x000000c36f400000,0x000000c36f500000)]
  0x000002b2d66d2c90 JavaThread "Finalizer" daemon [_thread_blocked, id=3784, stack(0x000000c36f500000,0x000000c36f600000)]
  0x000002b2d66e9400 JavaThread "Signal Dispatcher" daemon [_thread_blocked, id=5764, stack(0x000000c36f600000,0x000000c36f700000)]
  0x000002b2d66ecde0 JavaThread "Attach Listener" daemon [_thread_blocked, id=2528, stack(0x000000c36f700000,0x000000c36f800000)]
  0x000002b2d66ed7a0 JavaThread "Service Thread" daemon [_thread_blocked, id=7224, stack(0x000000c36f800000,0x000000c36f900000)]
  0x000002b2d66ef550 JavaThread "C2 CompilerThread0" daemon [_thread_blocked, id=8008, stack(0x000000c36f900000,0x000000c36fa00000)]
  0x000002b2d6756f30 JavaThread "C1 CompilerThread0" daemon [_thread_blocked, id=4600, stack(0x000000c36fa00000,0x000000c36fb00000)]
  0x000002b2d6776950 JavaThread "Sweeper thread" daemon [_thread_blocked, id=6116, stack(0x000000c36fb00000,0x000000c36fc00000)]
  0x000002b2d7263490 JavaThread "Notification Thread" daemon [_thread_blocked, id=4108, stack(0x000000c36fc00000,0x000000c36fd00000)]
  0x000002b2d726bc90 JavaThread "Common-Cleaner" daemon [_thread_blocked, id=3652, stack(0x000000c36fe00000,0x000000c36ff00000)]
  0x000002b2d7eb79d0 JavaThread "Java2D Disposer" daemon [_thread_blocked, id=3740, stack(0x000000c370100000,0x000000c370200000)]
  0x000002b2d7eb7ea0 JavaThread "AWT-Shutdown" [_thread_blocked, id=6360, stack(0x000000c370200000,0x000000c370300000)]
  0x000002b2d77dcc80 JavaThread "AWT-Windows" daemon [_thread_blocked, id=7764, stack(0x000000c370300000,0x000000c370400000)]
  0x000002b2d7fc3c00 JavaThread "AWT-EventQueue-0" [_thread_blocked, id=3916, stack(0x000000c370500000,0x000000c370600000)]
  0x000002b2d8337b20 JavaThread "Swing-Shell" daemon [_thread_blocked, id=5992, stack(0x000000c370600000,0x000000c370700000)]
  0x000002b2baaea8b0 JavaThread "DestroyJavaVM" [_thread_blocked, id=2108, stack(0x000000c36ed00000,0x000000c36ee00000)]
  0x000002b2d8665490 JavaThread "Abandoned connection cleanup thread" daemon [_thread_blocked, id=7592, stack(0x000000c370e00000,0x000000c370f00000)]
  0x000002b2d8400800 JavaThread "TimerQueue" daemon [_thread_blocked, id=3376, stack(0x000000c36ff00000,0x000000c370000000)]
  0x000002b2d8403350 JavaThread "QuantumRenderer-0" daemon [_thread_blocked, id=3836, stack(0x000000c371100000,0x000000c371200000)]
  0x000002b2d8402010 JavaThread "InvokeLaterDispatcher" daemon [_thread_blocked, id=10568, stack(0x000000c371200000,0x000000c371300000)]
=>0x000002b2d8402e80 JavaThread "JavaFX Application Thread" [_thread_in_vm, id=2456, stack(0x000000c371300000,0x000000c371400000)]
  0x000002b2d84024e0 JavaThread "Thread-2" daemon [_thread_blocked, id=2968, stack(0x000000c370400000,0x000000c370500000)]
  0x000002b2d8403cf0 JavaThread "Image Fetcher 0" daemon [_thread_blocked, id=6724, stack(0x000000c371700000,0x000000c371800000)]
  0x000002b2d8400cd0 JavaThread "Image Fetcher 1" daemon [_thread_blocked, id=8452, stack(0x000000c371800000,0x000000c371900000)]
  0x000002b2d84011a0 JavaThread "Image Fetcher 2" daemon [_thread_blocked, id=10964, stack(0x000000c371900000,0x000000c371a00000)]
  0x000002b2d8401670 JavaThread "Image Fetcher 3" daemon [_thread_blocked, id=8876, stack(0x000000c371a00000,0x000000c371b00000)]
  0x000002b2dd5341d0 JavaThread "C2 CompilerThread1" daemon [_thread_blocked, id=5912, stack(0x000000c371600000,0x000000c371700000)]

Other Threads:
  0x000002b2d66cea10 VMThread "VM Thread" [stack: 0x000000c36f300000,0x000000c36f400000] [id=2664] _threads_hazard_ptr=0x000002b2dc3120f0
  0x000002b2d7263960 WatcherThread [stack: 0x000000c36fd00000,0x000000c36fe00000] [id=8576]
  0x000002b2bab1aa60 GCTaskThread "GC Thread#0" [stack: 0x000000c36ee00000,0x000000c36ef00000] [id=5668]
  0x000002b2d725ba20 GCTaskThread "GC Thread#1" [stack: 0x000000c370000000,0x000000c370100000] [id=10448]
  0x000002b2d7bd07a0 GCTaskThread "GC Thread#2" [stack: 0x000000c370c00000,0x000000c370d00000] [id=9476]
  0x000002b2d7bd0e00 GCTaskThread "GC Thread#3" [stack: 0x000000c370d00000,0x000000c370e00000] [id=8052]
  0x000002b2bab257e0 ConcurrentGCThread "G1 Main Marker" [stack: 0x000000c36ef00000,0x000000c36f000000] [id=6748]
  0x000002b2bab26a80 ConcurrentGCThread "G1 Conc#0" [stack: 0x000000c36f000000,0x000000c36f100000] [id=8660]
  0x000002b2bab73c80 ConcurrentGCThread "G1 Refine#0" [stack: 0x000000c36f100000,0x000000c36f200000] [id=7944]
  0x000002b2da74cbf0 ConcurrentGCThread "G1 Refine#1" [stack: 0x000000c370f00000,0x000000c371000000] [id=5692]
  0x000002b2bab74790 ConcurrentGCThread "G1 Young RemSet Sampling" [stack: 0x000000c36f200000,0x000000c36f300000] [id=10836]

Threads with active compile tasks:

VM state: synchronizing (normal execution)

VM Mutex/Monitor currently owned by a thread:  ([mutex/lock_event])
[0x000002b2baae7ae0] Threads_lock - owner thread: 0x000002b2d66cea10

Heap address: 0x00000000c1800000, size: 1000 MB, Compressed Oops mode: 32-bit
CDS archive(s) mapped at: [0x0000000800000000-0x0000000800b50000-0x0000000800b50000), size 11862016, SharedBaseAddress: 0x0000000800000000, ArchiveRelocationMode: 0.
Compressed class space mapped at: 0x0000000800b50000-0x0000000840b50000, size: 1073741824
Narrow klass base: 0x0000000800000000, Narrow klass shift: 3, Narrow klass range: 0x100000000

GC Precious Log:
 CPUs: 4 total, 4 available
 Memory: 3996M
 Large Page Support: Disabled
 NUMA Support: Disabled
 Compressed Oops: Enabled (32-bit)
 Heap Region Size: 1M
 Heap Min Capacity: 8M
 Heap Initial Capacity: 64M
 Heap Max Capacity: 1000M
 Pre-touch: Disabled
 Parallel Workers: 4
 Concurrent Workers: 1
 Concurrent Refinement Workers: 4
 Periodic GC: Disabled

Heap:
 garbage-first heap   total 142336K, used 88889K [0x00000000c1800000, 0x0000000100000000)
  region size 1024K, 10 young (10240K), 4 survivors (4096K)
 Metaspace       used 45389K, capacity 45662K, committed 46032K, reserved 1089536K
  class space    used 6077K, capacity 6173K, committed 6272K, reserved 1048576K

Heap Regions: E=young(eden), S=young(survivor), O=old, HS=humongous(starts), HC=humongous(continues), CS=collection set, F=free, OA=open archive, CA=closed archive, TAMS=top-at-mark-start (previous, next)
|   0|0x00000000c1800000, 0x00000000c1900000, 0x00000000c1900000|100%| O|  |TAMS 0x00000000c1900000, 0x00000000c1800000| Untracked 
|   1|0x00000000c1900000, 0x00000000c1a00000, 0x00000000c1a00000|100%| O|  |TAMS 0x00000000c1a00000, 0x00000000c1900000| Untracked 
|   2|0x00000000c1a00000, 0x00000000c1b00000, 0x00000000c1b00000|100%| O|  |TAMS 0x00000000c1b00000, 0x00000000c1a00000| Untracked 
|   3|0x00000000c1b00000, 0x00000000c1c00000, 0x00000000c1c00000|100%| O|  |TAMS 0x00000000c1c00000, 0x00000000c1b00000| Untracked 
|   4|0x00000000c1c00000, 0x00000000c1d00000, 0x00000000c1d00000|100%| O|  |TAMS 0x00000000c1d00000, 0x00000000c1c00000| Untracked 
|   5|0x00000000c1d00000, 0x00000000c1e00000, 0x00000000c1e00000|100%| O|  |TAMS 0x00000000c1e00000, 0x00000000c1d00000| Untracked 
|   6|0x00000000c1e00000, 0x00000000c1f00000, 0x00000000c1f00000|100%| O|  |TAMS 0x00000000c1f00000, 0x00000000c1e00000| Untracked 
|   7|0x00000000c1f00000, 0x00000000c2000000, 0x00000000c2000000|100%| O|  |TAMS 0x00000000c2000000, 0x00000000c1f00000| Untracked 
|   8|0x00000000c2000000, 0x00000000c2100000, 0x00000000c2100000|100%| O|  |TAMS 0x00000000c2100000, 0x00000000c2000000| Untracked 
|   9|0x00000000c2100000, 0x00000000c2200000, 0x00000000c2200000|100%| O|  |TAMS 0x00000000c2200000, 0x00000000c2100000| Untracked 
|  10|0x00000000c2200000, 0x00000000c2300000, 0x00000000c2300000|100%| O|  |TAMS 0x00000000c2300000, 0x00000000c2200000| Untracked 
|  11|0x00000000c2300000, 0x00000000c2400000, 0x00000000c2400000|100%| O|  |TAMS 0x00000000c2400000, 0x00000000c2300000| Untracked 
|  12|0x00000000c2400000, 0x00000000c2500000, 0x00000000c2500000|100%| O|  |TAMS 0x00000000c2500000, 0x00000000c2400000| Untracked 
|  13|0x00000000c2500000, 0x00000000c2600000, 0x00000000c2600000|100%| O|  |TAMS 0x00000000c2600000, 0x00000000c2500000| Untracked 
|  14|0x00000000c2600000, 0x00000000c2700000, 0x00000000c2700000|100%| O|  |TAMS 0x00000000c2700000, 0x00000000c2600000| Untracked 
|  15|0x00000000c2700000, 0x00000000c2800000, 0x00000000c2800000|100%| O|  |TAMS 0x00000000c2800000, 0x00000000c2700000| Untracked 
|  16|0x00000000c2800000, 0x00000000c2900000, 0x00000000c2900000|100%| O|  |TAMS 0x00000000c2900000, 0x00000000c2800000| Untracked 
|  17|0x00000000c2900000, 0x00000000c2a00000, 0x00000000c2a00000|100%| O|  |TAMS 0x00000000c2a00000, 0x00000000c2900000| Untracked 
|  18|0x00000000c2a00000, 0x00000000c2b00000, 0x00000000c2b00000|100%| O|  |TAMS 0x00000000c2b00000, 0x00000000c2a00000| Untracked 
|  19|0x00000000c2b00000, 0x00000000c2c00000, 0x00000000c2c00000|100%| O|  |TAMS 0x00000000c2c00000, 0x00000000c2b00000| Untracked 
|  20|0x00000000c2c00000, 0x00000000c2d00000, 0x00000000c2d00000|100%| O|  |TAMS 0x00000000c2d00000, 0x00000000c2c00000| Untracked 
|  21|0x00000000c2d00000, 0x00000000c2e00000, 0x00000000c2e00000|100%| O|  |TAMS 0x00000000c2e00000, 0x00000000c2d00000| Untracked 
|  22|0x00000000c2e00000, 0x00000000c2f00000, 0x00000000c2f00000|100%| O|  |TAMS 0x00000000c2f00000, 0x00000000c2e00000| Untracked 
|  23|0x00000000c2f00000, 0x00000000c3000000, 0x00000000c3000000|100%| O|  |TAMS 0x00000000c3000000, 0x00000000c2f00000| Untracked 
|  24|0x00000000c3000000, 0x00000000c3100000, 0x00000000c3100000|100%| O|  |TAMS 0x00000000c3100000, 0x00000000c3000000| Untracked 
|  25|0x00000000c3100000, 0x00000000c3200000, 0x00000000c3200000|100%| O|  |TAMS 0x00000000c3200000, 0x00000000c3100000| Untracked 
|  26|0x00000000c3200000, 0x00000000c3300000, 0x00000000c3300000|100%| O|  |TAMS 0x00000000c3300000, 0x00000000c3200000| Untracked 
|  27|0x00000000c3300000, 0x00000000c3400000, 0x00000000c3400000|100%| O|  |TAMS 0x00000000c3400000, 0x00000000c3300000| Untracked 
|  28|0x00000000c3400000, 0x00000000c3500000, 0x00000000c3500000|100%| O|  |TAMS 0x00000000c3500000, 0x00000000c3400000| Untracked 
|  29|0x00000000c3500000, 0x00000000c3600000, 0x00000000c3600000|100%| O|  |TAMS 0x00000000c3600000, 0x00000000c3500000| Untracked 
|  30|0x00000000c3600000, 0x00000000c3700000, 0x00000000c3700000|100%| O|  |TAMS 0x00000000c3700000, 0x00000000c3600000| Untracked 
|  31|0x00000000c3700000, 0x00000000c3800000, 0x00000000c3800000|100%| O|  |TAMS 0x00000000c3800000, 0x00000000c3700000| Untracked 
|  32|0x00000000c3800000, 0x00000000c3900000, 0x00000000c3900000|100%| O|  |TAMS 0x00000000c3900000, 0x00000000c3800000| Untracked 
|  33|0x00000000c3900000, 0x00000000c3a00000, 0x00000000c3a00000|100%| O|  |TAMS 0x00000000c3a00000, 0x00000000c3900000| Untracked 
|  34|0x00000000c3a00000, 0x00000000c3b00000, 0x00000000c3b00000|100%| O|  |TAMS 0x00000000c3b00000, 0x00000000c3a00000| Untracked 
|  35|0x00000000c3b00000, 0x00000000c3c00000, 0x00000000c3c00000|100%| O|  |TAMS 0x00000000c3c00000, 0x00000000c3b00000| Untracked 
|  36|0x00000000c3c00000, 0x00000000c3d00000, 0x00000000c3d00000|100%| O|  |TAMS 0x00000000c3d00000, 0x00000000c3c00000| Untracked 
|  37|0x00000000c3d00000, 0x00000000c3e00000, 0x00000000c3e00000|100%| O|  |TAMS 0x00000000c3e00000, 0x00000000c3d00000| Untracked 
|  38|0x00000000c3e00000, 0x00000000c3f00000, 0x00000000c3f00000|100%| O|  |TAMS 0x00000000c3f00000, 0x00000000c3e00000| Untracked 
|  39|0x00000000c3f00000, 0x00000000c4000000, 0x00000000c4000000|100%| O|  |TAMS 0x00000000c4000000, 0x00000000c3f00000| Untracked 
|  40|0x00000000c4000000, 0x00000000c4100000, 0x00000000c4100000|100%| O|  |TAMS 0x00000000c4100000, 0x00000000c4000000| Untracked 
|  41|0x00000000c4100000, 0x00000000c4200000, 0x00000000c4200000|100%| O|  |TAMS 0x00000000c4200000, 0x00000000c4100000| Untracked 
|  42|0x00000000c4200000, 0x00000000c4300000, 0x00000000c4300000|100%| O|  |TAMS 0x00000000c4300000, 0x00000000c4200000| Untracked 
|  43|0x00000000c4300000, 0x00000000c4400000, 0x00000000c4400000|100%| O|  |TAMS 0x00000000c4400000, 0x00000000c4300000| Untracked 
|  44|0x00000000c4400000, 0x00000000c4500000, 0x00000000c4500000|100%| O|  |TAMS 0x00000000c4500000, 0x00000000c4400000| Untracked 
|  45|0x00000000c4500000, 0x00000000c4600000, 0x00000000c4600000|100%| O|  |TAMS 0x00000000c4600000, 0x00000000c4500000| Untracked 
|  46|0x00000000c4600000, 0x00000000c4700000, 0x00000000c4700000|100%| O|  |TAMS 0x00000000c4700000, 0x00000000c4600000| Untracked 
|  47|0x00000000c4700000, 0x00000000c4800000, 0x00000000c4800000|100%| O|  |TAMS 0x00000000c4800000, 0x00000000c4700000| Untracked 
|  48|0x00000000c4800000, 0x00000000c4900000, 0x00000000c4900000|100%| O|  |TAMS 0x00000000c4900000, 0x00000000c4800000| Untracked 
|  49|0x00000000c4900000, 0x00000000c4a00000, 0x00000000c4a00000|100%| O|  |TAMS 0x00000000c4a00000, 0x00000000c4900000| Untracked 
|  50|0x00000000c4a00000, 0x00000000c4b00000, 0x00000000c4b00000|100%| O|  |TAMS 0x00000000c4b00000, 0x00000000c4a00000| Untracked 
|  51|0x00000000c4b00000, 0x00000000c4c00000, 0x00000000c4c00000|100%| O|  |TAMS 0x00000000c4c00000, 0x00000000c4b00000| Untracked 
|  52|0x00000000c4c00000, 0x00000000c4d00000, 0x00000000c4d00000|100%| O|  |TAMS 0x00000000c4d00000, 0x00000000c4c00000| Untracked 
|  53|0x00000000c4d00000, 0x00000000c4e00000, 0x00000000c4e00000|100%|HS|  |TAMS 0x00000000c4e00000, 0x00000000c4d00000| Complete 
|  54|0x00000000c4e00000, 0x00000000c4f00000, 0x00000000c4f00000|100%|HC|  |TAMS 0x00000000c4f00000, 0x00000000c4e00000| Complete 
|  55|0x00000000c4f00000, 0x00000000c5000000, 0x00000000c5000000|100%|HC|  |TAMS 0x00000000c5000000, 0x00000000c4f00000| Complete 
|  56|0x00000000c5000000, 0x00000000c5100000, 0x00000000c5100000|100%|HC|  |TAMS 0x00000000c5100000, 0x00000000c5000000| Complete 
|  57|0x00000000c5100000, 0x00000000c5200000, 0x00000000c5200000|100%|HC|  |TAMS 0x00000000c5200000, 0x00000000c5100000| Complete 
|  58|0x00000000c5200000, 0x00000000c5300000, 0x00000000c5300000|100%|HC|  |TAMS 0x00000000c5300000, 0x00000000c5200000| Complete 
|  59|0x00000000c5300000, 0x00000000c5400000, 0x00000000c5400000|100%|HC|  |TAMS 0x00000000c5400000, 0x00000000c5300000| Complete 
|  60|0x00000000c5400000, 0x00000000c5500000, 0x00000000c5500000|100%|HC|  |TAMS 0x00000000c5500000, 0x00000000c5400000| Complete 
|  61|0x00000000c5500000, 0x00000000c5600000, 0x00000000c5600000|100%|HC|  |TAMS 0x00000000c5600000, 0x00000000c5500000| Complete 
|  62|0x00000000c5600000, 0x00000000c5700000, 0x00000000c5700000|100%| O|  |TAMS 0x00000000c5700000, 0x00000000c5600000| Untracked 
|  63|0x00000000c5700000, 0x00000000c5800000, 0x00000000c5800000|100%| O|  |TAMS 0x00000000c5800000, 0x00000000c5700000| Untracked 
|  64|0x00000000c5800000, 0x00000000c5900000, 0x00000000c5900000|100%| O|  |TAMS 0x00000000c5900000, 0x00000000c5800000| Untracked 
|  65|0x00000000c5900000, 0x00000000c5a00000, 0x00000000c5a00000|100%| O|  |TAMS 0x00000000c5a00000, 0x00000000c5900000| Untracked 
|  66|0x00000000c5a00000, 0x00000000c5b00000, 0x00000000c5b00000|100%| O|  |TAMS 0x00000000c5b00000, 0x00000000c5a00000| Untracked 
|  67|0x00000000c5b00000, 0x00000000c5c00000, 0x00000000c5c00000|100%| O|  |TAMS 0x00000000c5c00000, 0x00000000c5b00000| Untracked 
|  68|0x00000000c5c00000, 0x00000000c5d00000, 0x00000000c5d00000|100%| O|  |TAMS 0x00000000c5c9de00, 0x00000000c5c00000| Untracked 
|  69|0x00000000c5d00000, 0x00000000c5e00000, 0x00000000c5e00000|100%| O|  |TAMS 0x00000000c5d00000, 0x00000000c5d00000| Untracked 
|  70|0x00000000c5e00000, 0x00000000c5f00000, 0x00000000c5f00000|100%| O|  |TAMS 0x00000000c5e00000, 0x00000000c5e00000| Untracked 
|  71|0x00000000c5f00000, 0x00000000c6000000, 0x00000000c6000000|100%| O|  |TAMS 0x00000000c5f00000, 0x00000000c5f00000| Untracked 
|  72|0x00000000c6000000, 0x00000000c6100000, 0x00000000c6100000|100%| O|  |TAMS 0x00000000c6000000, 0x00000000c6000000| Untracked 
|  73|0x00000000c6100000, 0x00000000c61ce400, 0x00000000c6200000| 80%| O|  |TAMS 0x00000000c6100000, 0x00000000c6100000| Untracked 
|  74|0x00000000c6200000, 0x00000000c6300000, 0x00000000c6300000|100%|HS|  |TAMS 0x00000000c6200000, 0x00000000c6200000| Complete 
|  75|0x00000000c6300000, 0x00000000c6400000, 0x00000000c6400000|100%|HC|  |TAMS 0x00000000c6300000, 0x00000000c6300000| Complete 
|  76|0x00000000c6400000, 0x00000000c6500000, 0x00000000c6500000|100%|HC|  |TAMS 0x00000000c6400000, 0x00000000c6400000| Complete 
|  77|0x00000000c6500000, 0x00000000c6600000, 0x00000000c6600000|100%|HC|  |TAMS 0x00000000c6500000, 0x00000000c6500000| Complete 
|  78|0x00000000c6600000, 0x00000000c6600000, 0x00000000c6700000|  0%| F|  |TAMS 0x00000000c6600000, 0x00000000c6600000| Untracked 
|  79|0x00000000c6700000, 0x00000000c6700000, 0x00000000c6800000|  0%| F|  |TAMS 0x00000000c6700000, 0x00000000c6700000| Untracked 
|  80|0x00000000c6800000, 0x00000000c6800000, 0x00000000c6900000|  0%| F|  |TAMS 0x00000000c6800000, 0x00000000c6800000| Untracked 
|  81|0x00000000c6900000, 0x00000000c6900000, 0x00000000c6a00000|  0%| F|  |TAMS 0x00000000c6900000, 0x00000000c6900000| Untracked 
|  82|0x00000000c6a00000, 0x00000000c6a00000, 0x00000000c6b00000|  0%| F|  |TAMS 0x00000000c6a00000, 0x00000000c6a00000| Untracked 
|  83|0x00000000c6b00000, 0x00000000c6b00000, 0x00000000c6c00000|  0%| F|  |TAMS 0x00000000c6b00000, 0x00000000c6b00000| Untracked 
|  84|0x00000000c6c00000, 0x00000000c6c00000, 0x00000000c6d00000|  0%| F|  |TAMS 0x00000000c6c00000, 0x00000000c6c00000| Untracked 
|  85|0x00000000c6d00000, 0x00000000c6d00000, 0x00000000c6e00000|  0%| F|  |TAMS 0x00000000c6d00000, 0x00000000c6d00000| Untracked 
|  86|0x00000000c6e00000, 0x00000000c6e00000, 0x00000000c6f00000|  0%| F|  |TAMS 0x00000000c6e00000, 0x00000000c6e00000| Untracked 
|  87|0x00000000c6f00000, 0x00000000c6f00000, 0x00000000c7000000|  0%| F|  |TAMS 0x00000000c6f00000, 0x00000000c6f00000| Untracked 
|  88|0x00000000c7000000, 0x00000000c7000000, 0x00000000c7100000|  0%| F|  |TAMS 0x00000000c7000000, 0x00000000c7000000| Untracked 
|  89|0x00000000c7100000, 0x00000000c7100000, 0x00000000c7200000|  0%| F|  |TAMS 0x00000000c7100000, 0x00000000c7100000| Untracked 
|  90|0x00000000c7200000, 0x00000000c7200000, 0x00000000c7300000|  0%| F|  |TAMS 0x00000000c7200000, 0x00000000c7200000| Untracked 
|  91|0x00000000c7300000, 0x00000000c7300000, 0x00000000c7400000|  0%| F|  |TAMS 0x00000000c7300000, 0x00000000c7300000| Untracked 
|  92|0x00000000c7400000, 0x00000000c7400000, 0x00000000c7500000|  0%| F|  |TAMS 0x00000000c7400000, 0x00000000c7400000| Untracked 
|  93|0x00000000c7500000, 0x00000000c7500000, 0x00000000c7600000|  0%| F|  |TAMS 0x00000000c7500000, 0x00000000c7500000| Untracked 
|  94|0x00000000c7600000, 0x00000000c7600000, 0x00000000c7700000|  0%| F|  |TAMS 0x00000000c7600000, 0x00000000c7600000| Untracked 
|  95|0x00000000c7700000, 0x00000000c7700000, 0x00000000c7800000|  0%| F|  |TAMS 0x00000000c7700000, 0x00000000c7700000| Untracked 
|  96|0x00000000c7800000, 0x00000000c7800000, 0x00000000c7900000|  0%| F|  |TAMS 0x00000000c7800000, 0x00000000c7800000| Untracked 
|  97|0x00000000c7900000, 0x00000000c7900000, 0x00000000c7a00000|  0%| F|  |TAMS 0x00000000c7900000, 0x00000000c7900000| Untracked 
|  98|0x00000000c7a00000, 0x00000000c7a00000, 0x00000000c7b00000|  0%| F|  |TAMS 0x00000000c7a00000, 0x00000000c7a00000| Untracked 
|  99|0x00000000c7b00000, 0x00000000c7b00000, 0x00000000c7c00000|  0%| F|  |TAMS 0x00000000c7b00000, 0x00000000c7b00000| Untracked 
| 100|0x00000000c7c00000, 0x00000000c7c00000, 0x00000000c7d00000|  0%| F|  |TAMS 0x00000000c7c00000, 0x00000000c7c00000| Untracked 
| 101|0x00000000c7d00000, 0x00000000c7d00000, 0x00000000c7e00000|  0%| F|  |TAMS 0x00000000c7d00000, 0x00000000c7d00000| Untracked 
| 102|0x00000000c7e00000, 0x00000000c7e00000, 0x00000000c7f00000|  0%| F|  |TAMS 0x00000000c7e00000, 0x00000000c7e00000| Untracked 
| 103|0x00000000c7f00000, 0x00000000c7f00000, 0x00000000c8000000|  0%| F|  |TAMS 0x00000000c7f00000, 0x00000000c7f00000| Untracked 
| 104|0x00000000c8000000, 0x00000000c8100000, 0x00000000c8100000|100%| S|CS|TAMS 0x00000000c8000000, 0x00000000c8000000| Complete 
| 105|0x00000000c8100000, 0x00000000c8200000, 0x00000000c8200000|100%| S|CS|TAMS 0x00000000c8100000, 0x00000000c8100000| Complete 
| 106|0x00000000c8200000, 0x00000000c8300000, 0x00000000c8300000|100%| S|CS|TAMS 0x00000000c8200000, 0x00000000c8200000| Complete 
| 107|0x00000000c8300000, 0x00000000c8400000, 0x00000000c8400000|100%| S|CS|TAMS 0x00000000c8300000, 0x00000000c8300000| Complete 
| 108|0x00000000c8400000, 0x00000000c8400000, 0x00000000c8500000|  0%| F|  |TAMS 0x00000000c8400000, 0x00000000c8400000| Untracked 
| 109|0x00000000c8500000, 0x00000000c8500000, 0x00000000c8600000|  0%| F|  |TAMS 0x00000000c8500000, 0x00000000c8500000| Untracked 
| 110|0x00000000c8600000, 0x00000000c8600000, 0x00000000c8700000|  0%| F|  |TAMS 0x00000000c8600000, 0x00000000c8600000| Untracked 
| 111|0x00000000c8700000, 0x00000000c8700000, 0x00000000c8800000|  0%| F|  |TAMS 0x00000000c8700000, 0x00000000c8700000| Untracked 
| 112|0x00000000c8800000, 0x00000000c8800000, 0x00000000c8900000|  0%| F|  |TAMS 0x00000000c8800000, 0x00000000c8800000| Untracked 
| 113|0x00000000c8900000, 0x00000000c8900000, 0x00000000c8a00000|  0%| F|  |TAMS 0x00000000c8900000, 0x00000000c8900000| Untracked 
| 114|0x00000000c8a00000, 0x00000000c8a00000, 0x00000000c8b00000|  0%| F|  |TAMS 0x00000000c8a00000, 0x00000000c8a00000| Untracked 
| 115|0x00000000c8b00000, 0x00000000c8b00000, 0x00000000c8c00000|  0%| F|  |TAMS 0x00000000c8b00000, 0x00000000c8b00000| Untracked 
| 116|0x00000000c8c00000, 0x00000000c8c00000, 0x00000000c8d00000|  0%| F|  |TAMS 0x00000000c8c00000, 0x00000000c8c00000| Untracked 
| 117|0x00000000c8d00000, 0x00000000c8d00000, 0x00000000c8e00000|  0%| F|  |TAMS 0x00000000c8d00000, 0x00000000c8d00000| Untracked 
| 118|0x00000000c8e00000, 0x00000000c8e00000, 0x00000000c8f00000|  0%| F|  |TAMS 0x00000000c8e00000, 0x00000000c8e00000| Untracked 
| 119|0x00000000c8f00000, 0x00000000c8f00000, 0x00000000c9000000|  0%| F|  |TAMS 0x00000000c8f00000, 0x00000000c8f00000| Untracked 
| 120|0x00000000c9000000, 0x00000000c9000000, 0x00000000c9100000|  0%| F|  |TAMS 0x00000000c9000000, 0x00000000c9000000| Untracked 
| 121|0x00000000c9100000, 0x00000000c9100000, 0x00000000c9200000|  0%| F|  |TAMS 0x00000000c9100000, 0x00000000c9100000| Untracked 
| 122|0x00000000c9200000, 0x00000000c9200000, 0x00000000c9300000|  0%| F|  |TAMS 0x00000000c9200000, 0x00000000c9200000| Untracked 
| 123|0x00000000c9300000, 0x00000000c9400000, 0x00000000c9400000|100%| E|CS|TAMS 0x00000000c9300000, 0x00000000c9300000| Complete 
| 124|0x00000000c9400000, 0x00000000c9400000, 0x00000000c9500000|  0%| F|  |TAMS 0x00000000c9400000, 0x00000000c9400000| Untracked 
| 125|0x00000000c9500000, 0x00000000c9500000, 0x00000000c9600000|  0%| F|  |TAMS 0x00000000c9500000, 0x00000000c9500000| Untracked 
| 126|0x00000000c9600000, 0x00000000c9600000, 0x00000000c9700000|  0%| F|  |TAMS 0x00000000c9600000, 0x00000000c9600000| Untracked 
| 127|0x00000000c9700000, 0x00000000c9700000, 0x00000000c9800000|  0%| F|  |TAMS 0x00000000c9700000, 0x00000000c9700000| Untracked 
| 128|0x00000000c9800000, 0x00000000c9800000, 0x00000000c9900000|  0%| F|  |TAMS 0x00000000c9800000, 0x00000000c9800000| Untracked 
| 129|0x00000000c9900000, 0x00000000c9900000, 0x00000000c9a00000|  0%| F|  |TAMS 0x00000000c9900000, 0x00000000c9900000| Untracked 
| 130|0x00000000c9a00000, 0x00000000c9a00000, 0x00000000c9b00000|  0%| F|  |TAMS 0x00000000c9a00000, 0x00000000c9a00000| Untracked 
| 131|0x00000000c9b00000, 0x00000000c9b00000, 0x00000000c9c00000|  0%| F|  |TAMS 0x00000000c9b00000, 0x00000000c9b00000| Untracked 
| 132|0x00000000c9c00000, 0x00000000c9c00000, 0x00000000c9d00000|  0%| F|  |TAMS 0x00000000c9c00000, 0x00000000c9c00000| Untracked 
| 133|0x00000000c9d00000, 0x00000000c9d00000, 0x00000000c9e00000|  0%| F|  |TAMS 0x00000000c9d00000, 0x00000000c9d00000| Untracked 
| 134|0x00000000c9e00000, 0x00000000c9ef41b8, 0x00000000c9f00000| 95%| E|  |TAMS 0x00000000c9e00000, 0x00000000c9e00000| Complete 
| 135|0x00000000c9f00000, 0x00000000ca000000, 0x00000000ca000000|100%| E|CS|TAMS 0x00000000c9f00000, 0x00000000c9f00000| Complete 
| 136|0x00000000ca000000, 0x00000000ca100000, 0x00000000ca100000|100%| E|CS|TAMS 0x00000000ca000000, 0x00000000ca000000| Complete 
| 137|0x00000000ca100000, 0x00000000ca200000, 0x00000000ca200000|100%| E|CS|TAMS 0x00000000ca100000, 0x00000000ca100000| Complete 
| 138|0x00000000ca200000, 0x00000000ca300000, 0x00000000ca300000|100%| E|CS|TAMS 0x00000000ca200000, 0x00000000ca200000| Complete 

Card table byte_map: [0x000002b2d1f10000,0x000002b2d2110000] _byte_map_base: 0x000002b2d1904000

Marking Bits (Prev, Next): (CMBitMap*) 0x000002b2bab1d1c0, (CMBitMap*) 0x000002b2bab1d180
 Prev Bits: [0x000002b2d32b0000, 0x000002b2d4250000)
 Next Bits: [0x000002b2d2310000, 0x000002b2d32b0000)

Polling page: 0x000002b2b8990000

Metaspace:

Usage:
  Non-class:     38.56 MB capacity,    38.39 MB (>99%) used,   128.48 KB ( <1%) free+waste,    48.94 KB ( <1%) overhead. 
      Class:      6.03 MB capacity,     5.94 MB ( 98%) used,    76.89 KB (  1%) free+waste,    18.19 KB ( <1%) overhead. 
       Both:     44.59 MB capacity,    44.33 MB (>99%) used,   205.37 KB ( <1%) free+waste,    67.12 KB ( <1%) overhead. 

Virtual space:
  Non-class space:       40.00 MB reserved,      38.83 MB ( 97%) committed 
      Class space:        1.00 GB reserved,       6.12 MB ( <1%) committed 
             Both:        1.04 GB reserved,      44.95 MB (  4%) committed 

Chunk freelists:
   Non-Class:  271.00 KB
       Class:  3.00 KB
        Both:  274.00 KB

MaxMetaspaceSize: 17179869184.00 GB
CompressedClassSpaceSize: 1.00 GB

CodeHeap 'non-profiled nmethods': size=120000Kb used=2927Kb max_used=3065Kb free=117072Kb
 bounds [0x000002b2ca7e0000, 0x000002b2caae0000, 0x000002b2d1d10000]
CodeHeap 'profiled nmethods': size=120000Kb used=10179Kb max_used=11439Kb free=109820Kb
 bounds [0x000002b2c32b0000, 0x000002b2c3e00000, 0x000002b2ca7e0000]
CodeHeap 'non-nmethods': size=5760Kb used=1510Kb max_used=1552Kb free=4249Kb
 bounds [0x000002b2c2d10000, 0x000002b2c2f80000, 0x000002b2c32b0000]
 total_blobs=5850 nmethods=4996 adapters=764
 compilation: enabled
              stopped_count=0, restarted_count=0
 full_count=0

Compilation events (20 events):
Event: 21.610 Thread 0x000002b2d66ef550 5767 % !   4       sun.awt.image.PNGImageDecoder::produceImage @ 960 (1917 bytes)
Event: 21.610 Thread 0x000002b2d6756f30 nmethod 5798 0x000002b2c381ca10 code [0x000002b2c381cbc0, 0x000002b2c381cdb8]
Event: 21.692 Thread 0x000002b2d66ef550 nmethod 5767% 0x000002b2caa26b10 code [0x000002b2caa26dc0, 0x000002b2caa29338]
Event: 21.692 Thread 0x000002b2d66ef550 5759       4       java.lang.ref.Reference::clear (6 bytes)
Event: 21.693 Thread 0x000002b2d66ef550 nmethod 5759 0x000002b2ca82cd90 code [0x000002b2ca82cf00, 0x000002b2ca82cfb8]
Event: 21.693 Thread 0x000002b2d66ef550 5766       4       java.lang.invoke.DirectMethodHandle::constructorMethod (10 bytes)
Event: 21.694 Thread 0x000002b2d66ef550 nmethod 5766 0x000002b2ca82ca90 code [0x000002b2ca82cc00, 0x000002b2ca82cc78]
Event: 21.694 Thread 0x000002b2d66ef550 5756       4       java.lang.Enum::equals (11 bytes)
Event: 21.695 Thread 0x000002b2d66ef550 nmethod 5756 0x000002b2ca82c790 code [0x000002b2ca82c900, 0x000002b2ca82c978]
Event: 21.695 Thread 0x000002b2d66ef550 5799       4       jdk.internal.loader.URLClassPath$JarLoader$2::getCodeSourceURL (8 bytes)
Event: 21.695 Thread 0x000002b2d66ef550 nmethod 5799 0x000002b2ca82c490 code [0x000002b2ca82c600, 0x000002b2ca82c678]
Event: 21.695 Thread 0x000002b2d66ef550 5800       4       java.util.ImmutableCollections$ListN::size (6 bytes)
Event: 21.695 Thread 0x000002b2d66ef550 nmethod 5800 0x000002b2ca82c190 code [0x000002b2ca82c300, 0x000002b2ca82c378]
Event: 21.709 Thread 0x000002b2d6756f30 5802   !   3       java.util.logging.LogManager::ensureLogManagerInitialized (144 bytes)
Event: 21.710 Thread 0x000002b2d66ef550 5803   !   4       java.util.zip.InflaterInputStream::read (138 bytes)
Event: 21.710 Thread 0x000002b2d6756f30 nmethod 5802 0x000002b2c3a24690 code [0x000002b2c3a24960, 0x000002b2c3a25b38]
Event: 21.768 Thread 0x000002b2dd5341d0 nmethod 5749 0x000002b2ca998990 code [0x000002b2ca998e40, 0x000002b2ca99e758]
Event: 21.771 Thread 0x000002b2dd5341d0 5804   !   4       java.awt.Component::firePropertyChange (59 bytes)
Event: 21.813 Thread 0x000002b2d66ef550 nmethod 5803 0x000002b2ca8c7690 code [0x000002b2ca8c7940, 0x000002b2ca8ca5f0]
Event: 21.823 Thread 0x000002b2dd5341d0 nmethod 5804 0x000002b2caa79010 code [0x000002b2caa79200, 0x000002b2caa7a7b8]

GC Heap History (20 events):
Event: 10.135 GC heap before
{Heap before GC invocations=8 (full 0):
 garbage-first heap   total 78848K, used 52598K [0x00000000c1800000, 0x0000000100000000)
  region size 1024K, 27 young (27648K), 3 survivors (3072K)
 Metaspace       used 32006K, capacity 32220K, committed 32560K, reserved 1077248K
  class space    used 3792K, capacity 3883K, committed 3968K, reserved 1048576K
}
Event: 10.151 GC heap after
{Heap after GC invocations=9 (full 0):
 garbage-first heap   total 78848K, used 35238K [0x00000000c1800000, 0x0000000100000000)
  region size 1024K, 4 young (4096K), 4 survivors (4096K)
 Metaspace       used 32006K, capacity 32220K, committed 32560K, reserved 1077248K
  class space    used 3792K, capacity 3883K, committed 3968K, reserved 1048576K
}
Event: 13.221 GC heap before
{Heap before GC invocations=9 (full 0):
 garbage-first heap   total 78848K, used 55718K [0x00000000c1800000, 0x0000000100000000)
  region size 1024K, 24 young (24576K), 4 survivors (4096K)
 Metaspace       used 34941K, capacity 35197K, committed 35632K, reserved 1081344K
  class space    used 4365K, capacity 4459K, committed 4480K, reserved 1048576K
}
Event: 13.230 GC heap after
{Heap after GC invocations=10 (full 0):
 garbage-first heap   total 78848K, used 39129K [0x00000000c1800000, 0x0000000100000000)
  region size 1024K, 3 young (3072K), 3 survivors (3072K)
 Metaspace       used 34941K, capacity 35197K, committed 35632K, reserved 1081344K
  class space    used 4365K, capacity 4459K, committed 4480K, reserved 1048576K
}
Event: 13.652 GC heap before
{Heap before GC invocations=10 (full 0):
 garbage-first heap   total 78848K, used 43225K [0x00000000c1800000, 0x0000000100000000)
  region size 1024K, 8 young (8192K), 3 survivors (3072K)
 Metaspace       used 35355K, capacity 35550K, committed 35920K, reserved 1081344K
  class space    used 4478K, capacity 4555K, committed 4608K, reserved 1048576K
}
Event: 13.658 GC heap after
{Heap after GC invocations=11 (full 0):
 garbage-first heap   total 78848K, used 41019K [0x00000000c1800000, 0x0000000100000000)
  region size 1024K, 2 young (2048K), 2 survivors (2048K)
 Metaspace       used 35355K, capacity 35550K, committed 35920K, reserved 1081344K
  class space    used 4478K, capacity 4555K, committed 4608K, reserved 1048576K
}
Event: 15.290 GC heap before
{Heap before GC invocations=12 (full 0):
 garbage-first heap   total 78848K, used 58427K [0x00000000c1800000, 0x0000000100000000)
  region size 1024K, 19 young (19456K), 2 survivors (2048K)
 Metaspace       used 38550K, capacity 38834K, committed 39248K, reserved 1083392K
  class space    used 4973K, capacity 5073K, committed 5120K, reserved 1048576K
}
Event: 15.297 GC heap after
{Heap after GC invocations=13 (full 0):
 garbage-first heap   total 78848K, used 43344K [0x00000000c1800000, 0x0000000100000000)
  region size 1024K, 3 young (3072K), 3 survivors (3072K)
 Metaspace       used 38550K, capacity 38834K, committed 39248K, reserved 1083392K
  class space    used 4973K, capacity 5073K, committed 5120K, reserved 1048576K
}
Event: 16.118 GC heap before
{Heap before GC invocations=13 (full 0):
 garbage-first heap   total 78848K, used 59728K [0x00000000c1800000, 0x0000000100000000)
  region size 1024K, 19 young (19456K), 3 survivors (3072K)
 Metaspace       used 40777K, capacity 41006K, committed 41296K, reserved 1085440K
  class space    used 5274K, capacity 5369K, committed 5376K, reserved 1048576K
}
Event: 16.126 GC heap after
{Heap after GC invocations=14 (full 0):
 garbage-first heap   total 78848K, used 47838K [0x00000000c1800000, 0x0000000100000000)
  region size 1024K, 3 young (3072K), 3 survivors (3072K)
 Metaspace       used 40777K, capacity 41006K, committed 41296K, reserved 1085440K
  class space    used 5274K, capacity 5369K, committed 5376K, reserved 1048576K
}
Event: 16.588 GC heap before
{Heap before GC invocations=15 (full 0):
 garbage-first heap   total 83968K, used 61150K [0x00000000c1800000, 0x0000000100000000)
  region size 1024K, 16 young (16384K), 3 survivors (3072K)
 Metaspace       used 41335K, capacity 41582K, committed 41936K, reserved 1085440K
  class space    used 5399K, capacity 5497K, committed 5504K, reserved 1048576K
}
Event: 16.594 GC heap after
{Heap after GC invocations=16 (full 0):
 garbage-first heap   total 83968K, used 52182K [0x00000000c1800000, 0x0000000100000000)
  region size 1024K, 2 young (2048K), 2 survivors (2048K)
 Metaspace       used 41335K, capacity 41582K, committed 41936K, reserved 1085440K
  class space    used 5399K, capacity 5497K, committed 5504K, reserved 1048576K
}
Event: 17.039 GC heap before
{Heap before GC invocations=16 (full 0):
 garbage-first heap   total 83968K, used 62422K [0x00000000c1800000, 0x0000000100000000)
  region size 1024K, 14 young (14336K), 2 survivors (2048K)
 Metaspace       used 41751K, capacity 41998K, committed 42320K, reserved 1085440K
  class space    used 5514K, capacity 5593K, committed 5632K, reserved 1048576K
}
Event: 17.044 GC heap after
{Heap after GC invocations=17 (full 0):
 garbage-first heap   total 83968K, used 56320K [0x00000000c1800000, 0x0000000100000000)
  region size 1024K, 2 young (2048K), 2 survivors (2048K)
 Metaspace       used 41751K, capacity 41998K, committed 42320K, reserved 1085440K
  class space    used 5514K, capacity 5593K, committed 5632K, reserved 1048576K
}
Event: 17.191 GC heap before
{Heap before GC invocations=17 (full 0):
 garbage-first heap   total 126976K, used 74752K [0x00000000c1800000, 0x0000000100000000)
  region size 1024K, 12 young (12288K), 2 survivors (2048K)
 Metaspace       used 41826K, capacity 42094K, committed 42576K, reserved 1087488K
  class space    used 5538K, capacity 5625K, committed 5632K, reserved 1048576K
}
Event: 17.196 GC heap after
{Heap after GC invocations=18 (full 0):
 garbage-first heap   total 126976K, used 66007K [0x00000000c1800000, 0x0000000100000000)
  region size 1024K, 1 young (1024K), 1 survivors (1024K)
 Metaspace       used 41826K, capacity 42094K, committed 42576K, reserved 1087488K
  class space    used 5538K, capacity 5625K, committed 5632K, reserved 1048576K
}
Event: 18.104 GC heap before
{Heap before GC invocations=19 (full 0):
 garbage-first heap   total 126976K, used 93655K [0x00000000c1800000, 0x0000000100000000)
  region size 1024K, 29 young (29696K), 1 survivors (1024K)
 Metaspace       used 42612K, capacity 42863K, committed 43344K, reserved 1087488K
  class space    used 5731K, capacity 5817K, committed 5888K, reserved 1048576K
}
Event: 18.110 GC heap after
{Heap after GC invocations=20 (full 0):
 garbage-first heap   total 126976K, used 74359K [0x00000000c1800000, 0x0000000100000000)
  region size 1024K, 4 young (4096K), 4 survivors (4096K)
 Metaspace       used 42612K, capacity 42863K, committed 43344K, reserved 1087488K
  class space    used 5731K, capacity 5817K, committed 5888K, reserved 1048576K
}
Event: 18.776 GC heap before
{Heap before GC invocations=20 (full 0):
 garbage-first heap   total 126976K, used 88695K [0x00000000c1800000, 0x0000000100000000)
  region size 1024K, 20 young (20480K), 4 survivors (4096K)
 Metaspace       used 43717K, capacity 43951K, committed 44496K, reserved 1087488K
  class space    used 5866K, capacity 5945K, committed 6016K, reserved 1048576K
}
Event: 18.780 GC heap after
{Heap after GC invocations=21 (full 0):
 garbage-first heap   total 126976K, used 79673K [0x00000000c1800000, 0x0000000100000000)
  region size 1024K, 4 young (4096K), 4 survivors (4096K)
 Metaspace       used 43717K, capacity 43951K, committed 44496K, reserved 1087488K
  class space    used 5866K, capacity 5945K, committed 6016K, reserved 1048576K
}

Deoptimization events (20 events):
Event: 21.521 Thread 0x000002b2d7fc3c00 Uncommon trap: trap_request=0xffffff45 fr.pc=0x000002b2ca9384d8 relative=0x0000000000001578
Event: 21.521 Thread 0x000002b2d7fc3c00 Uncommon trap: reason=unstable_if action=reinterpret pc=0x000002b2ca9384d8 method=javax.swing.plaf.basic.BasicHTML.isHTMLString(Ljava/lang/String;)Z @ 1 c2
Event: 21.521 Thread 0x000002b2d7fc3c00 DEOPT PACKING pc=0x000002b2ca9384d8 sp=0x000000c3705fdc40
Event: 21.521 Thread 0x000002b2d7fc3c00 DEOPT UNPACKING pc=0x000002b2c2d5e42f sp=0x000000c3705fdba0 mode 2
Event: 21.522 Thread 0x000002b2d7fc3c00 Uncommon trap: trap_request=0xffffff45 fr.pc=0x000002b2ca921cb4 relative=0x0000000000000c94
Event: 21.522 Thread 0x000002b2d7fc3c00 Uncommon trap: reason=unstable_if action=reinterpret pc=0x000002b2ca921cb4 method=javax.swing.UIDefaults$TextAndMnemonicHashMap.get(Ljava/lang/Object;)Ljava/lang/Object; @ 90 c2
Event: 21.522 Thread 0x000002b2d7fc3c00 DEOPT PACKING pc=0x000002b2ca921cb4 sp=0x000000c3705fdcc0
Event: 21.522 Thread 0x000002b2d7fc3c00 DEOPT UNPACKING pc=0x000002b2c2d5e42f sp=0x000000c3705fdc60 mode 2
Event: 21.524 Thread 0x000002b2d7fc3c00 Uncommon trap: trap_request=0xffffff45 fr.pc=0x000002b2caa491e0 relative=0x00000000000005a0
Event: 21.524 Thread 0x000002b2d7fc3c00 Uncommon trap: reason=unstable_if action=reinterpret pc=0x000002b2caa491e0 method=javax.swing.SwingUtilities.findDisplayedMnemonicIndex(Ljava/lang/String;I)I @ 1 c2
Event: 21.524 Thread 0x000002b2d7fc3c00 DEOPT PACKING pc=0x000002b2caa491e0 sp=0x000000c3705fdc70
Event: 21.524 Thread 0x000002b2d7fc3c00 DEOPT UNPACKING pc=0x000002b2c2d5e42f sp=0x000000c3705fdc00 mode 2
Event: 21.574 Thread 0x000002b2d7fc3c00 Uncommon trap: trap_request=0xffffffc6 fr.pc=0x000002b2ca7f15e4 relative=0x0000000000000104
Event: 21.574 Thread 0x000002b2d7fc3c00 Uncommon trap: reason=bimorphic_or_optimized_type_check action=maybe_recompile pc=0x000002b2ca7f15e4 method=java.awt.Component.getBackground()Ljava/awt/Color; @ 21 c2
Event: 21.574 Thread 0x000002b2d7fc3c00 DEOPT PACKING pc=0x000002b2ca7f15e4 sp=0x000000c3705fd510
Event: 21.574 Thread 0x000002b2d7fc3c00 DEOPT UNPACKING pc=0x000002b2c2d5e42f sp=0x000000c3705fd490 mode 2
Event: 21.575 Thread 0x000002b2d7fc3c00 Uncommon trap: trap_request=0xffffffc6 fr.pc=0x000002b2ca7f15e4 relative=0x0000000000000104
Event: 21.575 Thread 0x000002b2d7fc3c00 Uncommon trap: reason=bimorphic_or_optimized_type_check action=maybe_recompile pc=0x000002b2ca7f15e4 method=java.awt.Component.getBackground()Ljava/awt/Color; @ 21 c2
Event: 21.575 Thread 0x000002b2d7fc3c00 DEOPT PACKING pc=0x000002b2ca7f15e4 sp=0x000000c3705fcf50
Event: 21.575 Thread 0x000002b2d7fc3c00 DEOPT UNPACKING pc=0x000002b2c2d5e42f sp=0x000000c3705fced0 mode 2

Classes unloaded (0 events):
No events

Classes redefined (0 events):
No events

Internal exceptions (20 events):
Event: 15.263 Thread 0x000002b2d8403cf0 Exception <a 'java/lang/NoSuchMethodError'{0x00000000c5259b08}: 'int java.lang.invoke.DirectMethodHandle$Holder.invokeStaticInit(java.lang.Object, java.lang.Object, java.lang.Object)'> (0x00000000c5259b08) 
thrown [./open/src/hotspot/share/interpreter/linkResolver.cpp, line 782]
Event: 15.298 Thread 0x000002b2d8403cf0 Exception <a 'java/lang/NoSuchMethodError'{0x00000000c6402a10}: 'java.lang.Object java.lang.invoke.DirectMethodHandle$Holder.newInvokeSpecial(java.lang.Object, java.lang.Object, int, java.lang.Object)'> (0x00000000c6402a10) 
thrown [./open/src/hotspot/share/interpreter/linkResolver.cpp, line 782]
Event: 15.298 Thread 0x000002b2d8403cf0 Exception <a 'java/lang/NoSuchMethodError'{0x00000000c6406c50}: 'java.lang.Object java.lang.invoke.DirectMethodHandle$Holder.invokeSpecial(java.lang.Object, java.lang.Object, java.lang.Object, int, java.lang.Object)'> (0x00000000c6406c50) 
thrown [./open/src/hotspot/share/interpreter/linkResolver.cpp, line 782]
Event: 15.358 Thread 0x000002b2d8402e80 Implicit null exception at 0x000002b2ca8c456f to 0x000002b2ca8c4d00
Event: 15.735 Thread 0x000002b2d7fc3c00 Exception <a 'java/lang/NoSuchMethodError'{0x00000000c5e7e788}: 'java.lang.Object java.lang.invoke.DirectMethodHandle$Holder.invokeStaticInit(java.lang.Object, java.lang.Object, java.lang.Object, java.lang.Object)'> (0x00000000c5e7e788) 
thrown [./open/src/hotspot/share/interpreter/linkResolver.cpp, line 782]
Event: 16.363 Thread 0x000002b2d8400cd0 Implicit null exception at 0x000002b2caa8a424 to 0x000002b2caa8b990
Event: 18.031 Thread 0x000002b2d84011a0 Implicit null exception at 0x000002b2caa97f09 to 0x000002b2caa9a2c4
Event: 18.708 Thread 0x000002b2d7fc3c00 Implicit null exception at 0x000002b2caac3b72 to 0x000002b2caac48b8
Event: 18.711 Thread 0x000002b2d7fc3c00 Implicit null exception at 0x000002b2caac8466 to 0x000002b2caacdf14
Event: 18.727 Thread 0x000002b2d7fc3c00 Implicit null exception at 0x000002b2ca91d9d0 to 0x000002b2ca91ecb4
Event: 18.727 Thread 0x000002b2d7fc3c00 Implicit null exception at 0x000002b2ca934d26 to 0x000002b2ca935550
Event: 21.368 Thread 0x000002b2d7fc3c00 Implicit null exception at 0x000002b2ca8ac96f to 0x000002b2ca8ada40
Event: 21.521 Thread 0x000002b2d7fc3c00 Implicit null exception at 0x000002b2caa8acc9 to 0x000002b2caa8b67b
Event: 21.521 Thread 0x000002b2d7fc3c00 Implicit null exception at 0x000002b2ca936fa2 to 0x000002b2ca9384bc
Event: 21.524 Thread 0x000002b2d7fc3c00 Implicit null exception at 0x000002b2caa48c51 to 0x000002b2caa491cc
Event: 21.556 Thread 0x000002b2d7fc3c00 Exception <a 'java/lang/NoSuchMethodError'{0x00000000ca168280}: 'int java.lang.invoke.DirectMethodHandle$Holder.invokeStatic(java.lang.Object)'> (0x00000000ca168280) 
thrown [./open/src/hotspot/share/interpreter/linkResolver.cpp, line 782]
Event: 21.586 Thread 0x000002b2d8402e80 Exception <a 'java/lang/NullPointerException'{0x00000000ca1f1e08}> (0x00000000ca1f1e08) 
thrown [./open/src/hotspot/share/interpreter/linkResolver.cpp, line 1374]
Event: 21.601 Thread 0x000002b2d8402e80 Exception <a 'java/lang/NoSuchMethodError'{0x00000000ca073890}: 'void java.lang.invoke.DirectMethodHandle$Holder.invokeSpecial(java.lang.Object, java.lang.Object, java.lang.Object, java.lang.Object, java.lang.Object)'> (0x00000000ca073890) 
thrown [./open/src/hotspot/share/interpreter/linkResolver.cpp, line 782]
Event: 21.668 Thread 0x000002b2d8402e80 Exception <a 'java/lang/NoSuchMethodError'{0x00000000c9f6acf0}: 'int java.lang.invoke.DirectMethodHandle$Holder.invokeSpecial(java.lang.Object, java.lang.Object, java.lang.Object, java.lang.Object)'> (0x00000000c9f6acf0) 
thrown [./open/src/hotspot/share/interpreter/linkResolver.cpp, line 782]
Event: 21.843 Thread 0x000002b2d8402e80 Exception <a 'java/lang/NoSuchMethodError'{0x00000000c9eeb9d8}: fwkIsMainThread> (0x00000000c9eeb9d8) 
thrown [./open/src/hotspot/share/prims/jni.cpp, line 1171]

Events (20 events):
Event: 21.576 loading class sun/swing/ImageCache$Entry done
Event: 21.594 loading class java/util/WeakHashMap$KeyIterator
Event: 21.594 loading class java/util/WeakHashMap$HashIterator
Event: 21.594 loading class java/util/WeakHashMap$HashIterator done
Event: 21.594 loading class java/util/WeakHashMap$KeyIterator done
Event: 21.711 loading class java/util/concurrent/Executors$DelegatedScheduledExecutorService
Event: 21.712 loading class java/util/concurrent/ScheduledExecutorService
Event: 21.712 loading class java/util/concurrent/ScheduledExecutorService done
Event: 21.712 loading class java/util/concurrent/Executors$DelegatedScheduledExecutorService done
Event: 21.712 loading class java/util/concurrent/ScheduledThreadPoolExecutor
Event: 21.712 loading class java/util/concurrent/ScheduledThreadPoolExecutor done
Event: 21.712 loading class java/util/concurrent/ScheduledThreadPoolExecutor$DelayedWorkQueue
Event: 21.713 loading class java/util/concurrent/ScheduledThreadPoolExecutor$DelayedWorkQueue done
Event: 21.713 loading class java/util/concurrent/RunnableScheduledFuture
Event: 21.713 loading class java/util/concurrent/ScheduledFuture
Event: 21.713 loading class java/util/concurrent/ScheduledFuture done
Event: 21.713 loading class java/util/concurrent/RunnableScheduledFuture done
Event: 21.735 loading class java/net/CookieHandler
Event: 21.735 loading class java/net/CookieHandler done
Event: 21.760 Loaded shared library C:\Program Files\BellSoft\LibericaJDK-13-Full\bin\jfxwebkit.dll


Dynamic libraries:
0x00007ff698970000 - 0x00007ff69897f000 	C:\Program Files\Java\jdk-15.0.2\bin\java.exe
0x00007ffe61630000 - 0x00007ffe61828000 	C:\WINDOWS\SYSTEM32\ntdll.dll
0x00007ffe5fd30000 - 0x00007ffe5fdef000 	C:\WINDOWS\System32\KERNEL32.DLL
0x00007ffe5ee60000 - 0x00007ffe5f13a000 	C:\WINDOWS\System32\KERNELBASE.dll
0x00007ffe5f2d0000 - 0x00007ffe5f3d0000 	C:\WINDOWS\System32\ucrtbase.dll
0x00007ffe5a7e0000 - 0x00007ffe5a7f9000 	C:\Program Files\Java\jdk-15.0.2\bin\VCRUNTIME140.dll
0x00007ffe43360000 - 0x00007ffe43378000 	C:\Program Files\Java\jdk-15.0.2\bin\jli.dll
0x00007ffe611a0000 - 0x00007ffe6124e000 	C:\WINDOWS\System32\ADVAPI32.dll
0x00007ffe5ff30000 - 0x00007ffe5ffce000 	C:\WINDOWS\System32\msvcrt.dll
0x00007ffe60d50000 - 0x00007ffe60dec000 	C:\WINDOWS\System32\sechost.dll
0x00007ffe603b0000 - 0x00007ffe604d6000 	C:\WINDOWS\System32\RPCRT4.dll
0x00007ffe60df0000 - 0x00007ffe60f8d000 	C:\WINDOWS\System32\USER32.dll
0x00007ffe5ede0000 - 0x00007ffe5ee02000 	C:\WINDOWS\System32\win32u.dll
0x00007ffe4e3b0000 - 0x00007ffe4e64a000 	C:\WINDOWS\WinSxS\amd64_microsoft.windows.common-controls_6595b64144ccf1df_6.0.19041.1110_none_60b5254171f9507e\COMCTL32.dll
0x00007ffe60c70000 - 0x00007ffe60c9b000 	C:\WINDOWS\System32\GDI32.dll
0x00007ffe5f440000 - 0x00007ffe5f550000 	C:\WINDOWS\System32\gdi32full.dll
0x00007ffe5ed40000 - 0x00007ffe5eddd000 	C:\WINDOWS\System32\msvcp_win.dll
0x00007ffe52bc0000 - 0x00007ffe52bca000 	C:\WINDOWS\SYSTEM32\VERSION.dll
0x00007ffe604e0000 - 0x00007ffe60510000 	C:\WINDOWS\System32\IMM32.DLL
0x00007ffe511d0000 - 0x00007ffe511dc000 	C:\Program Files\Java\jdk-15.0.2\bin\vcruntime140_1.dll
0x00007ffe47500000 - 0x00007ffe47591000 	C:\Program Files\Java\jdk-15.0.2\bin\msvcp140.dll
0x00007ffe383b0000 - 0x00007ffe38f0e000 	C:\Program Files\Java\jdk-15.0.2\bin\server\jvm.dll
0x00007ffe5fec0000 - 0x00007ffe5fec8000 	C:\WINDOWS\System32\PSAPI.DLL
0x00007ffe4a880000 - 0x00007ffe4a8a7000 	C:\WINDOWS\SYSTEM32\WINMM.dll
0x00007ffe580c0000 - 0x00007ffe580c9000 	C:\WINDOWS\SYSTEM32\WSOCK32.dll
0x00007ffe61460000 - 0x00007ffe614cb000 	C:\WINDOWS\System32\WS2_32.dll
0x00007ffe5cc20000 - 0x00007ffe5cc32000 	C:\WINDOWS\SYSTEM32\kernel.appcore.dll
0x00007ffe50680000 - 0x00007ffe5068a000 	C:\Program Files\Java\jdk-15.0.2\bin\jimage.dll
0x00007ffe4d820000 - 0x00007ffe4da04000 	C:\WINDOWS\SYSTEM32\DBGHELP.DLL
0x00007ffe4d7a0000 - 0x00007ffe4d7d4000 	C:\WINDOWS\SYSTEM32\dbgcore.DLL
0x00007ffe5f600000 - 0x00007ffe5f682000 	C:\WINDOWS\System32\bcryptPrimitives.dll
0x00007ffe475c0000 - 0x00007ffe475e5000 	C:\Program Files\Java\jdk-15.0.2\bin\java.dll
0x00007ffe60520000 - 0x00007ffe60c64000 	C:\WINDOWS\System32\SHELL32.dll
0x00007ffe5ce20000 - 0x00007ffe5d5b3000 	C:\WINDOWS\SYSTEM32\windows.storage.dll
0x00007ffe5ffd0000 - 0x00007ffe60324000 	C:\WINDOWS\System32\combase.dll
0x00007ffe5e6c0000 - 0x00007ffe5e6ee000 	C:\WINDOWS\SYSTEM32\Wldp.dll
0x00007ffe5fc50000 - 0x00007ffe5fcfd000 	C:\WINDOWS\System32\SHCORE.dll
0x00007ffe5fb00000 - 0x00007ffe5fb55000 	C:\WINDOWS\System32\shlwapi.dll
0x00007ffe5ec80000 - 0x00007ffe5ec9f000 	C:\WINDOWS\SYSTEM32\profapi.dll
0x00007ffe50000000 - 0x00007ffe50019000 	C:\Program Files\Java\jdk-15.0.2\bin\net.dll
0x00007ffe53af0000 - 0x00007ffe53bfa000 	C:\WINDOWS\SYSTEM32\WINHTTP.dll
0x00007ffe5e420000 - 0x00007ffe5e48a000 	C:\WINDOWS\system32\mswsock.dll
0x00007ffe4ff70000 - 0x00007ffe4ff82000 	C:\Program Files\Java\jdk-15.0.2\bin\nio.dll
0x00007ffe475a0000 - 0x00007ffe475b8000 	C:\Program Files\Java\jdk-15.0.2\bin\zip.dll
0x00007ffe3a350000 - 0x00007ffe3a4d0000 	C:\Program Files\Java\jdk-15.0.2\bin\awt.dll
0x00007ffe5fdf0000 - 0x00007ffe5febd000 	C:\WINDOWS\System32\OLEAUT32.dll
0x00007ffe5c490000 - 0x00007ffe5c520000 	C:\WINDOWS\SYSTEM32\apphelp.dll
0x00007ffe5c750000 - 0x00007ffe5c7ee000 	C:\WINDOWS\system32\uxtheme.dll
0x00007ffe4fb60000 - 0x00007ffe4fb8e000 	C:\Program Files\uvnc bvba\UltraVNC\schook64.dll
0x00007ffe614d0000 - 0x00007ffe615e4000 	C:\WINDOWS\System32\MSCTF.dll
0x00007ffe60f90000 - 0x00007ffe610ba000 	C:\WINDOWS\System32\ole32.dll
0x00007ffe5ca40000 - 0x00007ffe5ca6f000 	C:\WINDOWS\system32\DWMAPI.DLL
0x00007ffe2fbb0000 - 0x00007ffe2fc60000 	C:\WINDOWS\WinSxS\amd64_microsoft.windows.common-controls_6595b64144ccf1df_5.82.19041.1110_none_792d1c772443f647\comctl32.dll
0x00007ffe43430000 - 0x00007ffe434b5000 	C:\Program Files\Java\jdk-15.0.2\bin\freetype.dll
0x00007ffe3d060000 - 0x00007ffe3d109000 	C:\Program Files\Java\jdk-15.0.2\bin\fontmanager.dll
0x00007ffe48d60000 - 0x00007ffe48e85000 	C:\WINDOWS\system32\opengl32.dll
0x00007ffe49cb0000 - 0x00007ffe49cdc000 	C:\WINDOWS\SYSTEM32\GLU32.dll
0x00007ffe60ca0000 - 0x00007ffe60d49000 	C:\WINDOWS\System32\clbcatq.dll
0x00007ffe5a8d0000 - 0x00007ffe5a9c6000 	C:\WINDOWS\SYSTEM32\PROPSYS.dll
0x00007ffe50190000 - 0x00007ffe501a7000 	C:\WINDOWS\system32\NetworkExplorer.dll
0x00007ffe5ee10000 - 0x00007ffe5ee5e000 	C:\WINDOWS\System32\CFGMGR32.dll
0x00007ffe4be40000 - 0x00007ffe4be5d000 	C:\WINDOWS\SYSTEM32\MPR.dll
0x00007ffe30a80000 - 0x00007ffe30a8b000 	C:\WINDOWS\System32\drprov.dll
0x00007ffe5e850000 - 0x00007ffe5e8b4000 	C:\WINDOWS\System32\WINSTA.dll
0x00007ffe30a60000 - 0x00007ffe30a7f000 	C:\WINDOWS\System32\ntlanman.dll
0x00007ffe30a40000 - 0x00007ffe30a5e000 	C:\WINDOWS\System32\davclnt.dll
0x00007ffe30a30000 - 0x00007ffe30a3d000 	C:\WINDOWS\System32\DAVHLPR.dll
0x00007ffe5dea0000 - 0x00007ffe5deb9000 	C:\WINDOWS\System32\wkscli.dll
0x00007ffe4e850000 - 0x00007ffe4e862000 	C:\WINDOWS\SYSTEM32\cscapi.dll
0x00007ffe5e220000 - 0x00007ffe5e22c000 	C:\WINDOWS\System32\netutils.dll
0x00007ffe500d0000 - 0x00007ffe50126000 	C:\Windows\System32\dlnashext.dll
0x00007ffe448f0000 - 0x00007ffe44954000 	C:\Windows\System32\PlayToDevice.dll
0x00007ffe4ff50000 - 0x00007ffe4ff70000 	C:\Windows\System32\DevDispItemProvider.dll
0x00007ffe58d80000 - 0x00007ffe58e05000 	C:\WINDOWS\System32\MMDevApi.dll
0x00007ffe5ea80000 - 0x00007ffe5eaac000 	C:\WINDOWS\System32\DEVOBJ.dll
0x00007ffe5e110000 - 0x00007ffe5e14c000 	C:\Windows\System32\IPHLPAPI.DLL
0x00007ffe5fd00000 - 0x00007ffe5fd08000 	C:\WINDOWS\System32\NSI.dll
0x00007ffe562b0000 - 0x00007ffe562c7000 	C:\WINDOWS\SYSTEM32\dhcpcsvc6.DLL
0x00007ffe57740000 - 0x00007ffe5775d000 	C:\WINDOWS\SYSTEM32\dhcpcsvc.DLL
0x00007ffe5e150000 - 0x00007ffe5e21b000 	C:\WINDOWS\SYSTEM32\DNSAPI.dll
0x00007ffe58a60000 - 0x00007ffe58a6b000 	C:\WINDOWS\SYSTEM32\WINNSI.DLL
0x00007ffe5a440000 - 0x00007ffe5a47e000 	C:\WINDOWS\System32\netprofm.dll
0x00007ffe580b0000 - 0x00007ffe580c0000 	C:\WINDOWS\System32\npmproxy.dll
0x00007ffe3d430000 - 0x00007ffe3d4d1000 	C:\WINDOWS\system32\wpdshext.dll
0x00007ffe2ff40000 - 0x00007ffe300e5000 	C:\WINDOWS\WinSxS\amd64_microsoft.windows.gdiplus_6595b64144ccf1df_1.1.19041.2251_none_91a40448cc8846c1\gdiplus.dll
0x00007ffe59630000 - 0x00007ffe596d3000 	C:\Windows\System32\PortableDeviceApi.dll
0x00007ffe5f690000 - 0x00007ffe5faf8000 	C:\WINDOWS\System32\SETUPAPI.dll
0x00007ffe5f140000 - 0x00007ffe5f167000 	C:\WINDOWS\System32\bcrypt.dll
0x00007ffe5f3d0000 - 0x00007ffe5f437000 	C:\WINDOWS\System32\WINTRUST.dll
0x00007ffe5f170000 - 0x00007ffe5f2c6000 	C:\WINDOWS\System32\CRYPT32.dll
0x00007ffe5e8c0000 - 0x00007ffe5e8d2000 	C:\WINDOWS\System32\MSASN1.dll
0x00007ffe44860000 - 0x00007ffe44897000 	C:\Windows\System32\EhStorShell.dll
0x00007ffe4faa0000 - 0x00007ffe4fac6000 	C:\Windows\System32\EhStorAPI.dll
0x00007ffe5c0f0000 - 0x00007ffe5c104000 	C:\Windows\System32\WTSAPI32.dll
0x00007ffe47990000 - 0x00007ffe4799d000 	C:\WINDOWS\SYSTEM32\LINKINFO.dll
0x00007ffe50670000 - 0x00007ffe50680000 	C:\Program Files\Java\jdk-15.0.2\bin\verify.dll
0x00007ffe474f0000 - 0x00007ffe474fd000 	C:\Program Files\Java\jdk-15.0.2\bin\sunmscapi.dll
0x00007ffe5e730000 - 0x00007ffe5e758000 	C:\WINDOWS\SYSTEM32\ncrypt.dll
0x00007ffe5e6f0000 - 0x00007ffe5e72b000 	C:\WINDOWS\SYSTEM32\NTASN1.dll
0x00007ffe596e0000 - 0x00007ffe59894000 	C:\WINDOWS\SYSTEM32\WindowsCodecs.dll
0x00007ffe45c30000 - 0x00007ffe45c6e000 	C:\WINDOWS\system32\dataexchange.dll
0x00007ffe5af90000 - 0x00007ffe5b1f3000 	C:\WINDOWS\system32\d3d11.dll
0x00007ffe5b7f0000 - 0x00007ffe5b9d3000 	C:\WINDOWS\system32\dcomp.dll
0x00007ffe5d600000 - 0x00007ffe5d6f3000 	C:\WINDOWS\system32\dxgi.dll
0x00007ffe59930000 - 0x00007ffe59b30000 	C:\WINDOWS\system32\twinapi.appcore.dll
0x000002b2dcf80000 - 0x000002b2dcf83000 	C:\Program Files\Java\jdk-15.0.2\bin\api-ms-win-core-console-l1-1-0.dll
0x000002b2dcf90000 - 0x000002b2dcf93000 	C:\Program Files\Java\jdk-15.0.2\bin\api-ms-win-core-datetime-l1-1-0.dll
0x000002b2dcfa0000 - 0x000002b2dcfa3000 	C:\Program Files\Java\jdk-15.0.2\bin\api-ms-win-core-debug-l1-1-0.dll
0x000002b2dcfb0000 - 0x000002b2dcfb3000 	C:\Program Files\Java\jdk-15.0.2\bin\api-ms-win-core-errorhandling-l1-1-0.dll
0x000002b2dcfc0000 - 0x000002b2dcfc4000 	C:\Program Files\Java\jdk-15.0.2\bin\api-ms-win-core-file-l1-1-0.dll
0x000002b2dcfd0000 - 0x000002b2dcfd3000 	C:\Program Files\Java\jdk-15.0.2\bin\api-ms-win-core-file-l1-2-0.dll
0x000002b2dcfe0000 - 0x000002b2dcfe3000 	C:\Program Files\Java\jdk-15.0.2\bin\api-ms-win-core-file-l2-1-0.dll
0x000002b2dcff0000 - 0x000002b2dcff3000 	C:\Program Files\Java\jdk-15.0.2\bin\api-ms-win-core-handle-l1-1-0.dll
0x000002b2dd000000 - 0x000002b2dd003000 	C:\Program Files\Java\jdk-15.0.2\bin\api-ms-win-core-heap-l1-1-0.dll
0x000002b2dd010000 - 0x000002b2dd013000 	C:\Program Files\Java\jdk-15.0.2\bin\api-ms-win-core-interlocked-l1-1-0.dll
0x000002b2dd020000 - 0x000002b2dd023000 	C:\Program Files\Java\jdk-15.0.2\bin\api-ms-win-core-libraryloader-l1-1-0.dll
0x000002b2dd030000 - 0x000002b2dd033000 	C:\Program Files\Java\jdk-15.0.2\bin\api-ms-win-core-localization-l1-2-0.dll
0x000002b2dd040000 - 0x000002b2dd043000 	C:\Program Files\Java\jdk-15.0.2\bin\api-ms-win-core-memory-l1-1-0.dll
0x000002b2dd050000 - 0x000002b2dd053000 	C:\Program Files\Java\jdk-15.0.2\bin\api-ms-win-core-namedpipe-l1-1-0.dll
0x000002b2dd060000 - 0x000002b2dd063000 	C:\Program Files\Java\jdk-15.0.2\bin\api-ms-win-core-processenvironment-l1-1-0.dll
0x000002b2dd070000 - 0x000002b2dd073000 	C:\Program Files\Java\jdk-15.0.2\bin\api-ms-win-core-processthreads-l1-1-0.dll
0x000002b2dd080000 - 0x000002b2dd083000 	C:\Program Files\Java\jdk-15.0.2\bin\api-ms-win-core-processthreads-l1-1-1.dll
0x000002b2dd090000 - 0x000002b2dd093000 	C:\Program Files\Java\jdk-15.0.2\bin\api-ms-win-core-profile-l1-1-0.dll
0x000002b2dd0a0000 - 0x000002b2dd0a3000 	C:\Program Files\Java\jdk-15.0.2\bin\api-ms-win-core-rtlsupport-l1-1-0.dll
0x000002b2dd0b0000 - 0x000002b2dd0b3000 	C:\Program Files\Java\jdk-15.0.2\bin\api-ms-win-core-string-l1-1-0.dll
0x000002b2dd0c0000 - 0x000002b2dd0c3000 	C:\Program Files\Java\jdk-15.0.2\bin\api-ms-win-core-synch-l1-1-0.dll
0x000002b2dd0d0000 - 0x000002b2dd0d3000 	C:\Program Files\Java\jdk-15.0.2\bin\api-ms-win-core-synch-l1-2-0.dll
0x000002b2dd0e0000 - 0x000002b2dd0e3000 	C:\Program Files\Java\jdk-15.0.2\bin\api-ms-win-core-sysinfo-l1-1-0.dll

dbghelp: loaded successfully - version: 4.0.5 - missing functions: none
symbol engine: initialized successfully - sym options: 0x614 - pdb path: .;C:\Program Files\Java\jdk-15.0.2\bin;C:\WINDOWS\SYSTEM32;C:\WINDOWS\WinSxS\amd64_microsoft.windows.common-controls_6595b64144ccf1df_6.0.19041.1110_none_60b5254171f9507e;C:\Program Files\Java\jdk-15.0.2\bin\server;C:\Program Files\uvnc bvba\UltraVNC;C:\WINDOWS\WinSxS\amd64_microsoft.windows.common-controls_6595b64144ccf1df_5.82.19041.1110_none_792d1c772443f647;C:\WINDOWS\WinSxS\amd64_microsoft.windows.gdiplus_6595b64144ccf1df_1.1.19041.2251_none_91a40448cc8846c1;C:\Program Files\BellSoft\LibericaJDK-13-Full\bin

VM Arguments:
jvm_args: -Dfile.encoding=UTF-8 
java_command: simrskhanza.SIMRSKhanza
java_class_path (initial): E:\Sofware SIMRSKhanza\KhanzaHMSWindows\lib\calendar-src.jar;E:\Sofware SIMRSKhanza\KhanzaHMSWindows\lib\calendar-doc.jar;E:\Sofware SIMRSKhanza\KhanzaHMSWindows\lib\calendar.jar;E:\Sofware SIMRSKhanza\KhanzaHMSWindows\lib\jcalendar-1.4.jar;E:\Sofware SIMRSKhanza\KhanzaHMSWindows\lib\ant-1.7.1.jar;E:\Sofware SIMRSKhanza\KhanzaHMSWindows\lib\apache-httpcomponents-httpclient.jar;E:\Sofware SIMRSKhanza\KhanzaHMSWindows\lib\appframework-1.0.3.jar;E:\Sofware SIMRSKhanza\KhanzaHMSWindows\lib\barbecue-1.5-beta1.jar;E:\Sofware SIMRSKhanza\KhanzaHMSWindows\lib\batik-dom.jar;E:\Sofware SIMRSKhanza\KhanzaHMSWindows\lib\groovy-all-2.4.7.jar;E:\Sofware SIMRSKhanza\KhanzaHMSWindows\lib\bcel-5.2.jar;E:\Sofware SIMRSKhanza\KhanzaHMSWindows\lib\poi-4.1.0.jar;E:\Sofware SIMRSKhanza\KhanzaHMSWindows\lib\beansbinding-1.2.1.jar;E:\Sofware SIMRSKhanza\KhanzaHMSWindows\lib\bsh-2.0b4.jar;E:\Sofware SIMRSKhanza\KhanzaHMSWindows\lib\com-jaspersoft-ireport.jar;E:\Sofware SIMRSKhanza\KhanzaHMSWindows\lib\com.fasterxml.jackson.core.jar;E:\Sofware SIMRSKhanza\KhanzaHMSWindows\lib\comm.jar;E:\Sofware SIMRSKhanza\KhanzaHMSWindows\lib\common-javaFX-plugin.jar;E:\Sofware SIMRSKhanza\KhanzaHMSWindows\lib\commons-codec-1.10.jar;E:\Sofware SIMRSKhanza\KhanzaHMSWindows\lib\commons-javaflow-20060411.jar;E:\Sofware SIMRSKhanza\KhanzaHMSWindows\lib\commons-logging-1.2.jar;E:\Sofware SIMRSKhanza\KhanzaHMSWindows\lib\fluent-hc-4.5.1.jar;E:\Sofware SIMRSKhanza\KhanzaHMSWindows\lib\fontbox-2.0.13.jar;E:\Sofware SIMRSKhanza\KhanzaHMSWindows\lib\gson-2.2.2.jar;E:\Sofware SIMRSKhanza\KhanzaHMSWindows\lib\hsqldb-1.8.0-10.jar;E:\Sofware SIMRSKhanza\KhanzaHMSWindows\lib\httpclient-4.5.1.jar;E:\Sofware SIMRSKhanza\KhanzaHMSWindows\lib\httpclient-cache-4.5.1.jar;E:\Sofware SIMRSKhanza\KhanzaHMSWindows\lib\httpclient-win-4.5.1.jar;E:\Sofware SIMRSKhanza\KhanzaHMSWindows\lib\httpcore-4.4.3.jar;E:\Sofware SIMRSKhanza\KhanzaHMSWindows\lib\httpmime-4.5.1.jar;E:\Sofware SIMRSKhanza\KhanzaHMSWind
Launcher Type: SUN_STANDARD

[Global flags]
     intx CICompilerCount                          = 3                                         {product} {ergonomic}
     uint ConcGCThreads                            = 1                                         {product} {ergonomic}
     uint G1ConcRefinementThreads                  = 4                                         {product} {ergonomic}
   size_t G1HeapRegionSize                         = 1048576                                   {product} {ergonomic}
    uintx GCDrainStackTargetSize                   = 64                                        {product} {ergonomic}
   size_t InitialHeapSize                          = 67108864                                  {product} {ergonomic}
   size_t MarkStackSize                            = 4194304                                   {product} {ergonomic}
   size_t MaxHeapSize                              = 1048576000                                {product} {ergonomic}
   size_t MaxNewSize                               = 629145600                                 {product} {ergonomic}
   size_t MinHeapDeltaBytes                        = 1048576                                   {product} {ergonomic}
   size_t MinHeapSize                              = 8388608                                   {product} {ergonomic}
    uintx NonNMethodCodeHeapSize                   = 5832780                                {pd product} {ergonomic}
    uintx NonProfiledCodeHeapSize                  = 122912730                              {pd product} {ergonomic}
    uintx ProfiledCodeHeapSize                     = 122912730                              {pd product} {ergonomic}
    uintx ReservedCodeCacheSize                    = 251658240                              {pd product} {ergonomic}
     bool SegmentedCodeCache                       = true                                      {product} {ergonomic}
   size_t SoftMaxHeapSize                          = 1048576000                             {manageable} {ergonomic}
     bool UseCompressedClassPointers               = true                                 {lp64_product} {ergonomic}
     bool UseCompressedOops                        = true                                 {lp64_product} {ergonomic}
     bool UseG1GC                                  = true                                      {product} {ergonomic}
     bool UseLargePagesIndividualAllocation        = false                                  {pd product} {ergonomic}

Logging:
Log output configuration:
 #0: stdout all=warning uptime,level,tags
 #1: stderr all=off uptime,level,tags

Environment Variables:
JAVA_HOME=C:\Program Files\BellSoft\LibericaJDK-13-Full\
PATH=C:\Program Files\BellSoft\LibericaJDK-13-Full\bin\;C:\Program Files\Common Files\Oracle\Java\javapath;C:\WINDOWS\system32;C:\WINDOWS;C:\WINDOWS\System32\Wbem;C:\WINDOWS\System32\WindowsPowerShell\v1.0\;C:\WINDOWS\System32\OpenSSH\;C:\Program Files\nodejs\;C:\Windows\Microsoft.NET\Framework\v4.0.30319;C:\Program Files (x86)\Appeon\PowerBuilder 19.0;C:\Program Files (x86)\Appeon\PowerBuilderCompiler 19.0;C:\xampp\php;C:\composer;C:\Program Files (x86)\Microsoft SQL Server\150\DTS\Binn\;C:\Program Files\Azure Data Studio\bin;C:\Program Files\Git\cmd;C:\Users\User\AppData\Local\Microsoft\WindowsApps;C:\Users\User\AppData\Roaming\npm;C:\Users\User\AppData\Roaming\Composer\vendor\bin;C:\Program Files\Azure Data Studio\bin;C:\Users\User\AppData\Local\Programs\Microsoft VS Code\bin;C:\Program Files\Tesseract-OCR;
USERNAME=User
OS=Windows_NT
PROCESSOR_IDENTIFIER=Intel64 Family 6 Model 60 Stepping 3, GenuineIntel



---------------  S Y S T E M  ---------------

OS:
 Windows 10 , 64 bit Build 19041 (10.0.19041.2788)
OS uptime: 0 days 1:24 hours

CPU: total 4 (initial active 4) (2 cores per cpu, 2 threads per core) family 6 model 60 stepping 3 microcode 0x27, cmov, cx8, fxsr, mmx, sse, sse2, sse3, ssse3, sse4.1, sse4.2, popcnt, vzeroupper, avx, avx2, aes, clmul, erms, lzcnt, ht, tsc, tscinvbit, bmi1, bmi2, fma, clflush

Memory: 4k page, system-wide physical 3996M (438M free)
TotalPageFile size 8303M (AvailPageFile size 3040M)
current process WorkingSet (physical memory assigned to process): 290M, peak: 313M
current process commit charge ("private bytes"): 344M, peak: 370M

vm_info: Java HotSpot(TM) 64-Bit Server VM (15.0.2+7-27) for windows-amd64 JRE (15.0.2+7-27), built on Dec  7 2020 20:07:01 by "mach5one" with unknown MS VC++:1925

END.
