#
# A fatal error has been detected by the Java Runtime Environment:
#
#  EXCEPTION_ACCESS_VIOLATION (0xc0000005) at pc=0x00007fff7ffcabec, pid=16124, tid=17000
#
# JRE version: Java(TM) SE Runtime Environment (15.0.2+7) (build 15.0.2+7-27)
# Java VM: Java HotSpot(TM) 64-Bit Server VM (15.0.2+7-27, mixed mode, sharing, tiered, compressed oops, g1 gc, windows-amd64)
# Problematic frame:
# V  [jvm.dll+0x3aabec]
#
# No core dump will be written. Minidumps are not enabled by default on client versions of Windows
#
# If you would like to submit a bug report, please visit:
#   https://bugreport.java.com/bugreport/crash.jsp
#

---------------  S U M M A R Y ------------

Command Line: -Dfile.encoding=UTF-8 simrskhanza.SIMRSKhanza

Host: 12th Gen Intel(R) Core(TM) i7-12700, 20 cores, 15G,  Windows 10 , 64 bit Build 22621 (10.0.22621.2428)
Time: Mon Nov 13 14:27:23 2023 SE Asia Standard Time elapsed time: 37.443100 seconds (0d 0h 0m 37s)

---------------  T H R E A D  ---------------

Current thread (0x00000148d36b8a20):  JavaThread "JavaFX Application Thread" [_thread_in_vm, id=17000, stack(0x000000360fe00000,0x000000360ff00000)]

Stack: [0x000000360fe00000,0x000000360ff00000],  sp=0x000000360fef9f30,  free space=999k
Native frames: (J=compiled Java code, j=interpreted, Vv=VM code, C=native code)
V  [jvm.dll+0x3aabec]
C  0x00007fff82577ce0

Java frames: (J=compiled Java code, j=interpreted, Vv=VM code)
j  com.sun.webkit.WebPage.twkOpen(JLjava/lang/String;)V+0
j  com.sun.webkit.WebPage.open(JLjava/lang/String;)V+86
j  javafx.scene.web.WebEngine.load(Ljava/lang/String;)V+96
j  bridging.INACBGHybrid.lambda$loadURL$1(Ljava/lang/String;)V+5
j  bridging.INACBGHybrid$$Lambda$780+0x0000000801127c68.run()V+8
J 7287 c1 com.sun.javafx.application.PlatformImpl$$Lambda$261+0x0000000801082b80.run()Ljava/lang/Object; (8 bytes) @ 0x00000148b4cf1c84 [0x00000148b4cf1b40+0x0000000000000144]
J 7285 c1 com.sun.javafx.application.PlatformImpl.lambda$runLater$11(Ljava/lang/Runnable;Ljava/security/AccessControlContext;)V (38 bytes) @ 0x00000148b4cf2f44 [0x00000148b4cf2920+0x0000000000000624]
J 7284 c1 com.sun.javafx.application.PlatformImpl$$Lambda$260+0x0000000801082730.run()V (12 bytes) @ 0x00000148b4cf1844 [0x00000148b4cf17c0+0x0000000000000084]
J 7221 c1 com.sun.glass.ui.InvokeLaterDispatcher$Future.run()V (91 bytes) @ 0x00000148b4cc5194 [0x00000148b4cc5080+0x0000000000000114]
v  ~StubRoutines::call_stub
j  com.sun.glass.ui.win.WinApplication._runLoop(Ljava/lang/Runnable;)V+0
j  com.sun.glass.ui.win.WinApplication.lambda$runLoop$3(ILjava/lang/Runnable;)V+8
j  com.sun.glass.ui.win.WinApplication$$Lambda$247+0x00000008010554a0.run()V+12
j  java.lang.Thread.run()V+11 java.base@15.0.2
v  ~StubRoutines::call_stub

siginfo: EXCEPTION_ACCESS_VIOLATION (0xc0000005), reading address 0x0000000000000000


Register to memory mapping:

RIP=0x00007fff7ffcabec jvm.dll
RAX=0x0 is NULL
RBX=0x00000148d36b8a20 is a thread
RCX=0x7111f972f12b0000 is an unknown value
RDX=0x00000148d3a9e330 is a global jni handle
RSP=0x000000360fef9f30 is pointing into the stack for thread: 0x00000148d36b8a20
RBP=0x00000148d36b8d48 points into unknown readable memory: 0x00007fff8061de40 | 40 de 61 80 ff 7f 00 00
RSI=0x0 is NULL
RDI=0x00000148d3a9e330 is a global jni handle
R8 =0x0 is NULL
R9 =0x000000360fefa038 is pointing into the stack for thread: 0x00000148d36b8a20
R10=0x00007fff7ffcab30 jvm.dll
R11=0x000000360fef9f28 is pointing into the stack for thread: 0x00000148d36b8a20
R12=0x00000148d41bd430 points into unknown readable memory: 0x00000148d67f27d0 | d0 27 7f d6 48 01 00 00
R13=0x00000148d41bd4a0 points into unknown readable memory: 0x00000148d55a1fa0 | a0 1f 5a d5 48 01 00 00
R14=0x0 is NULL
R15=0x000000360fefa038 is pointing into the stack for thread: 0x00000148d36b8a20


Registers:
RAX=0x0000000000000000, RBX=0x00000148d36b8a20, RCX=0x7111f972f12b0000, RDX=0x00000148d3a9e330
RSP=0x000000360fef9f30, RBP=0x00000148d36b8d48, RSI=0x0000000000000000, RDI=0x00000148d3a9e330
R8 =0x0000000000000000, R9 =0x000000360fefa038, R10=0x00007fff7ffcab30, R11=0x000000360fef9f28
R12=0x00000148d41bd430, R13=0x00000148d41bd4a0, R14=0x0000000000000000, R15=0x000000360fefa038
RIP=0x00007fff7ffcabec, EFLAGS=0x0000000000010202

Top of Stack: (sp=0x000000360fef9f30)
0x000000360fef9f30:   00000148d36b8a20 0000000000000000
0x000000360fef9f40:   0000000000000001 00000148d36b8a20
0x000000360fef9f50:   00000148d41bd430 00000148d41bd4a0
0x000000360fef9f60:   00000148d41bd430 00000148d36b8d48
0x000000360fef9f70:   0000000000000000 00007fff7ffd0947
0x000000360fef9f80:   00000148d36b8a20 00000148d3dbfd60
0x000000360fef9f90:   0000000000000493 00007fff804baaa0
0x000000360fef9fa0:   00000148d36b8a20 00000148d3dbfd60
0x000000360fef9fb0:   0000014800000493 00007fff804baaa0
0x000000360fef9fc0:   0000000000000000 00007fff8409cb42
0x000000360fef9fd0:   00000148d36b8d48 0000000000000000
0x000000360fef9fe0:   00000148d72f2988 00007fff82577ce0
0x000000360fef9ff0:   00000148d72f29a8 000000360fefa120
0x000000360fefa000:   00000148d72f29a0 00000148d72f29a0
0x000000360fefa010:   000000360fefa120 00007fff826be0c0
0x000000360fefa020:   00000148d391a870 00000148d55a1fd0 

Instructions: (pc=0x00007fff7ffcabec)
0x00007fff7ffcaaec:   e9 03 f6 c1 01 74 08 48 8b cb e8 95 21 2e 00 4c
0x00007fff7ffcaafc:   8d 9c 24 a0 00 00 00 c7 83 98 03 00 00 04 00 00
0x00007fff7ffcab0c:   00 49 8b 5b 20 0f b7 c6 49 8b 6b 28 49 8b 73 30
0x00007fff7ffcab1c:   49 8b e3 41 5f 41 5e 5f c3 cc cc cc cc cc cc cc
0x00007fff7ffcab2c:   cc cc cc cc 48 89 5c 24 08 48 89 6c 24 10 48 89
0x00007fff7ffcab3c:   74 24 18 57 41 56 41 57 48 81 ec a0 00 00 00 8b
0x00007fff7ffcab4c:   81 88 00 00 00 48 8d 99 d8 fc ff ff 05 55 21 ff
0x00007fff7ffcab5c:   ff 33 f6 4d 8b f9 4d 8b f0 48 8b fa 48 8b e9 83
0x00007fff7ffcab6c:   f8 01 76 0a 48 8b cb e8 08 2b 39 00 8b de c7 83
0x00007fff7ffcab7c:   98 03 00 00 05 00 00 00 e8 a7 1e 27 00 48 8b 03
0x00007fff7ffcab8c:   48 8b cb ff 50 38 84 c0 74 0e 48 8b 83 10 01 00
0x00007fff7ffcab9c:   00 c0 e8 03 24 01 eb 0b 8b 05 66 1b 6f 00 85 c0
0x00007fff7ffcabac:   0f 95 c0 84 c0 75 0d 8b 83 e0 00 00 00 a9 04 00
0x00007fff7ffcabbc:   00 20 74 08 48 8b cb e8 38 31 39 00 c7 83 98 03
0x00007fff7ffcabcc:   00 00 06 00 00 00 48 89 5c 24 50 48 89 74 24 58
0x00007fff7ffcabdc:   48 39 73 08 74 0a 48 8d 4c 24 50 e8 04 bd 2a 00
0x00007fff7ffcabec:   49 8b 16 48 8d 4c 24 70 c7 44 24 40 0c 00 00 00
0x00007fff7ffcabfc:   e8 cf c7 00 00 4c 89 bc 24 98 00 00 00 48 8d 05
0x00007fff7ffcac0c:   18 ff 4e 00 48 89 44 24 70 40 f6 c7 01 74 0c 48
0x00007fff7ffcac1c:   8d 4f ff ff 15 83 0b 65 00 eb 09 48 8b cf ff 15
0x00007fff7ffcac2c:   d8 93 64 00 8b 15 6a 94 6d 00 48 8b c8 e8 d2 c8
0x00007fff7ffcac3c:   26 00 48 8b d3 48 8b c8 4c 8b 00 41 ff 90 b0 00
0x00007fff7ffcac4c:   00 00 48 39 73 08 75 32 48 8d 44 24 70 48 89 5c
0x00007fff7ffcac5c:   24 30 48 89 44 24 28 48 8d 54 24 40 45 33 c9 4c
0x00007fff7ffcac6c:   89 74 24 20 45 33 c0 48 8b cd e8 25 dc 00 00 48
0x00007fff7ffcac7c:   39 73 08 75 05 48 8b 74 24 48 48 83 7c 24 58 00
0x00007fff7ffcac8c:   74 0a 48 8d 4c 24 50 e8 f8 bc 2a 00 48 8b bb f8
0x00007fff7ffcac9c:   00 00 00 48 8b 4f 10 48 83 39 00 74 0c 48 8b cf
0x00007fff7ffcacac:   e8 bf 98 f6 ff 48 8b 4f 10 48 8b 47 08 48 89 48
0x00007fff7ffcacbc:   10 48 8b 4f 08 48 8b 47 18 48 89 41 18 48 8b 4f
0x00007fff7ffcaccc:   08 48 8b 47 20 48 89 41 20 c7 83 98 03 00 00 07
0x00007fff7ffcacdc:   00 00 00 e8 4c 1d 27 00 48 8b 8b 10 01 00 00 c0 


Stack slot to memory mapping:
stack at sp + 0 slots: 0x00000148d36b8a20 is a thread
stack at sp + 1 slots: 0x0 is NULL
stack at sp + 2 slots: 0x0000000000000001 is an unknown value
stack at sp + 3 slots: 0x00000148d36b8a20 is a thread
stack at sp + 4 slots: 0x00000148d41bd430 points into unknown readable memory: 0x00000148d67f27d0 | d0 27 7f d6 48 01 00 00
stack at sp + 5 slots: 0x00000148d41bd4a0 points into unknown readable memory: 0x00000148d55a1fa0 | a0 1f 5a d5 48 01 00 00
stack at sp + 6 slots: 0x00000148d41bd430 points into unknown readable memory: 0x00000148d67f27d0 | d0 27 7f d6 48 01 00 00
stack at sp + 7 slots: 0x00000148d36b8d48 points into unknown readable memory: 0x00007fff8061de40 | 40 de 61 80 ff 7f 00 00


---------------  P R O C E S S  ---------------

Threads class SMR info:
_java_thread_list=0x00000148d6abf760, length=26, elements={
0x00000148cfbd5d90, 0x00000148cfbd6960, 0x00000148cfbf02b0, 0x00000148cfbf2d70,
0x00000148cfbf3820, 0x00000148cfbf46b0, 0x00000148cfbf5250, 0x00000148cfc03b20,
0x00000148d0769470, 0x00000148d077a520, 0x00000148d0cc1f90, 0x00000148d0e21050,
0x00000148d185f3e0, 0x00000148d1831f20, 0x00000148d18f33f0, 0x00000148ab648710,
0x00000148d2005cc0, 0x00000148d36b7210, 0x00000148d36b9890, 0x00000148d36b7bb0,
0x00000148d36b8a20, 0x00000148d36b8ef0, 0x00000148d36b9d60, 0x00000148d36ba230,
0x00000148d3e646d0, 0x00000148d3e63cb0
}

Java Threads: ( => current thread )
  0x00000148cfbd5d90 JavaThread "Reference Handler" daemon [_thread_blocked, id=12084, stack(0x000000360d300000,0x000000360d400000)]
  0x00000148cfbd6960 JavaThread "Finalizer" daemon [_thread_blocked, id=1900, stack(0x000000360d400000,0x000000360d500000)]
  0x00000148cfbf02b0 JavaThread "Signal Dispatcher" daemon [_thread_blocked, id=10608, stack(0x000000360d500000,0x000000360d600000)]
  0x00000148cfbf2d70 JavaThread "Attach Listener" daemon [_thread_blocked, id=11308, stack(0x000000360d600000,0x000000360d700000)]
  0x00000148cfbf3820 JavaThread "Service Thread" daemon [_thread_blocked, id=2472, stack(0x000000360d700000,0x000000360d800000)]
  0x00000148cfbf46b0 JavaThread "C2 CompilerThread0" daemon [_thread_blocked, id=5768, stack(0x000000360d800000,0x000000360d900000)]
  0x00000148cfbf5250 JavaThread "C1 CompilerThread0" daemon [_thread_blocked, id=8072, stack(0x000000360d900000,0x000000360da00000)]
  0x00000148cfc03b20 JavaThread "Sweeper thread" daemon [_thread_blocked, id=8884, stack(0x000000360da00000,0x000000360db00000)]
  0x00000148d0769470 JavaThread "Notification Thread" daemon [_thread_blocked, id=12860, stack(0x000000360dc00000,0x000000360dd00000)]
  0x00000148d077a520 JavaThread "Common-Cleaner" daemon [_thread_blocked, id=17424, stack(0x000000360de00000,0x000000360df00000)]
  0x00000148d0cc1f90 JavaThread "Java2D Disposer" daemon [_thread_blocked, id=18096, stack(0x000000360e700000,0x000000360e800000)]
  0x00000148d0e21050 JavaThread "AWT-Shutdown" [_thread_blocked, id=15720, stack(0x000000360e800000,0x000000360e900000)]
  0x00000148d185f3e0 JavaThread "AWT-Windows" daemon [_thread_blocked, id=11704, stack(0x000000360e900000,0x000000360ea00000)]
  0x00000148d1831f20 JavaThread "AWT-EventQueue-0" [_thread_blocked, id=6700, stack(0x000000360eb00000,0x000000360ec00000)]
  0x00000148d18f33f0 JavaThread "Swing-Shell" daemon [_thread_blocked, id=11532, stack(0x000000360ec00000,0x000000360ed00000)]
  0x00000148ab648710 JavaThread "DestroyJavaVM" [_thread_blocked, id=14900, stack(0x000000360cc00000,0x000000360cd00000)]
  0x00000148d2005cc0 JavaThread "Abandoned connection cleanup thread" daemon [_thread_blocked, id=11492, stack(0x000000360f300000,0x000000360f400000)]
  0x00000148d36b7210 JavaThread "TimerQueue" daemon [_thread_blocked, id=16004, stack(0x000000360f700000,0x000000360f800000)]
  0x00000148d36b9890 JavaThread "QuantumRenderer-0" daemon [_thread_blocked, id=17160, stack(0x000000360f800000,0x000000360f900000)]
  0x00000148d36b7bb0 JavaThread "InvokeLaterDispatcher" daemon [_thread_blocked, id=11556, stack(0x000000360fd00000,0x000000360fe00000)]
=>0x00000148d36b8a20 JavaThread "JavaFX Application Thread" [_thread_in_vm, id=17000, stack(0x000000360fe00000,0x000000360ff00000)]
  0x00000148d36b8ef0 JavaThread "Thread-2" daemon [_thread_blocked, id=11868, stack(0x000000360df00000,0x000000360e000000)]
  0x00000148d36b9d60 JavaThread "Prism Font Disposer" daemon [_thread_blocked, id=17456, stack(0x000000360ea00000,0x000000360eb00000)]
  0x00000148d36ba230 JavaThread "Disposer" daemon [_thread_blocked, id=17116, stack(0x000000360f400000,0x000000360f500000)]
  0x00000148d3e646d0 JavaThread "C1 CompilerThread1" daemon [_thread_blocked, id=10164, stack(0x000000360db00000,0x000000360dc00000)]
  0x00000148d3e63cb0 JavaThread "C2 CompilerThread1" daemon [_thread_blocked, id=16712, stack(0x000000360e000000,0x000000360e100000)]

Other Threads:
  0x00000148cfbd4510 VMThread "VM Thread" [stack: 0x000000360d200000,0x000000360d300000] [id=13304] _threads_hazard_ptr=0x00000148d6abf760
  0x00000148d076e770 WatcherThread [stack: 0x000000360dd00000,0x000000360de00000] [id=11144]
  0x00000148ab69e550 GCTaskThread "GC Thread#0" [stack: 0x000000360cd00000,0x000000360ce00000] [id=15544]
  0x00000148d0760d20 GCTaskThread "GC Thread#1" [stack: 0x000000360e200000,0x000000360e300000] [id=16832]
  0x00000148d148dbc0 GCTaskThread "GC Thread#2" [stack: 0x000000360e300000,0x000000360e400000] [id=16664]
  0x00000148d148def0 GCTaskThread "GC Thread#3" [stack: 0x000000360e400000,0x000000360e500000] [id=9368]
  0x00000148d148e220 GCTaskThread "GC Thread#4" [stack: 0x000000360e500000,0x000000360e600000] [id=12224]
  0x00000148d148bf10 GCTaskThread "GC Thread#5" [stack: 0x000000360e600000,0x000000360e700000] [id=8780]
  0x00000148d0e30250 GCTaskThread "GC Thread#6" [stack: 0x0000003610000000,0x0000003610100000] [id=15420]
  0x00000148d0e30be0 GCTaskThread "GC Thread#7" [stack: 0x0000003610100000,0x0000003610200000] [id=15460]
  0x00000148ab6af320 ConcurrentGCThread "G1 Main Marker" [stack: 0x000000360ce00000,0x000000360cf00000] [id=17152]
  0x00000148ab6b06b0 ConcurrentGCThread "G1 Conc#0" [stack: 0x000000360cf00000,0x000000360d000000] [id=15380]
  0x00000148d148d560 ConcurrentGCThread "G1 Conc#1" [stack: 0x000000360f200000,0x000000360f300000] [id=15724]
  0x00000148d148d230 ConcurrentGCThread "G1 Conc#2" [stack: 0x000000360f500000,0x000000360f600000] [id=7164]
  0x00000148d148b250 ConcurrentGCThread "G1 Conc#3" [stack: 0x000000360f600000,0x000000360f700000] [id=1328]
  0x00000148ab70e6d0 ConcurrentGCThread "G1 Refine#0" [stack: 0x000000360d000000,0x000000360d100000] [id=15096]
  0x00000148cfac94e0 ConcurrentGCThread "G1 Young RemSet Sampling" [stack: 0x000000360d100000,0x000000360d200000] [id=16468]

Threads with active compile tasks:
C2 CompilerThread0    37486 7585       4       javax.swing.plaf.basic.BasicTextUI$UpdateHandler::propertyChange (197 bytes)

VM state: synchronizing (normal execution)

VM Mutex/Monitor currently owned by a thread:  ([mutex/lock_event])
[0x00000148ab645280] Threads_lock - owner thread: 0x00000148cfbd4510
[0x00000148ab645ca0] Heap_lock - owner thread: 0x00000148d1831f20

Heap address: 0x0000000703800000, size: 4040 MB, Compressed Oops mode: Zero based, Oop shift amount: 3
CDS archive(s) mapped at: [0x0000000800000000-0x0000000800b50000-0x0000000800b50000), size 11862016, SharedBaseAddress: 0x0000000800000000, ArchiveRelocationMode: 0.
Compressed class space mapped at: 0x0000000800b50000-0x0000000840b50000, size: 1073741824
Narrow klass base: 0x0000000800000000, Narrow klass shift: 3, Narrow klass range: 0x100000000

GC Precious Log:
 CPUs: 20 total, 20 available
 Memory: 16155M
 Large Page Support: Disabled
 NUMA Support: Disabled
 Compressed Oops: Enabled (Zero based)
 Heap Region Size: 2M
 Heap Min Capacity: 8M
 Heap Initial Capacity: 254M
 Heap Max Capacity: 4040M
 Pre-touch: Disabled
 Parallel Workers: 15
 Concurrent Workers: 4
 Concurrent Refinement Workers: 15
 Periodic GC: Disabled

Heap:
 garbage-first heap   total 141312K, used 82274K [0x0000000703800000, 0x0000000800000000)
  region size 2048K, 4 young (8192K), 2 survivors (4096K)
 Metaspace       used 51336K, capacity 51706K, committed 51888K, reserved 1093632K
  class space    used 6973K, capacity 7105K, committed 7168K, reserved 1048576K

Heap Regions: E=young(eden), S=young(survivor), O=old, HS=humongous(starts), HC=humongous(continues), CS=collection set, F=free, OA=open archive, CA=closed archive, TAMS=top-at-mark-start (previous, next)
|   0|0x0000000703800000, 0x0000000703a00000, 0x0000000703a00000|100%| O|  |TAMS 0x0000000703a00000, 0x0000000703800000| Untracked 
|   1|0x0000000703a00000, 0x0000000703c00000, 0x0000000703c00000|100%| O|  |TAMS 0x0000000703c00000, 0x0000000703a00000| Untracked 
|   2|0x0000000703c00000, 0x0000000703e00000, 0x0000000703e00000|100%| O|  |TAMS 0x0000000703e00000, 0x0000000703c00000| Untracked 
|   3|0x0000000703e00000, 0x0000000704000000, 0x0000000704000000|100%| O|  |TAMS 0x0000000704000000, 0x0000000703e00000| Untracked 
|   4|0x0000000704000000, 0x0000000704200000, 0x0000000704200000|100%| O|  |TAMS 0x0000000704200000, 0x0000000704000000| Untracked 
|   5|0x0000000704200000, 0x0000000704400000, 0x0000000704400000|100%| O|  |TAMS 0x0000000704400000, 0x0000000704200000| Untracked 
|   6|0x0000000704400000, 0x0000000704600000, 0x0000000704600000|100%| O|  |TAMS 0x0000000704600000, 0x0000000704400000| Untracked 
|   7|0x0000000704600000, 0x0000000704800000, 0x0000000704800000|100%| O|  |TAMS 0x0000000704800000, 0x0000000704600000| Untracked 
|   8|0x0000000704800000, 0x00000007048c5800, 0x0000000704a00000| 38%| O|  |TAMS 0x00000007048c5800, 0x0000000704800000| Untracked 
|   9|0x0000000704a00000, 0x0000000704c00000, 0x0000000704c00000|100%| O|  |TAMS 0x0000000704c00000, 0x0000000704a00000| Untracked 
|  10|0x0000000704c00000, 0x0000000704e00000, 0x0000000704e00000|100%| O|  |TAMS 0x0000000704e00000, 0x0000000704c00000| Untracked 
|  11|0x0000000704e00000, 0x0000000705000000, 0x0000000705000000|100%| O|  |TAMS 0x0000000705000000, 0x0000000704e00000| Untracked 
|  12|0x0000000705000000, 0x0000000705200000, 0x0000000705200000|100%| O|  |TAMS 0x0000000705200000, 0x0000000705000000| Untracked 
|  13|0x0000000705200000, 0x0000000705400000, 0x0000000705400000|100%| O|  |TAMS 0x0000000705400000, 0x0000000705200000| Untracked 
|  14|0x0000000705400000, 0x0000000705600000, 0x0000000705600000|100%| O|  |TAMS 0x0000000705600000, 0x0000000705400000| Untracked 
|  15|0x0000000705600000, 0x0000000705800000, 0x0000000705800000|100%| O|  |TAMS 0x0000000705800000, 0x0000000705600000| Untracked 
|  16|0x0000000705800000, 0x0000000705a00000, 0x0000000705a00000|100%| O|  |TAMS 0x0000000705a00000, 0x0000000705800000| Untracked 
|  17|0x0000000705a00000, 0x0000000705c00000, 0x0000000705c00000|100%| O|  |TAMS 0x0000000705c00000, 0x0000000705a00000| Untracked 
|  18|0x0000000705c00000, 0x0000000705e00000, 0x0000000705e00000|100%| O|  |TAMS 0x0000000705e00000, 0x0000000705c00000| Untracked 
|  19|0x0000000705e00000, 0x0000000706000000, 0x0000000706000000|100%| O|  |TAMS 0x0000000706000000, 0x0000000705e00000| Untracked 
|  20|0x0000000706000000, 0x0000000706200000, 0x0000000706200000|100%| O|  |TAMS 0x0000000706200000, 0x0000000706000000| Untracked 
|  21|0x0000000706200000, 0x0000000706400000, 0x0000000706400000|100%| O|  |TAMS 0x0000000706400000, 0x0000000706200000| Untracked 
|  22|0x0000000706400000, 0x0000000706600000, 0x0000000706600000|100%| O|  |TAMS 0x0000000706600000, 0x0000000706400000| Untracked 
|  23|0x0000000706600000, 0x0000000706800000, 0x0000000706800000|100%| O|  |TAMS 0x0000000706800000, 0x0000000706600000| Untracked 
|  24|0x0000000706800000, 0x0000000706a00000, 0x0000000706a00000|100%| O|  |TAMS 0x0000000706a00000, 0x0000000706800000| Untracked 
|  25|0x0000000706a00000, 0x0000000706c00000, 0x0000000706c00000|100%| O|  |TAMS 0x0000000706c00000, 0x0000000706a00000| Untracked 
|  26|0x0000000706c00000, 0x0000000706e00000, 0x0000000706e00000|100%| O|  |TAMS 0x0000000706e00000, 0x0000000706c00000| Untracked 
|  27|0x0000000706e00000, 0x0000000707000000, 0x0000000707000000|100%| O|  |TAMS 0x0000000707000000, 0x0000000706e00000| Untracked 
|  28|0x0000000707000000, 0x0000000707200000, 0x0000000707200000|100%| O|  |TAMS 0x0000000707200000, 0x0000000707000000| Untracked 
|  29|0x0000000707200000, 0x0000000707400000, 0x0000000707400000|100%| O|  |TAMS 0x0000000707400000, 0x0000000707200000| Untracked 
|  30|0x0000000707400000, 0x0000000707600000, 0x0000000707600000|100%| O|  |TAMS 0x0000000707600000, 0x0000000707400000| Untracked 
|  31|0x0000000707600000, 0x0000000707800000, 0x0000000707800000|100%| O|  |TAMS 0x0000000707800000, 0x0000000707600000| Untracked 
|  32|0x0000000707800000, 0x0000000707a00000, 0x0000000707a00000|100%| O|  |TAMS 0x0000000707a00000, 0x0000000707800000| Untracked 
|  33|0x0000000707a00000, 0x0000000707c00000, 0x0000000707c00000|100%| O|  |TAMS 0x0000000707c00000, 0x0000000707a00000| Untracked 
|  34|0x0000000707c00000, 0x0000000707e00000, 0x0000000707e00000|100%| O|  |TAMS 0x0000000707e00000, 0x0000000707c00000| Untracked 
|  35|0x0000000707e00000, 0x0000000708000000, 0x0000000708000000|100%|HS|  |TAMS 0x0000000708000000, 0x0000000707e00000| Complete 
|  36|0x0000000708000000, 0x0000000708200000, 0x0000000708200000|100%|HC|  |TAMS 0x0000000708200000, 0x0000000708000000| Complete 
|  37|0x0000000708200000, 0x00000007083ee800, 0x0000000708400000| 96%| O|  |TAMS 0x00000007083ee800, 0x0000000708200000| Untracked 
|  38|0x0000000708400000, 0x0000000708400000, 0x0000000708600000|  0%| F|  |TAMS 0x0000000708400000, 0x0000000708400000| Untracked 
|  39|0x0000000708600000, 0x0000000708600000, 0x0000000708800000|  0%| F|  |TAMS 0x0000000708600000, 0x0000000708600000| Untracked 
|  40|0x0000000708800000, 0x0000000708800000, 0x0000000708a00000|  0%| F|  |TAMS 0x0000000708800000, 0x0000000708800000| Untracked 
|  41|0x0000000708a00000, 0x0000000708a00000, 0x0000000708c00000|  0%| F|  |TAMS 0x0000000708a00000, 0x0000000708a00000| Untracked 
|  42|0x0000000708c00000, 0x0000000708c00000, 0x0000000708e00000|  0%| F|  |TAMS 0x0000000708c00000, 0x0000000708c00000| Untracked 
|  43|0x0000000708e00000, 0x0000000708e00000, 0x0000000709000000|  0%| F|  |TAMS 0x0000000708e00000, 0x0000000708e00000| Untracked 
|  44|0x0000000709000000, 0x0000000709000000, 0x0000000709200000|  0%| F|  |TAMS 0x0000000709000000, 0x0000000709000000| Untracked 
|  45|0x0000000709200000, 0x0000000709200000, 0x0000000709400000|  0%| F|  |TAMS 0x0000000709200000, 0x0000000709200000| Untracked 
|  46|0x0000000709400000, 0x0000000709400000, 0x0000000709600000|  0%| F|  |TAMS 0x0000000709400000, 0x0000000709400000| Untracked 
|  47|0x0000000709600000, 0x0000000709600000, 0x0000000709800000|  0%| F|  |TAMS 0x0000000709600000, 0x0000000709600000| Untracked 
|  48|0x0000000709800000, 0x0000000709800000, 0x0000000709a00000|  0%| F|  |TAMS 0x0000000709800000, 0x0000000709800000| Untracked 
|  49|0x0000000709a00000, 0x0000000709a00000, 0x0000000709c00000|  0%| F|  |TAMS 0x0000000709a00000, 0x0000000709a00000| Untracked 
|  50|0x0000000709c00000, 0x0000000709c00000, 0x0000000709e00000|  0%| F|  |TAMS 0x0000000709c00000, 0x0000000709c00000| Untracked 
|  51|0x0000000709e00000, 0x0000000709fa48b0, 0x000000070a000000| 82%| S|CS|TAMS 0x0000000709e00000, 0x0000000709e00000| Complete 
|  52|0x000000070a000000, 0x000000070a200000, 0x000000070a200000|100%| S|CS|TAMS 0x000000070a000000, 0x000000070a000000| Complete 
|  53|0x000000070a200000, 0x000000070a200000, 0x000000070a400000|  0%| F|  |TAMS 0x000000070a200000, 0x000000070a200000| Untracked 
|  54|0x000000070a400000, 0x000000070a400000, 0x000000070a600000|  0%| F|  |TAMS 0x000000070a400000, 0x000000070a400000| Untracked 
|  55|0x000000070a600000, 0x000000070a600000, 0x000000070a800000|  0%| F|  |TAMS 0x000000070a600000, 0x000000070a600000| Untracked 
|  56|0x000000070a800000, 0x000000070a800000, 0x000000070aa00000|  0%| F|  |TAMS 0x000000070a800000, 0x000000070a800000| Untracked 
|  57|0x000000070aa00000, 0x000000070aa00000, 0x000000070ac00000|  0%| F|  |TAMS 0x000000070aa00000, 0x000000070aa00000| Untracked 
|  58|0x000000070ac00000, 0x000000070ac00000, 0x000000070ae00000|  0%| F|  |TAMS 0x000000070ac00000, 0x000000070ac00000| Untracked 
|  59|0x000000070ae00000, 0x000000070ae00000, 0x000000070b000000|  0%| F|  |TAMS 0x000000070ae00000, 0x000000070ae00000| Untracked 
|  60|0x000000070b000000, 0x000000070b000000, 0x000000070b200000|  0%| F|  |TAMS 0x000000070b000000, 0x000000070b000000| Untracked 
|  61|0x000000070b200000, 0x000000070b200000, 0x000000070b400000|  0%| F|  |TAMS 0x000000070b200000, 0x000000070b200000| Untracked 
|  62|0x000000070b400000, 0x000000070b400000, 0x000000070b600000|  0%| F|  |TAMS 0x000000070b400000, 0x000000070b400000| Untracked 
|  63|0x000000070b600000, 0x000000070b600000, 0x000000070b800000|  0%| F|  |TAMS 0x000000070b600000, 0x000000070b600000| Untracked 
|  64|0x000000070b800000, 0x000000070b800000, 0x000000070ba00000|  0%| F|  |TAMS 0x000000070b800000, 0x000000070b800000| Untracked 
|  65|0x000000070ba00000, 0x000000070ba00000, 0x000000070bc00000|  0%| F|  |TAMS 0x000000070ba00000, 0x000000070ba00000| Untracked 
| 121|0x0000000712a00000, 0x0000000712a00000, 0x0000000712c00000|  0%| F|  |TAMS 0x0000000712a00000, 0x0000000712a00000| Untracked 
| 125|0x0000000713200000, 0x00000007133ce900, 0x0000000713400000| 90%| E|  |TAMS 0x0000000713200000, 0x0000000713200000| Complete 
| 126|0x0000000713400000, 0x0000000713600000, 0x0000000713600000|100%| E|CS|TAMS 0x0000000713400000, 0x0000000713400000| Complete 

Card table byte_map: [0x00000148c3b00000,0x00000148c42f0000] _byte_map_base: 0x00000148c02e4000

Marking Bits (Prev, Next): (CMBitMap*) 0x00000148ab69ed40, (CMBitMap*) 0x00000148ab69ed80
 Prev Bits: [0x00000148c4ae0000, 0x00000148c8a00000)
 Next Bits: [0x00000148c8a00000, 0x00000148cc920000)

Polling page: 0x00000148a95e0000

Metaspace:

Usage:
  Non-class:     43.56 MB capacity,    43.32 MB (>99%) used,   173.98 KB ( <1%) free+waste,    63.94 KB ( <1%) overhead. 
      Class:      6.94 MB capacity,     6.81 MB ( 98%) used,   107.83 KB (  2%) free+waste,    24.12 KB ( <1%) overhead. 
       Both:     50.49 MB capacity,    50.13 MB (>99%) used,   281.80 KB ( <1%) free+waste,    88.06 KB ( <1%) overhead. 

Virtual space:
  Non-class space:       44.00 MB reserved,      43.67 MB (>99%) committed 
      Class space:        1.00 GB reserved,       7.00 MB ( <1%) committed 
             Both:        1.04 GB reserved,      50.67 MB (  5%) committed 

Chunk freelists:
   Non-Class:  119.00 KB
       Class:  0 bytes
        Both:  119.00 KB

MaxMetaspaceSize: 17179869184.00 GB
CompressedClassSpaceSize: 1.00 GB

CodeHeap 'non-profiled nmethods': size=119168Kb used=4142Kb max_used=5595Kb free=115025Kb
 bounds [0x00000148bb410000, 0x00000148bb990000, 0x00000148c2870000]
CodeHeap 'profiled nmethods': size=119104Kb used=12401Kb max_used=14032Kb free=106702Kb
 bounds [0x00000148b3fc0000, 0x00000148b4d80000, 0x00000148bb410000]
CodeHeap 'non-nmethods': size=7488Kb used=2197Kb max_used=3373Kb free=5290Kb
 bounds [0x00000148b3870000, 0x00000148b3c30000, 0x00000148b3fc0000]
 total_blobs=7232 nmethods=6223 adapters=916
 compilation: enabled
              stopped_count=0, restarted_count=0
 full_count=0

Compilation events (20 events):
Event: 37.435 Thread 0x00000148d3e646d0 7618       3       com.sun.javafx.scene.NodeHelper::geomChanged (9 bytes)
Event: 37.435 Thread 0x00000148d3e646d0 nmethod 7618 0x00000148b47e9110 code [0x00000148b47e92c0, 0x00000148b47e9498]
Event: 37.435 Thread 0x00000148d3e646d0 7614       1       com.sun.javafx.css.CalculatedValue::getValue (5 bytes)
Event: 37.435 Thread 0x00000148cfbf5250 nmethod 7616 0x00000148b4b5c310 code [0x00000148b4b5c620, 0x00000148b4b5dd48]
Event: 37.435 Thread 0x00000148cfbf5250 7613       1       javafx.scene.text.Font::getSize (5 bytes)
Event: 37.435 Thread 0x00000148cfbf5250 nmethod 7613 0x00000148bb780e10 code [0x00000148bb780fa0, 0x00000148bb781058]
Event: 37.435 Thread 0x00000148cfbf5250 7615       1       javafx.scene.paint.Stop::getColor (5 bytes)
Event: 37.435 Thread 0x00000148cfbf5250 nmethod 7615 0x00000148bb780990 code [0x00000148bb780b20, 0x00000148bb780bd8]
Event: 37.435 Thread 0x00000148d3e646d0 nmethod 7614 0x00000148bb55cb10 code [0x00000148bb55cca0, 0x00000148bb55cd58]
Event: 37.435 Thread 0x00000148d3e63cb0 nmethod 7597 0x00000148bb55c610 code [0x00000148bb55c7a0, 0x00000148bb55c958]
Event: 37.435 Thread 0x00000148d3e63cb0 7591       4       java.lang.StringLatin1::trim (76 bytes)
Event: 37.437 Thread 0x00000148d3e63cb0 nmethod 7591 0x00000148bb7b7a90 code [0x00000148bb7b7c20, 0x00000148bb7b7d48]
Event: 37.437 Thread 0x00000148d3e63cb0 7612       4       java.util.Collections$UnmodifiableList::get (11 bytes)
Event: 37.437 Thread 0x00000148d3e63cb0 nmethod 7612 0x00000148bb7b7690 code [0x00000148bb7b7800, 0x00000148bb7b7898]
Event: 37.437 Thread 0x00000148d3e63cb0 7586       4       javax.swing.JViewport::firePropertyChange (35 bytes)
Event: 37.437 Thread 0x00000148d3e63cb0 nmethod 7586 0x00000148bb5a5390 code [0x00000148bb5a5520, 0x00000148bb5a5708]
Event: 37.439 Thread 0x00000148d3e63cb0 7619       4       java.lang.invoke.LambdaForm$Name::useCount (42 bytes)
Event: 37.439 Thread 0x00000148cfbf5250 7620       3       jdk.internal.org.objectweb.asm.Frame::setInputFrameFromDescriptor (175 bytes)
Event: 37.439 Thread 0x00000148cfbf5250 nmethod 7620 0x00000148b44aed10 code [0x00000148b44aef20, 0x00000148b44af738]
Event: 37.440 Thread 0x00000148d3e63cb0 nmethod 7619 0x00000148bb85b590 code [0x00000148bb85b700, 0x00000148bb85b7d8]

GC Heap History (20 events):
Event: 5.223 GC heap before
{Heap before GC invocations=7 (full 0):
 garbage-first heap   total 98304K, used 61802K [0x0000000703800000, 0x0000000800000000)
  region size 2048K, 17 young (34816K), 2 survivors (4096K)
 Metaspace       used 34353K, capacity 34582K, committed 34992K, reserved 1079296K
  class space    used 4206K, capacity 4269K, committed 4352K, reserved 1048576K
}
Event: 5.226 GC heap after
{Heap after GC invocations=8 (full 0):
 garbage-first heap   total 98304K, used 40036K [0x0000000703800000, 0x0000000800000000)
  region size 2048K, 3 young (6144K), 3 survivors (6144K)
 Metaspace       used 34353K, capacity 34582K, committed 34992K, reserved 1079296K
  class space    used 4206K, capacity 4269K, committed 4352K, reserved 1048576K
}
Event: 5.700 GC heap before
{Heap before GC invocations=8 (full 0):
 garbage-first heap   total 98304K, used 46180K [0x0000000703800000, 0x0000000800000000)
  region size 2048K, 7 young (14336K), 3 survivors (6144K)
 Metaspace       used 35175K, capacity 35479K, committed 35888K, reserved 1081344K
  class space    used 4396K, capacity 4461K, committed 4480K, reserved 1048576K
}
Event: 5.702 GC heap after
{Heap after GC invocations=9 (full 0):
 garbage-first heap   total 98304K, used 41601K [0x0000000703800000, 0x0000000800000000)
  region size 2048K, 1 young (2048K), 1 survivors (2048K)
 Metaspace       used 35175K, capacity 35479K, committed 35888K, reserved 1081344K
  class space    used 4396K, capacity 4461K, committed 4480K, reserved 1048576K
}
Event: 6.567 GC heap before
{Heap before GC invocations=10 (full 0):
 garbage-first heap   total 98304K, used 66177K [0x0000000703800000, 0x0000000800000000)
  region size 2048K, 14 young (28672K), 1 survivors (2048K)
 Metaspace       used 39432K, capacity 39703K, committed 40240K, reserved 1085440K
  class space    used 5103K, capacity 5207K, committed 5248K, reserved 1048576K
}
Event: 6.569 GC heap after
{Heap after GC invocations=11 (full 0):
 garbage-first heap   total 98304K, used 46413K [0x0000000703800000, 0x0000000800000000)
  region size 2048K, 2 young (4096K), 2 survivors (4096K)
 Metaspace       used 39432K, capacity 39703K, committed 40240K, reserved 1085440K
  class space    used 5103K, capacity 5207K, committed 5248K, reserved 1048576K
}
Event: 6.956 GC heap before
{Heap before GC invocations=11 (full 0):
 garbage-first heap   total 98304K, used 70989K [0x0000000703800000, 0x0000000800000000)
  region size 2048K, 14 young (28672K), 2 survivors (4096K)
 Metaspace       used 41462K, capacity 41767K, committed 42160K, reserved 1085440K
  class space    used 5414K, capacity 5530K, committed 5632K, reserved 1048576K
}
Event: 6.959 GC heap after
{Heap after GC invocations=12 (full 0):
 garbage-first heap   total 98304K, used 52822K [0x0000000703800000, 0x0000000800000000)
  region size 2048K, 2 young (4096K), 2 survivors (4096K)
 Metaspace       used 41462K, capacity 41767K, committed 42160K, reserved 1085440K
  class space    used 5414K, capacity 5530K, committed 5632K, reserved 1048576K
}
Event: 7.117 GC heap before
{Heap before GC invocations=13 (full 0):
 garbage-first heap   total 98304K, used 69206K [0x0000000703800000, 0x0000000800000000)
  region size 2048K, 11 young (22528K), 2 survivors (4096K)
 Metaspace       used 42178K, capacity 42471K, committed 42800K, reserved 1087488K
  class space    used 5610K, capacity 5722K, committed 5760K, reserved 1048576K
}
Event: 7.119 GC heap after
{Heap after GC invocations=14 (full 0):
 garbage-first heap   total 98304K, used 58840K [0x0000000703800000, 0x0000000800000000)
  region size 2048K, 2 young (4096K), 2 survivors (4096K)
 Metaspace       used 42178K, capacity 42471K, committed 42800K, reserved 1087488K
  class space    used 5610K, capacity 5722K, committed 5760K, reserved 1048576K
}
Event: 7.221 GC heap before
{Heap before GC invocations=14 (full 0):
 garbage-first heap   total 98304K, used 73176K [0x0000000703800000, 0x0000000800000000)
  region size 2048K, 9 young (18432K), 2 survivors (4096K)
 Metaspace       used 42615K, capacity 42952K, committed 43440K, reserved 1087488K
  class space    used 5710K, capacity 5818K, committed 5888K, reserved 1048576K
}
Event: 7.222 GC heap after
{Heap after GC invocations=15 (full 0):
 garbage-first heap   total 98304K, used 63640K [0x0000000703800000, 0x0000000800000000)
  region size 2048K, 2 young (4096K), 2 survivors (4096K)
 Metaspace       used 42615K, capacity 42952K, committed 43440K, reserved 1087488K
  class space    used 5710K, capacity 5818K, committed 5888K, reserved 1048576K
}
Event: 7.301 GC heap before
{Heap before GC invocations=16 (full 0):
 garbage-first heap   total 112640K, used 73880K [0x0000000703800000, 0x0000000800000000)
  region size 2048K, 8 young (16384K), 2 survivors (4096K)
 Metaspace       used 42867K, capacity 43240K, committed 43824K, reserved 1087488K
  class space    used 5796K, capacity 5914K, committed 6016K, reserved 1048576K
}
Event: 7.302 GC heap after
{Heap after GC invocations=17 (full 0):
 garbage-first heap   total 112640K, used 67469K [0x0000000703800000, 0x0000000800000000)
  region size 2048K, 1 young (2048K), 1 survivors (2048K)
 Metaspace       used 42867K, capacity 43240K, committed 43824K, reserved 1087488K
  class space    used 5796K, capacity 5914K, committed 6016K, reserved 1048576K
}
Event: 7.508 GC heap before
{Heap before GC invocations=17 (full 0):
 garbage-first heap   total 112640K, used 79757K [0x0000000703800000, 0x0000000800000000)
  region size 2048K, 9 young (18432K), 1 survivors (2048K)
 Metaspace       used 44040K, capacity 44328K, committed 44720K, reserved 1087488K
  class space    used 5941K, capacity 6042K, committed 6144K, reserved 1048576K
}
Event: 7.509 GC heap after
{Heap after GC invocations=18 (full 0):
 garbage-first heap   total 112640K, used 72964K [0x0000000703800000, 0x0000000800000000)
  region size 2048K, 2 young (4096K), 2 survivors (4096K)
 Metaspace       used 44040K, capacity 44328K, committed 44720K, reserved 1087488K
  class space    used 5941K, capacity 6042K, committed 6144K, reserved 1048576K
}
Event: 14.636 GC heap before
{Heap before GC invocations=19 (full 0):
 garbage-first heap   total 137216K, used 89348K [0x0000000703800000, 0x0000000800000000)
  region size 2048K, 8 young (16384K), 2 survivors (4096K)
 Metaspace       used 46114K, capacity 46452K, committed 47024K, reserved 1089536K
  class space    used 6186K, capacity 6301K, committed 6400K, reserved 1048576K
}
Event: 14.637 GC heap after
{Heap after GC invocations=20 (full 0):
 garbage-first heap   total 137216K, used 77373K [0x0000000703800000, 0x0000000800000000)
  region size 2048K, 1 young (2048K), 1 survivors (2048K)
 Metaspace       used 46114K, capacity 46452K, committed 47024K, reserved 1089536K
  class space    used 6186K, capacity 6301K, committed 6400K, reserved 1048576K
}
Event: 26.714 GC heap before
{Heap before GC invocations=20 (full 0):
 garbage-first heap   total 137216K, used 101949K [0x0000000703800000, 0x0000000800000000)
  region size 2048K, 14 young (28672K), 1 survivors (2048K)
 Metaspace       used 51203K, capacity 51612K, committed 51888K, reserved 1093632K
  class space    used 6957K, capacity 7096K, committed 7168K, reserved 1048576K
}
Event: 26.724 GC heap after
{Heap after GC invocations=21 (full 0):
 garbage-first heap   total 137216K, used 80226K [0x0000000703800000, 0x0000000800000000)
  region size 2048K, 2 young (4096K), 2 survivors (4096K)
 Metaspace       used 51203K, capacity 51612K, committed 51888K, reserved 1093632K
  class space    used 6957K, capacity 7096K, committed 7168K, reserved 1048576K
}

Deoptimization events (20 events):
Event: 32.405 Thread 0x00000148d1831f20 Uncommon trap: trap_request=0xffffffc6 fr.pc=0x00000148bb7ec07c relative=0x000000000000015c
Event: 32.405 Thread 0x00000148d1831f20 Uncommon trap: reason=bimorphic_or_optimized_type_check action=maybe_recompile pc=0x00000148bb7ec07c method=javax.swing.JComponent.getInsets(Ljava/awt/Insets;)Ljava/awt/Insets; @ 42 c2
Event: 32.405 Thread 0x00000148d1831f20 DEOPT PACKING pc=0x00000148bb7ec07c sp=0x000000360ebfce30
Event: 32.405 Thread 0x00000148d1831f20 DEOPT UNPACKING pc=0x00000148b38be42f sp=0x000000360ebfcdc0 mode 2
Event: 33.704 Thread 0x00000148d1831f20 Uncommon trap: trap_request=0xffffffc6 fr.pc=0x00000148bb7ec07c relative=0x000000000000015c
Event: 33.704 Thread 0x00000148d1831f20 Uncommon trap: reason=bimorphic_or_optimized_type_check action=maybe_recompile pc=0x00000148bb7ec07c method=javax.swing.JComponent.getInsets(Ljava/awt/Insets;)Ljava/awt/Insets; @ 42 c2
Event: 33.704 Thread 0x00000148d1831f20 DEOPT PACKING pc=0x00000148bb7ec07c sp=0x000000360ebfe000
Event: 33.704 Thread 0x00000148d1831f20 DEOPT UNPACKING pc=0x00000148b38be42f sp=0x000000360ebfdf90 mode 2
Event: 34.549 Thread 0x00000148d1831f20 Uncommon trap: trap_request=0xffffffc6 fr.pc=0x00000148bb7ec07c relative=0x000000000000015c
Event: 34.549 Thread 0x00000148d1831f20 Uncommon trap: reason=bimorphic_or_optimized_type_check action=maybe_recompile pc=0x00000148bb7ec07c method=javax.swing.JComponent.getInsets(Ljava/awt/Insets;)Ljava/awt/Insets; @ 42 c2
Event: 34.549 Thread 0x00000148d1831f20 DEOPT PACKING pc=0x00000148bb7ec07c sp=0x000000360ebfe000
Event: 34.549 Thread 0x00000148d1831f20 DEOPT UNPACKING pc=0x00000148b38be42f sp=0x000000360ebfdf90 mode 2
Event: 37.437 Thread 0x00000148d36b8a20 Uncommon trap: trap_request=0xffffff45 fr.pc=0x00000148bb676eb0 relative=0x0000000000003170
Event: 37.437 Thread 0x00000148d36b8a20 Uncommon trap: reason=unstable_if action=reinterpret pc=0x00000148bb676eb0 method=java.net.URLStreamHandler.parseURL(Ljava/net/URL;Ljava/lang/String;II)V @ 84 c2
Event: 37.437 Thread 0x00000148d36b8a20 DEOPT PACKING pc=0x00000148bb676eb0 sp=0x000000360fefe2b0
Event: 37.437 Thread 0x00000148d36b8a20 DEOPT UNPACKING pc=0x00000148b38be42f sp=0x000000360fefe260 mode 2
Event: 37.437 Thread 0x00000148d36b8a20 Uncommon trap: trap_request=0xffffff45 fr.pc=0x00000148bb645744 relative=0x0000000000000b64
Event: 37.437 Thread 0x00000148d36b8a20 Uncommon trap: reason=unstable_if action=reinterpret pc=0x00000148bb645744 method=java.net.URL.set(Ljava/lang/String;Ljava/lang/String;ILjava/lang/String;Ljava/lang/String;Ljava/lang/String;Ljava/lang/String;Ljava/lang/String;)V @ 23 c2
Event: 37.437 Thread 0x00000148d36b8a20 DEOPT PACKING pc=0x00000148bb645744 sp=0x000000360fefe1a0
Event: 37.437 Thread 0x00000148d36b8a20 DEOPT UNPACKING pc=0x00000148b38be42f sp=0x000000360fefe0c0 mode 2

Classes unloaded (0 events):
No events

Classes redefined (0 events):
No events

Internal exceptions (20 events):
Event: 14.764 Thread 0x00000148d36b8a20 Exception <a 'sun/nio/fs/WindowsException'{0x000000070ac97378}> (0x000000070ac97378) 
thrown [./open/src/hotspot/share/prims/jni.cpp, line 578]
Event: 14.770 Thread 0x00000148d36b8a20 Exception <a 'java/lang/NoSuchMethodError'{0x000000070ad00e90}: 'java.lang.Object java.lang.invoke.DirectMethodHandle$Holder.invokeSpecial(java.lang.Object, java.lang.Object, long, long, int, java.lang.Object, java.lang.Object, java.lang.Object, int)'> (0x000000070ad00e90) 
thrown [./open/src/hotspot/share/interpreter/linkResolver.cpp, line 782]
Event: 14.770 Thread 0x00000148d36b8a20 Exception <a 'java/lang/NoSuchMethodError'{0x000000070ad04e00}: 'java.lang.Object java.lang.invoke.DelegatingMethodHandle$Holder.reinvoke_L(java.lang.Object, long, long, int, java.lang.Object, java.lang.Object, java.lang.Object, int)'> (0x000000070ad04e00) 
thrown [./open/src/hotspot/share/interpreter/linkResolver.cpp, line 782]
Event: 14.880 Thread 0x00000148d36b8a20 Exception <a 'sun/nio/fs/WindowsException'{0x000000070aa0e8f0}> (0x000000070aa0e8f0) 
thrown [./open/src/hotspot/share/prims/jni.cpp, line 578]
Event: 14.881 Thread 0x00000148d36b8a20 Exception <a 'sun/nio/fs/WindowsException'{0x000000070aa0f520}> (0x000000070aa0f520) 
thrown [./open/src/hotspot/share/prims/jni.cpp, line 578]
Event: 14.977 Thread 0x00000148d36b8a20 Exception <a 'java/lang/NoSuchMethodError'{0x000000070ab59640}: 'long java.lang.invoke.DirectMethodHandle$Holder.invokeStatic(java.lang.Object, java.lang.Object, java.lang.Object)'> (0x000000070ab59640) 
thrown [./open/src/hotspot/share/interpreter/linkResolver.cpp, line 782]
Event: 14.977 Thread 0x00000148d36b8a20 Exception <a 'java/lang/NoSuchMethodError'{0x000000070ab5d280}: 'long java.lang.invoke.DirectMethodHandle$Holder.invokeStaticInit(java.lang.Object, java.lang.Object, java.lang.Object)'> (0x000000070ab5d280) 
thrown [./open/src/hotspot/share/interpreter/linkResolver.cpp, line 782]
Event: 14.977 Thread 0x00000148d36b8a20 Exception <a 'java/lang/NoSuchMethodError'{0x000000070ab75a58}: 'java.lang.Object java.lang.invoke.DirectMethodHandle$Holder.newInvokeSpecial(java.lang.Object, java.lang.Object, long)'> (0x000000070ab75a58) 
thrown [./open/src/hotspot/share/interpreter/linkResolver.cpp, line 782]
Event: 14.978 Thread 0x00000148d36b8a20 Exception <a 'java/lang/NoSuchMethodError'{0x000000070ab797c8}: 'java.lang.Object java.lang.invoke.Invokers$Holder.linkToTargetMethod(java.lang.Object, long, java.lang.Object)'> (0x000000070ab797c8) 
thrown [./open/src/hotspot/share/interpreter/linkResolver.cpp, line 782]
Event: 14.983 Thread 0x00000148d36b8a20 Exception <a 'java/lang/NoSuchMethodError'{0x000000070abd0158}: 'java.lang.Object java.lang.invoke.Invokers$Holder.linkToTargetMethod(int, int, int, int, java.lang.Object)'> (0x000000070abd0158) 
thrown [./open/src/hotspot/share/interpreter/linkResolver.cpp, line 782]
Event: 14.989 Thread 0x00000148d36b9890 Exception <a 'java/lang/NoSuchMethodError'{0x000000070a87c250}: 'int java.lang.invoke.DirectMethodHandle$Holder.invokeStaticInit(java.lang.Object, java.lang.Object)'> (0x000000070a87c250) 
thrown [./open/src/hotspot/share/interpreter/linkResolver.cpp, line 782]
Event: 22.582 Thread 0x00000148d1831f20 Implicit null exception at 0x00000148bb963b60 to 0x00000148bb963e28
Event: 25.553 Thread 0x00000148d1831f20 Implicit null exception at 0x00000148bb575dbf to 0x00000148bb577808
Event: 27.850 Thread 0x00000148d1831f20 Implicit null exception at 0x00000148bb6ba230 to 0x00000148bb6ba2b8
Event: 37.437 Thread 0x00000148d36b8a20 Exception <a 'sun/nio/fs/WindowsException'{0x000000071338a280}> (0x000000071338a280) 
thrown [./open/src/hotspot/share/prims/jni.cpp, line 578]
Event: 37.438 Thread 0x00000148d36b8a20 Exception <a 'sun/nio/fs/WindowsException'{0x000000071338aeb0}> (0x000000071338aeb0) 
thrown [./open/src/hotspot/share/prims/jni.cpp, line 578]
Event: 37.439 Thread 0x00000148d36b8a20 Exception <a 'java/lang/NoSuchMethodError'{0x00000007133aa638}: 'java.lang.Object java.lang.invoke.DirectMethodHandle$Holder.invokeSpecial(java.lang.Object, java.lang.Object, long, java.lang.Object)'> (0x00000007133aa638) 
thrown [./open/src/hotspot/share/interpreter/linkResolver.cpp, line 782]
Event: 37.440 Thread 0x00000148d36b8a20 Exception <a 'java/lang/NoSuchMethodError'{0x00000007133b1a68}: fwkLoad> (0x00000007133b1a68) 
thrown [./open/src/hotspot/share/prims/jni.cpp, line 1171]
Event: 37.440 Thread 0x00000148d36b8a20 Exception <a 'java/lang/NoClassDefFoundError'{0x00000007133b2c50}: com/sun/webkit/network/URLLoaderBase> (0x00000007133b2c50) 
thrown [./open/src/hotspot/share/classfile/systemDictionary.cpp, line 284]
Event: 37.440 Thread 0x00000148d36b8a20 Exception <a 'java/lang/NoSuchMethodError'{0x00000007133b2f58}: fwkCancel> (0x00000007133b2f58) 
thrown [./open/src/hotspot/share/prims/jni.cpp, line 1171]

Events (20 events):
Event: 26.821 Thread 0x00000148cfc03b20 flushing nmethod 0x00000148b4c09f90
Event: 26.821 Thread 0x00000148cfc03b20 flushing nmethod 0x00000148b4c0f290
Event: 26.821 Thread 0x00000148cfc03b20 flushing nmethod 0x00000148b4c8c190
Event: 26.822 Thread 0x00000148cfc03b20 flushing nmethod 0x00000148b4c8db10
Event: 26.822 Thread 0x00000148cfc03b20 flushing nmethod 0x00000148b4c8e890
Event: 26.822 Thread 0x00000148cfc03b20 flushing nmethod 0x00000148b4d12a10
Event: 26.822 Thread 0x00000148cfc03b20 flushing nmethod 0x00000148b4d27a90
Event: 26.822 Thread 0x00000148cfc03b20 flushing nmethod 0x00000148b4d51890
Event: 27.814 Executing VM operation: HandshakeAllThreads
Event: 27.814 Executing VM operation: HandshakeAllThreads done
Event: 28.814 Executing VM operation: HandshakeAllThreads
Event: 28.814 Executing VM operation: HandshakeAllThreads done
Event: 31.815 Executing VM operation: HandshakeAllThreads
Event: 31.815 Executing VM operation: HandshakeAllThreads done
Event: 33.816 Executing VM operation: HandshakeAllThreads
Event: 33.816 Executing VM operation: HandshakeAllThreads done
Event: 35.816 Executing VM operation: HandshakeAllThreads
Event: 35.816 Executing VM operation: HandshakeAllThreads done
Event: 37.434 Thread 0x00000148d3e646d0 Thread added: 0x00000148d3e646d0
Event: 37.434 Thread 0x00000148d3e63cb0 Thread added: 0x00000148d3e63cb0


Dynamic libraries:
0x00007ff7fd7c0000 - 0x00007ff7fd7cf000 	C:\Program Files\Java\jdk-15.0.2\bin\java.exe
0x00007ff80d890000 - 0x00007ff80daa7000 	C:\Windows\SYSTEM32\ntdll.dll
0x00007ff80b5f0000 - 0x00007ff80b6b4000 	C:\Windows\System32\KERNEL32.DLL
0x00007ff80b010000 - 0x00007ff80b3b6000 	C:\Windows\System32\KERNELBASE.dll
0x00007ff80aec0000 - 0x00007ff80afd1000 	C:\Windows\System32\ucrtbase.dll
0x00007ff801f20000 - 0x00007ff801f39000 	C:\Program Files\Java\jdk-15.0.2\bin\VCRUNTIME140.dll
0x00007ff800a80000 - 0x00007ff800a98000 	C:\Program Files\Java\jdk-15.0.2\bin\jli.dll
0x00007ff80b890000 - 0x00007ff80b940000 	C:\Windows\System32\ADVAPI32.dll
0x00007ff80cc00000 - 0x00007ff80cca7000 	C:\Windows\System32\msvcrt.dll
0x00007ff80cf40000 - 0x00007ff80cfe6000 	C:\Windows\System32\sechost.dll
0x00007ff80d270000 - 0x00007ff80d387000 	C:\Windows\System32\RPCRT4.dll
0x00007ff80ccb0000 - 0x00007ff80ce5d000 	C:\Windows\System32\USER32.dll
0x00007ff80afe0000 - 0x00007ff80b006000 	C:\Windows\System32\win32u.dll
0x00007ff80d820000 - 0x00007ff80d849000 	C:\Windows\System32\GDI32.dll
0x00007ff80ada0000 - 0x00007ff80aeb8000 	C:\Windows\System32\gdi32full.dll
0x00007ff80ac80000 - 0x00007ff80ad1a000 	C:\Windows\System32\msvcp_win.dll
0x00007fffe6690000 - 0x00007fffe6923000 	C:\Windows\WinSxS\amd64_microsoft.windows.common-controls_6595b64144ccf1df_6.0.22621.2361_none_2712ced57382f843\COMCTL32.dll
0x00007ff800c50000 - 0x00007ff800c5a000 	C:\Windows\SYSTEM32\VERSION.dll
0x00007ff80ce70000 - 0x00007ff80cea1000 	C:\Windows\System32\IMM32.DLL
0x00007ff804de0000 - 0x00007ff804dec000 	C:\Program Files\Java\jdk-15.0.2\bin\vcruntime140_1.dll
0x00007ffffcc40000 - 0x00007ffffccd1000 	C:\Program Files\Java\jdk-15.0.2\bin\msvcp140.dll
0x00007fff7fc20000 - 0x00007fff8077e000 	C:\Program Files\Java\jdk-15.0.2\bin\server\jvm.dll
0x00007ff80ce60000 - 0x00007ff80ce68000 	C:\Windows\System32\PSAPI.DLL
0x00007ff801360000 - 0x00007ff801394000 	C:\Windows\SYSTEM32\WINMM.dll
0x00007fff9efd0000 - 0x00007fff9efd9000 	C:\Windows\SYSTEM32\WSOCK32.dll
0x00007ff80b740000 - 0x00007ff80b7b1000 	C:\Windows\System32\WS2_32.dll
0x00007ff809ca0000 - 0x00007ff809cb8000 	C:\Windows\SYSTEM32\kernel.appcore.dll
0x00007ff801f80000 - 0x00007ff801f8a000 	C:\Program Files\Java\jdk-15.0.2\bin\jimage.dll
0x00007ff801520000 - 0x00007ff80174e000 	C:\Windows\SYSTEM32\DBGHELP.DLL
0x00007ff80be10000 - 0x00007ff80c19a000 	C:\Windows\System32\combase.dll
0x00007ff80d010000 - 0x00007ff80d0e7000 	C:\Windows\System32\OLEAUT32.dll
0x00007ff8013a0000 - 0x00007ff8013d2000 	C:\Windows\SYSTEM32\dbgcore.DLL
0x00007ff80ad20000 - 0x00007ff80ad9a000 	C:\Windows\System32\bcryptPrimitives.dll
0x00007ff800990000 - 0x00007ff8009b5000 	C:\Program Files\Java\jdk-15.0.2\bin\java.dll
0x00007ff80c350000 - 0x00007ff80cba8000 	C:\Windows\System32\SHELL32.dll
0x00007ff808b80000 - 0x00007ff809472000 	C:\Windows\SYSTEM32\windows.storage.dll
0x00007ff808a40000 - 0x00007ff808b7e000 	C:\Windows\SYSTEM32\wintypes.dll
0x00007ff80ba90000 - 0x00007ff80bb83000 	C:\Windows\System32\SHCORE.dll
0x00007ff80bdb0000 - 0x00007ff80be0e000 	C:\Windows\System32\shlwapi.dll
0x00007ff80ab40000 - 0x00007ff80ab66000 	C:\Windows\SYSTEM32\profapi.dll
0x00007ff801340000 - 0x00007ff801359000 	C:\Program Files\Java\jdk-15.0.2\bin\net.dll
0x00007ff8047d0000 - 0x00007ff804907000 	C:\Windows\SYSTEM32\WINHTTP.dll
0x00007ff80a1c0000 - 0x00007ff80a229000 	C:\Windows\system32\mswsock.dll
0x00007ff8003e0000 - 0x00007ff8003f2000 	C:\Program Files\Java\jdk-15.0.2\bin\nio.dll
0x00007ff8003c0000 - 0x00007ff8003d8000 	C:\Program Files\Java\jdk-15.0.2\bin\zip.dll
0x00007ffff4360000 - 0x00007ffff44e0000 	C:\Program Files\Java\jdk-15.0.2\bin\awt.dll
0x00007ff8080f0000 - 0x00007ff808187000 	C:\Windows\SYSTEM32\apphelp.dll
0x00007ff8081b0000 - 0x00007ff80825b000 	C:\Windows\system32\uxtheme.dll
0x00007fffcbcd0000 - 0x00007fffcbcfb000 	C:\Program Files (x86)\UltraViewer\uvh64.dll
0x00007ff80b940000 - 0x00007ff80ba8c000 	C:\Windows\System32\MSCTF.dll
0x00007ff800070000 - 0x00007ff80009e000 	C:\Program Files\uvnc bvba\UltraVNC\schook64.dll
0x00007ff80c1a0000 - 0x00007ff80c33f000 	C:\Windows\System32\ole32.dll
0x00007ff8083f0000 - 0x00007ff80841b000 	C:\Windows\system32\DWMAPI.DLL
0x00007fffdcbe0000 - 0x00007fffdcc93000 	C:\Windows\WinSxS\amd64_microsoft.windows.common-controls_6595b64144ccf1df_5.82.22621.608_none_fb280a3c7926c2cc\comctl32.dll
0x00007ffffd3e0000 - 0x00007ffffd465000 	C:\Program Files\Java\jdk-15.0.2\bin\freetype.dll
0x00007ffffcad0000 - 0x00007ffffcb79000 	C:\Program Files\Java\jdk-15.0.2\bin\fontmanager.dll
0x00007ffff4260000 - 0x00007ffff4360000 	C:\Windows\system32\opengl32.dll
0x00007ff800390000 - 0x00007ff8003bd000 	C:\Windows\SYSTEM32\GLU32.dll
0x00007ff808290000 - 0x00007ff8082c6000 	C:\Windows\SYSTEM32\dxcore.dll
0x00007ff80b7e0000 - 0x00007ff80b890000 	C:\Windows\System32\clbcatq.dll
0x00007ff806210000 - 0x00007ff806311000 	C:\Windows\SYSTEM32\PROPSYS.dll
0x00007fffd55a0000 - 0x00007fffd5645000 	C:\Windows\System32\Windows.FileExplorer.Common.dll
0x00007ff80a920000 - 0x00007ff80a96e000 	C:\Windows\SYSTEM32\CFGMGR32.dll
0x00007fffe7b30000 - 0x00007fffe7b4a000 	C:\Windows\system32\NetworkExplorer.dll
0x00007ff800c60000 - 0x00007ff800c7e000 	C:\Windows\SYSTEM32\MPR.dll
0x00007ffff9470000 - 0x00007ffff9499000 	C:\Windows\System32\p9np.dll
0x00007ffff9cd0000 - 0x00007ffff9cdc000 	C:\Windows\System32\drprov.dll
0x00007fffd9850000 - 0x00007fffd9869000 	C:\Windows\System32\ntlanman.dll
0x00007fffd9830000 - 0x00007fffd984f000 	C:\Windows\System32\davclnt.dll
0x00007ff8096d0000 - 0x00007ff809736000 	C:\Windows\System32\WINSTA.dll
0x00007ff8040f0000 - 0x00007ff80410b000 	C:\Windows\System32\wkscli.dll
0x00007fffdb890000 - 0x00007fffdb8a2000 	C:\Windows\SYSTEM32\cscapi.dll
0x00007ff809740000 - 0x00007ff80974c000 	C:\Windows\System32\netutils.dll
0x00007ffff6600000 - 0x00007ffff6656000 	C:\Windows\System32\dlnashext.dll
0x00007fffcbc60000 - 0x00007fffcbcc9000 	C:\Windows\System32\PlayToDevice.dll
0x00007fffd9760000 - 0x00007fffd9781000 	C:\Windows\System32\DevDispItemProvider.dll
0x00007ff800e60000 - 0x00007ff800efd000 	C:\Windows\System32\MMDevApi.dll
0x00007ff80a8f0000 - 0x00007ff80a91c000 	C:\Windows\System32\DEVOBJ.dll
0x00007fffc4d30000 - 0x00007fffc4dd1000 	C:\Windows\system32\wpdshext.dll
0x00007fffdd430000 - 0x00007fffdd5e9000 	C:\Windows\WinSxS\amd64_microsoft.windows.gdiplus_6595b64144ccf1df_1.1.22621.1778_none_57fe2016ce1542ec\gdiplus.dll
0x00007fffdc170000 - 0x00007fffdc20e000 	C:\Windows\System32\PortableDeviceApi.dll
0x00007ff80d390000 - 0x00007ff80d804000 	C:\Windows\System32\SETUPAPI.dll
0x00007ff80ac10000 - 0x00007ff80ac7c000 	C:\Windows\System32\WINTRUST.dll
0x00007ff80b480000 - 0x00007ff80b5e6000 	C:\Windows\System32\CRYPT32.dll
0x00007ff80a470000 - 0x00007ff80a482000 	C:\Windows\SYSTEM32\MSASN1.dll
0x00007fffe7a30000 - 0x00007fffe7a67000 	C:\Windows\System32\EhStorShell.dll
0x00007fffe8db0000 - 0x00007fffe8dd4000 	C:\Windows\System32\EhStorAPI.dll
0x00007ff809af0000 - 0x00007ff809b04000 	C:\Windows\System32\WTSAPI32.dll
0x00007ff8005c0000 - 0x00007ff8005cd000 	C:\Windows\SYSTEM32\LINKINFO.dll
0x00007ffff7430000 - 0x00007ffff7565000 	C:\Windows\System32\Windows.System.Launcher.dll
0x00007ff8064d0000 - 0x00007ff806563000 	C:\Windows\System32\msvcp110_win.dll
0x00007ffff7410000 - 0x00007ffff742a000 	C:\Windows\SYSTEM32\windows.staterepositorycore.dll
0x00007ff801f10000 - 0x00007ff801f20000 	C:\Program Files\Java\jdk-15.0.2\bin\verify.dll
0x00007ff806a10000 - 0x00007ff806bc0000 	C:\Windows\SYSTEM32\WindowsCodecs.dll
0x00007fffd2ab0000 - 0x00007fffd2b0e000 	C:\Windows\system32\dataexchange.dll
0x00007ff804350000 - 0x00007ff8045d5000 	C:\Windows\system32\twinapi.appcore.dll
0x00000148d28f0000 - 0x00000148d28f3000 	C:\Program Files\Java\jdk-15.0.2\bin\api-ms-win-core-console-l1-1-0.dll
0x00000148d77f0000 - 0x00000148d77f3000 	C:\Program Files\Java\jdk-15.0.2\bin\api-ms-win-core-datetime-l1-1-0.dll
0x00000148d7800000 - 0x00000148d7803000 	C:\Program Files\Java\jdk-15.0.2\bin\api-ms-win-core-debug-l1-1-0.dll
0x00000148d7810000 - 0x00000148d7813000 	C:\Program Files\Java\jdk-15.0.2\bin\api-ms-win-core-errorhandling-l1-1-0.dll
0x00000148d7820000 - 0x00000148d7824000 	C:\Program Files\Java\jdk-15.0.2\bin\api-ms-win-core-file-l1-1-0.dll
0x00000148d7830000 - 0x00000148d7833000 	C:\Program Files\Java\jdk-15.0.2\bin\api-ms-win-core-file-l1-2-0.dll
0x00000148d7840000 - 0x00000148d7843000 	C:\Program Files\Java\jdk-15.0.2\bin\api-ms-win-core-file-l2-1-0.dll
0x00000148d7850000 - 0x00000148d7853000 	C:\Program Files\Java\jdk-15.0.2\bin\api-ms-win-core-handle-l1-1-0.dll
0x00000148d7860000 - 0x00000148d7863000 	C:\Program Files\Java\jdk-15.0.2\bin\api-ms-win-core-heap-l1-1-0.dll
0x00000148d7870000 - 0x00000148d7873000 	C:\Program Files\Java\jdk-15.0.2\bin\api-ms-win-core-interlocked-l1-1-0.dll
0x00000148d7880000 - 0x00000148d7883000 	C:\Program Files\Java\jdk-15.0.2\bin\api-ms-win-core-libraryloader-l1-1-0.dll
0x00000148d7890000 - 0x00000148d7893000 	C:\Program Files\Java\jdk-15.0.2\bin\api-ms-win-core-localization-l1-2-0.dll
0x00000148d78a0000 - 0x00000148d78a3000 	C:\Program Files\Java\jdk-15.0.2\bin\api-ms-win-core-memory-l1-1-0.dll
0x00000148d78b0000 - 0x00000148d78b3000 	C:\Program Files\Java\jdk-15.0.2\bin\api-ms-win-core-namedpipe-l1-1-0.dll
0x00000148d78c0000 - 0x00000148d78c3000 	C:\Program Files\Java\jdk-15.0.2\bin\api-ms-win-core-processenvironment-l1-1-0.dll
0x00000148d78d0000 - 0x00000148d78d3000 	C:\Program Files\Java\jdk-15.0.2\bin\api-ms-win-core-processthreads-l1-1-0.dll
0x00000148d78e0000 - 0x00000148d78e3000 	C:\Program Files\Java\jdk-15.0.2\bin\api-ms-win-core-processthreads-l1-1-1.dll
0x00000148d78f0000 - 0x00000148d78f3000 	C:\Program Files\Java\jdk-15.0.2\bin\api-ms-win-core-profile-l1-1-0.dll
0x00000148d7900000 - 0x00000148d7903000 	C:\Program Files\Java\jdk-15.0.2\bin\api-ms-win-core-rtlsupport-l1-1-0.dll
0x00000148d7910000 - 0x00000148d7913000 	C:\Program Files\Java\jdk-15.0.2\bin\api-ms-win-core-string-l1-1-0.dll
0x00000148d7920000 - 0x00000148d7923000 	C:\Program Files\Java\jdk-15.0.2\bin\api-ms-win-core-synch-l1-1-0.dll
0x00000148d7930000 - 0x00000148d7933000 	C:\Program Files\Java\jdk-15.0.2\bin\api-ms-win-core-synch-l1-2-0.dll
0x00000148d7940000 - 0x00000148d7943000 	C:\Program Files\Java\jdk-15.0.2\bin\api-ms-win-core-sysinfo-l1-1-0.dll
0x00000148d7950000 - 0x00000148d7953000 	C:\Program Files\Java\jdk-15.0.2\bin\api-ms-win-core-timezone-l1-1-0.dll
0x00000148d7960000 - 0x00000148d7963000 	C:\Program Files\Java\jdk-15.0.2\bin\api-ms-win-core-util-l1-1-0.dll
0x00000148d7970000 - 0x00000148d7973000 	C:\Program Files\Java\jdk-15.0.2\bin\api-ms-win-crt-conio-l1-1-0.dll
0x00000148d7980000 - 0x00000148d7984000 	C:\Program Files\Java\jdk-15.0.2\bin\api-ms-win-crt-convert-l1-1-0.dll
0x00000148d7990000 - 0x00000148d7993000 	C:\Program Files\Java\jdk-15.0.2\bin\api-ms-win-crt-environment-l1-1-0.dll
0x00000148d79a0000 - 0x00000148d79a3000 	C:\Program Files\Java\jdk-15.0.2\bin\api-ms-win-crt-filesystem-l1-1-0.dll
0x00000148d9950000 - 0x00000148d9953000 	C:\Program Files\Java\jdk-15.0.2\bin\api-ms-win-crt-heap-l1-1-0.dll
0x00000148d9960000 - 0x00000148d9963000 	C:\Program Files\Java\jdk-15.0.2\bin\api-ms-win-crt-locale-l1-1-0.dll
0x00000148d9970000 - 0x00000148d9975000 	C:\Program Files\Java\jdk-15.0.2\bin\api-ms-win-crt-math-l1-1-0.dll

dbghelp: loaded successfully - version: 4.0.5 - missing functions: none
symbol engine: initialized successfully - sym options: 0x614 - pdb path: .;C:\Program Files\Java\jdk-15.0.2\bin;C:\Windows\SYSTEM32;C:\Windows\WinSxS\amd64_microsoft.windows.common-controls_6595b64144ccf1df_6.0.22621.2361_none_2712ced57382f843;C:\Program Files\Java\jdk-15.0.2\bin\server;C:\Program Files (x86)\UltraViewer;C:\Program Files\uvnc bvba\UltraVNC;C:\Windows\WinSxS\amd64_microsoft.windows.common-controls_6595b64144ccf1df_5.82.22621.608_none_fb280a3c7926c2cc;C:\Windows\WinSxS\amd64_microsoft.windows.gdiplus_6595b64144ccf1df_1.1.22621.1778_none_57fe2016ce1542ec;C:\Windows\System32\DriverStore\FileRepository\iigd_dch.inf_amd64_effe9612081e9042

VM Arguments:
jvm_args: -Dfile.encoding=UTF-8 
java_command: simrskhanza.SIMRSKhanza
java_class_path (initial): C:\Lib\commons-codec-1.10.jar;C:\Lib\commons-codec-1.12.jar;C:\Lib\jasperreports-6.8.0.jar;C:\Lib\KhanzaSecurity16bit.jar;C:\Lib\RXTXcomm.jar;C:\Lib\SceneBuilderKit-8.2.0.jar;C:\Lib\TimingFramework-1.0.jar;C:\Lib\UsuLibrary.jar;C:\Lib\activation-1.1.1.jar;C:\Lib\ant-1.7.1.jar;C:\Lib\antlr-2.7.6.jar;C:\Lib\apache-httpcomponents-httpclient.jar;C:\Lib\appframework-1.0.3.jar;C:\Lib\asm-attrs.jar;C:\Lib\asm.jar;C:\Lib\barbecue-1.5-beta1.jar;C:\Lib\barcode4j-2.1.jar;C:\Lib\batik-anim-1.11.jar;C:\Lib\batik-anim-1.13.jar;C:\Lib\batik-awt-util-1.11.jar;C:\Lib\batik-awt-util-1.13.jar;C:\Lib\batik-bridge-1.11.jar;C:\Lib\batik-codec-1.11.jar;C:\Lib\batik-constants-1.11.jar;C:\Lib\batik-constants-1.13.jar;C:\Lib\batik-css-1.11.jar;C:\Lib\batik-css-1.13.jar;C:\Lib\batik-dom-1.11.jar;C:\Lib\batik-dom-1.13.jar;C:\Lib\batik-dom.jar;C:\Lib\batik-ext-1.11.jar;C:\Lib\batik-ext-1.13.jar;C:\Lib\batik-extension-1.11.jar;C:\Lib\batik-gui-util-1.11.jar;C:\Lib\batik-gvt-1.11.jar;C:\Lib\batik-i18n-1.11.jar;C:\Lib\batik-i18n-1.13.jar;C:\Lib\batik-parser-1.11.jar;C:\Lib\batik-parser-1.13.jar;C:\Lib\batik-rasterizer-1.11.jar;C:\Lib\batik-rasterizer-ext-1.11.jar;C:\Lib\batik-script-1.11.jar;C:\Lib\batik-shared-resources-1.13.jar;C:\Lib\batik-slideshow-1.11.jar;C:\Lib\batik-squiggle-1.11.jar;C:\Lib\batik-squiggle-ext-1.11.jar;C:\Lib\batik-svg-dom-1.11.jar;C:\Lib\batik-svg-dom-1.13.jar;C:\Lib\batik-svgbrowser-1.11.jar;C:\Lib\batik-svggen-1.11.jar;C:\Lib\batik-svgpp-1.11.jar;C:\Lib\batik-svgrasterizer-1.11.jar;C:\Lib\batik-swing-1.11.jar;C:\Lib\batik-transcoder-1.11.jar;C:\Lib\batik-ttf2svg-1.11.jar;C:\Lib\batik-util-1.11.jar;C:\Lib\batik-util-1.13.jar;C:\Lib\batik-util-1.8.jar;C:\Lib\batik-xml-1.11.jar;C:\Lib\batik-xml-1.13.jar;C:\Lib\bcel-5.2.jar;C:\Lib\beansbinding-1.2.1.jar;C:\Lib\bsh-2.0b4.jar;C:\Lib\bsh-2.1b5.jar;C:\Lib\calendar-doc.jar;C:\Lib\calendar-src.jar;C:\Lib\calendar.jar;C:\Lib\castor-1.2.jar;C:\Lib\castor-core-1.4.1.jar;C:\Lib\cglib-2.1.jar;C:\Lib\cincom-
Launcher Type: SUN_STANDARD

[Global flags]
     intx CICompilerCount                          = 12                                        {product} {ergonomic}
     uint ConcGCThreads                            = 4                                         {product} {ergonomic}
     uint G1ConcRefinementThreads                  = 15                                        {product} {ergonomic}
   size_t G1HeapRegionSize                         = 2097152                                   {product} {ergonomic}
    uintx GCDrainStackTargetSize                   = 64                                        {product} {ergonomic}
   size_t InitialHeapSize                          = 266338304                                 {product} {ergonomic}
   size_t MarkStackSize                            = 4194304                                   {product} {ergonomic}
   size_t MaxHeapSize                              = 4236247040                                {product} {ergonomic}
   size_t MaxNewSize                               = 2541748224                                {product} {ergonomic}
   size_t MinHeapDeltaBytes                        = 2097152                                   {product} {ergonomic}
   size_t MinHeapSize                              = 8388608                                   {product} {ergonomic}
    uintx NonNMethodCodeHeapSize                   = 7602480                                {pd product} {ergonomic}
    uintx NonProfiledCodeHeapSize                  = 122027880                              {pd product} {ergonomic}
    uintx ProfiledCodeHeapSize                     = 122027880                              {pd product} {ergonomic}
    uintx ReservedCodeCacheSize                    = 251658240                              {pd product} {ergonomic}
     bool SegmentedCodeCache                       = true                                      {product} {ergonomic}
   size_t SoftMaxHeapSize                          = 4236247040                             {manageable} {ergonomic}
     bool UseCompressedClassPointers               = true                                 {lp64_product} {ergonomic}
     bool UseCompressedOops                        = true                                 {lp64_product} {ergonomic}
     bool UseG1GC                                  = true                                      {product} {ergonomic}
     bool UseLargePagesIndividualAllocation        = false                                  {pd product} {ergonomic}

Logging:
Log output configuration:
 #0: stdout all=warning uptime,level,tags
 #1: stderr all=off uptime,level,tags

Environment Variables:
PATH=C:\Program Files (x86)\Embarcadero\Studio\22.0\bin;C:\Users\Public\Documents\Embarcadero\Studio\22.0\Bpl;C:\Program Files (x86)\Embarcadero\Studio\22.0\bin64;C:\Users\Public\Documents\Embarcadero\Studio\22.0\Bpl\Win64;C:\Program Files\Common Files\Oracle\Java\javapath;C:\Windows\system32;C:\Windows;C:\Windows\System32\Wbem;C:\Windows\System32\WindowsPowerShell\v1.0\;C:\Windows\System32\OpenSSH\;C:\Program Files\PuTTY\;C:\Program Files (x86)\Microsoft SQL Server\150\DTS\Binn\;C:\Program Files\Azure Data Studio\bin;C:\Users\firka\AppData\Local\Microsoft\WindowsApps;;C:\Program Files\Azure Data Studio\bin
USERNAME=firka
OS=Windows_NT
PROCESSOR_IDENTIFIER=Intel64 Family 6 Model 151 Stepping 2, GenuineIntel



---------------  S Y S T E M  ---------------

OS:
 Windows 10 , 64 bit Build 22621 (10.0.22621.2428)
OS uptime: 1 days 14:26 hours

CPU: total 20 (initial active 20) (10 cores per cpu, 2 threads per core) family 6 model 151 stepping 2 microcode 0x2c, cmov, cx8, fxsr, mmx, sse, sse2, sse3, ssse3, sse4.1, sse4.2, popcnt, vzeroupper, avx, avx2, aes, clmul, erms, 3dnowpref, lzcnt, ht, tsc, tscinvbit, bmi1, bmi2, adx, sha, fma, clflush, clflushopt, clwb

Memory: 4k page, system-wide physical 16155M (4808M free)
TotalPageFile size 19334M (AvailPageFile size 3527M)
current process WorkingSet (physical memory assigned to process): 427M, peak: 449M
current process commit charge ("private bytes"): 481M, peak: 512M

vm_info: Java HotSpot(TM) 64-Bit Server VM (15.0.2+7-27) for windows-amd64 JRE (15.0.2+7-27), built on Dec  7 2020 20:07:01 by "mach5one" with unknown MS VC++:1925

END.
