#
# A fatal error has been detected by the Java Runtime Environment:
#
#  EXCEPTION_ACCESS_VIOLATION (0xc0000005) at pc=0x00007ffe3875a3d1, pid=7416, tid=972
#
# JRE version: Java(TM) SE Runtime Environment (15.0.2+7) (build 15.0.2+7-27)
# Java VM: Java HotSpot(TM) 64-Bit Server VM (15.0.2+7-27, mixed mode, sharing, tiered, compressed oops, g1 gc, windows-amd64)
# Problematic frame:
# V  [jvm.dll+0x3aa3d1]
#
# No core dump will be written. Minidumps are not enabled by default on client versions of Windows
#
# If you would like to submit a bug report, please visit:
#   https://bugreport.java.com/bugreport/crash.jsp
#

---------------  S U M M A R Y ------------

Command Line: -Dfile.encoding=UTF-8 simrskhanza.SIMRSKhanza

Host: Intel(R) Core(TM) i3-4170 CPU @ 3.70GHz, 4 cores, 3G,  Windows 10 , 64 bit Build 19041 (10.0.19041.2788)
Time: Wed Jul  5 09:43:03 2023 SE Asia Standard Time elapsed time: 18.452513 seconds (0d 0h 0m 18s)

---------------  T H R E A D  ---------------

Current thread (0x0000015cae08bc80):  JavaThread "JavaFX Application Thread" [_thread_in_vm, id=972, stack(0x0000004e33400000,0x0000004e33500000)]

Stack: [0x0000004e33400000,0x0000004e33500000],  sp=0x0000004e334fde10,  free space=1015k
Native frames: (J=compiled Java code, j=interpreted, Vv=VM code, C=native code)
V  [jvm.dll+0x3aa3d1]
C  0x00007ffe09bafeac

Java frames: (J=compiled Java code, j=interpreted, Vv=VM code)
j  com.sun.webkit.WebPage.twkCreatePage(Z)J+0
j  com.sun.webkit.WebPage.<init>(Lcom/sun/webkit/WebPageClient;Lcom/sun/webkit/UIClient;Lcom/sun/webkit/PolicyClient;Lcom/sun/webkit/InspectorClient;Lcom/sun/webkit/ThemeClient;Z)V+177
j  javafx.scene.web.WebEngine.<init>(Ljava/lang/String;Z)V+270
j  javafx.scene.web.WebEngine.<init>()V+3
j  javafx.scene.web.WebView.<init>()V+60
j  bridging.INACBGHybrid$3.run()V+4
j  com.sun.javafx.application.PlatformImpl.lambda$runLater$10(Ljava/lang/Runnable;)Ljava/lang/Void;+1
j  com.sun.javafx.application.PlatformImpl$$Lambda$262+0x000000080106f1c0.run()Ljava/lang/Object;+4
J 2205 c1 java.security.AccessController.doPrivileged(Ljava/security/PrivilegedAction;Ljava/security/AccessControlContext;)Ljava/lang/Object; java.base@15.0.2 (17 bytes) @ 0x0000015c9942de64 [0x0000015c9942dc80+0x00000000000001e4]
j  com.sun.javafx.application.PlatformImpl.lambda$runLater$11(Ljava/lang/Runnable;Ljava/security/AccessControlContext;)V+7
j  com.sun.javafx.application.PlatformImpl$$Lambda$261+0x000000080106ed70.run()V+8
j  com.sun.glass.ui.InvokeLaterDispatcher$Future.run()V+4
v  ~StubRoutines::call_stub
j  com.sun.glass.ui.win.WinApplication._runLoop(Ljava/lang/Runnable;)V+0
j  com.sun.glass.ui.win.WinApplication.lambda$runLoop$3(ILjava/lang/Runnable;)V+8
j  com.sun.glass.ui.win.WinApplication$$Lambda$248+0x0000000801041f30.run()V+12
j  java.lang.Thread.run()V+11 java.base@15.0.2
v  ~StubRoutines::call_stub

siginfo: EXCEPTION_ACCESS_VIOLATION (0xc0000005), reading address 0x0000000000000000


Register to memory mapping:

RIP=0x00007ffe3875a3d1 jvm.dll
RAX=0x0 is NULL
RBX=0x0000015cae08bc80 is a thread
RCX=0xcdef2f8849f20000 is an unknown value
RDX=0x0000015cadc47118 is a global jni handle
RSP=0x0000004e334fde10 is pointing into the stack for thread: 0x0000015cae08bc80
RBP=0x0000004e334fdf08 is pointing into the stack for thread: 0x0000015cae08bc80
RSI=0x0000015cae08bfa8 points into unknown readable memory: 0x00007ffe38dade40 | 40 de da 38 fe 7f 00 00
RDI=0x0000015cadc47118 is a global jni handle
R8 =0x0 is NULL
R9 =0x0000004e334fdf08 is pointing into the stack for thread: 0x0000015cae08bc80
R10=0x000000000000003a is an unknown value
R11=0x0000004e334fde08 is pointing into the stack for thread: 0x0000015cae08bc80
R12=0x0 is NULL
R13=
[error occurred during error reporting (printing register info), id 0xc0000005, EXCEPTION_ACCESS_VIOLATION (0xc0000005) at pc=0x00007ffe38658322]

Registers:
RAX=0x0000000000000000, RBX=0x0000015cae08bc80, RCX=0xcdef2f8849f20000, RDX=0x0000015cadc47118
RSP=0x0000004e334fde10, RBP=0x0000004e334fdf08, RSI=0x0000015cae08bfa8, RDI=0x0000015cadc47118
R8 =0x0000000000000000, R9 =0x0000004e334fdf08, R10=0x000000000000003a, R11=0x0000004e334fde08
R12=0x0000000000000000, R13=0x00000000ffffffff, R14=0x0000000000000000, R15=0x0000000000000000
RIP=0x00007ffe3875a3d1, EFLAGS=0x0000000000010206

Top of Stack: (sp=0x0000004e334fde10)
0x0000004e334fde10:   0000015cae08bc80 0000015cae08bfa8
0x0000004e334fde20:   0000000000000000 00007ffe5f2e2690
0x0000004e334fde30:   0000000000000000 00007ffe0d0e5e30
0x0000004e334fde40:   0000cda11cc79552 0000004e334fdea0
0x0000004e334fde50:   0000000000000000 0000015cadc47118
0x0000004e334fde60:   0000015cae08bc80 0000015cb03fda80
0x0000004e334fde70:   0000015c00000493 00007ffe38c4aaa0
0x0000004e334fde80:   0000015cae08bc80 00007ffe3875266a
0x0000004e334fde90:   00007ffe0b521a90 00007ffe0b270cd0
0x0000004e334fdea0:   0000015c00000002 00007ffe00000002
0x0000004e334fdeb0:   0000015cb2f9f0f0 00007ffe09bafeac
0x0000004e334fdec0:   0000015cb251ad6c 0000000000000000
0x0000004e334fded0:   00007ffe0d0e5e30 0000015cae08bfa8
0x0000004e334fdee0:   0000015cae08bfa8 00007ffe0b064a8d
0x0000004e334fdef0:   0000015cb251ad6c 0000000000000000
0x0000004e334fdf00:   0000000000000000 000000000000001c 

Instructions: (pc=0x00007ffe3875a3d1)
0x00007ffe3875a2d1:   00 00 48 8b bc 24 c0 00 00 00 c0 e8 03 a8 01 74
0x00007ffe3875a2e1:   08 48 8b cb e8 a6 29 2e 00 0f 28 c6 c7 83 98 03
0x00007ffe3875a2f1:   00 00 04 00 00 00 0f 28 b4 24 b0 00 00 00 48 81
0x00007ffe3875a301:   c4 d0 00 00 00 5b c3 cc cc cc cc cc cc cc cc 48
0x00007ffe3875a311:   89 5c 24 08 48 89 6c 24 10 48 89 74 24 18 48 89
0x00007ffe3875a321:   7c 24 20 41 56 48 81 ec a0 00 00 00 8b 81 88 00
0x00007ffe3875a331:   00 00 48 8d 99 d8 fc ff ff 05 55 21 ff ff 49 8b
0x00007ffe3875a341:   e9 4d 8b f0 48 8b fa 48 8b f1 83 f8 01 76 0a 48
0x00007ffe3875a351:   8b cb e8 28 33 39 00 33 db c7 83 98 03 00 00 05
0x00007ffe3875a361:   00 00 00 e8 c7 26 27 00 48 8b 03 48 8b cb ff 50
0x00007ffe3875a371:   38 84 c0 74 0e 48 8b 83 10 01 00 00 c0 e8 03 24
0x00007ffe3875a381:   01 eb 0b 8b 05 86 23 6f 00 85 c0 0f 95 c0 84 c0
0x00007ffe3875a391:   75 0d 8b 83 e0 00 00 00 a9 04 00 00 20 74 08 48
0x00007ffe3875a3a1:   8b cb e8 58 39 39 00 c7 83 98 03 00 00 06 00 00
0x00007ffe3875a3b1:   00 48 83 7b 08 00 48 89 5c 24 50 48 c7 44 24 58
0x00007ffe3875a3c1:   00 00 00 00 74 0a 48 8d 4c 24 50 e8 1f c5 2a 00
0x00007ffe3875a3d1:   49 8b 16 48 8d 4c 24 70 c7 44 24 40 04 00 00 00
0x00007ffe3875a3e1:   e8 ea cf 00 00 48 89 ac 24 98 00 00 00 48 8d 05
0x00007ffe3875a3f1:   33 07 4f 00 48 89 44 24 70 40 f6 c7 01 74 0c 48
0x00007ffe3875a401:   8d 4f ff ff 15 9e 13 65 00 eb 09 48 8b cf ff 15
0x00007ffe3875a411:   f3 9b 64 00 8b 15 85 9c 6d 00 48 8b c8 e8 ed d0
0x00007ffe3875a421:   26 00 48 8b d3 48 8b c8 4c 8b 00 41 ff 90 b0 00
0x00007ffe3875a431:   00 00 48 83 7b 08 00 75 35 48 8d 44 24 70 48 89
0x00007ffe3875a441:   5c 24 30 48 89 44 24 28 48 8d 54 24 40 45 33 c9
0x00007ffe3875a451:   4c 89 74 24 20 45 33 c0 48 8b ce e8 3f e4 00 00
0x00007ffe3875a461:   48 83 7b 08 00 75 07 0f b6 74 24 48 eb 03 40 32
0x00007ffe3875a471:   f6 48 83 7c 24 58 00 74 0a 48 8d 4c 24 50 e8 0c
0x00007ffe3875a481:   c5 2a 00 48 8b bb f8 00 00 00 48 8b 4f 10 48 83
0x00007ffe3875a491:   39 00 74 0c 48 8b cf e8 d3 a0 f6 ff 48 8b 4f 10
0x00007ffe3875a4a1:   48 8b 47 08 48 89 48 10 48 8b 4f 08 48 8b 47 18
0x00007ffe3875a4b1:   48 89 41 18 48 8b 4f 08 48 8b 47 20 48 89 41 20
0x00007ffe3875a4c1:   c7 83 98 03 00 00 07 00 00 00 e8 60 25 27 00 48 


Stack slot to memory mapping:
stack at sp + 0 slots: 0x0000015cae08bc80 is a thread
stack at sp + 1 slots: 0x0000015cae08bfa8 points into unknown readable memory: 0x00007ffe38dade40 | 40 de da 38 fe 7f 00 00
stack at sp + 2 slots: 0x0 is NULL
stack at sp + 3 slots: 0x00007ffe5f2e2690 ucrtbase.dll
stack at sp + 4 slots: 0x0 is NULL
stack at sp + 5 slots: 0x00007ffe0d0e5e30 points into unknown readable memory: 0x00007ffe0d136268 | 68 62 13 0d fe 7f 00 00
stack at sp + 6 slots: 0x0000cda11cc79552 is an unknown value
stack at sp + 7 slots: 0x0000004e334fdea0 is pointing into the stack for thread: 0x0000015cae08bc80


---------------  P R O C E S S  ---------------

Threads class SMR info:
_java_thread_list=0x0000015cace74440, length=27, elements={
0x0000015cac4307c0, 0x0000015cac431a40, 0x0000015cac448b90, 0x0000015cac44b960,
0x0000015cac44cac0, 0x0000015cac454470, 0x0000015cac455e60, 0x0000015cac45ab70,
0x0000015cacfbe610, 0x0000015cacfd1030, 0x0000015cad532bf0, 0x0000015cad697a00,
0x0000015cae024330, 0x0000015cadacf410, 0x0000015cadce4130, 0x0000015c9084ca50,
0x0000015cae28b8f0, 0x0000015cae08a940, 0x0000015cae08c150, 0x0000015cae08b7b0,
0x0000015cae08bc80, 0x0000015cae08d960, 0x0000015cae08caf0, 0x0000015cae08cfc0,
0x0000015cae08d490, 0x0000015cae08e300, 0x0000015cae7c78a0
}

Java Threads: ( => current thread )
  0x0000015cac4307c0 JavaThread "Reference Handler" daemon [_thread_blocked, id=3120, stack(0x0000004e31600000,0x0000004e31700000)]
  0x0000015cac431a40 JavaThread "Finalizer" daemon [_thread_blocked, id=8228, stack(0x0000004e31700000,0x0000004e31800000)]
  0x0000015cac448b90 JavaThread "Signal Dispatcher" daemon [_thread_blocked, id=400, stack(0x0000004e31800000,0x0000004e31900000)]
  0x0000015cac44b960 JavaThread "Attach Listener" daemon [_thread_blocked, id=4160, stack(0x0000004e31900000,0x0000004e31a00000)]
  0x0000015cac44cac0 JavaThread "Service Thread" daemon [_thread_blocked, id=2456, stack(0x0000004e31a00000,0x0000004e31b00000)]
  0x0000015cac454470 JavaThread "C2 CompilerThread0" daemon [_thread_blocked, id=4400, stack(0x0000004e31b00000,0x0000004e31c00000)]
  0x0000015cac455e60 JavaThread "C1 CompilerThread0" daemon [_thread_blocked, id=10724, stack(0x0000004e31c00000,0x0000004e31d00000)]
  0x0000015cac45ab70 JavaThread "Sweeper thread" daemon [_thread_blocked, id=7808, stack(0x0000004e31d00000,0x0000004e31e00000)]
  0x0000015cacfbe610 JavaThread "Notification Thread" daemon [_thread_blocked, id=6172, stack(0x0000004e31e00000,0x0000004e31f00000)]
  0x0000015cacfd1030 JavaThread "Common-Cleaner" daemon [_thread_blocked, id=5564, stack(0x0000004e32000000,0x0000004e32100000)]
  0x0000015cad532bf0 JavaThread "Java2D Disposer" daemon [_thread_blocked, id=1204, stack(0x0000004e32200000,0x0000004e32300000)]
  0x0000015cad697a00 JavaThread "AWT-Shutdown" [_thread_blocked, id=4840, stack(0x0000004e32300000,0x0000004e32400000)]
  0x0000015cae024330 JavaThread "AWT-Windows" daemon [_thread_in_native, id=11036, stack(0x0000004e32400000,0x0000004e32500000)]
  0x0000015cadacf410 JavaThread "AWT-EventQueue-0" [_thread_blocked, id=3488, stack(0x0000004e32600000,0x0000004e32700000)]
  0x0000015cadce4130 JavaThread "Swing-Shell" daemon [_thread_blocked, id=4660, stack(0x0000004e32700000,0x0000004e32800000)]
  0x0000015c9084ca50 JavaThread "DestroyJavaVM" [_thread_blocked, id=8452, stack(0x0000004e30f00000,0x0000004e31000000)]
  0x0000015cae28b8f0 JavaThread "Abandoned connection cleanup thread" daemon [_thread_blocked, id=7836, stack(0x0000004e33000000,0x0000004e33100000)]
  0x0000015cae08a940 JavaThread "TimerQueue" daemon [_thread_blocked, id=4376, stack(0x0000004e32d00000,0x0000004e32e00000)]
  0x0000015cae08c150 JavaThread "QuantumRenderer-0" daemon [_thread_blocked, id=5496, stack(0x0000004e33200000,0x0000004e33300000)]
  0x0000015cae08b7b0 JavaThread "InvokeLaterDispatcher" daemon [_thread_blocked, id=10260, stack(0x0000004e33300000,0x0000004e33400000)]
=>0x0000015cae08bc80 JavaThread "JavaFX Application Thread" [_thread_in_vm, id=972, stack(0x0000004e33400000,0x0000004e33500000)]
  0x0000015cae08d960 JavaThread "Thread-2" daemon [_thread_in_native, id=2852, stack(0x0000004e32500000,0x0000004e32600000)]
  0x0000015cae08caf0 JavaThread "Image Fetcher 0" daemon [_thread_blocked, id=7100, stack(0x0000004e33800000,0x0000004e33900000)]
  0x0000015cae08cfc0 JavaThread "Image Fetcher 1" daemon [_thread_blocked, id=10824, stack(0x0000004e33900000,0x0000004e33a00000)]
  0x0000015cae08d490 JavaThread "Image Fetcher 2" daemon [_thread_blocked, id=2224, stack(0x0000004e33a00000,0x0000004e33b00000)]
  0x0000015cae08e300 JavaThread "Image Fetcher 3" daemon [_thread_blocked, id=5468, stack(0x0000004e33b00000,0x0000004e33c00000)]
  0x0000015cae7c78a0 JavaThread "C2 CompilerThread1" daemon [_thread_blocked, id=5768, stack(0x0000004e33100000,0x0000004e33200000)]

Other Threads:
  0x0000015cac42d070 VMThread "VM Thread" [stack: 0x0000004e31500000,0x0000004e31600000] [id=2324]
  0x0000015cacfbf500 WatcherThread [stack: 0x0000004e31f00000,0x0000004e32000000] [id=8300]
  0x0000015c9087ba00 GCTaskThread "GC Thread#0" [stack: 0x0000004e31000000,0x0000004e31100000] [id=10964]
  0x0000015cacfb4ef0 GCTaskThread "GC Thread#1" [stack: 0x0000004e32100000,0x0000004e32200000] [id=4624]
  0x0000015cad7b6280 GCTaskThread "GC Thread#2" [stack: 0x0000004e32e00000,0x0000004e32f00000] [id=7108]
  0x0000015cad7b65b0 GCTaskThread "GC Thread#3" [stack: 0x0000004e32f00000,0x0000004e33000000] [id=8308]
  0x0000015c90886780 ConcurrentGCThread "G1 Main Marker" [stack: 0x0000004e31100000,0x0000004e31200000] [id=8876]
  0x0000015c90887a20 ConcurrentGCThread "G1 Conc#0" [stack: 0x0000004e31200000,0x0000004e31300000] [id=7764]
  0x0000015c908d6460 ConcurrentGCThread "G1 Refine#0" [stack: 0x0000004e31300000,0x0000004e31400000] [id=7088]
  0x0000015c908d6f70 ConcurrentGCThread "G1 Young RemSet Sampling" [stack: 0x0000004e31400000,0x0000004e31500000] [id=416]

Threads with active compile tasks:

VM state: not at safepoint (normal execution)

VM Mutex/Monitor currently owned by a thread: None

Heap address: 0x00000000c1800000, size: 1000 MB, Compressed Oops mode: 32-bit
CDS archive(s) mapped at: [0x0000000800000000-0x0000000800b50000-0x0000000800b50000), size 11862016, SharedBaseAddress: 0x0000000800000000, ArchiveRelocationMode: 0.
Compressed class space mapped at: 0x0000000800b50000-0x0000000840b50000, size: 1073741824
Narrow klass base: 0x0000000800000000, Narrow klass shift: 3, Narrow klass range: 0x100000000

GC Precious Log:
 CPUs: 4 total, 4 available
 Memory: 3996M
 Large Page Support: Disabled
 NUMA Support: Disabled
 Compressed Oops: Enabled (32-bit)
 Heap Region Size: 1M
 Heap Min Capacity: 8M
 Heap Initial Capacity: 64M
 Heap Max Capacity: 1000M
 Pre-touch: Disabled
 Parallel Workers: 4
 Concurrent Workers: 1
 Concurrent Refinement Workers: 4
 Periodic GC: Disabled

Heap:
 garbage-first heap   total 143360K, used 89072K [0x00000000c1800000, 0x0000000100000000)
  region size 1024K, 10 young (10240K), 4 survivors (4096K)
 Metaspace       used 45341K, capacity 45656K, committed 46128K, reserved 1089536K
  class space    used 6077K, capacity 6172K, committed 6272K, reserved 1048576K

Heap Regions: E=young(eden), S=young(survivor), O=old, HS=humongous(starts), HC=humongous(continues), CS=collection set, F=free, OA=open archive, CA=closed archive, TAMS=top-at-mark-start (previous, next)
|   0|0x00000000c1800000, 0x00000000c1900000, 0x00000000c1900000|100%| O|  |TAMS 0x00000000c1900000, 0x00000000c1800000| Untracked 
|   1|0x00000000c1900000, 0x00000000c1a00000, 0x00000000c1a00000|100%| O|  |TAMS 0x00000000c1a00000, 0x00000000c1900000| Untracked 
|   2|0x00000000c1a00000, 0x00000000c1b00000, 0x00000000c1b00000|100%| O|  |TAMS 0x00000000c1b00000, 0x00000000c1a00000| Untracked 
|   3|0x00000000c1b00000, 0x00000000c1c00000, 0x00000000c1c00000|100%| O|  |TAMS 0x00000000c1c00000, 0x00000000c1b00000| Untracked 
|   4|0x00000000c1c00000, 0x00000000c1d00000, 0x00000000c1d00000|100%| O|  |TAMS 0x00000000c1d00000, 0x00000000c1c00000| Untracked 
|   5|0x00000000c1d00000, 0x00000000c1e00000, 0x00000000c1e00000|100%| O|  |TAMS 0x00000000c1e00000, 0x00000000c1d00000| Untracked 
|   6|0x00000000c1e00000, 0x00000000c1f00000, 0x00000000c1f00000|100%| O|  |TAMS 0x00000000c1f00000, 0x00000000c1e00000| Untracked 
|   7|0x00000000c1f00000, 0x00000000c2000000, 0x00000000c2000000|100%| O|  |TAMS 0x00000000c2000000, 0x00000000c1f00000| Untracked 
|   8|0x00000000c2000000, 0x00000000c2100000, 0x00000000c2100000|100%| O|  |TAMS 0x00000000c2100000, 0x00000000c2000000| Untracked 
|   9|0x00000000c2100000, 0x00000000c2200000, 0x00000000c2200000|100%| O|  |TAMS 0x00000000c2200000, 0x00000000c2100000| Untracked 
|  10|0x00000000c2200000, 0x00000000c2300000, 0x00000000c2300000|100%| O|  |TAMS 0x00000000c2300000, 0x00000000c2200000| Untracked 
|  11|0x00000000c2300000, 0x00000000c2400000, 0x00000000c2400000|100%| O|  |TAMS 0x00000000c2400000, 0x00000000c2300000| Untracked 
|  12|0x00000000c2400000, 0x00000000c2500000, 0x00000000c2500000|100%| O|  |TAMS 0x00000000c2500000, 0x00000000c2400000| Untracked 
|  13|0x00000000c2500000, 0x00000000c2600000, 0x00000000c2600000|100%| O|  |TAMS 0x00000000c2600000, 0x00000000c2500000| Untracked 
|  14|0x00000000c2600000, 0x00000000c2700000, 0x00000000c2700000|100%| O|  |TAMS 0x00000000c2700000, 0x00000000c2600000| Untracked 
|  15|0x00000000c2700000, 0x00000000c2800000, 0x00000000c2800000|100%| O|  |TAMS 0x00000000c2800000, 0x00000000c2700000| Untracked 
|  16|0x00000000c2800000, 0x00000000c2900000, 0x00000000c2900000|100%| O|  |TAMS 0x00000000c2900000, 0x00000000c2800000| Untracked 
|  17|0x00000000c2900000, 0x00000000c2a00000, 0x00000000c2a00000|100%| O|  |TAMS 0x00000000c2a00000, 0x00000000c2900000| Untracked 
|  18|0x00000000c2a00000, 0x00000000c2b00000, 0x00000000c2b00000|100%| O|  |TAMS 0x00000000c2b00000, 0x00000000c2a00000| Untracked 
|  19|0x00000000c2b00000, 0x00000000c2c00000, 0x00000000c2c00000|100%| O|  |TAMS 0x00000000c2c00000, 0x00000000c2b00000| Untracked 
|  20|0x00000000c2c00000, 0x00000000c2d00000, 0x00000000c2d00000|100%| O|  |TAMS 0x00000000c2d00000, 0x00000000c2c00000| Untracked 
|  21|0x00000000c2d00000, 0x00000000c2e00000, 0x00000000c2e00000|100%| O|  |TAMS 0x00000000c2e00000, 0x00000000c2d00000| Untracked 
|  22|0x00000000c2e00000, 0x00000000c2f00000, 0x00000000c2f00000|100%| O|  |TAMS 0x00000000c2f00000, 0x00000000c2e00000| Untracked 
|  23|0x00000000c2f00000, 0x00000000c3000000, 0x00000000c3000000|100%| O|  |TAMS 0x00000000c3000000, 0x00000000c2f00000| Untracked 
|  24|0x00000000c3000000, 0x00000000c3100000, 0x00000000c3100000|100%| O|  |TAMS 0x00000000c3100000, 0x00000000c3000000| Untracked 
|  25|0x00000000c3100000, 0x00000000c3200000, 0x00000000c3200000|100%| O|  |TAMS 0x00000000c3200000, 0x00000000c3100000| Untracked 
|  26|0x00000000c3200000, 0x00000000c3300000, 0x00000000c3300000|100%| O|  |TAMS 0x00000000c3300000, 0x00000000c3200000| Untracked 
|  27|0x00000000c3300000, 0x00000000c3400000, 0x00000000c3400000|100%| O|  |TAMS 0x00000000c3400000, 0x00000000c3300000| Untracked 
|  28|0x00000000c3400000, 0x00000000c3500000, 0x00000000c3500000|100%| O|  |TAMS 0x00000000c3500000, 0x00000000c3400000| Untracked 
|  29|0x00000000c3500000, 0x00000000c3600000, 0x00000000c3600000|100%| O|  |TAMS 0x00000000c3600000, 0x00000000c3500000| Untracked 
|  30|0x00000000c3600000, 0x00000000c3700000, 0x00000000c3700000|100%| O|  |TAMS 0x00000000c3700000, 0x00000000c3600000| Untracked 
|  31|0x00000000c3700000, 0x00000000c3800000, 0x00000000c3800000|100%| O|  |TAMS 0x00000000c3800000, 0x00000000c3700000| Untracked 
|  32|0x00000000c3800000, 0x00000000c3900000, 0x00000000c3900000|100%| O|  |TAMS 0x00000000c3900000, 0x00000000c3800000| Untracked 
|  33|0x00000000c3900000, 0x00000000c3a00000, 0x00000000c3a00000|100%| O|  |TAMS 0x00000000c3a00000, 0x00000000c3900000| Untracked 
|  34|0x00000000c3a00000, 0x00000000c3b00000, 0x00000000c3b00000|100%| O|  |TAMS 0x00000000c3b00000, 0x00000000c3a00000| Untracked 
|  35|0x00000000c3b00000, 0x00000000c3c00000, 0x00000000c3c00000|100%| O|  |TAMS 0x00000000c3c00000, 0x00000000c3b00000| Untracked 
|  36|0x00000000c3c00000, 0x00000000c3d00000, 0x00000000c3d00000|100%| O|  |TAMS 0x00000000c3d00000, 0x00000000c3c00000| Untracked 
|  37|0x00000000c3d00000, 0x00000000c3e00000, 0x00000000c3e00000|100%| O|  |TAMS 0x00000000c3e00000, 0x00000000c3d00000| Untracked 
|  38|0x00000000c3e00000, 0x00000000c3f00000, 0x00000000c3f00000|100%| O|  |TAMS 0x00000000c3f00000, 0x00000000c3e00000| Untracked 
|  39|0x00000000c3f00000, 0x00000000c4000000, 0x00000000c4000000|100%| O|  |TAMS 0x00000000c4000000, 0x00000000c3f00000| Untracked 
|  40|0x00000000c4000000, 0x00000000c4100000, 0x00000000c4100000|100%| O|  |TAMS 0x00000000c4100000, 0x00000000c4000000| Untracked 
|  41|0x00000000c4100000, 0x00000000c4200000, 0x00000000c4200000|100%| O|  |TAMS 0x00000000c4200000, 0x00000000c4100000| Untracked 
|  42|0x00000000c4200000, 0x00000000c4300000, 0x00000000c4300000|100%| O|  |TAMS 0x00000000c4300000, 0x00000000c4200000| Untracked 
|  43|0x00000000c4300000, 0x00000000c4400000, 0x00000000c4400000|100%| O|  |TAMS 0x00000000c4400000, 0x00000000c4300000| Untracked 
|  44|0x00000000c4400000, 0x00000000c4500000, 0x00000000c4500000|100%| O|  |TAMS 0x00000000c4500000, 0x00000000c4400000| Untracked 
|  45|0x00000000c4500000, 0x00000000c4600000, 0x00000000c4600000|100%| O|  |TAMS 0x00000000c4600000, 0x00000000c4500000| Untracked 
|  46|0x00000000c4600000, 0x00000000c4700000, 0x00000000c4700000|100%| O|  |TAMS 0x00000000c4700000, 0x00000000c4600000| Untracked 
|  47|0x00000000c4700000, 0x00000000c4800000, 0x00000000c4800000|100%| O|  |TAMS 0x00000000c4800000, 0x00000000c4700000| Untracked 
|  48|0x00000000c4800000, 0x00000000c4900000, 0x00000000c4900000|100%| O|  |TAMS 0x00000000c4900000, 0x00000000c4800000| Untracked 
|  49|0x00000000c4900000, 0x00000000c4a00000, 0x00000000c4a00000|100%| O|  |TAMS 0x00000000c4a00000, 0x00000000c4900000| Untracked 
|  50|0x00000000c4a00000, 0x00000000c4b00000, 0x00000000c4b00000|100%| O|  |TAMS 0x00000000c4b00000, 0x00000000c4a00000| Untracked 
|  51|0x00000000c4b00000, 0x00000000c4c00000, 0x00000000c4c00000|100%| O|  |TAMS 0x00000000c4c00000, 0x00000000c4b00000| Untracked 
|  52|0x00000000c4c00000, 0x00000000c4d00000, 0x00000000c4d00000|100%| O|  |TAMS 0x00000000c4d00000, 0x00000000c4c00000| Untracked 
|  53|0x00000000c4d00000, 0x00000000c4e00000, 0x00000000c4e00000|100%| O|  |TAMS 0x00000000c4e00000, 0x00000000c4d00000| Untracked 
|  54|0x00000000c4e00000, 0x00000000c4f00000, 0x00000000c4f00000|100%| O|  |TAMS 0x00000000c4f00000, 0x00000000c4e00000| Untracked 
|  55|0x00000000c4f00000, 0x00000000c5000000, 0x00000000c5000000|100%|HS|  |TAMS 0x00000000c5000000, 0x00000000c4f00000| Complete 
|  56|0x00000000c5000000, 0x00000000c5100000, 0x00000000c5100000|100%|HC|  |TAMS 0x00000000c5100000, 0x00000000c5000000| Complete 
|  57|0x00000000c5100000, 0x00000000c5200000, 0x00000000c5200000|100%|HC|  |TAMS 0x00000000c5200000, 0x00000000c5100000| Complete 
|  58|0x00000000c5200000, 0x00000000c5300000, 0x00000000c5300000|100%|HC|  |TAMS 0x00000000c5300000, 0x00000000c5200000| Complete 
|  59|0x00000000c5300000, 0x00000000c5400000, 0x00000000c5400000|100%|HC|  |TAMS 0x00000000c5400000, 0x00000000c5300000| Complete 
|  60|0x00000000c5400000, 0x00000000c5500000, 0x00000000c5500000|100%|HC|  |TAMS 0x00000000c5500000, 0x00000000c5400000| Complete 
|  61|0x00000000c5500000, 0x00000000c5600000, 0x00000000c5600000|100%|HC|  |TAMS 0x00000000c5600000, 0x00000000c5500000| Complete 
|  62|0x00000000c5600000, 0x00000000c5700000, 0x00000000c5700000|100%|HC|  |TAMS 0x00000000c5700000, 0x00000000c5600000| Complete 
|  63|0x00000000c5700000, 0x00000000c5800000, 0x00000000c5800000|100%|HC|  |TAMS 0x00000000c5800000, 0x00000000c5700000| Complete 
|  64|0x00000000c5800000, 0x00000000c5900000, 0x00000000c5900000|100%| O|  |TAMS 0x00000000c5900000, 0x00000000c5800000| Untracked 
|  65|0x00000000c5900000, 0x00000000c5a00000, 0x00000000c5a00000|100%| O|  |TAMS 0x00000000c5a00000, 0x00000000c5900000| Untracked 
|  66|0x00000000c5a00000, 0x00000000c5b00000, 0x00000000c5b00000|100%| O|  |TAMS 0x00000000c5b00000, 0x00000000c5a00000| Untracked 
|  67|0x00000000c5b00000, 0x00000000c5c00000, 0x00000000c5c00000|100%| O|  |TAMS 0x00000000c5c00000, 0x00000000c5b00000| Untracked 
|  68|0x00000000c5c00000, 0x00000000c5d00000, 0x00000000c5d00000|100%| O|  |TAMS 0x00000000c5d00000, 0x00000000c5c00000| Untracked 
|  69|0x00000000c5d00000, 0x00000000c5e00000, 0x00000000c5e00000|100%| O|  |TAMS 0x00000000c5e00000, 0x00000000c5d00000| Untracked 
|  70|0x00000000c5e00000, 0x00000000c5f00000, 0x00000000c5f00000|100%| O|  |TAMS 0x00000000c5ecf400, 0x00000000c5e00000| Untracked 
|  71|0x00000000c5f00000, 0x00000000c6000000, 0x00000000c6000000|100%| O|  |TAMS 0x00000000c5f00000, 0x00000000c5f00000| Untracked 
|  72|0x00000000c6000000, 0x00000000c6100000, 0x00000000c6100000|100%| O|  |TAMS 0x00000000c6000000, 0x00000000c6000000| Untracked 
|  73|0x00000000c6100000, 0x00000000c6200000, 0x00000000c6200000|100%| O|  |TAMS 0x00000000c6100000, 0x00000000c6100000| Untracked 
|  74|0x00000000c6200000, 0x00000000c62fc200, 0x00000000c6300000| 98%| O|  |TAMS 0x00000000c6200000, 0x00000000c6200000| Untracked 
|  75|0x00000000c6300000, 0x00000000c6400000, 0x00000000c6400000|100%|HS|  |TAMS 0x00000000c6300000, 0x00000000c6300000| Complete 
|  76|0x00000000c6400000, 0x00000000c6500000, 0x00000000c6500000|100%|HC|  |TAMS 0x00000000c6400000, 0x00000000c6400000| Complete 
|  77|0x00000000c6500000, 0x00000000c6600000, 0x00000000c6600000|100%|HC|  |TAMS 0x00000000c6500000, 0x00000000c6500000| Complete 
|  78|0x00000000c6600000, 0x00000000c6700000, 0x00000000c6700000|100%|HC|  |TAMS 0x00000000c6600000, 0x00000000c6600000| Complete 
|  79|0x00000000c6700000, 0x00000000c6700000, 0x00000000c6800000|  0%| F|  |TAMS 0x00000000c6700000, 0x00000000c6700000| Untracked 
|  80|0x00000000c6800000, 0x00000000c6800000, 0x00000000c6900000|  0%| F|  |TAMS 0x00000000c6800000, 0x00000000c6800000| Untracked 
|  81|0x00000000c6900000, 0x00000000c6900000, 0x00000000c6a00000|  0%| F|  |TAMS 0x00000000c6900000, 0x00000000c6900000| Untracked 
|  82|0x00000000c6a00000, 0x00000000c6a00000, 0x00000000c6b00000|  0%| F|  |TAMS 0x00000000c6a00000, 0x00000000c6a00000| Untracked 
|  83|0x00000000c6b00000, 0x00000000c6b00000, 0x00000000c6c00000|  0%| F|  |TAMS 0x00000000c6b00000, 0x00000000c6b00000| Untracked 
|  84|0x00000000c6c00000, 0x00000000c6c00000, 0x00000000c6d00000|  0%| F|  |TAMS 0x00000000c6c00000, 0x00000000c6c00000| Untracked 
|  85|0x00000000c6d00000, 0x00000000c6d00000, 0x00000000c6e00000|  0%| F|  |TAMS 0x00000000c6d00000, 0x00000000c6d00000| Untracked 
|  86|0x00000000c6e00000, 0x00000000c6e00000, 0x00000000c6f00000|  0%| F|  |TAMS 0x00000000c6e00000, 0x00000000c6e00000| Untracked 
|  87|0x00000000c6f00000, 0x00000000c6f00000, 0x00000000c7000000|  0%| F|  |TAMS 0x00000000c6f00000, 0x00000000c6f00000| Untracked 
|  88|0x00000000c7000000, 0x00000000c7000000, 0x00000000c7100000|  0%| F|  |TAMS 0x00000000c7000000, 0x00000000c7000000| Untracked 
|  89|0x00000000c7100000, 0x00000000c7100000, 0x00000000c7200000|  0%| F|  |TAMS 0x00000000c7100000, 0x00000000c7100000| Untracked 
|  90|0x00000000c7200000, 0x00000000c7200000, 0x00000000c7300000|  0%| F|  |TAMS 0x00000000c7200000, 0x00000000c7200000| Untracked 
|  91|0x00000000c7300000, 0x00000000c7300000, 0x00000000c7400000|  0%| F|  |TAMS 0x00000000c7300000, 0x00000000c7300000| Untracked 
|  92|0x00000000c7400000, 0x00000000c7400000, 0x00000000c7500000|  0%| F|  |TAMS 0x00000000c7400000, 0x00000000c7400000| Untracked 
|  93|0x00000000c7500000, 0x00000000c7500000, 0x00000000c7600000|  0%| F|  |TAMS 0x00000000c7500000, 0x00000000c7500000| Untracked 
|  94|0x00000000c7600000, 0x00000000c7600000, 0x00000000c7700000|  0%| F|  |TAMS 0x00000000c7600000, 0x00000000c7600000| Untracked 
|  95|0x00000000c7700000, 0x00000000c7700000, 0x00000000c7800000|  0%| F|  |TAMS 0x00000000c7700000, 0x00000000c7700000| Untracked 
|  96|0x00000000c7800000, 0x00000000c7800000, 0x00000000c7900000|  0%| F|  |TAMS 0x00000000c7800000, 0x00000000c7800000| Untracked 
|  97|0x00000000c7900000, 0x00000000c7900000, 0x00000000c7a00000|  0%| F|  |TAMS 0x00000000c7900000, 0x00000000c7900000| Untracked 
|  98|0x00000000c7a00000, 0x00000000c7a00000, 0x00000000c7b00000|  0%| F|  |TAMS 0x00000000c7a00000, 0x00000000c7a00000| Untracked 
|  99|0x00000000c7b00000, 0x00000000c7b00000, 0x00000000c7c00000|  0%| F|  |TAMS 0x00000000c7b00000, 0x00000000c7b00000| Untracked 
| 100|0x00000000c7c00000, 0x00000000c7c00000, 0x00000000c7d00000|  0%| F|  |TAMS 0x00000000c7c00000, 0x00000000c7c00000| Untracked 
| 101|0x00000000c7d00000, 0x00000000c7d00000, 0x00000000c7e00000|  0%| F|  |TAMS 0x00000000c7d00000, 0x00000000c7d00000| Untracked 
| 102|0x00000000c7e00000, 0x00000000c7e00000, 0x00000000c7f00000|  0%| F|  |TAMS 0x00000000c7e00000, 0x00000000c7e00000| Untracked 
| 103|0x00000000c7f00000, 0x00000000c7f00000, 0x00000000c8000000|  0%| F|  |TAMS 0x00000000c7f00000, 0x00000000c7f00000| Untracked 
| 104|0x00000000c8000000, 0x00000000c8000000, 0x00000000c8100000|  0%| F|  |TAMS 0x00000000c8000000, 0x00000000c8000000| Untracked 
| 105|0x00000000c8100000, 0x00000000c8100000, 0x00000000c8200000|  0%| F|  |TAMS 0x00000000c8100000, 0x00000000c8100000| Untracked 
| 106|0x00000000c8200000, 0x00000000c8200000, 0x00000000c8300000|  0%| F|  |TAMS 0x00000000c8200000, 0x00000000c8200000| Untracked 
| 107|0x00000000c8300000, 0x00000000c8300000, 0x00000000c8400000|  0%| F|  |TAMS 0x00000000c8300000, 0x00000000c8300000| Untracked 
| 108|0x00000000c8400000, 0x00000000c8400000, 0x00000000c8500000|  0%| F|  |TAMS 0x00000000c8400000, 0x00000000c8400000| Untracked 
| 109|0x00000000c8500000, 0x00000000c8500000, 0x00000000c8600000|  0%| F|  |TAMS 0x00000000c8500000, 0x00000000c8500000| Untracked 
| 110|0x00000000c8600000, 0x00000000c8600000, 0x00000000c8700000|  0%| F|  |TAMS 0x00000000c8600000, 0x00000000c8600000| Untracked 
| 111|0x00000000c8700000, 0x00000000c8700000, 0x00000000c8800000|  0%| F|  |TAMS 0x00000000c8700000, 0x00000000c8700000| Untracked 
| 112|0x00000000c8800000, 0x00000000c8800000, 0x00000000c8900000|  0%| F|  |TAMS 0x00000000c8800000, 0x00000000c8800000| Untracked 
| 113|0x00000000c8900000, 0x00000000c8900000, 0x00000000c8a00000|  0%| F|  |TAMS 0x00000000c8900000, 0x00000000c8900000| Untracked 
| 114|0x00000000c8a00000, 0x00000000c8b00000, 0x00000000c8b00000|100%| S|CS|TAMS 0x00000000c8a00000, 0x00000000c8a00000| Complete 
| 115|0x00000000c8b00000, 0x00000000c8c00000, 0x00000000c8c00000|100%| S|CS|TAMS 0x00000000c8b00000, 0x00000000c8b00000| Complete 
| 116|0x00000000c8c00000, 0x00000000c8d00000, 0x00000000c8d00000|100%| S|CS|TAMS 0x00000000c8c00000, 0x00000000c8c00000| Complete 
| 117|0x00000000c8d00000, 0x00000000c8e00000, 0x00000000c8e00000|100%| S|CS|TAMS 0x00000000c8d00000, 0x00000000c8d00000| Complete 
| 118|0x00000000c8e00000, 0x00000000c8e00000, 0x00000000c8f00000|  0%| F|  |TAMS 0x00000000c8e00000, 0x00000000c8e00000| Untracked 
| 119|0x00000000c8f00000, 0x00000000c8f00000, 0x00000000c9000000|  0%| F|  |TAMS 0x00000000c8f00000, 0x00000000c8f00000| Untracked 
| 120|0x00000000c9000000, 0x00000000c9000000, 0x00000000c9100000|  0%| F|  |TAMS 0x00000000c9000000, 0x00000000c9000000| Untracked 
| 121|0x00000000c9100000, 0x00000000c9100000, 0x00000000c9200000|  0%| F|  |TAMS 0x00000000c9100000, 0x00000000c9100000| Untracked 
| 122|0x00000000c9200000, 0x00000000c9200000, 0x00000000c9300000|  0%| F|  |TAMS 0x00000000c9200000, 0x00000000c9200000| Untracked 
| 123|0x00000000c9300000, 0x00000000c9300000, 0x00000000c9400000|  0%| F|  |TAMS 0x00000000c9300000, 0x00000000c9300000| Untracked 
| 124|0x00000000c9400000, 0x00000000c9400000, 0x00000000c9500000|  0%| F|  |TAMS 0x00000000c9400000, 0x00000000c9400000| Untracked 
| 125|0x00000000c9500000, 0x00000000c9500000, 0x00000000c9600000|  0%| F|  |TAMS 0x00000000c9500000, 0x00000000c9500000| Untracked 
| 126|0x00000000c9600000, 0x00000000c9600000, 0x00000000c9700000|  0%| F|  |TAMS 0x00000000c9600000, 0x00000000c9600000| Untracked 
| 127|0x00000000c9700000, 0x00000000c9700000, 0x00000000c9800000|  0%| F|  |TAMS 0x00000000c9700000, 0x00000000c9700000| Untracked 
| 128|0x00000000c9800000, 0x00000000c9800000, 0x00000000c9900000|  0%| F|  |TAMS 0x00000000c9800000, 0x00000000c9800000| Untracked 
| 129|0x00000000c9900000, 0x00000000c9a00000, 0x00000000c9a00000|100%| E|CS|TAMS 0x00000000c9900000, 0x00000000c9900000| Complete 
| 130|0x00000000c9a00000, 0x00000000c9a00000, 0x00000000c9b00000|  0%| F|  |TAMS 0x00000000c9a00000, 0x00000000c9a00000| Untracked 
| 131|0x00000000c9b00000, 0x00000000c9b00000, 0x00000000c9c00000|  0%| F|  |TAMS 0x00000000c9b00000, 0x00000000c9b00000| Untracked 
| 132|0x00000000c9c00000, 0x00000000c9c00000, 0x00000000c9d00000|  0%| F|  |TAMS 0x00000000c9c00000, 0x00000000c9c00000| Untracked 
| 133|0x00000000c9d00000, 0x00000000c9d00000, 0x00000000c9e00000|  0%| F|  |TAMS 0x00000000c9d00000, 0x00000000c9d00000| Untracked 
| 134|0x00000000c9e00000, 0x00000000c9e00000, 0x00000000c9f00000|  0%| F|  |TAMS 0x00000000c9e00000, 0x00000000c9e00000| Untracked 
| 135|0x00000000c9f00000, 0x00000000c9fd7bd0, 0x00000000ca000000| 84%| E|  |TAMS 0x00000000c9f00000, 0x00000000c9f00000| Complete 
| 136|0x00000000ca000000, 0x00000000ca100000, 0x00000000ca100000|100%| E|  |TAMS 0x00000000ca000000, 0x00000000ca000000| Complete 
| 137|0x00000000ca100000, 0x00000000ca200000, 0x00000000ca200000|100%| E|CS|TAMS 0x00000000ca100000, 0x00000000ca100000| Complete 
| 138|0x00000000ca200000, 0x00000000ca300000, 0x00000000ca300000|100%| E|CS|TAMS 0x00000000ca200000, 0x00000000ca200000| Complete 
| 139|0x00000000ca300000, 0x00000000ca400000, 0x00000000ca400000|100%| E|CS|TAMS 0x00000000ca300000, 0x00000000ca300000| Complete 

Card table byte_map: [0x0000015ca7c70000,0x0000015ca7e70000] _byte_map_base: 0x0000015ca7664000

Marking Bits (Prev, Next): (CMBitMap*) 0x0000015c9087e160, (CMBitMap*) 0x0000015c9087e120
 Prev Bits: [0x0000015ca9010000, 0x0000015ca9fb0000)
 Next Bits: [0x0000015ca8070000, 0x0000015ca9010000)

Polling page: 0x0000015c8e650000

Metaspace:

Usage:
  Non-class:     38.56 MB capacity,    38.34 MB (>99%) used,   170.93 KB ( <1%) free+waste,    48.81 KB ( <1%) overhead. 
      Class:      6.03 MB capacity,     5.93 MB ( 98%) used,    76.84 KB (  1%) free+waste,    18.12 KB ( <1%) overhead. 
       Both:     44.59 MB capacity,    44.28 MB (>99%) used,   247.77 KB ( <1%) free+waste,    66.94 KB ( <1%) overhead. 

Virtual space:
  Non-class space:       40.00 MB reserved,      38.92 MB ( 97%) committed 
      Class space:        1.00 GB reserved,       6.12 MB ( <1%) committed 
             Both:        1.04 GB reserved,      45.05 MB (  4%) committed 

Chunk freelists:
   Non-Class:  244.00 KB
       Class:  4.00 KB
        Both:  248.00 KB

MaxMetaspaceSize: 17179869184.00 GB
CompressedClassSpaceSize: 1.00 GB

CodeHeap 'non-profiled nmethods': size=120000Kb used=2829Kb max_used=3114Kb free=117170Kb
 bounds [0x0000015ca0540000, 0x0000015ca0870000, 0x0000015ca7a70000]
CodeHeap 'profiled nmethods': size=120000Kb used=10330Kb max_used=11589Kb free=109669Kb
 bounds [0x0000015c99010000, 0x0000015c99b80000, 0x0000015ca0540000]
CodeHeap 'non-nmethods': size=5760Kb used=1504Kb max_used=1548Kb free=4255Kb
 bounds [0x0000015c98a70000, 0x0000015c98ce0000, 0x0000015c99010000]
 total_blobs=5749 nmethods=4893 adapters=764
 compilation: enabled
              stopped_count=0, restarted_count=0
 full_count=0

Compilation events (20 events):
Event: 18.392 Thread 0x0000015cac454470 5648       4       java.util.concurrent.locks.ReentrantLock$Sync::tryRelease (51 bytes)
Event: 18.393 Thread 0x0000015cac454470 nmethod 5648 0x0000015ca081c690 code [0x0000015ca081c800, 0x0000015ca081c8f8]
Event: 18.393 Thread 0x0000015cac454470 5598       4       java.awt.Toolkit::getEventQueue (7 bytes)
Event: 18.395 Thread 0x0000015cac454470 nmethod 5598 0x0000015ca06fe190 code [0x0000015ca06fe340, 0x0000015ca06fe5a8]
Event: 18.395 Thread 0x0000015cac454470 5689       4       java.lang.invoke.MethodType::hashCode (53 bytes)
Event: 18.399 Thread 0x0000015cac454470 nmethod 5689 0x0000015ca0795190 code [0x0000015ca0795320, 0x0000015ca07954b8]
Event: 18.399 Thread 0x0000015cac454470 5652       4       java.util.HashMap::afterNodeRemoval (1 bytes)
Event: 18.400 Thread 0x0000015cac454470 nmethod 5652 0x0000015ca06fde90 code [0x0000015ca06fe000, 0x0000015ca06fe058]
Event: 18.400 Thread 0x0000015cae7c78a0 nmethod 5647 0x0000015ca065b310 code [0x0000015ca065b4c0, 0x0000015ca065bf18]
Event: 18.405 Thread 0x0000015cae7c78a0 5690 %     4       sun.net.www.ParseUtil::firstEncodeIndex @ 7 (86 bytes)
Event: 18.409 Thread 0x0000015cac455e60 5691   !   3       java.util.logging.LogManager::ensureLogManagerInitialized (144 bytes)
Event: 18.410 Thread 0x0000015cac455e60 nmethod 5691 0x0000015c991d5c90 code [0x0000015c991d5f60, 0x0000015c991d7138]
Event: 18.415 Thread 0x0000015cae7c78a0 nmethod 5690% 0x0000015ca0730110 code [0x0000015ca07302a0, 0x0000015ca0730a38]
Event: 18.440 Thread 0x0000015cae7c78a0 5692   !   4       java.awt.Component::firePropertyChange (59 bytes)
Event: 18.440 Thread 0x0000015cac455e60 5693       3       javax.swing.JLabel::setText (107 bytes)
Event: 18.441 Thread 0x0000015cac455e60 nmethod 5693 0x0000015c992b3d90 code [0x0000015c992b3fe0, 0x0000015c992b4a78]
Event: 18.441 Thread 0x0000015cac455e60 5694       3       javax.swing.plaf.basic.BasicHTML::isHTMLString (49 bytes)
Event: 18.442 Thread 0x0000015cac455e60 nmethod 5694 0x0000015c9919d690 code [0x0000015c9919d920, 0x0000015c9919e5b8]
Event: 18.442 Thread 0x0000015cac455e60 5695       3       javax.swing.SwingUtilities::findDisplayedMnemonicIndex (69 bytes)
Event: 18.442 Thread 0x0000015cac455e60 nmethod 5695 0x0000015c9925c190 code [0x0000015c9925c420, 0x0000015c9925cf18]

GC Heap History (20 events):
Event: 8.516 GC heap before
{Heap before GC invocations=9 (full 0):
 garbage-first heap   total 78848K, used 51581K [0x00000000c1800000, 0x0000000100000000)
  region size 1024K, 26 young (26624K), 3 survivors (3072K)
 Metaspace       used 31980K, capacity 32216K, committed 32560K, reserved 1077248K
  class space    used 3790K, capacity 3882K, committed 3968K, reserved 1048576K
}
Event: 8.526 GC heap after
{Heap after GC invocations=10 (full 0):
 garbage-first heap   total 78848K, used 34761K [0x00000000c1800000, 0x0000000100000000)
  region size 1024K, 4 young (4096K), 4 survivors (4096K)
 Metaspace       used 31980K, capacity 32216K, committed 32560K, reserved 1077248K
  class space    used 3790K, capacity 3882K, committed 3968K, reserved 1048576K
}
Event: 10.842 GC heap before
{Heap before GC invocations=10 (full 0):
 garbage-first heap   total 78848K, used 54217K [0x00000000c1800000, 0x0000000100000000)
  region size 1024K, 24 young (24576K), 4 survivors (4096K)
 Metaspace       used 34760K, capacity 35101K, committed 35632K, reserved 1081344K
  class space    used 4323K, capacity 4427K, committed 4480K, reserved 1048576K
}
Event: 10.852 GC heap after
{Heap after GC invocations=11 (full 0):
 garbage-first heap   total 78848K, used 38889K [0x00000000c1800000, 0x0000000100000000)
  region size 1024K, 3 young (3072K), 3 survivors (3072K)
 Metaspace       used 34760K, capacity 35101K, committed 35632K, reserved 1081344K
  class space    used 4323K, capacity 4427K, committed 4480K, reserved 1048576K
}
Event: 12.688 GC heap before
{Heap before GC invocations=11 (full 0):
 garbage-first heap   total 78848K, used 58345K [0x00000000c1800000, 0x0000000100000000)
  region size 1024K, 22 young (22528K), 3 survivors (3072K)
 Metaspace       used 37197K, capacity 37471K, committed 37936K, reserved 1083392K
  class space    used 4833K, capacity 4939K, committed 4992K, reserved 1048576K
}
Event: 12.699 GC heap after
{Heap after GC invocations=12 (full 0):
 garbage-first heap   total 78848K, used 43487K [0x00000000c1800000, 0x0000000100000000)
  region size 1024K, 3 young (3072K), 3 survivors (3072K)
 Metaspace       used 37197K, capacity 37471K, committed 37936K, reserved 1083392K
  class space    used 4833K, capacity 4939K, committed 4992K, reserved 1048576K
}
Event: 13.608 GC heap before
{Heap before GC invocations=13 (full 0):
 garbage-first heap   total 78848K, used 58847K [0x00000000c1800000, 0x0000000100000000)
  region size 1024K, 19 young (19456K), 3 survivors (3072K)
 Metaspace       used 40525K, capacity 40843K, committed 41136K, reserved 1085440K
  class space    used 5236K, capacity 5336K, committed 5376K, reserved 1048576K
}
Event: 13.625 GC heap after
{Heap after GC invocations=14 (full 0):
 garbage-first heap   total 78848K, used 47093K [0x00000000c1800000, 0x0000000100000000)
  region size 1024K, 3 young (3072K), 3 survivors (3072K)
 Metaspace       used 40525K, capacity 40843K, committed 41136K, reserved 1085440K
  class space    used 5236K, capacity 5336K, committed 5376K, reserved 1048576K
}
Event: 14.111 GC heap before
{Heap before GC invocations=14 (full 0):
 garbage-first heap   total 78848K, used 60405K [0x00000000c1800000, 0x0000000100000000)
  region size 1024K, 17 young (17408K), 3 survivors (3072K)
 Metaspace       used 41181K, capacity 41454K, committed 41776K, reserved 1085440K
  class space    used 5354K, capacity 5433K, committed 5504K, reserved 1048576K
}
Event: 14.117 GC heap after
{Heap after GC invocations=15 (full 0):
 garbage-first heap   total 78848K, used 51861K [0x00000000c1800000, 0x0000000100000000)
  region size 1024K, 3 young (3072K), 3 survivors (3072K)
 Metaspace       used 41181K, capacity 41454K, committed 41776K, reserved 1085440K
  class space    used 5354K, capacity 5433K, committed 5504K, reserved 1048576K
}
Event: 14.500 GC heap before
{Heap before GC invocations=16 (full 0):
 garbage-first heap   total 92160K, used 62101K [0x00000000c1800000, 0x0000000100000000)
  region size 1024K, 13 young (13312K), 3 survivors (3072K)
 Metaspace       used 41554K, capacity 41838K, committed 42160K, reserved 1085440K
  class space    used 5457K, capacity 5561K, committed 5632K, reserved 1048576K
}
Event: 14.506 GC heap after
{Heap after GC invocations=17 (full 0):
 garbage-first heap   total 92160K, used 55622K [0x00000000c1800000, 0x0000000100000000)
  region size 1024K, 2 young (2048K), 2 survivors (2048K)
 Metaspace       used 41554K, capacity 41838K, committed 42160K, reserved 1085440K
  class space    used 5457K, capacity 5561K, committed 5632K, reserved 1048576K
}
Event: 14.658 GC heap before
{Heap before GC invocations=17 (full 0):
 garbage-first heap   total 92160K, used 60742K [0x00000000c1800000, 0x0000000100000000)
  region size 1024K, 8 young (8192K), 2 survivors (2048K)
 Metaspace       used 41746K, capacity 42062K, committed 42416K, reserved 1085440K
  class space    used 5513K, capacity 5593K, committed 5632K, reserved 1048576K
}
Event: 14.662 GC heap after
{Heap after GC invocations=18 (full 0):
 garbage-first heap   total 92160K, used 57771K [0x00000000c1800000, 0x0000000100000000)
  region size 1024K, 2 young (2048K), 2 survivors (2048K)
 Metaspace       used 41746K, capacity 42062K, committed 42416K, reserved 1085440K
  class space    used 5513K, capacity 5593K, committed 5632K, reserved 1048576K
}
Event: 14.866 GC heap before
{Heap before GC invocations=19 (full 0):
 garbage-first heap   total 132096K, used 79275K [0x00000000c1800000, 0x0000000100000000)
  region size 1024K, 15 young (15360K), 2 survivors (2048K)
 Metaspace       used 41898K, capacity 42190K, committed 42544K, reserved 1085440K
  class space    used 5554K, capacity 5657K, committed 5760K, reserved 1048576K
}
Event: 14.873 GC heap after
{Heap after GC invocations=20 (full 0):
 garbage-first heap   total 132096K, used 68094K [0x00000000c1800000, 0x0000000100000000)
  region size 1024K, 2 young (2048K), 2 survivors (2048K)
 Metaspace       used 41898K, capacity 42190K, committed 42544K, reserved 1085440K
  class space    used 5554K, capacity 5657K, committed 5760K, reserved 1048576K
}
Event: 15.707 GC heap before
{Heap before GC invocations=20 (full 0):
 garbage-first heap   total 132096K, used 97790K [0x00000000c1800000, 0x0000000100000000)
  region size 1024K, 31 young (31744K), 2 survivors (2048K)
 Metaspace       used 42674K, capacity 42959K, committed 43440K, reserved 1087488K
  class space    used 5752K, capacity 5849K, committed 5888K, reserved 1048576K
}
Event: 15.713 GC heap after
{Heap after GC invocations=21 (full 0):
 garbage-first heap   total 132096K, used 76605K [0x00000000c1800000, 0x0000000100000000)
  region size 1024K, 4 young (4096K), 4 survivors (4096K)
 Metaspace       used 42674K, capacity 42959K, committed 43440K, reserved 1087488K
  class space    used 5752K, capacity 5849K, committed 5888K, reserved 1048576K
}
Event: 16.282 GC heap before
{Heap before GC invocations=22 (full 0):
 garbage-first heap   total 133120K, used 86845K [0x00000000c1800000, 0x0000000100000000)
  region size 1024K, 16 young (16384K), 4 survivors (4096K)
 Metaspace       used 43720K, capacity 44015K, committed 44336K, reserved 1087488K
  class space    used 5865K, capacity 5945K, committed 6016K, reserved 1048576K
}
Event: 16.287 GC heap after
{Heap after GC invocations=23 (full 0):
 garbage-first heap   total 133120K, used 80880K [0x00000000c1800000, 0x0000000100000000)
  region size 1024K, 4 young (4096K), 4 survivors (4096K)
 Metaspace       used 43720K, capacity 44015K, committed 44336K, reserved 1087488K
  class space    used 5865K, capacity 5945K, committed 6016K, reserved 1048576K
}

Deoptimization events (20 events):
Event: 18.267 Thread 0x0000015cadacf410 DEOPT PACKING pc=0x0000015ca06be220 sp=0x0000004e326fd510
Event: 18.267 Thread 0x0000015cadacf410 DEOPT UNPACKING pc=0x0000015c98abe42f sp=0x0000004e326fd470 mode 2
Event: 18.268 Thread 0x0000015cadacf410 Uncommon trap: trap_request=0xffffff45 fr.pc=0x0000015ca068cd34 relative=0x0000000000000c94
Event: 18.268 Thread 0x0000015cadacf410 Uncommon trap: reason=unstable_if action=reinterpret pc=0x0000015ca068cd34 method=javax.swing.UIDefaults$TextAndMnemonicHashMap.get(Ljava/lang/Object;)Ljava/lang/Object; @ 90 c2
Event: 18.268 Thread 0x0000015cadacf410 DEOPT PACKING pc=0x0000015ca068cd34 sp=0x0000004e326fd590
Event: 18.268 Thread 0x0000015cadacf410 DEOPT UNPACKING pc=0x0000015c98abe42f sp=0x0000004e326fd530 mode 2
Event: 18.271 Thread 0x0000015cadacf410 Uncommon trap: trap_request=0xffffff45 fr.pc=0x0000015ca0794cdc relative=0x000000000000059c
Event: 18.271 Thread 0x0000015cadacf410 Uncommon trap: reason=unstable_if action=reinterpret pc=0x0000015ca0794cdc method=javax.swing.SwingUtilities.findDisplayedMnemonicIndex(Ljava/lang/String;I)I @ 1 c2
Event: 18.271 Thread 0x0000015cadacf410 DEOPT PACKING pc=0x0000015ca0794cdc sp=0x0000004e326fd540
Event: 18.271 Thread 0x0000015cadacf410 DEOPT UNPACKING pc=0x0000015c98abe42f sp=0x0000004e326fd4d0 mode 2
Event: 18.271 Thread 0x0000015cadacf410 Uncommon trap: trap_request=0xffffff45 fr.pc=0x0000015ca069ec48 relative=0x00000000000000a8
Event: 18.271 Thread 0x0000015cadacf410 Uncommon trap: reason=unstable_if action=reinterpret pc=0x0000015ca069ec48 method=javax.swing.plaf.basic.BasicHTML.isHTMLString(Ljava/lang/String;)Z @ 1 c2
Event: 18.271 Thread 0x0000015cadacf410 DEOPT PACKING pc=0x0000015ca069ec48 sp=0x0000004e326fd3f0
Event: 18.271 Thread 0x0000015cadacf410 DEOPT UNPACKING pc=0x0000015c98abe42f sp=0x0000004e326fd388 mode 2
Event: 18.287 Thread 0x0000015cadacf410 Uncommon trap: trap_request=0xffffff45 fr.pc=0x0000015ca084ff30 relative=0x0000000000004c90
Event: 18.287 Thread 0x0000015cadacf410 Uncommon trap: reason=unstable_if action=reinterpret pc=0x0000015ca084ff30 method=java.awt.Window.setBounds(IIII)V @ 13 c2
Event: 18.287 Thread 0x0000015cadacf410 DEOPT PACKING pc=0x0000015ca084ff30 sp=0x0000004e326fd890
Event: 18.287 Thread 0x0000015cadacf410 DEOPT UNPACKING pc=0x0000015c98abe42f sp=0x0000004e326fd8d8 mode 2
Event: 18.322 Thread 0x0000015cadacf410 DEOPT PACKING pc=0x0000015c99a661cf sp=0x0000004e326fac80
Event: 18.322 Thread 0x0000015cadacf410 DEOPT UNPACKING pc=0x0000015c98abe23f sp=0x0000004e326fa128 mode 0

Classes unloaded (0 events):
No events

Classes redefined (0 events):
No events

Internal exceptions (20 events):
Event: 12.734 Thread 0x0000015cae08ae10 Implicit null exception at 0x0000015ca07782f1 to 0x0000015ca077a2b8
Event: 12.982 Thread 0x0000015cae08ae10 Exception <a 'java/lang/NoSuchMethodError'{0x00000000c6099ee0}: 'int java.lang.invoke.DirectMethodHandle$Holder.invokeStaticInit(java.lang.Object, java.lang.Object, java.lang.Object)'> (0x00000000c6099ee0) 
thrown [./open/src/hotspot/share/interpreter/linkResolver.cpp, line 782]
Event: 13.010 Thread 0x0000015cae08ae10 Exception <a 'java/lang/NoSuchMethodError'{0x00000000c5f49e70}: 'java.lang.Object java.lang.invoke.DirectMethodHandle$Holder.newInvokeSpecial(java.lang.Object, java.lang.Object, int, java.lang.Object)'> (0x00000000c5f49e70) 
thrown [./open/src/hotspot/share/interpreter/linkResolver.cpp, line 782]
Event: 13.011 Thread 0x0000015cae08ae10 Exception <a 'java/lang/NoSuchMethodError'{0x00000000c5f4e0b0}: 'java.lang.Object java.lang.invoke.DirectMethodHandle$Holder.invokeSpecial(java.lang.Object, java.lang.Object, java.lang.Object, int, java.lang.Object)'> (0x00000000c5f4e0b0) 
thrown [./open/src/hotspot/share/interpreter/linkResolver.cpp, line 782]
Event: 13.064 Thread 0x0000015cae08bc80 Implicit null exception at 0x0000015ca062886f to 0x0000015ca0629000
Event: 13.413 Thread 0x0000015cadacf410 Exception <a 'java/lang/NoSuchMethodError'{0x00000000c5983080}: 'java.lang.Object java.lang.invoke.DirectMethodHandle$Holder.invokeStaticInit(java.lang.Object, java.lang.Object, java.lang.Object, java.lang.Object)'> (0x00000000c5983080) 
thrown [./open/src/hotspot/share/interpreter/linkResolver.cpp, line 782]
Event: 13.730 Thread 0x0000015cae08caf0 Implicit null exception at 0x0000015ca07dfa2d to 0x0000015ca07e0ba8
Event: 16.204 Thread 0x0000015cadacf410 Implicit null exception at 0x0000015ca06d4b0f to 0x0000015ca06d5898
Event: 16.229 Thread 0x0000015cadacf410 Implicit null exception at 0x0000015ca067ead0 to 0x0000015ca067fdb0
Event: 16.229 Thread 0x0000015cadacf410 Implicit null exception at 0x0000015ca068ff26 to 0x0000015ca0690750
Event: 18.089 Thread 0x0000015cadacf410 Implicit null exception at 0x0000015ca060ceef to 0x0000015ca060dfd4
Event: 18.267 Thread 0x0000015cadacf410 Implicit null exception at 0x0000015ca06ca249 to 0x0000015ca06cac17
Event: 18.267 Thread 0x0000015cadacf410 Implicit null exception at 0x0000015ca06bcd22 to 0x0000015ca06be204
Event: 18.271 Thread 0x0000015cadacf410 Implicit null exception at 0x0000015ca0794751 to 0x0000015ca0794cc8
Event: 18.271 Thread 0x0000015cadacf410 Implicit null exception at 0x0000015ca069ebac to 0x0000015ca069ec38
Event: 18.304 Thread 0x0000015cadacf410 Exception <a 'java/lang/NoSuchMethodError'{0x00000000ca2798f0}: 'int java.lang.invoke.DirectMethodHandle$Holder.invokeStatic(java.lang.Object)'> (0x00000000ca2798f0) 
thrown [./open/src/hotspot/share/interpreter/linkResolver.cpp, line 782]
Event: 18.330 Thread 0x0000015cae08bc80 Exception <a 'java/lang/NullPointerException'{0x00000000ca110a60}> (0x00000000ca110a60) 
thrown [./open/src/hotspot/share/interpreter/linkResolver.cpp, line 1374]
Event: 18.344 Thread 0x0000015cae08bc80 Exception <a 'java/lang/NoSuchMethodError'{0x00000000ca159768}: 'void java.lang.invoke.DirectMethodHandle$Holder.invokeSpecial(java.lang.Object, java.lang.Object, java.lang.Object, java.lang.Object, java.lang.Object)'> (0x00000000ca159768) 
thrown [./open/src/hotspot/share/interpreter/linkResolver.cpp, line 782]
Event: 18.394 Thread 0x0000015cae08bc80 Exception <a 'java/lang/NoSuchMethodError'{0x00000000ca0501a0}: 'int java.lang.invoke.DirectMethodHandle$Holder.invokeSpecial(java.lang.Object, java.lang.Object, java.lang.Object, java.lang.Object)'> (0x00000000ca0501a0) 
thrown [./open/src/hotspot/share/interpreter/linkResolver.cpp, line 782]
Event: 18.443 Thread 0x0000015cae08bc80 Exception <a 'java/lang/NoSuchMethodError'{0x00000000c9fcf3a8}: fwkIsMainThread> (0x00000000c9fcf3a8) 
thrown [./open/src/hotspot/share/prims/jni.cpp, line 1171]

Events (20 events):
Event: 18.320 loading class sun/swing/ImageCache$Entry done
Event: 18.337 loading class java/util/WeakHashMap$KeyIterator
Event: 18.337 loading class java/util/WeakHashMap$HashIterator
Event: 18.337 loading class java/util/WeakHashMap$HashIterator done
Event: 18.337 loading class java/util/WeakHashMap$KeyIterator done
Event: 18.410 loading class java/util/concurrent/Executors$DelegatedScheduledExecutorService
Event: 18.410 loading class java/util/concurrent/ScheduledExecutorService
Event: 18.410 loading class java/util/concurrent/ScheduledExecutorService done
Event: 18.410 loading class java/util/concurrent/Executors$DelegatedScheduledExecutorService done
Event: 18.410 loading class java/util/concurrent/ScheduledThreadPoolExecutor
Event: 18.410 loading class java/util/concurrent/ScheduledThreadPoolExecutor done
Event: 18.410 loading class java/util/concurrent/ScheduledThreadPoolExecutor$DelayedWorkQueue
Event: 18.410 loading class java/util/concurrent/ScheduledThreadPoolExecutor$DelayedWorkQueue done
Event: 18.410 loading class java/util/concurrent/RunnableScheduledFuture
Event: 18.410 loading class java/util/concurrent/ScheduledFuture
Event: 18.410 loading class java/util/concurrent/ScheduledFuture done
Event: 18.410 loading class java/util/concurrent/RunnableScheduledFuture done
Event: 18.420 loading class java/net/CookieHandler
Event: 18.420 loading class java/net/CookieHandler done
Event: 18.427 Loaded shared library C:\Program Files\BellSoft\LibericaJDK-13-Full\bin\jfxwebkit.dll


Dynamic libraries:
0x00007ff61eac0000 - 0x00007ff61eacf000 	C:\Program Files\Java\jdk-15.0.2\bin\java.exe
0x00007ffe61630000 - 0x00007ffe61828000 	C:\WINDOWS\SYSTEM32\ntdll.dll
0x00007ffe5fd30000 - 0x00007ffe5fdef000 	C:\WINDOWS\System32\KERNEL32.DLL
0x00007ffe5ee60000 - 0x00007ffe5f13a000 	C:\WINDOWS\System32\KERNELBASE.dll
0x00007ffe5f2d0000 - 0x00007ffe5f3d0000 	C:\WINDOWS\System32\ucrtbase.dll
0x00007ffe5a7e0000 - 0x00007ffe5a7f9000 	C:\Program Files\Java\jdk-15.0.2\bin\VCRUNTIME140.dll
0x00007ffe4fca0000 - 0x00007ffe4fcb8000 	C:\Program Files\Java\jdk-15.0.2\bin\jli.dll
0x00007ffe611a0000 - 0x00007ffe6124e000 	C:\WINDOWS\System32\ADVAPI32.dll
0x00007ffe5ff30000 - 0x00007ffe5ffce000 	C:\WINDOWS\System32\msvcrt.dll
0x00007ffe60d50000 - 0x00007ffe60dec000 	C:\WINDOWS\System32\sechost.dll
0x00007ffe603b0000 - 0x00007ffe604d6000 	C:\WINDOWS\System32\RPCRT4.dll
0x00007ffe60df0000 - 0x00007ffe60f8d000 	C:\WINDOWS\System32\USER32.dll
0x00007ffe5ede0000 - 0x00007ffe5ee02000 	C:\WINDOWS\System32\win32u.dll
0x00007ffe4e3b0000 - 0x00007ffe4e64a000 	C:\WINDOWS\WinSxS\amd64_microsoft.windows.common-controls_6595b64144ccf1df_6.0.19041.1110_none_60b5254171f9507e\COMCTL32.dll
0x00007ffe60c70000 - 0x00007ffe60c9b000 	C:\WINDOWS\System32\GDI32.dll
0x00007ffe5f440000 - 0x00007ffe5f550000 	C:\WINDOWS\System32\gdi32full.dll
0x00007ffe5ed40000 - 0x00007ffe5eddd000 	C:\WINDOWS\System32\msvcp_win.dll
0x00007ffe52bc0000 - 0x00007ffe52bca000 	C:\WINDOWS\SYSTEM32\VERSION.dll
0x00007ffe604e0000 - 0x00007ffe60510000 	C:\WINDOWS\System32\IMM32.DLL
0x00007ffe511d0000 - 0x00007ffe511dc000 	C:\Program Files\Java\jdk-15.0.2\bin\vcruntime140_1.dll
0x00007ffe47500000 - 0x00007ffe47591000 	C:\Program Files\Java\jdk-15.0.2\bin\msvcp140.dll
0x00007ffe383b0000 - 0x00007ffe38f0e000 	C:\Program Files\Java\jdk-15.0.2\bin\server\jvm.dll
0x00007ffe5fec0000 - 0x00007ffe5fec8000 	C:\WINDOWS\System32\PSAPI.DLL
0x00007ffe580c0000 - 0x00007ffe580c9000 	C:\WINDOWS\SYSTEM32\WSOCK32.dll
0x00007ffe4a880000 - 0x00007ffe4a8a7000 	C:\WINDOWS\SYSTEM32\WINMM.dll
0x00007ffe61460000 - 0x00007ffe614cb000 	C:\WINDOWS\System32\WS2_32.dll
0x00007ffe5cc20000 - 0x00007ffe5cc32000 	C:\WINDOWS\SYSTEM32\kernel.appcore.dll
0x00007ffe50680000 - 0x00007ffe5068a000 	C:\Program Files\Java\jdk-15.0.2\bin\jimage.dll
0x00007ffe4d820000 - 0x00007ffe4da04000 	C:\WINDOWS\SYSTEM32\DBGHELP.DLL
0x00007ffe4d7a0000 - 0x00007ffe4d7d4000 	C:\WINDOWS\SYSTEM32\dbgcore.DLL
0x00007ffe5f600000 - 0x00007ffe5f682000 	C:\WINDOWS\System32\bcryptPrimitives.dll
0x00007ffe475c0000 - 0x00007ffe475e5000 	C:\Program Files\Java\jdk-15.0.2\bin\java.dll
0x00007ffe60520000 - 0x00007ffe60c64000 	C:\WINDOWS\System32\SHELL32.dll
0x00007ffe5ce20000 - 0x00007ffe5d5b3000 	C:\WINDOWS\SYSTEM32\windows.storage.dll
0x00007ffe5ffd0000 - 0x00007ffe60324000 	C:\WINDOWS\System32\combase.dll
0x00007ffe5e6c0000 - 0x00007ffe5e6ee000 	C:\WINDOWS\SYSTEM32\Wldp.dll
0x00007ffe5fc50000 - 0x00007ffe5fcfd000 	C:\WINDOWS\System32\SHCORE.dll
0x00007ffe5fb00000 - 0x00007ffe5fb55000 	C:\WINDOWS\System32\shlwapi.dll
0x00007ffe5ec80000 - 0x00007ffe5ec9f000 	C:\WINDOWS\SYSTEM32\profapi.dll
0x00007ffe50000000 - 0x00007ffe50019000 	C:\Program Files\Java\jdk-15.0.2\bin\net.dll
0x00007ffe53af0000 - 0x00007ffe53bfa000 	C:\WINDOWS\SYSTEM32\WINHTTP.dll
0x00007ffe5e420000 - 0x00007ffe5e48a000 	C:\WINDOWS\system32\mswsock.dll
0x00007ffe4ff70000 - 0x00007ffe4ff82000 	C:\Program Files\Java\jdk-15.0.2\bin\nio.dll
0x00007ffe475a0000 - 0x00007ffe475b8000 	C:\Program Files\Java\jdk-15.0.2\bin\zip.dll
0x00007ffe3a350000 - 0x00007ffe3a4d0000 	C:\Program Files\Java\jdk-15.0.2\bin\awt.dll
0x00007ffe5fdf0000 - 0x00007ffe5febd000 	C:\WINDOWS\System32\OLEAUT32.dll
0x00007ffe5c490000 - 0x00007ffe5c520000 	C:\WINDOWS\SYSTEM32\apphelp.dll
0x00007ffe5c750000 - 0x00007ffe5c7ee000 	C:\WINDOWS\system32\uxtheme.dll
0x00007ffe4fb60000 - 0x00007ffe4fb8e000 	C:\Program Files\uvnc bvba\UltraVNC\schook64.dll
0x00007ffe614d0000 - 0x00007ffe615e4000 	C:\WINDOWS\System32\MSCTF.dll
0x00007ffe60f90000 - 0x00007ffe610ba000 	C:\WINDOWS\System32\ole32.dll
0x00007ffe5ca40000 - 0x00007ffe5ca6f000 	C:\WINDOWS\system32\DWMAPI.DLL
0x00007ffe2fbb0000 - 0x00007ffe2fc60000 	C:\WINDOWS\WinSxS\amd64_microsoft.windows.common-controls_6595b64144ccf1df_5.82.19041.1110_none_792d1c772443f647\comctl32.dll
0x00007ffe43430000 - 0x00007ffe434b5000 	C:\Program Files\Java\jdk-15.0.2\bin\freetype.dll
0x00007ffe3d060000 - 0x00007ffe3d109000 	C:\Program Files\Java\jdk-15.0.2\bin\fontmanager.dll
0x00007ffe48d60000 - 0x00007ffe48e85000 	C:\WINDOWS\system32\opengl32.dll
0x00007ffe49cb0000 - 0x00007ffe49cdc000 	C:\WINDOWS\SYSTEM32\GLU32.dll
0x00007ffe60ca0000 - 0x00007ffe60d49000 	C:\WINDOWS\System32\clbcatq.dll
0x00007ffe5a8d0000 - 0x00007ffe5a9c6000 	C:\WINDOWS\SYSTEM32\PROPSYS.dll
0x00007ffe50190000 - 0x00007ffe501a7000 	C:\WINDOWS\system32\NetworkExplorer.dll
0x00007ffe5ee10000 - 0x00007ffe5ee5e000 	C:\WINDOWS\System32\CFGMGR32.dll
0x00007ffe4be40000 - 0x00007ffe4be5d000 	C:\WINDOWS\SYSTEM32\MPR.dll
0x00007ffe30a80000 - 0x00007ffe30a8b000 	C:\WINDOWS\System32\drprov.dll
0x00007ffe5e850000 - 0x00007ffe5e8b4000 	C:\WINDOWS\System32\WINSTA.dll
0x00007ffe30a60000 - 0x00007ffe30a7f000 	C:\WINDOWS\System32\ntlanman.dll
0x00007ffe30a40000 - 0x00007ffe30a5e000 	C:\WINDOWS\System32\davclnt.dll
0x00007ffe30a30000 - 0x00007ffe30a3d000 	C:\WINDOWS\System32\DAVHLPR.dll
0x00007ffe5dea0000 - 0x00007ffe5deb9000 	C:\WINDOWS\System32\wkscli.dll
0x00007ffe4e850000 - 0x00007ffe4e862000 	C:\WINDOWS\SYSTEM32\cscapi.dll
0x00007ffe5e220000 - 0x00007ffe5e22c000 	C:\WINDOWS\System32\netutils.dll
0x00007ffe500d0000 - 0x00007ffe50126000 	C:\Windows\System32\dlnashext.dll
0x00007ffe448f0000 - 0x00007ffe44954000 	C:\Windows\System32\PlayToDevice.dll
0x00007ffe4ff50000 - 0x00007ffe4ff70000 	C:\Windows\System32\DevDispItemProvider.dll
0x00007ffe58d80000 - 0x00007ffe58e05000 	C:\WINDOWS\System32\MMDevApi.dll
0x00007ffe5ea80000 - 0x00007ffe5eaac000 	C:\WINDOWS\System32\DEVOBJ.dll
0x00007ffe5e110000 - 0x00007ffe5e14c000 	C:\Windows\System32\IPHLPAPI.DLL
0x00007ffe5fd00000 - 0x00007ffe5fd08000 	C:\WINDOWS\System32\NSI.dll
0x00007ffe562b0000 - 0x00007ffe562c7000 	C:\WINDOWS\SYSTEM32\dhcpcsvc6.DLL
0x00007ffe57740000 - 0x00007ffe5775d000 	C:\WINDOWS\SYSTEM32\dhcpcsvc.DLL
0x00007ffe5e150000 - 0x00007ffe5e21b000 	C:\WINDOWS\SYSTEM32\DNSAPI.dll
0x00007ffe58a60000 - 0x00007ffe58a6b000 	C:\WINDOWS\SYSTEM32\WINNSI.DLL
0x00007ffe5a440000 - 0x00007ffe5a47e000 	C:\WINDOWS\System32\netprofm.dll
0x00007ffe580b0000 - 0x00007ffe580c0000 	C:\WINDOWS\System32\npmproxy.dll
0x00007ffe3d430000 - 0x00007ffe3d4d1000 	C:\WINDOWS\system32\wpdshext.dll
0x00007ffe2ff40000 - 0x00007ffe300e5000 	C:\WINDOWS\WinSxS\amd64_microsoft.windows.gdiplus_6595b64144ccf1df_1.1.19041.2251_none_91a40448cc8846c1\gdiplus.dll
0x00007ffe59630000 - 0x00007ffe596d3000 	C:\Windows\System32\PortableDeviceApi.dll
0x00007ffe5f690000 - 0x00007ffe5faf8000 	C:\WINDOWS\System32\SETUPAPI.dll
0x00007ffe5f140000 - 0x00007ffe5f167000 	C:\WINDOWS\System32\bcrypt.dll
0x00007ffe5f3d0000 - 0x00007ffe5f437000 	C:\WINDOWS\System32\WINTRUST.dll
0x00007ffe5f170000 - 0x00007ffe5f2c6000 	C:\WINDOWS\System32\CRYPT32.dll
0x00007ffe5e8c0000 - 0x00007ffe5e8d2000 	C:\WINDOWS\System32\MSASN1.dll
0x00007ffe44860000 - 0x00007ffe44897000 	C:\Windows\System32\EhStorShell.dll
0x00007ffe4faa0000 - 0x00007ffe4fac6000 	C:\Windows\System32\EhStorAPI.dll
0x00007ffe5c0f0000 - 0x00007ffe5c104000 	C:\Windows\System32\WTSAPI32.dll
0x00007ffe47990000 - 0x00007ffe4799d000 	C:\WINDOWS\SYSTEM32\LINKINFO.dll
0x00007ffe50670000 - 0x00007ffe50680000 	C:\Program Files\Java\jdk-15.0.2\bin\verify.dll
0x00007ffe596e0000 - 0x00007ffe59894000 	C:\WINDOWS\SYSTEM32\WindowsCodecs.dll
0x00007ffe45c30000 - 0x00007ffe45c6e000 	C:\WINDOWS\system32\dataexchange.dll
0x00007ffe5af90000 - 0x00007ffe5b1f3000 	C:\WINDOWS\system32\d3d11.dll
0x00007ffe5b7f0000 - 0x00007ffe5b9d3000 	C:\WINDOWS\system32\dcomp.dll
0x00007ffe5d600000 - 0x00007ffe5d6f3000 	C:\WINDOWS\system32\dxgi.dll
0x00007ffe59930000 - 0x00007ffe59b30000 	C:\WINDOWS\system32\twinapi.appcore.dll
0x0000015cb2a40000 - 0x0000015cb2a43000 	C:\Program Files\Java\jdk-15.0.2\bin\api-ms-win-core-console-l1-1-0.dll
0x0000015cb2a50000 - 0x0000015cb2a53000 	C:\Program Files\Java\jdk-15.0.2\bin\api-ms-win-core-datetime-l1-1-0.dll
0x0000015cb2a60000 - 0x0000015cb2a63000 	C:\Program Files\Java\jdk-15.0.2\bin\api-ms-win-core-debug-l1-1-0.dll
0x0000015cb2a70000 - 0x0000015cb2a73000 	C:\Program Files\Java\jdk-15.0.2\bin\api-ms-win-core-errorhandling-l1-1-0.dll
0x0000015cb2a80000 - 0x0000015cb2a84000 	C:\Program Files\Java\jdk-15.0.2\bin\api-ms-win-core-file-l1-1-0.dll
0x0000015cb2a90000 - 0x0000015cb2a93000 	C:\Program Files\Java\jdk-15.0.2\bin\api-ms-win-core-file-l1-2-0.dll
0x0000015cb2aa0000 - 0x0000015cb2aa3000 	C:\Program Files\Java\jdk-15.0.2\bin\api-ms-win-core-file-l2-1-0.dll
0x0000015cb2ab0000 - 0x0000015cb2ab3000 	C:\Program Files\Java\jdk-15.0.2\bin\api-ms-win-core-handle-l1-1-0.dll
0x0000015cb2ac0000 - 0x0000015cb2ac3000 	C:\Program Files\Java\jdk-15.0.2\bin\api-ms-win-core-heap-l1-1-0.dll
0x0000015cb2ad0000 - 0x0000015cb2ad3000 	C:\Program Files\Java\jdk-15.0.2\bin\api-ms-win-core-interlocked-l1-1-0.dll
0x0000015cb2ae0000 - 0x0000015cb2ae3000 	C:\Program Files\Java\jdk-15.0.2\bin\api-ms-win-core-libraryloader-l1-1-0.dll
0x0000015cb2af0000 - 0x0000015cb2af3000 	C:\Program Files\Java\jdk-15.0.2\bin\api-ms-win-core-localization-l1-2-0.dll
0x0000015cb2b00000 - 0x0000015cb2b03000 	C:\Program Files\Java\jdk-15.0.2\bin\api-ms-win-core-memory-l1-1-0.dll
0x0000015cb2b10000 - 0x0000015cb2b13000 	C:\Program Files\Java\jdk-15.0.2\bin\api-ms-win-core-namedpipe-l1-1-0.dll
0x0000015cb2b20000 - 0x0000015cb2b23000 	C:\Program Files\Java\jdk-15.0.2\bin\api-ms-win-core-processenvironment-l1-1-0.dll
0x0000015cb2b30000 - 0x0000015cb2b33000 	C:\Program Files\Java\jdk-15.0.2\bin\api-ms-win-core-processthreads-l1-1-0.dll
0x0000015cb2b40000 - 0x0000015cb2b43000 	C:\Program Files\Java\jdk-15.0.2\bin\api-ms-win-core-processthreads-l1-1-1.dll
0x0000015cb2b50000 - 0x0000015cb2b53000 	C:\Program Files\Java\jdk-15.0.2\bin\api-ms-win-core-profile-l1-1-0.dll
0x0000015cb2b60000 - 0x0000015cb2b63000 	C:\Program Files\Java\jdk-15.0.2\bin\api-ms-win-core-rtlsupport-l1-1-0.dll
0x0000015cb2b70000 - 0x0000015cb2b73000 	C:\Program Files\Java\jdk-15.0.2\bin\api-ms-win-core-string-l1-1-0.dll
0x0000015cb2b80000 - 0x0000015cb2b83000 	C:\Program Files\Java\jdk-15.0.2\bin\api-ms-win-core-synch-l1-1-0.dll
0x0000015cb2b90000 - 0x0000015cb2b93000 	C:\Program Files\Java\jdk-15.0.2\bin\api-ms-win-core-synch-l1-2-0.dll
0x0000015cb2ba0000 - 0x0000015cb2ba3000 	C:\Program Files\Java\jdk-15.0.2\bin\api-ms-win-core-sysinfo-l1-1-0.dll
0x0000015cb2bb0000 - 0x0000015cb2bb3000 	C:\Program Files\Java\jdk-15.0.2\bin\api-ms-win-core-timezone-l1-1-0.dll
0x0000015cb2bc0000 - 0x0000015cb2bc3000 	C:\Program Files\Java\jdk-15.0.2\bin\api-ms-win-core-util-l1-1-0.dll
0x0000015cb2bd0000 - 0x0000015cb2bd3000 	C:\Program Files\Java\jdk-15.0.2\bin\api-ms-win-crt-conio-l1-1-0.dll

dbghelp: loaded successfully - version: 4.0.5 - missing functions: none
symbol engine: initialized successfully - sym options: 0x614 - pdb path: .;C:\Program Files\Java\jdk-15.0.2\bin;C:\WINDOWS\SYSTEM32;C:\WINDOWS\WinSxS\amd64_microsoft.windows.common-controls_6595b64144ccf1df_6.0.19041.1110_none_60b5254171f9507e;C:\Program Files\Java\jdk-15.0.2\bin\server;C:\Program Files\uvnc bvba\UltraVNC;C:\WINDOWS\WinSxS\amd64_microsoft.windows.common-controls_6595b64144ccf1df_5.82.19041.1110_none_792d1c772443f647;C:\WINDOWS\WinSxS\amd64_microsoft.windows.gdiplus_6595b64144ccf1df_1.1.19041.2251_none_91a40448cc8846c1;C:\Program Files\BellSoft\LibericaJDK-13-Full\bin

VM Arguments:
jvm_args: -Dfile.encoding=UTF-8 
java_command: simrskhanza.SIMRSKhanza
java_class_path (initial): E:\Sofware SIMRSKhanza\KhanzaHMSWindows\lib\calendar-src.jar;E:\Sofware SIMRSKhanza\KhanzaHMSWindows\lib\calendar-doc.jar;E:\Sofware SIMRSKhanza\KhanzaHMSWindows\lib\calendar.jar;E:\Sofware SIMRSKhanza\KhanzaHMSWindows\lib\jcalendar-1.4.jar;E:\Sofware SIMRSKhanza\KhanzaHMSWindows\lib\ant-1.7.1.jar;E:\Sofware SIMRSKhanza\KhanzaHMSWindows\lib\apache-httpcomponents-httpclient.jar;E:\Sofware SIMRSKhanza\KhanzaHMSWindows\lib\appframework-1.0.3.jar;E:\Sofware SIMRSKhanza\KhanzaHMSWindows\lib\barbecue-1.5-beta1.jar;E:\Sofware SIMRSKhanza\KhanzaHMSWindows\lib\batik-dom.jar;E:\Sofware SIMRSKhanza\KhanzaHMSWindows\lib\groovy-all-2.4.7.jar;E:\Sofware SIMRSKhanza\KhanzaHMSWindows\lib\bcel-5.2.jar;E:\Sofware SIMRSKhanza\KhanzaHMSWindows\lib\poi-4.1.0.jar;E:\Sofware SIMRSKhanza\KhanzaHMSWindows\lib\beansbinding-1.2.1.jar;E:\Sofware SIMRSKhanza\KhanzaHMSWindows\lib\bsh-2.0b4.jar;E:\Sofware SIMRSKhanza\KhanzaHMSWindows\lib\com-jaspersoft-ireport.jar;E:\Sofware SIMRSKhanza\KhanzaHMSWindows\lib\com.fasterxml.jackson.core.jar;E:\Sofware SIMRSKhanza\KhanzaHMSWindows\lib\comm.jar;E:\Sofware SIMRSKhanza\KhanzaHMSWindows\lib\common-javaFX-plugin.jar;E:\Sofware SIMRSKhanza\KhanzaHMSWindows\lib\commons-codec-1.10.jar;E:\Sofware SIMRSKhanza\KhanzaHMSWindows\lib\commons-javaflow-20060411.jar;E:\Sofware SIMRSKhanza\KhanzaHMSWindows\lib\commons-logging-1.2.jar;E:\Sofware SIMRSKhanza\KhanzaHMSWindows\lib\fluent-hc-4.5.1.jar;E:\Sofware SIMRSKhanza\KhanzaHMSWindows\lib\fontbox-2.0.13.jar;E:\Sofware SIMRSKhanza\KhanzaHMSWindows\lib\gson-2.2.2.jar;E:\Sofware SIMRSKhanza\KhanzaHMSWindows\lib\hsqldb-1.8.0-10.jar;E:\Sofware SIMRSKhanza\KhanzaHMSWindows\lib\httpclient-4.5.1.jar;E:\Sofware SIMRSKhanza\KhanzaHMSWindows\lib\httpclient-cache-4.5.1.jar;E:\Sofware SIMRSKhanza\KhanzaHMSWindows\lib\httpclient-win-4.5.1.jar;E:\Sofware SIMRSKhanza\KhanzaHMSWindows\lib\httpcore-4.4.3.jar;E:\Sofware SIMRSKhanza\KhanzaHMSWindows\lib\httpmime-4.5.1.jar;E:\Sofware SIMRSKhanza\KhanzaHMSWind
Launcher Type: SUN_STANDARD

[Global flags]
     intx CICompilerCount                          = 3                                         {product} {ergonomic}
     uint ConcGCThreads                            = 1                                         {product} {ergonomic}
     uint G1ConcRefinementThreads                  = 4                                         {product} {ergonomic}
   size_t G1HeapRegionSize                         = 1048576                                   {product} {ergonomic}
    uintx GCDrainStackTargetSize                   = 64                                        {product} {ergonomic}
   size_t InitialHeapSize                          = 67108864                                  {product} {ergonomic}
   size_t MarkStackSize                            = 4194304                                   {product} {ergonomic}
   size_t MaxHeapSize                              = 1048576000                                {product} {ergonomic}
   size_t MaxNewSize                               = 629145600                                 {product} {ergonomic}
   size_t MinHeapDeltaBytes                        = 1048576                                   {product} {ergonomic}
   size_t MinHeapSize                              = 8388608                                   {product} {ergonomic}
    uintx NonNMethodCodeHeapSize                   = 5832780                                {pd product} {ergonomic}
    uintx NonProfiledCodeHeapSize                  = 122912730                              {pd product} {ergonomic}
    uintx ProfiledCodeHeapSize                     = 122912730                              {pd product} {ergonomic}
    uintx ReservedCodeCacheSize                    = 251658240                              {pd product} {ergonomic}
     bool SegmentedCodeCache                       = true                                      {product} {ergonomic}
   size_t SoftMaxHeapSize                          = 1048576000                             {manageable} {ergonomic}
     bool UseCompressedClassPointers               = true                                 {lp64_product} {ergonomic}
     bool UseCompressedOops                        = true                                 {lp64_product} {ergonomic}
     bool UseG1GC                                  = true                                      {product} {ergonomic}
     bool UseLargePagesIndividualAllocation        = false                                  {pd product} {ergonomic}

Logging:
Log output configuration:
 #0: stdout all=warning uptime,level,tags
 #1: stderr all=off uptime,level,tags

Environment Variables:
JAVA_HOME=C:\Program Files\BellSoft\LibericaJDK-13-Full\
PATH=C:\Program Files\BellSoft\LibericaJDK-13-Full\bin\;C:\Program Files\Common Files\Oracle\Java\javapath;C:\WINDOWS\system32;C:\WINDOWS;C:\WINDOWS\System32\Wbem;C:\WINDOWS\System32\WindowsPowerShell\v1.0\;C:\WINDOWS\System32\OpenSSH\;C:\Program Files\nodejs\;C:\Windows\Microsoft.NET\Framework\v4.0.30319;C:\Program Files (x86)\Appeon\PowerBuilder 19.0;C:\Program Files (x86)\Appeon\PowerBuilderCompiler 19.0;C:\xampp\php;C:\composer;C:\Program Files (x86)\Microsoft SQL Server\150\DTS\Binn\;C:\Program Files\Azure Data Studio\bin;C:\Program Files\Git\cmd;C:\Users\User\AppData\Local\Microsoft\WindowsApps;C:\Users\User\AppData\Roaming\npm;C:\Users\User\AppData\Roaming\Composer\vendor\bin;C:\Program Files\Azure Data Studio\bin;C:\Users\User\AppData\Local\Programs\Microsoft VS Code\bin;C:\Program Files\Tesseract-OCR;
USERNAME=User
OS=Windows_NT
PROCESSOR_IDENTIFIER=Intel64 Family 6 Model 60 Stepping 3, GenuineIntel



---------------  S Y S T E M  ---------------

OS:
 Windows 10 , 64 bit Build 19041 (10.0.19041.2788)
OS uptime: 0 days 1:32 hours

CPU: total 4 (initial active 4) (2 cores per cpu, 2 threads per core) family 6 model 60 stepping 3 microcode 0x27, cmov, cx8, fxsr, mmx, sse, sse2, sse3, ssse3, sse4.1, sse4.2, popcnt, vzeroupper, avx, avx2, aes, clmul, erms, lzcnt, ht, tsc, tscinvbit, bmi1, bmi2, fma, clflush

Memory: 4k page, system-wide physical 3996M (462M free)
TotalPageFile size 8303M (AvailPageFile size 3062M)
current process WorkingSet (physical memory assigned to process): 321M, peak: 325M
current process commit charge ("private bytes"): 365M, peak: 377M

vm_info: Java HotSpot(TM) 64-Bit Server VM (15.0.2+7-27) for windows-amd64 JRE (15.0.2+7-27), built on Dec  7 2020 20:07:01 by "mach5one" with unknown MS VC++:1925

END.
