#
# A fatal error has been detected by the Java Runtime Environment:
#
#  EXCEPTION_ACCESS_VIOLATION (0xc0000005) at pc=0x00007ffe3beca3d1, pid=7964, tid=10040
#
# JRE version: Java(TM) SE Runtime Environment (15.0.2+7) (build 15.0.2+7-27)
# Java VM: Java HotSpot(TM) 64-Bit Server VM (15.0.2+7-27, mixed mode, sharing, tiered, compressed oops, g1 gc, windows-amd64)
# Problematic frame:
# V  [jvm.dll+0x3aa3d1]
#
# No core dump will be written. Minidumps are not enabled by default on client versions of Windows
#
# If you would like to submit a bug report, please visit:
#   https://bugreport.java.com/bugreport/crash.jsp
#

---------------  S U M M A R Y ------------

Command Line: -Dfile.encoding=UTF-8 simrskhanza.SIMRSKhanza

Host: Intel(R) Core(TM) i3-4170 CPU @ 3.70GHz, 4 cores, 3G,  Windows 10 , 64 bit Build 19041 (10.0.19041.2788)
Time: Thu Jul  6 09:43:32 2023 SE Asia Standard Time elapsed time: 63.300772 seconds (0d 0h 1m 3s)

---------------  T H R E A D  ---------------

Current thread (0x000001cb34398020):  JavaThread "JavaFX Application Thread" [_thread_in_vm, id=10040, stack(0x000000aafa600000,0x000000aafa700000)]

Stack: [0x000000aafa600000,0x000000aafa700000],  sp=0x000000aafa6fdfb0,  free space=1015k
Native frames: (J=compiled Java code, j=interpreted, Vv=VM code, C=native code)
V  [jvm.dll+0x3aa3d1]
C  0x00007ffe10fffeac

Java frames: (J=compiled Java code, j=interpreted, Vv=VM code)
j  com.sun.webkit.WebPage.twkCreatePage(Z)J+0
j  com.sun.webkit.WebPage.<init>(Lcom/sun/webkit/WebPageClient;Lcom/sun/webkit/UIClient;Lcom/sun/webkit/PolicyClient;Lcom/sun/webkit/InspectorClient;Lcom/sun/webkit/ThemeClient;Z)V+177
j  javafx.scene.web.WebEngine.<init>(Ljava/lang/String;Z)V+270
j  javafx.scene.web.WebEngine.<init>()V+3
j  javafx.scene.web.WebView.<init>()V+60
j  bridging.INACBGHybrid$3.run()V+4
j  com.sun.javafx.application.PlatformImpl.lambda$runLater$10(Ljava/lang/Runnable;)Ljava/lang/Void;+1
j  com.sun.javafx.application.PlatformImpl$$Lambda$261+0x000000080105f0a0.run()Ljava/lang/Object;+4
J 2220 c1 java.security.AccessController.doPrivileged(Ljava/security/PrivilegedAction;Ljava/security/AccessControlContext;)Ljava/lang/Object; java.base@15.0.2 (17 bytes) @ 0x000001cb1eca2ae4 [0x000001cb1eca2900+0x00000000000001e4]
j  com.sun.javafx.application.PlatformImpl.lambda$runLater$11(Ljava/lang/Runnable;Ljava/security/AccessControlContext;)V+7
j  com.sun.javafx.application.PlatformImpl$$Lambda$260+0x000000080105ec50.run()V+8
j  com.sun.glass.ui.InvokeLaterDispatcher$Future.run()V+4
v  ~StubRoutines::call_stub
j  com.sun.glass.ui.win.WinApplication._runLoop(Ljava/lang/Runnable;)V+0
j  com.sun.glass.ui.win.WinApplication.lambda$runLoop$3(ILjava/lang/Runnable;)V+8
j  com.sun.glass.ui.win.WinApplication$$Lambda$247+0x0000000801031f30.run()V+12
j  java.lang.Thread.run()V+11 java.base@15.0.2
v  ~StubRoutines::call_stub

siginfo: EXCEPTION_ACCESS_VIOLATION (0xc0000005), reading address 0x0000000000000000


Register to memory mapping:

RIP=0x00007ffe3beca3d1 jvm.dll
RAX=0x0 is NULL
RBX=0x000001cb34398020 is a thread
RCX=0x2e8817da92c00000 is an unknown value
RDX=0x000001cb33ca0648 is a global jni handle
RSP=0x000000aafa6fdfb0 is pointing into the stack for thread: 0x000001cb34398020
RBP=0x000000aafa6fe0a8 is pointing into the stack for thread: 0x000001cb34398020
RSI=0x000001cb34398348 points into unknown readable memory: 0x00007ffe3c51de40 | 40 de 51 3c fe 7f 00 00
RDI=0x000001cb33ca0648 is a global jni handle
R8 =0x0 is NULL
R9 =0x000000aafa6fe0a8 is pointing into the stack for thread: 0x000001cb34398020
R10=0x000000000000003a is an unknown value
R11=0x000000aafa6fdfa8 is pointing into the stack for thread: 0x000001cb34398020
R12=0x0 is NULL
R13=
[error occurred during error reporting (printing register info), id 0xc0000005, EXCEPTION_ACCESS_VIOLATION (0xc0000005) at pc=0x00007ffe3bdc8322]

Registers:
RAX=0x0000000000000000, RBX=0x000001cb34398020, RCX=0x2e8817da92c00000, RDX=0x000001cb33ca0648
RSP=0x000000aafa6fdfb0, RBP=0x000000aafa6fe0a8, RSI=0x000001cb34398348, RDI=0x000001cb33ca0648
R8 =0x0000000000000000, R9 =0x000000aafa6fe0a8, R10=0x000000000000003a, R11=0x000000aafa6fdfa8
R12=0x0000000000000000, R13=0x00000000ffffffff, R14=0x0000000000000000, R15=0x0000000000000000
RIP=0x00007ffe3beca3d1, EFLAGS=0x0000000000010206

Top of Stack: (sp=0x000000aafa6fdfb0)
0x000000aafa6fdfb0:   000001cb34398020 000001cb34398348
0x000000aafa6fdfc0:   0000000000000000 00007ffe5f2e2690
0x000000aafa6fdfd0:   0000000000000000 00007ffe14535e30
0x000000aafa6fdfe0:   00002e22edb54c80 000000aafa6fe040
0x000000aafa6fdff0:   0000000000000000 000001cb33ca0648
0x000000aafa6fe000:   000001cb34398020 000001cb38406cd0
0x000000aafa6fe010:   000001cb00000493 00007ffe3c3baaa0
0x000000aafa6fe020:   000001cb34398020 00007ffe3bec266a
0x000000aafa6fe030:   00007ffe12971a90 00007ffe126c0cd0
0x000000aafa6fe040:   000001cb00000002 00007ffe00000002
0x000000aafa6fe050:   000001cb3487fd10 00007ffe10fffeac
0x000000aafa6fe060:   000001cb393d5d1c 0000000000000000
0x000000aafa6fe070:   00007ffe14535e30 000001cb34398348
0x000000aafa6fe080:   000001cb34398348 00007ffe124b4a8d
0x000000aafa6fe090:   000001cb393d5d1c 0000000000000000
0x000000aafa6fe0a0:   0000000000000000 000000000000001c 

Instructions: (pc=0x00007ffe3beca3d1)
0x00007ffe3beca2d1:   00 00 48 8b bc 24 c0 00 00 00 c0 e8 03 a8 01 74
0x00007ffe3beca2e1:   08 48 8b cb e8 a6 29 2e 00 0f 28 c6 c7 83 98 03
0x00007ffe3beca2f1:   00 00 04 00 00 00 0f 28 b4 24 b0 00 00 00 48 81
0x00007ffe3beca301:   c4 d0 00 00 00 5b c3 cc cc cc cc cc cc cc cc 48
0x00007ffe3beca311:   89 5c 24 08 48 89 6c 24 10 48 89 74 24 18 48 89
0x00007ffe3beca321:   7c 24 20 41 56 48 81 ec a0 00 00 00 8b 81 88 00
0x00007ffe3beca331:   00 00 48 8d 99 d8 fc ff ff 05 55 21 ff ff 49 8b
0x00007ffe3beca341:   e9 4d 8b f0 48 8b fa 48 8b f1 83 f8 01 76 0a 48
0x00007ffe3beca351:   8b cb e8 28 33 39 00 33 db c7 83 98 03 00 00 05
0x00007ffe3beca361:   00 00 00 e8 c7 26 27 00 48 8b 03 48 8b cb ff 50
0x00007ffe3beca371:   38 84 c0 74 0e 48 8b 83 10 01 00 00 c0 e8 03 24
0x00007ffe3beca381:   01 eb 0b 8b 05 86 23 6f 00 85 c0 0f 95 c0 84 c0
0x00007ffe3beca391:   75 0d 8b 83 e0 00 00 00 a9 04 00 00 20 74 08 48
0x00007ffe3beca3a1:   8b cb e8 58 39 39 00 c7 83 98 03 00 00 06 00 00
0x00007ffe3beca3b1:   00 48 83 7b 08 00 48 89 5c 24 50 48 c7 44 24 58
0x00007ffe3beca3c1:   00 00 00 00 74 0a 48 8d 4c 24 50 e8 1f c5 2a 00
0x00007ffe3beca3d1:   49 8b 16 48 8d 4c 24 70 c7 44 24 40 04 00 00 00
0x00007ffe3beca3e1:   e8 ea cf 00 00 48 89 ac 24 98 00 00 00 48 8d 05
0x00007ffe3beca3f1:   33 07 4f 00 48 89 44 24 70 40 f6 c7 01 74 0c 48
0x00007ffe3beca401:   8d 4f ff ff 15 9e 13 65 00 eb 09 48 8b cf ff 15
0x00007ffe3beca411:   f3 9b 64 00 8b 15 85 9c 6d 00 48 8b c8 e8 ed d0
0x00007ffe3beca421:   26 00 48 8b d3 48 8b c8 4c 8b 00 41 ff 90 b0 00
0x00007ffe3beca431:   00 00 48 83 7b 08 00 75 35 48 8d 44 24 70 48 89
0x00007ffe3beca441:   5c 24 30 48 89 44 24 28 48 8d 54 24 40 45 33 c9
0x00007ffe3beca451:   4c 89 74 24 20 45 33 c0 48 8b ce e8 3f e4 00 00
0x00007ffe3beca461:   48 83 7b 08 00 75 07 0f b6 74 24 48 eb 03 40 32
0x00007ffe3beca471:   f6 48 83 7c 24 58 00 74 0a 48 8d 4c 24 50 e8 0c
0x00007ffe3beca481:   c5 2a 00 48 8b bb f8 00 00 00 48 8b 4f 10 48 83
0x00007ffe3beca491:   39 00 74 0c 48 8b cf e8 d3 a0 f6 ff 48 8b 4f 10
0x00007ffe3beca4a1:   48 8b 47 08 48 89 48 10 48 8b 4f 08 48 8b 47 18
0x00007ffe3beca4b1:   48 89 41 18 48 8b 4f 08 48 8b 47 20 48 89 41 20
0x00007ffe3beca4c1:   c7 83 98 03 00 00 07 00 00 00 e8 60 25 27 00 48 


Stack slot to memory mapping:
stack at sp + 0 slots: 0x000001cb34398020 is a thread
stack at sp + 1 slots: 0x000001cb34398348 points into unknown readable memory: 0x00007ffe3c51de40 | 40 de 51 3c fe 7f 00 00
stack at sp + 2 slots: 0x0 is NULL
stack at sp + 3 slots: 0x00007ffe5f2e2690 ucrtbase.dll
stack at sp + 4 slots: 0x0 is NULL
stack at sp + 5 slots: 0x00007ffe14535e30 points into unknown readable memory: 0x00007ffe14586268 | 68 62 58 14 fe 7f 00 00
stack at sp + 6 slots: 0x00002e22edb54c80 is an unknown value
stack at sp + 7 slots: 0x000000aafa6fe040 is pointing into the stack for thread: 0x000001cb34398020


---------------  P R O C E S S  ---------------

Threads class SMR info:
_java_thread_list=0x000001cb37f31ac0, length=24, elements={
0x000001cb323be0d0, 0x000001cb323bebb0, 0x000001cb323d7140, 0x000001cb323d9b10,
0x000001cb323da4d0, 0x000001cb323dcdb0, 0x000001cb323e4a80, 0x000001cb3244de90,
0x000001cb32f4fe00, 0x000001cb32f5cf50, 0x000001cb33c2bdc0, 0x000001cb33c2c290,
0x000001cb33931be0, 0x000001cb3406e070, 0x000001cb3406fa60, 0x000001cb148ec060,
0x000001cb3462ea60, 0x000001cb34399830, 0x000001cb3439b510, 0x000001cb34399d00,
0x000001cb34398020, 0x000001cb34399360, 0x000001cb347a88c0, 0x000001cb343984f0
}

Java Threads: ( => current thread )
  0x000001cb323be0d0 JavaThread "Reference Handler" daemon [_thread_blocked, id=11628, stack(0x000000aaf8800000,0x000000aaf8900000)]
  0x000001cb323bebb0 JavaThread "Finalizer" daemon [_thread_blocked, id=1596, stack(0x000000aaf8900000,0x000000aaf8a00000)]
  0x000001cb323d7140 JavaThread "Signal Dispatcher" daemon [_thread_blocked, id=2288, stack(0x000000aaf8a00000,0x000000aaf8b00000)]
  0x000001cb323d9b10 JavaThread "Attach Listener" daemon [_thread_blocked, id=11904, stack(0x000000aaf8b00000,0x000000aaf8c00000)]
  0x000001cb323da4d0 JavaThread "Service Thread" daemon [_thread_blocked, id=348, stack(0x000000aaf8c00000,0x000000aaf8d00000)]
  0x000001cb323dcdb0 JavaThread "C2 CompilerThread0" daemon [_thread_blocked, id=5788, stack(0x000000aaf8d00000,0x000000aaf8e00000)]
  0x000001cb323e4a80 JavaThread "C1 CompilerThread0" daemon [_thread_blocked, id=7520, stack(0x000000aaf8e00000,0x000000aaf8f00000)]
  0x000001cb3244de90 JavaThread "Sweeper thread" daemon [_thread_blocked, id=4104, stack(0x000000aaf8f00000,0x000000aaf9000000)]
  0x000001cb32f4fe00 JavaThread "Notification Thread" daemon [_thread_blocked, id=6348, stack(0x000000aaf9000000,0x000000aaf9100000)]
  0x000001cb32f5cf50 JavaThread "Common-Cleaner" daemon [_thread_blocked, id=2556, stack(0x000000aaf9200000,0x000000aaf9300000)]
  0x000001cb33c2bdc0 JavaThread "Java2D Disposer" daemon [_thread_blocked, id=11584, stack(0x000000aaf9500000,0x000000aaf9600000)]
  0x000001cb33c2c290 JavaThread "AWT-Shutdown" [_thread_blocked, id=10132, stack(0x000000aaf9600000,0x000000aaf9700000)]
  0x000001cb33931be0 JavaThread "AWT-Windows" daemon [_thread_in_native, id=7372, stack(0x000000aaf9700000,0x000000aaf9800000)]
  0x000001cb3406e070 JavaThread "AWT-EventQueue-0" [_thread_blocked, id=10844, stack(0x000000aaf9b00000,0x000000aaf9c00000)]
  0x000001cb3406fa60 JavaThread "Swing-Shell" daemon [_thread_blocked, id=7136, stack(0x000000aaf9c00000,0x000000aaf9d00000)]
  0x000001cb148ec060 JavaThread "DestroyJavaVM" [_thread_blocked, id=7000, stack(0x000000aaf8100000,0x000000aaf8200000)]
  0x000001cb3462ea60 JavaThread "Abandoned connection cleanup thread" daemon [_thread_blocked, id=1084, stack(0x000000aafa300000,0x000000aafa400000)]
  0x000001cb34399830 JavaThread "TimerQueue" daemon [_thread_blocked, id=5708, stack(0x000000aafa200000,0x000000aafa300000)]
  0x000001cb3439b510 JavaThread "QuantumRenderer-0" daemon [_thread_blocked, id=6780, stack(0x000000aafa400000,0x000000aafa500000)]
  0x000001cb34399d00 JavaThread "InvokeLaterDispatcher" daemon [_thread_blocked, id=7524, stack(0x000000aafa500000,0x000000aafa600000)]
=>0x000001cb34398020 JavaThread "JavaFX Application Thread" [_thread_in_vm, id=10040, stack(0x000000aafa600000,0x000000aafa700000)]
  0x000001cb34399360 JavaThread "Thread-2" daemon [_thread_in_native, id=3264, stack(0x000000aaf9400000,0x000000aaf9500000)]
  0x000001cb347a88c0 JavaThread "C2 CompilerThread1" daemon [_thread_blocked, id=260, stack(0x000000aaf7e00000,0x000000aaf7f00000)]
  0x000001cb343984f0 JavaThread "Image Fetcher 0" daemon [_thread_blocked, id=7696, stack(0x000000aaf7f00000,0x000000aaf8000000)]

Other Threads:
  0x000001cb149aeba0 VMThread "VM Thread" [stack: 0x000000aaf8700000,0x000000aaf8800000] [id=2968]
  0x000001cb32f50a70 WatcherThread [stack: 0x000000aaf9100000,0x000000aaf9200000] [id=7500]
  0x000001cb1491c1a0 GCTaskThread "GC Thread#0" [stack: 0x000000aaf8200000,0x000000aaf8300000] [id=976]
  0x000001cb32f42e00 GCTaskThread "GC Thread#1" [stack: 0x000000aaf9300000,0x000000aaf9400000] [id=11752]
  0x000001cb33c3d9e0 GCTaskThread "GC Thread#2" [stack: 0x000000aaf9800000,0x000000aaf9900000] [id=10344]
  0x000001cb33c3cd20 GCTaskThread "GC Thread#3" [stack: 0x000000aaf9900000,0x000000aaf9a00000] [id=3600]
  0x000001cb149270a0 ConcurrentGCThread "G1 Main Marker" [stack: 0x000000aaf8300000,0x000000aaf8400000] [id=416]
  0x000001cb14927c20 ConcurrentGCThread "G1 Conc#0" [stack: 0x000000aaf8400000,0x000000aaf8500000] [id=11688]
  0x000001cb14973f40 ConcurrentGCThread "G1 Refine#0" [stack: 0x000000aaf8500000,0x000000aaf8600000] [id=11604]
  0x000001cb14974ad0 ConcurrentGCThread "G1 Young RemSet Sampling" [stack: 0x000000aaf8600000,0x000000aaf8700000] [id=8248]

Threads with active compile tasks:

VM state: not at safepoint (normal execution)

VM Mutex/Monitor currently owned by a thread: None

Heap address: 0x00000000c1800000, size: 1000 MB, Compressed Oops mode: 32-bit
CDS archive(s) mapped at: [0x0000000800000000-0x0000000800b50000-0x0000000800b50000), size 11862016, SharedBaseAddress: 0x0000000800000000, ArchiveRelocationMode: 0.
Compressed class space mapped at: 0x0000000800b50000-0x0000000840b50000, size: 1073741824
Narrow klass base: 0x0000000800000000, Narrow klass shift: 3, Narrow klass range: 0x100000000

GC Precious Log:
 CPUs: 4 total, 4 available
 Memory: 3996M
 Large Page Support: Disabled
 NUMA Support: Disabled
 Compressed Oops: Enabled (32-bit)
 Heap Region Size: 1M
 Heap Min Capacity: 8M
 Heap Initial Capacity: 64M
 Heap Max Capacity: 1000M
 Pre-touch: Disabled
 Parallel Workers: 4
 Concurrent Workers: 1
 Concurrent Refinement Workers: 4
 Periodic GC: Disabled

Heap:
 garbage-first heap   total 152576K, used 98219K [0x00000000c1800000, 0x0000000100000000)
  region size 1024K, 14 young (14336K), 4 survivors (4096K)
 Metaspace       used 44615K, capacity 44958K, committed 45488K, reserved 1089536K
  class space    used 5995K, capacity 6109K, committed 6144K, reserved 1048576K

Heap Regions: E=young(eden), S=young(survivor), O=old, HS=humongous(starts), HC=humongous(continues), CS=collection set, F=free, OA=open archive, CA=closed archive, TAMS=top-at-mark-start (previous, next)
|   0|0x00000000c1800000, 0x00000000c1900000, 0x00000000c1900000|100%| O|  |TAMS 0x00000000c1900000, 0x00000000c1800000| Untracked 
|   1|0x00000000c1900000, 0x00000000c1a00000, 0x00000000c1a00000|100%| O|  |TAMS 0x00000000c1a00000, 0x00000000c1900000| Untracked 
|   2|0x00000000c1a00000, 0x00000000c1b00000, 0x00000000c1b00000|100%| O|  |TAMS 0x00000000c1b00000, 0x00000000c1a00000| Untracked 
|   3|0x00000000c1b00000, 0x00000000c1c00000, 0x00000000c1c00000|100%| O|  |TAMS 0x00000000c1c00000, 0x00000000c1b00000| Untracked 
|   4|0x00000000c1c00000, 0x00000000c1d00000, 0x00000000c1d00000|100%|HS|  |TAMS 0x00000000c1d00000, 0x00000000c1c00000| Complete 
|   5|0x00000000c1d00000, 0x00000000c1e00000, 0x00000000c1e00000|100%|HS|  |TAMS 0x00000000c1e00000, 0x00000000c1d00000| Complete 
|   6|0x00000000c1e00000, 0x00000000c1f00000, 0x00000000c1f00000|100%|HC|  |TAMS 0x00000000c1f00000, 0x00000000c1e00000| Complete 
|   7|0x00000000c1f00000, 0x00000000c2000000, 0x00000000c2000000|100%|HS|  |TAMS 0x00000000c2000000, 0x00000000c1f00000| Complete 
|   8|0x00000000c2000000, 0x00000000c2100000, 0x00000000c2100000|100%| O|  |TAMS 0x00000000c2100000, 0x00000000c2000000| Untracked 
|   9|0x00000000c2100000, 0x00000000c2200000, 0x00000000c2200000|100%| O|  |TAMS 0x00000000c2200000, 0x00000000c2100000| Untracked 
|  10|0x00000000c2200000, 0x00000000c2300000, 0x00000000c2300000|100%| O|  |TAMS 0x00000000c2300000, 0x00000000c2200000| Untracked 
|  11|0x00000000c2300000, 0x00000000c2400000, 0x00000000c2400000|100%| O|  |TAMS 0x00000000c2400000, 0x00000000c2300000| Untracked 
|  12|0x00000000c2400000, 0x00000000c2500000, 0x00000000c2500000|100%| O|  |TAMS 0x00000000c2500000, 0x00000000c2400000| Untracked 
|  13|0x00000000c2500000, 0x00000000c2600000, 0x00000000c2600000|100%| O|  |TAMS 0x00000000c2600000, 0x00000000c2500000| Untracked 
|  14|0x00000000c2600000, 0x00000000c2700000, 0x00000000c2700000|100%| O|  |TAMS 0x00000000c2700000, 0x00000000c2600000| Untracked 
|  15|0x00000000c2700000, 0x00000000c2800000, 0x00000000c2800000|100%| O|  |TAMS 0x00000000c2800000, 0x00000000c2700000| Untracked 
|  16|0x00000000c2800000, 0x00000000c2900000, 0x00000000c2900000|100%| O|  |TAMS 0x00000000c2900000, 0x00000000c2800000| Untracked 
|  17|0x00000000c2900000, 0x00000000c2a00000, 0x00000000c2a00000|100%| O|  |TAMS 0x00000000c2a00000, 0x00000000c2900000| Untracked 
|  18|0x00000000c2a00000, 0x00000000c2b00000, 0x00000000c2b00000|100%| O|  |TAMS 0x00000000c2b00000, 0x00000000c2a00000| Untracked 
|  19|0x00000000c2b00000, 0x00000000c2c00000, 0x00000000c2c00000|100%| O|  |TAMS 0x00000000c2c00000, 0x00000000c2b00000| Untracked 
|  20|0x00000000c2c00000, 0x00000000c2d00000, 0x00000000c2d00000|100%| O|  |TAMS 0x00000000c2d00000, 0x00000000c2c00000| Untracked 
|  21|0x00000000c2d00000, 0x00000000c2e00000, 0x00000000c2e00000|100%| O|  |TAMS 0x00000000c2e00000, 0x00000000c2d00000| Untracked 
|  22|0x00000000c2e00000, 0x00000000c2f00000, 0x00000000c2f00000|100%| O|  |TAMS 0x00000000c2f00000, 0x00000000c2e00000| Untracked 
|  23|0x00000000c2f00000, 0x00000000c3000000, 0x00000000c3000000|100%| O|  |TAMS 0x00000000c3000000, 0x00000000c2f00000| Untracked 
|  24|0x00000000c3000000, 0x00000000c3100000, 0x00000000c3100000|100%| O|  |TAMS 0x00000000c3100000, 0x00000000c3000000| Untracked 
|  25|0x00000000c3100000, 0x00000000c3200000, 0x00000000c3200000|100%| O|  |TAMS 0x00000000c3200000, 0x00000000c3100000| Untracked 
|  26|0x00000000c3200000, 0x00000000c3300000, 0x00000000c3300000|100%| O|  |TAMS 0x00000000c3300000, 0x00000000c3200000| Untracked 
|  27|0x00000000c3300000, 0x00000000c3400000, 0x00000000c3400000|100%| O|  |TAMS 0x00000000c3400000, 0x00000000c3300000| Untracked 
|  28|0x00000000c3400000, 0x00000000c3500000, 0x00000000c3500000|100%| O|  |TAMS 0x00000000c3500000, 0x00000000c3400000| Untracked 
|  29|0x00000000c3500000, 0x00000000c3600000, 0x00000000c3600000|100%| O|  |TAMS 0x00000000c3600000, 0x00000000c3500000| Untracked 
|  30|0x00000000c3600000, 0x00000000c3700000, 0x00000000c3700000|100%| O|  |TAMS 0x00000000c3700000, 0x00000000c3600000| Untracked 
|  31|0x00000000c3700000, 0x00000000c3800000, 0x00000000c3800000|100%| O|  |TAMS 0x00000000c3800000, 0x00000000c3700000| Untracked 
|  32|0x00000000c3800000, 0x00000000c3900000, 0x00000000c3900000|100%| O|  |TAMS 0x00000000c3900000, 0x00000000c3800000| Untracked 
|  33|0x00000000c3900000, 0x00000000c3a00000, 0x00000000c3a00000|100%| O|  |TAMS 0x00000000c3a00000, 0x00000000c3900000| Untracked 
|  34|0x00000000c3a00000, 0x00000000c3b00000, 0x00000000c3b00000|100%| O|  |TAMS 0x00000000c3b00000, 0x00000000c3a00000| Untracked 
|  35|0x00000000c3b00000, 0x00000000c3c00000, 0x00000000c3c00000|100%| O|  |TAMS 0x00000000c3c00000, 0x00000000c3b00000| Untracked 
|  36|0x00000000c3c00000, 0x00000000c3d00000, 0x00000000c3d00000|100%| O|  |TAMS 0x00000000c3d00000, 0x00000000c3c00000| Untracked 
|  37|0x00000000c3d00000, 0x00000000c3e00000, 0x00000000c3e00000|100%| O|  |TAMS 0x00000000c3e00000, 0x00000000c3d00000| Untracked 
|  38|0x00000000c3e00000, 0x00000000c3f00000, 0x00000000c3f00000|100%| O|  |TAMS 0x00000000c3f00000, 0x00000000c3e00000| Untracked 
|  39|0x00000000c3f00000, 0x00000000c4000000, 0x00000000c4000000|100%| O|  |TAMS 0x00000000c4000000, 0x00000000c3f00000| Untracked 
|  40|0x00000000c4000000, 0x00000000c4100000, 0x00000000c4100000|100%| O|  |TAMS 0x00000000c4100000, 0x00000000c4000000| Untracked 
|  41|0x00000000c4100000, 0x00000000c4200000, 0x00000000c4200000|100%| O|  |TAMS 0x00000000c4200000, 0x00000000c4100000| Untracked 
|  42|0x00000000c4200000, 0x00000000c4300000, 0x00000000c4300000|100%| O|  |TAMS 0x00000000c4300000, 0x00000000c4200000| Untracked 
|  43|0x00000000c4300000, 0x00000000c4400000, 0x00000000c4400000|100%| O|  |TAMS 0x00000000c4400000, 0x00000000c4300000| Untracked 
|  44|0x00000000c4400000, 0x00000000c4500000, 0x00000000c4500000|100%| O|  |TAMS 0x00000000c4500000, 0x00000000c4400000| Untracked 
|  45|0x00000000c4500000, 0x00000000c4600000, 0x00000000c4600000|100%| O|  |TAMS 0x00000000c4600000, 0x00000000c4500000| Untracked 
|  46|0x00000000c4600000, 0x00000000c4700000, 0x00000000c4700000|100%| O|  |TAMS 0x00000000c4700000, 0x00000000c4600000| Untracked 
|  47|0x00000000c4700000, 0x00000000c4800000, 0x00000000c4800000|100%| O|  |TAMS 0x00000000c4800000, 0x00000000c4700000| Untracked 
|  48|0x00000000c4800000, 0x00000000c4900000, 0x00000000c4900000|100%| O|  |TAMS 0x00000000c4900000, 0x00000000c4800000| Untracked 
|  49|0x00000000c4900000, 0x00000000c4a00000, 0x00000000c4a00000|100%| O|  |TAMS 0x00000000c4a00000, 0x00000000c4900000| Untracked 
|  50|0x00000000c4a00000, 0x00000000c4b00000, 0x00000000c4b00000|100%| O|  |TAMS 0x00000000c4b00000, 0x00000000c4a00000| Untracked 
|  51|0x00000000c4b00000, 0x00000000c4c00000, 0x00000000c4c00000|100%| O|  |TAMS 0x00000000c4c00000, 0x00000000c4b00000| Untracked 
|  52|0x00000000c4c00000, 0x00000000c4d00000, 0x00000000c4d00000|100%| O|  |TAMS 0x00000000c4d00000, 0x00000000c4c00000| Untracked 
|  53|0x00000000c4d00000, 0x00000000c4e00000, 0x00000000c4e00000|100%| O|  |TAMS 0x00000000c4e00000, 0x00000000c4d00000| Untracked 
|  54|0x00000000c4e00000, 0x00000000c4f00000, 0x00000000c4f00000|100%| O|  |TAMS 0x00000000c4f00000, 0x00000000c4e00000| Untracked 
|  55|0x00000000c4f00000, 0x00000000c5000000, 0x00000000c5000000|100%| O|  |TAMS 0x00000000c5000000, 0x00000000c4f00000| Untracked 
|  56|0x00000000c5000000, 0x00000000c5100000, 0x00000000c5100000|100%| O|  |TAMS 0x00000000c5100000, 0x00000000c5000000| Untracked 
|  57|0x00000000c5100000, 0x00000000c5200000, 0x00000000c5200000|100%| O|  |TAMS 0x00000000c5200000, 0x00000000c5100000| Untracked 
|  58|0x00000000c5200000, 0x00000000c5300000, 0x00000000c5300000|100%| O|  |TAMS 0x00000000c5300000, 0x00000000c5200000| Untracked 
|  59|0x00000000c5300000, 0x00000000c5400000, 0x00000000c5400000|100%| O|  |TAMS 0x00000000c5400000, 0x00000000c5300000| Untracked 
|  60|0x00000000c5400000, 0x00000000c5500000, 0x00000000c5500000|100%|HS|  |TAMS 0x00000000c5500000, 0x00000000c5400000| Complete 
|  61|0x00000000c5500000, 0x00000000c5600000, 0x00000000c5600000|100%|HC|  |TAMS 0x00000000c5600000, 0x00000000c5500000| Complete 
|  62|0x00000000c5600000, 0x00000000c5700000, 0x00000000c5700000|100%|HC|  |TAMS 0x00000000c5700000, 0x00000000c5600000| Complete 
|  63|0x00000000c5700000, 0x00000000c5800000, 0x00000000c5800000|100%|HC|  |TAMS 0x00000000c5800000, 0x00000000c5700000| Complete 
|  64|0x00000000c5800000, 0x00000000c5900000, 0x00000000c5900000|100%|HC|  |TAMS 0x00000000c5900000, 0x00000000c5800000| Complete 
|  65|0x00000000c5900000, 0x00000000c5a00000, 0x00000000c5a00000|100%|HC|  |TAMS 0x00000000c5a00000, 0x00000000c5900000| Complete 
|  66|0x00000000c5a00000, 0x00000000c5b00000, 0x00000000c5b00000|100%|HC|  |TAMS 0x00000000c5b00000, 0x00000000c5a00000| Complete 
|  67|0x00000000c5b00000, 0x00000000c5c00000, 0x00000000c5c00000|100%|HC|  |TAMS 0x00000000c5c00000, 0x00000000c5b00000| Complete 
|  68|0x00000000c5c00000, 0x00000000c5d00000, 0x00000000c5d00000|100%|HC|  |TAMS 0x00000000c5d00000, 0x00000000c5c00000| Complete 
|  69|0x00000000c5d00000, 0x00000000c5e00000, 0x00000000c5e00000|100%| O|  |TAMS 0x00000000c5e00000, 0x00000000c5d00000| Untracked 
|  70|0x00000000c5e00000, 0x00000000c5f00000, 0x00000000c5f00000|100%| O|  |TAMS 0x00000000c5f00000, 0x00000000c5e00000| Untracked 
|  71|0x00000000c5f00000, 0x00000000c6000000, 0x00000000c6000000|100%| O|  |TAMS 0x00000000c6000000, 0x00000000c5f00000| Untracked 
|  72|0x00000000c6000000, 0x00000000c6100000, 0x00000000c6100000|100%| O|  |TAMS 0x00000000c6100000, 0x00000000c6000000| Untracked 
|  73|0x00000000c6100000, 0x00000000c6200000, 0x00000000c6200000|100%| O|  |TAMS 0x00000000c6200000, 0x00000000c6100000| Untracked 
|  74|0x00000000c6200000, 0x00000000c6300000, 0x00000000c6300000|100%| O|  |TAMS 0x00000000c6300000, 0x00000000c6200000| Untracked 
|  75|0x00000000c6300000, 0x00000000c6400000, 0x00000000c6400000|100%| O|  |TAMS 0x00000000c63aca00, 0x00000000c6300000| Untracked 
|  76|0x00000000c6400000, 0x00000000c6500000, 0x00000000c6500000|100%| O|  |TAMS 0x00000000c6400000, 0x00000000c6400000| Untracked 
|  77|0x00000000c6500000, 0x00000000c6600000, 0x00000000c6600000|100%| O|  |TAMS 0x00000000c6500000, 0x00000000c6500000| Untracked 
|  78|0x00000000c6600000, 0x00000000c6700000, 0x00000000c6700000|100%| O|  |TAMS 0x00000000c6600000, 0x00000000c6600000| Untracked 
|  79|0x00000000c6700000, 0x00000000c67ec000, 0x00000000c6800000| 92%| O|  |TAMS 0x00000000c6700000, 0x00000000c6700000| Untracked 
|  80|0x00000000c6800000, 0x00000000c6900000, 0x00000000c6900000|100%|HS|  |TAMS 0x00000000c6800000, 0x00000000c6800000| Complete 
|  81|0x00000000c6900000, 0x00000000c6a00000, 0x00000000c6a00000|100%|HC|  |TAMS 0x00000000c6900000, 0x00000000c6900000| Complete 
|  82|0x00000000c6a00000, 0x00000000c6b00000, 0x00000000c6b00000|100%|HC|  |TAMS 0x00000000c6a00000, 0x00000000c6a00000| Complete 
|  83|0x00000000c6b00000, 0x00000000c6c00000, 0x00000000c6c00000|100%|HC|  |TAMS 0x00000000c6b00000, 0x00000000c6b00000| Complete 
|  84|0x00000000c6c00000, 0x00000000c6c00000, 0x00000000c6d00000|  0%| F|  |TAMS 0x00000000c6c00000, 0x00000000c6c00000| Untracked 
|  85|0x00000000c6d00000, 0x00000000c6d00000, 0x00000000c6e00000|  0%| F|  |TAMS 0x00000000c6d00000, 0x00000000c6d00000| Untracked 
|  86|0x00000000c6e00000, 0x00000000c6e00000, 0x00000000c6f00000|  0%| F|  |TAMS 0x00000000c6e00000, 0x00000000c6e00000| Untracked 
|  87|0x00000000c6f00000, 0x00000000c6f00000, 0x00000000c7000000|  0%| F|  |TAMS 0x00000000c6f00000, 0x00000000c6f00000| Untracked 
|  88|0x00000000c7000000, 0x00000000c7000000, 0x00000000c7100000|  0%| F|  |TAMS 0x00000000c7000000, 0x00000000c7000000| Untracked 
|  89|0x00000000c7100000, 0x00000000c7100000, 0x00000000c7200000|  0%| F|  |TAMS 0x00000000c7100000, 0x00000000c7100000| Untracked 
|  90|0x00000000c7200000, 0x00000000c7200000, 0x00000000c7300000|  0%| F|  |TAMS 0x00000000c7200000, 0x00000000c7200000| Untracked 
|  91|0x00000000c7300000, 0x00000000c7300000, 0x00000000c7400000|  0%| F|  |TAMS 0x00000000c7300000, 0x00000000c7300000| Untracked 
|  92|0x00000000c7400000, 0x00000000c7400000, 0x00000000c7500000|  0%| F|  |TAMS 0x00000000c7400000, 0x00000000c7400000| Untracked 
|  93|0x00000000c7500000, 0x00000000c7500000, 0x00000000c7600000|  0%| F|  |TAMS 0x00000000c7500000, 0x00000000c7500000| Untracked 
|  94|0x00000000c7600000, 0x00000000c7600000, 0x00000000c7700000|  0%| F|  |TAMS 0x00000000c7600000, 0x00000000c7600000| Untracked 
|  95|0x00000000c7700000, 0x00000000c7700000, 0x00000000c7800000|  0%| F|  |TAMS 0x00000000c7700000, 0x00000000c7700000| Untracked 
|  96|0x00000000c7800000, 0x00000000c7800000, 0x00000000c7900000|  0%| F|  |TAMS 0x00000000c7800000, 0x00000000c7800000| Untracked 
|  97|0x00000000c7900000, 0x00000000c7900000, 0x00000000c7a00000|  0%| F|  |TAMS 0x00000000c7900000, 0x00000000c7900000| Untracked 
|  98|0x00000000c7a00000, 0x00000000c7a00000, 0x00000000c7b00000|  0%| F|  |TAMS 0x00000000c7a00000, 0x00000000c7a00000| Untracked 
|  99|0x00000000c7b00000, 0x00000000c7b00000, 0x00000000c7c00000|  0%| F|  |TAMS 0x00000000c7b00000, 0x00000000c7b00000| Untracked 
| 100|0x00000000c7c00000, 0x00000000c7c00000, 0x00000000c7d00000|  0%| F|  |TAMS 0x00000000c7c00000, 0x00000000c7c00000| Untracked 
| 101|0x00000000c7d00000, 0x00000000c7d00000, 0x00000000c7e00000|  0%| F|  |TAMS 0x00000000c7d00000, 0x00000000c7d00000| Untracked 
| 102|0x00000000c7e00000, 0x00000000c7e00000, 0x00000000c7f00000|  0%| F|  |TAMS 0x00000000c7e00000, 0x00000000c7e00000| Untracked 
| 103|0x00000000c7f00000, 0x00000000c7f00000, 0x00000000c8000000|  0%| F|  |TAMS 0x00000000c7f00000, 0x00000000c7f00000| Untracked 
| 104|0x00000000c8000000, 0x00000000c8000000, 0x00000000c8100000|  0%| F|  |TAMS 0x00000000c8000000, 0x00000000c8000000| Untracked 
| 105|0x00000000c8100000, 0x00000000c8100000, 0x00000000c8200000|  0%| F|  |TAMS 0x00000000c8100000, 0x00000000c8100000| Untracked 
| 106|0x00000000c8200000, 0x00000000c8200000, 0x00000000c8300000|  0%| F|  |TAMS 0x00000000c8200000, 0x00000000c8200000| Untracked 
| 107|0x00000000c8300000, 0x00000000c8300000, 0x00000000c8400000|  0%| F|  |TAMS 0x00000000c8300000, 0x00000000c8300000| Untracked 
| 108|0x00000000c8400000, 0x00000000c8400000, 0x00000000c8500000|  0%| F|  |TAMS 0x00000000c8400000, 0x00000000c8400000| Untracked 
| 109|0x00000000c8500000, 0x00000000c8500000, 0x00000000c8600000|  0%| F|  |TAMS 0x00000000c8500000, 0x00000000c8500000| Untracked 
| 110|0x00000000c8600000, 0x00000000c8600000, 0x00000000c8700000|  0%| F|  |TAMS 0x00000000c8600000, 0x00000000c8600000| Untracked 
| 111|0x00000000c8700000, 0x00000000c8700000, 0x00000000c8800000|  0%| F|  |TAMS 0x00000000c8700000, 0x00000000c8700000| Untracked 
| 112|0x00000000c8800000, 0x00000000c8800000, 0x00000000c8900000|  0%| F|  |TAMS 0x00000000c8800000, 0x00000000c8800000| Untracked 
| 113|0x00000000c8900000, 0x00000000c8900000, 0x00000000c8a00000|  0%| F|  |TAMS 0x00000000c8900000, 0x00000000c8900000| Untracked 
| 114|0x00000000c8a00000, 0x00000000c8a00000, 0x00000000c8b00000|  0%| F|  |TAMS 0x00000000c8a00000, 0x00000000c8a00000| Untracked 
| 115|0x00000000c8b00000, 0x00000000c8b00000, 0x00000000c8c00000|  0%| F|  |TAMS 0x00000000c8b00000, 0x00000000c8b00000| Untracked 
| 116|0x00000000c8c00000, 0x00000000c8c00000, 0x00000000c8d00000|  0%| F|  |TAMS 0x00000000c8c00000, 0x00000000c8c00000| Untracked 
| 117|0x00000000c8d00000, 0x00000000c8d00000, 0x00000000c8e00000|  0%| F|  |TAMS 0x00000000c8d00000, 0x00000000c8d00000| Untracked 
| 118|0x00000000c8e00000, 0x00000000c8e00000, 0x00000000c8f00000|  0%| F|  |TAMS 0x00000000c8e00000, 0x00000000c8e00000| Untracked 
| 119|0x00000000c8f00000, 0x00000000c8f00000, 0x00000000c9000000|  0%| F|  |TAMS 0x00000000c8f00000, 0x00000000c8f00000| Untracked 
| 120|0x00000000c9000000, 0x00000000c9000000, 0x00000000c9100000|  0%| F|  |TAMS 0x00000000c9000000, 0x00000000c9000000| Untracked 
| 121|0x00000000c9100000, 0x00000000c9100000, 0x00000000c9200000|  0%| F|  |TAMS 0x00000000c9100000, 0x00000000c9100000| Untracked 
| 122|0x00000000c9200000, 0x00000000c9200000, 0x00000000c9300000|  0%| F|  |TAMS 0x00000000c9200000, 0x00000000c9200000| Untracked 
| 123|0x00000000c9300000, 0x00000000c93fece0, 0x00000000c9400000| 99%| S|CS|TAMS 0x00000000c9300000, 0x00000000c9300000| Complete 
| 124|0x00000000c9400000, 0x00000000c9500000, 0x00000000c9500000|100%| S|CS|TAMS 0x00000000c9400000, 0x00000000c9400000| Complete 
| 125|0x00000000c9500000, 0x00000000c9600000, 0x00000000c9600000|100%| S|CS|TAMS 0x00000000c9500000, 0x00000000c9500000| Complete 
| 126|0x00000000c9600000, 0x00000000c9700000, 0x00000000c9700000|100%| S|CS|TAMS 0x00000000c9600000, 0x00000000c9600000| Complete 
| 127|0x00000000c9700000, 0x00000000c9700000, 0x00000000c9800000|  0%| F|  |TAMS 0x00000000c9700000, 0x00000000c9700000| Untracked 
| 128|0x00000000c9800000, 0x00000000c9800000, 0x00000000c9900000|  0%| F|  |TAMS 0x00000000c9800000, 0x00000000c9800000| Untracked 
| 129|0x00000000c9900000, 0x00000000c9900000, 0x00000000c9a00000|  0%| F|  |TAMS 0x00000000c9900000, 0x00000000c9900000| Untracked 
| 130|0x00000000c9a00000, 0x00000000c9a00000, 0x00000000c9b00000|  0%| F|  |TAMS 0x00000000c9a00000, 0x00000000c9a00000| Untracked 
| 131|0x00000000c9b00000, 0x00000000c9b00000, 0x00000000c9c00000|  0%| F|  |TAMS 0x00000000c9b00000, 0x00000000c9b00000| Untracked 
| 132|0x00000000c9c00000, 0x00000000c9c00000, 0x00000000c9d00000|  0%| F|  |TAMS 0x00000000c9c00000, 0x00000000c9c00000| Untracked 
| 133|0x00000000c9d00000, 0x00000000c9d00000, 0x00000000c9e00000|  0%| F|  |TAMS 0x00000000c9d00000, 0x00000000c9d00000| Untracked 
| 134|0x00000000c9e00000, 0x00000000c9e00000, 0x00000000c9f00000|  0%| F|  |TAMS 0x00000000c9e00000, 0x00000000c9e00000| Untracked 
| 135|0x00000000c9f00000, 0x00000000c9f00000, 0x00000000ca000000|  0%| F|  |TAMS 0x00000000c9f00000, 0x00000000c9f00000| Untracked 
| 136|0x00000000ca000000, 0x00000000ca000000, 0x00000000ca100000|  0%| F|  |TAMS 0x00000000ca000000, 0x00000000ca000000| Untracked 
| 137|0x00000000ca100000, 0x00000000ca100000, 0x00000000ca200000|  0%| F|  |TAMS 0x00000000ca100000, 0x00000000ca100000| Untracked 
| 138|0x00000000ca200000, 0x00000000ca300000, 0x00000000ca300000|100%| E|CS|TAMS 0x00000000ca200000, 0x00000000ca200000| Complete 
| 139|0x00000000ca300000, 0x00000000ca300000, 0x00000000ca400000|  0%| F|  |TAMS 0x00000000ca300000, 0x00000000ca300000| Untracked 
| 140|0x00000000ca400000, 0x00000000ca427798, 0x00000000ca500000| 15%| E|  |TAMS 0x00000000ca400000, 0x00000000ca400000| Complete 
| 141|0x00000000ca500000, 0x00000000ca600000, 0x00000000ca600000|100%| E|CS|TAMS 0x00000000ca500000, 0x00000000ca500000| Complete 
| 142|0x00000000ca600000, 0x00000000ca700000, 0x00000000ca700000|100%| E|  |TAMS 0x00000000ca600000, 0x00000000ca600000| Complete 
| 143|0x00000000ca700000, 0x00000000ca800000, 0x00000000ca800000|100%| E|CS|TAMS 0x00000000ca700000, 0x00000000ca700000| Complete 
| 144|0x00000000ca800000, 0x00000000ca900000, 0x00000000ca900000|100%| E|CS|TAMS 0x00000000ca800000, 0x00000000ca800000| Complete 
| 145|0x00000000ca900000, 0x00000000caa00000, 0x00000000caa00000|100%| E|CS|TAMS 0x00000000ca900000, 0x00000000ca900000| Complete 
| 146|0x00000000caa00000, 0x00000000cab00000, 0x00000000cab00000|100%| E|CS|TAMS 0x00000000caa00000, 0x00000000caa00000| Complete 
| 147|0x00000000cab00000, 0x00000000cac00000, 0x00000000cac00000|100%| E|CS|TAMS 0x00000000cab00000, 0x00000000cab00000| Complete 
| 148|0x00000000cac00000, 0x00000000cad00000, 0x00000000cad00000|100%| E|CS|TAMS 0x00000000cac00000, 0x00000000cac00000| Complete 

Card table byte_map: [0x000001cb2daf0000,0x000001cb2dcf0000] _byte_map_base: 0x000001cb2d4e4000

Marking Bits (Prev, Next): (CMBitMap*) 0x000001cb1491e980, (CMBitMap*) 0x000001cb1491e940
 Prev Bits: [0x000001cb2ee90000, 0x000001cb2fe30000)
 Next Bits: [0x000001cb2def0000, 0x000001cb2ee90000)

Polling page: 0x000001cb14730000

Metaspace:

Usage:
  Non-class:     37.94 MB capacity,    37.71 MB (>99%) used,   180.81 KB ( <1%) free+waste,    48.31 KB ( <1%) overhead. 
      Class:      5.97 MB capacity,     5.86 MB ( 98%) used,    95.02 KB (  2%) free+waste,    18.06 KB ( <1%) overhead. 
       Both:     43.90 MB capacity,    43.57 MB (>99%) used,   275.84 KB ( <1%) free+waste,    66.38 KB ( <1%) overhead. 

Virtual space:
  Non-class space:       40.00 MB reserved,      38.42 MB ( 96%) committed 
      Class space:        1.00 GB reserved,       6.00 MB ( <1%) committed 
             Both:        1.04 GB reserved,      44.42 MB (  4%) committed 

Chunk freelists:
   Non-Class:  303.00 KB
       Class:  3.00 KB
        Both:  306.00 KB

MaxMetaspaceSize: 17179869184.00 GB
CompressedClassSpaceSize: 1.00 GB

CodeHeap 'non-profiled nmethods': size=120000Kb used=3536Kb max_used=3536Kb free=116464Kb
 bounds [0x000001cb25da0000, 0x000001cb26120000, 0x000001cb2d2d0000]
CodeHeap 'profiled nmethods': size=120000Kb used=10617Kb max_used=11029Kb free=109382Kb
 bounds [0x000001cb1e870000, 0x000001cb1f340000, 0x000001cb25da0000]
CodeHeap 'non-nmethods': size=5760Kb used=1503Kb max_used=1544Kb free=4256Kb
 bounds [0x000001cb1e2d0000, 0x000001cb1e540000, 0x000001cb1e870000]
 total_blobs=5948 nmethods=5093 adapters=763
 compilation: enabled
              stopped_count=0, restarted_count=0
 full_count=0

Compilation events (20 events):
Event: 63.131 Thread 0x000001cb323e4a80 5895       3       jdk.internal.org.objectweb.asm.Type::getClassName (172 bytes)
Event: 63.133 Thread 0x000001cb323e4a80 nmethod 5895 0x000001cb1ec58a90 code [0x000001cb1ec58de0, 0x000001cb1ec5a168]
Event: 63.133 Thread 0x000001cb323e4a80 5896       3       java.lang.invoke.MethodHandles$Lookup$ClassDefiner::defineClassAsLookup (19 bytes)
Event: 63.133 Thread 0x000001cb323e4a80 nmethod 5896 0x000001cb1ec8c310 code [0x000001cb1ec8c4c0, 0x000001cb1ec8c6b8]
Event: 63.134 Thread 0x000001cb323dcdb0 nmethod 5855% 0x000001cb26104490 code [0x000001cb26104760, 0x000001cb26107458]
Event: 63.134 Thread 0x000001cb323dcdb0 5885       4       java.lang.StringLatin1::canEncode (13 bytes)
Event: 63.134 Thread 0x000001cb323dcdb0 nmethod 5885 0x000001cb26108d90 code [0x000001cb26108f00, 0x000001cb26108f58]
Event: 63.134 Thread 0x000001cb323dcdb0 5854       4       java.util.concurrent.locks.ReentrantLock::unlock (10 bytes)
Event: 63.138 Thread 0x000001cb323dcdb0 nmethod 5854 0x000001cb26109090 code [0x000001cb26109220, 0x000001cb261093c8]
Event: 63.138 Thread 0x000001cb323dcdb0 5851       4       javax.swing.KeyboardManager$ComponentKeyStrokePair::hashCode (16 bytes)
Event: 63.141 Thread 0x000001cb323dcdb0 nmethod 5851 0x000001cb26109590 code [0x000001cb26109720, 0x000001cb26109888]
Event: 63.160 Thread 0x000001cb323dcdb0 5897       4       jdk.internal.loader.URLClassPath$JarLoader$2::getCodeSourceURL (8 bytes)
Event: 63.161 Thread 0x000001cb323dcdb0 nmethod 5897 0x000001cb26109a10 code [0x000001cb26109b80, 0x000001cb26109bf8]
Event: 63.167 Thread 0x000001cb323dcdb0 5898       4       java.util.ImmutableCollections$ListN::size (6 bytes)
Event: 63.167 Thread 0x000001cb323dcdb0 nmethod 5898 0x000001cb26109d10 code [0x000001cb26109e80, 0x000001cb26109ef8]
Event: 63.190 Thread 0x000001cb323e4a80 5900   !   3       java.util.logging.LogManager::ensureLogManagerInitialized (144 bytes)
Event: 63.191 Thread 0x000001cb323e4a80 nmethod 5900 0x000001cb1ea5aa10 code [0x000001cb1ea5ace0, 0x000001cb1ea5beb8]
Event: 63.205 Thread 0x000001cb323e4a80 5901       3       java.io.File::getCanonicalPath (31 bytes)
Event: 63.206 Thread 0x000001cb323e4a80 nmethod 5901 0x000001cb1ec8bd90 code [0x000001cb1ec8bf60, 0x000001cb1ec8c218]
Event: 63.267 Thread 0x000001cb347a88c0 nmethod 5846 0x000001cb2610a310 code [0x000001cb2610a840, 0x000001cb26111458]

GC Heap History (20 events):
Event: 20.073 GC heap before
{Heap before GC invocations=10 (full 0):
 garbage-first heap   total 78848K, used 56848K [0x00000000c1800000, 0x0000000100000000)
  region size 1024K, 21 young (21504K), 3 survivors (3072K)
 Metaspace       used 32978K, capacity 33245K, committed 33840K, reserved 1079296K
  class space    used 4025K, capacity 4107K, committed 4224K, reserved 1048576K
}
Event: 20.081 GC heap after
{Heap after GC invocations=11 (full 0):
 garbage-first heap   total 78848K, used 43409K [0x00000000c1800000, 0x0000000100000000)
  region size 1024K, 3 young (3072K), 3 survivors (3072K)
 Metaspace       used 32978K, capacity 33245K, committed 33840K, reserved 1079296K
  class space    used 4025K, capacity 4107K, committed 4224K, reserved 1048576K
}
Event: 22.512 GC heap before
{Heap before GC invocations=12 (full 0):
 garbage-first heap   total 78848K, used 58769K [0x00000000c1800000, 0x0000000100000000)
  region size 1024K, 18 young (18432K), 3 survivors (3072K)
 Metaspace       used 34661K, capacity 34910K, committed 35504K, reserved 1081344K
  class space    used 4419K, capacity 4491K, committed 4608K, reserved 1048576K
}
Event: 22.520 GC heap after
{Heap after GC invocations=13 (full 0):
 garbage-first heap   total 78848K, used 46560K [0x00000000c1800000, 0x0000000100000000)
  region size 1024K, 3 young (3072K), 3 survivors (3072K)
 Metaspace       used 34661K, capacity 34910K, committed 35504K, reserved 1081344K
  class space    used 4419K, capacity 4491K, committed 4608K, reserved 1048576K
}
Event: 23.889 GC heap before
{Heap before GC invocations=13 (full 0):
 garbage-first heap   total 78848K, used 60896K [0x00000000c1800000, 0x0000000100000000)
  region size 1024K, 17 young (17408K), 3 survivors (3072K)
 Metaspace       used 36914K, capacity 37199K, committed 37680K, reserved 1081344K
  class space    used 4805K, capacity 4912K, committed 4992K, reserved 1048576K
}
Event: 23.897 GC heap after
{Heap after GC invocations=14 (full 0):
 garbage-first heap   total 78848K, used 49525K [0x00000000c1800000, 0x0000000100000000)
  region size 1024K, 3 young (3072K), 3 survivors (3072K)
 Metaspace       used 36914K, capacity 37199K, committed 37680K, reserved 1081344K
  class space    used 4805K, capacity 4912K, committed 4992K, reserved 1048576K
}
Event: 24.719 GC heap before
{Heap before GC invocations=15 (full 0):
 garbage-first heap   total 86016K, used 59765K [0x00000000c1800000, 0x0000000100000000)
  region size 1024K, 14 young (14336K), 3 survivors (3072K)
 Metaspace       used 39589K, capacity 39915K, committed 40240K, reserved 1085440K
  class space    used 5156K, capacity 5240K, committed 5248K, reserved 1048576K
}
Event: 24.726 GC heap after
{Heap after GC invocations=16 (full 0):
 garbage-first heap   total 86016K, used 51761K [0x00000000c1800000, 0x0000000100000000)
  region size 1024K, 2 young (2048K), 2 survivors (2048K)
 Metaspace       used 39589K, capacity 39915K, committed 40240K, reserved 1085440K
  class space    used 5156K, capacity 5240K, committed 5248K, reserved 1048576K
}
Event: 25.395 GC heap before
{Heap before GC invocations=16 (full 0):
 garbage-first heap   total 86016K, used 67121K [0x00000000c1800000, 0x0000000100000000)
  region size 1024K, 17 young (17408K), 2 survivors (2048K)
 Metaspace       used 40247K, capacity 40558K, committed 40880K, reserved 1085440K
  class space    used 5252K, capacity 5369K, committed 5376K, reserved 1048576K
}
Event: 25.400 GC heap after
{Heap after GC invocations=17 (full 0):
 garbage-first heap   total 86016K, used 56198K [0x00000000c1800000, 0x0000000100000000)
  region size 1024K, 3 young (3072K), 3 survivors (3072K)
 Metaspace       used 40247K, capacity 40558K, committed 40880K, reserved 1085440K
  class space    used 5252K, capacity 5369K, committed 5376K, reserved 1048576K
}
Event: 26.089 GC heap before
{Heap before GC invocations=18 (full 0):
 garbage-first heap   total 97280K, used 68486K [0x00000000c1800000, 0x0000000100000000)
  region size 1024K, 15 young (15360K), 3 survivors (3072K)
 Metaspace       used 40718K, capacity 41070K, committed 41520K, reserved 1085440K
  class space    used 5382K, capacity 5497K, committed 5504K, reserved 1048576K
}
Event: 26.094 GC heap after
{Heap after GC invocations=19 (full 0):
 garbage-first heap   total 97280K, used 60842K [0x00000000c1800000, 0x0000000100000000)
  region size 1024K, 2 young (2048K), 2 survivors (2048K)
 Metaspace       used 40718K, capacity 41070K, committed 41520K, reserved 1085440K
  class space    used 5382K, capacity 5497K, committed 5504K, reserved 1048576K
}
Event: 26.383 GC heap before
{Heap before GC invocations=19 (full 0):
 garbage-first heap   total 97280K, used 64938K [0x00000000c1800000, 0x0000000100000000)
  region size 1024K, 7 young (7168K), 2 survivors (2048K)
 Metaspace       used 40890K, capacity 41166K, committed 41648K, reserved 1085440K
  class space    used 5432K, capacity 5529K, committed 5632K, reserved 1048576K
}
Event: 26.388 GC heap after
{Heap after GC invocations=20 (full 0):
 garbage-first heap   total 97280K, used 62726K [0x00000000c1800000, 0x0000000100000000)
  region size 1024K, 2 young (2048K), 2 survivors (2048K)
 Metaspace       used 40890K, capacity 41166K, committed 41648K, reserved 1085440K
  class space    used 5432K, capacity 5529K, committed 5632K, reserved 1048576K
}
Event: 26.642 GC heap before
{Heap before GC invocations=21 (full 0):
 garbage-first heap   total 138240K, used 83206K [0x00000000c1800000, 0x0000000100000000)
  region size 1024K, 14 young (14336K), 2 survivors (2048K)
 Metaspace       used 41027K, capacity 41326K, committed 41904K, reserved 1085440K
  class space    used 5467K, capacity 5561K, committed 5632K, reserved 1048576K
}
Event: 26.647 GC heap after
{Heap after GC invocations=22 (full 0):
 garbage-first heap   total 138240K, used 72736K [0x00000000c1800000, 0x0000000100000000)
  region size 1024K, 1 young (1024K), 1 survivors (1024K)
 Metaspace       used 41027K, capacity 41326K, committed 41904K, reserved 1085440K
  class space    used 5467K, capacity 5561K, committed 5632K, reserved 1048576K
}
Event: 27.592 GC heap before
{Heap before GC invocations=22 (full 0):
 garbage-first heap   total 138240K, used 103456K [0x00000000c1800000, 0x0000000100000000)
  region size 1024K, 31 young (31744K), 1 survivors (1024K)
 Metaspace       used 41820K, capacity 42127K, committed 42672K, reserved 1085440K
  class space    used 5671K, capacity 5785K, committed 5888K, reserved 1048576K
}
Event: 27.599 GC heap after
{Heap after GC invocations=23 (full 0):
 garbage-first heap   total 138240K, used 81586K [0x00000000c1800000, 0x0000000100000000)
  region size 1024K, 4 young (4096K), 4 survivors (4096K)
 Metaspace       used 41820K, capacity 42127K, committed 42672K, reserved 1085440K
  class space    used 5671K, capacity 5785K, committed 5888K, reserved 1048576K
}
Event: 28.170 GC heap before
{Heap before GC invocations=24 (full 0):
 garbage-first heap   total 142336K, used 91826K [0x00000000c1800000, 0x0000000100000000)
  region size 1024K, 16 young (16384K), 4 survivors (4096K)
 Metaspace       used 42828K, capacity 43087K, committed 43440K, reserved 1087488K
  class space    used 5777K, capacity 5849K, committed 5888K, reserved 1048576K
}
Event: 28.175 GC heap after
{Heap after GC invocations=25 (full 0):
 garbage-first heap   total 142336K, used 85931K [0x00000000c1800000, 0x0000000100000000)
  region size 1024K, 4 young (4096K), 4 survivors (4096K)
 Metaspace       used 42828K, capacity 43087K, committed 43440K, reserved 1087488K
  class space    used 5777K, capacity 5849K, committed 5888K, reserved 1048576K
}

Deoptimization events (20 events):
Event: 63.047 Thread 0x000001cb3406e070 DEOPT PACKING pc=0x000001cb26025a18 sp=0x000000aaf9bfd8a0
Event: 63.047 Thread 0x000001cb3406e070 DEOPT UNPACKING pc=0x000001cb1e31e42f sp=0x000000aaf9bfd838 mode 2
Event: 63.047 Thread 0x000001cb3406e070 Uncommon trap: trap_request=0xffffff45 fr.pc=0x000001cb25fc0e00 relative=0x0000000000000ae0
Event: 63.047 Thread 0x000001cb3406e070 Uncommon trap: reason=unstable_if action=reinterpret pc=0x000001cb25fc0e00 method=javax.swing.plaf.basic.BasicLabelUI.getPreferredSize(Ljavax/swing/JComponent;)Ljava/awt/Dimension; @ 71 c2
Event: 63.047 Thread 0x000001cb3406e070 DEOPT PACKING pc=0x000001cb25fc0e00 sp=0x000000aaf9bfd750
Event: 63.047 Thread 0x000001cb3406e070 DEOPT UNPACKING pc=0x000001cb1e31e42f sp=0x000000aaf9bfd6f0 mode 2
Event: 63.093 Thread 0x000001cb3406e070 Uncommon trap: trap_request=0xffffffc6 fr.pc=0x000001cb25f611e4 relative=0x0000000000000104
Event: 63.093 Thread 0x000001cb3406e070 Uncommon trap: reason=bimorphic_or_optimized_type_check action=maybe_recompile pc=0x000001cb25f611e4 method=java.awt.Component.getBackground()Ljava/awt/Color; @ 21 c2
Event: 63.093 Thread 0x000001cb3406e070 DEOPT PACKING pc=0x000001cb25f611e4 sp=0x000000aaf9bfd410
Event: 63.093 Thread 0x000001cb3406e070 DEOPT UNPACKING pc=0x000001cb1e31e42f sp=0x000000aaf9bfd390 mode 2
Event: 63.093 Thread 0x000001cb3406e070 Uncommon trap: trap_request=0xffffffc6 fr.pc=0x000001cb25f611e4 relative=0x0000000000000104
Event: 63.093 Thread 0x000001cb3406e070 Uncommon trap: reason=bimorphic_or_optimized_type_check action=maybe_recompile pc=0x000001cb25f611e4 method=java.awt.Component.getBackground()Ljava/awt/Color; @ 21 c2
Event: 63.093 Thread 0x000001cb3406e070 DEOPT PACKING pc=0x000001cb25f611e4 sp=0x000000aaf9bfce50
Event: 63.093 Thread 0x000001cb3406e070 DEOPT UNPACKING pc=0x000001cb1e31e42f sp=0x000000aaf9bfcdd0 mode 2
Event: 63.106 Thread 0x000001cb3406e070 DEOPT PACKING pc=0x000001cb1ebde6fc sp=0x000000aaf9bfc800
Event: 63.106 Thread 0x000001cb3406e070 DEOPT UNPACKING pc=0x000001cb1e31e23f sp=0x000000aaf9bfbc20 mode 0
Event: 63.111 Thread 0x000001cb3406e070 Uncommon trap: trap_request=0xffffffde fr.pc=0x000001cb260085c8 relative=0x0000000000000fa8
Event: 63.111 Thread 0x000001cb3406e070 Uncommon trap: reason=class_check action=maybe_recompile pc=0x000001cb260085c8 method=javax.swing.RepaintManager.addDirtyRegion0(Ljava/awt/Container;IIII)V @ 91 c2
Event: 63.111 Thread 0x000001cb3406e070 DEOPT PACKING pc=0x000001cb260085c8 sp=0x000000aaf9bfd020
Event: 63.111 Thread 0x000001cb3406e070 DEOPT UNPACKING pc=0x000001cb1e31e42f sp=0x000000aaf9bfcf48 mode 2

Classes unloaded (0 events):
No events

Classes redefined (0 events):
No events

Internal exceptions (20 events):
Event: 24.922 Thread 0x000001cb343989c0 Implicit null exception at 0x000001cb26060ce8 to 0x000001cb26061acc
Event: 25.020 Thread 0x000001cb343989c0 Implicit null exception at 0x000001cb26063c8a to 0x000001cb260649fc
Event: 25.748 Thread 0x000001cb343989c0 Implicit null exception at 0x000001cb26081111 to 0x000001cb26085418
Event: 25.753 Thread 0x000001cb343989c0 Implicit null exception at 0x000001cb26081111 to 0x000001cb26085418
Event: 25.760 Thread 0x000001cb343989c0 Implicit null exception at 0x000001cb26081111 to 0x000001cb26085418
Event: 25.765 Thread 0x000001cb343989c0 Implicit null exception at 0x000001cb26081111 to 0x000001cb26085418
Event: 28.077 Thread 0x000001cb3406e070 Implicit null exception at 0x000001cb2606376a to 0x000001cb260646da
Event: 28.078 Thread 0x000001cb3406e070 Implicit null exception at 0x000001cb25df628f to 0x000001cb25df7018
Event: 28.081 Thread 0x000001cb3406e070 Implicit null exception at 0x000001cb2607fb1d to 0x000001cb2608062c
Event: 28.081 Thread 0x000001cb3406e070 Implicit null exception at 0x000001cb26044e77 to 0x000001cb26045460
Event: 28.104 Thread 0x000001cb3406e070 Implicit null exception at 0x000001cb25efb52e to 0x000001cb25efbd58
Event: 62.910 Thread 0x000001cb3406e070 Implicit null exception at 0x000001cb25e74cef to 0x000001cb25e75dfc
Event: 63.035 Thread 0x000001cb3406e070 Implicit null exception at 0x000001cb25e6bac9 to 0x000001cb25e6c497
Event: 63.035 Thread 0x000001cb3406e070 Implicit null exception at 0x000001cb25f3573f to 0x000001cb25f37158
Event: 63.040 Thread 0x000001cb3406e070 Implicit null exception at 0x000001cb25f3b7ac to 0x000001cb25f3b838
Event: 63.067 Thread 0x000001cb3406e070 Exception <a 'java/lang/NoSuchMethodError'{0x00000000ca8c2090}: 'int java.lang.invoke.DirectMethodHandle$Holder.invokeStatic(java.lang.Object)'> (0x00000000ca8c2090) 
thrown [./open/src/hotspot/share/interpreter/linkResolver.cpp, line 782]
Event: 63.102 Thread 0x000001cb34398020 Exception <a 'java/lang/NullPointerException'{0x00000000ca7665d0}> (0x00000000ca7665d0) 
thrown [./open/src/hotspot/share/interpreter/linkResolver.cpp, line 1374]
Event: 63.120 Thread 0x000001cb34398020 Exception <a 'java/lang/NoSuchMethodError'{0x00000000ca7af558}: 'void java.lang.invoke.DirectMethodHandle$Holder.invokeSpecial(java.lang.Object, java.lang.Object, java.lang.Object, java.lang.Object, java.lang.Object)'> (0x00000000ca7af558) 
thrown [./open/src/hotspot/share/interpreter/linkResolver.cpp, line 782]
Event: 63.171 Thread 0x000001cb34398020 Exception <a 'java/lang/NoSuchMethodError'{0x00000000ca6a6290}: 'int java.lang.invoke.DirectMethodHandle$Holder.invokeSpecial(java.lang.Object, java.lang.Object, java.lang.Object, java.lang.Object)'> (0x00000000ca6a6290) 
thrown [./open/src/hotspot/share/interpreter/linkResolver.cpp, line 782]
Event: 63.281 Thread 0x000001cb34398020 Exception <a 'java/lang/NoSuchMethodError'{0x00000000ca425680}: fwkIsMainThread> (0x00000000ca425680) 
thrown [./open/src/hotspot/share/prims/jni.cpp, line 1171]

Events (20 events):
Event: 63.112 loading class java/util/WeakHashMap$KeyIterator
Event: 63.113 loading class java/util/WeakHashMap$HashIterator
Event: 63.113 loading class java/util/WeakHashMap$HashIterator done
Event: 63.113 loading class java/util/WeakHashMap$KeyIterator done
Event: 63.114 Executing VM operation: HandshakeAllThreads done
Event: 63.192 loading class java/util/concurrent/Executors$DelegatedScheduledExecutorService
Event: 63.192 loading class java/util/concurrent/ScheduledExecutorService
Event: 63.192 loading class java/util/concurrent/ScheduledExecutorService done
Event: 63.192 loading class java/util/concurrent/Executors$DelegatedScheduledExecutorService done
Event: 63.192 loading class java/util/concurrent/ScheduledThreadPoolExecutor
Event: 63.193 loading class java/util/concurrent/ScheduledThreadPoolExecutor done
Event: 63.193 loading class java/util/concurrent/ScheduledThreadPoolExecutor$DelayedWorkQueue
Event: 63.193 loading class java/util/concurrent/ScheduledThreadPoolExecutor$DelayedWorkQueue done
Event: 63.193 loading class java/util/concurrent/RunnableScheduledFuture
Event: 63.193 loading class java/util/concurrent/ScheduledFuture
Event: 63.193 loading class java/util/concurrent/ScheduledFuture done
Event: 63.193 loading class java/util/concurrent/RunnableScheduledFuture done
Event: 63.199 loading class java/net/CookieHandler
Event: 63.200 loading class java/net/CookieHandler done
Event: 63.221 Loaded shared library C:\Program Files\BellSoft\LibericaJDK-13-Full\bin\jfxwebkit.dll


Dynamic libraries:
0x00007ff713d50000 - 0x00007ff713d5f000 	C:\Program Files\Java\jdk-15.0.2\bin\java.exe
0x00007ffe61630000 - 0x00007ffe61828000 	C:\WINDOWS\SYSTEM32\ntdll.dll
0x00007ffe5fd30000 - 0x00007ffe5fdef000 	C:\WINDOWS\System32\KERNEL32.DLL
0x00007ffe5ee60000 - 0x00007ffe5f13a000 	C:\WINDOWS\System32\KERNELBASE.dll
0x00007ffe5f2d0000 - 0x00007ffe5f3d0000 	C:\WINDOWS\System32\ucrtbase.dll
0x00007ffe5a7e0000 - 0x00007ffe5a7f9000 	C:\Program Files\Java\jdk-15.0.2\bin\VCRUNTIME140.dll
0x00007ffe503a0000 - 0x00007ffe503b8000 	C:\Program Files\Java\jdk-15.0.2\bin\jli.dll
0x00007ffe611a0000 - 0x00007ffe6124e000 	C:\WINDOWS\System32\ADVAPI32.dll
0x00007ffe5ff30000 - 0x00007ffe5ffce000 	C:\WINDOWS\System32\msvcrt.dll
0x00007ffe60d50000 - 0x00007ffe60dec000 	C:\WINDOWS\System32\sechost.dll
0x00007ffe603b0000 - 0x00007ffe604d6000 	C:\WINDOWS\System32\RPCRT4.dll
0x00007ffe60df0000 - 0x00007ffe60f8d000 	C:\WINDOWS\System32\USER32.dll
0x00007ffe5ede0000 - 0x00007ffe5ee02000 	C:\WINDOWS\System32\win32u.dll
0x00007ffe60c70000 - 0x00007ffe60c9b000 	C:\WINDOWS\System32\GDI32.dll
0x00007ffe5f440000 - 0x00007ffe5f550000 	C:\WINDOWS\System32\gdi32full.dll
0x00007ffe5ed40000 - 0x00007ffe5eddd000 	C:\WINDOWS\System32\msvcp_win.dll
0x00007ffe4e3b0000 - 0x00007ffe4e64a000 	C:\WINDOWS\WinSxS\amd64_microsoft.windows.common-controls_6595b64144ccf1df_6.0.19041.1110_none_60b5254171f9507e\COMCTL32.dll
0x00007ffe52bc0000 - 0x00007ffe52bca000 	C:\WINDOWS\SYSTEM32\VERSION.dll
0x00007ffe604e0000 - 0x00007ffe60510000 	C:\WINDOWS\System32\IMM32.DLL
0x00007ffe5a2a0000 - 0x00007ffe5a2ac000 	C:\Program Files\Java\jdk-15.0.2\bin\vcruntime140_1.dll
0x00007ffe47590000 - 0x00007ffe47621000 	C:\Program Files\Java\jdk-15.0.2\bin\msvcp140.dll
0x00007ffe3bb20000 - 0x00007ffe3c67e000 	C:\Program Files\Java\jdk-15.0.2\bin\server\jvm.dll
0x00007ffe5fec0000 - 0x00007ffe5fec8000 	C:\WINDOWS\System32\PSAPI.DLL
0x00007ffe580c0000 - 0x00007ffe580c9000 	C:\WINDOWS\SYSTEM32\WSOCK32.dll
0x00007ffe61460000 - 0x00007ffe614cb000 	C:\WINDOWS\System32\WS2_32.dll
0x00007ffe4a880000 - 0x00007ffe4a8a7000 	C:\WINDOWS\SYSTEM32\WINMM.dll
0x00007ffe5cc20000 - 0x00007ffe5cc32000 	C:\WINDOWS\SYSTEM32\kernel.appcore.dll
0x00007ffe575c0000 - 0x00007ffe575ca000 	C:\Program Files\Java\jdk-15.0.2\bin\jimage.dll
0x00007ffe4d820000 - 0x00007ffe4da04000 	C:\WINDOWS\SYSTEM32\DBGHELP.DLL
0x00007ffe4d7a0000 - 0x00007ffe4d7d4000 	C:\WINDOWS\SYSTEM32\dbgcore.DLL
0x00007ffe5f600000 - 0x00007ffe5f682000 	C:\WINDOWS\System32\bcryptPrimitives.dll
0x00007ffe4fa10000 - 0x00007ffe4fa35000 	C:\Program Files\Java\jdk-15.0.2\bin\java.dll
0x00007ffe60520000 - 0x00007ffe60c64000 	C:\WINDOWS\System32\SHELL32.dll
0x00007ffe5ce20000 - 0x00007ffe5d5b3000 	C:\WINDOWS\SYSTEM32\windows.storage.dll
0x00007ffe5ffd0000 - 0x00007ffe60324000 	C:\WINDOWS\System32\combase.dll
0x00007ffe5e6c0000 - 0x00007ffe5e6ee000 	C:\WINDOWS\SYSTEM32\Wldp.dll
0x00007ffe5fc50000 - 0x00007ffe5fcfd000 	C:\WINDOWS\System32\SHCORE.dll
0x00007ffe5fb00000 - 0x00007ffe5fb55000 	C:\WINDOWS\System32\shlwapi.dll
0x00007ffe5ec80000 - 0x00007ffe5ec9f000 	C:\WINDOWS\SYSTEM32\profapi.dll
0x00007ffe529f0000 - 0x00007ffe52a09000 	C:\Program Files\Java\jdk-15.0.2\bin\net.dll
0x00007ffe53af0000 - 0x00007ffe53bfa000 	C:\WINDOWS\SYSTEM32\WINHTTP.dll
0x00007ffe5e420000 - 0x00007ffe5e48a000 	C:\WINDOWS\system32\mswsock.dll
0x00007ffe50670000 - 0x00007ffe50682000 	C:\Program Files\Java\jdk-15.0.2\bin\nio.dll
0x00007ffe50310000 - 0x00007ffe50328000 	C:\Program Files\Java\jdk-15.0.2\bin\zip.dll
0x00007ffe3b9a0000 - 0x00007ffe3bb20000 	C:\Program Files\Java\jdk-15.0.2\bin\awt.dll
0x00007ffe5fdf0000 - 0x00007ffe5febd000 	C:\WINDOWS\System32\OLEAUT32.dll
0x00007ffe5c490000 - 0x00007ffe5c520000 	C:\WINDOWS\SYSTEM32\apphelp.dll
0x00007ffe5c750000 - 0x00007ffe5c7ee000 	C:\WINDOWS\system32\uxtheme.dll
0x00007ffe43380000 - 0x00007ffe433ae000 	C:\Program Files\uvnc bvba\UltraVNC\schook64.dll
0x00007ffe614d0000 - 0x00007ffe615e4000 	C:\WINDOWS\System32\MSCTF.dll
0x00007ffe60f90000 - 0x00007ffe610ba000 	C:\WINDOWS\System32\ole32.dll
0x00007ffe5ca40000 - 0x00007ffe5ca6f000 	C:\WINDOWS\system32\DWMAPI.DLL
0x00007ffe2fbb0000 - 0x00007ffe2fc60000 	C:\WINDOWS\WinSxS\amd64_microsoft.windows.common-controls_6595b64144ccf1df_5.82.19041.1110_none_792d1c772443f647\comctl32.dll
0x00007ffe47500000 - 0x00007ffe47585000 	C:\Program Files\Java\jdk-15.0.2\bin\freetype.dll
0x00007ffe43410000 - 0x00007ffe434b9000 	C:\Program Files\Java\jdk-15.0.2\bin\fontmanager.dll
0x00007ffe48d60000 - 0x00007ffe48e85000 	C:\WINDOWS\system32\opengl32.dll
0x00007ffe49cb0000 - 0x00007ffe49cdc000 	C:\WINDOWS\SYSTEM32\GLU32.dll
0x00007ffe60ca0000 - 0x00007ffe60d49000 	C:\WINDOWS\System32\clbcatq.dll
0x00007ffe5a8d0000 - 0x00007ffe5a9c6000 	C:\WINDOWS\SYSTEM32\PROPSYS.dll
0x00007ffe50190000 - 0x00007ffe501a7000 	C:\WINDOWS\system32\NetworkExplorer.dll
0x00007ffe5ee10000 - 0x00007ffe5ee5e000 	C:\WINDOWS\System32\CFGMGR32.dll
0x00007ffe4be40000 - 0x00007ffe4be5d000 	C:\WINDOWS\SYSTEM32\MPR.dll
0x00007ffe30a80000 - 0x00007ffe30a8b000 	C:\WINDOWS\System32\drprov.dll
0x00007ffe5e850000 - 0x00007ffe5e8b4000 	C:\WINDOWS\System32\WINSTA.dll
0x00007ffe30a60000 - 0x00007ffe30a7f000 	C:\WINDOWS\System32\ntlanman.dll
0x00007ffe30a40000 - 0x00007ffe30a5e000 	C:\WINDOWS\System32\davclnt.dll
0x00007ffe30a30000 - 0x00007ffe30a3d000 	C:\WINDOWS\System32\DAVHLPR.dll
0x00007ffe5dea0000 - 0x00007ffe5deb9000 	C:\WINDOWS\System32\wkscli.dll
0x00007ffe4e850000 - 0x00007ffe4e862000 	C:\WINDOWS\SYSTEM32\cscapi.dll
0x00007ffe5e220000 - 0x00007ffe5e22c000 	C:\WINDOWS\System32\netutils.dll
0x00007ffe500d0000 - 0x00007ffe50126000 	C:\Windows\System32\dlnashext.dll
0x00007ffe448f0000 - 0x00007ffe44954000 	C:\Windows\System32\PlayToDevice.dll
0x00007ffe4ff50000 - 0x00007ffe4ff70000 	C:\Windows\System32\DevDispItemProvider.dll
0x00007ffe58d80000 - 0x00007ffe58e05000 	C:\WINDOWS\System32\MMDevApi.dll
0x00007ffe5ea80000 - 0x00007ffe5eaac000 	C:\WINDOWS\System32\DEVOBJ.dll
0x00007ffe5e110000 - 0x00007ffe5e14c000 	C:\Windows\System32\IPHLPAPI.DLL
0x00007ffe5fd00000 - 0x00007ffe5fd08000 	C:\WINDOWS\System32\NSI.dll
0x00007ffe562b0000 - 0x00007ffe562c7000 	C:\WINDOWS\SYSTEM32\dhcpcsvc6.DLL
0x00007ffe57740000 - 0x00007ffe5775d000 	C:\WINDOWS\SYSTEM32\dhcpcsvc.DLL
0x00007ffe5e150000 - 0x00007ffe5e21b000 	C:\WINDOWS\SYSTEM32\DNSAPI.dll
0x00007ffe58a60000 - 0x00007ffe58a6b000 	C:\WINDOWS\SYSTEM32\WINNSI.DLL
0x00007ffe5a440000 - 0x00007ffe5a47e000 	C:\WINDOWS\System32\netprofm.dll
0x00007ffe580b0000 - 0x00007ffe580c0000 	C:\WINDOWS\System32\npmproxy.dll
0x00007ffe3d430000 - 0x00007ffe3d4d1000 	C:\WINDOWS\system32\wpdshext.dll
0x00007ffe2ff40000 - 0x00007ffe300e5000 	C:\WINDOWS\WinSxS\amd64_microsoft.windows.gdiplus_6595b64144ccf1df_1.1.19041.2251_none_91a40448cc8846c1\gdiplus.dll
0x00007ffe59630000 - 0x00007ffe596d3000 	C:\Windows\System32\PortableDeviceApi.dll
0x00007ffe5f690000 - 0x00007ffe5faf8000 	C:\WINDOWS\System32\SETUPAPI.dll
0x00007ffe5f140000 - 0x00007ffe5f167000 	C:\WINDOWS\System32\bcrypt.dll
0x00007ffe5f3d0000 - 0x00007ffe5f437000 	C:\WINDOWS\System32\WINTRUST.dll
0x00007ffe5f170000 - 0x00007ffe5f2c6000 	C:\WINDOWS\System32\CRYPT32.dll
0x00007ffe5e8c0000 - 0x00007ffe5e8d2000 	C:\WINDOWS\System32\MSASN1.dll
0x00007ffe44860000 - 0x00007ffe44897000 	C:\Windows\System32\EhStorShell.dll
0x00007ffe4faa0000 - 0x00007ffe4fac6000 	C:\Windows\System32\EhStorAPI.dll
0x00007ffe5c0f0000 - 0x00007ffe5c104000 	C:\Windows\System32\WTSAPI32.dll
0x00007ffe47990000 - 0x00007ffe4799d000 	C:\WINDOWS\SYSTEM32\LINKINFO.dll
0x00007ffe575b0000 - 0x00007ffe575c0000 	C:\Program Files\Java\jdk-15.0.2\bin\verify.dll
0x00007ffe596e0000 - 0x00007ffe59894000 	C:\WINDOWS\SYSTEM32\WindowsCodecs.dll
0x00007ffe45c30000 - 0x00007ffe45c6e000 	C:\WINDOWS\system32\dataexchange.dll
0x00007ffe5af90000 - 0x00007ffe5b1f3000 	C:\WINDOWS\system32\d3d11.dll
0x00007ffe5b7f0000 - 0x00007ffe5b9d3000 	C:\WINDOWS\system32\dcomp.dll
0x00007ffe5d600000 - 0x00007ffe5d6f3000 	C:\WINDOWS\system32\dxgi.dll
0x00007ffe59930000 - 0x00007ffe59b30000 	C:\WINDOWS\system32\twinapi.appcore.dll
0x000001cb36eb0000 - 0x000001cb36eb3000 	C:\Program Files\Java\jdk-15.0.2\bin\api-ms-win-core-console-l1-1-0.dll
0x000001cb36ec0000 - 0x000001cb36ec3000 	C:\Program Files\Java\jdk-15.0.2\bin\api-ms-win-core-datetime-l1-1-0.dll
0x000001cb36ed0000 - 0x000001cb36ed3000 	C:\Program Files\Java\jdk-15.0.2\bin\api-ms-win-core-debug-l1-1-0.dll
0x000001cb36ee0000 - 0x000001cb36ee3000 	C:\Program Files\Java\jdk-15.0.2\bin\api-ms-win-core-errorhandling-l1-1-0.dll
0x000001cb36ef0000 - 0x000001cb36ef4000 	C:\Program Files\Java\jdk-15.0.2\bin\api-ms-win-core-file-l1-1-0.dll
0x000001cb36f00000 - 0x000001cb36f03000 	C:\Program Files\Java\jdk-15.0.2\bin\api-ms-win-core-file-l1-2-0.dll
0x000001cb36f10000 - 0x000001cb36f13000 	C:\Program Files\Java\jdk-15.0.2\bin\api-ms-win-core-file-l2-1-0.dll
0x000001cb36f20000 - 0x000001cb36f23000 	C:\Program Files\Java\jdk-15.0.2\bin\api-ms-win-core-handle-l1-1-0.dll
0x000001cb36f30000 - 0x000001cb36f33000 	C:\Program Files\Java\jdk-15.0.2\bin\api-ms-win-core-heap-l1-1-0.dll
0x000001cb36f40000 - 0x000001cb36f43000 	C:\Program Files\Java\jdk-15.0.2\bin\api-ms-win-core-interlocked-l1-1-0.dll
0x000001cb36f50000 - 0x000001cb36f53000 	C:\Program Files\Java\jdk-15.0.2\bin\api-ms-win-core-libraryloader-l1-1-0.dll
0x000001cb36f60000 - 0x000001cb36f63000 	C:\Program Files\Java\jdk-15.0.2\bin\api-ms-win-core-localization-l1-2-0.dll
0x000001cb36f70000 - 0x000001cb36f73000 	C:\Program Files\Java\jdk-15.0.2\bin\api-ms-win-core-memory-l1-1-0.dll
0x000001cb36f80000 - 0x000001cb36f83000 	C:\Program Files\Java\jdk-15.0.2\bin\api-ms-win-core-namedpipe-l1-1-0.dll
0x000001cb36f90000 - 0x000001cb36f93000 	C:\Program Files\Java\jdk-15.0.2\bin\api-ms-win-core-processenvironment-l1-1-0.dll
0x000001cb36fa0000 - 0x000001cb36fa3000 	C:\Program Files\Java\jdk-15.0.2\bin\api-ms-win-core-processthreads-l1-1-0.dll
0x000001cb36fb0000 - 0x000001cb36fb3000 	C:\Program Files\Java\jdk-15.0.2\bin\api-ms-win-core-processthreads-l1-1-1.dll
0x000001cb36fc0000 - 0x000001cb36fc3000 	C:\Program Files\Java\jdk-15.0.2\bin\api-ms-win-core-profile-l1-1-0.dll
0x000001cb36fd0000 - 0x000001cb36fd3000 	C:\Program Files\Java\jdk-15.0.2\bin\api-ms-win-core-rtlsupport-l1-1-0.dll
0x000001cb36fe0000 - 0x000001cb36fe3000 	C:\Program Files\Java\jdk-15.0.2\bin\api-ms-win-core-string-l1-1-0.dll
0x000001cb36ff0000 - 0x000001cb36ff3000 	C:\Program Files\Java\jdk-15.0.2\bin\api-ms-win-core-synch-l1-1-0.dll
0x000001cb37000000 - 0x000001cb37003000 	C:\Program Files\Java\jdk-15.0.2\bin\api-ms-win-core-synch-l1-2-0.dll
0x000001cb37010000 - 0x000001cb37013000 	C:\Program Files\Java\jdk-15.0.2\bin\api-ms-win-core-sysinfo-l1-1-0.dll
0x000001cb37020000 - 0x000001cb37023000 	C:\Program Files\Java\jdk-15.0.2\bin\api-ms-win-core-timezone-l1-1-0.dll
0x000001cb37030000 - 0x000001cb37033000 	C:\Program Files\Java\jdk-15.0.2\bin\api-ms-win-core-util-l1-1-0.dll
0x000001cb37040000 - 0x000001cb37043000 	C:\Program Files\Java\jdk-15.0.2\bin\api-ms-win-crt-conio-l1-1-0.dll

dbghelp: loaded successfully - version: 4.0.5 - missing functions: none
symbol engine: initialized successfully - sym options: 0x614 - pdb path: .;C:\Program Files\Java\jdk-15.0.2\bin;C:\WINDOWS\SYSTEM32;C:\WINDOWS\WinSxS\amd64_microsoft.windows.common-controls_6595b64144ccf1df_6.0.19041.1110_none_60b5254171f9507e;C:\Program Files\Java\jdk-15.0.2\bin\server;C:\Program Files\uvnc bvba\UltraVNC;C:\WINDOWS\WinSxS\amd64_microsoft.windows.common-controls_6595b64144ccf1df_5.82.19041.1110_none_792d1c772443f647;C:\WINDOWS\WinSxS\amd64_microsoft.windows.gdiplus_6595b64144ccf1df_1.1.19041.2251_none_91a40448cc8846c1;C:\Program Files\BellSoft\LibericaJDK-13-Full\bin

VM Arguments:
jvm_args: -Dfile.encoding=UTF-8 
java_command: simrskhanza.SIMRSKhanza
java_class_path (initial): E:\Sofware SIMRSKhanza\KhanzaHMSWindows\lib\calendar-src.jar;E:\Sofware SIMRSKhanza\KhanzaHMSWindows\lib\calendar-doc.jar;E:\Sofware SIMRSKhanza\KhanzaHMSWindows\lib\calendar.jar;E:\Sofware SIMRSKhanza\KhanzaHMSWindows\lib\jcalendar-1.4.jar;E:\Sofware SIMRSKhanza\KhanzaHMSWindows\lib\ant-1.7.1.jar;E:\Sofware SIMRSKhanza\KhanzaHMSWindows\lib\apache-httpcomponents-httpclient.jar;E:\Sofware SIMRSKhanza\KhanzaHMSWindows\lib\appframework-1.0.3.jar;E:\Sofware SIMRSKhanza\KhanzaHMSWindows\lib\barbecue-1.5-beta1.jar;E:\Sofware SIMRSKhanza\KhanzaHMSWindows\lib\batik-dom.jar;E:\Sofware SIMRSKhanza\KhanzaHMSWindows\lib\groovy-all-2.4.7.jar;E:\Sofware SIMRSKhanza\KhanzaHMSWindows\lib\bcel-5.2.jar;E:\Sofware SIMRSKhanza\KhanzaHMSWindows\lib\bcprov-jdk15on-154.jar;E:\Sofware SIMRSKhanza\KhanzaHMSWindows\lib\poi-4.1.0.jar;E:\Sofware SIMRSKhanza\KhanzaHMSWindows\lib\beansbinding-1.2.1.jar;E:\Sofware SIMRSKhanza\KhanzaHMSWindows\lib\bsh-2.0b4.jar;E:\Sofware SIMRSKhanza\KhanzaHMSWindows\lib\com-jaspersoft-ireport.jar;E:\Sofware SIMRSKhanza\KhanzaHMSWindows\lib\com.fasterxml.jackson.core.jar;E:\Sofware SIMRSKhanza\KhanzaHMSWindows\lib\comm.jar;E:\Sofware SIMRSKhanza\KhanzaHMSWindows\lib\common-javaFX-plugin.jar;E:\Sofware SIMRSKhanza\KhanzaHMSWindows\lib\commons-codec-1.10.jar;E:\Sofware SIMRSKhanza\KhanzaHMSWindows\lib\commons-javaflow-20060411.jar;E:\Sofware SIMRSKhanza\KhanzaHMSWindows\lib\commons-logging-1.2.jar;E:\Sofware SIMRSKhanza\KhanzaHMSWindows\lib\fluent-hc-4.5.1.jar;E:\Sofware SIMRSKhanza\KhanzaHMSWindows\lib\fontbox-2.0.13.jar;E:\Sofware SIMRSKhanza\KhanzaHMSWindows\lib\gson-2.2.2.jar;E:\Sofware SIMRSKhanza\KhanzaHMSWindows\lib\hibernate3.jar;E:\Sofware SIMRSKhanza\KhanzaHMSWindows\lib\hsqldb-1.8.0-10.jar;E:\Sofware SIMRSKhanza\KhanzaHMSWindows\lib\httpclient-4.5.1.jar;E:\Sofware SIMRSKhanza\KhanzaHMSWindows\lib\httpclient-cache-4.5.1.jar;E:\Sofware SIMRSKhanza\KhanzaHMSWindows\lib\httpclient-win-4.5.1.jar;E:\Sofware SIMRSKhanza\KhanzaHMSWind
Launcher Type: SUN_STANDARD

[Global flags]
     intx CICompilerCount                          = 3                                         {product} {ergonomic}
     uint ConcGCThreads                            = 1                                         {product} {ergonomic}
     uint G1ConcRefinementThreads                  = 4                                         {product} {ergonomic}
   size_t G1HeapRegionSize                         = 1048576                                   {product} {ergonomic}
    uintx GCDrainStackTargetSize                   = 64                                        {product} {ergonomic}
   size_t InitialHeapSize                          = 67108864                                  {product} {ergonomic}
   size_t MarkStackSize                            = 4194304                                   {product} {ergonomic}
   size_t MaxHeapSize                              = 1048576000                                {product} {ergonomic}
   size_t MaxNewSize                               = 629145600                                 {product} {ergonomic}
   size_t MinHeapDeltaBytes                        = 1048576                                   {product} {ergonomic}
   size_t MinHeapSize                              = 8388608                                   {product} {ergonomic}
    uintx NonNMethodCodeHeapSize                   = 5832780                                {pd product} {ergonomic}
    uintx NonProfiledCodeHeapSize                  = 122912730                              {pd product} {ergonomic}
    uintx ProfiledCodeHeapSize                     = 122912730                              {pd product} {ergonomic}
    uintx ReservedCodeCacheSize                    = 251658240                              {pd product} {ergonomic}
     bool SegmentedCodeCache                       = true                                      {product} {ergonomic}
   size_t SoftMaxHeapSize                          = 1048576000                             {manageable} {ergonomic}
     bool UseCompressedClassPointers               = true                                 {lp64_product} {ergonomic}
     bool UseCompressedOops                        = true                                 {lp64_product} {ergonomic}
     bool UseG1GC                                  = true                                      {product} {ergonomic}
     bool UseLargePagesIndividualAllocation        = false                                  {pd product} {ergonomic}

Logging:
Log output configuration:
 #0: stdout all=warning uptime,level,tags
 #1: stderr all=off uptime,level,tags

Environment Variables:
JAVA_HOME=C:\Program Files\BellSoft\LibericaJDK-13-Full\
PATH=C:\Program Files\BellSoft\LibericaJDK-13-Full\bin\;C:\Program Files\Common Files\Oracle\Java\javapath;C:\WINDOWS\system32;C:\WINDOWS;C:\WINDOWS\System32\Wbem;C:\WINDOWS\System32\WindowsPowerShell\v1.0\;C:\WINDOWS\System32\OpenSSH\;C:\Program Files\nodejs\;C:\Windows\Microsoft.NET\Framework\v4.0.30319;C:\Program Files (x86)\Appeon\PowerBuilder 19.0;C:\Program Files (x86)\Appeon\PowerBuilderCompiler 19.0;C:\xampp\php;C:\composer;C:\Program Files (x86)\Microsoft SQL Server\150\DTS\Binn\;C:\Program Files\Azure Data Studio\bin;C:\Program Files\Git\cmd;C:\Users\User\AppData\Local\Microsoft\WindowsApps;C:\Users\User\AppData\Roaming\npm;C:\Users\User\AppData\Roaming\Composer\vendor\bin;C:\Program Files\Azure Data Studio\bin;C:\Users\User\AppData\Local\Programs\Microsoft VS Code\bin;C:\Program Files\Tesseract-OCR;
USERNAME=User
OS=Windows_NT
PROCESSOR_IDENTIFIER=Intel64 Family 6 Model 60 Stepping 3, GenuineIntel



---------------  S Y S T E M  ---------------

OS:
 Windows 10 , 64 bit Build 19041 (10.0.19041.2788)
OS uptime: 1 days 1:32 hours

CPU: total 4 (initial active 4) (2 cores per cpu, 2 threads per core) family 6 model 60 stepping 3 microcode 0x27, cmov, cx8, fxsr, mmx, sse, sse2, sse3, ssse3, sse4.1, sse4.2, popcnt, vzeroupper, avx, avx2, aes, clmul, erms, lzcnt, ht, tsc, tscinvbit, bmi1, bmi2, fma, clflush

Memory: 4k page, system-wide physical 3996M (432M free)
TotalPageFile size 12947M (AvailPageFile size 2615M)
current process WorkingSet (physical memory assigned to process): 313M, peak: 322M
current process commit charge ("private bytes"): 356M, peak: 375M

vm_info: Java HotSpot(TM) 64-Bit Server VM (15.0.2+7-27) for windows-amd64 JRE (15.0.2+7-27), built on Dec  7 2020 20:07:01 by "mach5one" with unknown MS VC++:1925

END.
