#
# A fatal error has been detected by the Java Runtime Environment:
#
#  EXCEPTION_ACCESS_VIOLATION (0xc0000005) at pc=0x00007ffe3875a3d1, pid=1256, tid=7872
#
# JRE version: Java(TM) SE Runtime Environment (15.0.2+7) (build 15.0.2+7-27)
# Java VM: Java HotSpot(TM) 64-Bit Server VM (15.0.2+7-27, mixed mode, sharing, tiered, compressed oops, g1 gc, windows-amd64)
# Problematic frame:
# V  [jvm.dll+0x3aa3d1]
#
# No core dump will be written. Minidumps are not enabled by default on client versions of Windows
#
# If you would like to submit a bug report, please visit:
#   https://bugreport.java.com/bugreport/crash.jsp
#

---------------  S U M M A R Y ------------

Command Line: -Dfile.encoding=UTF-8 simrskhanza.SIMRSKhanza

Host: Intel(R) Core(TM) i3-4170 CPU @ 3.70GHz, 4 cores, 3G,  Windows 10 , 64 bit Build 19041 (10.0.19041.2788)
Time: Wed Jul  5 09:35:46 2023 SE Asia Standard Time elapsed time: 18.960500 seconds (0d 0h 0m 18s)

---------------  T H R E A D  ---------------

Current thread (0x000001d26298cc90):  JavaThread "JavaFX Application Thread" [_thread_in_vm, id=7872, stack(0x000000113ce00000,0x000000113cf00000)]

Stack: [0x000000113ce00000,0x000000113cf00000],  sp=0x000000113cefe110,  free space=1016k
Native frames: (J=compiled Java code, j=interpreted, Vv=VM code, C=native code)
V  [jvm.dll+0x3aa3d1]
C  0x00007ffe09bafeac

Java frames: (J=compiled Java code, j=interpreted, Vv=VM code)
j  com.sun.webkit.WebPage.twkCreatePage(Z)J+0
j  com.sun.webkit.WebPage.<init>(Lcom/sun/webkit/WebPageClient;Lcom/sun/webkit/UIClient;Lcom/sun/webkit/PolicyClient;Lcom/sun/webkit/InspectorClient;Lcom/sun/webkit/ThemeClient;Z)V+177
j  javafx.scene.web.WebEngine.<init>(Ljava/lang/String;Z)V+270
j  javafx.scene.web.WebEngine.<init>()V+3
j  javafx.scene.web.WebView.<init>()V+60
j  bridging.INACBGHybrid$3.run()V+4
j  com.sun.javafx.application.PlatformImpl.lambda$runLater$10(Ljava/lang/Runnable;)Ljava/lang/Void;+1
j  com.sun.javafx.application.PlatformImpl$$Lambda$262+0x000000080106f118.run()Ljava/lang/Object;+4
J 2195 c1 java.security.AccessController.doPrivileged(Ljava/security/PrivilegedAction;Ljava/security/AccessControlContext;)Ljava/lang/Object; java.base@15.0.2 (17 bytes) @ 0x000001d24c486ee4 [0x000001d24c486d00+0x00000000000001e4]
j  com.sun.javafx.application.PlatformImpl.lambda$runLater$11(Ljava/lang/Runnable;Ljava/security/AccessControlContext;)V+7
j  com.sun.javafx.application.PlatformImpl$$Lambda$261+0x000000080106ecc8.run()V+8
j  com.sun.glass.ui.InvokeLaterDispatcher$Future.run()V+4
v  ~StubRoutines::call_stub
j  com.sun.glass.ui.win.WinApplication._runLoop(Ljava/lang/Runnable;)V+0
j  com.sun.glass.ui.win.WinApplication.lambda$runLoop$3(ILjava/lang/Runnable;)V+8
j  com.sun.glass.ui.win.WinApplication$$Lambda$248+0x00000008010417c8.run()V+12
j  java.lang.Thread.run()V+11 java.base@15.0.2
v  ~StubRoutines::call_stub

siginfo: EXCEPTION_ACCESS_VIOLATION (0xc0000005), reading address 0x0000000000000000


Register to memory mapping:

RIP=0x00007ffe3875a3d1 jvm.dll
RAX=0x0 is NULL
RBX=0x000001d26298cc90 is a thread
RCX=0x78a7478666a80000 is an unknown value
RDX=0x000001d26118c318 is a global jni handle
RSP=0x000000113cefe110 is pointing into the stack for thread: 0x000001d26298cc90
RBP=0x000000113cefe208 is pointing into the stack for thread: 0x000001d26298cc90
RSI=0x000001d26298cfb8 points into unknown readable memory: 0x00007ffe38dade40 | 40 de da 38 fe 7f 00 00
RDI=0x000001d26118c318 is a global jni handle
R8 =0x0 is NULL
R9 =0x000000113cefe208 is pointing into the stack for thread: 0x000001d26298cc90
R10=0x000000000000003a is an unknown value
R11=0x000000113cefe108 is pointing into the stack for thread: 0x000001d26298cc90
R12=0x0 is NULL
R13=
[error occurred during error reporting (printing register info), id 0xc0000005, EXCEPTION_ACCESS_VIOLATION (0xc0000005) at pc=0x00007ffe38658322]

Registers:
RAX=0x0000000000000000, RBX=0x000001d26298cc90, RCX=0x78a7478666a80000, RDX=0x000001d26118c318
RSP=0x000000113cefe110, RBP=0x000000113cefe208, RSI=0x000001d26298cfb8, RDI=0x000001d26118c318
R8 =0x0000000000000000, R9 =0x000000113cefe208, R10=0x000000000000003a, R11=0x000000113cefe108
R12=0x0000000000000000, R13=0x00000000ffffffff, R14=0x0000000000000000, R15=0x0000000000000000
RIP=0x00007ffe3875a3d1, EFLAGS=0x0000000000010206

Top of Stack: (sp=0x000000113cefe110)
0x000000113cefe110:   000001d26298cc90 000001d26298cfb8
0x000000113cefe120:   0000000000000000 00007ffe5f2e2690
0x000000113cefe130:   0000000000000000 00007ffe0d0e5e30
0x000000113cefe140:   000078b67b69b908 000000113cefe1a0
0x000000113cefe150:   0000000000000000 000001d26118c318
0x000000113cefe160:   000001d26298cc90 000001d262e797f0
0x000000113cefe170:   000001d200000493 00007ffe38c4aaa0
0x000000113cefe180:   000001d26298cc90 00007ffe3875266a
0x000000113cefe190:   00007ffe0b521a90 00007ffe0b270cd0
0x000000113cefe1a0:   000001d200000002 00007ffe00000002
0x000000113cefe1b0:   000001d2617bfac0 00007ffe09bafeac
0x000000113cefe1c0:   000001d2619d173c 0000000000000000
0x000000113cefe1d0:   00007ffe0d0e5e30 000001d26298cfb8
0x000000113cefe1e0:   000001d26298cfb8 00007ffe0b064a8d
0x000000113cefe1f0:   000001d2619d173c 0000000000000000
0x000000113cefe200:   0000000000000000 000000000000001c 

Instructions: (pc=0x00007ffe3875a3d1)
0x00007ffe3875a2d1:   00 00 48 8b bc 24 c0 00 00 00 c0 e8 03 a8 01 74
0x00007ffe3875a2e1:   08 48 8b cb e8 a6 29 2e 00 0f 28 c6 c7 83 98 03
0x00007ffe3875a2f1:   00 00 04 00 00 00 0f 28 b4 24 b0 00 00 00 48 81
0x00007ffe3875a301:   c4 d0 00 00 00 5b c3 cc cc cc cc cc cc cc cc 48
0x00007ffe3875a311:   89 5c 24 08 48 89 6c 24 10 48 89 74 24 18 48 89
0x00007ffe3875a321:   7c 24 20 41 56 48 81 ec a0 00 00 00 8b 81 88 00
0x00007ffe3875a331:   00 00 48 8d 99 d8 fc ff ff 05 55 21 ff ff 49 8b
0x00007ffe3875a341:   e9 4d 8b f0 48 8b fa 48 8b f1 83 f8 01 76 0a 48
0x00007ffe3875a351:   8b cb e8 28 33 39 00 33 db c7 83 98 03 00 00 05
0x00007ffe3875a361:   00 00 00 e8 c7 26 27 00 48 8b 03 48 8b cb ff 50
0x00007ffe3875a371:   38 84 c0 74 0e 48 8b 83 10 01 00 00 c0 e8 03 24
0x00007ffe3875a381:   01 eb 0b 8b 05 86 23 6f 00 85 c0 0f 95 c0 84 c0
0x00007ffe3875a391:   75 0d 8b 83 e0 00 00 00 a9 04 00 00 20 74 08 48
0x00007ffe3875a3a1:   8b cb e8 58 39 39 00 c7 83 98 03 00 00 06 00 00
0x00007ffe3875a3b1:   00 48 83 7b 08 00 48 89 5c 24 50 48 c7 44 24 58
0x00007ffe3875a3c1:   00 00 00 00 74 0a 48 8d 4c 24 50 e8 1f c5 2a 00
0x00007ffe3875a3d1:   49 8b 16 48 8d 4c 24 70 c7 44 24 40 04 00 00 00
0x00007ffe3875a3e1:   e8 ea cf 00 00 48 89 ac 24 98 00 00 00 48 8d 05
0x00007ffe3875a3f1:   33 07 4f 00 48 89 44 24 70 40 f6 c7 01 74 0c 48
0x00007ffe3875a401:   8d 4f ff ff 15 9e 13 65 00 eb 09 48 8b cf ff 15
0x00007ffe3875a411:   f3 9b 64 00 8b 15 85 9c 6d 00 48 8b c8 e8 ed d0
0x00007ffe3875a421:   26 00 48 8b d3 48 8b c8 4c 8b 00 41 ff 90 b0 00
0x00007ffe3875a431:   00 00 48 83 7b 08 00 75 35 48 8d 44 24 70 48 89
0x00007ffe3875a441:   5c 24 30 48 89 44 24 28 48 8d 54 24 40 45 33 c9
0x00007ffe3875a451:   4c 89 74 24 20 45 33 c0 48 8b ce e8 3f e4 00 00
0x00007ffe3875a461:   48 83 7b 08 00 75 07 0f b6 74 24 48 eb 03 40 32
0x00007ffe3875a471:   f6 48 83 7c 24 58 00 74 0a 48 8d 4c 24 50 e8 0c
0x00007ffe3875a481:   c5 2a 00 48 8b bb f8 00 00 00 48 8b 4f 10 48 83
0x00007ffe3875a491:   39 00 74 0c 48 8b cf e8 d3 a0 f6 ff 48 8b 4f 10
0x00007ffe3875a4a1:   48 8b 47 08 48 89 48 10 48 8b 4f 08 48 8b 47 18
0x00007ffe3875a4b1:   48 89 41 18 48 8b 4f 08 48 8b 47 20 48 89 41 20
0x00007ffe3875a4c1:   c7 83 98 03 00 00 07 00 00 00 e8 60 25 27 00 48 


Stack slot to memory mapping:
stack at sp + 0 slots: 0x000001d26298cc90 is a thread
stack at sp + 1 slots: 0x000001d26298cfb8 points into unknown readable memory: 0x00007ffe38dade40 | 40 de da 38 fe 7f 00 00
stack at sp + 2 slots: 0x0 is NULL
stack at sp + 3 slots: 0x00007ffe5f2e2690 ucrtbase.dll
stack at sp + 4 slots: 0x0 is NULL
stack at sp + 5 slots: 0x00007ffe0d0e5e30 points into unknown readable memory: 0x00007ffe0d136268 | 68 62 13 0d fe 7f 00 00
stack at sp + 6 slots: 0x000078b67b69b908 is an unknown value
stack at sp + 7 slots: 0x000000113cefe1a0 is pointing into the stack for thread: 0x000001d26298cc90


---------------  P R O C E S S  ---------------

Threads class SMR info:
_java_thread_list=0x000001d265563ac0, length=27, elements={
0x000001d25f49fd20, 0x000001d25f4a1090, 0x000001d25f4b6fa0, 0x000001d25f4b9a60,
0x000001d25f4bacb0, 0x000001d25f4c0ee0, 0x000001d25f4c3a90, 0x000001d25f4c7120,
0x000001d26002d6b0, 0x000001d260044260, 0x000001d260acfc40, 0x000001d260e321a0,
0x000001d260e32670, 0x000001d260acf030, 0x000001d260ba0b20, 0x000001d2438a9cc0,
0x000001d2613ade80, 0x000001d26298c2f0, 0x000001d26298b480, 0x000001d26298be20,
0x000001d26298cc90, 0x000001d26298d160, 0x000001d26298d630, 0x000001d26298afb0,
0x000001d26298c7c0, 0x000001d26298a140, 0x000001d264dfa110
}

Java Threads: ( => current thread )
  0x000001d25f49fd20 JavaThread "Reference Handler" daemon [_thread_blocked, id=7212, stack(0x000000113b000000,0x000000113b100000)]
  0x000001d25f4a1090 JavaThread "Finalizer" daemon [_thread_blocked, id=10524, stack(0x000000113b100000,0x000000113b200000)]
  0x000001d25f4b6fa0 JavaThread "Signal Dispatcher" daemon [_thread_blocked, id=3496, stack(0x000000113b200000,0x000000113b300000)]
  0x000001d25f4b9a60 JavaThread "Attach Listener" daemon [_thread_blocked, id=1064, stack(0x000000113b300000,0x000000113b400000)]
  0x000001d25f4bacb0 JavaThread "Service Thread" daemon [_thread_blocked, id=7364, stack(0x000000113b400000,0x000000113b500000)]
  0x000001d25f4c0ee0 JavaThread "C2 CompilerThread0" daemon [_thread_blocked, id=4428, stack(0x000000113b500000,0x000000113b600000)]
  0x000001d25f4c3a90 JavaThread "C1 CompilerThread0" daemon [_thread_blocked, id=4124, stack(0x000000113b600000,0x000000113b700000)]
  0x000001d25f4c7120 JavaThread "Sweeper thread" daemon [_thread_blocked, id=4476, stack(0x000000113b700000,0x000000113b800000)]
  0x000001d26002d6b0 JavaThread "Notification Thread" daemon [_thread_blocked, id=1324, stack(0x000000113b800000,0x000000113b900000)]
  0x000001d260044260 JavaThread "Common-Cleaner" daemon [_thread_blocked, id=3308, stack(0x000000113ba00000,0x000000113bb00000)]
  0x000001d260acfc40 JavaThread "Java2D Disposer" daemon [_thread_blocked, id=3960, stack(0x000000113bd00000,0x000000113be00000)]
  0x000001d260e321a0 JavaThread "AWT-Shutdown" [_thread_blocked, id=7588, stack(0x000000113be00000,0x000000113bf00000)]
  0x000001d260e32670 JavaThread "AWT-Windows" daemon [_thread_in_native, id=2076, stack(0x000000113bf00000,0x000000113c000000)]
  0x000001d260acf030 JavaThread "AWT-EventQueue-0" [_thread_blocked, id=9000, stack(0x000000113c100000,0x000000113c200000)]
  0x000001d260ba0b20 JavaThread "Swing-Shell" daemon [_thread_blocked, id=9248, stack(0x000000113c200000,0x000000113c300000)]
  0x000001d2438a9cc0 JavaThread "DestroyJavaVM" [_thread_blocked, id=6420, stack(0x000000113a900000,0x000000113aa00000)]
  0x000001d2613ade80 JavaThread "Abandoned connection cleanup thread" daemon [_thread_blocked, id=2748, stack(0x000000113ca00000,0x000000113cb00000)]
  0x000001d26298c2f0 JavaThread "TimerQueue" daemon [_thread_blocked, id=5880, stack(0x000000113cb00000,0x000000113cc00000)]
  0x000001d26298b480 JavaThread "QuantumRenderer-0" daemon [_thread_blocked, id=8500, stack(0x000000113cc00000,0x000000113cd00000)]
  0x000001d26298be20 JavaThread "InvokeLaterDispatcher" daemon [_thread_blocked, id=4500, stack(0x000000113cd00000,0x000000113ce00000)]
=>0x000001d26298cc90 JavaThread "JavaFX Application Thread" [_thread_in_vm, id=7872, stack(0x000000113ce00000,0x000000113cf00000)]
  0x000001d26298d160 JavaThread "Thread-2" daemon [_thread_in_native, id=11136, stack(0x000000113bc00000,0x000000113bd00000)]
  0x000001d26298d630 JavaThread "Image Fetcher 0" daemon [_thread_blocked, id=7528, stack(0x000000113d200000,0x000000113d300000)]
  0x000001d26298afb0 JavaThread "Image Fetcher 1" daemon [_thread_blocked, id=11208, stack(0x000000113d300000,0x000000113d400000)]
  0x000001d26298c7c0 JavaThread "Image Fetcher 2" daemon [_thread_blocked, id=8248, stack(0x000000113d400000,0x000000113d500000)]
  0x000001d26298a140 JavaThread "Image Fetcher 3" daemon [_thread_blocked, id=4156, stack(0x000000113d500000,0x000000113d600000)]
  0x000001d264dfa110 JavaThread "C2 CompilerThread1" daemon [_thread_blocked, id=8284, stack(0x000000113c000000,0x000000113c100000)]

Other Threads:
  0x000001d25f49bcf0 VMThread "VM Thread" [stack: 0x000000113af00000,0x000000113b000000] [id=3344]
  0x000001d26002e5a0 WatcherThread [stack: 0x000000113b900000,0x000000113ba00000] [id=5372]
  0x000001d2438db000 GCTaskThread "GC Thread#0" [stack: 0x000000113aa00000,0x000000113ab00000] [id=3792]
  0x000001d2600219d0 GCTaskThread "GC Thread#1" [stack: 0x000000113bb00000,0x000000113bc00000] [id=3820]
  0x000001d26057f720 GCTaskThread "GC Thread#2" [stack: 0x000000113c800000,0x000000113c900000] [id=7488]
  0x000001d26057e0d0 GCTaskThread "GC Thread#3" [stack: 0x000000113c900000,0x000000113ca00000] [id=5888]
  0x000001d2438e3fd0 ConcurrentGCThread "G1 Main Marker" [stack: 0x000000113ab00000,0x000000113ac00000] [id=10976]
  0x000001d2438e6370 ConcurrentGCThread "G1 Conc#0" [stack: 0x000000113ac00000,0x000000113ad00000] [id=4820]
  0x000001d243936d00 ConcurrentGCThread "G1 Refine#0" [stack: 0x000000113ad00000,0x000000113ae00000] [id=4900]
  0x000001d243937900 ConcurrentGCThread "G1 Young RemSet Sampling" [stack: 0x000000113ae00000,0x000000113af00000] [id=10464]

Threads with active compile tasks:

VM state: not at safepoint (normal execution)

VM Mutex/Monitor currently owned by a thread: None

Heap address: 0x00000000c1800000, size: 1000 MB, Compressed Oops mode: 32-bit
CDS archive(s) mapped at: [0x0000000800000000-0x0000000800b50000-0x0000000800b50000), size 11862016, SharedBaseAddress: 0x0000000800000000, ArchiveRelocationMode: 0.
Compressed class space mapped at: 0x0000000800b50000-0x0000000840b50000, size: 1073741824
Narrow klass base: 0x0000000800000000, Narrow klass shift: 3, Narrow klass range: 0x100000000

GC Precious Log:
 CPUs: 4 total, 4 available
 Memory: 3996M
 Large Page Support: Disabled
 NUMA Support: Disabled
 Compressed Oops: Enabled (32-bit)
 Heap Region Size: 1M
 Heap Min Capacity: 8M
 Heap Initial Capacity: 64M
 Heap Max Capacity: 1000M
 Pre-touch: Disabled
 Parallel Workers: 4
 Concurrent Workers: 1
 Concurrent Refinement Workers: 4
 Periodic GC: Disabled

Heap:
 garbage-first heap   total 145408K, used 91312K [0x00000000c1800000, 0x0000000100000000)
  region size 1024K, 11 young (11264K), 4 survivors (4096K)
 Metaspace       used 45321K, capacity 45662K, committed 46288K, reserved 1089536K
  class space    used 6069K, capacity 6173K, committed 6272K, reserved 1048576K

Heap Regions: E=young(eden), S=young(survivor), O=old, HS=humongous(starts), HC=humongous(continues), CS=collection set, F=free, OA=open archive, CA=closed archive, TAMS=top-at-mark-start (previous, next)
|   0|0x00000000c1800000, 0x00000000c1900000, 0x00000000c1900000|100%| O|  |TAMS 0x00000000c1900000, 0x00000000c1800000| Untracked 
|   1|0x00000000c1900000, 0x00000000c1a00000, 0x00000000c1a00000|100%| O|  |TAMS 0x00000000c1a00000, 0x00000000c1900000| Untracked 
|   2|0x00000000c1a00000, 0x00000000c1b00000, 0x00000000c1b00000|100%| O|  |TAMS 0x00000000c1b00000, 0x00000000c1a00000| Untracked 
|   3|0x00000000c1b00000, 0x00000000c1c00000, 0x00000000c1c00000|100%| O|  |TAMS 0x00000000c1c00000, 0x00000000c1b00000| Untracked 
|   4|0x00000000c1c00000, 0x00000000c1d00000, 0x00000000c1d00000|100%| O|  |TAMS 0x00000000c1d00000, 0x00000000c1c00000| Untracked 
|   5|0x00000000c1d00000, 0x00000000c1e00000, 0x00000000c1e00000|100%| O|  |TAMS 0x00000000c1e00000, 0x00000000c1d00000| Untracked 
|   6|0x00000000c1e00000, 0x00000000c1f00000, 0x00000000c1f00000|100%| O|  |TAMS 0x00000000c1f00000, 0x00000000c1e00000| Untracked 
|   7|0x00000000c1f00000, 0x00000000c2000000, 0x00000000c2000000|100%| O|  |TAMS 0x00000000c2000000, 0x00000000c1f00000| Untracked 
|   8|0x00000000c2000000, 0x00000000c2100000, 0x00000000c2100000|100%| O|  |TAMS 0x00000000c2100000, 0x00000000c2000000| Untracked 
|   9|0x00000000c2100000, 0x00000000c2200000, 0x00000000c2200000|100%| O|  |TAMS 0x00000000c2200000, 0x00000000c2100000| Untracked 
|  10|0x00000000c2200000, 0x00000000c2300000, 0x00000000c2300000|100%| O|  |TAMS 0x00000000c2300000, 0x00000000c2200000| Untracked 
|  11|0x00000000c2300000, 0x00000000c2400000, 0x00000000c2400000|100%| O|  |TAMS 0x00000000c2400000, 0x00000000c2300000| Untracked 
|  12|0x00000000c2400000, 0x00000000c2500000, 0x00000000c2500000|100%| O|  |TAMS 0x00000000c2500000, 0x00000000c2400000| Untracked 
|  13|0x00000000c2500000, 0x00000000c2600000, 0x00000000c2600000|100%| O|  |TAMS 0x00000000c2600000, 0x00000000c2500000| Untracked 
|  14|0x00000000c2600000, 0x00000000c2700000, 0x00000000c2700000|100%| O|  |TAMS 0x00000000c2700000, 0x00000000c2600000| Untracked 
|  15|0x00000000c2700000, 0x00000000c2800000, 0x00000000c2800000|100%| O|  |TAMS 0x00000000c2800000, 0x00000000c2700000| Untracked 
|  16|0x00000000c2800000, 0x00000000c2900000, 0x00000000c2900000|100%| O|  |TAMS 0x00000000c2900000, 0x00000000c2800000| Untracked 
|  17|0x00000000c2900000, 0x00000000c2a00000, 0x00000000c2a00000|100%| O|  |TAMS 0x00000000c2a00000, 0x00000000c2900000| Untracked 
|  18|0x00000000c2a00000, 0x00000000c2b00000, 0x00000000c2b00000|100%| O|  |TAMS 0x00000000c2b00000, 0x00000000c2a00000| Untracked 
|  19|0x00000000c2b00000, 0x00000000c2c00000, 0x00000000c2c00000|100%| O|  |TAMS 0x00000000c2c00000, 0x00000000c2b00000| Untracked 
|  20|0x00000000c2c00000, 0x00000000c2d00000, 0x00000000c2d00000|100%| O|  |TAMS 0x00000000c2d00000, 0x00000000c2c00000| Untracked 
|  21|0x00000000c2d00000, 0x00000000c2e00000, 0x00000000c2e00000|100%| O|  |TAMS 0x00000000c2e00000, 0x00000000c2d00000| Untracked 
|  22|0x00000000c2e00000, 0x00000000c2f00000, 0x00000000c2f00000|100%| O|  |TAMS 0x00000000c2f00000, 0x00000000c2e00000| Untracked 
|  23|0x00000000c2f00000, 0x00000000c3000000, 0x00000000c3000000|100%| O|  |TAMS 0x00000000c3000000, 0x00000000c2f00000| Untracked 
|  24|0x00000000c3000000, 0x00000000c3100000, 0x00000000c3100000|100%| O|  |TAMS 0x00000000c3100000, 0x00000000c3000000| Untracked 
|  25|0x00000000c3100000, 0x00000000c3200000, 0x00000000c3200000|100%| O|  |TAMS 0x00000000c3200000, 0x00000000c3100000| Untracked 
|  26|0x00000000c3200000, 0x00000000c3300000, 0x00000000c3300000|100%| O|  |TAMS 0x00000000c3300000, 0x00000000c3200000| Untracked 
|  27|0x00000000c3300000, 0x00000000c3400000, 0x00000000c3400000|100%| O|  |TAMS 0x00000000c3400000, 0x00000000c3300000| Untracked 
|  28|0x00000000c3400000, 0x00000000c3500000, 0x00000000c3500000|100%| O|  |TAMS 0x00000000c3500000, 0x00000000c3400000| Untracked 
|  29|0x00000000c3500000, 0x00000000c3600000, 0x00000000c3600000|100%| O|  |TAMS 0x00000000c3600000, 0x00000000c3500000| Untracked 
|  30|0x00000000c3600000, 0x00000000c3700000, 0x00000000c3700000|100%| O|  |TAMS 0x00000000c3700000, 0x00000000c3600000| Untracked 
|  31|0x00000000c3700000, 0x00000000c3800000, 0x00000000c3800000|100%| O|  |TAMS 0x00000000c3800000, 0x00000000c3700000| Untracked 
|  32|0x00000000c3800000, 0x00000000c3900000, 0x00000000c3900000|100%| O|  |TAMS 0x00000000c3900000, 0x00000000c3800000| Untracked 
|  33|0x00000000c3900000, 0x00000000c3a00000, 0x00000000c3a00000|100%| O|  |TAMS 0x00000000c3a00000, 0x00000000c3900000| Untracked 
|  34|0x00000000c3a00000, 0x00000000c3b00000, 0x00000000c3b00000|100%| O|  |TAMS 0x00000000c3b00000, 0x00000000c3a00000| Untracked 
|  35|0x00000000c3b00000, 0x00000000c3c00000, 0x00000000c3c00000|100%| O|  |TAMS 0x00000000c3c00000, 0x00000000c3b00000| Untracked 
|  36|0x00000000c3c00000, 0x00000000c3d00000, 0x00000000c3d00000|100%| O|  |TAMS 0x00000000c3d00000, 0x00000000c3c00000| Untracked 
|  37|0x00000000c3d00000, 0x00000000c3e00000, 0x00000000c3e00000|100%| O|  |TAMS 0x00000000c3e00000, 0x00000000c3d00000| Untracked 
|  38|0x00000000c3e00000, 0x00000000c3f00000, 0x00000000c3f00000|100%| O|  |TAMS 0x00000000c3f00000, 0x00000000c3e00000| Untracked 
|  39|0x00000000c3f00000, 0x00000000c4000000, 0x00000000c4000000|100%| O|  |TAMS 0x00000000c4000000, 0x00000000c3f00000| Untracked 
|  40|0x00000000c4000000, 0x00000000c4100000, 0x00000000c4100000|100%| O|  |TAMS 0x00000000c4100000, 0x00000000c4000000| Untracked 
|  41|0x00000000c4100000, 0x00000000c4200000, 0x00000000c4200000|100%| O|  |TAMS 0x00000000c4200000, 0x00000000c4100000| Untracked 
|  42|0x00000000c4200000, 0x00000000c4300000, 0x00000000c4300000|100%| O|  |TAMS 0x00000000c4300000, 0x00000000c4200000| Untracked 
|  43|0x00000000c4300000, 0x00000000c4400000, 0x00000000c4400000|100%| O|  |TAMS 0x00000000c4400000, 0x00000000c4300000| Untracked 
|  44|0x00000000c4400000, 0x00000000c4500000, 0x00000000c4500000|100%| O|  |TAMS 0x00000000c4500000, 0x00000000c4400000| Untracked 
|  45|0x00000000c4500000, 0x00000000c4600000, 0x00000000c4600000|100%| O|  |TAMS 0x00000000c4600000, 0x00000000c4500000| Untracked 
|  46|0x00000000c4600000, 0x00000000c4700000, 0x00000000c4700000|100%| O|  |TAMS 0x00000000c4700000, 0x00000000c4600000| Untracked 
|  47|0x00000000c4700000, 0x00000000c4800000, 0x00000000c4800000|100%| O|  |TAMS 0x00000000c4800000, 0x00000000c4700000| Untracked 
|  48|0x00000000c4800000, 0x00000000c4900000, 0x00000000c4900000|100%| O|  |TAMS 0x00000000c4900000, 0x00000000c4800000| Untracked 
|  49|0x00000000c4900000, 0x00000000c4a00000, 0x00000000c4a00000|100%| O|  |TAMS 0x00000000c4a00000, 0x00000000c4900000| Untracked 
|  50|0x00000000c4a00000, 0x00000000c4b00000, 0x00000000c4b00000|100%| O|  |TAMS 0x00000000c4b00000, 0x00000000c4a00000| Untracked 
|  51|0x00000000c4b00000, 0x00000000c4c00000, 0x00000000c4c00000|100%| O|  |TAMS 0x00000000c4c00000, 0x00000000c4b00000| Untracked 
|  52|0x00000000c4c00000, 0x00000000c4d00000, 0x00000000c4d00000|100%| O|  |TAMS 0x00000000c4d00000, 0x00000000c4c00000| Untracked 
|  53|0x00000000c4d00000, 0x00000000c4e00000, 0x00000000c4e00000|100%| O|  |TAMS 0x00000000c4e00000, 0x00000000c4d00000| Untracked 
|  54|0x00000000c4e00000, 0x00000000c4f00000, 0x00000000c4f00000|100%| O|  |TAMS 0x00000000c4f00000, 0x00000000c4e00000| Untracked 
|  55|0x00000000c4f00000, 0x00000000c5000000, 0x00000000c5000000|100%|HS|  |TAMS 0x00000000c5000000, 0x00000000c4f00000| Complete 
|  56|0x00000000c5000000, 0x00000000c5100000, 0x00000000c5100000|100%|HC|  |TAMS 0x00000000c5100000, 0x00000000c5000000| Complete 
|  57|0x00000000c5100000, 0x00000000c5200000, 0x00000000c5200000|100%|HC|  |TAMS 0x00000000c5200000, 0x00000000c5100000| Complete 
|  58|0x00000000c5200000, 0x00000000c5300000, 0x00000000c5300000|100%|HC|  |TAMS 0x00000000c5300000, 0x00000000c5200000| Complete 
|  59|0x00000000c5300000, 0x00000000c5400000, 0x00000000c5400000|100%|HC|  |TAMS 0x00000000c5400000, 0x00000000c5300000| Complete 
|  60|0x00000000c5400000, 0x00000000c5500000, 0x00000000c5500000|100%|HC|  |TAMS 0x00000000c5500000, 0x00000000c5400000| Complete 
|  61|0x00000000c5500000, 0x00000000c5600000, 0x00000000c5600000|100%|HC|  |TAMS 0x00000000c5600000, 0x00000000c5500000| Complete 
|  62|0x00000000c5600000, 0x00000000c5700000, 0x00000000c5700000|100%|HC|  |TAMS 0x00000000c5700000, 0x00000000c5600000| Complete 
|  63|0x00000000c5700000, 0x00000000c5800000, 0x00000000c5800000|100%|HC|  |TAMS 0x00000000c5800000, 0x00000000c5700000| Complete 
|  64|0x00000000c5800000, 0x00000000c5900000, 0x00000000c5900000|100%| O|  |TAMS 0x00000000c5900000, 0x00000000c5800000| Untracked 
|  65|0x00000000c5900000, 0x00000000c5a00000, 0x00000000c5a00000|100%| O|  |TAMS 0x00000000c5a00000, 0x00000000c5900000| Untracked 
|  66|0x00000000c5a00000, 0x00000000c5b00000, 0x00000000c5b00000|100%| O|  |TAMS 0x00000000c5b00000, 0x00000000c5a00000| Untracked 
|  67|0x00000000c5b00000, 0x00000000c5c00000, 0x00000000c5c00000|100%| O|  |TAMS 0x00000000c5c00000, 0x00000000c5b00000| Untracked 
|  68|0x00000000c5c00000, 0x00000000c5d00000, 0x00000000c5d00000|100%| O|  |TAMS 0x00000000c5d00000, 0x00000000c5c00000| Untracked 
|  69|0x00000000c5d00000, 0x00000000c5e00000, 0x00000000c5e00000|100%| O|  |TAMS 0x00000000c5e00000, 0x00000000c5d00000| Untracked 
|  70|0x00000000c5e00000, 0x00000000c5f00000, 0x00000000c5f00000|100%| O|  |TAMS 0x00000000c5ea8c00, 0x00000000c5e00000| Untracked 
|  71|0x00000000c5f00000, 0x00000000c6000000, 0x00000000c6000000|100%| O|  |TAMS 0x00000000c5f00000, 0x00000000c5f00000| Untracked 
|  72|0x00000000c6000000, 0x00000000c6100000, 0x00000000c6100000|100%| O|  |TAMS 0x00000000c6000000, 0x00000000c6000000| Untracked 
|  73|0x00000000c6100000, 0x00000000c6200000, 0x00000000c6200000|100%| O|  |TAMS 0x00000000c6100000, 0x00000000c6100000| Untracked 
|  74|0x00000000c6200000, 0x00000000c6300000, 0x00000000c6300000|100%| O|  |TAMS 0x00000000c6200000, 0x00000000c6200000| Untracked 
|  75|0x00000000c6300000, 0x00000000c632c200, 0x00000000c6400000| 17%| O|  |TAMS 0x00000000c6300000, 0x00000000c6300000| Untracked 
|  76|0x00000000c6400000, 0x00000000c6500000, 0x00000000c6500000|100%|HS|  |TAMS 0x00000000c6400000, 0x00000000c6400000| Complete 
|  77|0x00000000c6500000, 0x00000000c6600000, 0x00000000c6600000|100%|HC|  |TAMS 0x00000000c6500000, 0x00000000c6500000| Complete 
|  78|0x00000000c6600000, 0x00000000c6700000, 0x00000000c6700000|100%|HC|  |TAMS 0x00000000c6600000, 0x00000000c6600000| Complete 
|  79|0x00000000c6700000, 0x00000000c6800000, 0x00000000c6800000|100%|HC|  |TAMS 0x00000000c6700000, 0x00000000c6700000| Complete 
|  80|0x00000000c6800000, 0x00000000c6800000, 0x00000000c6900000|  0%| F|  |TAMS 0x00000000c6800000, 0x00000000c6800000| Untracked 
|  81|0x00000000c6900000, 0x00000000c6900000, 0x00000000c6a00000|  0%| F|  |TAMS 0x00000000c6900000, 0x00000000c6900000| Untracked 
|  82|0x00000000c6a00000, 0x00000000c6a00000, 0x00000000c6b00000|  0%| F|  |TAMS 0x00000000c6a00000, 0x00000000c6a00000| Untracked 
|  83|0x00000000c6b00000, 0x00000000c6b00000, 0x00000000c6c00000|  0%| F|  |TAMS 0x00000000c6b00000, 0x00000000c6b00000| Untracked 
|  84|0x00000000c6c00000, 0x00000000c6c00000, 0x00000000c6d00000|  0%| F|  |TAMS 0x00000000c6c00000, 0x00000000c6c00000| Untracked 
|  85|0x00000000c6d00000, 0x00000000c6d00000, 0x00000000c6e00000|  0%| F|  |TAMS 0x00000000c6d00000, 0x00000000c6d00000| Untracked 
|  86|0x00000000c6e00000, 0x00000000c6e00000, 0x00000000c6f00000|  0%| F|  |TAMS 0x00000000c6e00000, 0x00000000c6e00000| Untracked 
|  87|0x00000000c6f00000, 0x00000000c6f00000, 0x00000000c7000000|  0%| F|  |TAMS 0x00000000c6f00000, 0x00000000c6f00000| Untracked 
|  88|0x00000000c7000000, 0x00000000c7000000, 0x00000000c7100000|  0%| F|  |TAMS 0x00000000c7000000, 0x00000000c7000000| Untracked 
|  89|0x00000000c7100000, 0x00000000c7100000, 0x00000000c7200000|  0%| F|  |TAMS 0x00000000c7100000, 0x00000000c7100000| Untracked 
|  90|0x00000000c7200000, 0x00000000c7200000, 0x00000000c7300000|  0%| F|  |TAMS 0x00000000c7200000, 0x00000000c7200000| Untracked 
|  91|0x00000000c7300000, 0x00000000c7300000, 0x00000000c7400000|  0%| F|  |TAMS 0x00000000c7300000, 0x00000000c7300000| Untracked 
|  92|0x00000000c7400000, 0x00000000c7400000, 0x00000000c7500000|  0%| F|  |TAMS 0x00000000c7400000, 0x00000000c7400000| Untracked 
|  93|0x00000000c7500000, 0x00000000c7500000, 0x00000000c7600000|  0%| F|  |TAMS 0x00000000c7500000, 0x00000000c7500000| Untracked 
|  94|0x00000000c7600000, 0x00000000c7600000, 0x00000000c7700000|  0%| F|  |TAMS 0x00000000c7600000, 0x00000000c7600000| Untracked 
|  95|0x00000000c7700000, 0x00000000c7700000, 0x00000000c7800000|  0%| F|  |TAMS 0x00000000c7700000, 0x00000000c7700000| Untracked 
|  96|0x00000000c7800000, 0x00000000c7800000, 0x00000000c7900000|  0%| F|  |TAMS 0x00000000c7800000, 0x00000000c7800000| Untracked 
|  97|0x00000000c7900000, 0x00000000c7900000, 0x00000000c7a00000|  0%| F|  |TAMS 0x00000000c7900000, 0x00000000c7900000| Untracked 
|  98|0x00000000c7a00000, 0x00000000c7a00000, 0x00000000c7b00000|  0%| F|  |TAMS 0x00000000c7a00000, 0x00000000c7a00000| Untracked 
|  99|0x00000000c7b00000, 0x00000000c7b00000, 0x00000000c7c00000|  0%| F|  |TAMS 0x00000000c7b00000, 0x00000000c7b00000| Untracked 
| 100|0x00000000c7c00000, 0x00000000c7c00000, 0x00000000c7d00000|  0%| F|  |TAMS 0x00000000c7c00000, 0x00000000c7c00000| Untracked 
| 101|0x00000000c7d00000, 0x00000000c7d00000, 0x00000000c7e00000|  0%| F|  |TAMS 0x00000000c7d00000, 0x00000000c7d00000| Untracked 
| 102|0x00000000c7e00000, 0x00000000c7e00000, 0x00000000c7f00000|  0%| F|  |TAMS 0x00000000c7e00000, 0x00000000c7e00000| Untracked 
| 103|0x00000000c7f00000, 0x00000000c7f00000, 0x00000000c8000000|  0%| F|  |TAMS 0x00000000c7f00000, 0x00000000c7f00000| Untracked 
| 104|0x00000000c8000000, 0x00000000c8000000, 0x00000000c8100000|  0%| F|  |TAMS 0x00000000c8000000, 0x00000000c8000000| Untracked 
| 105|0x00000000c8100000, 0x00000000c8100000, 0x00000000c8200000|  0%| F|  |TAMS 0x00000000c8100000, 0x00000000c8100000| Untracked 
| 106|0x00000000c8200000, 0x00000000c8200000, 0x00000000c8300000|  0%| F|  |TAMS 0x00000000c8200000, 0x00000000c8200000| Untracked 
| 107|0x00000000c8300000, 0x00000000c8300000, 0x00000000c8400000|  0%| F|  |TAMS 0x00000000c8300000, 0x00000000c8300000| Untracked 
| 108|0x00000000c8400000, 0x00000000c8400000, 0x00000000c8500000|  0%| F|  |TAMS 0x00000000c8400000, 0x00000000c8400000| Untracked 
| 109|0x00000000c8500000, 0x00000000c8500000, 0x00000000c8600000|  0%| F|  |TAMS 0x00000000c8500000, 0x00000000c8500000| Untracked 
| 110|0x00000000c8600000, 0x00000000c8600000, 0x00000000c8700000|  0%| F|  |TAMS 0x00000000c8600000, 0x00000000c8600000| Untracked 
| 111|0x00000000c8700000, 0x00000000c8700000, 0x00000000c8800000|  0%| F|  |TAMS 0x00000000c8700000, 0x00000000c8700000| Untracked 
| 112|0x00000000c8800000, 0x00000000c8900000, 0x00000000c8900000|100%| S|CS|TAMS 0x00000000c8800000, 0x00000000c8800000| Complete 
| 113|0x00000000c8900000, 0x00000000c8a00000, 0x00000000c8a00000|100%| S|CS|TAMS 0x00000000c8900000, 0x00000000c8900000| Complete 
| 114|0x00000000c8a00000, 0x00000000c8b00000, 0x00000000c8b00000|100%| S|CS|TAMS 0x00000000c8a00000, 0x00000000c8a00000| Complete 
| 115|0x00000000c8b00000, 0x00000000c8c00000, 0x00000000c8c00000|100%| S|CS|TAMS 0x00000000c8b00000, 0x00000000c8b00000| Complete 
| 116|0x00000000c8c00000, 0x00000000c8c00000, 0x00000000c8d00000|  0%| F|  |TAMS 0x00000000c8c00000, 0x00000000c8c00000| Untracked 
| 117|0x00000000c8d00000, 0x00000000c8d00000, 0x00000000c8e00000|  0%| F|  |TAMS 0x00000000c8d00000, 0x00000000c8d00000| Untracked 
| 118|0x00000000c8e00000, 0x00000000c8e00000, 0x00000000c8f00000|  0%| F|  |TAMS 0x00000000c8e00000, 0x00000000c8e00000| Untracked 
| 119|0x00000000c8f00000, 0x00000000c8f00000, 0x00000000c9000000|  0%| F|  |TAMS 0x00000000c8f00000, 0x00000000c8f00000| Untracked 
| 120|0x00000000c9000000, 0x00000000c9000000, 0x00000000c9100000|  0%| F|  |TAMS 0x00000000c9000000, 0x00000000c9000000| Untracked 
| 121|0x00000000c9100000, 0x00000000c9100000, 0x00000000c9200000|  0%| F|  |TAMS 0x00000000c9100000, 0x00000000c9100000| Untracked 
| 122|0x00000000c9200000, 0x00000000c9200000, 0x00000000c9300000|  0%| F|  |TAMS 0x00000000c9200000, 0x00000000c9200000| Untracked 
| 123|0x00000000c9300000, 0x00000000c9300000, 0x00000000c9400000|  0%| F|  |TAMS 0x00000000c9300000, 0x00000000c9300000| Untracked 
| 124|0x00000000c9400000, 0x00000000c9400000, 0x00000000c9500000|  0%| F|  |TAMS 0x00000000c9400000, 0x00000000c9400000| Untracked 
| 125|0x00000000c9500000, 0x00000000c9500000, 0x00000000c9600000|  0%| F|  |TAMS 0x00000000c9500000, 0x00000000c9500000| Untracked 
| 126|0x00000000c9600000, 0x00000000c9600000, 0x00000000c9700000|  0%| F|  |TAMS 0x00000000c9600000, 0x00000000c9600000| Untracked 
| 127|0x00000000c9700000, 0x00000000c9700000, 0x00000000c9800000|  0%| F|  |TAMS 0x00000000c9700000, 0x00000000c9700000| Untracked 
| 128|0x00000000c9800000, 0x00000000c9900000, 0x00000000c9900000|100%| E|CS|TAMS 0x00000000c9800000, 0x00000000c9800000| Complete 
| 129|0x00000000c9900000, 0x00000000c9900000, 0x00000000c9a00000|  0%| F|  |TAMS 0x00000000c9900000, 0x00000000c9900000| Untracked 
| 130|0x00000000c9a00000, 0x00000000c9a00000, 0x00000000c9b00000|  0%| F|  |TAMS 0x00000000c9a00000, 0x00000000c9a00000| Untracked 
| 131|0x00000000c9b00000, 0x00000000c9b00000, 0x00000000c9c00000|  0%| F|  |TAMS 0x00000000c9b00000, 0x00000000c9b00000| Untracked 
| 132|0x00000000c9c00000, 0x00000000c9c00000, 0x00000000c9d00000|  0%| F|  |TAMS 0x00000000c9c00000, 0x00000000c9c00000| Untracked 
| 133|0x00000000c9d00000, 0x00000000c9d00000, 0x00000000c9e00000|  0%| F|  |TAMS 0x00000000c9d00000, 0x00000000c9d00000| Untracked 
| 134|0x00000000c9e00000, 0x00000000c9e00000, 0x00000000c9f00000|  0%| F|  |TAMS 0x00000000c9e00000, 0x00000000c9e00000| Untracked 
| 135|0x00000000c9f00000, 0x00000000c9f00000, 0x00000000ca000000|  0%| F|  |TAMS 0x00000000c9f00000, 0x00000000c9f00000| Untracked 
| 136|0x00000000ca000000, 0x00000000ca061c08, 0x00000000ca100000| 38%| E|  |TAMS 0x00000000ca000000, 0x00000000ca000000| Complete 
| 137|0x00000000ca100000, 0x00000000ca200000, 0x00000000ca200000|100%| E|CS|TAMS 0x00000000ca100000, 0x00000000ca100000| Complete 
| 138|0x00000000ca200000, 0x00000000ca300000, 0x00000000ca300000|100%| E|CS|TAMS 0x00000000ca200000, 0x00000000ca200000| Complete 
| 139|0x00000000ca300000, 0x00000000ca400000, 0x00000000ca400000|100%| E|CS|TAMS 0x00000000ca300000, 0x00000000ca300000| Complete 
| 140|0x00000000ca400000, 0x00000000ca500000, 0x00000000ca500000|100%| E|CS|TAMS 0x00000000ca400000, 0x00000000ca400000| Complete 
| 141|0x00000000ca500000, 0x00000000ca600000, 0x00000000ca600000|100%| E|CS|TAMS 0x00000000ca500000, 0x00000000ca500000| Complete 

Card table byte_map: [0x000001d25acd0000,0x000001d25aed0000] _byte_map_base: 0x000001d25a6c4000

Marking Bits (Prev, Next): (CMBitMap*) 0x000001d2438db8b0, (CMBitMap*) 0x000001d2438db870
 Prev Bits: [0x000001d25c070000, 0x000001d25d010000)
 Next Bits: [0x000001d25b0d0000, 0x000001d25c070000)

Polling page: 0x000001d243070000

Metaspace:

Usage:
  Non-class:     38.56 MB capacity,    38.33 MB (>99%) used,   188.38 KB ( <1%) free+waste,    48.94 KB ( <1%) overhead. 
      Class:      6.03 MB capacity,     5.93 MB ( 98%) used,    84.91 KB (  1%) free+waste,    18.19 KB ( <1%) overhead. 
       Both:     44.59 MB capacity,    44.26 MB (>99%) used,   273.28 KB ( <1%) free+waste,    67.12 KB ( <1%) overhead. 

Virtual space:
  Non-class space:       40.00 MB reserved,      39.08 MB ( 98%) committed 
      Class space:        1.00 GB reserved,       6.12 MB ( <1%) committed 
             Both:        1.04 GB reserved,      45.20 MB (  4%) committed 

Chunk freelists:
   Non-Class:  335.00 KB
       Class:  3.00 KB
        Both:  338.00 KB

MaxMetaspaceSize: 17179869184.00 GB
CompressedClassSpaceSize: 1.00 GB

CodeHeap 'non-profiled nmethods': size=120000Kb used=2855Kb max_used=2958Kb free=117144Kb
 bounds [0x000001d2535a0000, 0x000001d2538a0000, 0x000001d25aad0000]
CodeHeap 'profiled nmethods': size=120000Kb used=10139Kb max_used=11227Kb free=109860Kb
 bounds [0x000001d24c070000, 0x000001d24cb80000, 0x000001d2535a0000]
CodeHeap 'non-nmethods': size=5760Kb used=1511Kb max_used=1565Kb free=4248Kb
 bounds [0x000001d24bad0000, 0x000001d24bd40000, 0x000001d24c070000]
 total_blobs=5813 nmethods=4957 adapters=764
 compilation: enabled
              stopped_count=0, restarted_count=0
 full_count=0

Compilation events (20 events):
Event: 18.833 Thread 0x000001d25f4c3a90 5748       3       jdk.internal.org.objectweb.asm.Type::getClassName (172 bytes)
Event: 18.835 Thread 0x000001d25f4c3a90 nmethod 5748 0x000001d24c10f610 code [0x000001d24c10f960, 0x000001d24c110ce8]
Event: 18.839 Thread 0x000001d25f4c3a90 5749   !   3       java.lang.invoke.MethodHandles$Lookup$ClassFile::newInstance (367 bytes)
Event: 18.842 Thread 0x000001d25f4c3a90 nmethod 5749 0x000001d24c3ed490 code [0x000001d24c3edb60, 0x000001d24c3f09b8]
Event: 18.842 Thread 0x000001d25f4c3a90 5750       3       java.lang.invoke.MethodHandles$Lookup$ClassDefiner::defineClassAsLookup (19 bytes)
Event: 18.843 Thread 0x000001d25f4c3a90 nmethod 5750 0x000001d24c397a10 code [0x000001d24c397bc0, 0x000001d24c397db8]
Event: 18.846 Thread 0x000001d25f4c3a90 5751  s    3       javax.swing.RepaintManager::getPaintManager (107 bytes)
Event: 18.846 Thread 0x000001d25f4c3a90 nmethod 5751 0x000001d24c2c7190 code [0x000001d24c2c73c0, 0x000001d24c2c7bc8]
Event: 18.898 Thread 0x000001d25f4c3a90 5753   !   3       java.util.logging.LogManager::ensureLogManagerInitialized (144 bytes)
Event: 18.899 Thread 0x000001d25f4c3a90 nmethod 5753 0x000001d24c7d5b10 code [0x000001d24c7d5de0, 0x000001d24c7d6fb8]
Event: 18.914 Thread 0x000001d25f4c0ee0 nmethod 5721% 0x000001d253883a90 code [0x000001d253883d80, 0x000001d2538876f8]
Event: 18.914 Thread 0x000001d25f4c0ee0 5716   !   4       javax.swing.JComponent::getClientProperty (56 bytes)
Event: 18.928 Thread 0x000001d25f4c0ee0 nmethod 5716 0x000001d253700810 code [0x000001d2537009c0, 0x000001d253701418]
Event: 18.928 Thread 0x000001d25f4c0ee0 5699       4       java.awt.Component::getInputContext (16 bytes)
Event: 18.929 Thread 0x000001d25f4c0ee0 nmethod 5699 0x000001d253700510 code [0x000001d253700680, 0x000001d253700718]
Event: 18.929 Thread 0x000001d25f4c0ee0 5714       4       java.util.HashMap::afterNodeRemoval (1 bytes)
Event: 18.929 Thread 0x000001d25f4c0ee0 nmethod 5714 0x000001d253700090 code [0x000001d253700200, 0x000001d253700258]
Event: 18.929 Thread 0x000001d25f4c0ee0 5667       4       javax.swing.KeyboardManager::getCurrentManager (4 bytes)
Event: 18.929 Thread 0x000001d25f4c0ee0 nmethod 5667 0x000001d2535f6e10 code [0x000001d2535f6f80, 0x000001d2535f6fd8]
Event: 18.931 Thread 0x000001d264dfa110 nmethod 5694 0x000001d253889810 code [0x000001d253889d40, 0x000001d253890158]

GC Heap History (20 events):
Event: 8.928 GC heap before
{Heap before GC invocations=8 (full 0):
 garbage-first heap   total 78848K, used 52049K [0x00000000c1800000, 0x0000000100000000)
  region size 1024K, 26 young (26624K), 3 survivors (3072K)
 Metaspace       used 31927K, capacity 32220K, committed 32560K, reserved 1077248K
  class space    used 3785K, capacity 3883K, committed 3968K, reserved 1048576K
}
Event: 8.938 GC heap after
{Heap after GC invocations=9 (full 0):
 garbage-first heap   total 78848K, used 35491K [0x00000000c1800000, 0x0000000100000000)
  region size 1024K, 4 young (4096K), 4 survivors (4096K)
 Metaspace       used 31927K, capacity 32220K, committed 32560K, reserved 1077248K
  class space    used 3785K, capacity 3883K, committed 3968K, reserved 1048576K
}
Event: 11.509 GC heap before
{Heap before GC invocations=9 (full 0):
 garbage-first heap   total 78848K, used 54947K [0x00000000c1800000, 0x0000000100000000)
  region size 1024K, 24 young (24576K), 4 survivors (4096K)
 Metaspace       used 34786K, capacity 35101K, committed 35632K, reserved 1081344K
  class space    used 4339K, capacity 4427K, committed 4480K, reserved 1048576K
}
Event: 11.519 GC heap after
{Heap after GC invocations=10 (full 0):
 garbage-first heap   total 78848K, used 39744K [0x00000000c1800000, 0x0000000100000000)
  region size 1024K, 3 young (3072K), 3 survivors (3072K)
 Metaspace       used 34786K, capacity 35101K, committed 35632K, reserved 1081344K
  class space    used 4339K, capacity 4427K, committed 4480K, reserved 1048576K
}
Event: 12.075 GC heap before
{Heap before GC invocations=10 (full 0):
 garbage-first heap   total 78848K, used 44864K [0x00000000c1800000, 0x0000000100000000)
  region size 1024K, 9 young (9216K), 3 survivors (3072K)
 Metaspace       used 35187K, capacity 35486K, committed 35920K, reserved 1081344K
  class space    used 4441K, capacity 4555K, committed 4608K, reserved 1048576K
}
Event: 12.082 GC heap after
{Heap after GC invocations=11 (full 0):
 garbage-first heap   total 78848K, used 41821K [0x00000000c1800000, 0x0000000100000000)
  region size 1024K, 2 young (2048K), 2 survivors (2048K)
 Metaspace       used 35187K, capacity 35486K, committed 35920K, reserved 1081344K
  class space    used 4441K, capacity 4555K, committed 4608K, reserved 1048576K
}
Event: 13.500 GC heap before
{Heap before GC invocations=12 (full 0):
 garbage-first heap   total 78848K, used 59229K [0x00000000c1800000, 0x0000000100000000)
  region size 1024K, 19 young (19456K), 2 survivors (2048K)
 Metaspace       used 38252K, capacity 38546K, committed 38992K, reserved 1083392K
  class space    used 4940K, capacity 5041K, committed 5120K, reserved 1048576K
}
Event: 13.507 GC heap after
{Heap after GC invocations=13 (full 0):
 garbage-first heap   total 78848K, used 44535K [0x00000000c1800000, 0x0000000100000000)
  region size 1024K, 3 young (3072K), 3 survivors (3072K)
 Metaspace       used 38252K, capacity 38546K, committed 38992K, reserved 1083392K
  class space    used 4940K, capacity 5041K, committed 5120K, reserved 1048576K
}
Event: 14.230 GC heap before
{Heap before GC invocations=13 (full 0):
 garbage-first heap   total 78848K, used 59895K [0x00000000c1800000, 0x0000000100000000)
  region size 1024K, 19 young (19456K), 3 survivors (3072K)
 Metaspace       used 40702K, capacity 41006K, committed 41552K, reserved 1085440K
  class space    used 5261K, capacity 5369K, committed 5376K, reserved 1048576K
}
Event: 14.237 GC heap after
{Heap after GC invocations=14 (full 0):
 garbage-first heap   total 78848K, used 48598K [0x00000000c1800000, 0x0000000100000000)
  region size 1024K, 3 young (3072K), 3 survivors (3072K)
 Metaspace       used 40702K, capacity 41006K, committed 41552K, reserved 1085440K
  class space    used 5261K, capacity 5369K, committed 5376K, reserved 1048576K
}
Event: 14.637 GC heap before
{Heap before GC invocations=15 (full 0):
 garbage-first heap   total 87040K, used 59862K [0x00000000c1800000, 0x0000000100000000)
  region size 1024K, 15 young (15360K), 3 survivors (3072K)
 Metaspace       used 41187K, capacity 41550K, committed 41936K, reserved 1085440K
  class space    used 5367K, capacity 5465K, committed 5504K, reserved 1048576K
}
Event: 14.642 GC heap after
{Heap after GC invocations=16 (full 0):
 garbage-first heap   total 87040K, used 53155K [0x00000000c1800000, 0x0000000100000000)
  region size 1024K, 2 young (2048K), 2 survivors (2048K)
 Metaspace       used 41187K, capacity 41550K, committed 41936K, reserved 1085440K
  class space    used 5367K, capacity 5465K, committed 5504K, reserved 1048576K
}
Event: 15.038 GC heap before
{Heap before GC invocations=16 (full 0):
 garbage-first heap   total 87040K, used 65443K [0x00000000c1800000, 0x0000000100000000)
  region size 1024K, 16 young (16384K), 2 survivors (2048K)
 Metaspace       used 41693K, capacity 41998K, committed 42576K, reserved 1087488K
  class space    used 5506K, capacity 5593K, committed 5632K, reserved 1048576K
}
Event: 15.045 GC heap after
{Heap after GC invocations=17 (full 0):
 garbage-first heap   total 87040K, used 57914K [0x00000000c1800000, 0x0000000100000000)
  region size 1024K, 2 young (2048K), 2 survivors (2048K)
 Metaspace       used 41693K, capacity 41998K, committed 42576K, reserved 1087488K
  class space    used 5506K, capacity 5593K, committed 5632K, reserved 1048576K
}
Event: 15.204 GC heap before
{Heap before GC invocations=17 (full 0):
 garbage-first heap   total 132096K, used 77370K [0x00000000c1800000, 0x0000000100000000)
  region size 1024K, 13 young (13312K), 2 survivors (2048K)
 Metaspace       used 41794K, capacity 42094K, committed 42576K, reserved 1087488K
  class space    used 5535K, capacity 5625K, committed 5632K, reserved 1048576K
}
Event: 15.208 GC heap after
{Heap after GC invocations=18 (full 0):
 garbage-first heap   total 132096K, used 67787K [0x00000000c1800000, 0x0000000100000000)
  region size 1024K, 1 young (1024K), 1 survivors (1024K)
 Metaspace       used 41794K, capacity 42094K, committed 42576K, reserved 1087488K
  class space    used 5535K, capacity 5625K, committed 5632K, reserved 1048576K
}
Event: 16.100 GC heap before
{Heap before GC invocations=19 (full 0):
 garbage-first heap   total 132096K, used 97483K [0x00000000c1800000, 0x0000000100000000)
  region size 1024K, 31 young (31744K), 1 survivors (1024K)
 Metaspace       used 42589K, capacity 42895K, committed 43344K, reserved 1087488K
  class space    used 5735K, capacity 5849K, committed 5888K, reserved 1048576K
}
Event: 16.107 GC heap after
{Heap after GC invocations=20 (full 0):
 garbage-first heap   total 132096K, used 76451K [0x00000000c1800000, 0x0000000100000000)
  region size 1024K, 4 young (4096K), 4 survivors (4096K)
 Metaspace       used 42589K, capacity 42895K, committed 43344K, reserved 1087488K
  class space    used 5735K, capacity 5849K, committed 5888K, reserved 1048576K
}
Event: 16.716 GC heap before
{Heap before GC invocations=20 (full 0):
 garbage-first heap   total 132096K, used 87715K [0x00000000c1800000, 0x0000000100000000)
  region size 1024K, 17 young (17408K), 4 survivors (4096K)
 Metaspace       used 43658K, capacity 43951K, committed 44496K, reserved 1087488K
  class space    used 5857K, capacity 5945K, committed 6016K, reserved 1048576K
}
Event: 16.722 GC heap after
{Heap after GC invocations=21 (full 0):
 garbage-first heap   total 132096K, used 81072K [0x00000000c1800000, 0x0000000100000000)
  region size 1024K, 4 young (4096K), 4 survivors (4096K)
 Metaspace       used 43658K, capacity 43951K, committed 44496K, reserved 1087488K
  class space    used 5857K, capacity 5945K, committed 6016K, reserved 1048576K
}

Deoptimization events (20 events):
Event: 18.765 Thread 0x000001d260acf030 Uncommon trap: trap_request=0xffffff45 fr.pc=0x000001d253747248 relative=0x00000000000000a8
Event: 18.765 Thread 0x000001d260acf030 Uncommon trap: reason=unstable_if action=reinterpret pc=0x000001d253747248 method=javax.swing.plaf.basic.BasicHTML.isHTMLString(Ljava/lang/String;)Z @ 1 c2
Event: 18.765 Thread 0x000001d260acf030 DEOPT PACKING pc=0x000001d253747248 sp=0x000000113c1fd810
Event: 18.765 Thread 0x000001d260acf030 DEOPT UNPACKING pc=0x000001d24bb1e42f sp=0x000000113c1fd7a8 mode 2
Event: 18.772 Thread 0x000001d260acf030 Uncommon trap: trap_request=0xffffff45 fr.pc=0x000001d253867fe0 relative=0x0000000000004b40
Event: 18.772 Thread 0x000001d260acf030 Uncommon trap: reason=unstable_if action=reinterpret pc=0x000001d253867fe0 method=java.awt.Window.setBounds(IIII)V @ 13 c2
Event: 18.772 Thread 0x000001d260acf030 DEOPT PACKING pc=0x000001d253867fe0 sp=0x000000113c1fdc60
Event: 18.772 Thread 0x000001d260acf030 DEOPT UNPACKING pc=0x000001d24bb1e42f sp=0x000000113c1fdca8 mode 2
Event: 18.811 Thread 0x000001d260acf030 Uncommon trap: trap_request=0xffffffc6 fr.pc=0x000001d2536c2664 relative=0x0000000000000104
Event: 18.811 Thread 0x000001d260acf030 Uncommon trap: reason=bimorphic_or_optimized_type_check action=maybe_recompile pc=0x000001d2536c2664 method=java.awt.Component.getBackground()Ljava/awt/Color; @ 21 c2
Event: 18.811 Thread 0x000001d260acf030 DEOPT PACKING pc=0x000001d2536c2664 sp=0x000000113c1fd1b0
Event: 18.811 Thread 0x000001d260acf030 DEOPT UNPACKING pc=0x000001d24bb1e42f sp=0x000000113c1fd130 mode 2
Event: 18.812 Thread 0x000001d260acf030 Uncommon trap: trap_request=0xffffffc6 fr.pc=0x000001d2536c2664 relative=0x0000000000000104
Event: 18.812 Thread 0x000001d260acf030 Uncommon trap: reason=bimorphic_or_optimized_type_check action=maybe_recompile pc=0x000001d2536c2664 method=java.awt.Component.getBackground()Ljava/awt/Color; @ 21 c2
Event: 18.812 Thread 0x000001d260acf030 DEOPT PACKING pc=0x000001d2536c2664 sp=0x000000113c1fcbf0
Event: 18.812 Thread 0x000001d260acf030 DEOPT UNPACKING pc=0x000001d24bb1e42f sp=0x000000113c1fcb70 mode 2
Event: 18.826 Thread 0x000001d26298cc90 Uncommon trap: trap_request=0xffffff45 fr.pc=0x000001d2535a97b4 relative=0x0000000000000034
Event: 18.826 Thread 0x000001d26298cc90 Uncommon trap: reason=unstable_if action=reinterpret pc=0x000001d2535a97b4 method=java.lang.StringLatin1.canEncode(I)Z @ 4 c2
Event: 18.826 Thread 0x000001d26298cc90 DEOPT PACKING pc=0x000001d2535a97b4 sp=0x000000113cefc8f0
Event: 18.826 Thread 0x000001d26298cc90 DEOPT UNPACKING pc=0x000001d24bb1e42f sp=0x000000113cefc880 mode 2

Classes unloaded (0 events):
No events

Classes redefined (0 events):
No events

Internal exceptions (20 events):
Event: 12.201 Thread 0x000001d260acf030 Implicit null exception at 0x000001d2537a18d0 to 0x000001d2537a1a60
Event: 13.263 Thread 0x000001d26298c7c0 Implicit null exception at 0x000001d2537d71f1 to 0x000001d2537d91b4
Event: 13.498 Thread 0x000001d26298c7c0 Exception <a 'java/lang/NoSuchMethodError'{0x00000000c52f5758}: 'int java.lang.invoke.DirectMethodHandle$Holder.invokeStaticInit(java.lang.Object, java.lang.Object, java.lang.Object)'> (0x00000000c52f5758) 
thrown [./open/src/hotspot/share/interpreter/linkResolver.cpp, line 782]
Event: 13.525 Thread 0x000001d26298c7c0 Exception <a 'java/lang/NoSuchMethodError'{0x00000000c64a6470}: 'java.lang.Object java.lang.invoke.DirectMethodHandle$Holder.newInvokeSpecial(java.lang.Object, java.lang.Object, int, java.lang.Object)'> (0x00000000c64a6470) 
thrown [./open/src/hotspot/share/interpreter/linkResolver.cpp, line 782]
Event: 13.525 Thread 0x000001d26298c7c0 Exception <a 'java/lang/NoSuchMethodError'{0x00000000c64aa6b0}: 'java.lang.Object java.lang.invoke.DirectMethodHandle$Holder.invokeSpecial(java.lang.Object, java.lang.Object, java.lang.Object, int, java.lang.Object)'> (0x00000000c64aa6b0) 
thrown [./open/src/hotspot/share/interpreter/linkResolver.cpp, line 782]
Event: 13.566 Thread 0x000001d26298cc90 Implicit null exception at 0x000001d253660273 to 0x000001d253660600
Event: 13.584 Thread 0x000001d26298d160 Implicit null exception at 0x000001d2538154db to 0x000001d253816fc0
Event: 13.901 Thread 0x000001d260acf030 Exception <a 'java/lang/NoSuchMethodError'{0x00000000c5d094e0}: 'java.lang.Object java.lang.invoke.DirectMethodHandle$Holder.invokeStaticInit(java.lang.Object, java.lang.Object, java.lang.Object, java.lang.Object)'> (0x00000000c5d094e0) 
thrown [./open/src/hotspot/share/interpreter/linkResolver.cpp, line 782]
Event: 14.471 Thread 0x000001d26298afb0 Implicit null exception at 0x000001d25383f12d to 0x000001d2538402a8
Event: 16.643 Thread 0x000001d260acf030 Implicit null exception at 0x000001d2536eafa6 to 0x000001d2536eb7bc
Event: 18.583 Thread 0x000001d260acf030 Implicit null exception at 0x000001d2536705ef to 0x000001d2536716d4
Event: 18.762 Thread 0x000001d260acf030 Implicit null exception at 0x000001d2535fa155 to 0x000001d2535fab2f
Event: 18.763 Thread 0x000001d260acf030 Implicit null exception at 0x000001d253743f3f to 0x000001d25374595c
Event: 18.765 Thread 0x000001d260acf030 Implicit null exception at 0x000001d2537fe251 to 0x000001d2537fe7e4
Event: 18.765 Thread 0x000001d260acf030 Implicit null exception at 0x000001d2537471ac to 0x000001d253747238
Event: 18.792 Thread 0x000001d260acf030 Exception <a 'java/lang/NoSuchMethodError'{0x00000000ca4f3b40}: 'int java.lang.invoke.DirectMethodHandle$Holder.invokeStatic(java.lang.Object)'> (0x00000000ca4f3b40) 
thrown [./open/src/hotspot/share/interpreter/linkResolver.cpp, line 782]
Event: 18.817 Thread 0x000001d26298cc90 Exception <a 'java/lang/NullPointerException'{0x00000000ca3603c0}> (0x00000000ca3603c0) 
thrown [./open/src/hotspot/share/interpreter/linkResolver.cpp, line 1374]
Event: 18.829 Thread 0x000001d26298cc90 Exception <a 'java/lang/NoSuchMethodError'{0x00000000ca3e9628}: 'void java.lang.invoke.DirectMethodHandle$Holder.invokeSpecial(java.lang.Object, java.lang.Object, java.lang.Object, java.lang.Object, java.lang.Object)'> (0x00000000ca3e9628) 
thrown [./open/src/hotspot/share/interpreter/linkResolver.cpp, line 782]
Event: 18.877 Thread 0x000001d26298cc90 Exception <a 'java/lang/NoSuchMethodError'{0x00000000ca2e0220}: 'int java.lang.invoke.DirectMethodHandle$Holder.invokeSpecial(java.lang.Object, java.lang.Object, java.lang.Object, java.lang.Object)'> (0x00000000ca2e0220) 
thrown [./open/src/hotspot/share/interpreter/linkResolver.cpp, line 782]
Event: 18.952 Thread 0x000001d26298cc90 Exception <a 'java/lang/NoSuchMethodError'{0x00000000ca05f658}: fwkIsMainThread> (0x00000000ca05f658) 
thrown [./open/src/hotspot/share/prims/jni.cpp, line 1171]

Events (20 events):
Event: 18.814 loading class sun/swing/ImageCache$Entry done
Event: 18.823 loading class java/util/WeakHashMap$KeyIterator
Event: 18.823 loading class java/util/WeakHashMap$HashIterator
Event: 18.823 loading class java/util/WeakHashMap$HashIterator done
Event: 18.823 loading class java/util/WeakHashMap$KeyIterator done
Event: 18.900 loading class java/util/concurrent/Executors$DelegatedScheduledExecutorService
Event: 18.900 loading class java/util/concurrent/ScheduledExecutorService
Event: 18.900 loading class java/util/concurrent/ScheduledExecutorService done
Event: 18.900 loading class java/util/concurrent/Executors$DelegatedScheduledExecutorService done
Event: 18.900 loading class java/util/concurrent/ScheduledThreadPoolExecutor
Event: 18.900 loading class java/util/concurrent/ScheduledThreadPoolExecutor done
Event: 18.900 loading class java/util/concurrent/ScheduledThreadPoolExecutor$DelayedWorkQueue
Event: 18.900 loading class java/util/concurrent/ScheduledThreadPoolExecutor$DelayedWorkQueue done
Event: 18.900 loading class java/util/concurrent/RunnableScheduledFuture
Event: 18.900 loading class java/util/concurrent/ScheduledFuture
Event: 18.900 loading class java/util/concurrent/ScheduledFuture done
Event: 18.900 loading class java/util/concurrent/RunnableScheduledFuture done
Event: 18.912 loading class java/net/CookieHandler
Event: 18.912 loading class java/net/CookieHandler done
Event: 18.921 Loaded shared library C:\Program Files\BellSoft\LibericaJDK-13-Full\bin\jfxwebkit.dll


Dynamic libraries:
0x00007ff698970000 - 0x00007ff69897f000 	C:\Program Files\Java\jdk-15.0.2\bin\java.exe
0x00007ffe61630000 - 0x00007ffe61828000 	C:\WINDOWS\SYSTEM32\ntdll.dll
0x00007ffe5fd30000 - 0x00007ffe5fdef000 	C:\WINDOWS\System32\KERNEL32.DLL
0x00007ffe5ee60000 - 0x00007ffe5f13a000 	C:\WINDOWS\System32\KERNELBASE.dll
0x00007ffe5f2d0000 - 0x00007ffe5f3d0000 	C:\WINDOWS\System32\ucrtbase.dll
0x00007ffe5a7e0000 - 0x00007ffe5a7f9000 	C:\Program Files\Java\jdk-15.0.2\bin\VCRUNTIME140.dll
0x00007ffe43360000 - 0x00007ffe43378000 	C:\Program Files\Java\jdk-15.0.2\bin\jli.dll
0x00007ffe611a0000 - 0x00007ffe6124e000 	C:\WINDOWS\System32\ADVAPI32.dll
0x00007ffe5ff30000 - 0x00007ffe5ffce000 	C:\WINDOWS\System32\msvcrt.dll
0x00007ffe60d50000 - 0x00007ffe60dec000 	C:\WINDOWS\System32\sechost.dll
0x00007ffe603b0000 - 0x00007ffe604d6000 	C:\WINDOWS\System32\RPCRT4.dll
0x00007ffe60df0000 - 0x00007ffe60f8d000 	C:\WINDOWS\System32\USER32.dll
0x00007ffe4e3b0000 - 0x00007ffe4e64a000 	C:\WINDOWS\WinSxS\amd64_microsoft.windows.common-controls_6595b64144ccf1df_6.0.19041.1110_none_60b5254171f9507e\COMCTL32.dll
0x00007ffe5ede0000 - 0x00007ffe5ee02000 	C:\WINDOWS\System32\win32u.dll
0x00007ffe60c70000 - 0x00007ffe60c9b000 	C:\WINDOWS\System32\GDI32.dll
0x00007ffe5f440000 - 0x00007ffe5f550000 	C:\WINDOWS\System32\gdi32full.dll
0x00007ffe5ed40000 - 0x00007ffe5eddd000 	C:\WINDOWS\System32\msvcp_win.dll
0x00007ffe52bc0000 - 0x00007ffe52bca000 	C:\WINDOWS\SYSTEM32\VERSION.dll
0x00007ffe604e0000 - 0x00007ffe60510000 	C:\WINDOWS\System32\IMM32.DLL
0x00007ffe511d0000 - 0x00007ffe511dc000 	C:\Program Files\Java\jdk-15.0.2\bin\vcruntime140_1.dll
0x00007ffe47500000 - 0x00007ffe47591000 	C:\Program Files\Java\jdk-15.0.2\bin\msvcp140.dll
0x00007ffe383b0000 - 0x00007ffe38f0e000 	C:\Program Files\Java\jdk-15.0.2\bin\server\jvm.dll
0x00007ffe5fec0000 - 0x00007ffe5fec8000 	C:\WINDOWS\System32\PSAPI.DLL
0x00007ffe580c0000 - 0x00007ffe580c9000 	C:\WINDOWS\SYSTEM32\WSOCK32.dll
0x00007ffe4a880000 - 0x00007ffe4a8a7000 	C:\WINDOWS\SYSTEM32\WINMM.dll
0x00007ffe61460000 - 0x00007ffe614cb000 	C:\WINDOWS\System32\WS2_32.dll
0x00007ffe5cc20000 - 0x00007ffe5cc32000 	C:\WINDOWS\SYSTEM32\kernel.appcore.dll
0x00007ffe50680000 - 0x00007ffe5068a000 	C:\Program Files\Java\jdk-15.0.2\bin\jimage.dll
0x00007ffe4d820000 - 0x00007ffe4da04000 	C:\WINDOWS\SYSTEM32\DBGHELP.DLL
0x00007ffe4d7a0000 - 0x00007ffe4d7d4000 	C:\WINDOWS\SYSTEM32\dbgcore.DLL
0x00007ffe5f600000 - 0x00007ffe5f682000 	C:\WINDOWS\System32\bcryptPrimitives.dll
0x00007ffe475c0000 - 0x00007ffe475e5000 	C:\Program Files\Java\jdk-15.0.2\bin\java.dll
0x00007ffe60520000 - 0x00007ffe60c64000 	C:\WINDOWS\System32\SHELL32.dll
0x00007ffe5ce20000 - 0x00007ffe5d5b3000 	C:\WINDOWS\SYSTEM32\windows.storage.dll
0x00007ffe5ffd0000 - 0x00007ffe60324000 	C:\WINDOWS\System32\combase.dll
0x00007ffe5e6c0000 - 0x00007ffe5e6ee000 	C:\WINDOWS\SYSTEM32\Wldp.dll
0x00007ffe5fc50000 - 0x00007ffe5fcfd000 	C:\WINDOWS\System32\SHCORE.dll
0x00007ffe5fb00000 - 0x00007ffe5fb55000 	C:\WINDOWS\System32\shlwapi.dll
0x00007ffe5ec80000 - 0x00007ffe5ec9f000 	C:\WINDOWS\SYSTEM32\profapi.dll
0x00007ffe50000000 - 0x00007ffe50019000 	C:\Program Files\Java\jdk-15.0.2\bin\net.dll
0x00007ffe53af0000 - 0x00007ffe53bfa000 	C:\WINDOWS\SYSTEM32\WINHTTP.dll
0x00007ffe5e420000 - 0x00007ffe5e48a000 	C:\WINDOWS\system32\mswsock.dll
0x00007ffe4ff70000 - 0x00007ffe4ff82000 	C:\Program Files\Java\jdk-15.0.2\bin\nio.dll
0x00007ffe475a0000 - 0x00007ffe475b8000 	C:\Program Files\Java\jdk-15.0.2\bin\zip.dll
0x00007ffe3a350000 - 0x00007ffe3a4d0000 	C:\Program Files\Java\jdk-15.0.2\bin\awt.dll
0x00007ffe5fdf0000 - 0x00007ffe5febd000 	C:\WINDOWS\System32\OLEAUT32.dll
0x00007ffe5c490000 - 0x00007ffe5c520000 	C:\WINDOWS\SYSTEM32\apphelp.dll
0x00007ffe5c750000 - 0x00007ffe5c7ee000 	C:\WINDOWS\system32\uxtheme.dll
0x00007ffe4fb60000 - 0x00007ffe4fb8e000 	C:\Program Files\uvnc bvba\UltraVNC\schook64.dll
0x00007ffe614d0000 - 0x00007ffe615e4000 	C:\WINDOWS\System32\MSCTF.dll
0x00007ffe60f90000 - 0x00007ffe610ba000 	C:\WINDOWS\System32\ole32.dll
0x00007ffe5ca40000 - 0x00007ffe5ca6f000 	C:\WINDOWS\system32\DWMAPI.DLL
0x00007ffe2fbb0000 - 0x00007ffe2fc60000 	C:\WINDOWS\WinSxS\amd64_microsoft.windows.common-controls_6595b64144ccf1df_5.82.19041.1110_none_792d1c772443f647\comctl32.dll
0x00007ffe43430000 - 0x00007ffe434b5000 	C:\Program Files\Java\jdk-15.0.2\bin\freetype.dll
0x00007ffe3d060000 - 0x00007ffe3d109000 	C:\Program Files\Java\jdk-15.0.2\bin\fontmanager.dll
0x00007ffe48d60000 - 0x00007ffe48e85000 	C:\WINDOWS\system32\opengl32.dll
0x00007ffe49cb0000 - 0x00007ffe49cdc000 	C:\WINDOWS\SYSTEM32\GLU32.dll
0x00007ffe60ca0000 - 0x00007ffe60d49000 	C:\WINDOWS\System32\clbcatq.dll
0x00007ffe5a8d0000 - 0x00007ffe5a9c6000 	C:\WINDOWS\SYSTEM32\PROPSYS.dll
0x00007ffe50190000 - 0x00007ffe501a7000 	C:\WINDOWS\system32\NetworkExplorer.dll
0x00007ffe5ee10000 - 0x00007ffe5ee5e000 	C:\WINDOWS\System32\CFGMGR32.dll
0x00007ffe4be40000 - 0x00007ffe4be5d000 	C:\WINDOWS\SYSTEM32\MPR.dll
0x00007ffe30a80000 - 0x00007ffe30a8b000 	C:\WINDOWS\System32\drprov.dll
0x00007ffe5e850000 - 0x00007ffe5e8b4000 	C:\WINDOWS\System32\WINSTA.dll
0x00007ffe30a60000 - 0x00007ffe30a7f000 	C:\WINDOWS\System32\ntlanman.dll
0x00007ffe30a40000 - 0x00007ffe30a5e000 	C:\WINDOWS\System32\davclnt.dll
0x00007ffe30a30000 - 0x00007ffe30a3d000 	C:\WINDOWS\System32\DAVHLPR.dll
0x00007ffe5dea0000 - 0x00007ffe5deb9000 	C:\WINDOWS\System32\wkscli.dll
0x00007ffe4e850000 - 0x00007ffe4e862000 	C:\WINDOWS\SYSTEM32\cscapi.dll
0x00007ffe5e220000 - 0x00007ffe5e22c000 	C:\WINDOWS\System32\netutils.dll
0x00007ffe500d0000 - 0x00007ffe50126000 	C:\Windows\System32\dlnashext.dll
0x00007ffe448f0000 - 0x00007ffe44954000 	C:\Windows\System32\PlayToDevice.dll
0x00007ffe4ff50000 - 0x00007ffe4ff70000 	C:\Windows\System32\DevDispItemProvider.dll
0x00007ffe58d80000 - 0x00007ffe58e05000 	C:\WINDOWS\System32\MMDevApi.dll
0x00007ffe5ea80000 - 0x00007ffe5eaac000 	C:\WINDOWS\System32\DEVOBJ.dll
0x00007ffe5e110000 - 0x00007ffe5e14c000 	C:\Windows\System32\IPHLPAPI.DLL
0x00007ffe5fd00000 - 0x00007ffe5fd08000 	C:\WINDOWS\System32\NSI.dll
0x00007ffe562b0000 - 0x00007ffe562c7000 	C:\WINDOWS\SYSTEM32\dhcpcsvc6.DLL
0x00007ffe57740000 - 0x00007ffe5775d000 	C:\WINDOWS\SYSTEM32\dhcpcsvc.DLL
0x00007ffe5e150000 - 0x00007ffe5e21b000 	C:\WINDOWS\SYSTEM32\DNSAPI.dll
0x00007ffe58a60000 - 0x00007ffe58a6b000 	C:\WINDOWS\SYSTEM32\WINNSI.DLL
0x00007ffe5a440000 - 0x00007ffe5a47e000 	C:\WINDOWS\System32\netprofm.dll
0x00007ffe580b0000 - 0x00007ffe580c0000 	C:\WINDOWS\System32\npmproxy.dll
0x00007ffe3d430000 - 0x00007ffe3d4d1000 	C:\WINDOWS\system32\wpdshext.dll
0x00007ffe2ff40000 - 0x00007ffe300e5000 	C:\WINDOWS\WinSxS\amd64_microsoft.windows.gdiplus_6595b64144ccf1df_1.1.19041.2251_none_91a40448cc8846c1\gdiplus.dll
0x00007ffe59630000 - 0x00007ffe596d3000 	C:\Windows\System32\PortableDeviceApi.dll
0x00007ffe5f690000 - 0x00007ffe5faf8000 	C:\WINDOWS\System32\SETUPAPI.dll
0x00007ffe5f140000 - 0x00007ffe5f167000 	C:\WINDOWS\System32\bcrypt.dll
0x00007ffe5f3d0000 - 0x00007ffe5f437000 	C:\WINDOWS\System32\WINTRUST.dll
0x00007ffe5f170000 - 0x00007ffe5f2c6000 	C:\WINDOWS\System32\CRYPT32.dll
0x00007ffe5e8c0000 - 0x00007ffe5e8d2000 	C:\WINDOWS\System32\MSASN1.dll
0x00007ffe44860000 - 0x00007ffe44897000 	C:\Windows\System32\EhStorShell.dll
0x00007ffe4faa0000 - 0x00007ffe4fac6000 	C:\Windows\System32\EhStorAPI.dll
0x00007ffe5c0f0000 - 0x00007ffe5c104000 	C:\Windows\System32\WTSAPI32.dll
0x00007ffe47990000 - 0x00007ffe4799d000 	C:\WINDOWS\SYSTEM32\LINKINFO.dll
0x00007ffe50670000 - 0x00007ffe50680000 	C:\Program Files\Java\jdk-15.0.2\bin\verify.dll
0x00007ffe596e0000 - 0x00007ffe59894000 	C:\WINDOWS\SYSTEM32\WindowsCodecs.dll
0x00007ffe45c30000 - 0x00007ffe45c6e000 	C:\WINDOWS\system32\dataexchange.dll
0x00007ffe5b7f0000 - 0x00007ffe5b9d3000 	C:\WINDOWS\system32\dcomp.dll
0x00007ffe5af90000 - 0x00007ffe5b1f3000 	C:\WINDOWS\system32\d3d11.dll
0x00007ffe5d600000 - 0x00007ffe5d6f3000 	C:\WINDOWS\system32\dxgi.dll
0x00007ffe59930000 - 0x00007ffe59b30000 	C:\WINDOWS\system32\twinapi.appcore.dll
0x000001d264140000 - 0x000001d264143000 	C:\Program Files\Java\jdk-15.0.2\bin\api-ms-win-core-console-l1-1-0.dll
0x000001d265fd0000 - 0x000001d265fd3000 	C:\Program Files\Java\jdk-15.0.2\bin\api-ms-win-core-datetime-l1-1-0.dll
0x000001d265fe0000 - 0x000001d265fe3000 	C:\Program Files\Java\jdk-15.0.2\bin\api-ms-win-core-debug-l1-1-0.dll
0x000001d265ff0000 - 0x000001d265ff3000 	C:\Program Files\Java\jdk-15.0.2\bin\api-ms-win-core-errorhandling-l1-1-0.dll
0x000001d266000000 - 0x000001d266004000 	C:\Program Files\Java\jdk-15.0.2\bin\api-ms-win-core-file-l1-1-0.dll
0x000001d266010000 - 0x000001d266013000 	C:\Program Files\Java\jdk-15.0.2\bin\api-ms-win-core-file-l1-2-0.dll
0x000001d266020000 - 0x000001d266023000 	C:\Program Files\Java\jdk-15.0.2\bin\api-ms-win-core-file-l2-1-0.dll
0x000001d266030000 - 0x000001d266033000 	C:\Program Files\Java\jdk-15.0.2\bin\api-ms-win-core-handle-l1-1-0.dll
0x000001d266040000 - 0x000001d266043000 	C:\Program Files\Java\jdk-15.0.2\bin\api-ms-win-core-heap-l1-1-0.dll
0x000001d266050000 - 0x000001d266053000 	C:\Program Files\Java\jdk-15.0.2\bin\api-ms-win-core-interlocked-l1-1-0.dll
0x000001d266060000 - 0x000001d266063000 	C:\Program Files\Java\jdk-15.0.2\bin\api-ms-win-core-libraryloader-l1-1-0.dll
0x000001d266070000 - 0x000001d266073000 	C:\Program Files\Java\jdk-15.0.2\bin\api-ms-win-core-localization-l1-2-0.dll
0x000001d266080000 - 0x000001d266083000 	C:\Program Files\Java\jdk-15.0.2\bin\api-ms-win-core-memory-l1-1-0.dll
0x000001d266090000 - 0x000001d266093000 	C:\Program Files\Java\jdk-15.0.2\bin\api-ms-win-core-namedpipe-l1-1-0.dll
0x000001d2660a0000 - 0x000001d2660a3000 	C:\Program Files\Java\jdk-15.0.2\bin\api-ms-win-core-processenvironment-l1-1-0.dll
0x000001d2660b0000 - 0x000001d2660b3000 	C:\Program Files\Java\jdk-15.0.2\bin\api-ms-win-core-processthreads-l1-1-0.dll
0x000001d2660c0000 - 0x000001d2660c3000 	C:\Program Files\Java\jdk-15.0.2\bin\api-ms-win-core-processthreads-l1-1-1.dll
0x000001d2660d0000 - 0x000001d2660d3000 	C:\Program Files\Java\jdk-15.0.2\bin\api-ms-win-core-profile-l1-1-0.dll
0x000001d2660e0000 - 0x000001d2660e3000 	C:\Program Files\Java\jdk-15.0.2\bin\api-ms-win-core-rtlsupport-l1-1-0.dll
0x000001d2660f0000 - 0x000001d2660f3000 	C:\Program Files\Java\jdk-15.0.2\bin\api-ms-win-core-string-l1-1-0.dll
0x000001d266100000 - 0x000001d266103000 	C:\Program Files\Java\jdk-15.0.2\bin\api-ms-win-core-synch-l1-1-0.dll
0x000001d266110000 - 0x000001d266113000 	C:\Program Files\Java\jdk-15.0.2\bin\api-ms-win-core-synch-l1-2-0.dll
0x000001d266120000 - 0x000001d266123000 	C:\Program Files\Java\jdk-15.0.2\bin\api-ms-win-core-sysinfo-l1-1-0.dll
0x000001d266130000 - 0x000001d266133000 	C:\Program Files\Java\jdk-15.0.2\bin\api-ms-win-core-timezone-l1-1-0.dll
0x000001d266140000 - 0x000001d266143000 	C:\Program Files\Java\jdk-15.0.2\bin\api-ms-win-core-util-l1-1-0.dll
0x000001d266150000 - 0x000001d266153000 	C:\Program Files\Java\jdk-15.0.2\bin\api-ms-win-crt-conio-l1-1-0.dll

dbghelp: loaded successfully - version: 4.0.5 - missing functions: none
symbol engine: initialized successfully - sym options: 0x614 - pdb path: .;C:\Program Files\Java\jdk-15.0.2\bin;C:\WINDOWS\SYSTEM32;C:\WINDOWS\WinSxS\amd64_microsoft.windows.common-controls_6595b64144ccf1df_6.0.19041.1110_none_60b5254171f9507e;C:\Program Files\Java\jdk-15.0.2\bin\server;C:\Program Files\uvnc bvba\UltraVNC;C:\WINDOWS\WinSxS\amd64_microsoft.windows.common-controls_6595b64144ccf1df_5.82.19041.1110_none_792d1c772443f647;C:\WINDOWS\WinSxS\amd64_microsoft.windows.gdiplus_6595b64144ccf1df_1.1.19041.2251_none_91a40448cc8846c1;C:\Program Files\BellSoft\LibericaJDK-13-Full\bin

VM Arguments:
jvm_args: -Dfile.encoding=UTF-8 
java_command: simrskhanza.SIMRSKhanza
java_class_path (initial): E:\Sofware SIMRSKhanza\KhanzaHMSWindows\lib\calendar-src.jar;E:\Sofware SIMRSKhanza\KhanzaHMSWindows\lib\calendar-doc.jar;E:\Sofware SIMRSKhanza\KhanzaHMSWindows\lib\calendar.jar;E:\Sofware SIMRSKhanza\KhanzaHMSWindows\lib\jcalendar-1.4.jar;E:\Sofware SIMRSKhanza\KhanzaHMSWindows\lib\ant-1.7.1.jar;E:\Sofware SIMRSKhanza\KhanzaHMSWindows\lib\apache-httpcomponents-httpclient.jar;E:\Sofware SIMRSKhanza\KhanzaHMSWindows\lib\appframework-1.0.3.jar;E:\Sofware SIMRSKhanza\KhanzaHMSWindows\lib\barbecue-1.5-beta1.jar;E:\Sofware SIMRSKhanza\KhanzaHMSWindows\lib\batik-dom.jar;E:\Sofware SIMRSKhanza\KhanzaHMSWindows\lib\groovy-all-2.4.7.jar;E:\Sofware SIMRSKhanza\KhanzaHMSWindows\lib\bcel-5.2.jar;E:\Sofware SIMRSKhanza\KhanzaHMSWindows\lib\poi-4.1.0.jar;E:\Sofware SIMRSKhanza\KhanzaHMSWindows\lib\beansbinding-1.2.1.jar;E:\Sofware SIMRSKhanza\KhanzaHMSWindows\lib\bsh-2.0b4.jar;E:\Sofware SIMRSKhanza\KhanzaHMSWindows\lib\com-jaspersoft-ireport.jar;E:\Sofware SIMRSKhanza\KhanzaHMSWindows\lib\com.fasterxml.jackson.core.jar;E:\Sofware SIMRSKhanza\KhanzaHMSWindows\lib\comm.jar;E:\Sofware SIMRSKhanza\KhanzaHMSWindows\lib\common-javaFX-plugin.jar;E:\Sofware SIMRSKhanza\KhanzaHMSWindows\lib\commons-codec-1.10.jar;E:\Sofware SIMRSKhanza\KhanzaHMSWindows\lib\commons-javaflow-20060411.jar;E:\Sofware SIMRSKhanza\KhanzaHMSWindows\lib\commons-logging-1.2.jar;E:\Sofware SIMRSKhanza\KhanzaHMSWindows\lib\fluent-hc-4.5.1.jar;E:\Sofware SIMRSKhanza\KhanzaHMSWindows\lib\fontbox-2.0.13.jar;E:\Sofware SIMRSKhanza\KhanzaHMSWindows\lib\gson-2.2.2.jar;E:\Sofware SIMRSKhanza\KhanzaHMSWindows\lib\hsqldb-1.8.0-10.jar;E:\Sofware SIMRSKhanza\KhanzaHMSWindows\lib\httpclient-4.5.1.jar;E:\Sofware SIMRSKhanza\KhanzaHMSWindows\lib\httpclient-cache-4.5.1.jar;E:\Sofware SIMRSKhanza\KhanzaHMSWindows\lib\httpclient-win-4.5.1.jar;E:\Sofware SIMRSKhanza\KhanzaHMSWindows\lib\httpcore-4.4.3.jar;E:\Sofware SIMRSKhanza\KhanzaHMSWindows\lib\httpmime-4.5.1.jar;E:\Sofware SIMRSKhanza\KhanzaHMSWind
Launcher Type: SUN_STANDARD

[Global flags]
     intx CICompilerCount                          = 3                                         {product} {ergonomic}
     uint ConcGCThreads                            = 1                                         {product} {ergonomic}
     uint G1ConcRefinementThreads                  = 4                                         {product} {ergonomic}
   size_t G1HeapRegionSize                         = 1048576                                   {product} {ergonomic}
    uintx GCDrainStackTargetSize                   = 64                                        {product} {ergonomic}
   size_t InitialHeapSize                          = 67108864                                  {product} {ergonomic}
   size_t MarkStackSize                            = 4194304                                   {product} {ergonomic}
   size_t MaxHeapSize                              = 1048576000                                {product} {ergonomic}
   size_t MaxNewSize                               = 629145600                                 {product} {ergonomic}
   size_t MinHeapDeltaBytes                        = 1048576                                   {product} {ergonomic}
   size_t MinHeapSize                              = 8388608                                   {product} {ergonomic}
    uintx NonNMethodCodeHeapSize                   = 5832780                                {pd product} {ergonomic}
    uintx NonProfiledCodeHeapSize                  = 122912730                              {pd product} {ergonomic}
    uintx ProfiledCodeHeapSize                     = 122912730                              {pd product} {ergonomic}
    uintx ReservedCodeCacheSize                    = 251658240                              {pd product} {ergonomic}
     bool SegmentedCodeCache                       = true                                      {product} {ergonomic}
   size_t SoftMaxHeapSize                          = 1048576000                             {manageable} {ergonomic}
     bool UseCompressedClassPointers               = true                                 {lp64_product} {ergonomic}
     bool UseCompressedOops                        = true                                 {lp64_product} {ergonomic}
     bool UseG1GC                                  = true                                      {product} {ergonomic}
     bool UseLargePagesIndividualAllocation        = false                                  {pd product} {ergonomic}

Logging:
Log output configuration:
 #0: stdout all=warning uptime,level,tags
 #1: stderr all=off uptime,level,tags

Environment Variables:
JAVA_HOME=C:\Program Files\BellSoft\LibericaJDK-13-Full\
PATH=C:\Program Files\BellSoft\LibericaJDK-13-Full\bin\;C:\Program Files\Common Files\Oracle\Java\javapath;C:\WINDOWS\system32;C:\WINDOWS;C:\WINDOWS\System32\Wbem;C:\WINDOWS\System32\WindowsPowerShell\v1.0\;C:\WINDOWS\System32\OpenSSH\;C:\Program Files\nodejs\;C:\Windows\Microsoft.NET\Framework\v4.0.30319;C:\Program Files (x86)\Appeon\PowerBuilder 19.0;C:\Program Files (x86)\Appeon\PowerBuilderCompiler 19.0;C:\xampp\php;C:\composer;C:\Program Files (x86)\Microsoft SQL Server\150\DTS\Binn\;C:\Program Files\Azure Data Studio\bin;C:\Program Files\Git\cmd;C:\Users\User\AppData\Local\Microsoft\WindowsApps;C:\Users\User\AppData\Roaming\npm;C:\Users\User\AppData\Roaming\Composer\vendor\bin;C:\Program Files\Azure Data Studio\bin;C:\Users\User\AppData\Local\Programs\Microsoft VS Code\bin;C:\Program Files\Tesseract-OCR;
USERNAME=User
OS=Windows_NT
PROCESSOR_IDENTIFIER=Intel64 Family 6 Model 60 Stepping 3, GenuineIntel



---------------  S Y S T E M  ---------------

OS:
 Windows 10 , 64 bit Build 19041 (10.0.19041.2788)
OS uptime: 0 days 1:25 hours

CPU: total 4 (initial active 4) (2 cores per cpu, 2 threads per core) family 6 model 60 stepping 3 microcode 0x27, cmov, cx8, fxsr, mmx, sse, sse2, sse3, ssse3, sse4.1, sse4.2, popcnt, vzeroupper, avx, avx2, aes, clmul, erms, lzcnt, ht, tsc, tscinvbit, bmi1, bmi2, fma, clflush

Memory: 4k page, system-wide physical 3996M (400M free)
TotalPageFile size 8303M (AvailPageFile size 3002M)
current process WorkingSet (physical memory assigned to process): 306M, peak: 317M
current process commit charge ("private bytes"): 358M, peak: 371M

vm_info: Java HotSpot(TM) 64-Bit Server VM (15.0.2+7-27) for windows-amd64 JRE (15.0.2+7-27), built on Dec  7 2020 20:07:01 by "mach5one" with unknown MS VC++:1925

END.
