#
# A fatal error has been detected by the Java Runtime Environment:
#
#  EXCEPTION_ACCESS_VIOLATION (0xc0000005) at pc=0x00007fff7ffcabec, pid=8828, tid=3020
#
# JRE version: Java(TM) SE Runtime Environment (15.0.2+7) (build 15.0.2+7-27)
# Java VM: Java HotSpot(TM) 64-Bit Server VM (15.0.2+7-27, mixed mode, sharing, tiered, compressed oops, g1 gc, windows-amd64)
# Problematic frame:
# V  [jvm.dll+0x3aabec]
#
# No core dump will be written. Minidumps are not enabled by default on client versions of Windows
#
# If you would like to submit a bug report, please visit:
#   https://bugreport.java.com/bugreport/crash.jsp
#

---------------  S U M M A R Y ------------

Command Line: -Dfile.encoding=UTF-8 simrskhanza.SIMRSKhanza

Host: 12th Gen Intel(R) Core(TM) i7-12700, 20 cores, 15G,  Windows 10 , 64 bit Build 22621 (10.0.22621.2428)
Time: Mon Nov 13 14:40:00 2023 SE Asia Standard Time elapsed time: 53.751449 seconds (0d 0h 0m 53s)

---------------  T H R E A D  ---------------

Current thread (0x0000021415702b10):  JavaThread "JavaFX Application Thread" [_thread_in_vm, id=3020, stack(0x000000efa0000000,0x000000efa0100000)]

Stack: [0x000000efa0000000,0x000000efa0100000],  sp=0x000000efa00f9a80,  free space=998k
Native frames: (J=compiled Java code, j=interpreted, Vv=VM code, C=native code)
V  [jvm.dll+0x3aabec]
C  0x00007fff82577ce0

Java frames: (J=compiled Java code, j=interpreted, Vv=VM code)
j  com.sun.webkit.WebPage.twkOpen(JLjava/lang/String;)V+0
j  com.sun.webkit.WebPage.open(JLjava/lang/String;)V+86
j  javafx.scene.web.WebEngine.load(Ljava/lang/String;)V+96
j  bridging.INACBGHybrid.lambda$loadURL$1(Ljava/lang/String;)V+5
j  bridging.INACBGHybrid$$Lambda$780+0x000000080112fc68.run()V+8
J 7326 c1 com.sun.javafx.application.PlatformImpl$$Lambda$261+0x000000080108b090.run()Ljava/lang/Object; (8 bytes) @ 0x00000214014b0184 [0x00000214014b0040+0x0000000000000144]
J 7324 c1 com.sun.javafx.application.PlatformImpl.lambda$runLater$11(Ljava/lang/Runnable;Ljava/security/AccessControlContext;)V (38 bytes) @ 0x00000214014b0c44 [0x00000214014b0620+0x0000000000000624]
J 7323 c1 com.sun.javafx.application.PlatformImpl$$Lambda$260+0x000000080108a730.run()V (12 bytes) @ 0x00000214014aee44 [0x00000214014aedc0+0x0000000000000084]
J 7203 c1 com.sun.glass.ui.InvokeLaterDispatcher$Future.run()V (91 bytes) @ 0x0000021401475f14 [0x0000021401475e00+0x0000000000000114]
v  ~StubRoutines::call_stub
j  com.sun.glass.ui.win.WinApplication._runLoop(Ljava/lang/Runnable;)V+0
j  com.sun.glass.ui.win.WinApplication.lambda$runLoop$3(ILjava/lang/Runnable;)V+8
j  com.sun.glass.ui.win.WinApplication$$Lambda$247+0x000000080105db08.run()V+12
j  java.lang.Thread.run()V+11 java.base@15.0.2
v  ~StubRoutines::call_stub

siginfo: EXCEPTION_ACCESS_VIOLATION (0xc0000005), reading address 0x0000000000000000


Register to memory mapping:

RIP=0x00007fff7ffcabec jvm.dll
RAX=0x0 is NULL
RBX=0x0000021415702b10 is a thread
RCX=0x0310bbafbe960000 is an unknown value
RDX=0x0000021417dc5c10 is a global jni handle
RSP=0x000000efa00f9a80 is pointing into the stack for thread: 0x0000021415702b10
RBP=0x0000021415702e38 points into unknown readable memory: 0x00007fff8061de40 | 40 de 61 80 ff 7f 00 00
RSI=0x0 is NULL
RDI=0x0000021417dc5c10 is a global jni handle
R8 =0x0 is NULL
R9 =0x000000efa00f9b88 is pointing into the stack for thread: 0x0000021415702b10
R10=0x00007fff7ffcab30 jvm.dll
R11=0x000000efa00f9a78 is pointing into the stack for thread: 0x0000021415702b10
R12=0x0000021424656aa0 points into unknown readable memory: 0x000002141a38b960 | 60 b9 38 1a 14 02 00 00
R13=0x0000021424656b10 points into unknown readable memory: 0x000002141a653130 | 30 31 65 1a 14 02 00 00
R14=0x0 is NULL
R15=0x000000efa00f9b88 is pointing into the stack for thread: 0x0000021415702b10


Registers:
RAX=0x0000000000000000, RBX=0x0000021415702b10, RCX=0x0310bbafbe960000, RDX=0x0000021417dc5c10
RSP=0x000000efa00f9a80, RBP=0x0000021415702e38, RSI=0x0000000000000000, RDI=0x0000021417dc5c10
R8 =0x0000000000000000, R9 =0x000000efa00f9b88, R10=0x00007fff7ffcab30, R11=0x000000efa00f9a78
R12=0x0000021424656aa0, R13=0x0000021424656b10, R14=0x0000000000000000, R15=0x000000efa00f9b88
RIP=0x00007fff7ffcabec, EFLAGS=0x0000000000010202

Top of Stack: (sp=0x000000efa00f9a80)
0x000000efa00f9a80:   0000021415702b10 0000000000000000
0x000000efa00f9a90:   0000000000000001 0000021415702b10
0x000000efa00f9aa0:   0000021424656aa0 0000021424656b10
0x000000efa00f9ab0:   0000021424656aa0 0000021415702e38
0x000000efa00f9ac0:   0000000000000000 00007fff7ffd0947
0x000000efa00f9ad0:   0000021415702b10 000002141815a4f0
0x000000efa00f9ae0:   0000000000000493 00007fff804baaa0
0x000000efa00f9af0:   0000021415702b10 000002141815a4f0
0x000000efa00f9b00:   0000021400000493 00007fff804baaa0
0x000000efa00f9b10:   0000000000000000 00007fff8409cb42
0x000000efa00f9b20:   0000021415702e38 0000000000000000
0x000000efa00f9b30:   0000021415b77138 00007fff82577ce0
0x000000efa00f9b40:   0000021415b77158 000000efa00f9c70
0x000000efa00f9b50:   0000021415b77150 0000021415b77150
0x000000efa00f9b60:   000000efa00f9c70 00007fff826be0c0
0x000000efa00f9b70:   0000021415361710 000002141a653160 

Instructions: (pc=0x00007fff7ffcabec)
0x00007fff7ffcaaec:   e9 03 f6 c1 01 74 08 48 8b cb e8 95 21 2e 00 4c
0x00007fff7ffcaafc:   8d 9c 24 a0 00 00 00 c7 83 98 03 00 00 04 00 00
0x00007fff7ffcab0c:   00 49 8b 5b 20 0f b7 c6 49 8b 6b 28 49 8b 73 30
0x00007fff7ffcab1c:   49 8b e3 41 5f 41 5e 5f c3 cc cc cc cc cc cc cc
0x00007fff7ffcab2c:   cc cc cc cc 48 89 5c 24 08 48 89 6c 24 10 48 89
0x00007fff7ffcab3c:   74 24 18 57 41 56 41 57 48 81 ec a0 00 00 00 8b
0x00007fff7ffcab4c:   81 88 00 00 00 48 8d 99 d8 fc ff ff 05 55 21 ff
0x00007fff7ffcab5c:   ff 33 f6 4d 8b f9 4d 8b f0 48 8b fa 48 8b e9 83
0x00007fff7ffcab6c:   f8 01 76 0a 48 8b cb e8 08 2b 39 00 8b de c7 83
0x00007fff7ffcab7c:   98 03 00 00 05 00 00 00 e8 a7 1e 27 00 48 8b 03
0x00007fff7ffcab8c:   48 8b cb ff 50 38 84 c0 74 0e 48 8b 83 10 01 00
0x00007fff7ffcab9c:   00 c0 e8 03 24 01 eb 0b 8b 05 66 1b 6f 00 85 c0
0x00007fff7ffcabac:   0f 95 c0 84 c0 75 0d 8b 83 e0 00 00 00 a9 04 00
0x00007fff7ffcabbc:   00 20 74 08 48 8b cb e8 38 31 39 00 c7 83 98 03
0x00007fff7ffcabcc:   00 00 06 00 00 00 48 89 5c 24 50 48 89 74 24 58
0x00007fff7ffcabdc:   48 39 73 08 74 0a 48 8d 4c 24 50 e8 04 bd 2a 00
0x00007fff7ffcabec:   49 8b 16 48 8d 4c 24 70 c7 44 24 40 0c 00 00 00
0x00007fff7ffcabfc:   e8 cf c7 00 00 4c 89 bc 24 98 00 00 00 48 8d 05
0x00007fff7ffcac0c:   18 ff 4e 00 48 89 44 24 70 40 f6 c7 01 74 0c 48
0x00007fff7ffcac1c:   8d 4f ff ff 15 83 0b 65 00 eb 09 48 8b cf ff 15
0x00007fff7ffcac2c:   d8 93 64 00 8b 15 6a 94 6d 00 48 8b c8 e8 d2 c8
0x00007fff7ffcac3c:   26 00 48 8b d3 48 8b c8 4c 8b 00 41 ff 90 b0 00
0x00007fff7ffcac4c:   00 00 48 39 73 08 75 32 48 8d 44 24 70 48 89 5c
0x00007fff7ffcac5c:   24 30 48 89 44 24 28 48 8d 54 24 40 45 33 c9 4c
0x00007fff7ffcac6c:   89 74 24 20 45 33 c0 48 8b cd e8 25 dc 00 00 48
0x00007fff7ffcac7c:   39 73 08 75 05 48 8b 74 24 48 48 83 7c 24 58 00
0x00007fff7ffcac8c:   74 0a 48 8d 4c 24 50 e8 f8 bc 2a 00 48 8b bb f8
0x00007fff7ffcac9c:   00 00 00 48 8b 4f 10 48 83 39 00 74 0c 48 8b cf
0x00007fff7ffcacac:   e8 bf 98 f6 ff 48 8b 4f 10 48 8b 47 08 48 89 48
0x00007fff7ffcacbc:   10 48 8b 4f 08 48 8b 47 18 48 89 41 18 48 8b 4f
0x00007fff7ffcaccc:   08 48 8b 47 20 48 89 41 20 c7 83 98 03 00 00 07
0x00007fff7ffcacdc:   00 00 00 e8 4c 1d 27 00 48 8b 8b 10 01 00 00 c0 


Stack slot to memory mapping:
stack at sp + 0 slots: 0x0000021415702b10 is a thread
stack at sp + 1 slots: 0x0 is NULL
stack at sp + 2 slots: 0x0000000000000001 is an unknown value
stack at sp + 3 slots: 0x0000021415702b10 is a thread
stack at sp + 4 slots: 0x0000021424656aa0 points into unknown readable memory: 0x000002141a38b960 | 60 b9 38 1a 14 02 00 00
stack at sp + 5 slots: 0x0000021424656b10 points into unknown readable memory: 0x000002141a653130 | 30 31 65 1a 14 02 00 00
stack at sp + 6 slots: 0x0000021424656aa0 points into unknown readable memory: 0x000002141a38b960 | 60 b9 38 1a 14 02 00 00
stack at sp + 7 slots: 0x0000021415702e38 points into unknown readable memory: 0x00007fff8061de40 | 40 de 61 80 ff 7f 00 00


---------------  P R O C E S S  ---------------

Threads class SMR info:
_java_thread_list=0x000002141b87c490, length=24, elements={
0x0000021413b861d0, 0x0000021413b86cb0, 0x0000021413b9d860, 0x0000021413ba0230,
0x0000021413ba0bf0, 0x0000021413ba3da0, 0x0000021413ba4850, 0x0000021413bb2a60,
0x0000021414745200, 0x00000214147672d0, 0x0000021415180490, 0x0000021414e5eac0,
0x0000021414e5ef90, 0x00000214154d8180, 0x00000214155aa710, 0x0000021415702fe0,
0x00000214157064d0, 0x00000214157047f0, 0x0000021415705660, 0x0000021415705b30,
0x0000021415702b10, 0x0000021415706000, 0x0000021415703980, 0x0000021415703e50
}

Java Threads: ( => current thread )
  0x0000021413b861d0 JavaThread "Reference Handler" daemon [_thread_blocked, id=3984, stack(0x000000ef9d600000,0x000000ef9d700000)]
  0x0000021413b86cb0 JavaThread "Finalizer" daemon [_thread_blocked, id=17212, stack(0x000000ef9d700000,0x000000ef9d800000)]
  0x0000021413b9d860 JavaThread "Signal Dispatcher" daemon [_thread_blocked, id=10420, stack(0x000000ef9d800000,0x000000ef9d900000)]
  0x0000021413ba0230 JavaThread "Attach Listener" daemon [_thread_blocked, id=1616, stack(0x000000ef9d900000,0x000000ef9da00000)]
  0x0000021413ba0bf0 JavaThread "Service Thread" daemon [_thread_blocked, id=7536, stack(0x000000ef9da00000,0x000000ef9db00000)]
  0x0000021413ba3da0 JavaThread "C2 CompilerThread0" daemon [_thread_blocked, id=2296, stack(0x000000ef9db00000,0x000000ef9dc00000)]
  0x0000021413ba4850 JavaThread "C1 CompilerThread0" daemon [_thread_blocked, id=16568, stack(0x000000ef9dc00000,0x000000ef9dd00000)]
  0x0000021413bb2a60 JavaThread "Sweeper thread" daemon [_thread_blocked, id=17004, stack(0x000000ef9dd00000,0x000000ef9de00000)]
  0x0000021414745200 JavaThread "Notification Thread" daemon [_thread_blocked, id=8480, stack(0x000000ef9e000000,0x000000ef9e100000)]
  0x00000214147672d0 JavaThread "Common-Cleaner" daemon [_thread_blocked, id=1668, stack(0x000000ef9e200000,0x000000ef9e300000)]
  0x0000021415180490 JavaThread "Java2D Disposer" daemon [_thread_blocked, id=9964, stack(0x000000ef9ea00000,0x000000ef9eb00000)]
  0x0000021414e5eac0 JavaThread "AWT-Shutdown" [_thread_blocked, id=7256, stack(0x000000ef9eb00000,0x000000ef9ec00000)]
  0x0000021414e5ef90 JavaThread "AWT-Windows" daemon [_thread_blocked, id=17596, stack(0x000000ef9ec00000,0x000000ef9ed00000)]
  0x00000214154d8180 JavaThread "AWT-EventQueue-0" [_thread_blocked, id=8444, stack(0x000000ef9ee00000,0x000000ef9ef00000)]
  0x00000214155aa710 JavaThread "Swing-Shell" daemon [_thread_blocked, id=14900, stack(0x000000ef9ef00000,0x000000ef9f000000)]
  0x0000021415702fe0 JavaThread "DestroyJavaVM" [_thread_blocked, id=12384, stack(0x000000ef9cf00000,0x000000ef9d000000)]
  0x00000214157064d0 JavaThread "Abandoned connection cleanup thread" daemon [_thread_blocked, id=11896, stack(0x000000ef9f500000,0x000000ef9f600000)]
  0x00000214157047f0 JavaThread "TimerQueue" daemon [_thread_blocked, id=2212, stack(0x000000ef9fa00000,0x000000ef9fb00000)]
  0x0000021415705660 JavaThread "QuantumRenderer-0" daemon [_thread_blocked, id=15944, stack(0x000000ef9f400000,0x000000ef9f500000)]
  0x0000021415705b30 JavaThread "InvokeLaterDispatcher" daemon [_thread_blocked, id=3044, stack(0x000000ef9ff00000,0x000000efa0000000)]
=>0x0000021415702b10 JavaThread "JavaFX Application Thread" [_thread_in_vm, id=3020, stack(0x000000efa0000000,0x000000efa0100000)]
  0x0000021415706000 JavaThread "Thread-2" daemon [_thread_blocked, id=7524, stack(0x000000ef9e300000,0x000000ef9e400000)]
  0x0000021415703980 JavaThread "Prism Font Disposer" daemon [_thread_blocked, id=13868, stack(0x000000efa0700000,0x000000efa0800000)]
  0x0000021415703e50 JavaThread "Disposer" daemon [_thread_blocked, id=18100, stack(0x000000efa0900000,0x000000efa0a00000)]

Other Threads:
  0x0000021413b82a30 VMThread "VM Thread" [stack: 0x000000ef9d500000,0x000000ef9d600000] [id=7224] _threads_hazard_ptr=0x000002141b87c490
  0x0000021414749af0 WatcherThread [stack: 0x000000ef9e100000,0x000000ef9e200000] [id=17776]
  0x000002146f63e590 GCTaskThread "GC Thread#0" [stack: 0x000000ef9d000000,0x000000ef9d100000] [id=18228]
  0x0000021414744460 GCTaskThread "GC Thread#1" [stack: 0x000000ef9e500000,0x000000ef9e600000] [id=16048]
  0x0000021414741af0 GCTaskThread "GC Thread#2" [stack: 0x000000ef9e600000,0x000000ef9e700000] [id=11836]
  0x0000021414741160 GCTaskThread "GC Thread#3" [stack: 0x000000ef9e700000,0x000000ef9e800000] [id=17992]
  0x00000214147437a0 GCTaskThread "GC Thread#4" [stack: 0x000000ef9e800000,0x000000ef9e900000] [id=16392]
  0x0000021414742e10 GCTaskThread "GC Thread#5" [stack: 0x000000ef9e900000,0x000000ef9ea00000] [id=7376]
  0x00000214174daf70 GCTaskThread "GC Thread#6" [stack: 0x000000efa0200000,0x000000efa0300000] [id=15472]
  0x00000214174dc5c0 GCTaskThread "GC Thread#7" [stack: 0x000000efa0300000,0x000000efa0400000] [id=17288]
  0x00000214174de270 GCTaskThread "GC Thread#8" [stack: 0x000000efa0400000,0x000000efa0500000] [id=14024]
  0x00000214174dcf50 GCTaskThread "GC Thread#9" [stack: 0x000000efa0500000,0x000000efa0600000] [id=1500]
  0x000002146f64f270 ConcurrentGCThread "G1 Main Marker" [stack: 0x000000ef9d100000,0x000000ef9d200000] [id=16204]
  0x000002146f650510 ConcurrentGCThread "G1 Conc#0" [stack: 0x000000ef9d200000,0x000000ef9d300000] [id=9536]
  0x0000021414742150 ConcurrentGCThread "G1 Conc#1" [stack: 0x000000ef9f700000,0x000000ef9f800000] [id=9856]
  0x0000021414743ad0 ConcurrentGCThread "G1 Conc#2" [stack: 0x000000ef9f800000,0x000000ef9f900000] [id=12200]
  0x0000021414742ae0 ConcurrentGCThread "G1 Conc#3" [stack: 0x000000ef9f900000,0x000000ef9fa00000] [id=14528]
  0x0000021413a761a0 ConcurrentGCThread "G1 Refine#0" [stack: 0x000000ef9d300000,0x000000ef9d400000] [id=15684]
  0x0000021413a77cc0 ConcurrentGCThread "G1 Young RemSet Sampling" [stack: 0x000000ef9d400000,0x000000ef9d500000] [id=17188]

Threads with active compile tasks:

VM state: synchronizing (normal execution)

VM Mutex/Monitor currently owned by a thread:  ([mutex/lock_event])
[0x000002146f5e7620] Threads_lock - owner thread: 0x0000021413b82a30
[0x000002146f5e77d0] Heap_lock - owner thread: 0x00000214154d8180

Heap address: 0x0000000703800000, size: 4040 MB, Compressed Oops mode: Zero based, Oop shift amount: 3
CDS archive(s) mapped at: [0x0000000800000000-0x0000000800b50000-0x0000000800b50000), size 11862016, SharedBaseAddress: 0x0000000800000000, ArchiveRelocationMode: 0.
Compressed class space mapped at: 0x0000000800b50000-0x0000000840b50000, size: 1073741824
Narrow klass base: 0x0000000800000000, Narrow klass shift: 3, Narrow klass range: 0x100000000

GC Precious Log:
 CPUs: 20 total, 20 available
 Memory: 16155M
 Large Page Support: Disabled
 NUMA Support: Disabled
 Compressed Oops: Enabled (Zero based)
 Heap Region Size: 2M
 Heap Min Capacity: 8M
 Heap Initial Capacity: 254M
 Heap Max Capacity: 4040M
 Pre-touch: Disabled
 Parallel Workers: 15
 Concurrent Workers: 4
 Concurrent Refinement Workers: 15
 Periodic GC: Disabled

Heap:
 garbage-first heap   total 190464K, used 97149K [0x0000000703800000, 0x0000000800000000)
  region size 2048K, 8 young (16384K), 1 survivors (2048K)
 Metaspace       used 53095K, capacity 53513K, committed 53808K, reserved 1095680K
  class space    used 7086K, capacity 7234K, committed 7296K, reserved 1048576K

Heap Regions: E=young(eden), S=young(survivor), O=old, HS=humongous(starts), HC=humongous(continues), CS=collection set, F=free, OA=open archive, CA=closed archive, TAMS=top-at-mark-start (previous, next)
|   0|0x0000000703800000, 0x0000000703a00000, 0x0000000703a00000|100%| O|  |TAMS 0x0000000703a00000, 0x0000000703800000| Untracked 
|   1|0x0000000703a00000, 0x0000000703c00000, 0x0000000703c00000|100%| O|  |TAMS 0x0000000703c00000, 0x0000000703a00000| Untracked 
|   2|0x0000000703c00000, 0x0000000703e00000, 0x0000000703e00000|100%| O|  |TAMS 0x0000000703e00000, 0x0000000703c00000| Untracked 
|   3|0x0000000703e00000, 0x0000000704000000, 0x0000000704000000|100%| O|  |TAMS 0x0000000704000000, 0x0000000703e00000| Untracked 
|   4|0x0000000704000000, 0x0000000704200000, 0x0000000704200000|100%| O|  |TAMS 0x0000000704200000, 0x0000000704000000| Untracked 
|   5|0x0000000704200000, 0x0000000704400000, 0x0000000704400000|100%| O|  |TAMS 0x0000000704400000, 0x0000000704200000| Untracked 
|   6|0x0000000704400000, 0x0000000704600000, 0x0000000704600000|100%| O|  |TAMS 0x0000000704600000, 0x0000000704400000| Untracked 
|   7|0x0000000704600000, 0x0000000704800000, 0x0000000704800000|100%| O|  |TAMS 0x0000000704800000, 0x0000000704600000| Untracked 
|   8|0x0000000704800000, 0x0000000704800000, 0x0000000704a00000|  0%| F|  |TAMS 0x0000000704800000, 0x0000000704800000| Untracked 
|   9|0x0000000704a00000, 0x0000000704c00000, 0x0000000704c00000|100%| O|  |TAMS 0x0000000704c00000, 0x0000000704a00000| Untracked 
|  10|0x0000000704c00000, 0x0000000704e00000, 0x0000000704e00000|100%| O|  |TAMS 0x0000000704e00000, 0x0000000704c00000| Untracked 
|  11|0x0000000704e00000, 0x0000000705000000, 0x0000000705000000|100%| O|  |TAMS 0x0000000705000000, 0x0000000704e00000| Untracked 
|  12|0x0000000705000000, 0x0000000705200000, 0x0000000705200000|100%| O|  |TAMS 0x0000000705200000, 0x0000000705000000| Untracked 
|  13|0x0000000705200000, 0x0000000705400000, 0x0000000705400000|100%| O|  |TAMS 0x0000000705400000, 0x0000000705200000| Untracked 
|  14|0x0000000705400000, 0x0000000705600000, 0x0000000705600000|100%| O|  |TAMS 0x0000000705600000, 0x0000000705400000| Untracked 
|  15|0x0000000705600000, 0x0000000705800000, 0x0000000705800000|100%| O|  |TAMS 0x0000000705800000, 0x0000000705600000| Untracked 
|  16|0x0000000705800000, 0x0000000705a00000, 0x0000000705a00000|100%| O|  |TAMS 0x0000000705a00000, 0x0000000705800000| Untracked 
|  17|0x0000000705a00000, 0x0000000705c00000, 0x0000000705c00000|100%| O|  |TAMS 0x0000000705c00000, 0x0000000705a00000| Untracked 
|  18|0x0000000705c00000, 0x0000000705e00000, 0x0000000705e00000|100%| O|  |TAMS 0x0000000705e00000, 0x0000000705c00000| Untracked 
|  19|0x0000000705e00000, 0x0000000705e00000, 0x0000000706000000|  0%| F|  |TAMS 0x0000000705e00000, 0x0000000705e00000| Untracked 
|  20|0x0000000706000000, 0x0000000706200000, 0x0000000706200000|100%| O|  |TAMS 0x0000000706200000, 0x0000000706000000| Untracked 
|  21|0x0000000706200000, 0x0000000706200000, 0x0000000706400000|  0%| F|  |TAMS 0x0000000706200000, 0x0000000706200000| Untracked 
|  22|0x0000000706400000, 0x0000000706600000, 0x0000000706600000|100%| O|  |TAMS 0x0000000706600000, 0x0000000706400000| Untracked 
|  23|0x0000000706600000, 0x0000000706600000, 0x0000000706800000|  0%| F|  |TAMS 0x0000000706600000, 0x0000000706600000| Untracked 
|  24|0x0000000706800000, 0x0000000706a00000, 0x0000000706a00000|100%| O|  |TAMS 0x0000000706a00000, 0x0000000706800000| Untracked 
|  25|0x0000000706a00000, 0x0000000706c00000, 0x0000000706c00000|100%| O|  |TAMS 0x0000000706c00000, 0x0000000706a00000| Untracked 
|  26|0x0000000706c00000, 0x0000000706e00000, 0x0000000706e00000|100%| O|  |TAMS 0x0000000706e00000, 0x0000000706c00000| Untracked 
|  27|0x0000000706e00000, 0x0000000707000000, 0x0000000707000000|100%| O|  |TAMS 0x0000000707000000, 0x0000000706e00000| Untracked 
|  28|0x0000000707000000, 0x0000000707200000, 0x0000000707200000|100%| O|  |TAMS 0x0000000707200000, 0x0000000707000000| Untracked 
|  29|0x0000000707200000, 0x0000000707400000, 0x0000000707400000|100%| O|  |TAMS 0x0000000707400000, 0x0000000707200000| Untracked 
|  30|0x0000000707400000, 0x0000000707600000, 0x0000000707600000|100%| O|  |TAMS 0x0000000707600000, 0x0000000707400000| Untracked 
|  31|0x0000000707600000, 0x0000000707800000, 0x0000000707800000|100%| O|  |TAMS 0x0000000707800000, 0x0000000707600000| Untracked 
|  32|0x0000000707800000, 0x0000000707a00000, 0x0000000707a00000|100%| O|  |TAMS 0x0000000707a00000, 0x0000000707800000| Untracked 
|  33|0x0000000707a00000, 0x0000000707c00000, 0x0000000707c00000|100%| O|  |TAMS 0x0000000707c00000, 0x0000000707a00000| Untracked 
|  34|0x0000000707c00000, 0x0000000707e00000, 0x0000000707e00000|100%| O|  |TAMS 0x0000000707e00000, 0x0000000707c00000| Untracked 
|  35|0x0000000707e00000, 0x0000000708000000, 0x0000000708000000|100%|HS|  |TAMS 0x0000000708000000, 0x0000000707e00000| Complete 
|  36|0x0000000708000000, 0x0000000708200000, 0x0000000708200000|100%|HC|  |TAMS 0x0000000708200000, 0x0000000708000000| Complete 
|  37|0x0000000708200000, 0x0000000708200000, 0x0000000708400000|  0%| F|  |TAMS 0x0000000708200000, 0x0000000708200000| Untracked 
|  38|0x0000000708400000, 0x0000000708400000, 0x0000000708600000|  0%| F|  |TAMS 0x0000000708400000, 0x0000000708400000| Untracked 
|  39|0x0000000708600000, 0x0000000708800000, 0x0000000708800000|100%| O|  |TAMS 0x0000000708800000, 0x0000000708600000| Untracked 
|  40|0x0000000708800000, 0x0000000708800000, 0x0000000708a00000|  0%| F|  |TAMS 0x0000000708800000, 0x0000000708800000| Untracked 
|  41|0x0000000708a00000, 0x0000000708a00000, 0x0000000708c00000|  0%| F|  |TAMS 0x0000000708a00000, 0x0000000708a00000| Untracked 
|  42|0x0000000708c00000, 0x0000000708c00000, 0x0000000708e00000|  0%| F|  |TAMS 0x0000000708c00000, 0x0000000708c00000| Untracked 
|  43|0x0000000708e00000, 0x0000000709000000, 0x0000000709000000|100%| O|  |TAMS 0x0000000709000000, 0x0000000708e00000| Untracked 
|  44|0x0000000709000000, 0x0000000709000000, 0x0000000709200000|  0%| F|  |TAMS 0x0000000709000000, 0x0000000709000000| Untracked 
|  45|0x0000000709200000, 0x0000000709400000, 0x0000000709400000|100%| O|  |TAMS 0x00000007093ddc00, 0x0000000709200000| Untracked 
|  46|0x0000000709400000, 0x0000000709600000, 0x0000000709600000|100%| O|  |TAMS 0x0000000709400000, 0x0000000709400000| Untracked 
|  47|0x0000000709600000, 0x0000000709800000, 0x0000000709800000|100%| O|  |TAMS 0x0000000709600000, 0x0000000709600000| Untracked 
|  48|0x0000000709800000, 0x0000000709a00000, 0x0000000709a00000|100%| O|  |TAMS 0x0000000709800000, 0x0000000709800000| Untracked 
|  49|0x0000000709a00000, 0x0000000709c00000, 0x0000000709c00000|100%| O|  |TAMS 0x0000000709a00000, 0x0000000709a00000| Untracked 
|  50|0x0000000709c00000, 0x0000000709dde200, 0x0000000709e00000| 93%| O|  |TAMS 0x0000000709c00000, 0x0000000709c00000| Untracked 
|  51|0x0000000709e00000, 0x0000000709e00000, 0x000000070a000000|  0%| F|  |TAMS 0x0000000709e00000, 0x0000000709e00000| Untracked 
|  52|0x000000070a000000, 0x000000070a1015f0, 0x000000070a200000| 50%| S|CS|TAMS 0x000000070a000000, 0x000000070a000000| Complete 
|  53|0x000000070a200000, 0x000000070a200000, 0x000000070a400000|  0%| F|  |TAMS 0x000000070a200000, 0x000000070a200000| Untracked 
|  54|0x000000070a400000, 0x000000070a400000, 0x000000070a600000|  0%| F|  |TAMS 0x000000070a400000, 0x000000070a400000| Untracked 
|  55|0x000000070a600000, 0x000000070a600000, 0x000000070a800000|  0%| F|  |TAMS 0x000000070a600000, 0x000000070a600000| Untracked 
|  56|0x000000070a800000, 0x000000070a800000, 0x000000070aa00000|  0%| F|  |TAMS 0x000000070a800000, 0x000000070a800000| Untracked 
|  57|0x000000070aa00000, 0x000000070aa00000, 0x000000070ac00000|  0%| F|  |TAMS 0x000000070aa00000, 0x000000070aa00000| Untracked 
|  58|0x000000070ac00000, 0x000000070ac00000, 0x000000070ae00000|  0%| F|  |TAMS 0x000000070ac00000, 0x000000070ac00000| Untracked 
|  59|0x000000070ae00000, 0x000000070ae00000, 0x000000070b000000|  0%| F|  |TAMS 0x000000070ae00000, 0x000000070ae00000| Untracked 
|  60|0x000000070b000000, 0x000000070b000000, 0x000000070b200000|  0%| F|  |TAMS 0x000000070b000000, 0x000000070b000000| Untracked 
|  61|0x000000070b200000, 0x000000070b200000, 0x000000070b400000|  0%| F|  |TAMS 0x000000070b200000, 0x000000070b200000| Untracked 
|  62|0x000000070b400000, 0x000000070b400000, 0x000000070b600000|  0%| F|  |TAMS 0x000000070b400000, 0x000000070b400000| Untracked 
|  63|0x000000070b600000, 0x000000070b600000, 0x000000070b800000|  0%| F|  |TAMS 0x000000070b600000, 0x000000070b600000| Untracked 
|  64|0x000000070b800000, 0x000000070b800000, 0x000000070ba00000|  0%| F|  |TAMS 0x000000070b800000, 0x000000070b800000| Untracked 
|  65|0x000000070ba00000, 0x000000070ba00000, 0x000000070bc00000|  0%| F|  |TAMS 0x000000070ba00000, 0x000000070ba00000| Untracked 
|  66|0x000000070bc00000, 0x000000070bc00000, 0x000000070be00000|  0%| F|  |TAMS 0x000000070bc00000, 0x000000070bc00000| Untracked 
|  67|0x000000070be00000, 0x000000070be00000, 0x000000070c000000|  0%| F|  |TAMS 0x000000070be00000, 0x000000070be00000| Untracked 
|  68|0x000000070c000000, 0x000000070c000000, 0x000000070c200000|  0%| F|  |TAMS 0x000000070c000000, 0x000000070c000000| Untracked 
|  69|0x000000070c200000, 0x000000070c200000, 0x000000070c400000|  0%| F|  |TAMS 0x000000070c200000, 0x000000070c200000| Untracked 
|  70|0x000000070c400000, 0x000000070c400000, 0x000000070c600000|  0%| F|  |TAMS 0x000000070c400000, 0x000000070c400000| Untracked 
|  71|0x000000070c600000, 0x000000070c600000, 0x000000070c800000|  0%| F|  |TAMS 0x000000070c600000, 0x000000070c600000| Untracked 
|  72|0x000000070c800000, 0x000000070c800000, 0x000000070ca00000|  0%| F|  |TAMS 0x000000070c800000, 0x000000070c800000| Untracked 
|  73|0x000000070ca00000, 0x000000070ca00000, 0x000000070cc00000|  0%| F|  |TAMS 0x000000070ca00000, 0x000000070ca00000| Untracked 
|  74|0x000000070cc00000, 0x000000070cc00000, 0x000000070ce00000|  0%| F|  |TAMS 0x000000070cc00000, 0x000000070cc00000| Untracked 
|  75|0x000000070ce00000, 0x000000070ce00000, 0x000000070d000000|  0%| F|  |TAMS 0x000000070ce00000, 0x000000070ce00000| Untracked 
|  76|0x000000070d000000, 0x000000070d000000, 0x000000070d200000|  0%| F|  |TAMS 0x000000070d000000, 0x000000070d000000| Untracked 
|  77|0x000000070d200000, 0x000000070d200000, 0x000000070d400000|  0%| F|  |TAMS 0x000000070d200000, 0x000000070d200000| Untracked 
|  78|0x000000070d400000, 0x000000070d400000, 0x000000070d600000|  0%| F|  |TAMS 0x000000070d400000, 0x000000070d400000| Untracked 
|  79|0x000000070d600000, 0x000000070d600000, 0x000000070d800000|  0%| F|  |TAMS 0x000000070d600000, 0x000000070d600000| Untracked 
|  80|0x000000070d800000, 0x000000070d800000, 0x000000070da00000|  0%| F|  |TAMS 0x000000070d800000, 0x000000070d800000| Untracked 
|  81|0x000000070da00000, 0x000000070da00000, 0x000000070dc00000|  0%| F|  |TAMS 0x000000070da00000, 0x000000070da00000| Untracked 
|  82|0x000000070dc00000, 0x000000070dc00000, 0x000000070de00000|  0%| F|  |TAMS 0x000000070dc00000, 0x000000070dc00000| Untracked 
|  83|0x000000070de00000, 0x000000070de00000, 0x000000070e000000|  0%| F|  |TAMS 0x000000070de00000, 0x000000070de00000| Untracked 
|  84|0x000000070e000000, 0x000000070e000000, 0x000000070e200000|  0%| F|  |TAMS 0x000000070e000000, 0x000000070e000000| Untracked 
|  85|0x000000070e200000, 0x000000070e200000, 0x000000070e400000|  0%| F|  |TAMS 0x000000070e200000, 0x000000070e200000| Untracked 
|  86|0x000000070e400000, 0x000000070e489270, 0x000000070e600000| 26%| E|  |TAMS 0x000000070e400000, 0x000000070e400000| Complete 
|  87|0x000000070e600000, 0x000000070e800000, 0x000000070e800000|100%| E|CS|TAMS 0x000000070e600000, 0x000000070e600000| Complete 
|  88|0x000000070e800000, 0x000000070ea00000, 0x000000070ea00000|100%| E|CS|TAMS 0x000000070e800000, 0x000000070e800000| Complete 
|  89|0x000000070ea00000, 0x000000070ec00000, 0x000000070ec00000|100%| E|CS|TAMS 0x000000070ea00000, 0x000000070ea00000| Complete 
|  90|0x000000070ec00000, 0x000000070ee00000, 0x000000070ee00000|100%| E|CS|TAMS 0x000000070ec00000, 0x000000070ec00000| Complete 
| 123|0x0000000712e00000, 0x0000000713000000, 0x0000000713000000|100%| E|CS|TAMS 0x0000000712e00000, 0x0000000712e00000| Complete 
| 126|0x0000000713400000, 0x0000000713600000, 0x0000000713600000|100%| E|CS|TAMS 0x0000000713400000, 0x0000000713400000| Complete 

Card table byte_map: [0x0000021478aa0000,0x0000021479290000] _byte_map_base: 0x0000021475284000

Marking Bits (Prev, Next): (CMBitMap*) 0x000002146f63ec90, (CMBitMap*) 0x000002146f63ecd0
 Prev Bits: [0x0000021479a80000, 0x000002147d9a0000)
 Next Bits: [0x000002140f000000, 0x0000021412f20000)

Polling page: 0x000002146edb0000

Metaspace:

Usage:
  Non-class:     45.19 MB capacity,    44.93 MB (>99%) used,   204.41 KB ( <1%) free+waste,    65.75 KB ( <1%) overhead. 
      Class:      7.06 MB capacity,     6.92 MB ( 98%) used,   122.88 KB (  2%) free+waste,    24.44 KB ( <1%) overhead. 
       Both:     52.26 MB capacity,    51.85 MB (>99%) used,   327.29 KB ( <1%) free+waste,    90.19 KB ( <1%) overhead. 

Virtual space:
  Non-class space:       46.00 MB reserved,      45.42 MB ( 99%) committed 
      Class space:        1.00 GB reserved,       7.12 MB ( <1%) committed 
             Both:        1.04 GB reserved,      52.55 MB (  5%) committed 

Chunk freelists:
   Non-Class:  169.00 KB
       Class:  0 bytes
        Both:  169.00 KB

MaxMetaspaceSize: 17179869184.00 GB
CompressedClassSpaceSize: 1.00 GB

CodeHeap 'non-profiled nmethods': size=119168Kb used=6278Kb max_used=6278Kb free=112889Kb
 bounds [0x0000021407ba0000, 0x00000214081d0000, 0x000002140f000000]
CodeHeap 'profiled nmethods': size=119104Kb used=14683Kb max_used=14683Kb free=104420Kb
 bounds [0x0000021400750000, 0x00000214015b0000, 0x0000021407ba0000]
CodeHeap 'non-nmethods': size=7488Kb used=1627Kb max_used=3372Kb free=5860Kb
 bounds [0x0000021400000000, 0x0000021400350000, 0x0000021400750000]
 total_blobs=8254 nmethods=7248 adapters=916
 compilation: enabled
              stopped_count=0, restarted_count=0
 full_count=0

Compilation events (20 events):
Event: 53.709 Thread 0x0000021413ba4850 8574       1       com.sun.javafx.css.CalculatedValue::getValue (5 bytes)
Event: 53.709 Thread 0x0000021413ba4850 nmethod 8574 0x00000214081c0890 code [0x00000214081c0a20, 0x00000214081c0ad8]
Event: 53.709 Thread 0x0000021413ba4850 8573       1       javafx.scene.text.Font::getSize (5 bytes)
Event: 53.709 Thread 0x0000021413ba4850 nmethod 8573 0x00000214081c0b90 code [0x00000214081c0d20, 0x00000214081c0dd8]
Event: 53.709 Thread 0x0000021413ba4850 8578       3       javafx.scene.Node::transformedBoundsChanged (43 bytes)
Event: 53.710 Thread 0x0000021413ba4850 nmethod 8578 0x00000214015a1f90 code [0x00000214015a22a0, 0x00000214015a39c8]
Event: 53.710 Thread 0x0000021413ba4850 8579       3       javafx.scene.Node::notifyParentOfBoundsChange (29 bytes)
Event: 53.710 Thread 0x0000021413ba4850 nmethod 8579 0x00000214015a4010 code [0x00000214015a4280, 0x00000214015a5098]
Event: 53.710 Thread 0x0000021413ba4850 8580       3       com.sun.javafx.scene.NodeHelper::geomChanged (9 bytes)
Event: 53.710 Thread 0x0000021413ba4850 nmethod 8580 0x00000214015a5490 code [0x00000214015a5640, 0x00000214015a5818]
Event: 53.710 Thread 0x0000021413ba4850 8581       3       com.sun.javafx.scene.NodeHelper::geomChangedImpl (10 bytes)
Event: 53.710 Thread 0x0000021413ba4850 nmethod 8581 0x00000214015a5910 code [0x00000214015a5ac0, 0x00000214015a5cc8]
Event: 53.710 Thread 0x0000021413ba4850 8582       3       javafx.scene.Node$1::doGeomChanged (5 bytes)
Event: 53.710 Thread 0x0000021413ba4850 nmethod 8582 0x00000214015a5e10 code [0x00000214015a5fc0, 0x00000214015a60e8]
Event: 53.710 Thread 0x0000021413ba4850 8577       1       javafx.scene.paint.Stop::getColor (5 bytes)
Event: 53.710 Thread 0x0000021413ba4850 nmethod 8577 0x00000214081c0e90 code [0x00000214081c1020, 0x00000214081c10d8]
Event: 53.712 Thread 0x0000021413ba3da0 8583       4       java.lang.invoke.LambdaForm$Name::useCount (42 bytes)
Event: 53.712 Thread 0x0000021413ba4850 8584       3       jdk.internal.org.objectweb.asm.Frame::setInputFrameFromDescriptor (175 bytes)
Event: 53.713 Thread 0x0000021413ba4850 nmethod 8584 0x00000214015a6190 code [0x00000214015a63a0, 0x00000214015a6bb8]
Event: 53.713 Thread 0x0000021413ba3da0 nmethod 8583 0x00000214081c1790 code [0x00000214081c1900, 0x00000214081c19d8]

GC Heap History (20 events):
Event: 39.647 GC heap before
{Heap before GC invocations=80 (full 0):
 garbage-first heap   total 190464K, used 159677K [0x0000000703800000, 0x0000000800000000)
  region size 2048K, 33 young (67584K), 1 survivors (2048K)
 Metaspace       used 52769K, capacity 53153K, committed 53552K, reserved 1095680K
  class space    used 7066K, capacity 7224K, committed 7296K, reserved 1048576K
}
Event: 39.649 GC heap after
{Heap after GC invocations=81 (full 0):
 garbage-first heap   total 190464K, used 95090K [0x0000000703800000, 0x0000000800000000)
  region size 2048K, 2 young (4096K), 2 survivors (4096K)
 Metaspace       used 52769K, capacity 53153K, committed 53552K, reserved 1095680K
  class space    used 7066K, capacity 7224K, committed 7296K, reserved 1048576K
}
Event: 40.007 GC heap before
{Heap before GC invocations=82 (full 0):
 garbage-first heap   total 190464K, used 158578K [0x0000000703800000, 0x0000000800000000)
  region size 2048K, 33 young (67584K), 2 survivors (4096K)
 Metaspace       used 52769K, capacity 53153K, committed 53552K, reserved 1095680K
  class space    used 7066K, capacity 7224K, committed 7296K, reserved 1048576K
}
Event: 40.009 GC heap after
{Heap after GC invocations=83 (full 0):
 garbage-first heap   total 190464K, used 94424K [0x0000000703800000, 0x0000000800000000)
  region size 2048K, 1 young (2048K), 1 survivors (2048K)
 Metaspace       used 52769K, capacity 53153K, committed 53552K, reserved 1095680K
  class space    used 7066K, capacity 7224K, committed 7296K, reserved 1048576K
}
Event: 40.040 GC heap before
{Heap before GC invocations=83 (full 0):
 garbage-first heap   total 190464K, used 100568K [0x0000000703800000, 0x0000000800000000)
  region size 2048K, 4 young (8192K), 1 survivors (2048K)
 Metaspace       used 52769K, capacity 53153K, committed 53552K, reserved 1095680K
  class space    used 7066K, capacity 7224K, committed 7296K, reserved 1048576K
}
Event: 40.044 GC heap after
{Heap after GC invocations=84 (full 0):
 garbage-first heap   total 190464K, used 85426K [0x0000000703800000, 0x0000000800000000)
  region size 2048K, 1 young (2048K), 1 survivors (2048K)
 Metaspace       used 52769K, capacity 53153K, committed 53552K, reserved 1095680K
  class space    used 7066K, capacity 7224K, committed 7296K, reserved 1048576K
}
Event: 40.480 GC heap before
{Heap before GC invocations=84 (full 0):
 garbage-first heap   total 190464K, used 163250K [0x0000000703800000, 0x0000000800000000)
  region size 2048K, 39 young (79872K), 1 survivors (2048K)
 Metaspace       used 52769K, capacity 53153K, committed 53552K, reserved 1095680K
  class space    used 7066K, capacity 7224K, committed 7296K, reserved 1048576K
}
Event: 40.482 GC heap after
{Heap after GC invocations=85 (full 0):
 garbage-first heap   total 190464K, used 84930K [0x0000000703800000, 0x0000000800000000)
  region size 2048K, 1 young (2048K), 1 survivors (2048K)
 Metaspace       used 52769K, capacity 53153K, committed 53552K, reserved 1095680K
  class space    used 7066K, capacity 7224K, committed 7296K, reserved 1048576K
}
Event: 40.908 GC heap before
{Heap before GC invocations=85 (full 0):
 garbage-first heap   total 190464K, used 162754K [0x0000000703800000, 0x0000000800000000)
  region size 2048K, 39 young (79872K), 1 survivors (2048K)
 Metaspace       used 52770K, capacity 53153K, committed 53552K, reserved 1095680K
  class space    used 7066K, capacity 7224K, committed 7296K, reserved 1048576K
}
Event: 40.909 GC heap after
{Heap after GC invocations=86 (full 0):
 garbage-first heap   total 190464K, used 85584K [0x0000000703800000, 0x0000000800000000)
  region size 2048K, 1 young (2048K), 1 survivors (2048K)
 Metaspace       used 52770K, capacity 53153K, committed 53552K, reserved 1095680K
  class space    used 7066K, capacity 7224K, committed 7296K, reserved 1048576K
}
Event: 41.342 GC heap before
{Heap before GC invocations=86 (full 0):
 garbage-first heap   total 190464K, used 163408K [0x0000000703800000, 0x0000000800000000)
  region size 2048K, 39 young (79872K), 1 survivors (2048K)
 Metaspace       used 52770K, capacity 53153K, committed 53552K, reserved 1095680K
  class space    used 7066K, capacity 7224K, committed 7296K, reserved 1048576K
}
Event: 41.343 GC heap after
{Heap after GC invocations=87 (full 0):
 garbage-first heap   total 190464K, used 85109K [0x0000000703800000, 0x0000000800000000)
  region size 2048K, 1 young (2048K), 1 survivors (2048K)
 Metaspace       used 52770K, capacity 53153K, committed 53552K, reserved 1095680K
  class space    used 7066K, capacity 7224K, committed 7296K, reserved 1048576K
}
Event: 41.830 GC heap before
{Heap before GC invocations=87 (full 0):
 garbage-first heap   total 190464K, used 162933K [0x0000000703800000, 0x0000000800000000)
  region size 2048K, 39 young (79872K), 1 survivors (2048K)
 Metaspace       used 52770K, capacity 53153K, committed 53552K, reserved 1095680K
  class space    used 7066K, capacity 7224K, committed 7296K, reserved 1048576K
}
Event: 41.831 GC heap after
{Heap after GC invocations=88 (full 0):
 garbage-first heap   total 190464K, used 84889K [0x0000000703800000, 0x0000000800000000)
  region size 2048K, 1 young (2048K), 1 survivors (2048K)
 Metaspace       used 52770K, capacity 53153K, committed 53552K, reserved 1095680K
  class space    used 7066K, capacity 7224K, committed 7296K, reserved 1048576K
}
Event: 42.470 GC heap before
{Heap before GC invocations=88 (full 0):
 garbage-first heap   total 190464K, used 164761K [0x0000000703800000, 0x0000000800000000)
  region size 2048K, 40 young (81920K), 1 survivors (2048K)
 Metaspace       used 52770K, capacity 53153K, committed 53552K, reserved 1095680K
  class space    used 7066K, capacity 7224K, committed 7296K, reserved 1048576K
}
Event: 42.473 GC heap after
{Heap after GC invocations=89 (full 0):
 garbage-first heap   total 190464K, used 84892K [0x0000000703800000, 0x0000000800000000)
  region size 2048K, 1 young (2048K), 1 survivors (2048K)
 Metaspace       used 52770K, capacity 53153K, committed 53552K, reserved 1095680K
  class space    used 7066K, capacity 7224K, committed 7296K, reserved 1048576K
}
Event: 42.918 GC heap before
{Heap before GC invocations=89 (full 0):
 garbage-first heap   total 190464K, used 164764K [0x0000000703800000, 0x0000000800000000)
  region size 2048K, 40 young (81920K), 1 survivors (2048K)
 Metaspace       used 52770K, capacity 53153K, committed 53552K, reserved 1095680K
  class space    used 7066K, capacity 7224K, committed 7296K, reserved 1048576K
}
Event: 42.919 GC heap after
{Heap after GC invocations=90 (full 0):
 garbage-first heap   total 190464K, used 84868K [0x0000000703800000, 0x0000000800000000)
  region size 2048K, 1 young (2048K), 1 survivors (2048K)
 Metaspace       used 52770K, capacity 53153K, committed 53552K, reserved 1095680K
  class space    used 7066K, capacity 7224K, committed 7296K, reserved 1048576K
}
Event: 43.601 GC heap before
{Heap before GC invocations=90 (full 0):
 garbage-first heap   total 190464K, used 164740K [0x0000000703800000, 0x0000000800000000)
  region size 2048K, 40 young (81920K), 1 survivors (2048K)
 Metaspace       used 52775K, capacity 53153K, committed 53552K, reserved 1095680K
  class space    used 7066K, capacity 7224K, committed 7296K, reserved 1048576K
}
Event: 43.602 GC heap after
{Heap after GC invocations=91 (full 0):
 garbage-first heap   total 190464K, used 84861K [0x0000000703800000, 0x0000000800000000)
  region size 2048K, 1 young (2048K), 1 survivors (2048K)
 Metaspace       used 52775K, capacity 53153K, committed 53552K, reserved 1095680K
  class space    used 7066K, capacity 7224K, committed 7296K, reserved 1048576K
}

Deoptimization events (20 events):
Event: 53.708 Thread 0x00000214154d8180 Uncommon trap: trap_request=0xffffffc6 fr.pc=0x0000021407f3b19c relative=0x000000000000885c
Event: 53.708 Thread 0x00000214154d8180 Uncommon trap: reason=bimorphic_or_optimized_type_check action=maybe_recompile pc=0x0000021407f3b19c method=java.awt.Container.createChildHierarchyEvents(IJZ)V @ 63 c2
Event: 53.708 Thread 0x00000214154d8180 DEOPT PACKING pc=0x0000021407f3b19c sp=0x000000ef9eefdd90
Event: 53.708 Thread 0x00000214154d8180 DEOPT UNPACKING pc=0x000002140004e42f sp=0x000000ef9eefdba0 mode 2
Event: 53.708 Thread 0x00000214154d8180 Uncommon trap: trap_request=0xffffff45 fr.pc=0x0000021407f50864 relative=0x0000000000002be4
Event: 53.708 Thread 0x00000214154d8180 Uncommon trap: reason=unstable_if action=reinterpret pc=0x0000021407f50864 method=java.awt.Component.notifyNewBounds(ZZ)V @ 15 c2
Event: 53.708 Thread 0x00000214154d8180 DEOPT PACKING pc=0x0000021407f50864 sp=0x000000ef9eefdc80
Event: 53.708 Thread 0x00000214154d8180 DEOPT UNPACKING pc=0x000002140004e42f sp=0x000000ef9eefdbe8 mode 2
Event: 53.710 Thread 0x0000021415702b10 Uncommon trap: trap_request=0xffffff45 fr.pc=0x0000021407e13d4c relative=0x000000000000328c
Event: 53.710 Thread 0x0000021415702b10 Uncommon trap: reason=unstable_if action=reinterpret pc=0x0000021407e13d4c method=java.net.URLStreamHandler.parseURL(Ljava/net/URL;Ljava/lang/String;II)V @ 84 c2
Event: 53.710 Thread 0x0000021415702b10 DEOPT PACKING pc=0x0000021407e13d4c sp=0x000000efa00fde00
Event: 53.710 Thread 0x0000021415702b10 DEOPT UNPACKING pc=0x000002140004e42f sp=0x000000efa00fddb0 mode 2
Event: 53.710 Thread 0x0000021415702b10 Uncommon trap: trap_request=0xffffff45 fr.pc=0x0000021407dd9bc4 relative=0x0000000000000b64
Event: 53.710 Thread 0x0000021415702b10 Uncommon trap: reason=unstable_if action=reinterpret pc=0x0000021407dd9bc4 method=java.net.URL.set(Ljava/lang/String;Ljava/lang/String;ILjava/lang/String;Ljava/lang/String;Ljava/lang/String;Ljava/lang/String;Ljava/lang/String;)V @ 23 c2
Event: 53.710 Thread 0x0000021415702b10 DEOPT PACKING pc=0x0000021407dd9bc4 sp=0x000000efa00fdcf0
Event: 53.710 Thread 0x0000021415702b10 DEOPT UNPACKING pc=0x000002140004e42f sp=0x000000efa00fdc10 mode 2
Event: 53.713 Thread 0x0000021415702b10 Uncommon trap: trap_request=0xffffff45 fr.pc=0x0000021407dd840c relative=0x000000000000080c
Event: 53.713 Thread 0x0000021415702b10 Uncommon trap: reason=unstable_if action=reinterpret pc=0x0000021407dd840c method=java.net.URL.set(Ljava/lang/String;Ljava/lang/String;ILjava/lang/String;Ljava/lang/String;Ljava/lang/String;Ljava/lang/String;Ljava/lang/String;)V @ 23 c2
Event: 53.713 Thread 0x0000021415702b10 DEOPT PACKING pc=0x0000021407dd840c sp=0x000000efa00fb1a0
Event: 53.713 Thread 0x0000021415702b10 DEOPT UNPACKING pc=0x000002140004e42f sp=0x000000efa00fb168 mode 2

Classes unloaded (0 events):
No events

Classes redefined (0 events):
No events

Internal exceptions (20 events):
Event: 13.446 Thread 0x0000021415702b10 Exception <a 'java/lang/NoSuchMethodError'{0x000000070b31a220}: 'java.lang.Object java.lang.invoke.DirectMethodHandle$Holder.invokeSpecial(java.lang.Object, java.lang.Object, long, long, int, java.lang.Object, java.lang.Object, java.lang.Object, int)'> (0x000000070b31a220) 
thrown [./open/src/hotspot/share/interpreter/linkResolver.cpp, line 782]
Event: 13.446 Thread 0x0000021415702b10 Exception <a 'java/lang/NoSuchMethodError'{0x000000070b31e560}: 'java.lang.Object java.lang.invoke.DelegatingMethodHandle$Holder.reinvoke_L(java.lang.Object, long, long, int, java.lang.Object, java.lang.Object, java.lang.Object, int)'> (0x000000070b31e560) 
thrown [./open/src/hotspot/share/interpreter/linkResolver.cpp, line 782]
Event: 13.548 Thread 0x0000021415702b10 Exception <a 'sun/nio/fs/WindowsException'{0x000000070b045c38}> (0x000000070b045c38) 
thrown [./open/src/hotspot/share/prims/jni.cpp, line 578]
Event: 13.548 Thread 0x0000021415702b10 Exception <a 'sun/nio/fs/WindowsException'{0x000000070b046868}> (0x000000070b046868) 
thrown [./open/src/hotspot/share/prims/jni.cpp, line 578]
Event: 13.645 Thread 0x0000021415702b10 Exception <a 'java/lang/NoSuchMethodError'{0x000000070b19b398}: 'long java.lang.invoke.DirectMethodHandle$Holder.invokeStatic(java.lang.Object, java.lang.Object, java.lang.Object)'> (0x000000070b19b398) 
thrown [./open/src/hotspot/share/interpreter/linkResolver.cpp, line 782]
Event: 13.645 Thread 0x0000021415702b10 Exception <a 'java/lang/NoSuchMethodError'{0x000000070b19ed48}: 'long java.lang.invoke.DirectMethodHandle$Holder.invokeStaticInit(java.lang.Object, java.lang.Object, java.lang.Object)'> (0x000000070b19ed48) 
thrown [./open/src/hotspot/share/interpreter/linkResolver.cpp, line 782]
Event: 13.646 Thread 0x0000021415702b10 Exception <a 'java/lang/NoSuchMethodError'{0x000000070b1b7498}: 'java.lang.Object java.lang.invoke.DirectMethodHandle$Holder.newInvokeSpecial(java.lang.Object, java.lang.Object, long)'> (0x000000070b1b7498) 
thrown [./open/src/hotspot/share/interpreter/linkResolver.cpp, line 782]
Event: 13.646 Thread 0x0000021415702b10 Exception <a 'java/lang/NoSuchMethodError'{0x000000070b1bb208}: 'java.lang.Object java.lang.invoke.Invokers$Holder.linkToTargetMethod(java.lang.Object, long, java.lang.Object)'> (0x000000070b1bb208) 
thrown [./open/src/hotspot/share/interpreter/linkResolver.cpp, line 782]
Event: 13.651 Thread 0x0000021415702b10 Exception <a 'java/lang/NoSuchMethodError'{0x000000070ae11cd8}: 'java.lang.Object java.lang.invoke.Invokers$Holder.linkToTargetMethod(int, int, int, int, java.lang.Object)'> (0x000000070ae11cd8) 
thrown [./open/src/hotspot/share/interpreter/linkResolver.cpp, line 782]
Event: 13.657 Thread 0x0000021415705660 Exception <a 'java/lang/NoSuchMethodError'{0x000000070aea5178}: 'int java.lang.invoke.DirectMethodHandle$Holder.invokeStaticInit(java.lang.Object, java.lang.Object)'> (0x000000070aea5178) 
thrown [./open/src/hotspot/share/interpreter/linkResolver.cpp, line 782]
Event: 17.791 Thread 0x00000214154d8180 Implicit null exception at 0x00000214080d5b60 to 0x00000214080d5e28
Event: 46.343 Thread 0x00000214154d8180 Implicit null exception at 0x0000021408158560 to 0x0000021408158c68
Event: 47.242 Thread 0x00000214154d8180 Implicit null exception at 0x0000021407f0d7fe to 0x0000021407f0d87c
Event: 51.950 Thread 0x00000214154d8180 Implicit null exception at 0x0000021407d6442c to 0x0000021407d644d8
Event: 53.711 Thread 0x0000021415702b10 Exception <a 'sun/nio/fs/WindowsException'{0x000000070e4503f0}> (0x000000070e4503f0) 
thrown [./open/src/hotspot/share/prims/jni.cpp, line 578]
Event: 53.711 Thread 0x0000021415702b10 Exception <a 'sun/nio/fs/WindowsException'{0x000000070e451278}> (0x000000070e451278) 
thrown [./open/src/hotspot/share/prims/jni.cpp, line 578]
Event: 53.712 Thread 0x0000021415702b10 Exception <a 'java/lang/NoSuchMethodError'{0x000000070e478300}: 'java.lang.Object java.lang.invoke.DirectMethodHandle$Holder.invokeSpecial(java.lang.Object, java.lang.Object, long, java.lang.Object)'> (0x000000070e478300) 
thrown [./open/src/hotspot/share/interpreter/linkResolver.cpp, line 782]
Event: 53.713 Thread 0x0000021415702b10 Exception <a 'java/lang/NoSuchMethodError'{0x000000070e481280}: fwkLoad> (0x000000070e481280) 
thrown [./open/src/hotspot/share/prims/jni.cpp, line 1171]
Event: 53.713 Thread 0x0000021415702b10 Exception <a 'java/lang/NoClassDefFoundError'{0x000000070e482938}: com/sun/webkit/network/URLLoaderBase> (0x000000070e482938) 
thrown [./open/src/hotspot/share/classfile/systemDictionary.cpp, line 284]
Event: 53.713 Thread 0x0000021415702b10 Exception <a 'java/lang/NoSuchMethodError'{0x000000070e482c40}: fwkCancel> (0x000000070e482c40) 
thrown [./open/src/hotspot/share/prims/jni.cpp, line 1171]

Events (20 events):
Event: 48.603 Executing VM operation: HandshakeAllThreads
Event: 48.603 Executing VM operation: HandshakeAllThreads done
Event: 49.603 Executing VM operation: HandshakeAllThreads
Event: 49.603 Executing VM operation: HandshakeAllThreads done
Event: 50.603 Executing VM operation: HandshakeAllThreads
Event: 50.603 Executing VM operation: HandshakeAllThreads done
Event: 51.603 Executing VM operation: HandshakeAllThreads
Event: 51.603 Executing VM operation: HandshakeAllThreads done
Event: 51.969 loading class javax/swing/JTable$ModelChange
Event: 51.969 loading class javax/swing/JTable$ModelChange done
Event: 52.603 Executing VM operation: HandshakeAllThreads
Event: 52.603 Executing VM operation: HandshakeAllThreads done
Event: 53.604 Executing VM operation: HandshakeAllThreads
Event: 53.604 Executing VM operation: HandshakeAllThreads done
Event: 53.712 loading class javax/swing/JTable$DropLocation
Event: 53.712 loading class javax/swing/TransferHandler$DropLocation
Event: 53.712 loading class javax/swing/TransferHandler$DropLocation done
Event: 53.712 loading class javax/swing/JTable$DropLocation done
Event: 53.712 loading class javax/swing/plaf/basic/BasicTableUI$Actions
Event: 53.712 loading class javax/swing/plaf/basic/BasicTableUI$Actions done


Dynamic libraries:
0x00007ff7fd7c0000 - 0x00007ff7fd7cf000 	C:\Program Files\Java\jdk-15.0.2\bin\java.exe
0x00007ff80d890000 - 0x00007ff80daa7000 	C:\Windows\SYSTEM32\ntdll.dll
0x00007ff80b5f0000 - 0x00007ff80b6b4000 	C:\Windows\System32\KERNEL32.DLL
0x00007ff80b010000 - 0x00007ff80b3b6000 	C:\Windows\System32\KERNELBASE.dll
0x00007ff80aec0000 - 0x00007ff80afd1000 	C:\Windows\System32\ucrtbase.dll
0x00007ffffd510000 - 0x00007ffffd528000 	C:\Program Files\Java\jdk-15.0.2\bin\jli.dll
0x00007ff801f20000 - 0x00007ff801f39000 	C:\Program Files\Java\jdk-15.0.2\bin\VCRUNTIME140.dll
0x00007ff80b890000 - 0x00007ff80b940000 	C:\Windows\System32\ADVAPI32.dll
0x00007ff80cc00000 - 0x00007ff80cca7000 	C:\Windows\System32\msvcrt.dll
0x00007ff80cf40000 - 0x00007ff80cfe6000 	C:\Windows\System32\sechost.dll
0x00007ff80d270000 - 0x00007ff80d387000 	C:\Windows\System32\RPCRT4.dll
0x00007ff80ccb0000 - 0x00007ff80ce5d000 	C:\Windows\System32\USER32.dll
0x00007ff80afe0000 - 0x00007ff80b006000 	C:\Windows\System32\win32u.dll
0x00007ff80d820000 - 0x00007ff80d849000 	C:\Windows\System32\GDI32.dll
0x00007ff80ada0000 - 0x00007ff80aeb8000 	C:\Windows\System32\gdi32full.dll
0x00007ff80ac80000 - 0x00007ff80ad1a000 	C:\Windows\System32\msvcp_win.dll
0x00007fffe6690000 - 0x00007fffe6923000 	C:\Windows\WinSxS\amd64_microsoft.windows.common-controls_6595b64144ccf1df_6.0.22621.2361_none_2712ced57382f843\COMCTL32.dll
0x00007ff800c50000 - 0x00007ff800c5a000 	C:\Windows\SYSTEM32\VERSION.dll
0x00007ff80ce70000 - 0x00007ff80cea1000 	C:\Windows\System32\IMM32.DLL
0x00007ff804de0000 - 0x00007ff804dec000 	C:\Program Files\Java\jdk-15.0.2\bin\vcruntime140_1.dll
0x00007ffffcc40000 - 0x00007ffffccd1000 	C:\Program Files\Java\jdk-15.0.2\bin\msvcp140.dll
0x00007fff7fc20000 - 0x00007fff8077e000 	C:\Program Files\Java\jdk-15.0.2\bin\server\jvm.dll
0x00007ff80ce60000 - 0x00007ff80ce68000 	C:\Windows\System32\PSAPI.DLL
0x00007fff9efd0000 - 0x00007fff9efd9000 	C:\Windows\SYSTEM32\WSOCK32.dll
0x00007ff801360000 - 0x00007ff801394000 	C:\Windows\SYSTEM32\WINMM.dll
0x00007ff80b740000 - 0x00007ff80b7b1000 	C:\Windows\System32\WS2_32.dll
0x00007ff809ca0000 - 0x00007ff809cb8000 	C:\Windows\SYSTEM32\kernel.appcore.dll
0x00007ff801f80000 - 0x00007ff801f8a000 	C:\Program Files\Java\jdk-15.0.2\bin\jimage.dll
0x00007ff801520000 - 0x00007ff80174e000 	C:\Windows\SYSTEM32\DBGHELP.DLL
0x00007ff80be10000 - 0x00007ff80c19a000 	C:\Windows\System32\combase.dll
0x00007ff80d010000 - 0x00007ff80d0e7000 	C:\Windows\System32\OLEAUT32.dll
0x00007ff8013a0000 - 0x00007ff8013d2000 	C:\Windows\SYSTEM32\dbgcore.DLL
0x00007ff80ad20000 - 0x00007ff80ad9a000 	C:\Windows\System32\bcryptPrimitives.dll
0x00007ff800990000 - 0x00007ff8009b5000 	C:\Program Files\Java\jdk-15.0.2\bin\java.dll
0x00007ff80c350000 - 0x00007ff80cba8000 	C:\Windows\System32\SHELL32.dll
0x00007ff808b80000 - 0x00007ff809472000 	C:\Windows\SYSTEM32\windows.storage.dll
0x00007ff808a40000 - 0x00007ff808b7e000 	C:\Windows\SYSTEM32\wintypes.dll
0x00007ff80ba90000 - 0x00007ff80bb83000 	C:\Windows\System32\SHCORE.dll
0x00007ff80bdb0000 - 0x00007ff80be0e000 	C:\Windows\System32\shlwapi.dll
0x00007ff80ab40000 - 0x00007ff80ab66000 	C:\Windows\SYSTEM32\profapi.dll
0x00007ff801340000 - 0x00007ff801359000 	C:\Program Files\Java\jdk-15.0.2\bin\net.dll
0x00007ff8047d0000 - 0x00007ff804907000 	C:\Windows\SYSTEM32\WINHTTP.dll
0x00007ff80a1c0000 - 0x00007ff80a229000 	C:\Windows\system32\mswsock.dll
0x00007ff8003e0000 - 0x00007ff8003f2000 	C:\Program Files\Java\jdk-15.0.2\bin\nio.dll
0x00007ff8003c0000 - 0x00007ff8003d8000 	C:\Program Files\Java\jdk-15.0.2\bin\zip.dll
0x00007ffff4360000 - 0x00007ffff44e0000 	C:\Program Files\Java\jdk-15.0.2\bin\awt.dll
0x00007ff8080f0000 - 0x00007ff808187000 	C:\Windows\SYSTEM32\apphelp.dll
0x00007ff8081b0000 - 0x00007ff80825b000 	C:\Windows\system32\uxtheme.dll
0x00007fffcbcd0000 - 0x00007fffcbcfb000 	C:\Program Files (x86)\UltraViewer\uvh64.dll
0x00007ff80b940000 - 0x00007ff80ba8c000 	C:\Windows\System32\MSCTF.dll
0x00007ff800070000 - 0x00007ff80009e000 	C:\Program Files\uvnc bvba\UltraVNC\schook64.dll
0x00007ff80c1a0000 - 0x00007ff80c33f000 	C:\Windows\System32\ole32.dll
0x00007ff8083f0000 - 0x00007ff80841b000 	C:\Windows\system32\DWMAPI.DLL
0x00007fffdcbe0000 - 0x00007fffdcc93000 	C:\Windows\WinSxS\amd64_microsoft.windows.common-controls_6595b64144ccf1df_5.82.22621.608_none_fb280a3c7926c2cc\comctl32.dll
0x00007ffffd3e0000 - 0x00007ffffd465000 	C:\Program Files\Java\jdk-15.0.2\bin\freetype.dll
0x00007ffffcad0000 - 0x00007ffffcb79000 	C:\Program Files\Java\jdk-15.0.2\bin\fontmanager.dll
0x00007ffff4260000 - 0x00007ffff4360000 	C:\Windows\system32\opengl32.dll
0x00007ff800390000 - 0x00007ff8003bd000 	C:\Windows\SYSTEM32\GLU32.dll
0x00007ff808290000 - 0x00007ff8082c6000 	C:\Windows\SYSTEM32\dxcore.dll
0x00007ff80b7e0000 - 0x00007ff80b890000 	C:\Windows\System32\clbcatq.dll
0x00007ff806210000 - 0x00007ff806311000 	C:\Windows\SYSTEM32\PROPSYS.dll
0x00007fffd55a0000 - 0x00007fffd5645000 	C:\Windows\System32\Windows.FileExplorer.Common.dll
0x00007ff80a920000 - 0x00007ff80a96e000 	C:\Windows\SYSTEM32\CFGMGR32.dll
0x00007fffe7b30000 - 0x00007fffe7b4a000 	C:\Windows\system32\NetworkExplorer.dll
0x00007ff800c60000 - 0x00007ff800c7e000 	C:\Windows\SYSTEM32\MPR.dll
0x00007ffff9470000 - 0x00007ffff9499000 	C:\Windows\System32\p9np.dll
0x00007ffff9cd0000 - 0x00007ffff9cdc000 	C:\Windows\System32\drprov.dll
0x00007fffd9850000 - 0x00007fffd9869000 	C:\Windows\System32\ntlanman.dll
0x00007fffd9830000 - 0x00007fffd984f000 	C:\Windows\System32\davclnt.dll
0x00007ff8096d0000 - 0x00007ff809736000 	C:\Windows\System32\WINSTA.dll
0x00007ff8040f0000 - 0x00007ff80410b000 	C:\Windows\System32\wkscli.dll
0x00007fffdb890000 - 0x00007fffdb8a2000 	C:\Windows\SYSTEM32\cscapi.dll
0x00007ff809740000 - 0x00007ff80974c000 	C:\Windows\System32\netutils.dll
0x00007ffff6600000 - 0x00007ffff6656000 	C:\Windows\System32\dlnashext.dll
0x00007fffcbc60000 - 0x00007fffcbcc9000 	C:\Windows\System32\PlayToDevice.dll
0x00007fffd9760000 - 0x00007fffd9781000 	C:\Windows\System32\DevDispItemProvider.dll
0x00007ff800e60000 - 0x00007ff800efd000 	C:\Windows\System32\MMDevApi.dll
0x00007ff80a8f0000 - 0x00007ff80a91c000 	C:\Windows\System32\DEVOBJ.dll
0x00007fffc4d30000 - 0x00007fffc4dd1000 	C:\Windows\system32\wpdshext.dll
0x00007fffdd430000 - 0x00007fffdd5e9000 	C:\Windows\WinSxS\amd64_microsoft.windows.gdiplus_6595b64144ccf1df_1.1.22621.1778_none_57fe2016ce1542ec\gdiplus.dll
0x00007fffdc170000 - 0x00007fffdc20e000 	C:\Windows\System32\PortableDeviceApi.dll
0x00007ff80d390000 - 0x00007ff80d804000 	C:\Windows\System32\SETUPAPI.dll
0x00007ff80ac10000 - 0x00007ff80ac7c000 	C:\Windows\System32\WINTRUST.dll
0x00007ff80b480000 - 0x00007ff80b5e6000 	C:\Windows\System32\CRYPT32.dll
0x00007ff80a470000 - 0x00007ff80a482000 	C:\Windows\SYSTEM32\MSASN1.dll
0x00007fffe7a30000 - 0x00007fffe7a67000 	C:\Windows\System32\EhStorShell.dll
0x00007fffe8db0000 - 0x00007fffe8dd4000 	C:\Windows\System32\EhStorAPI.dll
0x00007ff809af0000 - 0x00007ff809b04000 	C:\Windows\System32\WTSAPI32.dll
0x00007ff8005c0000 - 0x00007ff8005cd000 	C:\Windows\SYSTEM32\LINKINFO.dll
0x00007ffff7430000 - 0x00007ffff7565000 	C:\Windows\System32\Windows.System.Launcher.dll
0x00007ff8064d0000 - 0x00007ff806563000 	C:\Windows\System32\msvcp110_win.dll
0x00007ffff7410000 - 0x00007ffff742a000 	C:\Windows\SYSTEM32\windows.staterepositorycore.dll
0x00007ff801f10000 - 0x00007ff801f20000 	C:\Program Files\Java\jdk-15.0.2\bin\verify.dll
0x00007ff800380000 - 0x00007ff80038d000 	C:\Program Files\Java\jdk-15.0.2\bin\sunmscapi.dll
0x00007ff80a5a0000 - 0x00007ff80a5cd000 	C:\Windows\SYSTEM32\ncrypt.dll
0x00007ff80a560000 - 0x00007ff80a597000 	C:\Windows\SYSTEM32\NTASN1.dll
0x00007ff806a10000 - 0x00007ff806bc0000 	C:\Windows\SYSTEM32\WindowsCodecs.dll
0x00007fffd2ab0000 - 0x00007fffd2b0e000 	C:\Windows\system32\dataexchange.dll
0x00007ff804350000 - 0x00007ff8045d5000 	C:\Windows\system32\twinapi.appcore.dll
0x0000021416990000 - 0x0000021416993000 	C:\Program Files\Java\jdk-15.0.2\bin\api-ms-win-core-console-l1-1-0.dll
0x000002141a8b0000 - 0x000002141a8b3000 	C:\Program Files\Java\jdk-15.0.2\bin\api-ms-win-core-datetime-l1-1-0.dll
0x000002141a8c0000 - 0x000002141a8c3000 	C:\Program Files\Java\jdk-15.0.2\bin\api-ms-win-core-debug-l1-1-0.dll
0x000002141a8d0000 - 0x000002141a8d3000 	C:\Program Files\Java\jdk-15.0.2\bin\api-ms-win-core-errorhandling-l1-1-0.dll
0x000002141a8e0000 - 0x000002141a8e4000 	C:\Program Files\Java\jdk-15.0.2\bin\api-ms-win-core-file-l1-1-0.dll
0x000002141a8f0000 - 0x000002141a8f3000 	C:\Program Files\Java\jdk-15.0.2\bin\api-ms-win-core-file-l1-2-0.dll
0x000002141a900000 - 0x000002141a903000 	C:\Program Files\Java\jdk-15.0.2\bin\api-ms-win-core-file-l2-1-0.dll
0x000002141a910000 - 0x000002141a913000 	C:\Program Files\Java\jdk-15.0.2\bin\api-ms-win-core-handle-l1-1-0.dll
0x000002141a920000 - 0x000002141a923000 	C:\Program Files\Java\jdk-15.0.2\bin\api-ms-win-core-heap-l1-1-0.dll
0x000002141a930000 - 0x000002141a933000 	C:\Program Files\Java\jdk-15.0.2\bin\api-ms-win-core-interlocked-l1-1-0.dll
0x000002141a940000 - 0x000002141a943000 	C:\Program Files\Java\jdk-15.0.2\bin\api-ms-win-core-libraryloader-l1-1-0.dll
0x000002141a950000 - 0x000002141a953000 	C:\Program Files\Java\jdk-15.0.2\bin\api-ms-win-core-localization-l1-2-0.dll
0x000002141a960000 - 0x000002141a963000 	C:\Program Files\Java\jdk-15.0.2\bin\api-ms-win-core-memory-l1-1-0.dll
0x000002141a970000 - 0x000002141a973000 	C:\Program Files\Java\jdk-15.0.2\bin\api-ms-win-core-namedpipe-l1-1-0.dll
0x000002141a980000 - 0x000002141a983000 	C:\Program Files\Java\jdk-15.0.2\bin\api-ms-win-core-processenvironment-l1-1-0.dll
0x000002141a990000 - 0x000002141a993000 	C:\Program Files\Java\jdk-15.0.2\bin\api-ms-win-core-processthreads-l1-1-0.dll
0x000002141a9a0000 - 0x000002141a9a3000 	C:\Program Files\Java\jdk-15.0.2\bin\api-ms-win-core-processthreads-l1-1-1.dll
0x000002141a9b0000 - 0x000002141a9b3000 	C:\Program Files\Java\jdk-15.0.2\bin\api-ms-win-core-profile-l1-1-0.dll
0x000002141a9c0000 - 0x000002141a9c3000 	C:\Program Files\Java\jdk-15.0.2\bin\api-ms-win-core-rtlsupport-l1-1-0.dll
0x000002141a9d0000 - 0x000002141a9d3000 	C:\Program Files\Java\jdk-15.0.2\bin\api-ms-win-core-string-l1-1-0.dll
0x000002141a9e0000 - 0x000002141a9e3000 	C:\Program Files\Java\jdk-15.0.2\bin\api-ms-win-core-synch-l1-1-0.dll
0x000002141a9f0000 - 0x000002141a9f3000 	C:\Program Files\Java\jdk-15.0.2\bin\api-ms-win-core-synch-l1-2-0.dll
0x000002141aa00000 - 0x000002141aa03000 	C:\Program Files\Java\jdk-15.0.2\bin\api-ms-win-core-sysinfo-l1-1-0.dll
0x000002141aa10000 - 0x000002141aa13000 	C:\Program Files\Java\jdk-15.0.2\bin\api-ms-win-core-timezone-l1-1-0.dll
0x000002141aa20000 - 0x000002141aa23000 	C:\Program Files\Java\jdk-15.0.2\bin\api-ms-win-core-util-l1-1-0.dll
0x000002141aa30000 - 0x000002141aa33000 	C:\Program Files\Java\jdk-15.0.2\bin\api-ms-win-crt-conio-l1-1-0.dll
0x000002141aa40000 - 0x000002141aa44000 	C:\Program Files\Java\jdk-15.0.2\bin\api-ms-win-crt-convert-l1-1-0.dll
0x000002141aa50000 - 0x000002141aa53000 	C:\Program Files\Java\jdk-15.0.2\bin\api-ms-win-crt-environment-l1-1-0.dll
0x000002141aa60000 - 0x000002141aa63000 	C:\Program Files\Java\jdk-15.0.2\bin\api-ms-win-crt-filesystem-l1-1-0.dll

dbghelp: loaded successfully - version: 4.0.5 - missing functions: none
symbol engine: initialized successfully - sym options: 0x614 - pdb path: .;C:\Program Files\Java\jdk-15.0.2\bin;C:\Windows\SYSTEM32;C:\Windows\WinSxS\amd64_microsoft.windows.common-controls_6595b64144ccf1df_6.0.22621.2361_none_2712ced57382f843;C:\Program Files\Java\jdk-15.0.2\bin\server;C:\Program Files (x86)\UltraViewer;C:\Program Files\uvnc bvba\UltraVNC;C:\Windows\WinSxS\amd64_microsoft.windows.common-controls_6595b64144ccf1df_5.82.22621.608_none_fb280a3c7926c2cc;C:\Windows\WinSxS\amd64_microsoft.windows.gdiplus_6595b64144ccf1df_1.1.22621.1778_none_57fe2016ce1542ec;C:\Windows\System32\DriverStore\FileRepository\iigd_dch.inf_amd64_effe9612081e9042

VM Arguments:
jvm_args: -Dfile.encoding=UTF-8 
java_command: simrskhanza.SIMRSKhanza
java_class_path (initial): C:\Lib\commons-codec-1.10.jar;C:\Lib\commons-codec-1.12.jar;C:\Lib\jasperreports-6.8.0.jar;C:\Lib\KhanzaSecurity16bit.jar;C:\Lib\RXTXcomm.jar;C:\Lib\SceneBuilderKit-8.2.0.jar;C:\Lib\TimingFramework-1.0.jar;C:\Lib\UsuLibrary.jar;C:\Lib\activation-1.1.1.jar;C:\Lib\ant-1.7.1.jar;C:\Lib\antlr-2.7.6.jar;C:\Lib\apache-httpcomponents-httpclient.jar;C:\Lib\appframework-1.0.3.jar;C:\Lib\asm-attrs.jar;C:\Lib\asm.jar;C:\Lib\barbecue-1.5-beta1.jar;C:\Lib\barcode4j-2.1.jar;C:\Lib\batik-anim-1.11.jar;C:\Lib\batik-anim-1.13.jar;C:\Lib\batik-awt-util-1.11.jar;C:\Lib\batik-awt-util-1.13.jar;C:\Lib\batik-bridge-1.11.jar;C:\Lib\batik-codec-1.11.jar;C:\Lib\batik-constants-1.11.jar;C:\Lib\batik-constants-1.13.jar;C:\Lib\batik-css-1.11.jar;C:\Lib\batik-css-1.13.jar;C:\Lib\batik-dom-1.11.jar;C:\Lib\batik-dom-1.13.jar;C:\Lib\batik-dom.jar;C:\Lib\batik-ext-1.11.jar;C:\Lib\batik-ext-1.13.jar;C:\Lib\batik-extension-1.11.jar;C:\Lib\batik-gui-util-1.11.jar;C:\Lib\batik-gvt-1.11.jar;C:\Lib\batik-i18n-1.11.jar;C:\Lib\batik-i18n-1.13.jar;C:\Lib\batik-parser-1.11.jar;C:\Lib\batik-parser-1.13.jar;C:\Lib\batik-rasterizer-1.11.jar;C:\Lib\batik-rasterizer-ext-1.11.jar;C:\Lib\batik-script-1.11.jar;C:\Lib\batik-shared-resources-1.13.jar;C:\Lib\batik-slideshow-1.11.jar;C:\Lib\batik-squiggle-1.11.jar;C:\Lib\batik-squiggle-ext-1.11.jar;C:\Lib\batik-svg-dom-1.11.jar;C:\Lib\batik-svg-dom-1.13.jar;C:\Lib\batik-svgbrowser-1.11.jar;C:\Lib\batik-svggen-1.11.jar;C:\Lib\batik-svgpp-1.11.jar;C:\Lib\batik-svgrasterizer-1.11.jar;C:\Lib\batik-swing-1.11.jar;C:\Lib\batik-transcoder-1.11.jar;C:\Lib\batik-ttf2svg-1.11.jar;C:\Lib\batik-util-1.11.jar;C:\Lib\batik-util-1.13.jar;C:\Lib\batik-util-1.8.jar;C:\Lib\batik-xml-1.11.jar;C:\Lib\batik-xml-1.13.jar;C:\Lib\bcel-5.2.jar;C:\Lib\beansbinding-1.2.1.jar;C:\Lib\bsh-2.0b4.jar;C:\Lib\bsh-2.1b5.jar;C:\Lib\calendar-doc.jar;C:\Lib\calendar-src.jar;C:\Lib\calendar.jar;C:\Lib\castor-1.2.jar;C:\Lib\castor-core-1.4.1.jar;C:\Lib\cglib-2.1.jar;C:\Lib\cincom-
Launcher Type: SUN_STANDARD

[Global flags]
     intx CICompilerCount                          = 12                                        {product} {ergonomic}
     uint ConcGCThreads                            = 4                                         {product} {ergonomic}
     uint G1ConcRefinementThreads                  = 15                                        {product} {ergonomic}
   size_t G1HeapRegionSize                         = 2097152                                   {product} {ergonomic}
    uintx GCDrainStackTargetSize                   = 64                                        {product} {ergonomic}
   size_t InitialHeapSize                          = 266338304                                 {product} {ergonomic}
   size_t MarkStackSize                            = 4194304                                   {product} {ergonomic}
   size_t MaxHeapSize                              = 4236247040                                {product} {ergonomic}
   size_t MaxNewSize                               = 2541748224                                {product} {ergonomic}
   size_t MinHeapDeltaBytes                        = 2097152                                   {product} {ergonomic}
   size_t MinHeapSize                              = 8388608                                   {product} {ergonomic}
    uintx NonNMethodCodeHeapSize                   = 7602480                                {pd product} {ergonomic}
    uintx NonProfiledCodeHeapSize                  = 122027880                              {pd product} {ergonomic}
    uintx ProfiledCodeHeapSize                     = 122027880                              {pd product} {ergonomic}
    uintx ReservedCodeCacheSize                    = 251658240                              {pd product} {ergonomic}
     bool SegmentedCodeCache                       = true                                      {product} {ergonomic}
   size_t SoftMaxHeapSize                          = 4236247040                             {manageable} {ergonomic}
     bool UseCompressedClassPointers               = true                                 {lp64_product} {ergonomic}
     bool UseCompressedOops                        = true                                 {lp64_product} {ergonomic}
     bool UseG1GC                                  = true                                      {product} {ergonomic}
     bool UseLargePagesIndividualAllocation        = false                                  {pd product} {ergonomic}

Logging:
Log output configuration:
 #0: stdout all=warning uptime,level,tags
 #1: stderr all=off uptime,level,tags

Environment Variables:
PATH=C:\Program Files (x86)\Embarcadero\Studio\22.0\bin;C:\Users\Public\Documents\Embarcadero\Studio\22.0\Bpl;C:\Program Files (x86)\Embarcadero\Studio\22.0\bin64;C:\Users\Public\Documents\Embarcadero\Studio\22.0\Bpl\Win64;C:\Program Files\Common Files\Oracle\Java\javapath;C:\Windows\system32;C:\Windows;C:\Windows\System32\Wbem;C:\Windows\System32\WindowsPowerShell\v1.0\;C:\Windows\System32\OpenSSH\;C:\Program Files\PuTTY\;C:\Program Files (x86)\Microsoft SQL Server\150\DTS\Binn\;C:\Program Files\Azure Data Studio\bin;C:\Users\firka\AppData\Local\Microsoft\WindowsApps;;C:\Program Files\Azure Data Studio\bin
USERNAME=firka
OS=Windows_NT
PROCESSOR_IDENTIFIER=Intel64 Family 6 Model 151 Stepping 2, GenuineIntel



---------------  S Y S T E M  ---------------

OS:
 Windows 10 , 64 bit Build 22621 (10.0.22621.2428)
OS uptime: 1 days 14:39 hours

CPU: total 20 (initial active 20) (10 cores per cpu, 2 threads per core) family 6 model 151 stepping 2 microcode 0x2c, cmov, cx8, fxsr, mmx, sse, sse2, sse3, ssse3, sse4.1, sse4.2, popcnt, vzeroupper, avx, avx2, aes, clmul, erms, 3dnowpref, lzcnt, ht, tsc, tscinvbit, bmi1, bmi2, adx, sha, fma, clflush, clflushopt, clwb

Memory: 4k page, system-wide physical 16155M (4641M free)
TotalPageFile size 19248M (AvailPageFile size 3291M)
current process WorkingSet (physical memory assigned to process): 500M, peak: 512M
current process commit charge ("private bytes"): 549M, peak: 564M

vm_info: Java HotSpot(TM) 64-Bit Server VM (15.0.2+7-27) for windows-amd64 JRE (15.0.2+7-27), built on Dec  7 2020 20:07:01 by "mach5one" with unknown MS VC++:1925

END.
