#
# A fatal error has been detected by the Java Runtime Environment:
#
#  EXCEPTION_ACCESS_VIOLATION (0xc0000005) at pc=0x00007fff7ffcabec, pid=1960, tid=5756
#
# JRE version: Java(TM) SE Runtime Environment (15.0.2+7) (build 15.0.2+7-27)
# Java VM: Java HotSpot(TM) 64-Bit Server VM (15.0.2+7-27, mixed mode, sharing, tiered, compressed oops, g1 gc, windows-amd64)
# Problematic frame:
# V  [jvm.dll+0x3aabec]
#
# No core dump will be written. Minidumps are not enabled by default on client versions of Windows
#
# If you would like to submit a bug report, please visit:
#   https://bugreport.java.com/bugreport/crash.jsp
#

---------------  S U M M A R Y ------------

Command Line: -Dfile.encoding=UTF-8 simrskhanza.SIMRSKhanza

Host: 12th Gen Intel(R) Core(TM) i7-12700, 20 cores, 15G,  Windows 10 , 64 bit Build 22621 (10.0.22621.2428)
Time: Mon Nov 13 14:26:26 2023 SE Asia Standard Time elapsed time: 404.139412 seconds (0d 0h 6m 44s)

---------------  T H R E A D  ---------------

Current thread (0x000001cc33d2b420):  JavaThread "JavaFX Application Thread" [_thread_in_vm, id=5756, stack(0x00000021fbd00000,0x00000021fbe00000)]

Stack: [0x00000021fbd00000,0x00000021fbe00000],  sp=0x00000021fbdfa3f0,  free space=1000k
Native frames: (J=compiled Java code, j=interpreted, Vv=VM code, C=native code)
V  [jvm.dll+0x3aabec]
C  0x00007fff82577ce0

Java frames: (J=compiled Java code, j=interpreted, Vv=VM code)
j  com.sun.webkit.WebPage.twkOpen(JLjava/lang/String;)V+0
j  com.sun.webkit.WebPage.open(JLjava/lang/String;)V+86
j  javafx.scene.web.WebEngine.load(Ljava/lang/String;)V+96
j  bridging.INACBGHybrid.lambda$loadURL$1(Ljava/lang/String;)V+5
j  bridging.INACBGHybrid$$Lambda$780+0x0000000801127c68.run()V+8
J 8277 c2 com.sun.glass.ui.InvokeLaterDispatcher$Future.run()V (91 bytes) @ 0x000001cc1c3615c0 [0x000001cc1c35e460+0x0000000000003160]
v  ~StubRoutines::call_stub
j  com.sun.glass.ui.win.WinApplication._runLoop(Ljava/lang/Runnable;)V+0
j  com.sun.glass.ui.win.WinApplication.lambda$runLoop$3(ILjava/lang/Runnable;)V+8
j  com.sun.glass.ui.win.WinApplication$$Lambda$247+0x0000000801055b08.run()V+12
j  java.lang.Thread.run()V+11 java.base@15.0.2
v  ~StubRoutines::call_stub

siginfo: EXCEPTION_ACCESS_VIOLATION (0xc0000005), reading address 0x0000000000000000


Register to memory mapping:

RIP=0x00007fff7ffcabec jvm.dll
RAX=0x0 is NULL
RBX=0x000001cc33d2b420 is a thread
RCX=0x35e6d685ecc40000 is an unknown value
RDX=0x000001cc34aee008 is a global jni handle
RSP=0x00000021fbdfa3f0 is pointing into the stack for thread: 0x000001cc33d2b420
RBP=0x000001cc33d2b748 points into unknown readable memory: 0x00007fff8061de40 | 40 de 61 80 ff 7f 00 00
RSI=0x0 is NULL
RDI=0x000001cc34aee008 is a global jni handle
R8 =0x0 is NULL
R9 =0x00000021fbdfa4f8 is pointing into the stack for thread: 0x000001cc33d2b420
R10=0x00007fff7ffcab30 jvm.dll
R11=0x00000021fbdfa3e8 is pointing into the stack for thread: 0x000001cc33d2b420
R12=0x000001cc36fd81b0 points into unknown readable memory: 0x000001cc37df9d00 | 00 9d df 37 cc 01 00 00
R13=0x000001cc36fd8220 points into unknown readable memory: 0x000001cc32534360 | 60 43 53 32 cc 01 00 00
R14=0x0 is NULL
R15=0x00000021fbdfa4f8 is pointing into the stack for thread: 0x000001cc33d2b420


Registers:
RAX=0x0000000000000000, RBX=0x000001cc33d2b420, RCX=0x35e6d685ecc40000, RDX=0x000001cc34aee008
RSP=0x00000021fbdfa3f0, RBP=0x000001cc33d2b748, RSI=0x0000000000000000, RDI=0x000001cc34aee008
R8 =0x0000000000000000, R9 =0x00000021fbdfa4f8, R10=0x00007fff7ffcab30, R11=0x00000021fbdfa3e8
R12=0x000001cc36fd81b0, R13=0x000001cc36fd8220, R14=0x0000000000000000, R15=0x00000021fbdfa4f8
RIP=0x00007fff7ffcabec, EFLAGS=0x0000000000010202

Top of Stack: (sp=0x00000021fbdfa3f0)
0x00000021fbdfa3f0:   000001cc33d2b420 0000000000000000
0x00000021fbdfa400:   0000000000000001 000001cc33d2b420
0x00000021fbdfa410:   000001cc36fd81b0 000001cc36fd8220
0x00000021fbdfa420:   000001cc36fd81b0 000001cc33d2b748
0x00000021fbdfa430:   0000000000000000 00007fff7ffd0947
0x00000021fbdfa440:   000001cc33d2b420 000001cc33d520a0
0x00000021fbdfa450:   0000000000000493 00007fff804baaa0
0x00000021fbdfa460:   000001cc33d2b420 000001cc33d520a0
0x00000021fbdfa470:   000001cc00000493 00007fff804baaa0
0x00000021fbdfa480:   0000000000000000 00007fff8409cb42
0x00000021fbdfa490:   000001cc33d2b748 0000000000000000
0x00000021fbdfa4a0:   000001cc3641d038 00007fff82577ce0
0x00000021fbdfa4b0:   000001cc3641d058 00000021fbdfa5e0
0x00000021fbdfa4c0:   000001cc3641d050 000001cc3641d050
0x00000021fbdfa4d0:   00000021fbdfa5e0 00007fff826be0c0
0x00000021fbdfa4e0:   000001cc32147380 000001cc32534390 

Instructions: (pc=0x00007fff7ffcabec)
0x00007fff7ffcaaec:   e9 03 f6 c1 01 74 08 48 8b cb e8 95 21 2e 00 4c
0x00007fff7ffcaafc:   8d 9c 24 a0 00 00 00 c7 83 98 03 00 00 04 00 00
0x00007fff7ffcab0c:   00 49 8b 5b 20 0f b7 c6 49 8b 6b 28 49 8b 73 30
0x00007fff7ffcab1c:   49 8b e3 41 5f 41 5e 5f c3 cc cc cc cc cc cc cc
0x00007fff7ffcab2c:   cc cc cc cc 48 89 5c 24 08 48 89 6c 24 10 48 89
0x00007fff7ffcab3c:   74 24 18 57 41 56 41 57 48 81 ec a0 00 00 00 8b
0x00007fff7ffcab4c:   81 88 00 00 00 48 8d 99 d8 fc ff ff 05 55 21 ff
0x00007fff7ffcab5c:   ff 33 f6 4d 8b f9 4d 8b f0 48 8b fa 48 8b e9 83
0x00007fff7ffcab6c:   f8 01 76 0a 48 8b cb e8 08 2b 39 00 8b de c7 83
0x00007fff7ffcab7c:   98 03 00 00 05 00 00 00 e8 a7 1e 27 00 48 8b 03
0x00007fff7ffcab8c:   48 8b cb ff 50 38 84 c0 74 0e 48 8b 83 10 01 00
0x00007fff7ffcab9c:   00 c0 e8 03 24 01 eb 0b 8b 05 66 1b 6f 00 85 c0
0x00007fff7ffcabac:   0f 95 c0 84 c0 75 0d 8b 83 e0 00 00 00 a9 04 00
0x00007fff7ffcabbc:   00 20 74 08 48 8b cb e8 38 31 39 00 c7 83 98 03
0x00007fff7ffcabcc:   00 00 06 00 00 00 48 89 5c 24 50 48 89 74 24 58
0x00007fff7ffcabdc:   48 39 73 08 74 0a 48 8d 4c 24 50 e8 04 bd 2a 00
0x00007fff7ffcabec:   49 8b 16 48 8d 4c 24 70 c7 44 24 40 0c 00 00 00
0x00007fff7ffcabfc:   e8 cf c7 00 00 4c 89 bc 24 98 00 00 00 48 8d 05
0x00007fff7ffcac0c:   18 ff 4e 00 48 89 44 24 70 40 f6 c7 01 74 0c 48
0x00007fff7ffcac1c:   8d 4f ff ff 15 83 0b 65 00 eb 09 48 8b cf ff 15
0x00007fff7ffcac2c:   d8 93 64 00 8b 15 6a 94 6d 00 48 8b c8 e8 d2 c8
0x00007fff7ffcac3c:   26 00 48 8b d3 48 8b c8 4c 8b 00 41 ff 90 b0 00
0x00007fff7ffcac4c:   00 00 48 39 73 08 75 32 48 8d 44 24 70 48 89 5c
0x00007fff7ffcac5c:   24 30 48 89 44 24 28 48 8d 54 24 40 45 33 c9 4c
0x00007fff7ffcac6c:   89 74 24 20 45 33 c0 48 8b cd e8 25 dc 00 00 48
0x00007fff7ffcac7c:   39 73 08 75 05 48 8b 74 24 48 48 83 7c 24 58 00
0x00007fff7ffcac8c:   74 0a 48 8d 4c 24 50 e8 f8 bc 2a 00 48 8b bb f8
0x00007fff7ffcac9c:   00 00 00 48 8b 4f 10 48 83 39 00 74 0c 48 8b cf
0x00007fff7ffcacac:   e8 bf 98 f6 ff 48 8b 4f 10 48 8b 47 08 48 89 48
0x00007fff7ffcacbc:   10 48 8b 4f 08 48 8b 47 18 48 89 41 18 48 8b 4f
0x00007fff7ffcaccc:   08 48 8b 47 20 48 89 41 20 c7 83 98 03 00 00 07
0x00007fff7ffcacdc:   00 00 00 e8 4c 1d 27 00 48 8b 8b 10 01 00 00 c0 


Stack slot to memory mapping:
stack at sp + 0 slots: 0x000001cc33d2b420 is a thread
stack at sp + 1 slots: 0x0 is NULL
stack at sp + 2 slots: 0x0000000000000001 is an unknown value
stack at sp + 3 slots: 0x000001cc33d2b420 is a thread
stack at sp + 4 slots: 0x000001cc36fd81b0 points into unknown readable memory: 0x000001cc37df9d00 | 00 9d df 37 cc 01 00 00
stack at sp + 5 slots: 0x000001cc36fd8220 points into unknown readable memory: 0x000001cc32534360 | 60 43 53 32 cc 01 00 00
stack at sp + 6 slots: 0x000001cc36fd81b0 points into unknown readable memory: 0x000001cc37df9d00 | 00 9d df 37 cc 01 00 00
stack at sp + 7 slots: 0x000001cc33d2b748 points into unknown readable memory: 0x00007fff8061de40 | 40 de 61 80 ff 7f 00 00


---------------  P R O C E S S  ---------------

Threads class SMR info:
_java_thread_list=0x000001cc30f41190, length=24, elements={
0x000001cc3008f840, 0x000001cc30090a20, 0x000001cc300a6520, 0x000001cc300a8ef0,
0x000001cc300a99a0, 0x000001cc300aefb0, 0x000001cc300b7ab0, 0x000001cc300bd9b0,
0x000001cc310fecd0, 0x000001cc3110b330, 0x000001cc31caf4d0, 0x000001cc31fee870,
0x000001cc31feed40, 0x000001cc320616d0, 0x000001cc32074e40, 0x000001cc0c01b6d0,
0x000001cc327d5230, 0x000001cc33d2c290, 0x000001cc33d2cc30, 0x000001cc33d2aa80,
0x000001cc33d2b420, 0x000001cc33d2af50, 0x000001cc33d2a0e0, 0x000001cc33d29740
}

Java Threads: ( => current thread )
  0x000001cc3008f840 JavaThread "Reference Handler" daemon [_thread_blocked, id=17544, stack(0x00000021f9300000,0x00000021f9400000)]
  0x000001cc30090a20 JavaThread "Finalizer" daemon [_thread_blocked, id=9572, stack(0x00000021f9400000,0x00000021f9500000)]
  0x000001cc300a6520 JavaThread "Signal Dispatcher" daemon [_thread_blocked, id=2652, stack(0x00000021f9500000,0x00000021f9600000)]
  0x000001cc300a8ef0 JavaThread "Attach Listener" daemon [_thread_blocked, id=11004, stack(0x00000021f9600000,0x00000021f9700000)]
  0x000001cc300a99a0 JavaThread "Service Thread" daemon [_thread_blocked, id=5740, stack(0x00000021f9700000,0x00000021f9800000)]
  0x000001cc300aefb0 JavaThread "C2 CompilerThread0" daemon [_thread_blocked, id=3888, stack(0x00000021f9800000,0x00000021f9900000)]
  0x000001cc300b7ab0 JavaThread "C1 CompilerThread0" daemon [_thread_blocked, id=9492, stack(0x00000021f9900000,0x00000021f9a00000)]
  0x000001cc300bd9b0 JavaThread "Sweeper thread" daemon [_thread_blocked, id=16140, stack(0x00000021f9a00000,0x00000021f9b00000)]
  0x000001cc310fecd0 JavaThread "Notification Thread" daemon [_thread_blocked, id=13164, stack(0x00000021f9c00000,0x00000021f9d00000)]
  0x000001cc3110b330 JavaThread "Common-Cleaner" daemon [_thread_blocked, id=12020, stack(0x00000021f9e00000,0x00000021f9f00000)]
  0x000001cc31caf4d0 JavaThread "Java2D Disposer" daemon [_thread_blocked, id=17712, stack(0x00000021fa600000,0x00000021fa700000)]
  0x000001cc31fee870 JavaThread "AWT-Shutdown" [_thread_blocked, id=17520, stack(0x00000021fa700000,0x00000021fa800000)]
  0x000001cc31feed40 JavaThread "AWT-Windows" daemon [_thread_blocked, id=17700, stack(0x00000021fa800000,0x00000021fa900000)]
  0x000001cc320616d0 JavaThread "AWT-EventQueue-0" [_thread_blocked, id=16736, stack(0x00000021faa00000,0x00000021fab00000)]
  0x000001cc32074e40 JavaThread "Swing-Shell" daemon [_thread_blocked, id=8952, stack(0x00000021fab00000,0x00000021fac00000)]
  0x000001cc0c01b6d0 JavaThread "DestroyJavaVM" [_thread_blocked, id=16316, stack(0x00000021f8c00000,0x00000021f8d00000)]
  0x000001cc327d5230 JavaThread "Abandoned connection cleanup thread" daemon [_thread_blocked, id=11456, stack(0x00000021fb400000,0x00000021fb500000)]
  0x000001cc33d2c290 JavaThread "TimerQueue" daemon [_thread_blocked, id=15256, stack(0x00000021fb800000,0x00000021fb900000)]
  0x000001cc33d2cc30 JavaThread "QuantumRenderer-0" daemon [_thread_blocked, id=16860, stack(0x00000021fae00000,0x00000021faf00000)]
  0x000001cc33d2aa80 JavaThread "InvokeLaterDispatcher" daemon [_thread_blocked, id=12452, stack(0x00000021fbc00000,0x00000021fbd00000)]
=>0x000001cc33d2b420 JavaThread "JavaFX Application Thread" [_thread_in_vm, id=5756, stack(0x00000021fbd00000,0x00000021fbe00000)]
  0x000001cc33d2af50 JavaThread "Thread-2" daemon [_thread_blocked, id=3864, stack(0x00000021f9f00000,0x00000021fa000000)]
  0x000001cc33d2a0e0 JavaThread "Prism Font Disposer" daemon [_thread_blocked, id=2252, stack(0x00000021fb100000,0x00000021fb200000)]
  0x000001cc33d29740 JavaThread "Disposer" daemon [_thread_blocked, id=9844, stack(0x00000021fc100000,0x00000021fc200000)]

Other Threads:
  0x000001cc3008bfb0 VMThread "VM Thread" [stack: 0x00000021f9200000,0x00000021f9300000] [id=15860] _threads_hazard_ptr=0x000001cc30f41190
  0x000001cc3110c280 WatcherThread [stack: 0x00000021f9d00000,0x00000021f9e00000] [id=17380]
  0x000001cc0c06f0b0 GCTaskThread "GC Thread#0" [stack: 0x00000021f8d00000,0x00000021f8e00000] [id=15608]
  0x000001cc310f9f40 GCTaskThread "GC Thread#1" [stack: 0x00000021fa100000,0x00000021fa200000] [id=3328]
  0x000001cc31de6000 GCTaskThread "GC Thread#2" [stack: 0x00000021fa200000,0x00000021fa300000] [id=17596]
  0x000001cc31de59a0 GCTaskThread "GC Thread#3" [stack: 0x00000021fa300000,0x00000021fa400000] [id=18328]
  0x000001cc31de7980 GCTaskThread "GC Thread#4" [stack: 0x00000021fa400000,0x00000021fa500000] [id=4240]
  0x000001cc31de5cd0 GCTaskThread "GC Thread#5" [stack: 0x00000021fa500000,0x00000021fa600000] [id=18352]
  0x000001cc341f92f0 GCTaskThread "GC Thread#6" [stack: 0x00000021fbf00000,0x00000021fc000000] [id=11628]
  0x000001cc341f9950 GCTaskThread "GC Thread#7" [stack: 0x00000021fc000000,0x00000021fc100000] [id=5992]
  0x000001cc0c07fe80 ConcurrentGCThread "G1 Main Marker" [stack: 0x00000021f8e00000,0x00000021f8f00000] [id=9364]
  0x000001cc0c080a70 ConcurrentGCThread "G1 Conc#0" [stack: 0x00000021f8f00000,0x00000021f9000000] [id=4740]
  0x000001cc31de5010 ConcurrentGCThread "G1 Conc#1" [stack: 0x00000021fb500000,0x00000021fb600000] [id=18376]
  0x000001cc31de6cc0 ConcurrentGCThread "G1 Conc#2" [stack: 0x00000021fb600000,0x00000021fb700000] [id=7020]
  0x000001cc31de8310 ConcurrentGCThread "G1 Conc#3" [stack: 0x00000021fb700000,0x00000021fb800000] [id=5572]
  0x000001cc0c0dd140 ConcurrentGCThread "G1 Refine#0" [stack: 0x00000021f9000000,0x00000021f9100000] [id=16728]
  0x000001cc2ff85470 ConcurrentGCThread "G1 Young RemSet Sampling" [stack: 0x00000021f9100000,0x00000021f9200000] [id=18012]

Threads with active compile tasks:

VM state: synchronizing (normal execution)

VM Mutex/Monitor currently owned by a thread:  ([mutex/lock_event])
[0x000001cc0c017aa0] Threads_lock - owner thread: 0x000001cc3008bfb0
[0x000001cc0c017e00] Heap_lock - owner thread: 0x000001cc0c07fe80

Heap address: 0x0000000703800000, size: 4040 MB, Compressed Oops mode: Zero based, Oop shift amount: 3
CDS archive(s) mapped at: [0x0000000800000000-0x0000000800b50000-0x0000000800b50000), size 11862016, SharedBaseAddress: 0x0000000800000000, ArchiveRelocationMode: 0.
Compressed class space mapped at: 0x0000000800b50000-0x0000000840b50000, size: 1073741824
Narrow klass base: 0x0000000800000000, Narrow klass shift: 3, Narrow klass range: 0x100000000

GC Precious Log:
 CPUs: 20 total, 20 available
 Memory: 16155M
 Large Page Support: Disabled
 NUMA Support: Disabled
 Compressed Oops: Enabled (Zero based)
 Heap Region Size: 2M
 Heap Min Capacity: 8M
 Heap Initial Capacity: 254M
 Heap Max Capacity: 4040M
 Pre-touch: Disabled
 Parallel Workers: 15
 Concurrent Workers: 4
 Concurrent Refinement Workers: 15
 Periodic GC: Disabled

Heap:
 garbage-first heap   total 163840K, used 88864K [0x0000000703800000, 0x0000000800000000)
  region size 2048K, 2 young (4096K), 1 survivors (2048K)
 Metaspace       used 53466K, capacity 53844K, committed 54064K, reserved 1095680K
  class space    used 7131K, capacity 7239K, committed 7296K, reserved 1048576K

Heap Regions: E=young(eden), S=young(survivor), O=old, HS=humongous(starts), HC=humongous(continues), CS=collection set, F=free, OA=open archive, CA=closed archive, TAMS=top-at-mark-start (previous, next)
|   0|0x0000000703800000, 0x0000000703a00000, 0x0000000703a00000|100%| O|  |TAMS 0x0000000703a00000, 0x0000000703a00000| Untracked 
|   1|0x0000000703a00000, 0x0000000703c00000, 0x0000000703c00000|100%| O|  |TAMS 0x0000000703c00000, 0x0000000703c00000| Untracked 
|   2|0x0000000703c00000, 0x0000000703e00000, 0x0000000703e00000|100%| O|  |TAMS 0x0000000703e00000, 0x0000000703e00000| Untracked 
|   3|0x0000000703e00000, 0x0000000704000000, 0x0000000704000000|100%| O|  |TAMS 0x0000000704000000, 0x0000000704000000| Untracked 
|   4|0x0000000704000000, 0x0000000704200000, 0x0000000704200000|100%| O|  |TAMS 0x0000000704200000, 0x0000000704200000| Untracked 
|   5|0x0000000704200000, 0x0000000704400000, 0x0000000704400000|100%| O|  |TAMS 0x0000000704400000, 0x0000000704400000| Untracked 
|   6|0x0000000704400000, 0x0000000704600000, 0x0000000704600000|100%| O|  |TAMS 0x0000000704600000, 0x0000000704600000| Untracked 
|   7|0x0000000704600000, 0x0000000704800000, 0x0000000704800000|100%| O|  |TAMS 0x0000000704800000, 0x0000000704800000| Untracked 
|   8|0x0000000704800000, 0x0000000704800000, 0x0000000704a00000|  0%| F|  |TAMS 0x0000000704800000, 0x0000000704800000| Untracked 
|   9|0x0000000704a00000, 0x0000000704c00000, 0x0000000704c00000|100%| O|  |TAMS 0x0000000704c00000, 0x0000000704c00000| Untracked 
|  10|0x0000000704c00000, 0x0000000704e00000, 0x0000000704e00000|100%| O|  |TAMS 0x0000000704e00000, 0x0000000704e00000| Untracked 
|  11|0x0000000704e00000, 0x0000000705000000, 0x0000000705000000|100%| O|  |TAMS 0x0000000705000000, 0x0000000705000000| Untracked 
|  12|0x0000000705000000, 0x0000000705200000, 0x0000000705200000|100%| O|  |TAMS 0x0000000705200000, 0x0000000705200000| Untracked 
|  13|0x0000000705200000, 0x0000000705400000, 0x0000000705400000|100%| O|  |TAMS 0x0000000705400000, 0x0000000705400000| Untracked 
|  14|0x0000000705400000, 0x0000000705600000, 0x0000000705600000|100%| O|  |TAMS 0x0000000705600000, 0x0000000705600000| Untracked 
|  15|0x0000000705600000, 0x0000000705600000, 0x0000000705800000|  0%| F|  |TAMS 0x0000000705600000, 0x0000000705600000| Untracked 
|  16|0x0000000705800000, 0x0000000705a00000, 0x0000000705a00000|100%| O|  |TAMS 0x0000000705a00000, 0x0000000705a00000| Untracked 
|  17|0x0000000705a00000, 0x0000000705a00000, 0x0000000705c00000|  0%| F|  |TAMS 0x0000000705a00000, 0x0000000705a00000| Untracked 
|  18|0x0000000705c00000, 0x0000000705e00000, 0x0000000705e00000|100%| O|  |TAMS 0x0000000705e00000, 0x0000000705e00000| Untracked 
|  19|0x0000000705e00000, 0x0000000705e00000, 0x0000000706000000|  0%| F|  |TAMS 0x0000000705e00000, 0x0000000705e00000| Untracked 
|  20|0x0000000706000000, 0x0000000706200000, 0x0000000706200000|100%| O|  |TAMS 0x0000000706200000, 0x0000000706200000| Untracked 
|  21|0x0000000706200000, 0x0000000706400000, 0x0000000706400000|100%| O|  |TAMS 0x0000000706400000, 0x0000000706400000| Untracked 
|  22|0x0000000706400000, 0x0000000706600000, 0x0000000706600000|100%| O|  |TAMS 0x0000000706600000, 0x0000000706600000| Untracked 
|  23|0x0000000706600000, 0x0000000706800000, 0x0000000706800000|100%| O|  |TAMS 0x0000000706800000, 0x0000000706800000| Untracked 
|  24|0x0000000706800000, 0x0000000706a00000, 0x0000000706a00000|100%| O|  |TAMS 0x0000000706a00000, 0x0000000706a00000| Untracked 
|  25|0x0000000706a00000, 0x0000000706c00000, 0x0000000706c00000|100%| O|  |TAMS 0x0000000706c00000, 0x0000000706c00000| Untracked 
|  26|0x0000000706c00000, 0x0000000706e00000, 0x0000000706e00000|100%| O|  |TAMS 0x0000000706e00000, 0x0000000706e00000| Untracked 
|  27|0x0000000706e00000, 0x0000000707000000, 0x0000000707000000|100%| O|  |TAMS 0x0000000707000000, 0x0000000707000000| Untracked 
|  28|0x0000000707000000, 0x0000000707200000, 0x0000000707200000|100%| O|  |TAMS 0x0000000707200000, 0x0000000707200000| Untracked 
|  29|0x0000000707200000, 0x0000000707400000, 0x0000000707400000|100%| O|  |TAMS 0x0000000707400000, 0x0000000707400000| Untracked 
|  30|0x0000000707400000, 0x0000000707600000, 0x0000000707600000|100%| O|  |TAMS 0x0000000707600000, 0x0000000707600000| Untracked 
|  31|0x0000000707600000, 0x0000000707800000, 0x0000000707800000|100%| O|  |TAMS 0x0000000707800000, 0x0000000707800000| Untracked 
|  32|0x0000000707800000, 0x0000000707a00000, 0x0000000707a00000|100%| O|  |TAMS 0x0000000707a00000, 0x0000000707a00000| Untracked 
|  33|0x0000000707a00000, 0x0000000707c00000, 0x0000000707c00000|100%| O|  |TAMS 0x0000000707c00000, 0x0000000707c00000| Untracked 
|  34|0x0000000707c00000, 0x0000000707e00000, 0x0000000707e00000|100%| O|  |TAMS 0x0000000707e00000, 0x0000000707e00000| Untracked 
|  35|0x0000000707e00000, 0x0000000708000000, 0x0000000708000000|100%|HS|  |TAMS 0x0000000708000000, 0x0000000708000000| Complete 
|  36|0x0000000708000000, 0x0000000708200000, 0x0000000708200000|100%|HC|  |TAMS 0x0000000708200000, 0x0000000708200000| Complete 
|  37|0x0000000708200000, 0x0000000708400000, 0x0000000708400000|100%| O|  |TAMS 0x0000000708400000, 0x0000000708400000| Untracked 
|  38|0x0000000708400000, 0x0000000708600000, 0x0000000708600000|100%| O|  |TAMS 0x0000000708600000, 0x0000000708600000| Untracked 
|  39|0x0000000708600000, 0x0000000708800000, 0x0000000708800000|100%| O|  |TAMS 0x0000000708800000, 0x0000000708800000| Untracked 
|  40|0x0000000708800000, 0x0000000708a00000, 0x0000000708a00000|100%| O|  |TAMS 0x0000000708a00000, 0x0000000708a00000| Untracked 
|  41|0x0000000708a00000, 0x0000000708b3ec00, 0x0000000708c00000| 62%| O|  |TAMS 0x0000000708b3e200, 0x0000000708b3e200| Untracked 
|  42|0x0000000708c00000, 0x0000000708e00000, 0x0000000708e00000|100%|HS|  |TAMS 0x0000000708c00000, 0x0000000708c00000| Complete 
|  43|0x0000000708e00000, 0x0000000709000000, 0x0000000709000000|100%|HC|  |TAMS 0x0000000708e00000, 0x0000000708e00000| Complete 
|  44|0x0000000709000000, 0x0000000709000000, 0x0000000709200000|  0%| F|  |TAMS 0x0000000709000000, 0x0000000709000000| Untracked 
|  45|0x0000000709200000, 0x0000000709400000, 0x0000000709400000|100%| O|  |TAMS 0x0000000709400000, 0x0000000709400000| Untracked 
|  46|0x0000000709400000, 0x0000000709600000, 0x0000000709600000|100%| O|  |TAMS 0x0000000709600000, 0x0000000709600000| Untracked 
|  47|0x0000000709600000, 0x0000000709800000, 0x0000000709800000|100%| O|  |TAMS 0x0000000709800000, 0x0000000709800000| Untracked 
|  48|0x0000000709800000, 0x0000000709800000, 0x0000000709a00000|  0%| F|  |TAMS 0x0000000709800000, 0x0000000709800000| Untracked 
|  49|0x0000000709a00000, 0x0000000709a00000, 0x0000000709c00000|  0%| F|  |TAMS 0x0000000709a00000, 0x0000000709a00000| Untracked 
|  50|0x0000000709c00000, 0x0000000709c00000, 0x0000000709e00000|  0%| F|  |TAMS 0x0000000709c00000, 0x0000000709c00000| Untracked 
|  51|0x0000000709e00000, 0x0000000709e00000, 0x000000070a000000|  0%| F|  |TAMS 0x0000000709e00000, 0x0000000709e00000| Untracked 
|  52|0x000000070a000000, 0x000000070a000000, 0x000000070a200000|  0%| F|  |TAMS 0x000000070a000000, 0x000000070a000000| Untracked 
|  53|0x000000070a200000, 0x000000070a200000, 0x000000070a400000|  0%| F|  |TAMS 0x000000070a200000, 0x000000070a200000| Untracked 
|  54|0x000000070a400000, 0x000000070a400000, 0x000000070a600000|  0%| F|  |TAMS 0x000000070a400000, 0x000000070a400000| Untracked 
|  55|0x000000070a600000, 0x000000070a600000, 0x000000070a800000|  0%| F|  |TAMS 0x000000070a600000, 0x000000070a600000| Untracked 
|  56|0x000000070a800000, 0x000000070a989778, 0x000000070aa00000| 76%| S|CS|TAMS 0x000000070a800000, 0x000000070a800000| Complete 
|  57|0x000000070aa00000, 0x000000070aa00000, 0x000000070ac00000|  0%| F|  |TAMS 0x000000070aa00000, 0x000000070aa00000| Untracked 
|  58|0x000000070ac00000, 0x000000070ac00000, 0x000000070ae00000|  0%| F|  |TAMS 0x000000070ac00000, 0x000000070ac00000| Untracked 
|  59|0x000000070ae00000, 0x000000070ae00000, 0x000000070b000000|  0%| F|  |TAMS 0x000000070ae00000, 0x000000070ae00000| Untracked 
|  60|0x000000070b000000, 0x000000070b000000, 0x000000070b200000|  0%| F|  |TAMS 0x000000070b000000, 0x000000070b000000| Untracked 
|  61|0x000000070b200000, 0x000000070b200000, 0x000000070b400000|  0%| F|  |TAMS 0x000000070b200000, 0x000000070b200000| Untracked 
|  62|0x000000070b400000, 0x000000070b400000, 0x000000070b600000|  0%| F|  |TAMS 0x000000070b400000, 0x000000070b400000| Untracked 
|  63|0x000000070b600000, 0x000000070b600000, 0x000000070b800000|  0%| F|  |TAMS 0x000000070b600000, 0x000000070b600000| Untracked 
|  64|0x000000070b800000, 0x000000070b800000, 0x000000070ba00000|  0%| F|  |TAMS 0x000000070b800000, 0x000000070b800000| Untracked 
|  65|0x000000070ba00000, 0x000000070ba00000, 0x000000070bc00000|  0%| F|  |TAMS 0x000000070ba00000, 0x000000070ba00000| Untracked 
|  66|0x000000070bc00000, 0x000000070bc00000, 0x000000070be00000|  0%| F|  |TAMS 0x000000070bc00000, 0x000000070bc00000| Untracked 
|  67|0x000000070be00000, 0x000000070be00000, 0x000000070c000000|  0%| F|  |TAMS 0x000000070be00000, 0x000000070be00000| Untracked 
|  68|0x000000070c000000, 0x000000070c000000, 0x000000070c200000|  0%| F|  |TAMS 0x000000070c000000, 0x000000070c000000| Untracked 
|  69|0x000000070c200000, 0x000000070c200000, 0x000000070c400000|  0%| F|  |TAMS 0x000000070c200000, 0x000000070c200000| Untracked 
|  70|0x000000070c400000, 0x000000070c400000, 0x000000070c600000|  0%| F|  |TAMS 0x000000070c400000, 0x000000070c400000| Untracked 
|  71|0x000000070c600000, 0x000000070c600000, 0x000000070c800000|  0%| F|  |TAMS 0x000000070c600000, 0x000000070c600000| Untracked 
|  72|0x000000070c800000, 0x000000070c800000, 0x000000070ca00000|  0%| F|  |TAMS 0x000000070c800000, 0x000000070c800000| Untracked 
|  73|0x000000070ca00000, 0x000000070ca00000, 0x000000070cc00000|  0%| F|  |TAMS 0x000000070ca00000, 0x000000070ca00000| Untracked 
|  74|0x000000070cc00000, 0x000000070cc00000, 0x000000070ce00000|  0%| F|  |TAMS 0x000000070cc00000, 0x000000070cc00000| Untracked 
|  75|0x000000070ce00000, 0x000000070ce00000, 0x000000070d000000|  0%| F|  |TAMS 0x000000070ce00000, 0x000000070ce00000| Untracked 
|  76|0x000000070d000000, 0x000000070d000000, 0x000000070d200000|  0%| F|  |TAMS 0x000000070d000000, 0x000000070d000000| Untracked 
| 122|0x0000000712c00000, 0x0000000712c00000, 0x0000000712e00000|  0%| F|  |TAMS 0x0000000712c00000, 0x0000000712c00000| Untracked 
| 125|0x0000000713200000, 0x0000000713200000, 0x0000000713400000|  0%| F|  |TAMS 0x0000000713200000, 0x0000000713200000| Untracked 
| 126|0x0000000713400000, 0x0000000713523a50, 0x0000000713600000| 56%| E|  |TAMS 0x0000000713400000, 0x0000000713400000| Complete 

Card table byte_map: [0x000001cc244e0000,0x000001cc24cd0000] _byte_map_base: 0x000001cc20cc4000

Marking Bits (Prev, Next): (CMBitMap*) 0x000001cc0c06f8a0, (CMBitMap*) 0x000001cc0c06f8e0
 Prev Bits: [0x000001cc254c0000, 0x000001cc293e0000)
 Next Bits: [0x000001cc293e0000, 0x000001cc2d300000)

Polling page: 0x000001cc0b7e0000

Metaspace:

Usage:
  Non-class:     45.51 MB capacity,    45.25 MB (>99%) used,   203.74 KB ( <1%) free+waste,    66.62 KB ( <1%) overhead. 
      Class:      7.07 MB capacity,     6.96 MB ( 99%) used,    82.55 KB (  1%) free+waste,    24.75 KB ( <1%) overhead. 
       Both:     52.58 MB capacity,    52.21 MB (>99%) used,   286.29 KB ( <1%) free+waste,    91.38 KB ( <1%) overhead. 

Virtual space:
  Non-class space:       46.00 MB reserved,      45.67 MB (>99%) committed 
      Class space:        1.00 GB reserved,       7.12 MB ( <1%) committed 
             Both:        1.04 GB reserved,      52.80 MB (  5%) committed 

Chunk freelists:
   Non-Class:  163.00 KB
       Class:  0 bytes
        Both:  163.00 KB

MaxMetaspaceSize: 17179869184.00 GB
CompressedClassSpaceSize: 1.00 GB

CodeHeap 'non-profiled nmethods': size=119168Kb used=6150Kb max_used=6439Kb free=113017Kb
 bounds [0x000001cc1bde0000, 0x000001cc1c430000, 0x000001cc23240000]
CodeHeap 'profiled nmethods': size=119104Kb used=13270Kb max_used=14573Kb free=105833Kb
 bounds [0x000001cc14990000, 0x000001cc157d0000, 0x000001cc1bde0000]
CodeHeap 'non-nmethods': size=7488Kb used=1633Kb max_used=3371Kb free=5855Kb
 bounds [0x000001cc14240000, 0x000001cc145a0000, 0x000001cc14990000]
 total_blobs=8110 nmethods=7098 adapters=922
 compilation: enabled
              stopped_count=0, restarted_count=0
 full_count=0

Compilation events (20 events):
Event: 404.103 Thread 0x000001cc300b7ab0 8912       3       javafx.scene.Node$1::doGeomChanged (5 bytes)
Event: 404.103 Thread 0x000001cc300b7ab0 nmethod 8912 0x000001cc1569f590 code [0x000001cc1569f740, 0x000001cc1569f868]
Event: 404.103 Thread 0x000001cc300b7ab0 8913       3       javafx.scene.Node::doGeomChanged (45 bytes)
Event: 404.103 Thread 0x000001cc300b7ab0 nmethod 8913 0x000001cc150a5390 code [0x000001cc150a5620, 0x000001cc150a62b8]
Event: 404.103 Thread 0x000001cc300b7ab0 8914       3       com.sun.javafx.scene.NodeHelper::notifyLayoutBoundsChanged (9 bytes)
Event: 404.103 Thread 0x000001cc300b7ab0 nmethod 8914 0x000001cc15481490 code [0x000001cc15481640, 0x000001cc15481818]
Event: 404.108 Thread 0x000001cc300b7ab0 8915   !   3       java.awt.Component::reshape (312 bytes)
Event: 404.109 Thread 0x000001cc300b7ab0 nmethod 8915 0x000001cc153ad990 code [0x000001cc153adc40, 0x000001cc153af078]
Event: 404.112 Thread 0x000001cc300b7ab0 8916   !   3       java.lang.ref.Reference::processPendingReferences (132 bytes)
Event: 404.112 Thread 0x000001cc300b7ab0 nmethod 8916 0x000001cc14cac810 code [0x000001cc14caca60, 0x000001cc14cad3b8]
Event: 404.112 Thread 0x000001cc300aefb0 8917       4       java.lang.invoke.LambdaForm$Name::useCount (42 bytes)
Event: 404.113 Thread 0x000001cc300b7ab0 8918       3       java.awt.KeyboardFocusManager::fireVetoableChange (26 bytes)
Event: 404.113 Thread 0x000001cc300b7ab0 nmethod 8918 0x000001cc14f88190 code [0x000001cc14f88340, 0x000001cc14f884e8]
Event: 404.113 Thread 0x000001cc300b7ab0 8919       3       jdk.internal.org.objectweb.asm.Frame::setInputFrameFromDescriptor (175 bytes)
Event: 404.113 Thread 0x000001cc300aefb0 nmethod 8917 0x000001cc1c007910 code [0x000001cc1c007a80, 0x000001cc1c007b58]
Event: 404.113 Thread 0x000001cc300aefb0 8920       4       jdk.internal.org.objectweb.asm.MethodWriter::visitVarInsn (302 bytes)
Event: 404.113 Thread 0x000001cc300b7ab0 nmethod 8919 0x000001cc14a68090 code [0x000001cc14a682a0, 0x000001cc14a68ab8]
Event: 404.116 Thread 0x000001cc300aefb0 nmethod 8920 0x000001cc1c006610 code [0x000001cc1c0067e0, 0x000001cc1c006e30]
Event: 404.119 Thread 0x000001cc300b7ab0 8925       3       java.lang.invoke.InvokerBytecodeGenerator::className (23 bytes)
Event: 404.120 Thread 0x000001cc300b7ab0 nmethod 8925 0x000001cc152f9610 code [0x000001cc152f9820, 0x000001cc152f9d68]

GC Heap History (20 events):
Event: 274.871 GC heap before
{Heap before GC invocations=142 (full 0):
 garbage-first heap   total 163840K, used 139990K [0x0000000703800000, 0x0000000800000000)
  region size 2048K, 28 young (57344K), 1 survivors (2048K)
 Metaspace       used 53251K, capacity 53604K, committed 54064K, reserved 1095680K
  class space    used 7107K, capacity 7225K, committed 7296K, reserved 1048576K
}
Event: 274.873 GC heap after
{Heap after GC invocations=143 (full 0):
 garbage-first heap   total 163840K, used 84727K [0x0000000703800000, 0x0000000800000000)
  region size 2048K, 1 young (2048K), 1 survivors (2048K)
 Metaspace       used 53251K, capacity 53604K, committed 54064K, reserved 1095680K
  class space    used 7107K, capacity 7225K, committed 7296K, reserved 1048576K
}
Event: 275.591 GC heap before
{Heap before GC invocations=144 (full 0):
 garbage-first heap   total 163840K, used 140023K [0x0000000703800000, 0x0000000800000000)
  region size 2048K, 28 young (57344K), 1 survivors (2048K)
 Metaspace       used 53251K, capacity 53604K, committed 54064K, reserved 1095680K
  class space    used 7107K, capacity 7225K, committed 7296K, reserved 1048576K
}
Event: 275.593 GC heap after
{Heap after GC invocations=145 (full 0):
 garbage-first heap   total 163840K, used 84771K [0x0000000703800000, 0x0000000800000000)
  region size 2048K, 1 young (2048K), 1 survivors (2048K)
 Metaspace       used 53251K, capacity 53604K, committed 54064K, reserved 1095680K
  class space    used 7107K, capacity 7225K, committed 7296K, reserved 1048576K
}
Event: 276.330 GC heap before
{Heap before GC invocations=145 (full 0):
 garbage-first heap   total 163840K, used 142115K [0x0000000703800000, 0x0000000800000000)
  region size 2048K, 29 young (59392K), 1 survivors (2048K)
 Metaspace       used 53251K, capacity 53604K, committed 54064K, reserved 1095680K
  class space    used 7107K, capacity 7225K, committed 7296K, reserved 1048576K
}
Event: 276.332 GC heap after
{Heap after GC invocations=146 (full 0):
 garbage-first heap   total 163840K, used 85233K [0x0000000703800000, 0x0000000800000000)
  region size 2048K, 1 young (2048K), 1 survivors (2048K)
 Metaspace       used 53251K, capacity 53604K, committed 54064K, reserved 1095680K
  class space    used 7107K, capacity 7225K, committed 7296K, reserved 1048576K
}
Event: 277.093 GC heap before
{Heap before GC invocations=147 (full 0):
 garbage-first heap   total 163840K, used 142577K [0x0000000703800000, 0x0000000800000000)
  region size 2048K, 29 young (59392K), 1 survivors (2048K)
 Metaspace       used 53252K, capacity 53604K, committed 54064K, reserved 1095680K
  class space    used 7108K, capacity 7225K, committed 7296K, reserved 1048576K
}
Event: 277.097 GC heap after
{Heap after GC invocations=148 (full 0):
 garbage-first heap   total 163840K, used 84726K [0x0000000703800000, 0x0000000800000000)
  region size 2048K, 1 young (2048K), 1 survivors (2048K)
 Metaspace       used 53252K, capacity 53604K, committed 54064K, reserved 1095680K
  class space    used 7108K, capacity 7225K, committed 7296K, reserved 1048576K
}
Event: 277.779 GC heap before
{Heap before GC invocations=148 (full 0):
 garbage-first heap   total 163840K, used 142070K [0x0000000703800000, 0x0000000800000000)
  region size 2048K, 29 young (59392K), 1 survivors (2048K)
 Metaspace       used 53252K, capacity 53604K, committed 54064K, reserved 1095680K
  class space    used 7108K, capacity 7225K, committed 7296K, reserved 1048576K
}
Event: 277.780 GC heap after
{Heap after GC invocations=149 (full 0):
 garbage-first heap   total 163840K, used 85208K [0x0000000703800000, 0x0000000800000000)
  region size 2048K, 1 young (2048K), 1 survivors (2048K)
 Metaspace       used 53252K, capacity 53604K, committed 54064K, reserved 1095680K
  class space    used 7108K, capacity 7225K, committed 7296K, reserved 1048576K
}
Event: 278.435 GC heap before
{Heap before GC invocations=150 (full 0):
 garbage-first heap   total 163840K, used 142552K [0x0000000703800000, 0x0000000800000000)
  region size 2048K, 29 young (59392K), 1 survivors (2048K)
 Metaspace       used 53252K, capacity 53604K, committed 54064K, reserved 1095680K
  class space    used 7108K, capacity 7225K, committed 7296K, reserved 1048576K
}
Event: 278.439 GC heap after
{Heap after GC invocations=151 (full 0):
 garbage-first heap   total 163840K, used 85231K [0x0000000703800000, 0x0000000800000000)
  region size 2048K, 1 young (2048K), 1 survivors (2048K)
 Metaspace       used 53252K, capacity 53604K, committed 54064K, reserved 1095680K
  class space    used 7108K, capacity 7225K, committed 7296K, reserved 1048576K
}
Event: 279.076 GC heap before
{Heap before GC invocations=151 (full 0):
 garbage-first heap   total 163840K, used 142575K [0x0000000703800000, 0x0000000800000000)
  region size 2048K, 29 young (59392K), 1 survivors (2048K)
 Metaspace       used 53252K, capacity 53604K, committed 54064K, reserved 1095680K
  class space    used 7108K, capacity 7225K, committed 7296K, reserved 1048576K
}
Event: 279.079 GC heap after
{Heap after GC invocations=152 (full 0):
 garbage-first heap   total 163840K, used 85431K [0x0000000703800000, 0x0000000800000000)
  region size 2048K, 2 young (4096K), 2 survivors (4096K)
 Metaspace       used 53252K, capacity 53604K, committed 54064K, reserved 1095680K
  class space    used 7108K, capacity 7225K, committed 7296K, reserved 1048576K
}
Event: 279.752 GC heap before
{Heap before GC invocations=153 (full 0):
 garbage-first heap   total 163840K, used 140727K [0x0000000703800000, 0x0000000800000000)
  region size 2048K, 29 young (59392K), 2 survivors (4096K)
 Metaspace       used 53252K, capacity 53604K, committed 54064K, reserved 1095680K
  class space    used 7108K, capacity 7225K, committed 7296K, reserved 1048576K
}
Event: 279.754 GC heap after
{Heap after GC invocations=154 (full 0):
 garbage-first heap   total 163840K, used 84804K [0x0000000703800000, 0x0000000800000000)
  region size 2048K, 1 young (2048K), 1 survivors (2048K)
 Metaspace       used 53252K, capacity 53604K, committed 54064K, reserved 1095680K
  class space    used 7108K, capacity 7225K, committed 7296K, reserved 1048576K
}
Event: 280.653 GC heap before
{Heap before GC invocations=154 (full 0):
 garbage-first heap   total 163840K, used 142148K [0x0000000703800000, 0x0000000800000000)
  region size 2048K, 29 young (59392K), 1 survivors (2048K)
 Metaspace       used 53252K, capacity 53604K, committed 54064K, reserved 1095680K
  class space    used 7108K, capacity 7225K, committed 7296K, reserved 1048576K
}
Event: 280.655 GC heap after
{Heap after GC invocations=155 (full 0):
 garbage-first heap   total 163840K, used 84727K [0x0000000703800000, 0x0000000800000000)
  region size 2048K, 1 young (2048K), 1 survivors (2048K)
 Metaspace       used 53252K, capacity 53604K, committed 54064K, reserved 1095680K
  class space    used 7108K, capacity 7225K, committed 7296K, reserved 1048576K
}
Event: 404.110 GC heap before
{Heap before GC invocations=156 (full 0):
 garbage-first heap   total 163840K, used 129783K [0x0000000703800000, 0x0000000800000000)
  region size 2048K, 24 young (49152K), 1 survivors (2048K)
 Metaspace       used 53411K, capacity 53747K, committed 54064K, reserved 1095680K
  class space    used 7121K, capacity 7229K, committed 7296K, reserved 1048576K
}
Event: 404.112 GC heap after
{Heap after GC invocations=157 (full 0):
 garbage-first heap   total 163840K, used 84768K [0x0000000703800000, 0x0000000800000000)
  region size 2048K, 1 young (2048K), 1 survivors (2048K)
 Metaspace       used 53411K, capacity 53747K, committed 54064K, reserved 1095680K
  class space    used 7121K, capacity 7229K, committed 7296K, reserved 1048576K
}

Deoptimization events (20 events):
Event: 404.102 Thread 0x000001cc320616d0 Uncommon trap: trap_request=0xffffffc6 fr.pc=0x000001cc1c19120c relative=0x0000000000009a8c
Event: 404.102 Thread 0x000001cc320616d0 Uncommon trap: reason=bimorphic_or_optimized_type_check action=maybe_recompile pc=0x000001cc1c19120c method=java.awt.Container.createChildHierarchyEvents(IJZ)V @ 63 c2
Event: 404.102 Thread 0x000001cc320616d0 DEOPT PACKING pc=0x000001cc1c19120c sp=0x00000021faafe270
Event: 404.102 Thread 0x000001cc320616d0 DEOPT UNPACKING pc=0x000001cc1428e42f sp=0x00000021faafe120 mode 2
Event: 404.102 Thread 0x000001cc320616d0 Uncommon trap: trap_request=0xffffffc6 fr.pc=0x000001cc1c19120c relative=0x0000000000009a8c
Event: 404.102 Thread 0x000001cc320616d0 Uncommon trap: reason=bimorphic_or_optimized_type_check action=maybe_recompile pc=0x000001cc1c19120c method=java.awt.Container.createChildHierarchyEvents(IJZ)V @ 63 c2
Event: 404.102 Thread 0x000001cc320616d0 DEOPT PACKING pc=0x000001cc1c19120c sp=0x00000021faafe110
Event: 404.102 Thread 0x000001cc320616d0 DEOPT UNPACKING pc=0x000001cc1428e42f sp=0x00000021faafdfc0 mode 2
Event: 404.108 Thread 0x000001cc33d2b420 Uncommon trap: trap_request=0xffffff45 fr.pc=0x000001cc1c05293c relative=0x0000000000002e5c
Event: 404.108 Thread 0x000001cc33d2b420 Uncommon trap: reason=unstable_if action=reinterpret pc=0x000001cc1c05293c method=java.net.URLStreamHandler.parseURL(Ljava/net/URL;Ljava/lang/String;II)V @ 84 c2
Event: 404.108 Thread 0x000001cc33d2b420 DEOPT PACKING pc=0x000001cc1c05293c sp=0x00000021fbdfe770
Event: 404.108 Thread 0x000001cc33d2b420 DEOPT UNPACKING pc=0x000001cc1428e42f sp=0x00000021fbdfe720 mode 2
Event: 404.108 Thread 0x000001cc33d2b420 Uncommon trap: trap_request=0xffffff45 fr.pc=0x000001cc1c02f5c4 relative=0x0000000000000b64
Event: 404.108 Thread 0x000001cc33d2b420 Uncommon trap: reason=unstable_if action=reinterpret pc=0x000001cc1c02f5c4 method=java.net.URL.set(Ljava/lang/String;Ljava/lang/String;ILjava/lang/String;Ljava/lang/String;Ljava/lang/String;Ljava/lang/String;Ljava/lang/String;)V @ 23 c2
Event: 404.108 Thread 0x000001cc33d2b420 DEOPT PACKING pc=0x000001cc1c02f5c4 sp=0x00000021fbdfe660
Event: 404.108 Thread 0x000001cc33d2b420 DEOPT UNPACKING pc=0x000001cc1428e42f sp=0x00000021fbdfe580 mode 2
Event: 404.113 Thread 0x000001cc33d2b420 Uncommon trap: trap_request=0xffffff45 fr.pc=0x000001cc1c02e68c relative=0x000000000000080c
Event: 404.113 Thread 0x000001cc33d2b420 Uncommon trap: reason=unstable_if action=reinterpret pc=0x000001cc1c02e68c method=java.net.URL.set(Ljava/lang/String;Ljava/lang/String;ILjava/lang/String;Ljava/lang/String;Ljava/lang/String;Ljava/lang/String;Ljava/lang/String;)V @ 23 c2
Event: 404.113 Thread 0x000001cc33d2b420 DEOPT PACKING pc=0x000001cc1c02e68c sp=0x00000021fbdfbb10
Event: 404.113 Thread 0x000001cc33d2b420 DEOPT UNPACKING pc=0x000001cc1428e42f sp=0x00000021fbdfbad8 mode 2

Classes unloaded (0 events):
No events

Classes redefined (0 events):
No events

Internal exceptions (20 events):
Event: 18.153 Thread 0x000001cc33d2b420 Exception <a 'java/lang/NoSuchMethodError'{0x000000070aa7dcb0}: 'java.lang.Object java.lang.invoke.Invokers$Holder.linkToTargetMethod(java.lang.Object, long, java.lang.Object)'> (0x000000070aa7dcb0) 
thrown [./open/src/hotspot/share/interpreter/linkResolver.cpp, line 782]
Event: 18.158 Thread 0x000001cc33d2b420 Exception <a 'java/lang/NoSuchMethodError'{0x000000070aaec540}: 'java.lang.Object java.lang.invoke.Invokers$Holder.linkToTargetMethod(int, int, int, int, java.lang.Object)'> (0x000000070aaec540) 
thrown [./open/src/hotspot/share/interpreter/linkResolver.cpp, line 782]
Event: 18.164 Thread 0x000001cc33d2cc30 Exception <a 'java/lang/NoSuchMethodError'{0x000000070ab75300}: 'int java.lang.invoke.DirectMethodHandle$Holder.invokeStaticInit(java.lang.Object, java.lang.Object)'> (0x000000070ab75300) 
thrown [./open/src/hotspot/share/interpreter/linkResolver.cpp, line 782]
Event: 24.520 Thread 0x000001cc320616d0 Implicit null exception at 0x000001cc1c2fa160 to 0x000001cc1c2fa428
Event: 34.777 Thread 0x000001cc320616d0 Implicit null exception at 0x000001cc1c2e2e7e to 0x000001cc1c2e97a0
Event: 251.143 Thread 0x000001cc320616d0 Implicit null exception at 0x000001cc1bf6d23f to 0x000001cc1bf6ec9c
Event: 267.560 Thread 0x000001cc320616d0 Implicit null exception at 0x000001cc1bfdb24e to 0x000001cc1bfdc034
Event: 267.577 Thread 0x000001cc320616d0 Implicit null exception at 0x000001cc1c0cfb51 to 0x000001cc1c0d042f
Event: 267.578 Thread 0x000001cc320616d0 Implicit null exception at 0x000001cc1c0a364c to 0x000001cc1c0a3ae0
Event: 267.584 Thread 0x000001cc320616d0 Implicit null exception at 0x000001cc1c19786a to 0x000001cc1c19838c
Event: 267.592 Thread 0x000001cc320616d0 Exception <a 'java/lang/NoSuchMethodError'{0x000000070c7c9e88}: 'int java.lang.invoke.DirectMethodHandle$Holder.invokeStatic(java.lang.Object)'> (0x000000070c7c9e88) 
thrown [./open/src/hotspot/share/interpreter/linkResolver.cpp, line 782]
Event: 392.472 Thread 0x000001cc320616d0 Implicit null exception at 0x000001cc1bfdce60 to 0x000001cc1bfdd568
Event: 398.527 Thread 0x000001cc320616d0 Implicit null exception at 0x000001cc1c16f2ac to 0x000001cc1c16f358
Event: 404.109 Thread 0x000001cc33d2b420 Exception <a 'sun/nio/fs/WindowsException'{0x000000070ab8ddd8}> (0x000000070ab8ddd8) 
thrown [./open/src/hotspot/share/prims/jni.cpp, line 578]
Event: 404.109 Thread 0x000001cc33d2b420 Exception <a 'sun/nio/fs/WindowsException'{0x000000070ab8ec60}> (0x000000070ab8ec60) 
thrown [./open/src/hotspot/share/prims/jni.cpp, line 578]
Event: 404.113 Thread 0x000001cc33d2b420 Exception <a 'java/lang/NoSuchMethodError'{0x0000000713410ba8}: 'java.lang.Object java.lang.invoke.DirectMethodHandle$Holder.invokeSpecial(java.lang.Object, java.lang.Object, long, java.lang.Object)'> (0x0000000713410ba8) 
thrown [./open/src/hotspot/share/interpreter/linkResolver.cpp, line 782]
Event: 404.119 Thread 0x000001cc320616d0 Exception <a 'java/lang/NoSuchMethodError'{0x000000071342e670}: 'java.lang.Object java.lang.invoke.DirectMethodHandle$Holder.newInvokeSpecial(java.lang.Object, java.lang.Object, int, int, java.lang.Object)'> (0x000000071342e670) 
thrown [./open/src/hotspot/share/interpreter/linkResolver.cpp, line 782]
Event: 404.121 Thread 0x000001cc33d2b420 Exception <a 'java/lang/NoSuchMethodError'{0x0000000713518c60}: fwkLoad> (0x0000000713518c60) 
thrown [./open/src/hotspot/share/prims/jni.cpp, line 1171]
Event: 404.121 Thread 0x000001cc33d2b420 Exception <a 'java/lang/NoClassDefFoundError'{0x0000000713519e48}: com/sun/webkit/network/URLLoaderBase> (0x0000000713519e48) 
thrown [./open/src/hotspot/share/classfile/systemDictionary.cpp, line 284]
Event: 404.121 Thread 0x000001cc33d2b420 Exception <a 'java/lang/NoSuchMethodError'{0x000000071351a150}: fwkCancel> (0x000000071351a150) 
thrown [./open/src/hotspot/share/prims/jni.cpp, line 1171]

Events (20 events):
Event: 402.054 Executing VM operation: HandshakeAllThreads done
Event: 403.054 Executing VM operation: HandshakeAllThreads
Event: 403.054 Executing VM operation: HandshakeAllThreads done
Event: 404.054 Executing VM operation: HandshakeAllThreads
Event: 404.055 Executing VM operation: HandshakeAllThreads done
Event: 404.106 loading class javax/swing/JTable$DropLocation
Event: 404.107 loading class javax/swing/TransferHandler$DropLocation
Event: 404.107 loading class javax/swing/TransferHandler$DropLocation done
Event: 404.107 loading class javax/swing/JTable$DropLocation done
Event: 404.107 loading class javax/swing/plaf/basic/BasicTableUI$Actions
Event: 404.108 loading class javax/swing/plaf/basic/BasicTableUI$Actions done
Event: 404.110 loading class sun/java2d/cmm/CMSManager
Event: 404.110 loading class sun/java2d/cmm/CMSManager done
Event: 404.110 Executing VM operation: G1TryInitiateConcMark
Event: 404.112 Executing VM operation: G1TryInitiateConcMark done
Event: 404.112 Executing VM operation: HandshakeAllThreads
Event: 404.112 Executing VM operation: HandshakeAllThreads done
Event: 404.116 loading class java/nio/HeapIntBuffer
Event: 404.119 loading class java/nio/HeapIntBuffer done
Event: 404.122 Executing VM operation: G1Concurrent


Dynamic libraries:
0x00007ff7fd7c0000 - 0x00007ff7fd7cf000 	C:\Program Files\Java\jdk-15.0.2\bin\java.exe
0x00007ff80d890000 - 0x00007ff80daa7000 	C:\Windows\SYSTEM32\ntdll.dll
0x00007ff80b5f0000 - 0x00007ff80b6b4000 	C:\Windows\System32\KERNEL32.DLL
0x00007ff80b010000 - 0x00007ff80b3b6000 	C:\Windows\System32\KERNELBASE.dll
0x00007ff80aec0000 - 0x00007ff80afd1000 	C:\Windows\System32\ucrtbase.dll
0x00007ff801f20000 - 0x00007ff801f39000 	C:\Program Files\Java\jdk-15.0.2\bin\VCRUNTIME140.dll
0x00007ff800a80000 - 0x00007ff800a98000 	C:\Program Files\Java\jdk-15.0.2\bin\jli.dll
0x00007ff80b890000 - 0x00007ff80b940000 	C:\Windows\System32\ADVAPI32.dll
0x00007ff80cc00000 - 0x00007ff80cca7000 	C:\Windows\System32\msvcrt.dll
0x00007ff80cf40000 - 0x00007ff80cfe6000 	C:\Windows\System32\sechost.dll
0x00007ff80d270000 - 0x00007ff80d387000 	C:\Windows\System32\RPCRT4.dll
0x00007ff80ccb0000 - 0x00007ff80ce5d000 	C:\Windows\System32\USER32.dll
0x00007ff80afe0000 - 0x00007ff80b006000 	C:\Windows\System32\win32u.dll
0x00007ff80d820000 - 0x00007ff80d849000 	C:\Windows\System32\GDI32.dll
0x00007ff80ada0000 - 0x00007ff80aeb8000 	C:\Windows\System32\gdi32full.dll
0x00007ff80ac80000 - 0x00007ff80ad1a000 	C:\Windows\System32\msvcp_win.dll
0x00007fffe6690000 - 0x00007fffe6923000 	C:\Windows\WinSxS\amd64_microsoft.windows.common-controls_6595b64144ccf1df_6.0.22621.2361_none_2712ced57382f843\COMCTL32.dll
0x00007ff800c50000 - 0x00007ff800c5a000 	C:\Windows\SYSTEM32\VERSION.dll
0x00007ff80ce70000 - 0x00007ff80cea1000 	C:\Windows\System32\IMM32.DLL
0x00007ff804de0000 - 0x00007ff804dec000 	C:\Program Files\Java\jdk-15.0.2\bin\vcruntime140_1.dll
0x00007ffffcc40000 - 0x00007ffffccd1000 	C:\Program Files\Java\jdk-15.0.2\bin\msvcp140.dll
0x00007fff7fc20000 - 0x00007fff8077e000 	C:\Program Files\Java\jdk-15.0.2\bin\server\jvm.dll
0x00007ff80ce60000 - 0x00007ff80ce68000 	C:\Windows\System32\PSAPI.DLL
0x00007fff9efd0000 - 0x00007fff9efd9000 	C:\Windows\SYSTEM32\WSOCK32.dll
0x00007ff80b740000 - 0x00007ff80b7b1000 	C:\Windows\System32\WS2_32.dll
0x00007ff801360000 - 0x00007ff801394000 	C:\Windows\SYSTEM32\WINMM.dll
0x00007ff809ca0000 - 0x00007ff809cb8000 	C:\Windows\SYSTEM32\kernel.appcore.dll
0x00007ff801f80000 - 0x00007ff801f8a000 	C:\Program Files\Java\jdk-15.0.2\bin\jimage.dll
0x00007ff801520000 - 0x00007ff80174e000 	C:\Windows\SYSTEM32\DBGHELP.DLL
0x00007ff80be10000 - 0x00007ff80c19a000 	C:\Windows\System32\combase.dll
0x00007ff80d010000 - 0x00007ff80d0e7000 	C:\Windows\System32\OLEAUT32.dll
0x00007ff8013a0000 - 0x00007ff8013d2000 	C:\Windows\SYSTEM32\dbgcore.DLL
0x00007ff80ad20000 - 0x00007ff80ad9a000 	C:\Windows\System32\bcryptPrimitives.dll
0x00007ff800990000 - 0x00007ff8009b5000 	C:\Program Files\Java\jdk-15.0.2\bin\java.dll
0x00007ff80c350000 - 0x00007ff80cba8000 	C:\Windows\System32\SHELL32.dll
0x00007ff808b80000 - 0x00007ff809472000 	C:\Windows\SYSTEM32\windows.storage.dll
0x00007ff808a40000 - 0x00007ff808b7e000 	C:\Windows\SYSTEM32\wintypes.dll
0x00007ff80ba90000 - 0x00007ff80bb83000 	C:\Windows\System32\SHCORE.dll
0x00007ff80bdb0000 - 0x00007ff80be0e000 	C:\Windows\System32\shlwapi.dll
0x00007ff80ab40000 - 0x00007ff80ab66000 	C:\Windows\SYSTEM32\profapi.dll
0x00007ff801340000 - 0x00007ff801359000 	C:\Program Files\Java\jdk-15.0.2\bin\net.dll
0x00007ff8047d0000 - 0x00007ff804907000 	C:\Windows\SYSTEM32\WINHTTP.dll
0x00007ff80a1c0000 - 0x00007ff80a229000 	C:\Windows\system32\mswsock.dll
0x00007ff8003e0000 - 0x00007ff8003f2000 	C:\Program Files\Java\jdk-15.0.2\bin\nio.dll
0x00007ff8003c0000 - 0x00007ff8003d8000 	C:\Program Files\Java\jdk-15.0.2\bin\zip.dll
0x00007ffff4360000 - 0x00007ffff44e0000 	C:\Program Files\Java\jdk-15.0.2\bin\awt.dll
0x00007ff8080f0000 - 0x00007ff808187000 	C:\Windows\SYSTEM32\apphelp.dll
0x00007ff8081b0000 - 0x00007ff80825b000 	C:\Windows\system32\uxtheme.dll
0x00007fffcbcd0000 - 0x00007fffcbcfb000 	C:\Program Files (x86)\UltraViewer\uvh64.dll
0x00007ff80b940000 - 0x00007ff80ba8c000 	C:\Windows\System32\MSCTF.dll
0x00007ff800070000 - 0x00007ff80009e000 	C:\Program Files\uvnc bvba\UltraVNC\schook64.dll
0x00007ff80c1a0000 - 0x00007ff80c33f000 	C:\Windows\System32\ole32.dll
0x00007ff8083f0000 - 0x00007ff80841b000 	C:\Windows\system32\DWMAPI.DLL
0x00007fffdcbe0000 - 0x00007fffdcc93000 	C:\Windows\WinSxS\amd64_microsoft.windows.common-controls_6595b64144ccf1df_5.82.22621.608_none_fb280a3c7926c2cc\comctl32.dll
0x00007ffffd3e0000 - 0x00007ffffd465000 	C:\Program Files\Java\jdk-15.0.2\bin\freetype.dll
0x00007ffffcad0000 - 0x00007ffffcb79000 	C:\Program Files\Java\jdk-15.0.2\bin\fontmanager.dll
0x00007ffff4260000 - 0x00007ffff4360000 	C:\Windows\system32\opengl32.dll
0x00007ff800390000 - 0x00007ff8003bd000 	C:\Windows\SYSTEM32\GLU32.dll
0x00007ff808290000 - 0x00007ff8082c6000 	C:\Windows\SYSTEM32\dxcore.dll
0x00007ff80b7e0000 - 0x00007ff80b890000 	C:\Windows\System32\clbcatq.dll
0x00007ff806210000 - 0x00007ff806311000 	C:\Windows\SYSTEM32\PROPSYS.dll
0x00007fffd55a0000 - 0x00007fffd5645000 	C:\Windows\System32\Windows.FileExplorer.Common.dll
0x00007ff80a920000 - 0x00007ff80a96e000 	C:\Windows\SYSTEM32\CFGMGR32.dll
0x00007fffe7b30000 - 0x00007fffe7b4a000 	C:\Windows\system32\NetworkExplorer.dll
0x00007ff800c60000 - 0x00007ff800c7e000 	C:\Windows\SYSTEM32\MPR.dll
0x00007ffff9470000 - 0x00007ffff9499000 	C:\Windows\System32\p9np.dll
0x00007ffff9cd0000 - 0x00007ffff9cdc000 	C:\Windows\System32\drprov.dll
0x00007fffd9850000 - 0x00007fffd9869000 	C:\Windows\System32\ntlanman.dll
0x00007fffd9830000 - 0x00007fffd984f000 	C:\Windows\System32\davclnt.dll
0x00007ff8096d0000 - 0x00007ff809736000 	C:\Windows\System32\WINSTA.dll
0x00007ff8040f0000 - 0x00007ff80410b000 	C:\Windows\System32\wkscli.dll
0x00007fffdb890000 - 0x00007fffdb8a2000 	C:\Windows\SYSTEM32\cscapi.dll
0x00007ff809740000 - 0x00007ff80974c000 	C:\Windows\System32\netutils.dll
0x00007ffff6600000 - 0x00007ffff6656000 	C:\Windows\System32\dlnashext.dll
0x00007fffcbc60000 - 0x00007fffcbcc9000 	C:\Windows\System32\PlayToDevice.dll
0x00007fffd9760000 - 0x00007fffd9781000 	C:\Windows\System32\DevDispItemProvider.dll
0x00007ff800e60000 - 0x00007ff800efd000 	C:\Windows\System32\MMDevApi.dll
0x00007ff80a8f0000 - 0x00007ff80a91c000 	C:\Windows\System32\DEVOBJ.dll
0x00007fffc4d30000 - 0x00007fffc4dd1000 	C:\Windows\system32\wpdshext.dll
0x00007fffdd430000 - 0x00007fffdd5e9000 	C:\Windows\WinSxS\amd64_microsoft.windows.gdiplus_6595b64144ccf1df_1.1.22621.1778_none_57fe2016ce1542ec\gdiplus.dll
0x00007fffdc170000 - 0x00007fffdc20e000 	C:\Windows\System32\PortableDeviceApi.dll
0x00007ff80d390000 - 0x00007ff80d804000 	C:\Windows\System32\SETUPAPI.dll
0x00007ff80ac10000 - 0x00007ff80ac7c000 	C:\Windows\System32\WINTRUST.dll
0x00007ff80b480000 - 0x00007ff80b5e6000 	C:\Windows\System32\CRYPT32.dll
0x00007ff80a470000 - 0x00007ff80a482000 	C:\Windows\SYSTEM32\MSASN1.dll
0x00007fffe7a30000 - 0x00007fffe7a67000 	C:\Windows\System32\EhStorShell.dll
0x00007fffe8db0000 - 0x00007fffe8dd4000 	C:\Windows\System32\EhStorAPI.dll
0x00007ff809af0000 - 0x00007ff809b04000 	C:\Windows\System32\WTSAPI32.dll
0x00007ff8005c0000 - 0x00007ff8005cd000 	C:\Windows\SYSTEM32\LINKINFO.dll
0x00007ffff7430000 - 0x00007ffff7565000 	C:\Windows\System32\Windows.System.Launcher.dll
0x00007ff8064d0000 - 0x00007ff806563000 	C:\Windows\System32\msvcp110_win.dll
0x00007ffff7410000 - 0x00007ffff742a000 	C:\Windows\SYSTEM32\windows.staterepositorycore.dll
0x00007ff801f10000 - 0x00007ff801f20000 	C:\Program Files\Java\jdk-15.0.2\bin\verify.dll
0x00007ff806a10000 - 0x00007ff806bc0000 	C:\Windows\SYSTEM32\WindowsCodecs.dll
0x00007fffd2ab0000 - 0x00007fffd2b0e000 	C:\Windows\system32\dataexchange.dll
0x00007ff804350000 - 0x00007ff8045d5000 	C:\Windows\system32\twinapi.appcore.dll
0x000001cc33410000 - 0x000001cc33413000 	C:\Program Files\Java\jdk-15.0.2\bin\api-ms-win-core-console-l1-1-0.dll
0x000001cc37e50000 - 0x000001cc37e53000 	C:\Program Files\Java\jdk-15.0.2\bin\api-ms-win-core-datetime-l1-1-0.dll
0x000001cc37e60000 - 0x000001cc37e63000 	C:\Program Files\Java\jdk-15.0.2\bin\api-ms-win-core-debug-l1-1-0.dll
0x000001cc37e70000 - 0x000001cc37e73000 	C:\Program Files\Java\jdk-15.0.2\bin\api-ms-win-core-errorhandling-l1-1-0.dll
0x000001cc37e80000 - 0x000001cc37e84000 	C:\Program Files\Java\jdk-15.0.2\bin\api-ms-win-core-file-l1-1-0.dll
0x000001cc37e90000 - 0x000001cc37e93000 	C:\Program Files\Java\jdk-15.0.2\bin\api-ms-win-core-file-l1-2-0.dll
0x000001cc37ea0000 - 0x000001cc37ea3000 	C:\Program Files\Java\jdk-15.0.2\bin\api-ms-win-core-file-l2-1-0.dll
0x000001cc37eb0000 - 0x000001cc37eb3000 	C:\Program Files\Java\jdk-15.0.2\bin\api-ms-win-core-handle-l1-1-0.dll
0x000001cc37ec0000 - 0x000001cc37ec3000 	C:\Program Files\Java\jdk-15.0.2\bin\api-ms-win-core-heap-l1-1-0.dll
0x000001cc37ed0000 - 0x000001cc37ed3000 	C:\Program Files\Java\jdk-15.0.2\bin\api-ms-win-core-interlocked-l1-1-0.dll
0x000001cc37ee0000 - 0x000001cc37ee3000 	C:\Program Files\Java\jdk-15.0.2\bin\api-ms-win-core-libraryloader-l1-1-0.dll
0x000001cc37ef0000 - 0x000001cc37ef3000 	C:\Program Files\Java\jdk-15.0.2\bin\api-ms-win-core-localization-l1-2-0.dll
0x000001cc37f00000 - 0x000001cc37f03000 	C:\Program Files\Java\jdk-15.0.2\bin\api-ms-win-core-memory-l1-1-0.dll
0x000001cc37f10000 - 0x000001cc37f13000 	C:\Program Files\Java\jdk-15.0.2\bin\api-ms-win-core-namedpipe-l1-1-0.dll
0x000001cc37f20000 - 0x000001cc37f23000 	C:\Program Files\Java\jdk-15.0.2\bin\api-ms-win-core-processenvironment-l1-1-0.dll
0x000001cc37f30000 - 0x000001cc37f33000 	C:\Program Files\Java\jdk-15.0.2\bin\api-ms-win-core-processthreads-l1-1-0.dll
0x000001cc37f40000 - 0x000001cc37f43000 	C:\Program Files\Java\jdk-15.0.2\bin\api-ms-win-core-processthreads-l1-1-1.dll
0x000001cc37f50000 - 0x000001cc37f53000 	C:\Program Files\Java\jdk-15.0.2\bin\api-ms-win-core-profile-l1-1-0.dll
0x000001cc37f60000 - 0x000001cc37f63000 	C:\Program Files\Java\jdk-15.0.2\bin\api-ms-win-core-rtlsupport-l1-1-0.dll
0x000001cc37f70000 - 0x000001cc37f73000 	C:\Program Files\Java\jdk-15.0.2\bin\api-ms-win-core-string-l1-1-0.dll
0x000001cc37f80000 - 0x000001cc37f83000 	C:\Program Files\Java\jdk-15.0.2\bin\api-ms-win-core-synch-l1-1-0.dll
0x000001cc37f90000 - 0x000001cc37f93000 	C:\Program Files\Java\jdk-15.0.2\bin\api-ms-win-core-synch-l1-2-0.dll
0x000001cc37fa0000 - 0x000001cc37fa3000 	C:\Program Files\Java\jdk-15.0.2\bin\api-ms-win-core-sysinfo-l1-1-0.dll
0x000001cc37fb0000 - 0x000001cc37fb3000 	C:\Program Files\Java\jdk-15.0.2\bin\api-ms-win-core-timezone-l1-1-0.dll
0x000001cc37fc0000 - 0x000001cc37fc3000 	C:\Program Files\Java\jdk-15.0.2\bin\api-ms-win-core-util-l1-1-0.dll
0x000001cc37fd0000 - 0x000001cc37fd3000 	C:\Program Files\Java\jdk-15.0.2\bin\api-ms-win-crt-conio-l1-1-0.dll
0x000001cc37fe0000 - 0x000001cc37fe4000 	C:\Program Files\Java\jdk-15.0.2\bin\api-ms-win-crt-convert-l1-1-0.dll
0x000001cc37ff0000 - 0x000001cc37ff3000 	C:\Program Files\Java\jdk-15.0.2\bin\api-ms-win-crt-environment-l1-1-0.dll
0x000001cc38000000 - 0x000001cc38003000 	C:\Program Files\Java\jdk-15.0.2\bin\api-ms-win-crt-filesystem-l1-1-0.dll
0x000001cc38010000 - 0x000001cc38013000 	C:\Program Files\Java\jdk-15.0.2\bin\api-ms-win-crt-heap-l1-1-0.dll
0x000001cc38020000 - 0x000001cc38023000 	C:\Program Files\Java\jdk-15.0.2\bin\api-ms-win-crt-locale-l1-1-0.dll
0x000001cc39400000 - 0x000001cc39405000 	C:\Program Files\Java\jdk-15.0.2\bin\api-ms-win-crt-math-l1-1-0.dll

dbghelp: loaded successfully - version: 4.0.5 - missing functions: none
symbol engine: initialized successfully - sym options: 0x614 - pdb path: .;C:\Program Files\Java\jdk-15.0.2\bin;C:\Windows\SYSTEM32;C:\Windows\WinSxS\amd64_microsoft.windows.common-controls_6595b64144ccf1df_6.0.22621.2361_none_2712ced57382f843;C:\Program Files\Java\jdk-15.0.2\bin\server;C:\Program Files (x86)\UltraViewer;C:\Program Files\uvnc bvba\UltraVNC;C:\Windows\WinSxS\amd64_microsoft.windows.common-controls_6595b64144ccf1df_5.82.22621.608_none_fb280a3c7926c2cc;C:\Windows\WinSxS\amd64_microsoft.windows.gdiplus_6595b64144ccf1df_1.1.22621.1778_none_57fe2016ce1542ec;C:\Windows\System32\DriverStore\FileRepository\iigd_dch.inf_amd64_effe9612081e9042

VM Arguments:
jvm_args: -Dfile.encoding=UTF-8 
java_command: simrskhanza.SIMRSKhanza
java_class_path (initial): C:\Lib\commons-codec-1.10.jar;C:\Lib\commons-codec-1.12.jar;C:\Lib\jasperreports-6.8.0.jar;C:\Lib\KhanzaSecurity16bit.jar;C:\Lib\RXTXcomm.jar;C:\Lib\SceneBuilderKit-8.2.0.jar;C:\Lib\TimingFramework-1.0.jar;C:\Lib\UsuLibrary.jar;C:\Lib\activation-1.1.1.jar;C:\Lib\ant-1.7.1.jar;C:\Lib\antlr-2.7.6.jar;C:\Lib\apache-httpcomponents-httpclient.jar;C:\Lib\appframework-1.0.3.jar;C:\Lib\asm-attrs.jar;C:\Lib\asm.jar;C:\Lib\barbecue-1.5-beta1.jar;C:\Lib\barcode4j-2.1.jar;C:\Lib\batik-anim-1.11.jar;C:\Lib\batik-anim-1.13.jar;C:\Lib\batik-awt-util-1.11.jar;C:\Lib\batik-awt-util-1.13.jar;C:\Lib\batik-bridge-1.11.jar;C:\Lib\batik-codec-1.11.jar;C:\Lib\batik-constants-1.11.jar;C:\Lib\batik-constants-1.13.jar;C:\Lib\batik-css-1.11.jar;C:\Lib\batik-css-1.13.jar;C:\Lib\batik-dom-1.11.jar;C:\Lib\batik-dom-1.13.jar;C:\Lib\batik-dom.jar;C:\Lib\batik-ext-1.11.jar;C:\Lib\batik-ext-1.13.jar;C:\Lib\batik-extension-1.11.jar;C:\Lib\batik-gui-util-1.11.jar;C:\Lib\batik-gvt-1.11.jar;C:\Lib\batik-i18n-1.11.jar;C:\Lib\batik-i18n-1.13.jar;C:\Lib\batik-parser-1.11.jar;C:\Lib\batik-parser-1.13.jar;C:\Lib\batik-rasterizer-1.11.jar;C:\Lib\batik-rasterizer-ext-1.11.jar;C:\Lib\batik-script-1.11.jar;C:\Lib\batik-shared-resources-1.13.jar;C:\Lib\batik-slideshow-1.11.jar;C:\Lib\batik-squiggle-1.11.jar;C:\Lib\batik-squiggle-ext-1.11.jar;C:\Lib\batik-svg-dom-1.11.jar;C:\Lib\batik-svg-dom-1.13.jar;C:\Lib\batik-svgbrowser-1.11.jar;C:\Lib\batik-svggen-1.11.jar;C:\Lib\batik-svgpp-1.11.jar;C:\Lib\batik-svgrasterizer-1.11.jar;C:\Lib\batik-swing-1.11.jar;C:\Lib\batik-transcoder-1.11.jar;C:\Lib\batik-ttf2svg-1.11.jar;C:\Lib\batik-util-1.11.jar;C:\Lib\batik-util-1.13.jar;C:\Lib\batik-util-1.8.jar;C:\Lib\batik-xml-1.11.jar;C:\Lib\batik-xml-1.13.jar;C:\Lib\bcel-5.2.jar;C:\Lib\beansbinding-1.2.1.jar;C:\Lib\bsh-2.0b4.jar;C:\Lib\bsh-2.1b5.jar;C:\Lib\calendar-doc.jar;C:\Lib\calendar-src.jar;C:\Lib\calendar.jar;C:\Lib\castor-1.2.jar;C:\Lib\castor-core-1.4.1.jar;C:\Lib\cglib-2.1.jar;C:\Lib\cincom-
Launcher Type: SUN_STANDARD

[Global flags]
     intx CICompilerCount                          = 12                                        {product} {ergonomic}
     uint ConcGCThreads                            = 4                                         {product} {ergonomic}
     uint G1ConcRefinementThreads                  = 15                                        {product} {ergonomic}
   size_t G1HeapRegionSize                         = 2097152                                   {product} {ergonomic}
    uintx GCDrainStackTargetSize                   = 64                                        {product} {ergonomic}
   size_t InitialHeapSize                          = 266338304                                 {product} {ergonomic}
   size_t MarkStackSize                            = 4194304                                   {product} {ergonomic}
   size_t MaxHeapSize                              = 4236247040                                {product} {ergonomic}
   size_t MaxNewSize                               = 2541748224                                {product} {ergonomic}
   size_t MinHeapDeltaBytes                        = 2097152                                   {product} {ergonomic}
   size_t MinHeapSize                              = 8388608                                   {product} {ergonomic}
    uintx NonNMethodCodeHeapSize                   = 7602480                                {pd product} {ergonomic}
    uintx NonProfiledCodeHeapSize                  = 122027880                              {pd product} {ergonomic}
    uintx ProfiledCodeHeapSize                     = 122027880                              {pd product} {ergonomic}
    uintx ReservedCodeCacheSize                    = 251658240                              {pd product} {ergonomic}
     bool SegmentedCodeCache                       = true                                      {product} {ergonomic}
   size_t SoftMaxHeapSize                          = 4236247040                             {manageable} {ergonomic}
     bool UseCompressedClassPointers               = true                                 {lp64_product} {ergonomic}
     bool UseCompressedOops                        = true                                 {lp64_product} {ergonomic}
     bool UseG1GC                                  = true                                      {product} {ergonomic}
     bool UseLargePagesIndividualAllocation        = false                                  {pd product} {ergonomic}

Logging:
Log output configuration:
 #0: stdout all=warning uptime,level,tags
 #1: stderr all=off uptime,level,tags

Environment Variables:
PATH=C:\Program Files (x86)\Embarcadero\Studio\22.0\bin;C:\Users\Public\Documents\Embarcadero\Studio\22.0\Bpl;C:\Program Files (x86)\Embarcadero\Studio\22.0\bin64;C:\Users\Public\Documents\Embarcadero\Studio\22.0\Bpl\Win64;C:\Program Files\Common Files\Oracle\Java\javapath;C:\Windows\system32;C:\Windows;C:\Windows\System32\Wbem;C:\Windows\System32\WindowsPowerShell\v1.0\;C:\Windows\System32\OpenSSH\;C:\Program Files\PuTTY\;C:\Program Files (x86)\Microsoft SQL Server\150\DTS\Binn\;C:\Program Files\Azure Data Studio\bin;C:\Users\firka\AppData\Local\Microsoft\WindowsApps;;C:\Program Files\Azure Data Studio\bin
USERNAME=firka
OS=Windows_NT
PROCESSOR_IDENTIFIER=Intel64 Family 6 Model 151 Stepping 2, GenuineIntel



---------------  S Y S T E M  ---------------

OS:
 Windows 10 , 64 bit Build 22621 (10.0.22621.2428)
OS uptime: 1 days 14:25 hours

CPU: total 20 (initial active 20) (10 cores per cpu, 2 threads per core) family 6 model 151 stepping 2 microcode 0x2c, cmov, cx8, fxsr, mmx, sse, sse2, sse3, ssse3, sse4.1, sse4.2, popcnt, vzeroupper, avx, avx2, aes, clmul, erms, 3dnowpref, lzcnt, ht, tsc, tscinvbit, bmi1, bmi2, adx, sha, fma, clflush, clflushopt, clwb

Memory: 4k page, system-wide physical 16155M (4799M free)
TotalPageFile size 19334M (AvailPageFile size 3525M)
current process WorkingSet (physical memory assigned to process): 483M, peak: 487M
current process commit charge ("private bytes"): 529M, peak: 537M

vm_info: Java HotSpot(TM) 64-Bit Server VM (15.0.2+7-27) for windows-amd64 JRE (15.0.2+7-27), built on Dec  7 2020 20:07:01 by "mach5one" with unknown MS VC++:1925

END.
