#
# A fatal error has been detected by the Java Runtime Environment:
#
#  EXCEPTION_ACCESS_VIOLATION (0xc0000005) at pc=0x00007ffe3875a3d1, pid=376, tid=6700
#
# JRE version: Java(TM) SE Runtime Environment (15.0.2+7) (build 15.0.2+7-27)
# Java VM: Java HotSpot(TM) 64-Bit Server VM (15.0.2+7-27, mixed mode, sharing, tiered, compressed oops, g1 gc, windows-amd64)
# Problematic frame:
# V  [jvm.dll+0x3aa3d1]
#
# No core dump will be written. Minidumps are not enabled by default on client versions of Windows
#
# If you would like to submit a bug report, please visit:
#   https://bugreport.java.com/bugreport/crash.jsp
#

---------------  S U M M A R Y ------------

Command Line: -Dfile.encoding=UTF-8 simrskhanza.SIMRSKhanza

Host: Intel(R) Core(TM) i3-4170 CPU @ 3.70GHz, 4 cores, 3G,  Windows 10 , 64 bit Build 19041 (10.0.19041.2788)
Time: Wed Jul  5 09:44:20 2023 SE Asia Standard Time elapsed time: 20.063428 seconds (0d 0h 0m 20s)

---------------  T H R E A D  ---------------

Current thread (0x0000018126146030):  JavaThread "JavaFX Application Thread" [_thread_in_vm, id=6700, stack(0x0000002456100000,0x0000002456200000)]

Stack: [0x0000002456100000,0x0000002456200000],  sp=0x00000024561fd770,  free space=1013k
Native frames: (J=compiled Java code, j=interpreted, Vv=VM code, C=native code)
V  [jvm.dll+0x3aa3d1]
C  0x00007ffe09bafeac

Java frames: (J=compiled Java code, j=interpreted, Vv=VM code)
j  com.sun.webkit.WebPage.twkCreatePage(Z)J+0
j  com.sun.webkit.WebPage.<init>(Lcom/sun/webkit/WebPageClient;Lcom/sun/webkit/UIClient;Lcom/sun/webkit/PolicyClient;Lcom/sun/webkit/InspectorClient;Lcom/sun/webkit/ThemeClient;Z)V+177
j  javafx.scene.web.WebEngine.<init>(Ljava/lang/String;Z)V+270
j  javafx.scene.web.WebEngine.<init>()V+3
j  javafx.scene.web.WebView.<init>()V+60
j  bridging.INACBGHybrid$3.run()V+4
j  com.sun.javafx.application.PlatformImpl.lambda$runLater$10(Ljava/lang/Runnable;)Ljava/lang/Void;+1
j  com.sun.javafx.application.PlatformImpl$$Lambda$262+0x0000000801076b88.run()Ljava/lang/Object;+4
J 2200 c1 java.security.AccessController.doPrivileged(Ljava/security/PrivilegedAction;Ljava/security/AccessControlContext;)Ljava/lang/Object; java.base@15.0.2 (17 bytes) @ 0x0000018110d7dbe4 [0x0000018110d7da00+0x00000000000001e4]
j  com.sun.javafx.application.PlatformImpl.lambda$runLater$11(Ljava/lang/Runnable;Ljava/security/AccessControlContext;)V+7
j  com.sun.javafx.application.PlatformImpl$$Lambda$261+0x0000000801076738.run()V+8
j  com.sun.glass.ui.InvokeLaterDispatcher$Future.run()V+4
v  ~StubRoutines::call_stub
j  com.sun.glass.ui.win.WinApplication._runLoop(Ljava/lang/Runnable;)V+0
j  com.sun.glass.ui.win.WinApplication.lambda$runLoop$3(ILjava/lang/Runnable;)V+8
j  com.sun.glass.ui.win.WinApplication$$Lambda$248+0x0000000801049f30.run()V+12
j  java.lang.Thread.run()V+11 java.base@15.0.2
v  ~StubRoutines::call_stub

siginfo: EXCEPTION_ACCESS_VIOLATION (0xc0000005), reading address 0x0000000000000000


Register to memory mapping:

RIP=0x00007ffe3875a3d1 jvm.dll
RAX=0x0 is NULL
RBX=0x0000018126146030 is a thread
RCX=0xfb2a035cd4d60000 is an unknown value
RDX=0x0000018125364c48 is a global jni handle
RSP=0x00000024561fd770 is pointing into the stack for thread: 0x0000018126146030
RBP=0x00000024561fd868 is pointing into the stack for thread: 0x0000018126146030
RSI=0x0000018126146358 points into unknown readable memory: 0x00007ffe38dade40 | 40 de da 38 fe 7f 00 00
RDI=0x0000018125364c48 is a global jni handle
R8 =0x0 is NULL
R9 =0x00000024561fd868 is pointing into the stack for thread: 0x0000018126146030
R10=0x000000000000003a is an unknown value
R11=0x00000024561fd768 is pointing into the stack for thread: 0x0000018126146030
R12=0x0 is NULL
R13=
[error occurred during error reporting (printing register info), id 0xc0000005, EXCEPTION_ACCESS_VIOLATION (0xc0000005) at pc=0x00007ffe38658322]

Registers:
RAX=0x0000000000000000, RBX=0x0000018126146030, RCX=0xfb2a035cd4d60000, RDX=0x0000018125364c48
RSP=0x00000024561fd770, RBP=0x00000024561fd868, RSI=0x0000018126146358, RDI=0x0000018125364c48
R8 =0x0000000000000000, R9 =0x00000024561fd868, R10=0x000000000000003a, R11=0x00000024561fd768
R12=0x0000000000000000, R13=0x00000000ffffffff, R14=0x0000000000000000, R15=0x0000000000000000
RIP=0x00007ffe3875a3d1, EFLAGS=0x0000000000010206

Top of Stack: (sp=0x00000024561fd770)
0x00000024561fd770:   0000018126146030 0000018126146358
0x00000024561fd780:   0000000000000000 00007ffe5f2e2690
0x00000024561fd790:   0000000000000000 00007ffe0d0e5e30
0x00000024561fd7a0:   0000fb0e554302d6 00000024561fd800
0x00000024561fd7b0:   0000000000000000 0000018125364c48
0x00000024561fd7c0:   0000018126146030 00000181275bb150
0x00000024561fd7d0:   0000018100000493 00007ffe38c4aaa0
0x00000024561fd7e0:   0000018126146030 00007ffe3875266a
0x00000024561fd7f0:   00007ffe0b521a90 00007ffe0b270cd0
0x00000024561fd800:   0000018100000002 00007ffe00000002
0x00000024561fd810:   00000181248677a0 00007ffe09bafeac
0x00000024561fd820:   000001812ad09e7c 0000000000000000
0x00000024561fd830:   00007ffe0d0e5e30 0000018126146358
0x00000024561fd840:   0000018126146358 00007ffe0b064a8d
0x00000024561fd850:   000001812ad09e7c 0000000000000000
0x00000024561fd860:   0000000000000000 000000000000001c 

Instructions: (pc=0x00007ffe3875a3d1)
0x00007ffe3875a2d1:   00 00 48 8b bc 24 c0 00 00 00 c0 e8 03 a8 01 74
0x00007ffe3875a2e1:   08 48 8b cb e8 a6 29 2e 00 0f 28 c6 c7 83 98 03
0x00007ffe3875a2f1:   00 00 04 00 00 00 0f 28 b4 24 b0 00 00 00 48 81
0x00007ffe3875a301:   c4 d0 00 00 00 5b c3 cc cc cc cc cc cc cc cc 48
0x00007ffe3875a311:   89 5c 24 08 48 89 6c 24 10 48 89 74 24 18 48 89
0x00007ffe3875a321:   7c 24 20 41 56 48 81 ec a0 00 00 00 8b 81 88 00
0x00007ffe3875a331:   00 00 48 8d 99 d8 fc ff ff 05 55 21 ff ff 49 8b
0x00007ffe3875a341:   e9 4d 8b f0 48 8b fa 48 8b f1 83 f8 01 76 0a 48
0x00007ffe3875a351:   8b cb e8 28 33 39 00 33 db c7 83 98 03 00 00 05
0x00007ffe3875a361:   00 00 00 e8 c7 26 27 00 48 8b 03 48 8b cb ff 50
0x00007ffe3875a371:   38 84 c0 74 0e 48 8b 83 10 01 00 00 c0 e8 03 24
0x00007ffe3875a381:   01 eb 0b 8b 05 86 23 6f 00 85 c0 0f 95 c0 84 c0
0x00007ffe3875a391:   75 0d 8b 83 e0 00 00 00 a9 04 00 00 20 74 08 48
0x00007ffe3875a3a1:   8b cb e8 58 39 39 00 c7 83 98 03 00 00 06 00 00
0x00007ffe3875a3b1:   00 48 83 7b 08 00 48 89 5c 24 50 48 c7 44 24 58
0x00007ffe3875a3c1:   00 00 00 00 74 0a 48 8d 4c 24 50 e8 1f c5 2a 00
0x00007ffe3875a3d1:   49 8b 16 48 8d 4c 24 70 c7 44 24 40 04 00 00 00
0x00007ffe3875a3e1:   e8 ea cf 00 00 48 89 ac 24 98 00 00 00 48 8d 05
0x00007ffe3875a3f1:   33 07 4f 00 48 89 44 24 70 40 f6 c7 01 74 0c 48
0x00007ffe3875a401:   8d 4f ff ff 15 9e 13 65 00 eb 09 48 8b cf ff 15
0x00007ffe3875a411:   f3 9b 64 00 8b 15 85 9c 6d 00 48 8b c8 e8 ed d0
0x00007ffe3875a421:   26 00 48 8b d3 48 8b c8 4c 8b 00 41 ff 90 b0 00
0x00007ffe3875a431:   00 00 48 83 7b 08 00 75 35 48 8d 44 24 70 48 89
0x00007ffe3875a441:   5c 24 30 48 89 44 24 28 48 8d 54 24 40 45 33 c9
0x00007ffe3875a451:   4c 89 74 24 20 45 33 c0 48 8b ce e8 3f e4 00 00
0x00007ffe3875a461:   48 83 7b 08 00 75 07 0f b6 74 24 48 eb 03 40 32
0x00007ffe3875a471:   f6 48 83 7c 24 58 00 74 0a 48 8d 4c 24 50 e8 0c
0x00007ffe3875a481:   c5 2a 00 48 8b bb f8 00 00 00 48 8b 4f 10 48 83
0x00007ffe3875a491:   39 00 74 0c 48 8b cf e8 d3 a0 f6 ff 48 8b 4f 10
0x00007ffe3875a4a1:   48 8b 47 08 48 89 48 10 48 8b 4f 08 48 8b 47 18
0x00007ffe3875a4b1:   48 89 41 18 48 8b 4f 08 48 8b 47 20 48 89 41 20
0x00007ffe3875a4c1:   c7 83 98 03 00 00 07 00 00 00 e8 60 25 27 00 48 


Stack slot to memory mapping:
stack at sp + 0 slots: 0x0000018126146030 is a thread
stack at sp + 1 slots: 0x0000018126146358 points into unknown readable memory: 0x00007ffe38dade40 | 40 de da 38 fe 7f 00 00
stack at sp + 2 slots: 0x0 is NULL
stack at sp + 3 slots: 0x00007ffe5f2e2690 ucrtbase.dll
stack at sp + 4 slots: 0x0 is NULL
stack at sp + 5 slots: 0x00007ffe0d0e5e30 points into unknown readable memory: 0x00007ffe0d136268 | 68 62 13 0d fe 7f 00 00
stack at sp + 6 slots: 0x0000fb0e554302d6 is an unknown value
stack at sp + 7 slots: 0x00000024561fd800 is pointing into the stack for thread: 0x0000018126146030


---------------  P R O C E S S  ---------------

Threads class SMR info:
_java_thread_list=0x000001812c5be7e0, length=26, elements={
0x0000018123d80c80, 0x0000018123d81850, 0x0000018123d99070, 0x0000018123d9bb30,
0x0000018123d9c5e0, 0x0000018123d9e3d0, 0x0000018123da4480, 0x0000018123da6e80,
0x0000018124911bc0, 0x000001812493afe0, 0x00000181251132e0, 0x0000018125777690,
0x0000018124e73e90, 0x00000181259f4020, 0x0000018125489f30, 0x0000018108199c30,
0x0000018125e14020, 0x0000018126144820, 0x00000181261469d0, 0x0000018126144cf0,
0x0000018126146030, 0x0000018126145b60, 0x00000181261451c0, 0x0000018126143e80,
0x0000018126145690, 0x0000018126146500
}

Java Threads: ( => current thread )
  0x0000018123d80c80 JavaThread "Reference Handler" daemon [_thread_blocked, id=8100, stack(0x0000002454200000,0x0000002454300000)]
  0x0000018123d81850 JavaThread "Finalizer" daemon [_thread_blocked, id=7396, stack(0x0000002454300000,0x0000002454400000)]
  0x0000018123d99070 JavaThread "Signal Dispatcher" daemon [_thread_blocked, id=8456, stack(0x0000002454400000,0x0000002454500000)]
  0x0000018123d9bb30 JavaThread "Attach Listener" daemon [_thread_blocked, id=7536, stack(0x0000002454500000,0x0000002454600000)]
  0x0000018123d9c5e0 JavaThread "Service Thread" daemon [_thread_blocked, id=8004, stack(0x0000002454600000,0x0000002454700000)]
  0x0000018123d9e3d0 JavaThread "C2 CompilerThread0" daemon [_thread_blocked, id=1636, stack(0x0000002454700000,0x0000002454800000)]
  0x0000018123da4480 JavaThread "C1 CompilerThread0" daemon [_thread_blocked, id=5116, stack(0x0000002454800000,0x0000002454900000)]
  0x0000018123da6e80 JavaThread "Sweeper thread" daemon [_thread_blocked, id=4528, stack(0x0000002454900000,0x0000002454a00000)]
  0x0000018124911bc0 JavaThread "Notification Thread" daemon [_thread_blocked, id=3632, stack(0x0000002454a00000,0x0000002454b00000)]
  0x000001812493afe0 JavaThread "Common-Cleaner" daemon [_thread_blocked, id=5452, stack(0x0000002454c00000,0x0000002454d00000)]
  0x00000181251132e0 JavaThread "Java2D Disposer" daemon [_thread_blocked, id=10920, stack(0x0000002454f00000,0x0000002455000000)]
  0x0000018125777690 JavaThread "AWT-Shutdown" [_thread_blocked, id=10600, stack(0x0000002455000000,0x0000002455100000)]
  0x0000018124e73e90 JavaThread "AWT-Windows" daemon [_thread_in_native, id=7812, stack(0x0000002455100000,0x0000002455200000)]
  0x00000181259f4020 JavaThread "AWT-EventQueue-0" [_thread_blocked, id=2912, stack(0x0000002455300000,0x0000002455400000)]
  0x0000018125489f30 JavaThread "Swing-Shell" daemon [_thread_blocked, id=4884, stack(0x0000002455400000,0x0000002455500000)]
  0x0000018108199c30 JavaThread "DestroyJavaVM" [_thread_blocked, id=3416, stack(0x0000002453b00000,0x0000002453c00000)]
  0x0000018125e14020 JavaThread "Abandoned connection cleanup thread" daemon [_thread_blocked, id=4948, stack(0x0000002455a00000,0x0000002455b00000)]
  0x0000018126144820 JavaThread "TimerQueue" daemon [_thread_blocked, id=928, stack(0x0000002454e00000,0x0000002454f00000)]
  0x00000181261469d0 JavaThread "QuantumRenderer-0" daemon [_thread_blocked, id=10972, stack(0x0000002455f00000,0x0000002456000000)]
  0x0000018126144cf0 JavaThread "InvokeLaterDispatcher" daemon [_thread_blocked, id=2804, stack(0x0000002456000000,0x0000002456100000)]
=>0x0000018126146030 JavaThread "JavaFX Application Thread" [_thread_in_vm, id=6700, stack(0x0000002456100000,0x0000002456200000)]
  0x0000018126145b60 JavaThread "Thread-2" daemon [_thread_in_native, id=7712, stack(0x0000002455200000,0x0000002455300000)]
  0x00000181261451c0 JavaThread "Image Fetcher 0" daemon [_thread_blocked, id=7460, stack(0x0000002456500000,0x0000002456600000)]
  0x0000018126143e80 JavaThread "Image Fetcher 1" daemon [_thread_blocked, id=4292, stack(0x0000002456600000,0x0000002456700000)]
  0x0000018126145690 JavaThread "Image Fetcher 2" daemon [_thread_blocked, id=5100, stack(0x0000002456700000,0x0000002456800000)]
  0x0000018126146500 JavaThread "Image Fetcher 3" daemon [_thread_blocked, id=3556, stack(0x0000002456800000,0x0000002456900000)]

Other Threads:
  0x0000018123d7d3f0 VMThread "VM Thread" [stack: 0x0000002454100000,0x0000002454200000] [id=7472]
  0x0000018124932cb0 WatcherThread [stack: 0x0000002454b00000,0x0000002454c00000] [id=4192]
  0x00000181081c9fe0 GCTaskThread "GC Thread#0" [stack: 0x0000002453c00000,0x0000002453d00000] [id=2928]
  0x0000018124902950 GCTaskThread "GC Thread#1" [stack: 0x0000002454d00000,0x0000002454e00000] [id=10232]
  0x0000018124f339c0 GCTaskThread "GC Thread#2" [stack: 0x0000002455b00000,0x0000002455c00000] [id=8484]
  0x0000018124f33cf0 GCTaskThread "GC Thread#3" [stack: 0x0000002455c00000,0x0000002455d00000] [id=8588]
  0x00000181081d4f50 ConcurrentGCThread "G1 Main Marker" [stack: 0x0000002453d00000,0x0000002453e00000] [id=5884]
  0x00000181081d62e0 ConcurrentGCThread "G1 Conc#0" [stack: 0x0000002453e00000,0x0000002453f00000] [id=8024]
  0x00000181082250a0 ConcurrentGCThread "G1 Refine#0" [stack: 0x0000002453f00000,0x0000002454000000] [id=9484]
  0x0000018127592930 ConcurrentGCThread "G1 Refine#1" [stack: 0x0000002455e00000,0x0000002455f00000] [id=9400]
  0x0000018108225ca0 ConcurrentGCThread "G1 Young RemSet Sampling" [stack: 0x0000002454000000,0x0000002454100000] [id=10808]

Threads with active compile tasks:

VM state: not at safepoint (normal execution)

VM Mutex/Monitor currently owned by a thread: None

Heap address: 0x00000000c1800000, size: 1000 MB, Compressed Oops mode: 32-bit
CDS archive(s) mapped at: [0x0000000800000000-0x0000000800b50000-0x0000000800b50000), size 11862016, SharedBaseAddress: 0x0000000800000000, ArchiveRelocationMode: 0.
Compressed class space mapped at: 0x0000000800b50000-0x0000000840b50000, size: 1073741824
Narrow klass base: 0x0000000800000000, Narrow klass shift: 3, Narrow klass range: 0x100000000

GC Precious Log:
 CPUs: 4 total, 4 available
 Memory: 3996M
 Large Page Support: Disabled
 NUMA Support: Disabled
 Compressed Oops: Enabled (32-bit)
 Heap Region Size: 1M
 Heap Min Capacity: 8M
 Heap Initial Capacity: 64M
 Heap Max Capacity: 1000M
 Pre-touch: Disabled
 Parallel Workers: 4
 Concurrent Workers: 1
 Concurrent Refinement Workers: 4
 Periodic GC: Disabled

Heap:
 garbage-first heap   total 143360K, used 89328K [0x00000000c1800000, 0x0000000100000000)
  region size 1024K, 10 young (10240K), 4 survivors (4096K)
 Metaspace       used 45049K, capacity 45397K, committed 45872K, reserved 1089536K
  class space    used 6047K, capacity 6171K, committed 6272K, reserved 1048576K

Heap Regions: E=young(eden), S=young(survivor), O=old, HS=humongous(starts), HC=humongous(continues), CS=collection set, F=free, OA=open archive, CA=closed archive, TAMS=top-at-mark-start (previous, next)
|   0|0x00000000c1800000, 0x00000000c1900000, 0x00000000c1900000|100%| O|  |TAMS 0x00000000c1900000, 0x00000000c1800000| Untracked 
|   1|0x00000000c1900000, 0x00000000c1a00000, 0x00000000c1a00000|100%| O|  |TAMS 0x00000000c1a00000, 0x00000000c1900000| Untracked 
|   2|0x00000000c1a00000, 0x00000000c1b00000, 0x00000000c1b00000|100%| O|  |TAMS 0x00000000c1b00000, 0x00000000c1a00000| Untracked 
|   3|0x00000000c1b00000, 0x00000000c1c00000, 0x00000000c1c00000|100%| O|  |TAMS 0x00000000c1c00000, 0x00000000c1b00000| Untracked 
|   4|0x00000000c1c00000, 0x00000000c1d00000, 0x00000000c1d00000|100%| O|  |TAMS 0x00000000c1d00000, 0x00000000c1c00000| Untracked 
|   5|0x00000000c1d00000, 0x00000000c1e00000, 0x00000000c1e00000|100%| O|  |TAMS 0x00000000c1e00000, 0x00000000c1d00000| Untracked 
|   6|0x00000000c1e00000, 0x00000000c1f00000, 0x00000000c1f00000|100%| O|  |TAMS 0x00000000c1f00000, 0x00000000c1e00000| Untracked 
|   7|0x00000000c1f00000, 0x00000000c2000000, 0x00000000c2000000|100%| O|  |TAMS 0x00000000c2000000, 0x00000000c1f00000| Untracked 
|   8|0x00000000c2000000, 0x00000000c2100000, 0x00000000c2100000|100%| O|  |TAMS 0x00000000c2100000, 0x00000000c2000000| Untracked 
|   9|0x00000000c2100000, 0x00000000c2200000, 0x00000000c2200000|100%| O|  |TAMS 0x00000000c2200000, 0x00000000c2100000| Untracked 
|  10|0x00000000c2200000, 0x00000000c2300000, 0x00000000c2300000|100%| O|  |TAMS 0x00000000c2300000, 0x00000000c2200000| Untracked 
|  11|0x00000000c2300000, 0x00000000c2400000, 0x00000000c2400000|100%| O|  |TAMS 0x00000000c2400000, 0x00000000c2300000| Untracked 
|  12|0x00000000c2400000, 0x00000000c2500000, 0x00000000c2500000|100%| O|  |TAMS 0x00000000c2500000, 0x00000000c2400000| Untracked 
|  13|0x00000000c2500000, 0x00000000c2600000, 0x00000000c2600000|100%| O|  |TAMS 0x00000000c2600000, 0x00000000c2500000| Untracked 
|  14|0x00000000c2600000, 0x00000000c2700000, 0x00000000c2700000|100%| O|  |TAMS 0x00000000c2700000, 0x00000000c2600000| Untracked 
|  15|0x00000000c2700000, 0x00000000c2800000, 0x00000000c2800000|100%| O|  |TAMS 0x00000000c2800000, 0x00000000c2700000| Untracked 
|  16|0x00000000c2800000, 0x00000000c2900000, 0x00000000c2900000|100%| O|  |TAMS 0x00000000c2900000, 0x00000000c2800000| Untracked 
|  17|0x00000000c2900000, 0x00000000c2a00000, 0x00000000c2a00000|100%| O|  |TAMS 0x00000000c2a00000, 0x00000000c2900000| Untracked 
|  18|0x00000000c2a00000, 0x00000000c2b00000, 0x00000000c2b00000|100%| O|  |TAMS 0x00000000c2b00000, 0x00000000c2a00000| Untracked 
|  19|0x00000000c2b00000, 0x00000000c2c00000, 0x00000000c2c00000|100%| O|  |TAMS 0x00000000c2c00000, 0x00000000c2b00000| Untracked 
|  20|0x00000000c2c00000, 0x00000000c2d00000, 0x00000000c2d00000|100%| O|  |TAMS 0x00000000c2d00000, 0x00000000c2c00000| Untracked 
|  21|0x00000000c2d00000, 0x00000000c2e00000, 0x00000000c2e00000|100%| O|  |TAMS 0x00000000c2e00000, 0x00000000c2d00000| Untracked 
|  22|0x00000000c2e00000, 0x00000000c2f00000, 0x00000000c2f00000|100%| O|  |TAMS 0x00000000c2f00000, 0x00000000c2e00000| Untracked 
|  23|0x00000000c2f00000, 0x00000000c3000000, 0x00000000c3000000|100%| O|  |TAMS 0x00000000c3000000, 0x00000000c2f00000| Untracked 
|  24|0x00000000c3000000, 0x00000000c3100000, 0x00000000c3100000|100%| O|  |TAMS 0x00000000c3100000, 0x00000000c3000000| Untracked 
|  25|0x00000000c3100000, 0x00000000c3200000, 0x00000000c3200000|100%| O|  |TAMS 0x00000000c3200000, 0x00000000c3100000| Untracked 
|  26|0x00000000c3200000, 0x00000000c3300000, 0x00000000c3300000|100%| O|  |TAMS 0x00000000c3300000, 0x00000000c3200000| Untracked 
|  27|0x00000000c3300000, 0x00000000c3400000, 0x00000000c3400000|100%| O|  |TAMS 0x00000000c3400000, 0x00000000c3300000| Untracked 
|  28|0x00000000c3400000, 0x00000000c3500000, 0x00000000c3500000|100%| O|  |TAMS 0x00000000c3500000, 0x00000000c3400000| Untracked 
|  29|0x00000000c3500000, 0x00000000c3600000, 0x00000000c3600000|100%| O|  |TAMS 0x00000000c3600000, 0x00000000c3500000| Untracked 
|  30|0x00000000c3600000, 0x00000000c3700000, 0x00000000c3700000|100%| O|  |TAMS 0x00000000c3700000, 0x00000000c3600000| Untracked 
|  31|0x00000000c3700000, 0x00000000c3800000, 0x00000000c3800000|100%| O|  |TAMS 0x00000000c3800000, 0x00000000c3700000| Untracked 
|  32|0x00000000c3800000, 0x00000000c3900000, 0x00000000c3900000|100%| O|  |TAMS 0x00000000c3900000, 0x00000000c3800000| Untracked 
|  33|0x00000000c3900000, 0x00000000c3a00000, 0x00000000c3a00000|100%| O|  |TAMS 0x00000000c3a00000, 0x00000000c3900000| Untracked 
|  34|0x00000000c3a00000, 0x00000000c3b00000, 0x00000000c3b00000|100%| O|  |TAMS 0x00000000c3b00000, 0x00000000c3a00000| Untracked 
|  35|0x00000000c3b00000, 0x00000000c3c00000, 0x00000000c3c00000|100%| O|  |TAMS 0x00000000c3c00000, 0x00000000c3b00000| Untracked 
|  36|0x00000000c3c00000, 0x00000000c3d00000, 0x00000000c3d00000|100%| O|  |TAMS 0x00000000c3d00000, 0x00000000c3c00000| Untracked 
|  37|0x00000000c3d00000, 0x00000000c3e00000, 0x00000000c3e00000|100%| O|  |TAMS 0x00000000c3e00000, 0x00000000c3d00000| Untracked 
|  38|0x00000000c3e00000, 0x00000000c3f00000, 0x00000000c3f00000|100%| O|  |TAMS 0x00000000c3f00000, 0x00000000c3e00000| Untracked 
|  39|0x00000000c3f00000, 0x00000000c4000000, 0x00000000c4000000|100%| O|  |TAMS 0x00000000c4000000, 0x00000000c3f00000| Untracked 
|  40|0x00000000c4000000, 0x00000000c4100000, 0x00000000c4100000|100%| O|  |TAMS 0x00000000c4100000, 0x00000000c4000000| Untracked 
|  41|0x00000000c4100000, 0x00000000c4200000, 0x00000000c4200000|100%| O|  |TAMS 0x00000000c4200000, 0x00000000c4100000| Untracked 
|  42|0x00000000c4200000, 0x00000000c4300000, 0x00000000c4300000|100%| O|  |TAMS 0x00000000c4300000, 0x00000000c4200000| Untracked 
|  43|0x00000000c4300000, 0x00000000c4400000, 0x00000000c4400000|100%| O|  |TAMS 0x00000000c4400000, 0x00000000c4300000| Untracked 
|  44|0x00000000c4400000, 0x00000000c4500000, 0x00000000c4500000|100%| O|  |TAMS 0x00000000c4500000, 0x00000000c4400000| Untracked 
|  45|0x00000000c4500000, 0x00000000c4600000, 0x00000000c4600000|100%| O|  |TAMS 0x00000000c4600000, 0x00000000c4500000| Untracked 
|  46|0x00000000c4600000, 0x00000000c4700000, 0x00000000c4700000|100%| O|  |TAMS 0x00000000c4700000, 0x00000000c4600000| Untracked 
|  47|0x00000000c4700000, 0x00000000c4800000, 0x00000000c4800000|100%| O|  |TAMS 0x00000000c4800000, 0x00000000c4700000| Untracked 
|  48|0x00000000c4800000, 0x00000000c4900000, 0x00000000c4900000|100%| O|  |TAMS 0x00000000c4900000, 0x00000000c4800000| Untracked 
|  49|0x00000000c4900000, 0x00000000c4a00000, 0x00000000c4a00000|100%| O|  |TAMS 0x00000000c4a00000, 0x00000000c4900000| Untracked 
|  50|0x00000000c4a00000, 0x00000000c4b00000, 0x00000000c4b00000|100%| O|  |TAMS 0x00000000c4b00000, 0x00000000c4a00000| Untracked 
|  51|0x00000000c4b00000, 0x00000000c4c00000, 0x00000000c4c00000|100%| O|  |TAMS 0x00000000c4c00000, 0x00000000c4b00000| Untracked 
|  52|0x00000000c4c00000, 0x00000000c4d00000, 0x00000000c4d00000|100%| O|  |TAMS 0x00000000c4d00000, 0x00000000c4c00000| Untracked 
|  53|0x00000000c4d00000, 0x00000000c4e00000, 0x00000000c4e00000|100%| O|  |TAMS 0x00000000c4e00000, 0x00000000c4d00000| Untracked 
|  54|0x00000000c4e00000, 0x00000000c4f00000, 0x00000000c4f00000|100%| O|  |TAMS 0x00000000c4f00000, 0x00000000c4e00000| Untracked 
|  55|0x00000000c4f00000, 0x00000000c5000000, 0x00000000c5000000|100%|HS|  |TAMS 0x00000000c5000000, 0x00000000c4f00000| Complete 
|  56|0x00000000c5000000, 0x00000000c5100000, 0x00000000c5100000|100%|HC|  |TAMS 0x00000000c5100000, 0x00000000c5000000| Complete 
|  57|0x00000000c5100000, 0x00000000c5200000, 0x00000000c5200000|100%|HC|  |TAMS 0x00000000c5200000, 0x00000000c5100000| Complete 
|  58|0x00000000c5200000, 0x00000000c5300000, 0x00000000c5300000|100%|HC|  |TAMS 0x00000000c5300000, 0x00000000c5200000| Complete 
|  59|0x00000000c5300000, 0x00000000c5400000, 0x00000000c5400000|100%|HC|  |TAMS 0x00000000c5400000, 0x00000000c5300000| Complete 
|  60|0x00000000c5400000, 0x00000000c5500000, 0x00000000c5500000|100%|HC|  |TAMS 0x00000000c5500000, 0x00000000c5400000| Complete 
|  61|0x00000000c5500000, 0x00000000c5600000, 0x00000000c5600000|100%|HC|  |TAMS 0x00000000c5600000, 0x00000000c5500000| Complete 
|  62|0x00000000c5600000, 0x00000000c5700000, 0x00000000c5700000|100%|HC|  |TAMS 0x00000000c5700000, 0x00000000c5600000| Complete 
|  63|0x00000000c5700000, 0x00000000c5800000, 0x00000000c5800000|100%|HC|  |TAMS 0x00000000c5800000, 0x00000000c5700000| Complete 
|  64|0x00000000c5800000, 0x00000000c5900000, 0x00000000c5900000|100%| O|  |TAMS 0x00000000c5900000, 0x00000000c5800000| Untracked 
|  65|0x00000000c5900000, 0x00000000c5a00000, 0x00000000c5a00000|100%| O|  |TAMS 0x00000000c5a00000, 0x00000000c5900000| Untracked 
|  66|0x00000000c5a00000, 0x00000000c5b00000, 0x00000000c5b00000|100%| O|  |TAMS 0x00000000c5b00000, 0x00000000c5a00000| Untracked 
|  67|0x00000000c5b00000, 0x00000000c5c00000, 0x00000000c5c00000|100%| O|  |TAMS 0x00000000c5c00000, 0x00000000c5b00000| Untracked 
|  68|0x00000000c5c00000, 0x00000000c5d00000, 0x00000000c5d00000|100%| O|  |TAMS 0x00000000c5d00000, 0x00000000c5c00000| Untracked 
|  69|0x00000000c5d00000, 0x00000000c5e00000, 0x00000000c5e00000|100%| O|  |TAMS 0x00000000c5e00000, 0x00000000c5d00000| Untracked 
|  70|0x00000000c5e00000, 0x00000000c5f00000, 0x00000000c5f00000|100%| O|  |TAMS 0x00000000c5e68200, 0x00000000c5e00000| Untracked 
|  71|0x00000000c5f00000, 0x00000000c6000000, 0x00000000c6000000|100%| O|  |TAMS 0x00000000c5f00000, 0x00000000c5f00000| Untracked 
|  72|0x00000000c6000000, 0x00000000c6100000, 0x00000000c6100000|100%| O|  |TAMS 0x00000000c6000000, 0x00000000c6000000| Untracked 
|  73|0x00000000c6100000, 0x00000000c6200000, 0x00000000c6200000|100%| O|  |TAMS 0x00000000c6100000, 0x00000000c6100000| Untracked 
|  74|0x00000000c6200000, 0x00000000c6297e00, 0x00000000c6300000| 59%| O|  |TAMS 0x00000000c6200000, 0x00000000c6200000| Untracked 
|  75|0x00000000c6300000, 0x00000000c6400000, 0x00000000c6400000|100%|HS|  |TAMS 0x00000000c6300000, 0x00000000c6300000| Complete 
|  76|0x00000000c6400000, 0x00000000c6500000, 0x00000000c6500000|100%|HC|  |TAMS 0x00000000c6400000, 0x00000000c6400000| Complete 
|  77|0x00000000c6500000, 0x00000000c6600000, 0x00000000c6600000|100%|HC|  |TAMS 0x00000000c6500000, 0x00000000c6500000| Complete 
|  78|0x00000000c6600000, 0x00000000c6700000, 0x00000000c6700000|100%|HC|  |TAMS 0x00000000c6600000, 0x00000000c6600000| Complete 
|  79|0x00000000c6700000, 0x00000000c6700000, 0x00000000c6800000|  0%| F|  |TAMS 0x00000000c6700000, 0x00000000c6700000| Untracked 
|  80|0x00000000c6800000, 0x00000000c6800000, 0x00000000c6900000|  0%| F|  |TAMS 0x00000000c6800000, 0x00000000c6800000| Untracked 
|  81|0x00000000c6900000, 0x00000000c6900000, 0x00000000c6a00000|  0%| F|  |TAMS 0x00000000c6900000, 0x00000000c6900000| Untracked 
|  82|0x00000000c6a00000, 0x00000000c6a00000, 0x00000000c6b00000|  0%| F|  |TAMS 0x00000000c6a00000, 0x00000000c6a00000| Untracked 
|  83|0x00000000c6b00000, 0x00000000c6b00000, 0x00000000c6c00000|  0%| F|  |TAMS 0x00000000c6b00000, 0x00000000c6b00000| Untracked 
|  84|0x00000000c6c00000, 0x00000000c6c00000, 0x00000000c6d00000|  0%| F|  |TAMS 0x00000000c6c00000, 0x00000000c6c00000| Untracked 
|  85|0x00000000c6d00000, 0x00000000c6d00000, 0x00000000c6e00000|  0%| F|  |TAMS 0x00000000c6d00000, 0x00000000c6d00000| Untracked 
|  86|0x00000000c6e00000, 0x00000000c6e00000, 0x00000000c6f00000|  0%| F|  |TAMS 0x00000000c6e00000, 0x00000000c6e00000| Untracked 
|  87|0x00000000c6f00000, 0x00000000c6f00000, 0x00000000c7000000|  0%| F|  |TAMS 0x00000000c6f00000, 0x00000000c6f00000| Untracked 
|  88|0x00000000c7000000, 0x00000000c7000000, 0x00000000c7100000|  0%| F|  |TAMS 0x00000000c7000000, 0x00000000c7000000| Untracked 
|  89|0x00000000c7100000, 0x00000000c7100000, 0x00000000c7200000|  0%| F|  |TAMS 0x00000000c7100000, 0x00000000c7100000| Untracked 
|  90|0x00000000c7200000, 0x00000000c7200000, 0x00000000c7300000|  0%| F|  |TAMS 0x00000000c7200000, 0x00000000c7200000| Untracked 
|  91|0x00000000c7300000, 0x00000000c7300000, 0x00000000c7400000|  0%| F|  |TAMS 0x00000000c7300000, 0x00000000c7300000| Untracked 
|  92|0x00000000c7400000, 0x00000000c7400000, 0x00000000c7500000|  0%| F|  |TAMS 0x00000000c7400000, 0x00000000c7400000| Untracked 
|  93|0x00000000c7500000, 0x00000000c7500000, 0x00000000c7600000|  0%| F|  |TAMS 0x00000000c7500000, 0x00000000c7500000| Untracked 
|  94|0x00000000c7600000, 0x00000000c7600000, 0x00000000c7700000|  0%| F|  |TAMS 0x00000000c7600000, 0x00000000c7600000| Untracked 
|  95|0x00000000c7700000, 0x00000000c7700000, 0x00000000c7800000|  0%| F|  |TAMS 0x00000000c7700000, 0x00000000c7700000| Untracked 
|  96|0x00000000c7800000, 0x00000000c7800000, 0x00000000c7900000|  0%| F|  |TAMS 0x00000000c7800000, 0x00000000c7800000| Untracked 
|  97|0x00000000c7900000, 0x00000000c7900000, 0x00000000c7a00000|  0%| F|  |TAMS 0x00000000c7900000, 0x00000000c7900000| Untracked 
|  98|0x00000000c7a00000, 0x00000000c7a00000, 0x00000000c7b00000|  0%| F|  |TAMS 0x00000000c7a00000, 0x00000000c7a00000| Untracked 
|  99|0x00000000c7b00000, 0x00000000c7b00000, 0x00000000c7c00000|  0%| F|  |TAMS 0x00000000c7b00000, 0x00000000c7b00000| Untracked 
| 100|0x00000000c7c00000, 0x00000000c7c00000, 0x00000000c7d00000|  0%| F|  |TAMS 0x00000000c7c00000, 0x00000000c7c00000| Untracked 
| 101|0x00000000c7d00000, 0x00000000c7d00000, 0x00000000c7e00000|  0%| F|  |TAMS 0x00000000c7d00000, 0x00000000c7d00000| Untracked 
| 102|0x00000000c7e00000, 0x00000000c7e00000, 0x00000000c7f00000|  0%| F|  |TAMS 0x00000000c7e00000, 0x00000000c7e00000| Untracked 
| 103|0x00000000c7f00000, 0x00000000c7f00000, 0x00000000c8000000|  0%| F|  |TAMS 0x00000000c7f00000, 0x00000000c7f00000| Untracked 
| 104|0x00000000c8000000, 0x00000000c8000000, 0x00000000c8100000|  0%| F|  |TAMS 0x00000000c8000000, 0x00000000c8000000| Untracked 
| 105|0x00000000c8100000, 0x00000000c8100000, 0x00000000c8200000|  0%| F|  |TAMS 0x00000000c8100000, 0x00000000c8100000| Untracked 
| 106|0x00000000c8200000, 0x00000000c8200000, 0x00000000c8300000|  0%| F|  |TAMS 0x00000000c8200000, 0x00000000c8200000| Untracked 
| 107|0x00000000c8300000, 0x00000000c8300000, 0x00000000c8400000|  0%| F|  |TAMS 0x00000000c8300000, 0x00000000c8300000| Untracked 
| 108|0x00000000c8400000, 0x00000000c8400000, 0x00000000c8500000|  0%| F|  |TAMS 0x00000000c8400000, 0x00000000c8400000| Untracked 
| 109|0x00000000c8500000, 0x00000000c8500000, 0x00000000c8600000|  0%| F|  |TAMS 0x00000000c8500000, 0x00000000c8500000| Untracked 
| 110|0x00000000c8600000, 0x00000000c8600000, 0x00000000c8700000|  0%| F|  |TAMS 0x00000000c8600000, 0x00000000c8600000| Untracked 
| 111|0x00000000c8700000, 0x00000000c8700000, 0x00000000c8800000|  0%| F|  |TAMS 0x00000000c8700000, 0x00000000c8700000| Untracked 
| 112|0x00000000c8800000, 0x00000000c8800000, 0x00000000c8900000|  0%| F|  |TAMS 0x00000000c8800000, 0x00000000c8800000| Untracked 
| 113|0x00000000c8900000, 0x00000000c8900000, 0x00000000c8a00000|  0%| F|  |TAMS 0x00000000c8900000, 0x00000000c8900000| Untracked 
| 114|0x00000000c8a00000, 0x00000000c8a00000, 0x00000000c8b00000|  0%| F|  |TAMS 0x00000000c8a00000, 0x00000000c8a00000| Untracked 
| 115|0x00000000c8b00000, 0x00000000c8b00000, 0x00000000c8c00000|  0%| F|  |TAMS 0x00000000c8b00000, 0x00000000c8b00000| Untracked 
| 116|0x00000000c8c00000, 0x00000000c8c00000, 0x00000000c8d00000|  0%| F|  |TAMS 0x00000000c8c00000, 0x00000000c8c00000| Untracked 
| 117|0x00000000c8d00000, 0x00000000c8da42a0, 0x00000000c8e00000| 64%| S|CS|TAMS 0x00000000c8d00000, 0x00000000c8d00000| Complete 
| 118|0x00000000c8e00000, 0x00000000c8f00000, 0x00000000c8f00000|100%| S|CS|TAMS 0x00000000c8e00000, 0x00000000c8e00000| Complete 
| 119|0x00000000c8f00000, 0x00000000c9000000, 0x00000000c9000000|100%| S|CS|TAMS 0x00000000c8f00000, 0x00000000c8f00000| Complete 
| 120|0x00000000c9000000, 0x00000000c9100000, 0x00000000c9100000|100%| S|CS|TAMS 0x00000000c9000000, 0x00000000c9000000| Complete 
| 121|0x00000000c9100000, 0x00000000c9100000, 0x00000000c9200000|  0%| F|  |TAMS 0x00000000c9100000, 0x00000000c9100000| Untracked 
| 122|0x00000000c9200000, 0x00000000c9200000, 0x00000000c9300000|  0%| F|  |TAMS 0x00000000c9200000, 0x00000000c9200000| Untracked 
| 123|0x00000000c9300000, 0x00000000c9300000, 0x00000000c9400000|  0%| F|  |TAMS 0x00000000c9300000, 0x00000000c9300000| Untracked 
| 124|0x00000000c9400000, 0x00000000c9400000, 0x00000000c9500000|  0%| F|  |TAMS 0x00000000c9400000, 0x00000000c9400000| Untracked 
| 125|0x00000000c9500000, 0x00000000c9500000, 0x00000000c9600000|  0%| F|  |TAMS 0x00000000c9500000, 0x00000000c9500000| Untracked 
| 126|0x00000000c9600000, 0x00000000c9600000, 0x00000000c9700000|  0%| F|  |TAMS 0x00000000c9600000, 0x00000000c9600000| Untracked 
| 127|0x00000000c9700000, 0x00000000c9700000, 0x00000000c9800000|  0%| F|  |TAMS 0x00000000c9700000, 0x00000000c9700000| Untracked 
| 128|0x00000000c9800000, 0x00000000c9800000, 0x00000000c9900000|  0%| F|  |TAMS 0x00000000c9800000, 0x00000000c9800000| Untracked 
| 129|0x00000000c9900000, 0x00000000c9900000, 0x00000000c9a00000|  0%| F|  |TAMS 0x00000000c9900000, 0x00000000c9900000| Untracked 
| 130|0x00000000c9a00000, 0x00000000c9a00000, 0x00000000c9b00000|  0%| F|  |TAMS 0x00000000c9a00000, 0x00000000c9a00000| Untracked 
| 131|0x00000000c9b00000, 0x00000000c9c00000, 0x00000000c9c00000|100%| E|CS|TAMS 0x00000000c9b00000, 0x00000000c9b00000| Complete 
| 132|0x00000000c9c00000, 0x00000000c9c00000, 0x00000000c9d00000|  0%| F|  |TAMS 0x00000000c9c00000, 0x00000000c9c00000| Untracked 
| 133|0x00000000c9d00000, 0x00000000c9d00000, 0x00000000c9e00000|  0%| F|  |TAMS 0x00000000c9d00000, 0x00000000c9d00000| Untracked 
| 134|0x00000000c9e00000, 0x00000000c9e00000, 0x00000000c9f00000|  0%| F|  |TAMS 0x00000000c9e00000, 0x00000000c9e00000| Untracked 
| 135|0x00000000c9f00000, 0x00000000c9f6f8e0, 0x00000000ca000000| 43%| E|  |TAMS 0x00000000c9f00000, 0x00000000c9f00000| Complete 
| 136|0x00000000ca000000, 0x00000000ca100000, 0x00000000ca100000|100%| E|CS|TAMS 0x00000000ca000000, 0x00000000ca000000| Complete 
| 137|0x00000000ca100000, 0x00000000ca200000, 0x00000000ca200000|100%| E|CS|TAMS 0x00000000ca100000, 0x00000000ca100000| Complete 
| 138|0x00000000ca200000, 0x00000000ca300000, 0x00000000ca300000|100%| E|CS|TAMS 0x00000000ca200000, 0x00000000ca200000| Complete 
| 139|0x00000000ca300000, 0x00000000ca400000, 0x00000000ca400000|100%| E|CS|TAMS 0x00000000ca300000, 0x00000000ca300000| Complete 

Card table byte_map: [0x000001811f5c0000,0x000001811f7c0000] _byte_map_base: 0x000001811efb4000

Marking Bits (Prev, Next): (CMBitMap*) 0x00000181081cb8a0, (CMBitMap*) 0x00000181081cb860
 Prev Bits: [0x0000018120960000, 0x0000018121900000)
 Next Bits: [0x000001811f9c0000, 0x0000018120960000)

Polling page: 0x0000018106180000

Metaspace:

Usage:
  Non-class:     38.31 MB capacity,    38.09 MB (>99%) used,   174.70 KB ( <1%) free+waste,    48.44 KB ( <1%) overhead. 
      Class:      6.03 MB capacity,     5.91 MB ( 98%) used,   105.92 KB (  2%) free+waste,    18.06 KB ( <1%) overhead. 
       Both:     44.33 MB capacity,    43.99 MB (>99%) used,   280.62 KB ( <1%) free+waste,    66.50 KB ( <1%) overhead. 

Virtual space:
  Non-class space:       40.00 MB reserved,      38.67 MB ( 97%) committed 
      Class space:        1.00 GB reserved,       6.12 MB ( <1%) committed 
             Both:        1.04 GB reserved,      44.80 MB (  4%) committed 

Chunk freelists:
   Non-Class:  246.00 KB
       Class:  5.00 KB
        Both:  251.00 KB

MaxMetaspaceSize: 17179869184.00 GB
CompressedClassSpaceSize: 1.00 GB

CodeHeap 'non-profiled nmethods': size=120000Kb used=2807Kb max_used=3094Kb free=117192Kb
 bounds [0x0000018117e90000, 0x00000181181c0000, 0x000001811f3c0000]
CodeHeap 'profiled nmethods': size=120000Kb used=9959Kb max_used=11613Kb free=110040Kb
 bounds [0x0000018110960000, 0x00000181114d0000, 0x0000018117e90000]
CodeHeap 'non-nmethods': size=5760Kb used=1506Kb max_used=1542Kb free=4253Kb
 bounds [0x00000181103c0000, 0x0000018110630000, 0x0000018110960000]
 total_blobs=5726 nmethods=4875 adapters=761
 compilation: enabled
              stopped_count=0, restarted_count=0
 full_count=0

Compilation events (20 events):
Event: 20.000 Thread 0x0000018123d9e3d0 5650       4       sun.awt.NullComponentPeer::dispose (1 bytes)
Event: 20.000 Thread 0x0000018123d9e3d0 nmethod 5650 0x0000018117efb690 code [0x0000018117efb800, 0x0000018117efb858]
Event: 20.000 Thread 0x0000018123d9e3d0 5647       4       sun.awt.NullComponentPeer::setVisible (1 bytes)
Event: 20.000 Thread 0x0000018123d9e3d0 nmethod 5647 0x0000018117fe2a10 code [0x0000018117fe2b80, 0x0000018117fe2bd8]
Event: 20.000 Thread 0x0000018123d9e3d0 5660       4       java.util.HashMap::afterNodeRemoval (1 bytes)
Event: 20.001 Thread 0x0000018123d9e3d0 nmethod 5660 0x0000018117fe2710 code [0x0000018117fe2880, 0x0000018117fe28d8]
Event: 20.001 Thread 0x0000018123d9e3d0 5625       4       javax.swing.KeyboardManager::getCurrentManager (4 bytes)
Event: 20.001 Thread 0x0000018123d9e3d0 nmethod 5625 0x00000181180fcf90 code [0x00000181180fd100, 0x00000181180fd158]
Event: 20.010 Thread 0x0000018123d9e3d0 5681       4       java.lang.invoke.MethodType::hashCode (53 bytes)
Event: 20.011 Thread 0x0000018123da4480 5683   !   3       java.lang.invoke.MethodHandles$Lookup$ClassFile::newInstance (367 bytes)
Event: 20.013 Thread 0x0000018123d9e3d0 nmethod 5681 0x00000181180fc610 code [0x00000181180fc7a0, 0x00000181180fc938]
Event: 20.013 Thread 0x0000018123d9e3d0 5685 %     4       sun.net.www.ParseUtil::firstEncodeIndex @ 7 (86 bytes)
Event: 20.014 Thread 0x0000018123da4480 nmethod 5683 0x0000018110abbd90 code [0x0000018110abc460, 0x0000018110abf2b8]
Event: 20.014 Thread 0x0000018123da4480 5684       3       java.lang.invoke.MethodHandles$Lookup$ClassDefiner::defineClassAsLookup (19 bytes)
Event: 20.015 Thread 0x0000018123da4480 nmethod 5684 0x0000018111047910 code [0x0000018111047ac0, 0x0000018111047cb8]
Event: 20.024 Thread 0x0000018123d9e3d0 nmethod 5685% 0x0000018117f71c90 code [0x0000018117f71e20, 0x0000018117f725b8]
Event: 20.049 Thread 0x0000018123da4480 5686       3       javax.swing.DefaultListSelectionModel::fireValueChanged (76 bytes)
Event: 20.050 Thread 0x0000018123da4480 nmethod 5686 0x0000018110b7f910 code [0x0000018110b7fb00, 0x0000018110b80228]
Event: 20.051 Thread 0x0000018123da4480 5687       3       java.util.logging.LogManager$LoggerContext::requiresDefaultLoggers (29 bytes)
Event: 20.051 Thread 0x0000018123da4480 nmethod 5687 0x0000018111237790 code [0x0000018111237940, 0x0000018111237b48]

GC Heap History (20 events):
Event: 8.890 GC heap before
{Heap before GC invocations=9 (full 0):
 garbage-first heap   total 78848K, used 53134K [0x00000000c1800000, 0x0000000100000000)
  region size 1024K, 27 young (27648K), 3 survivors (3072K)
 Metaspace       used 32090K, capacity 32412K, committed 32816K, reserved 1079296K
  class space    used 3823K, capacity 3947K, committed 3968K, reserved 1048576K
}
Event: 8.906 GC heap after
{Heap after GC invocations=10 (full 0):
 garbage-first heap   total 78848K, used 35840K [0x00000000c1800000, 0x0000000100000000)
  region size 1024K, 4 young (4096K), 4 survivors (4096K)
 Metaspace       used 32090K, capacity 32412K, committed 32816K, reserved 1079296K
  class space    used 3823K, capacity 3947K, committed 3968K, reserved 1048576K
}
Event: 11.667 GC heap before
{Heap before GC invocations=10 (full 0):
 garbage-first heap   total 78848K, used 55296K [0x00000000c1800000, 0x0000000100000000)
  region size 1024K, 24 young (24576K), 4 survivors (4096K)
 Metaspace       used 34952K, capacity 35293K, committed 35760K, reserved 1081344K
  class space    used 4368K, capacity 4491K, committed 4608K, reserved 1048576K
}
Event: 11.676 GC heap after
{Heap after GC invocations=11 (full 0):
 garbage-first heap   total 78848K, used 39570K [0x00000000c1800000, 0x0000000100000000)
  region size 1024K, 3 young (3072K), 3 survivors (3072K)
 Metaspace       used 34952K, capacity 35293K, committed 35760K, reserved 1081344K
  class space    used 4368K, capacity 4491K, committed 4608K, reserved 1048576K
}
Event: 13.057 GC heap before
{Heap before GC invocations=11 (full 0):
 garbage-first heap   total 78848K, used 56978K [0x00000000c1800000, 0x0000000100000000)
  region size 1024K, 21 young (21504K), 3 survivors (3072K)
 Metaspace       used 37719K, capacity 38063K, committed 38576K, reserved 1083392K
  class space    used 4889K, capacity 5008K, committed 5120K, reserved 1048576K
}
Event: 13.068 GC heap after
{Heap after GC invocations=12 (full 0):
 garbage-first heap   total 78848K, used 43654K [0x00000000c1800000, 0x0000000100000000)
  region size 1024K, 3 young (3072K), 3 survivors (3072K)
 Metaspace       used 37719K, capacity 38063K, committed 38576K, reserved 1083392K
  class space    used 4889K, capacity 5008K, committed 5120K, reserved 1048576K
}
Event: 14.033 GC heap before
{Heap before GC invocations=13 (full 0):
 garbage-first heap   total 78848K, used 59014K [0x00000000c1800000, 0x0000000100000000)
  region size 1024K, 19 young (19456K), 3 survivors (3072K)
 Metaspace       used 40611K, capacity 40942K, committed 41392K, reserved 1085440K
  class space    used 5247K, capacity 5369K, committed 5376K, reserved 1048576K
}
Event: 14.043 GC heap after
{Heap after GC invocations=14 (full 0):
 garbage-first heap   total 78848K, used 47481K [0x00000000c1800000, 0x0000000100000000)
  region size 1024K, 3 young (3072K), 3 survivors (3072K)
 Metaspace       used 40611K, capacity 40942K, committed 41392K, reserved 1085440K
  class space    used 5247K, capacity 5369K, committed 5376K, reserved 1048576K
}
Event: 14.498 GC heap before
{Heap before GC invocations=14 (full 0):
 garbage-first heap   total 78848K, used 60793K [0x00000000c1800000, 0x0000000100000000)
  region size 1024K, 16 young (16384K), 3 survivors (3072K)
 Metaspace       used 41215K, capacity 41582K, committed 42032K, reserved 1085440K
  class space    used 5362K, capacity 5497K, committed 5504K, reserved 1048576K
}
Event: 14.504 GC heap after
{Heap after GC invocations=15 (full 0):
 garbage-first heap   total 78848K, used 51567K [0x00000000c1800000, 0x0000000100000000)
  region size 1024K, 2 young (2048K), 2 survivors (2048K)
 Metaspace       used 41215K, capacity 41582K, committed 42032K, reserved 1085440K
  class space    used 5362K, capacity 5497K, committed 5504K, reserved 1048576K
}
Event: 14.934 GC heap before
{Heap before GC invocations=16 (full 0):
 garbage-first heap   total 92160K, used 60783K [0x00000000c1800000, 0x0000000100000000)
  region size 1024K, 12 young (12288K), 2 survivors (2048K)
 Metaspace       used 41598K, capacity 41934K, committed 42416K, reserved 1085440K
  class space    used 5469K, capacity 5593K, committed 5632K, reserved 1048576K
}
Event: 14.940 GC heap after
{Heap after GC invocations=17 (full 0):
 garbage-first heap   total 92160K, used 55494K [0x00000000c1800000, 0x0000000100000000)
  region size 1024K, 2 young (2048K), 2 survivors (2048K)
 Metaspace       used 41598K, capacity 41934K, committed 42416K, reserved 1085440K
  class space    used 5469K, capacity 5593K, committed 5632K, reserved 1048576K
}
Event: 15.071 GC heap before
{Heap before GC invocations=17 (full 0):
 garbage-first heap   total 92160K, used 59590K [0x00000000c1800000, 0x0000000100000000)
  region size 1024K, 7 young (7168K), 2 survivors (2048K)
 Metaspace       used 41748K, capacity 42094K, committed 42416K, reserved 1085440K
  class space    used 5515K, capacity 5625K, committed 5632K, reserved 1048576K
}
Event: 15.076 GC heap after
{Heap after GC invocations=18 (full 0):
 garbage-first heap   total 92160K, used 57202K [0x00000000c1800000, 0x0000000100000000)
  region size 1024K, 2 young (2048K), 2 survivors (2048K)
 Metaspace       used 41748K, capacity 42094K, committed 42416K, reserved 1085440K
  class space    used 5515K, capacity 5625K, committed 5632K, reserved 1048576K
}
Event: 15.333 GC heap before
{Heap before GC invocations=19 (full 0):
 garbage-first heap   total 132096K, used 78706K [0x00000000c1800000, 0x0000000100000000)
  region size 1024K, 15 young (15360K), 2 survivors (2048K)
 Metaspace       used 41899K, capacity 42222K, committed 42544K, reserved 1085440K
  class space    used 5554K, capacity 5689K, committed 5760K, reserved 1048576K
}
Event: 15.338 GC heap after
{Heap after GC invocations=20 (full 0):
 garbage-first heap   total 132096K, used 67285K [0x00000000c1800000, 0x0000000100000000)
  region size 1024K, 1 young (1024K), 1 survivors (1024K)
 Metaspace       used 41899K, capacity 42222K, committed 42544K, reserved 1085440K
  class space    used 5554K, capacity 5689K, committed 5760K, reserved 1048576K
}
Event: 16.243 GC heap before
{Heap before GC invocations=20 (full 0):
 garbage-first heap   total 132096K, used 98005K [0x00000000c1800000, 0x0000000100000000)
  region size 1024K, 32 young (32768K), 1 survivors (1024K)
 Metaspace       used 42698K, capacity 42991K, committed 43440K, reserved 1087488K
  class space    used 5760K, capacity 5881K, committed 5888K, reserved 1048576K
}
Event: 16.249 GC heap after
{Heap after GC invocations=21 (full 0):
 garbage-first heap   total 132096K, used 76192K [0x00000000c1800000, 0x0000000100000000)
  region size 1024K, 4 young (4096K), 4 survivors (4096K)
 Metaspace       used 42698K, capacity 42991K, committed 43440K, reserved 1087488K
  class space    used 5760K, capacity 5881K, committed 5888K, reserved 1048576K
}
Event: 16.835 GC heap before
{Heap before GC invocations=22 (full 0):
 garbage-first heap   total 135168K, used 85408K [0x00000000c1800000, 0x0000000100000000)
  region size 1024K, 15 young (15360K), 4 survivors (4096K)
 Metaspace       used 43716K, capacity 44047K, committed 44336K, reserved 1087488K
  class space    used 5867K, capacity 5977K, committed 6016K, reserved 1048576K
}
Event: 16.840 GC heap after
{Heap after GC invocations=23 (full 0):
 garbage-first heap   total 135168K, used 80112K [0x00000000c1800000, 0x0000000100000000)
  region size 1024K, 4 young (4096K), 4 survivors (4096K)
 Metaspace       used 43716K, capacity 44047K, committed 44336K, reserved 1087488K
  class space    used 5867K, capacity 5977K, committed 6016K, reserved 1048576K
}

Deoptimization events (20 events):
Event: 16.784 Thread 0x00000181259f4020 DEOPT PACKING pc=0x0000018117fd004c sp=0x00000024553fe3b0
Event: 16.784 Thread 0x00000181259f4020 DEOPT UNPACKING pc=0x000001811040e42f sp=0x00000024553fe2f0 mode 2
Event: 16.828 Thread 0x00000181259f4020 DEOPT PACKING pc=0x000001811124fe2c sp=0x00000024553fe740
Event: 16.829 Thread 0x00000181259f4020 DEOPT UNPACKING pc=0x000001811040e23f sp=0x00000024553fdc38 mode 0
Event: 16.835 Thread 0x00000181259f4020 Uncommon trap: trap_request=0xffffffde fr.pc=0x0000018117fd63c0 relative=0x00000000000000a0
Event: 16.835 Thread 0x00000181259f4020 Uncommon trap: reason=class_check action=maybe_recompile pc=0x0000018117fd63c0 method=java.awt.Component.getBackground()Ljava/awt/Color; @ 21 c2
Event: 16.835 Thread 0x00000181259f4020 DEOPT PACKING pc=0x0000018117fd63c0 sp=0x00000024553fe720
Event: 16.835 Thread 0x00000181259f4020 DEOPT UNPACKING pc=0x000001811040e42f sp=0x00000024553fe6a0 mode 2
Event: 19.718 Thread 0x0000018124e73e90 Uncommon trap: trap_request=0xffffff45 fr.pc=0x0000018117fbcfb4 relative=0x0000000000000194
Event: 19.718 Thread 0x0000018124e73e90 Uncommon trap: reason=unstable_if action=reinterpret pc=0x0000018117fbcfb4 method=java.util.concurrent.locks.AbstractQueuedSynchronizer.signalNext(Ljava/util/concurrent/locks/AbstractQueuedSynchronizer$Node;)V @ 17 c2
Event: 19.718 Thread 0x0000018124e73e90 DEOPT PACKING pc=0x0000018117fbcfb4 sp=0x00000024551fab30
Event: 19.718 Thread 0x0000018124e73e90 DEOPT UNPACKING pc=0x000001811040e42f sp=0x00000024551faa30 mode 2
Event: 19.720 Thread 0x00000181259f4020 Uncommon trap: trap_request=0xffffff45 fr.pc=0x00000181180c31a8 relative=0x0000000000000188
Event: 19.720 Thread 0x00000181259f4020 Uncommon trap: reason=unstable_if action=reinterpret pc=0x00000181180c31a8 method=java.awt.KeyboardFocusManager.getFocusOwner()Ljava/awt/Component; @ 8 c2
Event: 19.720 Thread 0x00000181259f4020 DEOPT PACKING pc=0x00000181180c31a8 sp=0x00000024553fde70
Event: 19.720 Thread 0x00000181259f4020 DEOPT UNPACKING pc=0x000001811040e42f sp=0x00000024553fddf8 mode 2
Event: 19.736 Thread 0x00000181259f4020 Uncommon trap: trap_request=0xffffff45 fr.pc=0x0000018117f67ee8 relative=0x00000000000014e8
Event: 19.736 Thread 0x00000181259f4020 Uncommon trap: reason=unstable_if action=reinterpret pc=0x0000018117f67ee8 method=java.beans.ChangeListenerMap.get(Ljava/lang/String;)[Ljava/util/EventListener; @ 4 c2
Event: 19.737 Thread 0x00000181259f4020 DEOPT PACKING pc=0x0000018117f67ee8 sp=0x00000024553fdf60
Event: 19.737 Thread 0x00000181259f4020 DEOPT UNPACKING pc=0x000001811040e42f sp=0x00000024553fddb8 mode 2

Classes unloaded (0 events):
No events

Classes redefined (0 events):
No events

Internal exceptions (20 events):
Event: 1.969 Thread 0x00000181259f4020 Exception <a 'java/lang/NoSuchMethodError'{0x00000000c4541708}: 'void java.lang.invoke.DirectMethodHandle$Holder.invokeStaticInit(java.lang.Object)'> (0x00000000c4541708) 
thrown [./open/src/hotspot/share/interpreter/linkResolver.cpp, line 782]
Event: 11.952 Thread 0x00000181259f4020 Implicit null exception at 0x0000018117fbf097 to 0x0000018117fc1530
Event: 11.952 Thread 0x00000181259f4020 Implicit null exception at 0x0000018117fad0b0 to 0x0000018117fad1f0
Event: 11.952 Thread 0x00000181259f4020 Implicit null exception at 0x0000018118007ad0 to 0x0000018118007c60
Event: 13.029 Thread 0x0000018126146ea0 Implicit null exception at 0x00000181180ccb71 to 0x00000181180ceb34
Event: 13.323 Thread 0x0000018126146ea0 Implicit null exception at 0x0000018118110645 to 0x00000181181135c0
Event: 13.338 Thread 0x0000018126146ea0 Exception <a 'java/lang/NoSuchMethodError'{0x00000000c629b5e0}: 'int java.lang.invoke.DirectMethodHandle$Holder.invokeStaticInit(java.lang.Object, java.lang.Object, java.lang.Object)'> (0x00000000c629b5e0) 
thrown [./open/src/hotspot/share/interpreter/linkResolver.cpp, line 782]
Event: 13.352 Thread 0x0000018126146ea0 Exception <a 'java/lang/NoSuchMethodError'{0x00000000c613a770}: 'java.lang.Object java.lang.invoke.DirectMethodHandle$Holder.newInvokeSpecial(java.lang.Object, java.lang.Object, int, java.lang.Object)'> (0x00000000c613a770) 
thrown [./open/src/hotspot/share/interpreter/linkResolver.cpp, line 782]
Event: 13.352 Thread 0x0000018126146ea0 Exception <a 'java/lang/NoSuchMethodError'{0x00000000c614f3d0}: 'java.lang.Object java.lang.invoke.DirectMethodHandle$Holder.invokeSpecial(java.lang.Object, java.lang.Object, java.lang.Object, int, java.lang.Object)'> (0x00000000c614f3d0) 
thrown [./open/src/hotspot/share/interpreter/linkResolver.cpp, line 782]
Event: 13.394 Thread 0x0000018126146030 Implicit null exception at 0x0000018117f4e473 to 0x0000018117f4e800
Event: 13.756 Thread 0x00000181259f4020 Exception <a 'java/lang/NoSuchMethodError'{0x00000000c5bb0998}: 'java.lang.Object java.lang.invoke.DirectMethodHandle$Holder.invokeStaticInit(java.lang.Object, java.lang.Object, java.lang.Object, java.lang.Object)'> (0x00000000c5bb0998) 
thrown [./open/src/hotspot/share/interpreter/linkResolver.cpp, line 782]
Event: 14.347 Thread 0x00000181261451c0 Implicit null exception at 0x000001811813baad to 0x000001811813cc28
Event: 16.757 Thread 0x00000181259f4020 Implicit null exception at 0x000001811801460e to 0x0000018118015390
Event: 16.784 Thread 0x00000181259f4020 Implicit null exception at 0x0000018117fcb248 to 0x0000018117fcc53c
Event: 16.784 Thread 0x00000181259f4020 Implicit null exception at 0x0000018117fcf826 to 0x0000018117fd003c
Event: 19.736 Thread 0x00000181259f4020 Implicit null exception at 0x0000018117f66def to 0x0000018117f67ec4
Event: 19.965 Thread 0x0000018126146030 Exception <a 'java/lang/NullPointerException'{0x00000000ca2af268}> (0x00000000ca2af268) 
thrown [./open/src/hotspot/share/interpreter/linkResolver.cpp, line 1374]
Event: 19.971 Thread 0x0000018126146030 Exception <a 'java/lang/NoSuchMethodError'{0x00000000ca2f8070}: 'void java.lang.invoke.DirectMethodHandle$Holder.invokeSpecial(java.lang.Object, java.lang.Object, java.lang.Object, java.lang.Object, java.lang.Object)'> (0x00000000ca2f8070) 
thrown [./open/src/hotspot/share/interpreter/linkResolver.cpp, line 782]
Event: 20.010 Thread 0x0000018126146030 Exception <a 'java/lang/NoSuchMethodError'{0x00000000ca1eefa0}: 'int java.lang.invoke.DirectMethodHandle$Holder.invokeSpecial(java.lang.Object, java.lang.Object, java.lang.Object, java.lang.Object)'> (0x00000000ca1eefa0) 
thrown [./open/src/hotspot/share/interpreter/linkResolver.cpp, line 782]
Event: 20.057 Thread 0x0000018126146030 Exception <a 'java/lang/NoSuchMethodError'{0x00000000c9f6e9c0}: fwkIsMainThread> (0x00000000c9f6e9c0) 
thrown [./open/src/hotspot/share/prims/jni.cpp, line 1171]

Events (20 events):
Event: 19.967 loading class java/util/WeakHashMap$HashIterator
Event: 19.967 loading class java/util/WeakHashMap$HashIterator done
Event: 19.967 loading class java/util/WeakHashMap$KeyIterator done
Event: 19.984 Executing VM operation: HandshakeAllThreads
Event: 19.984 Executing VM operation: HandshakeAllThreads done
Event: 20.029 loading class java/util/concurrent/Executors$DelegatedScheduledExecutorService
Event: 20.029 loading class java/util/concurrent/ScheduledExecutorService
Event: 20.029 loading class java/util/concurrent/ScheduledExecutorService done
Event: 20.029 loading class java/util/concurrent/Executors$DelegatedScheduledExecutorService done
Event: 20.029 loading class java/util/concurrent/ScheduledThreadPoolExecutor
Event: 20.029 loading class java/util/concurrent/ScheduledThreadPoolExecutor done
Event: 20.029 loading class java/util/concurrent/ScheduledThreadPoolExecutor$DelayedWorkQueue
Event: 20.029 loading class java/util/concurrent/ScheduledThreadPoolExecutor$DelayedWorkQueue done
Event: 20.029 loading class java/util/concurrent/RunnableScheduledFuture
Event: 20.030 loading class java/util/concurrent/ScheduledFuture
Event: 20.030 loading class java/util/concurrent/ScheduledFuture done
Event: 20.030 loading class java/util/concurrent/RunnableScheduledFuture done
Event: 20.034 loading class java/net/CookieHandler
Event: 20.034 loading class java/net/CookieHandler done
Event: 20.039 Loaded shared library C:\Program Files\BellSoft\LibericaJDK-13-Full\bin\jfxwebkit.dll


Dynamic libraries:
0x00007ff61eac0000 - 0x00007ff61eacf000 	C:\Program Files\Java\jdk-15.0.2\bin\java.exe
0x00007ffe61630000 - 0x00007ffe61828000 	C:\WINDOWS\SYSTEM32\ntdll.dll
0x00007ffe5fd30000 - 0x00007ffe5fdef000 	C:\WINDOWS\System32\KERNEL32.DLL
0x00007ffe5ee60000 - 0x00007ffe5f13a000 	C:\WINDOWS\System32\KERNELBASE.dll
0x00007ffe5f2d0000 - 0x00007ffe5f3d0000 	C:\WINDOWS\System32\ucrtbase.dll
0x00007ffe5a7e0000 - 0x00007ffe5a7f9000 	C:\Program Files\Java\jdk-15.0.2\bin\VCRUNTIME140.dll
0x00007ffe4fc60000 - 0x00007ffe4fc78000 	C:\Program Files\Java\jdk-15.0.2\bin\jli.dll
0x00007ffe611a0000 - 0x00007ffe6124e000 	C:\WINDOWS\System32\ADVAPI32.dll
0x00007ffe5ff30000 - 0x00007ffe5ffce000 	C:\WINDOWS\System32\msvcrt.dll
0x00007ffe60d50000 - 0x00007ffe60dec000 	C:\WINDOWS\System32\sechost.dll
0x00007ffe603b0000 - 0x00007ffe604d6000 	C:\WINDOWS\System32\RPCRT4.dll
0x00007ffe60df0000 - 0x00007ffe60f8d000 	C:\WINDOWS\System32\USER32.dll
0x00007ffe4e3b0000 - 0x00007ffe4e64a000 	C:\WINDOWS\WinSxS\amd64_microsoft.windows.common-controls_6595b64144ccf1df_6.0.19041.1110_none_60b5254171f9507e\COMCTL32.dll
0x00007ffe5ede0000 - 0x00007ffe5ee02000 	C:\WINDOWS\System32\win32u.dll
0x00007ffe60c70000 - 0x00007ffe60c9b000 	C:\WINDOWS\System32\GDI32.dll
0x00007ffe5f440000 - 0x00007ffe5f550000 	C:\WINDOWS\System32\gdi32full.dll
0x00007ffe5ed40000 - 0x00007ffe5eddd000 	C:\WINDOWS\System32\msvcp_win.dll
0x00007ffe52bc0000 - 0x00007ffe52bca000 	C:\WINDOWS\SYSTEM32\VERSION.dll
0x00007ffe604e0000 - 0x00007ffe60510000 	C:\WINDOWS\System32\IMM32.DLL
0x00007ffe511d0000 - 0x00007ffe511dc000 	C:\Program Files\Java\jdk-15.0.2\bin\vcruntime140_1.dll
0x00007ffe47500000 - 0x00007ffe47591000 	C:\Program Files\Java\jdk-15.0.2\bin\msvcp140.dll
0x00007ffe383b0000 - 0x00007ffe38f0e000 	C:\Program Files\Java\jdk-15.0.2\bin\server\jvm.dll
0x00007ffe5fec0000 - 0x00007ffe5fec8000 	C:\WINDOWS\System32\PSAPI.DLL
0x00007ffe4a880000 - 0x00007ffe4a8a7000 	C:\WINDOWS\SYSTEM32\WINMM.dll
0x00007ffe580c0000 - 0x00007ffe580c9000 	C:\WINDOWS\SYSTEM32\WSOCK32.dll
0x00007ffe61460000 - 0x00007ffe614cb000 	C:\WINDOWS\System32\ws2_32.DLL
0x00007ffe5cc20000 - 0x00007ffe5cc32000 	C:\WINDOWS\SYSTEM32\kernel.appcore.dll
0x00007ffe50680000 - 0x00007ffe5068a000 	C:\Program Files\Java\jdk-15.0.2\bin\jimage.dll
0x00007ffe4d820000 - 0x00007ffe4da04000 	C:\WINDOWS\SYSTEM32\DBGHELP.DLL
0x00007ffe4d7a0000 - 0x00007ffe4d7d4000 	C:\WINDOWS\SYSTEM32\dbgcore.DLL
0x00007ffe5f600000 - 0x00007ffe5f682000 	C:\WINDOWS\System32\bcryptPrimitives.dll
0x00007ffe475c0000 - 0x00007ffe475e5000 	C:\Program Files\Java\jdk-15.0.2\bin\java.dll
0x00007ffe60520000 - 0x00007ffe60c64000 	C:\WINDOWS\System32\SHELL32.dll
0x00007ffe5ce20000 - 0x00007ffe5d5b3000 	C:\WINDOWS\SYSTEM32\windows.storage.dll
0x00007ffe5ffd0000 - 0x00007ffe60324000 	C:\WINDOWS\System32\combase.dll
0x00007ffe5e6c0000 - 0x00007ffe5e6ee000 	C:\WINDOWS\SYSTEM32\Wldp.dll
0x00007ffe5fc50000 - 0x00007ffe5fcfd000 	C:\WINDOWS\System32\SHCORE.dll
0x00007ffe5fb00000 - 0x00007ffe5fb55000 	C:\WINDOWS\System32\shlwapi.dll
0x00007ffe5ec80000 - 0x00007ffe5ec9f000 	C:\WINDOWS\SYSTEM32\profapi.dll
0x00007ffe50000000 - 0x00007ffe50019000 	C:\Program Files\Java\jdk-15.0.2\bin\net.dll
0x00007ffe53af0000 - 0x00007ffe53bfa000 	C:\WINDOWS\SYSTEM32\WINHTTP.dll
0x00007ffe5e420000 - 0x00007ffe5e48a000 	C:\WINDOWS\system32\mswsock.dll
0x00007ffe4ff70000 - 0x00007ffe4ff82000 	C:\Program Files\Java\jdk-15.0.2\bin\nio.dll
0x00007ffe475a0000 - 0x00007ffe475b8000 	C:\Program Files\Java\jdk-15.0.2\bin\zip.dll
0x00007ffe3a350000 - 0x00007ffe3a4d0000 	C:\Program Files\Java\jdk-15.0.2\bin\awt.dll
0x00007ffe5fdf0000 - 0x00007ffe5febd000 	C:\WINDOWS\System32\OLEAUT32.dll
0x00007ffe5c490000 - 0x00007ffe5c520000 	C:\WINDOWS\SYSTEM32\apphelp.dll
0x00007ffe5c750000 - 0x00007ffe5c7ee000 	C:\WINDOWS\system32\uxtheme.dll
0x00007ffe4fb60000 - 0x00007ffe4fb8e000 	C:\Program Files\uvnc bvba\UltraVNC\schook64.dll
0x00007ffe614d0000 - 0x00007ffe615e4000 	C:\WINDOWS\System32\MSCTF.dll
0x00007ffe60f90000 - 0x00007ffe610ba000 	C:\WINDOWS\System32\ole32.dll
0x00007ffe5ca40000 - 0x00007ffe5ca6f000 	C:\WINDOWS\system32\DWMAPI.DLL
0x00007ffe2fbb0000 - 0x00007ffe2fc60000 	C:\WINDOWS\WinSxS\amd64_microsoft.windows.common-controls_6595b64144ccf1df_5.82.19041.1110_none_792d1c772443f647\comctl32.dll
0x00007ffe43430000 - 0x00007ffe434b5000 	C:\Program Files\Java\jdk-15.0.2\bin\freetype.dll
0x00007ffe3d060000 - 0x00007ffe3d109000 	C:\Program Files\Java\jdk-15.0.2\bin\fontmanager.dll
0x00007ffe48d60000 - 0x00007ffe48e85000 	C:\WINDOWS\system32\opengl32.dll
0x00007ffe49cb0000 - 0x00007ffe49cdc000 	C:\WINDOWS\SYSTEM32\GLU32.dll
0x00007ffe60ca0000 - 0x00007ffe60d49000 	C:\WINDOWS\System32\clbcatq.dll
0x00007ffe5a8d0000 - 0x00007ffe5a9c6000 	C:\WINDOWS\SYSTEM32\PROPSYS.dll
0x00007ffe50190000 - 0x00007ffe501a7000 	C:\WINDOWS\system32\NetworkExplorer.dll
0x00007ffe5ee10000 - 0x00007ffe5ee5e000 	C:\WINDOWS\System32\CFGMGR32.dll
0x00007ffe4be40000 - 0x00007ffe4be5d000 	C:\WINDOWS\SYSTEM32\MPR.dll
0x00007ffe30a80000 - 0x00007ffe30a8b000 	C:\WINDOWS\System32\drprov.dll
0x00007ffe5e850000 - 0x00007ffe5e8b4000 	C:\WINDOWS\System32\WINSTA.dll
0x00007ffe30a60000 - 0x00007ffe30a7f000 	C:\WINDOWS\System32\ntlanman.dll
0x00007ffe30a40000 - 0x00007ffe30a5e000 	C:\WINDOWS\System32\davclnt.dll
0x00007ffe30a30000 - 0x00007ffe30a3d000 	C:\WINDOWS\System32\DAVHLPR.dll
0x00007ffe5dea0000 - 0x00007ffe5deb9000 	C:\WINDOWS\System32\wkscli.dll
0x00007ffe4e850000 - 0x00007ffe4e862000 	C:\WINDOWS\SYSTEM32\cscapi.dll
0x00007ffe5e220000 - 0x00007ffe5e22c000 	C:\WINDOWS\System32\netutils.dll
0x00007ffe500d0000 - 0x00007ffe50126000 	C:\Windows\System32\dlnashext.dll
0x00007ffe448f0000 - 0x00007ffe44954000 	C:\Windows\System32\PlayToDevice.dll
0x00007ffe4ff50000 - 0x00007ffe4ff70000 	C:\Windows\System32\DevDispItemProvider.dll
0x00007ffe58d80000 - 0x00007ffe58e05000 	C:\WINDOWS\System32\MMDevApi.dll
0x00007ffe5ea80000 - 0x00007ffe5eaac000 	C:\WINDOWS\System32\DEVOBJ.dll
0x00007ffe5e110000 - 0x00007ffe5e14c000 	C:\Windows\System32\IPHLPAPI.DLL
0x00007ffe5fd00000 - 0x00007ffe5fd08000 	C:\WINDOWS\System32\NSI.dll
0x00007ffe562b0000 - 0x00007ffe562c7000 	C:\WINDOWS\SYSTEM32\dhcpcsvc6.DLL
0x00007ffe57740000 - 0x00007ffe5775d000 	C:\WINDOWS\SYSTEM32\dhcpcsvc.DLL
0x00007ffe5e150000 - 0x00007ffe5e21b000 	C:\WINDOWS\SYSTEM32\DNSAPI.dll
0x00007ffe58a60000 - 0x00007ffe58a6b000 	C:\WINDOWS\SYSTEM32\WINNSI.DLL
0x00007ffe5a440000 - 0x00007ffe5a47e000 	C:\WINDOWS\System32\netprofm.dll
0x00007ffe580b0000 - 0x00007ffe580c0000 	C:\WINDOWS\System32\npmproxy.dll
0x00007ffe3d430000 - 0x00007ffe3d4d1000 	C:\WINDOWS\system32\wpdshext.dll
0x00007ffe2ff40000 - 0x00007ffe300e5000 	C:\WINDOWS\WinSxS\amd64_microsoft.windows.gdiplus_6595b64144ccf1df_1.1.19041.2251_none_91a40448cc8846c1\gdiplus.dll
0x00007ffe59630000 - 0x00007ffe596d3000 	C:\Windows\System32\PortableDeviceApi.dll
0x00007ffe5f690000 - 0x00007ffe5faf8000 	C:\WINDOWS\System32\SETUPAPI.dll
0x00007ffe5f140000 - 0x00007ffe5f167000 	C:\WINDOWS\System32\bcrypt.dll
0x00007ffe5f3d0000 - 0x00007ffe5f437000 	C:\WINDOWS\System32\WINTRUST.dll
0x00007ffe5f170000 - 0x00007ffe5f2c6000 	C:\WINDOWS\System32\CRYPT32.dll
0x00007ffe5e8c0000 - 0x00007ffe5e8d2000 	C:\WINDOWS\System32\MSASN1.dll
0x00007ffe44860000 - 0x00007ffe44897000 	C:\Windows\System32\EhStorShell.dll
0x00007ffe4faa0000 - 0x00007ffe4fac6000 	C:\Windows\System32\EhStorAPI.dll
0x00007ffe5c0f0000 - 0x00007ffe5c104000 	C:\Windows\System32\WTSAPI32.dll
0x00007ffe47990000 - 0x00007ffe4799d000 	C:\WINDOWS\SYSTEM32\LINKINFO.dll
0x00007ffe50670000 - 0x00007ffe50680000 	C:\Program Files\Java\jdk-15.0.2\bin\verify.dll
0x00007ffe474f0000 - 0x00007ffe474fd000 	C:\Program Files\Java\jdk-15.0.2\bin\sunmscapi.dll
0x00007ffe5e730000 - 0x00007ffe5e758000 	C:\WINDOWS\SYSTEM32\ncrypt.dll
0x00007ffe5e6f0000 - 0x00007ffe5e72b000 	C:\WINDOWS\SYSTEM32\NTASN1.dll
0x00007ffe596e0000 - 0x00007ffe59894000 	C:\WINDOWS\SYSTEM32\WindowsCodecs.dll
0x00007ffe45c30000 - 0x00007ffe45c6e000 	C:\WINDOWS\system32\dataexchange.dll
0x00007ffe5b7f0000 - 0x00007ffe5b9d3000 	C:\WINDOWS\system32\dcomp.dll
0x00007ffe5af90000 - 0x00007ffe5b1f3000 	C:\WINDOWS\system32\d3d11.dll
0x00007ffe5d600000 - 0x00007ffe5d6f3000 	C:\WINDOWS\system32\dxgi.dll
0x00007ffe59930000 - 0x00007ffe59b30000 	C:\WINDOWS\system32\twinapi.appcore.dll
0x0000018128900000 - 0x0000018128903000 	C:\Program Files\Java\jdk-15.0.2\bin\api-ms-win-core-console-l1-1-0.dll
0x0000018128910000 - 0x0000018128913000 	C:\Program Files\Java\jdk-15.0.2\bin\api-ms-win-core-datetime-l1-1-0.dll
0x0000018128920000 - 0x0000018128923000 	C:\Program Files\Java\jdk-15.0.2\bin\api-ms-win-core-debug-l1-1-0.dll
0x0000018128930000 - 0x0000018128933000 	C:\Program Files\Java\jdk-15.0.2\bin\api-ms-win-core-errorhandling-l1-1-0.dll
0x0000018128940000 - 0x0000018128944000 	C:\Program Files\Java\jdk-15.0.2\bin\api-ms-win-core-file-l1-1-0.dll
0x0000018128950000 - 0x0000018128953000 	C:\Program Files\Java\jdk-15.0.2\bin\api-ms-win-core-file-l1-2-0.dll
0x0000018128960000 - 0x0000018128963000 	C:\Program Files\Java\jdk-15.0.2\bin\api-ms-win-core-file-l2-1-0.dll
0x0000018128970000 - 0x0000018128973000 	C:\Program Files\Java\jdk-15.0.2\bin\api-ms-win-core-handle-l1-1-0.dll
0x0000018128980000 - 0x0000018128983000 	C:\Program Files\Java\jdk-15.0.2\bin\api-ms-win-core-heap-l1-1-0.dll
0x0000018128990000 - 0x0000018128993000 	C:\Program Files\Java\jdk-15.0.2\bin\api-ms-win-core-interlocked-l1-1-0.dll
0x00000181289a0000 - 0x00000181289a3000 	C:\Program Files\Java\jdk-15.0.2\bin\api-ms-win-core-libraryloader-l1-1-0.dll
0x00000181289b0000 - 0x00000181289b3000 	C:\Program Files\Java\jdk-15.0.2\bin\api-ms-win-core-localization-l1-2-0.dll
0x00000181289c0000 - 0x00000181289c3000 	C:\Program Files\Java\jdk-15.0.2\bin\api-ms-win-core-memory-l1-1-0.dll
0x00000181289d0000 - 0x00000181289d3000 	C:\Program Files\Java\jdk-15.0.2\bin\api-ms-win-core-namedpipe-l1-1-0.dll
0x00000181289e0000 - 0x00000181289e3000 	C:\Program Files\Java\jdk-15.0.2\bin\api-ms-win-core-processenvironment-l1-1-0.dll
0x00000181289f0000 - 0x00000181289f3000 	C:\Program Files\Java\jdk-15.0.2\bin\api-ms-win-core-processthreads-l1-1-0.dll
0x0000018128a00000 - 0x0000018128a03000 	C:\Program Files\Java\jdk-15.0.2\bin\api-ms-win-core-processthreads-l1-1-1.dll
0x000001812a990000 - 0x000001812a993000 	C:\Program Files\Java\jdk-15.0.2\bin\api-ms-win-core-profile-l1-1-0.dll
0x000001812a9a0000 - 0x000001812a9a3000 	C:\Program Files\Java\jdk-15.0.2\bin\api-ms-win-core-rtlsupport-l1-1-0.dll
0x000001812a9b0000 - 0x000001812a9b3000 	C:\Program Files\Java\jdk-15.0.2\bin\api-ms-win-core-string-l1-1-0.dll
0x000001812a9c0000 - 0x000001812a9c3000 	C:\Program Files\Java\jdk-15.0.2\bin\api-ms-win-core-synch-l1-1-0.dll
0x000001812a9d0000 - 0x000001812a9d3000 	C:\Program Files\Java\jdk-15.0.2\bin\api-ms-win-core-synch-l1-2-0.dll
0x000001812a9e0000 - 0x000001812a9e3000 	C:\Program Files\Java\jdk-15.0.2\bin\api-ms-win-core-sysinfo-l1-1-0.dll

dbghelp: loaded successfully - version: 4.0.5 - missing functions: none
symbol engine: initialized successfully - sym options: 0x614 - pdb path: .;C:\Program Files\Java\jdk-15.0.2\bin;C:\WINDOWS\SYSTEM32;C:\WINDOWS\WinSxS\amd64_microsoft.windows.common-controls_6595b64144ccf1df_6.0.19041.1110_none_60b5254171f9507e;C:\Program Files\Java\jdk-15.0.2\bin\server;C:\Program Files\uvnc bvba\UltraVNC;C:\WINDOWS\WinSxS\amd64_microsoft.windows.common-controls_6595b64144ccf1df_5.82.19041.1110_none_792d1c772443f647;C:\WINDOWS\WinSxS\amd64_microsoft.windows.gdiplus_6595b64144ccf1df_1.1.19041.2251_none_91a40448cc8846c1;C:\Program Files\BellSoft\LibericaJDK-13-Full\bin

VM Arguments:
jvm_args: -Dfile.encoding=UTF-8 
java_command: simrskhanza.SIMRSKhanza
java_class_path (initial): E:\Sofware SIMRSKhanza\KhanzaHMSWindows\lib\calendar-src.jar;E:\Sofware SIMRSKhanza\KhanzaHMSWindows\lib\calendar-doc.jar;E:\Sofware SIMRSKhanza\KhanzaHMSWindows\lib\calendar.jar;E:\Sofware SIMRSKhanza\KhanzaHMSWindows\lib\jcalendar-1.4.jar;E:\Sofware SIMRSKhanza\KhanzaHMSWindows\lib\ant-1.7.1.jar;E:\Sofware SIMRSKhanza\KhanzaHMSWindows\lib\apache-httpcomponents-httpclient.jar;E:\Sofware SIMRSKhanza\KhanzaHMSWindows\lib\appframework-1.0.3.jar;E:\Sofware SIMRSKhanza\KhanzaHMSWindows\lib\barbecue-1.5-beta1.jar;E:\Sofware SIMRSKhanza\KhanzaHMSWindows\lib\batik-dom.jar;E:\Sofware SIMRSKhanza\KhanzaHMSWindows\lib\groovy-all-2.4.7.jar;E:\Sofware SIMRSKhanza\KhanzaHMSWindows\lib\bcel-5.2.jar;E:\Sofware SIMRSKhanza\KhanzaHMSWindows\lib\poi-4.1.0.jar;E:\Sofware SIMRSKhanza\KhanzaHMSWindows\lib\beansbinding-1.2.1.jar;E:\Sofware SIMRSKhanza\KhanzaHMSWindows\lib\bsh-2.0b4.jar;E:\Sofware SIMRSKhanza\KhanzaHMSWindows\lib\com-jaspersoft-ireport.jar;E:\Sofware SIMRSKhanza\KhanzaHMSWindows\lib\com.fasterxml.jackson.core.jar;E:\Sofware SIMRSKhanza\KhanzaHMSWindows\lib\comm.jar;E:\Sofware SIMRSKhanza\KhanzaHMSWindows\lib\common-javaFX-plugin.jar;E:\Sofware SIMRSKhanza\KhanzaHMSWindows\lib\commons-codec-1.10.jar;E:\Sofware SIMRSKhanza\KhanzaHMSWindows\lib\commons-javaflow-20060411.jar;E:\Sofware SIMRSKhanza\KhanzaHMSWindows\lib\commons-logging-1.2.jar;E:\Sofware SIMRSKhanza\KhanzaHMSWindows\lib\fluent-hc-4.5.1.jar;E:\Sofware SIMRSKhanza\KhanzaHMSWindows\lib\fontbox-2.0.13.jar;E:\Sofware SIMRSKhanza\KhanzaHMSWindows\lib\gson-2.2.2.jar;E:\Sofware SIMRSKhanza\KhanzaHMSWindows\lib\hsqldb-1.8.0-10.jar;E:\Sofware SIMRSKhanza\KhanzaHMSWindows\lib\httpclient-4.5.1.jar;E:\Sofware SIMRSKhanza\KhanzaHMSWindows\lib\httpclient-cache-4.5.1.jar;E:\Sofware SIMRSKhanza\KhanzaHMSWindows\lib\httpclient-win-4.5.1.jar;E:\Sofware SIMRSKhanza\KhanzaHMSWindows\lib\httpcore-4.4.3.jar;E:\Sofware SIMRSKhanza\KhanzaHMSWindows\lib\httpmime-4.5.1.jar;E:\Sofware SIMRSKhanza\KhanzaHMSWind
Launcher Type: SUN_STANDARD

[Global flags]
     intx CICompilerCount                          = 3                                         {product} {ergonomic}
     uint ConcGCThreads                            = 1                                         {product} {ergonomic}
     uint G1ConcRefinementThreads                  = 4                                         {product} {ergonomic}
   size_t G1HeapRegionSize                         = 1048576                                   {product} {ergonomic}
    uintx GCDrainStackTargetSize                   = 64                                        {product} {ergonomic}
   size_t InitialHeapSize                          = 67108864                                  {product} {ergonomic}
   size_t MarkStackSize                            = 4194304                                   {product} {ergonomic}
   size_t MaxHeapSize                              = 1048576000                                {product} {ergonomic}
   size_t MaxNewSize                               = 629145600                                 {product} {ergonomic}
   size_t MinHeapDeltaBytes                        = 1048576                                   {product} {ergonomic}
   size_t MinHeapSize                              = 8388608                                   {product} {ergonomic}
    uintx NonNMethodCodeHeapSize                   = 5832780                                {pd product} {ergonomic}
    uintx NonProfiledCodeHeapSize                  = 122912730                              {pd product} {ergonomic}
    uintx ProfiledCodeHeapSize                     = 122912730                              {pd product} {ergonomic}
    uintx ReservedCodeCacheSize                    = 251658240                              {pd product} {ergonomic}
     bool SegmentedCodeCache                       = true                                      {product} {ergonomic}
   size_t SoftMaxHeapSize                          = 1048576000                             {manageable} {ergonomic}
     bool UseCompressedClassPointers               = true                                 {lp64_product} {ergonomic}
     bool UseCompressedOops                        = true                                 {lp64_product} {ergonomic}
     bool UseG1GC                                  = true                                      {product} {ergonomic}
     bool UseLargePagesIndividualAllocation        = false                                  {pd product} {ergonomic}

Logging:
Log output configuration:
 #0: stdout all=warning uptime,level,tags
 #1: stderr all=off uptime,level,tags

Environment Variables:
JAVA_HOME=C:\Program Files\BellSoft\LibericaJDK-13-Full\
PATH=C:\Program Files\BellSoft\LibericaJDK-13-Full\bin\;C:\Program Files\Common Files\Oracle\Java\javapath;C:\WINDOWS\system32;C:\WINDOWS;C:\WINDOWS\System32\Wbem;C:\WINDOWS\System32\WindowsPowerShell\v1.0\;C:\WINDOWS\System32\OpenSSH\;C:\Program Files\nodejs\;C:\Windows\Microsoft.NET\Framework\v4.0.30319;C:\Program Files (x86)\Appeon\PowerBuilder 19.0;C:\Program Files (x86)\Appeon\PowerBuilderCompiler 19.0;C:\xampp\php;C:\composer;C:\Program Files (x86)\Microsoft SQL Server\150\DTS\Binn\;C:\Program Files\Azure Data Studio\bin;C:\Program Files\Git\cmd;C:\Users\User\AppData\Local\Microsoft\WindowsApps;C:\Users\User\AppData\Roaming\npm;C:\Users\User\AppData\Roaming\Composer\vendor\bin;C:\Program Files\Azure Data Studio\bin;C:\Users\User\AppData\Local\Programs\Microsoft VS Code\bin;C:\Program Files\Tesseract-OCR;
USERNAME=User
OS=Windows_NT
PROCESSOR_IDENTIFIER=Intel64 Family 6 Model 60 Stepping 3, GenuineIntel



---------------  S Y S T E M  ---------------

OS:
 Windows 10 , 64 bit Build 19041 (10.0.19041.2788)
OS uptime: 0 days 1:33 hours

CPU: total 4 (initial active 4) (2 cores per cpu, 2 threads per core) family 6 model 60 stepping 3 microcode 0x27, cmov, cx8, fxsr, mmx, sse, sse2, sse3, ssse3, sse4.1, sse4.2, popcnt, vzeroupper, avx, avx2, aes, clmul, erms, lzcnt, ht, tsc, tscinvbit, bmi1, bmi2, fma, clflush

Memory: 4k page, system-wide physical 3996M (392M free)
TotalPageFile size 8303M (AvailPageFile size 3048M)
current process WorkingSet (physical memory assigned to process): 321M, peak: 321M
current process commit charge ("private bytes"): 363M, peak: 370M

vm_info: Java HotSpot(TM) 64-Bit Server VM (15.0.2+7-27) for windows-amd64 JRE (15.0.2+7-27), built on Dec  7 2020 20:07:01 by "mach5one" with unknown MS VC++:1925

END.
