#
# A fatal error has been detected by the Java Runtime Environment:
#
#  EXCEPTION_ACCESS_VIOLATION (0xc0000005) at pc=0x00007ffe3beca3d1, pid=11980, tid=5544
#
# JRE version: Java(TM) SE Runtime Environment (15.0.2+7) (build 15.0.2+7-27)
# Java VM: Java HotSpot(TM) 64-Bit Server VM (15.0.2+7-27, mixed mode, sharing, tiered, compressed oops, g1 gc, windows-amd64)
# Problematic frame:
# V  [jvm.dll+0x3aa3d1]
#
# No core dump will be written. Minidumps are not enabled by default on client versions of Windows
#
# If you would like to submit a bug report, please visit:
#   https://bugreport.java.com/bugreport/crash.jsp
#

---------------  S U M M A R Y ------------

Command Line: -Dfile.encoding=UTF-8 simrskhanza.SIMRSKhanza

Host: Intel(R) Core(TM) i3-4170 CPU @ 3.70GHz, 4 cores, 3G,  Windows 10 , 64 bit Build 19041 (10.0.19041.2788)
Time: Thu Jul  6 10:47:16 2023 SE Asia Standard Time elapsed time: 126.477873 seconds (0d 0h 2m 6s)

---------------  T H R E A D  ---------------

Current thread (0x000002c2edda4a10):  JavaThread "JavaFX Application Thread" [_thread_in_vm, id=5544, stack(0x000000d3b9800000,0x000000d3b9900000)]

Stack: [0x000000d3b9800000,0x000000d3b9900000],  sp=0x000000d3b98fde00,  free space=1015k
Native frames: (J=compiled Java code, j=interpreted, Vv=VM code, C=native code)
V  [jvm.dll+0x3aa3d1]
C  0x00007ffe0352feac

Java frames: (J=compiled Java code, j=interpreted, Vv=VM code)
j  com.sun.webkit.WebPage.twkCreatePage(Z)J+0
j  com.sun.webkit.WebPage.<init>(Lcom/sun/webkit/WebPageClient;Lcom/sun/webkit/UIClient;Lcom/sun/webkit/PolicyClient;Lcom/sun/webkit/InspectorClient;Lcom/sun/webkit/ThemeClient;Z)V+177
j  javafx.scene.web.WebEngine.<init>(Ljava/lang/String;Z)V+270
j  javafx.scene.web.WebEngine.<init>()V+3
j  javafx.scene.web.WebView.<init>()V+60
j  bridging.INACBGHybrid$3.run()V+4
j  com.sun.javafx.application.PlatformImpl.lambda$runLater$10(Ljava/lang/Runnable;)Ljava/lang/Void;+1
j  com.sun.javafx.application.PlatformImpl$$Lambda$261+0x000000080105f0a0.run()Ljava/lang/Object;+4
J 5508 c2 java.security.AccessController.doPrivileged(Ljava/security/PrivilegedAction;Ljava/security/AccessControlContext;)Ljava/lang/Object; java.base@15.0.2 (17 bytes) @ 0x000002c2dfb137f8 [0x000002c2dfb137a0+0x0000000000000058]
j  com.sun.javafx.application.PlatformImpl.lambda$runLater$11(Ljava/lang/Runnable;Ljava/security/AccessControlContext;)V+7
j  com.sun.javafx.application.PlatformImpl$$Lambda$260+0x000000080105ec50.run()V+8
j  com.sun.glass.ui.InvokeLaterDispatcher$Future.run()V+4
v  ~StubRoutines::call_stub
j  com.sun.glass.ui.win.WinApplication._runLoop(Ljava/lang/Runnable;)V+0
j  com.sun.glass.ui.win.WinApplication.lambda$runLoop$3(ILjava/lang/Runnable;)V+8
j  com.sun.glass.ui.win.WinApplication$$Lambda$247+0x00000008010316c0.run()V+12
j  java.lang.Thread.run()V+11 java.base@15.0.2
v  ~StubRoutines::call_stub

siginfo: EXCEPTION_ACCESS_VIOLATION (0xc0000005), reading address 0x0000000000000000


Register to memory mapping:

RIP=0x00007ffe3beca3d1 jvm.dll
RAX=0x0 is NULL
RBX=0x000002c2edda4a10 is a thread
RCX=0x3480f904c41e0000 is an unknown value
RDX=0x000002c2ed1ac8c8 is a global jni handle
RSP=0x000000d3b98fde00 is pointing into the stack for thread: 0x000002c2edda4a10
RBP=0x000000d3b98fdef8 is pointing into the stack for thread: 0x000002c2edda4a10
RSI=0x000002c2edda4d38 points into unknown readable memory: 0x00007ffe3c51de40 | 40 de 51 3c fe 7f 00 00
RDI=0x000002c2ed1ac8c8 is a global jni handle
R8 =0x0 is NULL
R9 =0x000000d3b98fdef8 is pointing into the stack for thread: 0x000002c2edda4a10
R10=0x000000000000003a is an unknown value
R11=0x000000d3b98fddf8 is pointing into the stack for thread: 0x000002c2edda4a10
R12=0x0 is NULL
R13=
[error occurred during error reporting (printing register info), id 0xc0000005, EXCEPTION_ACCESS_VIOLATION (0xc0000005) at pc=0x00007ffe3bdc8322]

Registers:
RAX=0x0000000000000000, RBX=0x000002c2edda4a10, RCX=0x3480f904c41e0000, RDX=0x000002c2ed1ac8c8
RSP=0x000000d3b98fde00, RBP=0x000000d3b98fdef8, RSI=0x000002c2edda4d38, RDI=0x000002c2ed1ac8c8
R8 =0x0000000000000000, R9 =0x000000d3b98fdef8, R10=0x000000000000003a, R11=0x000000d3b98fddf8
R12=0x0000000000000000, R13=0x00000000ffffffff, R14=0x0000000000000000, R15=0x0000000000000000
RIP=0x00007ffe3beca3d1, EFLAGS=0x0000000000010206

Top of Stack: (sp=0x000000d3b98fde00)
0x000000d3b98fde00:   000002c2edda4a10 000002c2edda4d38
0x000000d3b98fde10:   0000000000000000 00007ffe5f2e2690
0x000000d3b98fde20:   0000000000000000 00007ffe06a65e30
0x000000d3b98fde30:   00003453408b188e 000000d3b98fde90
0x000000d3b98fde40:   0000000000000000 000002c2ed1ac8c8
0x000000d3b98fde50:   000002c2edda4a10 000002c2f16550a0
0x000000d3b98fde60:   000002c200000493 00007ffe3c3baaa0
0x000000d3b98fde70:   000002c2edda4a10 00007ffe3bec266a
0x000000d3b98fde80:   00007ffe04ea1a90 00007ffe04bf0cd0
0x000000d3b98fde90:   000002c200000002 00007ffe00000002
0x000000d3b98fdea0:   000002c2edc0bcf0 00007ffe0352feac
0x000000d3b98fdeb0:   000002c2ed1215fc 0000000000000000
0x000000d3b98fdec0:   00007ffe06a65e30 000002c2edda4d38
0x000000d3b98fded0:   000002c2edda4d38 00007ffe049e4a8d
0x000000d3b98fdee0:   000002c2ed1215fc 0000000000000000
0x000000d3b98fdef0:   0000000000000000 000000000000001c 

Instructions: (pc=0x00007ffe3beca3d1)
0x00007ffe3beca2d1:   00 00 48 8b bc 24 c0 00 00 00 c0 e8 03 a8 01 74
0x00007ffe3beca2e1:   08 48 8b cb e8 a6 29 2e 00 0f 28 c6 c7 83 98 03
0x00007ffe3beca2f1:   00 00 04 00 00 00 0f 28 b4 24 b0 00 00 00 48 81
0x00007ffe3beca301:   c4 d0 00 00 00 5b c3 cc cc cc cc cc cc cc cc 48
0x00007ffe3beca311:   89 5c 24 08 48 89 6c 24 10 48 89 74 24 18 48 89
0x00007ffe3beca321:   7c 24 20 41 56 48 81 ec a0 00 00 00 8b 81 88 00
0x00007ffe3beca331:   00 00 48 8d 99 d8 fc ff ff 05 55 21 ff ff 49 8b
0x00007ffe3beca341:   e9 4d 8b f0 48 8b fa 48 8b f1 83 f8 01 76 0a 48
0x00007ffe3beca351:   8b cb e8 28 33 39 00 33 db c7 83 98 03 00 00 05
0x00007ffe3beca361:   00 00 00 e8 c7 26 27 00 48 8b 03 48 8b cb ff 50
0x00007ffe3beca371:   38 84 c0 74 0e 48 8b 83 10 01 00 00 c0 e8 03 24
0x00007ffe3beca381:   01 eb 0b 8b 05 86 23 6f 00 85 c0 0f 95 c0 84 c0
0x00007ffe3beca391:   75 0d 8b 83 e0 00 00 00 a9 04 00 00 20 74 08 48
0x00007ffe3beca3a1:   8b cb e8 58 39 39 00 c7 83 98 03 00 00 06 00 00
0x00007ffe3beca3b1:   00 48 83 7b 08 00 48 89 5c 24 50 48 c7 44 24 58
0x00007ffe3beca3c1:   00 00 00 00 74 0a 48 8d 4c 24 50 e8 1f c5 2a 00
0x00007ffe3beca3d1:   49 8b 16 48 8d 4c 24 70 c7 44 24 40 04 00 00 00
0x00007ffe3beca3e1:   e8 ea cf 00 00 48 89 ac 24 98 00 00 00 48 8d 05
0x00007ffe3beca3f1:   33 07 4f 00 48 89 44 24 70 40 f6 c7 01 74 0c 48
0x00007ffe3beca401:   8d 4f ff ff 15 9e 13 65 00 eb 09 48 8b cf ff 15
0x00007ffe3beca411:   f3 9b 64 00 8b 15 85 9c 6d 00 48 8b c8 e8 ed d0
0x00007ffe3beca421:   26 00 48 8b d3 48 8b c8 4c 8b 00 41 ff 90 b0 00
0x00007ffe3beca431:   00 00 48 83 7b 08 00 75 35 48 8d 44 24 70 48 89
0x00007ffe3beca441:   5c 24 30 48 89 44 24 28 48 8d 54 24 40 45 33 c9
0x00007ffe3beca451:   4c 89 74 24 20 45 33 c0 48 8b ce e8 3f e4 00 00
0x00007ffe3beca461:   48 83 7b 08 00 75 07 0f b6 74 24 48 eb 03 40 32
0x00007ffe3beca471:   f6 48 83 7c 24 58 00 74 0a 48 8d 4c 24 50 e8 0c
0x00007ffe3beca481:   c5 2a 00 48 8b bb f8 00 00 00 48 8b 4f 10 48 83
0x00007ffe3beca491:   39 00 74 0c 48 8b cf e8 d3 a0 f6 ff 48 8b 4f 10
0x00007ffe3beca4a1:   48 8b 47 08 48 89 48 10 48 8b 4f 08 48 8b 47 18
0x00007ffe3beca4b1:   48 89 41 18 48 8b 4f 08 48 8b 47 20 48 89 41 20
0x00007ffe3beca4c1:   c7 83 98 03 00 00 07 00 00 00 e8 60 25 27 00 48 


Stack slot to memory mapping:
stack at sp + 0 slots: 0x000002c2edda4a10 is a thread
stack at sp + 1 slots: 0x000002c2edda4d38 points into unknown readable memory: 0x00007ffe3c51de40 | 40 de 51 3c fe 7f 00 00
stack at sp + 2 slots: 0x0 is NULL
stack at sp + 3 slots: 0x00007ffe5f2e2690 ucrtbase.dll
stack at sp + 4 slots: 0x0 is NULL
stack at sp + 5 slots: 0x00007ffe06a65e30 points into unknown readable memory: 0x00007ffe06ab6268 | 68 62 ab 06 fe 7f 00 00
stack at sp + 6 slots: 0x00003453408b188e is an unknown value
stack at sp + 7 slots: 0x000000d3b98fde90 is pointing into the stack for thread: 0x000002c2edda4a10


---------------  P R O C E S S  ---------------

Threads class SMR info:
_java_thread_list=0x000002c2edf70190, length=23, elements={
0x000002c2ebf6f0f0, 0x000002c2ebf70460, 0x000002c2ebf88450, 0x000002c2ebf8ae20,
0x000002c2ebf8c070, 0x000002c2ebf8e6b0, 0x000002c2ebf94f00, 0x000002c2ebf9a920,
0x000002c2ecb00720, 0x000002c2ecb08f20, 0x000002c2ecfadf70, 0x000002c2edb40030,
0x000002c2edb8cfc0, 0x000002c2edb04060, 0x000002c2ed7fb620, 0x000002c2ce40ad30,
0x000002c2ede6d060, 0x000002c2edda19f0, 0x000002c2edda1050, 0x000002c2edda4540,
0x000002c2edda4a10, 0x000002c2edda1520, 0x000002c2edace160
}

Java Threads: ( => current thread )
  0x000002c2ebf6f0f0 JavaThread "Reference Handler" daemon [_thread_blocked, id=6724, stack(0x000000d3b7900000,0x000000d3b7a00000)]
  0x000002c2ebf70460 JavaThread "Finalizer" daemon [_thread_blocked, id=2864, stack(0x000000d3b7a00000,0x000000d3b7b00000)]
  0x000002c2ebf88450 JavaThread "Signal Dispatcher" daemon [_thread_blocked, id=10940, stack(0x000000d3b7b00000,0x000000d3b7c00000)]
  0x000002c2ebf8ae20 JavaThread "Attach Listener" daemon [_thread_blocked, id=7224, stack(0x000000d3b7c00000,0x000000d3b7d00000)]
  0x000002c2ebf8c070 JavaThread "Service Thread" daemon [_thread_blocked, id=7104, stack(0x000000d3b7d00000,0x000000d3b7e00000)]
  0x000002c2ebf8e6b0 JavaThread "C2 CompilerThread0" daemon [_thread_blocked, id=5396, stack(0x000000d3b7e00000,0x000000d3b7f00000)]
  0x000002c2ebf94f00 JavaThread "C1 CompilerThread0" daemon [_thread_blocked, id=9424, stack(0x000000d3b7f00000,0x000000d3b8000000)]
  0x000002c2ebf9a920 JavaThread "Sweeper thread" daemon [_thread_blocked, id=1184, stack(0x000000d3b8000000,0x000000d3b8100000)]
  0x000002c2ecb00720 JavaThread "Notification Thread" daemon [_thread_blocked, id=7460, stack(0x000000d3b8100000,0x000000d3b8200000)]
  0x000002c2ecb08f20 JavaThread "Common-Cleaner" daemon [_thread_blocked, id=11728, stack(0x000000d3b8300000,0x000000d3b8400000)]
  0x000002c2ecfadf70 JavaThread "Java2D Disposer" daemon [_thread_blocked, id=8404, stack(0x000000d3b8500000,0x000000d3b8600000)]
  0x000002c2edb40030 JavaThread "AWT-Shutdown" [_thread_blocked, id=7868, stack(0x000000d3b8600000,0x000000d3b8700000)]
  0x000002c2edb8cfc0 JavaThread "AWT-Windows" daemon [_thread_in_native, id=4572, stack(0x000000d3b8700000,0x000000d3b8800000)]
  0x000002c2edb04060 JavaThread "AWT-EventQueue-0" [_thread_blocked, id=10124, stack(0x000000d3b8b00000,0x000000d3b8c00000)]
  0x000002c2ed7fb620 JavaThread "Swing-Shell" daemon [_thread_blocked, id=940, stack(0x000000d3b8c00000,0x000000d3b8d00000)]
  0x000002c2ce40ad30 JavaThread "DestroyJavaVM" [_thread_blocked, id=3248, stack(0x000000d3b7200000,0x000000d3b7300000)]
  0x000002c2ede6d060 JavaThread "Abandoned connection cleanup thread" daemon [_thread_blocked, id=7872, stack(0x000000d3b9300000,0x000000d3b9400000)]
  0x000002c2edda19f0 JavaThread "TimerQueue" daemon [_thread_blocked, id=7556, stack(0x000000d3b9400000,0x000000d3b9500000)]
  0x000002c2edda1050 JavaThread "QuantumRenderer-0" daemon [_thread_blocked, id=9400, stack(0x000000d3b9600000,0x000000d3b9700000)]
  0x000002c2edda4540 JavaThread "InvokeLaterDispatcher" daemon [_thread_blocked, id=12168, stack(0x000000d3b9700000,0x000000d3b9800000)]
=>0x000002c2edda4a10 JavaThread "JavaFX Application Thread" [_thread_in_vm, id=5544, stack(0x000000d3b9800000,0x000000d3b9900000)]
  0x000002c2edda1520 JavaThread "Thread-2" daemon [_thread_in_native, id=2140, stack(0x000000d3b8a00000,0x000000d3b8b00000)]
  0x000002c2edace160 JavaThread "C2 CompilerThread1" daemon [_thread_in_native, id=8220, stack(0x000000d3b6f00000,0x000000d3b7000000)]

Other Threads:
  0x000002c2ebf6ba90 VMThread "VM Thread" [stack: 0x000000d3b7800000,0x000000d3b7900000] [id=7276]
  0x000002c2ecb00bf0 WatcherThread [stack: 0x000000d3b8200000,0x000000d3b8300000] [id=2208]
  0x000002c2ce43bf70 GCTaskThread "GC Thread#0" [stack: 0x000000d3b7300000,0x000000d3b7400000] [id=5020]
  0x000002c2ecaf8fe0 GCTaskThread "GC Thread#1" [stack: 0x000000d3b8400000,0x000000d3b8500000] [id=11568]
  0x000002c2ed6953e0 GCTaskThread "GC Thread#2" [stack: 0x000000d3b8800000,0x000000d3b8900000] [id=11932]
  0x000002c2ed6960a0 GCTaskThread "GC Thread#3" [stack: 0x000000d3b8900000,0x000000d3b8a00000] [id=8100]
  0x000002c2ce444f40 ConcurrentGCThread "G1 Main Marker" [stack: 0x000000d3b7400000,0x000000d3b7500000] [id=5488]
  0x000002c2ce446b40 ConcurrentGCThread "G1 Conc#0" [stack: 0x000000d3b7500000,0x000000d3b7600000] [id=1568]
  0x000002c2ce495e10 ConcurrentGCThread "G1 Refine#0" [stack: 0x000000d3b7600000,0x000000d3b7700000] [id=5424]
  0x000002c2edcc67d0 ConcurrentGCThread "G1 Refine#1" [stack: 0x000000d3b9500000,0x000000d3b9600000] [id=11848]
  0x000002c2ce496a10 ConcurrentGCThread "G1 Young RemSet Sampling" [stack: 0x000000d3b7700000,0x000000d3b7800000] [id=3984]

Threads with active compile tasks:
C2 CompilerThread1   126558 6258       4       sun.awt.SunToolkit::flushPendingEvents (19 bytes)

VM state: not at safepoint (normal execution)

VM Mutex/Monitor currently owned by a thread: None

Heap address: 0x00000000c1800000, size: 1000 MB, Compressed Oops mode: 32-bit
CDS archive(s) mapped at: [0x0000000800000000-0x0000000800b50000-0x0000000800b50000), size 11862016, SharedBaseAddress: 0x0000000800000000, ArchiveRelocationMode: 0.
Compressed class space mapped at: 0x0000000800b50000-0x0000000840b50000, size: 1073741824
Narrow klass base: 0x0000000800000000, Narrow klass shift: 3, Narrow klass range: 0x100000000

GC Precious Log:
 CPUs: 4 total, 4 available
 Memory: 3996M
 Large Page Support: Disabled
 NUMA Support: Disabled
 Compressed Oops: Enabled (32-bit)
 Heap Region Size: 1M
 Heap Min Capacity: 8M
 Heap Initial Capacity: 64M
 Heap Max Capacity: 1000M
 Pre-touch: Disabled
 Parallel Workers: 4
 Concurrent Workers: 1
 Concurrent Refinement Workers: 4
 Periodic GC: Disabled

Heap:
 garbage-first heap   total 152576K, used 112858K [0x00000000c1800000, 0x0000000100000000)
  region size 1024K, 28 young (28672K), 4 survivors (4096K)
 Metaspace       used 44800K, capacity 45083K, committed 45488K, reserved 1089536K
  class space    used 5988K, capacity 6108K, committed 6144K, reserved 1048576K

Heap Regions: E=young(eden), S=young(survivor), O=old, HS=humongous(starts), HC=humongous(continues), CS=collection set, F=free, OA=open archive, CA=closed archive, TAMS=top-at-mark-start (previous, next)
|   0|0x00000000c1800000, 0x00000000c1900000, 0x00000000c1900000|100%| O|  |TAMS 0x00000000c1900000, 0x00000000c1800000| Untracked 
|   1|0x00000000c1900000, 0x00000000c1a00000, 0x00000000c1a00000|100%| O|  |TAMS 0x00000000c1a00000, 0x00000000c1900000| Untracked 
|   2|0x00000000c1a00000, 0x00000000c1b00000, 0x00000000c1b00000|100%| O|  |TAMS 0x00000000c1b00000, 0x00000000c1a00000| Untracked 
|   3|0x00000000c1b00000, 0x00000000c1c00000, 0x00000000c1c00000|100%|HS|  |TAMS 0x00000000c1c00000, 0x00000000c1b00000| Complete 
|   4|0x00000000c1c00000, 0x00000000c1d00000, 0x00000000c1d00000|100%|HS|  |TAMS 0x00000000c1d00000, 0x00000000c1c00000| Complete 
|   5|0x00000000c1d00000, 0x00000000c1e00000, 0x00000000c1e00000|100%|HC|  |TAMS 0x00000000c1e00000, 0x00000000c1d00000| Complete 
|   6|0x00000000c1e00000, 0x00000000c1f00000, 0x00000000c1f00000|100%|HS|  |TAMS 0x00000000c1f00000, 0x00000000c1e00000| Complete 
|   7|0x00000000c1f00000, 0x00000000c2000000, 0x00000000c2000000|100%| O|  |TAMS 0x00000000c2000000, 0x00000000c1f00000| Untracked 
|   8|0x00000000c2000000, 0x00000000c2100000, 0x00000000c2100000|100%| O|  |TAMS 0x00000000c2100000, 0x00000000c2000000| Untracked 
|   9|0x00000000c2100000, 0x00000000c2200000, 0x00000000c2200000|100%| O|  |TAMS 0x00000000c2200000, 0x00000000c2100000| Untracked 
|  10|0x00000000c2200000, 0x00000000c2300000, 0x00000000c2300000|100%| O|  |TAMS 0x00000000c2300000, 0x00000000c2200000| Untracked 
|  11|0x00000000c2300000, 0x00000000c2400000, 0x00000000c2400000|100%| O|  |TAMS 0x00000000c2400000, 0x00000000c2300000| Untracked 
|  12|0x00000000c2400000, 0x00000000c2500000, 0x00000000c2500000|100%| O|  |TAMS 0x00000000c2500000, 0x00000000c2400000| Untracked 
|  13|0x00000000c2500000, 0x00000000c2600000, 0x00000000c2600000|100%| O|  |TAMS 0x00000000c2600000, 0x00000000c2500000| Untracked 
|  14|0x00000000c2600000, 0x00000000c2700000, 0x00000000c2700000|100%| O|  |TAMS 0x00000000c2700000, 0x00000000c2600000| Untracked 
|  15|0x00000000c2700000, 0x00000000c2800000, 0x00000000c2800000|100%| O|  |TAMS 0x00000000c2800000, 0x00000000c2700000| Untracked 
|  16|0x00000000c2800000, 0x00000000c2900000, 0x00000000c2900000|100%| O|  |TAMS 0x00000000c2900000, 0x00000000c2800000| Untracked 
|  17|0x00000000c2900000, 0x00000000c2a00000, 0x00000000c2a00000|100%| O|  |TAMS 0x00000000c2a00000, 0x00000000c2900000| Untracked 
|  18|0x00000000c2a00000, 0x00000000c2b00000, 0x00000000c2b00000|100%| O|  |TAMS 0x00000000c2b00000, 0x00000000c2a00000| Untracked 
|  19|0x00000000c2b00000, 0x00000000c2c00000, 0x00000000c2c00000|100%| O|  |TAMS 0x00000000c2c00000, 0x00000000c2b00000| Untracked 
|  20|0x00000000c2c00000, 0x00000000c2d00000, 0x00000000c2d00000|100%| O|  |TAMS 0x00000000c2d00000, 0x00000000c2c00000| Untracked 
|  21|0x00000000c2d00000, 0x00000000c2e00000, 0x00000000c2e00000|100%| O|  |TAMS 0x00000000c2e00000, 0x00000000c2d00000| Untracked 
|  22|0x00000000c2e00000, 0x00000000c2f00000, 0x00000000c2f00000|100%| O|  |TAMS 0x00000000c2f00000, 0x00000000c2e00000| Untracked 
|  23|0x00000000c2f00000, 0x00000000c3000000, 0x00000000c3000000|100%| O|  |TAMS 0x00000000c3000000, 0x00000000c2f00000| Untracked 
|  24|0x00000000c3000000, 0x00000000c3100000, 0x00000000c3100000|100%| O|  |TAMS 0x00000000c3100000, 0x00000000c3000000| Untracked 
|  25|0x00000000c3100000, 0x00000000c3200000, 0x00000000c3200000|100%| O|  |TAMS 0x00000000c3200000, 0x00000000c3100000| Untracked 
|  26|0x00000000c3200000, 0x00000000c3300000, 0x00000000c3300000|100%| O|  |TAMS 0x00000000c3300000, 0x00000000c3200000| Untracked 
|  27|0x00000000c3300000, 0x00000000c3400000, 0x00000000c3400000|100%| O|  |TAMS 0x00000000c3400000, 0x00000000c3300000| Untracked 
|  28|0x00000000c3400000, 0x00000000c3500000, 0x00000000c3500000|100%| O|  |TAMS 0x00000000c3500000, 0x00000000c3400000| Untracked 
|  29|0x00000000c3500000, 0x00000000c3600000, 0x00000000c3600000|100%| O|  |TAMS 0x00000000c3600000, 0x00000000c3500000| Untracked 
|  30|0x00000000c3600000, 0x00000000c3700000, 0x00000000c3700000|100%| O|  |TAMS 0x00000000c3700000, 0x00000000c3600000| Untracked 
|  31|0x00000000c3700000, 0x00000000c3800000, 0x00000000c3800000|100%| O|  |TAMS 0x00000000c3800000, 0x00000000c3700000| Untracked 
|  32|0x00000000c3800000, 0x00000000c3900000, 0x00000000c3900000|100%| O|  |TAMS 0x00000000c3900000, 0x00000000c3800000| Untracked 
|  33|0x00000000c3900000, 0x00000000c3a00000, 0x00000000c3a00000|100%| O|  |TAMS 0x00000000c3a00000, 0x00000000c3900000| Untracked 
|  34|0x00000000c3a00000, 0x00000000c3b00000, 0x00000000c3b00000|100%| O|  |TAMS 0x00000000c3b00000, 0x00000000c3a00000| Untracked 
|  35|0x00000000c3b00000, 0x00000000c3c00000, 0x00000000c3c00000|100%| O|  |TAMS 0x00000000c3c00000, 0x00000000c3b00000| Untracked 
|  36|0x00000000c3c00000, 0x00000000c3d00000, 0x00000000c3d00000|100%| O|  |TAMS 0x00000000c3d00000, 0x00000000c3c00000| Untracked 
|  37|0x00000000c3d00000, 0x00000000c3e00000, 0x00000000c3e00000|100%| O|  |TAMS 0x00000000c3e00000, 0x00000000c3d00000| Untracked 
|  38|0x00000000c3e00000, 0x00000000c3f00000, 0x00000000c3f00000|100%| O|  |TAMS 0x00000000c3f00000, 0x00000000c3e00000| Untracked 
|  39|0x00000000c3f00000, 0x00000000c4000000, 0x00000000c4000000|100%| O|  |TAMS 0x00000000c4000000, 0x00000000c3f00000| Untracked 
|  40|0x00000000c4000000, 0x00000000c4100000, 0x00000000c4100000|100%| O|  |TAMS 0x00000000c4100000, 0x00000000c4000000| Untracked 
|  41|0x00000000c4100000, 0x00000000c4200000, 0x00000000c4200000|100%| O|  |TAMS 0x00000000c4200000, 0x00000000c4100000| Untracked 
|  42|0x00000000c4200000, 0x00000000c4300000, 0x00000000c4300000|100%| O|  |TAMS 0x00000000c4300000, 0x00000000c4200000| Untracked 
|  43|0x00000000c4300000, 0x00000000c4400000, 0x00000000c4400000|100%| O|  |TAMS 0x00000000c4400000, 0x00000000c4300000| Untracked 
|  44|0x00000000c4400000, 0x00000000c4500000, 0x00000000c4500000|100%| O|  |TAMS 0x00000000c4500000, 0x00000000c4400000| Untracked 
|  45|0x00000000c4500000, 0x00000000c4600000, 0x00000000c4600000|100%| O|  |TAMS 0x00000000c4600000, 0x00000000c4500000| Untracked 
|  46|0x00000000c4600000, 0x00000000c4700000, 0x00000000c4700000|100%| O|  |TAMS 0x00000000c4700000, 0x00000000c4600000| Untracked 
|  47|0x00000000c4700000, 0x00000000c4800000, 0x00000000c4800000|100%| O|  |TAMS 0x00000000c4800000, 0x00000000c4700000| Untracked 
|  48|0x00000000c4800000, 0x00000000c4900000, 0x00000000c4900000|100%| O|  |TAMS 0x00000000c4900000, 0x00000000c4800000| Untracked 
|  49|0x00000000c4900000, 0x00000000c4a00000, 0x00000000c4a00000|100%| O|  |TAMS 0x00000000c4a00000, 0x00000000c4900000| Untracked 
|  50|0x00000000c4a00000, 0x00000000c4b00000, 0x00000000c4b00000|100%| O|  |TAMS 0x00000000c4b00000, 0x00000000c4a00000| Untracked 
|  51|0x00000000c4b00000, 0x00000000c4c00000, 0x00000000c4c00000|100%| O|  |TAMS 0x00000000c4c00000, 0x00000000c4b00000| Untracked 
|  52|0x00000000c4c00000, 0x00000000c4d00000, 0x00000000c4d00000|100%| O|  |TAMS 0x00000000c4d00000, 0x00000000c4c00000| Untracked 
|  53|0x00000000c4d00000, 0x00000000c4e00000, 0x00000000c4e00000|100%| O|  |TAMS 0x00000000c4e00000, 0x00000000c4d00000| Untracked 
|  54|0x00000000c4e00000, 0x00000000c4f00000, 0x00000000c4f00000|100%| O|  |TAMS 0x00000000c4f00000, 0x00000000c4e00000| Untracked 
|  55|0x00000000c4f00000, 0x00000000c5000000, 0x00000000c5000000|100%| O|  |TAMS 0x00000000c5000000, 0x00000000c4f00000| Untracked 
|  56|0x00000000c5000000, 0x00000000c5100000, 0x00000000c5100000|100%| O|  |TAMS 0x00000000c5100000, 0x00000000c5000000| Untracked 
|  57|0x00000000c5100000, 0x00000000c5200000, 0x00000000c5200000|100%| O|  |TAMS 0x00000000c5200000, 0x00000000c5100000| Untracked 
|  58|0x00000000c5200000, 0x00000000c5300000, 0x00000000c5300000|100%|HS|  |TAMS 0x00000000c5300000, 0x00000000c5200000| Complete 
|  59|0x00000000c5300000, 0x00000000c5400000, 0x00000000c5400000|100%|HC|  |TAMS 0x00000000c5400000, 0x00000000c5300000| Complete 
|  60|0x00000000c5400000, 0x00000000c5500000, 0x00000000c5500000|100%|HC|  |TAMS 0x00000000c5500000, 0x00000000c5400000| Complete 
|  61|0x00000000c5500000, 0x00000000c5600000, 0x00000000c5600000|100%|HC|  |TAMS 0x00000000c5600000, 0x00000000c5500000| Complete 
|  62|0x00000000c5600000, 0x00000000c5700000, 0x00000000c5700000|100%|HC|  |TAMS 0x00000000c5700000, 0x00000000c5600000| Complete 
|  63|0x00000000c5700000, 0x00000000c5800000, 0x00000000c5800000|100%|HC|  |TAMS 0x00000000c5800000, 0x00000000c5700000| Complete 
|  64|0x00000000c5800000, 0x00000000c5900000, 0x00000000c5900000|100%|HC|  |TAMS 0x00000000c5900000, 0x00000000c5800000| Complete 
|  65|0x00000000c5900000, 0x00000000c5a00000, 0x00000000c5a00000|100%|HC|  |TAMS 0x00000000c5a00000, 0x00000000c5900000| Complete 
|  66|0x00000000c5a00000, 0x00000000c5b00000, 0x00000000c5b00000|100%|HC|  |TAMS 0x00000000c5b00000, 0x00000000c5a00000| Complete 
|  67|0x00000000c5b00000, 0x00000000c5c00000, 0x00000000c5c00000|100%| O|  |TAMS 0x00000000c5c00000, 0x00000000c5b00000| Untracked 
|  68|0x00000000c5c00000, 0x00000000c5d00000, 0x00000000c5d00000|100%| O|  |TAMS 0x00000000c5d00000, 0x00000000c5c00000| Untracked 
|  69|0x00000000c5d00000, 0x00000000c5e00000, 0x00000000c5e00000|100%| O|  |TAMS 0x00000000c5e00000, 0x00000000c5d00000| Untracked 
|  70|0x00000000c5e00000, 0x00000000c5f00000, 0x00000000c5f00000|100%| O|  |TAMS 0x00000000c5f00000, 0x00000000c5e00000| Untracked 
|  71|0x00000000c5f00000, 0x00000000c6000000, 0x00000000c6000000|100%| O|  |TAMS 0x00000000c6000000, 0x00000000c5f00000| Untracked 
|  72|0x00000000c6000000, 0x00000000c6100000, 0x00000000c6100000|100%| O|  |TAMS 0x00000000c6100000, 0x00000000c6000000| Untracked 
|  73|0x00000000c6100000, 0x00000000c6200000, 0x00000000c6200000|100%| O|  |TAMS 0x00000000c6200000, 0x00000000c6100000| Untracked 
|  74|0x00000000c6200000, 0x00000000c6300000, 0x00000000c6300000|100%| O|  |TAMS 0x00000000c6300000, 0x00000000c6200000| Untracked 
|  75|0x00000000c6300000, 0x00000000c6400000, 0x00000000c6400000|100%| O|  |TAMS 0x00000000c6341400, 0x00000000c6300000| Untracked 
|  76|0x00000000c6400000, 0x00000000c6500000, 0x00000000c6500000|100%| O|  |TAMS 0x00000000c6400000, 0x00000000c6400000| Untracked 
|  77|0x00000000c6500000, 0x00000000c6600000, 0x00000000c6600000|100%| O|  |TAMS 0x00000000c6500000, 0x00000000c6500000| Untracked 
|  78|0x00000000c6600000, 0x00000000c6700000, 0x00000000c6700000|100%| O|  |TAMS 0x00000000c6600000, 0x00000000c6600000| Untracked 
|  79|0x00000000c6700000, 0x00000000c678be00, 0x00000000c6800000| 54%| O|  |TAMS 0x00000000c6700000, 0x00000000c6700000| Untracked 
|  80|0x00000000c6800000, 0x00000000c6900000, 0x00000000c6900000|100%|HS|  |TAMS 0x00000000c6800000, 0x00000000c6800000| Complete 
|  81|0x00000000c6900000, 0x00000000c6a00000, 0x00000000c6a00000|100%|HC|  |TAMS 0x00000000c6900000, 0x00000000c6900000| Complete 
|  82|0x00000000c6a00000, 0x00000000c6b00000, 0x00000000c6b00000|100%|HC|  |TAMS 0x00000000c6a00000, 0x00000000c6a00000| Complete 
|  83|0x00000000c6b00000, 0x00000000c6c00000, 0x00000000c6c00000|100%|HC|  |TAMS 0x00000000c6b00000, 0x00000000c6b00000| Complete 
|  84|0x00000000c6c00000, 0x00000000c6c00000, 0x00000000c6d00000|  0%| F|  |TAMS 0x00000000c6c00000, 0x00000000c6c00000| Untracked 
|  85|0x00000000c6d00000, 0x00000000c6d00000, 0x00000000c6e00000|  0%| F|  |TAMS 0x00000000c6d00000, 0x00000000c6d00000| Untracked 
|  86|0x00000000c6e00000, 0x00000000c6e00000, 0x00000000c6f00000|  0%| F|  |TAMS 0x00000000c6e00000, 0x00000000c6e00000| Untracked 
|  87|0x00000000c6f00000, 0x00000000c6f00000, 0x00000000c7000000|  0%| F|  |TAMS 0x00000000c6f00000, 0x00000000c6f00000| Untracked 
|  88|0x00000000c7000000, 0x00000000c7000000, 0x00000000c7100000|  0%| F|  |TAMS 0x00000000c7000000, 0x00000000c7000000| Untracked 
|  89|0x00000000c7100000, 0x00000000c7100000, 0x00000000c7200000|  0%| F|  |TAMS 0x00000000c7100000, 0x00000000c7100000| Untracked 
|  90|0x00000000c7200000, 0x00000000c7200000, 0x00000000c7300000|  0%| F|  |TAMS 0x00000000c7200000, 0x00000000c7200000| Untracked 
|  91|0x00000000c7300000, 0x00000000c7300000, 0x00000000c7400000|  0%| F|  |TAMS 0x00000000c7300000, 0x00000000c7300000| Untracked 
|  92|0x00000000c7400000, 0x00000000c7400000, 0x00000000c7500000|  0%| F|  |TAMS 0x00000000c7400000, 0x00000000c7400000| Untracked 
|  93|0x00000000c7500000, 0x00000000c7500000, 0x00000000c7600000|  0%| F|  |TAMS 0x00000000c7500000, 0x00000000c7500000| Untracked 
|  94|0x00000000c7600000, 0x00000000c7600000, 0x00000000c7700000|  0%| F|  |TAMS 0x00000000c7600000, 0x00000000c7600000| Untracked 
|  95|0x00000000c7700000, 0x00000000c7700000, 0x00000000c7800000|  0%| F|  |TAMS 0x00000000c7700000, 0x00000000c7700000| Untracked 
|  96|0x00000000c7800000, 0x00000000c7800000, 0x00000000c7900000|  0%| F|  |TAMS 0x00000000c7800000, 0x00000000c7800000| Untracked 
|  97|0x00000000c7900000, 0x00000000c7900000, 0x00000000c7a00000|  0%| F|  |TAMS 0x00000000c7900000, 0x00000000c7900000| Untracked 
|  98|0x00000000c7a00000, 0x00000000c7a00000, 0x00000000c7b00000|  0%| F|  |TAMS 0x00000000c7a00000, 0x00000000c7a00000| Untracked 
|  99|0x00000000c7b00000, 0x00000000c7b00000, 0x00000000c7c00000|  0%| F|  |TAMS 0x00000000c7b00000, 0x00000000c7b00000| Untracked 
| 100|0x00000000c7c00000, 0x00000000c7c00000, 0x00000000c7d00000|  0%| F|  |TAMS 0x00000000c7c00000, 0x00000000c7c00000| Untracked 
| 101|0x00000000c7d00000, 0x00000000c7d00000, 0x00000000c7e00000|  0%| F|  |TAMS 0x00000000c7d00000, 0x00000000c7d00000| Untracked 
| 102|0x00000000c7e00000, 0x00000000c7e00000, 0x00000000c7f00000|  0%| F|  |TAMS 0x00000000c7e00000, 0x00000000c7e00000| Untracked 
| 103|0x00000000c7f00000, 0x00000000c7f00000, 0x00000000c8000000|  0%| F|  |TAMS 0x00000000c7f00000, 0x00000000c7f00000| Untracked 
| 104|0x00000000c8000000, 0x00000000c8000000, 0x00000000c8100000|  0%| F|  |TAMS 0x00000000c8000000, 0x00000000c8000000| Untracked 
| 105|0x00000000c8100000, 0x00000000c8100000, 0x00000000c8200000|  0%| F|  |TAMS 0x00000000c8100000, 0x00000000c8100000| Untracked 
| 106|0x00000000c8200000, 0x00000000c8200000, 0x00000000c8300000|  0%| F|  |TAMS 0x00000000c8200000, 0x00000000c8200000| Untracked 
| 107|0x00000000c8300000, 0x00000000c8300000, 0x00000000c8400000|  0%| F|  |TAMS 0x00000000c8300000, 0x00000000c8300000| Untracked 
| 108|0x00000000c8400000, 0x00000000c8400000, 0x00000000c8500000|  0%| F|  |TAMS 0x00000000c8400000, 0x00000000c8400000| Untracked 
| 109|0x00000000c8500000, 0x00000000c8500000, 0x00000000c8600000|  0%| F|  |TAMS 0x00000000c8500000, 0x00000000c8500000| Untracked 
| 110|0x00000000c8600000, 0x00000000c8600000, 0x00000000c8700000|  0%| F|  |TAMS 0x00000000c8600000, 0x00000000c8600000| Untracked 
| 111|0x00000000c8700000, 0x00000000c8700000, 0x00000000c8800000|  0%| F|  |TAMS 0x00000000c8700000, 0x00000000c8700000| Untracked 
| 112|0x00000000c8800000, 0x00000000c8800000, 0x00000000c8900000|  0%| F|  |TAMS 0x00000000c8800000, 0x00000000c8800000| Untracked 
| 113|0x00000000c8900000, 0x00000000c8900000, 0x00000000c8a00000|  0%| F|  |TAMS 0x00000000c8900000, 0x00000000c8900000| Untracked 
| 114|0x00000000c8a00000, 0x00000000c8a00000, 0x00000000c8b00000|  0%| F|  |TAMS 0x00000000c8a00000, 0x00000000c8a00000| Untracked 
| 115|0x00000000c8b00000, 0x00000000c8b00000, 0x00000000c8c00000|  0%| F|  |TAMS 0x00000000c8b00000, 0x00000000c8b00000| Untracked 
| 116|0x00000000c8c00000, 0x00000000c8c00000, 0x00000000c8d00000|  0%| F|  |TAMS 0x00000000c8c00000, 0x00000000c8c00000| Untracked 
| 117|0x00000000c8d00000, 0x00000000c8d00000, 0x00000000c8e00000|  0%| F|  |TAMS 0x00000000c8d00000, 0x00000000c8d00000| Untracked 
| 118|0x00000000c8e00000, 0x00000000c8e00000, 0x00000000c8f00000|  0%| F|  |TAMS 0x00000000c8e00000, 0x00000000c8e00000| Untracked 
| 119|0x00000000c8f00000, 0x00000000c8f00000, 0x00000000c9000000|  0%| F|  |TAMS 0x00000000c8f00000, 0x00000000c8f00000| Untracked 
| 120|0x00000000c9000000, 0x00000000c9000000, 0x00000000c9100000|  0%| F|  |TAMS 0x00000000c9000000, 0x00000000c9000000| Untracked 
| 121|0x00000000c9100000, 0x00000000c91c2790, 0x00000000c9200000| 75%| E|  |TAMS 0x00000000c9100000, 0x00000000c9100000| Complete 
| 122|0x00000000c9200000, 0x00000000c9300000, 0x00000000c9300000|100%| E|CS|TAMS 0x00000000c9200000, 0x00000000c9200000| Complete 
| 123|0x00000000c9300000, 0x00000000c9400000, 0x00000000c9400000|100%| E|CS|TAMS 0x00000000c9300000, 0x00000000c9300000| Complete 
| 124|0x00000000c9400000, 0x00000000c94aad28, 0x00000000c9500000| 66%| S|CS|TAMS 0x00000000c9400000, 0x00000000c9400000| Complete 
| 125|0x00000000c9500000, 0x00000000c9600000, 0x00000000c9600000|100%| S|CS|TAMS 0x00000000c9500000, 0x00000000c9500000| Complete 
| 126|0x00000000c9600000, 0x00000000c9700000, 0x00000000c9700000|100%| S|CS|TAMS 0x00000000c9600000, 0x00000000c9600000| Complete 
| 127|0x00000000c9700000, 0x00000000c9800000, 0x00000000c9800000|100%| S|CS|TAMS 0x00000000c9700000, 0x00000000c9700000| Complete 
| 128|0x00000000c9800000, 0x00000000c9900000, 0x00000000c9900000|100%| E|CS|TAMS 0x00000000c9800000, 0x00000000c9800000| Complete 
| 129|0x00000000c9900000, 0x00000000c9a00000, 0x00000000c9a00000|100%| E|CS|TAMS 0x00000000c9900000, 0x00000000c9900000| Complete 
| 130|0x00000000c9a00000, 0x00000000c9b00000, 0x00000000c9b00000|100%| E|CS|TAMS 0x00000000c9a00000, 0x00000000c9a00000| Complete 
| 131|0x00000000c9b00000, 0x00000000c9c00000, 0x00000000c9c00000|100%| E|CS|TAMS 0x00000000c9b00000, 0x00000000c9b00000| Complete 
| 132|0x00000000c9c00000, 0x00000000c9d00000, 0x00000000c9d00000|100%| E|CS|TAMS 0x00000000c9c00000, 0x00000000c9c00000| Complete 
| 133|0x00000000c9d00000, 0x00000000c9e00000, 0x00000000c9e00000|100%| E|CS|TAMS 0x00000000c9d00000, 0x00000000c9d00000| Complete 
| 134|0x00000000c9e00000, 0x00000000c9f00000, 0x00000000c9f00000|100%| E|CS|TAMS 0x00000000c9e00000, 0x00000000c9e00000| Complete 
| 135|0x00000000c9f00000, 0x00000000ca000000, 0x00000000ca000000|100%| E|CS|TAMS 0x00000000c9f00000, 0x00000000c9f00000| Complete 
| 136|0x00000000ca000000, 0x00000000ca100000, 0x00000000ca100000|100%| E|CS|TAMS 0x00000000ca000000, 0x00000000ca000000| Complete 
| 137|0x00000000ca100000, 0x00000000ca200000, 0x00000000ca200000|100%| E|CS|TAMS 0x00000000ca100000, 0x00000000ca100000| Complete 
| 138|0x00000000ca200000, 0x00000000ca300000, 0x00000000ca300000|100%| E|CS|TAMS 0x00000000ca200000, 0x00000000ca200000| Complete 
| 139|0x00000000ca300000, 0x00000000ca400000, 0x00000000ca400000|100%| E|CS|TAMS 0x00000000ca300000, 0x00000000ca300000| Complete 
| 140|0x00000000ca400000, 0x00000000ca500000, 0x00000000ca500000|100%| E|CS|TAMS 0x00000000ca400000, 0x00000000ca400000| Complete 
| 141|0x00000000ca500000, 0x00000000ca600000, 0x00000000ca600000|100%| E|CS|TAMS 0x00000000ca500000, 0x00000000ca500000| Complete 
| 142|0x00000000ca600000, 0x00000000ca700000, 0x00000000ca700000|100%| E|CS|TAMS 0x00000000ca600000, 0x00000000ca600000| Complete 
| 143|0x00000000ca700000, 0x00000000ca800000, 0x00000000ca800000|100%| E|CS|TAMS 0x00000000ca700000, 0x00000000ca700000| Complete 
| 144|0x00000000ca800000, 0x00000000ca900000, 0x00000000ca900000|100%| E|CS|TAMS 0x00000000ca800000, 0x00000000ca800000| Complete 
| 145|0x00000000ca900000, 0x00000000caa00000, 0x00000000caa00000|100%| E|CS|TAMS 0x00000000ca900000, 0x00000000ca900000| Complete 
| 146|0x00000000caa00000, 0x00000000cab00000, 0x00000000cab00000|100%| E|CS|TAMS 0x00000000caa00000, 0x00000000caa00000| Complete 
| 147|0x00000000cab00000, 0x00000000cac00000, 0x00000000cac00000|100%| E|CS|TAMS 0x00000000cab00000, 0x00000000cab00000| Complete 
| 148|0x00000000cac00000, 0x00000000cad00000, 0x00000000cad00000|100%| E|CS|TAMS 0x00000000cac00000, 0x00000000cac00000| Complete 

Card table byte_map: [0x000002c2e7680000,0x000002c2e7880000] _byte_map_base: 0x000002c2e7074000

Marking Bits (Prev, Next): (CMBitMap*) 0x000002c2ce43c7e0, (CMBitMap*) 0x000002c2ce43c820
 Prev Bits: [0x000002c2e7a80000, 0x000002c2e8a20000)
 Next Bits: [0x000002c2e8a20000, 0x000002c2e99c0000)

Polling page: 0x000002c2ce280000

Metaspace:

Usage:
  Non-class:     38.06 MB capacity,    37.90 MB (>99%) used,   114.65 KB ( <1%) free+waste,    48.31 KB ( <1%) overhead. 
      Class:      5.96 MB capacity,     5.85 MB ( 98%) used,   101.49 KB (  2%) free+waste,    18.00 KB ( <1%) overhead. 
       Both:     44.03 MB capacity,    43.75 MB (>99%) used,   216.14 KB ( <1%) free+waste,    66.31 KB ( <1%) overhead. 

Virtual space:
  Non-class space:       40.00 MB reserved,      38.42 MB ( 96%) committed 
      Class space:        1.00 GB reserved,       6.00 MB ( <1%) committed 
             Both:        1.04 GB reserved,      44.42 MB (  4%) committed 

Chunk freelists:
   Non-Class:  241.00 KB
       Class:  4.00 KB
        Both:  245.00 KB

MaxMetaspaceSize: 17179869184.00 GB
CompressedClassSpaceSize: 1.00 GB

CodeHeap 'non-profiled nmethods': size=120000Kb used=3379Kb max_used=3379Kb free=116620Kb
 bounds [0x000002c2df930000, 0x000002c2dfc80000, 0x000002c2e6e60000]
CodeHeap 'profiled nmethods': size=120000Kb used=11294Kb max_used=11429Kb free=108705Kb
 bounds [0x000002c2d8400000, 0x000002c2d8f30000, 0x000002c2df930000]
CodeHeap 'non-nmethods': size=5760Kb used=1508Kb max_used=1553Kb free=4251Kb
 bounds [0x000002c2d7e60000, 0x000002c2d80d0000, 0x000002c2d8400000]
 total_blobs=6385 nmethods=5527 adapters=766
 compilation: enabled
              stopped_count=0, restarted_count=0
 full_count=0

Compilation events (20 events):
Event: 126.349 Thread 0x000002c2ebf94f00 6306   !   2       java.util.logging.LogManager::ensureLogManagerInitialized (144 bytes)
Event: 126.349 Thread 0x000002c2ebf94f00 nmethod 6306 0x000002c2d8573210 code [0x000002c2d8573440, 0x000002c2d85739b8]
Event: 126.394 Thread 0x000002c2edace160 nmethod 6226 0x000002c2dfc5f890 code [0x000002c2dfc5ffa0, 0x000002c2dfc65808]
Event: 126.394 Thread 0x000002c2edace160 6272   !   4       java.awt.KeyboardFocusManager::getFocusOwner (42 bytes)
Event: 126.395 Thread 0x000002c2ebf94f00 6307       3       java.util.LinkedList::<init> (10 bytes)
Event: 126.395 Thread 0x000002c2ebf94f00 nmethod 6307 0x000002c2d8572c90 code [0x000002c2d8572e40, 0x000002c2d85730b8]
Event: 126.395 Thread 0x000002c2ebf94f00 6308       3       java.util.AbstractSequentialList::<init> (5 bytes)
Event: 126.395 Thread 0x000002c2ebf94f00 nmethod 6308 0x000002c2d8572790 code [0x000002c2d8572940, 0x000002c2d8572b58]
Event: 126.395 Thread 0x000002c2edace160 nmethod 6272 0x000002c2dfc6be10 code [0x000002c2dfc6bfa0, 0x000002c2dfc6c298]
Event: 126.395 Thread 0x000002c2edace160 6267   !   4       java.awt.KeyboardFocusManager::clearMostRecentFocusOwner (110 bytes)
Event: 126.401 Thread 0x000002c2edace160 nmethod 6267 0x000002c2dfc6c390 code [0x000002c2dfc6c560, 0x000002c2dfc6cc38]
Event: 126.401 Thread 0x000002c2edace160 6270   !   4       java.awt.Container::isParentOf (49 bytes)
Event: 126.403 Thread 0x000002c2edace160 nmethod 6270 0x000002c2dfc6cf10 code [0x000002c2dfc6d0a0, 0x000002c2dfc6d378]
Event: 126.403 Thread 0x000002c2edace160 6268   !   4       java.awt.Container::decreaseComponentCount (124 bytes)
Event: 126.407 Thread 0x000002c2edace160 nmethod 6268 0x000002c2dfc6d490 code [0x000002c2dfc6d620, 0x000002c2dfc6d9d8]
Event: 126.407 Thread 0x000002c2edace160 6291       4       sun.awt.image.IntegerInterleavedRaster::setDataElements (134 bytes)
Event: 126.411 Thread 0x000002c2edace160 nmethod 6291 0x000002c2dfc6db90 code [0x000002c2dfc6dd20, 0x000002c2dfc6e178]
Event: 126.411 Thread 0x000002c2edace160 6258       4       sun.awt.SunToolkit::flushPendingEvents (19 bytes)
Event: 126.436 Thread 0x000002c2ebf8e6b0 nmethod 6251 0x000002c2dfc6e490 code [0x000002c2dfc6ea20, 0x000002c2dfc76618]
Event: 126.436 Thread 0x000002c2ebf8e6b0 6288   !   4       sun.awt.image.ImageRepresentation::setPixels (527 bytes)

GC Heap History (20 events):
Event: 9.399 GC heap before
{Heap before GC invocations=8 (full 0):
 garbage-first heap   total 83968K, used 58347K [0x00000000c1800000, 0x0000000100000000)
  region size 1024K, 29 young (29696K), 5 survivors (5120K)
 Metaspace       used 31134K, capacity 31289K, committed 31664K, reserved 1077248K
  class space    used 3721K, capacity 3786K, committed 3840K, reserved 1048576K
}
Event: 9.411 GC heap after
{Heap after GC invocations=9 (full 0):
 garbage-first heap   total 83968K, used 39463K [0x00000000c1800000, 0x0000000100000000)
  region size 1024K, 4 young (4096K), 4 survivors (4096K)
 Metaspace       used 31134K, capacity 31289K, committed 31664K, reserved 1077248K
  class space    used 3721K, capacity 3786K, committed 3840K, reserved 1048576K
}
Event: 11.747 GC heap before
{Heap before GC invocations=9 (full 0):
 garbage-first heap   total 83968K, used 57895K [0x00000000c1800000, 0x0000000100000000)
  region size 1024K, 23 young (23552K), 4 survivors (4096K)
 Metaspace       used 33587K, capacity 33821K, committed 34224K, reserved 1079296K
  class space    used 4169K, capacity 4235K, committed 4352K, reserved 1048576K
}
Event: 11.756 GC heap after
{Heap after GC invocations=10 (full 0):
 garbage-first heap   total 83968K, used 43769K [0x00000000c1800000, 0x0000000100000000)
  region size 1024K, 3 young (3072K), 3 survivors (3072K)
 Metaspace       used 33587K, capacity 33821K, committed 34224K, reserved 1079296K
  class space    used 4169K, capacity 4235K, committed 4352K, reserved 1048576K
}
Event: 14.054 GC heap before
{Heap before GC invocations=10 (full 0):
 garbage-first heap   total 83968K, used 61177K [0x00000000c1800000, 0x0000000100000000)
  region size 1024K, 21 young (21504K), 3 survivors (3072K)
 Metaspace       used 35348K, capacity 35550K, committed 35888K, reserved 1081344K
  class space    used 4582K, capacity 4683K, committed 4736K, reserved 1048576K
}
Event: 14.064 GC heap after
{Heap after GC invocations=11 (full 0):
 garbage-first heap   total 83968K, used 48128K [0x00000000c1800000, 0x0000000100000000)
  region size 1024K, 3 young (3072K), 3 survivors (3072K)
 Metaspace       used 35348K, capacity 35550K, committed 35888K, reserved 1081344K
  class space    used 4582K, capacity 4683K, committed 4736K, reserved 1048576K
}
Event: 15.223 GC heap before
{Heap before GC invocations=12 (full 0):
 garbage-first heap   total 83968K, used 63488K [0x00000000c1800000, 0x0000000100000000)
  region size 1024K, 19 young (19456K), 3 survivors (3072K)
 Metaspace       used 39209K, capacity 39493K, committed 39984K, reserved 1083392K
  class space    used 5103K, capacity 5207K, committed 5248K, reserved 1048576K
}
Event: 15.231 GC heap after
{Heap after GC invocations=13 (full 0):
 garbage-first heap   total 83968K, used 51141K [0x00000000c1800000, 0x0000000100000000)
  region size 1024K, 3 young (3072K), 3 survivors (3072K)
 Metaspace       used 39209K, capacity 39493K, committed 39984K, reserved 1083392K
  class space    used 5103K, capacity 5207K, committed 5248K, reserved 1048576K
}
Event: 15.702 GC heap before
{Heap before GC invocations=13 (full 0):
 garbage-first heap   total 83968K, used 64453K [0x00000000c1800000, 0x0000000100000000)
  region size 1024K, 17 young (17408K), 3 survivors (3072K)
 Metaspace       used 40151K, capacity 40462K, committed 40880K, reserved 1085440K
  class space    used 5237K, capacity 5337K, committed 5376K, reserved 1048576K
}
Event: 15.708 GC heap after
{Heap after GC invocations=14 (full 0):
 garbage-first heap   total 83968K, used 55083K [0x00000000c1800000, 0x0000000100000000)
  region size 1024K, 3 young (3072K), 3 survivors (3072K)
 Metaspace       used 40151K, capacity 40462K, committed 40880K, reserved 1085440K
  class space    used 5237K, capacity 5337K, committed 5376K, reserved 1048576K
}
Event: 16.055 GC heap before
{Heap before GC invocations=15 (full 0):
 garbage-first heap   total 96256K, used 66347K [0x00000000c1800000, 0x0000000100000000)
  region size 1024K, 14 young (14336K), 3 survivors (3072K)
 Metaspace       used 40612K, capacity 40910K, committed 41264K, reserved 1085440K
  class space    used 5359K, capacity 5465K, committed 5504K, reserved 1048576K
}
Event: 16.061 GC heap after
{Heap after GC invocations=16 (full 0):
 garbage-first heap   total 96256K, used 59182K [0x00000000c1800000, 0x0000000100000000)
  region size 1024K, 2 young (2048K), 2 survivors (2048K)
 Metaspace       used 40612K, capacity 40910K, committed 41264K, reserved 1085440K
  class space    used 5359K, capacity 5465K, committed 5504K, reserved 1048576K
}
Event: 16.307 GC heap before
{Heap before GC invocations=16 (full 0):
 garbage-first heap   total 96256K, used 67374K [0x00000000c1800000, 0x0000000100000000)
  region size 1024K, 11 young (11264K), 2 survivors (2048K)
 Metaspace       used 40913K, capacity 41166K, committed 41648K, reserved 1085440K
  class space    used 5440K, capacity 5529K, committed 5632K, reserved 1048576K
}
Event: 16.313 GC heap after
{Heap after GC invocations=17 (full 0):
 garbage-first heap   total 96256K, used 62078K [0x00000000c1800000, 0x0000000100000000)
  region size 1024K, 3 young (3072K), 3 survivors (3072K)
 Metaspace       used 40913K, capacity 41166K, committed 41648K, reserved 1085440K
  class space    used 5440K, capacity 5529K, committed 5632K, reserved 1048576K
}
Event: 16.498 GC heap before
{Heap before GC invocations=18 (full 0):
 garbage-first heap   total 137216K, used 83582K [0x00000000c1800000, 0x0000000100000000)
  region size 1024K, 16 young (16384K), 3 survivors (3072K)
 Metaspace       used 41081K, capacity 41358K, committed 41648K, reserved 1085440K
  class space    used 5481K, capacity 5593K, committed 5632K, reserved 1048576K
}
Event: 16.502 GC heap after
{Heap after GC invocations=19 (full 0):
 garbage-first heap   total 137216K, used 72397K [0x00000000c1800000, 0x0000000100000000)
  region size 1024K, 2 young (2048K), 2 survivors (2048K)
 Metaspace       used 41081K, capacity 41358K, committed 41648K, reserved 1085440K
  class space    used 5481K, capacity 5593K, committed 5632K, reserved 1048576K
}
Event: 17.246 GC heap before
{Heap before GC invocations=19 (full 0):
 garbage-first heap   total 137216K, used 102093K [0x00000000c1800000, 0x0000000100000000)
  region size 1024K, 32 young (32768K), 2 survivors (2048K)
 Metaspace       used 41846K, capacity 42127K, committed 42672K, reserved 1085440K
  class space    used 5683K, capacity 5785K, committed 5888K, reserved 1048576K
}
Event: 17.255 GC heap after
{Heap after GC invocations=20 (full 0):
 garbage-first heap   total 137216K, used 81157K [0x00000000c1800000, 0x0000000100000000)
  region size 1024K, 4 young (4096K), 4 survivors (4096K)
 Metaspace       used 41846K, capacity 42127K, committed 42672K, reserved 1085440K
  class space    used 5683K, capacity 5785K, committed 5888K, reserved 1048576K
}
Event: 17.805 GC heap before
{Heap before GC invocations=21 (full 0):
 garbage-first heap   total 143360K, used 91397K [0x00000000c1800000, 0x0000000100000000)
  region size 1024K, 16 young (16384K), 4 survivors (4096K)
 Metaspace       used 42852K, capacity 43087K, committed 43440K, reserved 1087488K
  class space    used 5786K, capacity 5849K, committed 5888K, reserved 1048576K
}
Event: 17.811 GC heap after
{Heap after GC invocations=22 (full 0):
 garbage-first heap   total 143360K, used 85210K [0x00000000c1800000, 0x0000000100000000)
  region size 1024K, 4 young (4096K), 4 survivors (4096K)
 Metaspace       used 42852K, capacity 43087K, committed 43440K, reserved 1087488K
  class space    used 5786K, capacity 5849K, committed 5888K, reserved 1048576K
}

Deoptimization events (20 events):
Event: 125.565 Thread 0x000002c2edb04060 DEOPT PACKING pc=0x000002c2d86ba3ed sp=0x000000d3b8bfd6a0
Event: 125.565 Thread 0x000002c2edb04060 DEOPT UNPACKING pc=0x000002c2d7eae23f sp=0x000000d3b8bfcaa0 mode 0
Event: 126.084 Thread 0x000002c2edb04060 Uncommon trap: trap_request=0xffffff45 fr.pc=0x000002c2df9ff1a0 relative=0x0000000000001520
Event: 126.084 Thread 0x000002c2edb04060 Uncommon trap: reason=unstable_if action=reinterpret pc=0x000002c2df9ff1a0 method=java.beans.ChangeListenerMap.get(Ljava/lang/String;)[Ljava/util/EventListener; @ 4 c2
Event: 126.084 Thread 0x000002c2edb04060 DEOPT PACKING pc=0x000002c2df9ff1a0 sp=0x000000d3b8bfd5e0
Event: 126.084 Thread 0x000002c2edb04060 DEOPT UNPACKING pc=0x000002c2d7eae42f sp=0x000000d3b8bfd438 mode 2
Event: 126.126 Thread 0x000002c2edb04060 Uncommon trap: trap_request=0xffffff45 fr.pc=0x000002c2dfacbf7c relative=0x000000000000063c
Event: 126.126 Thread 0x000002c2edb04060 Uncommon trap: reason=unstable_if action=reinterpret pc=0x000002c2dfacbf7c method=java.util.Hashtable.remove(Ljava/lang/Object;)Ljava/lang/Object; @ 51 c2
Event: 126.126 Thread 0x000002c2edb04060 DEOPT PACKING pc=0x000002c2dfacbf7c sp=0x000000d3b8bfce00
Event: 126.126 Thread 0x000002c2edb04060 DEOPT UNPACKING pc=0x000002c2d7eae42f sp=0x000000d3b8bfcdb0 mode 2
Event: 126.226 Thread 0x000002c2edb04060 Uncommon trap: trap_request=0xffffff45 fr.pc=0x000002c2dfab350c relative=0x000000000000006c
Event: 126.226 Thread 0x000002c2edb04060 Uncommon trap: reason=unstable_if action=reinterpret pc=0x000002c2dfab350c method=java.awt.Container.adjustDescendants(I)V @ 1 c2
Event: 126.226 Thread 0x000002c2edb04060 DEOPT PACKING pc=0x000002c2dfab350c sp=0x000000d3b8bfdeb0
Event: 126.226 Thread 0x000002c2edb04060 DEOPT UNPACKING pc=0x000002c2d7eae42f sp=0x000000d3b8bfde50 mode 2
Event: 126.269 Thread 0x000002c2edb04060 Uncommon trap: trap_request=0xffffff45 fr.pc=0x000002c2dfc5a3d0 relative=0x0000000000000d70
Event: 126.269 Thread 0x000002c2edb04060 Uncommon trap: reason=unstable_if action=reinterpret pc=0x000002c2dfc5a3d0 method=sun.java2d.marlin.MarlinCache.copyAARowRLE_WithBlockFlags([I[IIII)V @ 462 c2
Event: 126.269 Thread 0x000002c2edb04060 DEOPT PACKING pc=0x000002c2dfc5a3d0 sp=0x000000d3b8bfcfc0
Event: 126.269 Thread 0x000002c2edb04060 DEOPT UNPACKING pc=0x000002c2d7eae42f sp=0x000000d3b8bfceb8 mode 2
Event: 126.269 Thread 0x000002c2edb04060 DEOPT PACKING pc=0x000002c2d86ba3ed sp=0x000000d3b8bfd100
Event: 126.269 Thread 0x000002c2edb04060 DEOPT UNPACKING pc=0x000002c2d7eae23f sp=0x000000d3b8bfc500 mode 0

Classes unloaded (0 events):
No events

Classes redefined (0 events):
No events

Internal exceptions (20 events):
Event: 2.260 Thread 0x000002c2ece82920 Implicit null exception at 0x000002c2df965bf4 to 0x000002c2df96614c
Event: 2.314 Thread 0x000002c2edb04060 Exception <a 'java/lang/NoSuchMethodError'{0x00000000c63e5f58}: 'void java.lang.invoke.DirectMethodHandle$Holder.invokeStaticInit(java.lang.Object)'> (0x00000000c63e5f58) 
thrown [./open/src/hotspot/share/interpreter/linkResolver.cpp, line 782]
Event: 13.218 Thread 0x000002c2edb04060 Implicit null exception at 0x000002c2dfa4f47d to 0x000002c2dfa5191c
Event: 13.218 Thread 0x000002c2edb04060 Implicit null exception at 0x000002c2dfa3d330 to 0x000002c2dfa3d470
Event: 13.218 Thread 0x000002c2edb04060 Implicit null exception at 0x000002c2dfaa9ad0 to 0x000002c2dfaa9c60
Event: 14.395 Thread 0x000002c2edda2860 Implicit null exception at 0x000002c2dfb141f1 to 0x000002c2dfb161b4
Event: 14.590 Thread 0x000002c2edda2860 Implicit null exception at 0x000002c2dfb93725 to 0x000002c2dfb95a74
Event: 14.646 Thread 0x000002c2edda2860 Exception <a 'java/lang/NoSuchMethodError'{0x00000000c6145198}: 'int java.lang.invoke.DirectMethodHandle$Holder.invokeStaticInit(java.lang.Object, java.lang.Object, java.lang.Object)'> (0x00000000c6145198) 
thrown [./open/src/hotspot/share/interpreter/linkResolver.cpp, line 782]
Event: 14.666 Thread 0x000002c2edda2860 Exception <a 'java/lang/NoSuchMethodError'{0x00000000c61f4610}: 'java.lang.Object java.lang.invoke.DirectMethodHandle$Holder.newInvokeSpecial(java.lang.Object, java.lang.Object, int, java.lang.Object)'> (0x00000000c61f4610) 
thrown [./open/src/hotspot/share/interpreter/linkResolver.cpp, line 782]
Event: 14.666 Thread 0x000002c2edda2860 Exception <a 'java/lang/NoSuchMethodError'{0x00000000c61f8850}: 'java.lang.Object java.lang.invoke.DirectMethodHandle$Holder.invokeSpecial(java.lang.Object, java.lang.Object, java.lang.Object, int, java.lang.Object)'> (0x00000000c61f8850) 
thrown [./open/src/hotspot/share/interpreter/linkResolver.cpp, line 782]
Event: 14.733 Thread 0x000002c2edda4a10 Implicit null exception at 0x000002c2dfb6e16f to 0x000002c2dfb6e900
Event: 15.099 Thread 0x000002c2edb04060 Exception <a 'java/lang/NoSuchMethodError'{0x00000000c5a1a368}: 'java.lang.Object java.lang.invoke.DirectMethodHandle$Holder.invokeStaticInit(java.lang.Object, java.lang.Object, java.lang.Object, java.lang.Object)'> (0x00000000c5a1a368) 
thrown [./open/src/hotspot/share/interpreter/linkResolver.cpp, line 782]
Event: 15.451 Thread 0x000002c2edda1ec0 Implicit null exception at 0x000002c2dfbc7824 to 0x000002c2dfbc8d90
Event: 15.613 Thread 0x000002c2edda1ec0 Implicit null exception at 0x000002c2dfbd0b0a to 0x000002c2dfbd186c
Event: 17.746 Thread 0x000002c2edb04060 Implicit null exception at 0x000002c2dfa7b3ae to 0x000002c2dfa7bbd8
Event: 126.084 Thread 0x000002c2edb04060 Implicit null exception at 0x000002c2df9fe06f to 0x000002c2df9ff17c
Event: 126.273 Thread 0x000002c2edda4a10 Exception <a 'java/lang/NullPointerException'{0x00000000c98c1388}> (0x00000000c98c1388) 
thrown [./open/src/hotspot/share/interpreter/linkResolver.cpp, line 1374]
Event: 126.285 Thread 0x000002c2edda4a10 Exception <a 'java/lang/NoSuchMethodError'{0x00000000c9347a58}: 'void java.lang.invoke.DirectMethodHandle$Holder.invokeSpecial(java.lang.Object, java.lang.Object, java.lang.Object, java.lang.Object, java.lang.Object)'> (0x00000000c9347a58) 
thrown [./open/src/hotspot/share/interpreter/linkResolver.cpp, line 782]
Event: 126.327 Thread 0x000002c2edda4a10 Exception <a 'java/lang/NoSuchMethodError'{0x00000000c923f278}: 'int java.lang.invoke.DirectMethodHandle$Holder.invokeSpecial(java.lang.Object, java.lang.Object, java.lang.Object, java.lang.Object)'> (0x00000000c923f278) 
thrown [./open/src/hotspot/share/interpreter/linkResolver.cpp, line 782]
Event: 126.446 Thread 0x000002c2edda4a10 Exception <a 'java/lang/NoSuchMethodError'{0x00000000c91be008}: fwkIsMainThread> (0x00000000c91be008) 
thrown [./open/src/hotspot/share/prims/jni.cpp, line 1171]

Events (20 events):
Event: 126.278 loading class java/util/WeakHashMap$HashIterator
Event: 126.279 loading class java/util/WeakHashMap$HashIterator done
Event: 126.279 loading class java/util/WeakHashMap$KeyIterator done
Event: 126.351 loading class java/util/concurrent/Executors$DelegatedScheduledExecutorService
Event: 126.351 loading class java/util/concurrent/ScheduledExecutorService
Event: 126.351 loading class java/util/concurrent/ScheduledExecutorService done
Event: 126.351 loading class java/util/concurrent/Executors$DelegatedScheduledExecutorService done
Event: 126.351 loading class java/util/concurrent/ScheduledThreadPoolExecutor
Event: 126.352 loading class java/util/concurrent/ScheduledThreadPoolExecutor done
Event: 126.352 loading class java/util/concurrent/ScheduledThreadPoolExecutor$DelayedWorkQueue
Event: 126.352 loading class java/util/concurrent/ScheduledThreadPoolExecutor$DelayedWorkQueue done
Event: 126.352 loading class java/util/concurrent/RunnableScheduledFuture
Event: 126.352 loading class java/util/concurrent/ScheduledFuture
Event: 126.352 loading class java/util/concurrent/ScheduledFuture done
Event: 126.352 loading class java/util/concurrent/RunnableScheduledFuture done
Event: 126.362 loading class java/net/CookieHandler
Event: 126.362 Executing VM operation: HandshakeAllThreads
Event: 126.362 loading class java/net/CookieHandler done
Event: 126.362 Executing VM operation: HandshakeAllThreads done
Event: 126.384 Loaded shared library C:\Program Files\BellSoft\LibericaJDK-13-Full\bin\jfxwebkit.dll


Dynamic libraries:
0x00007ff747bc0000 - 0x00007ff747bcf000 	C:\Program Files\Java\jdk-15.0.2\bin\java.exe
0x00007ffe61630000 - 0x00007ffe61828000 	C:\WINDOWS\SYSTEM32\ntdll.dll
0x00007ffe5fd30000 - 0x00007ffe5fdef000 	C:\WINDOWS\System32\KERNEL32.DLL
0x00007ffe5ee60000 - 0x00007ffe5f13a000 	C:\WINDOWS\System32\KERNELBASE.dll
0x00007ffe5f2d0000 - 0x00007ffe5f3d0000 	C:\WINDOWS\System32\ucrtbase.dll
0x00007ffe5a7e0000 - 0x00007ffe5a7f9000 	C:\Program Files\Java\jdk-15.0.2\bin\VCRUNTIME140.dll
0x00007ffe50380000 - 0x00007ffe50398000 	C:\Program Files\Java\jdk-15.0.2\bin\jli.dll
0x00007ffe611a0000 - 0x00007ffe6124e000 	C:\WINDOWS\System32\ADVAPI32.dll
0x00007ffe5ff30000 - 0x00007ffe5ffce000 	C:\WINDOWS\System32\msvcrt.dll
0x00007ffe60d50000 - 0x00007ffe60dec000 	C:\WINDOWS\System32\sechost.dll
0x00007ffe603b0000 - 0x00007ffe604d6000 	C:\WINDOWS\System32\RPCRT4.dll
0x00007ffe60df0000 - 0x00007ffe60f8d000 	C:\WINDOWS\System32\USER32.dll
0x00007ffe5ede0000 - 0x00007ffe5ee02000 	C:\WINDOWS\System32\win32u.dll
0x00007ffe4e3b0000 - 0x00007ffe4e64a000 	C:\WINDOWS\WinSxS\amd64_microsoft.windows.common-controls_6595b64144ccf1df_6.0.19041.1110_none_60b5254171f9507e\COMCTL32.dll
0x00007ffe60c70000 - 0x00007ffe60c9b000 	C:\WINDOWS\System32\GDI32.dll
0x00007ffe5f440000 - 0x00007ffe5f550000 	C:\WINDOWS\System32\gdi32full.dll
0x00007ffe5ed40000 - 0x00007ffe5eddd000 	C:\WINDOWS\System32\msvcp_win.dll
0x00007ffe52bc0000 - 0x00007ffe52bca000 	C:\WINDOWS\SYSTEM32\VERSION.dll
0x00007ffe604e0000 - 0x00007ffe60510000 	C:\WINDOWS\System32\IMM32.DLL
0x00007ffe5a2a0000 - 0x00007ffe5a2ac000 	C:\Program Files\Java\jdk-15.0.2\bin\vcruntime140_1.dll
0x00007ffe47590000 - 0x00007ffe47621000 	C:\Program Files\Java\jdk-15.0.2\bin\msvcp140.dll
0x00007ffe3bb20000 - 0x00007ffe3c67e000 	C:\Program Files\Java\jdk-15.0.2\bin\server\jvm.dll
0x00007ffe5fec0000 - 0x00007ffe5fec8000 	C:\WINDOWS\System32\PSAPI.DLL
0x00007ffe4a880000 - 0x00007ffe4a8a7000 	C:\WINDOWS\SYSTEM32\WINMM.dll
0x00007ffe580c0000 - 0x00007ffe580c9000 	C:\WINDOWS\SYSTEM32\WSOCK32.dll
0x00007ffe61460000 - 0x00007ffe614cb000 	C:\WINDOWS\System32\WS2_32.dll
0x00007ffe5cc20000 - 0x00007ffe5cc32000 	C:\WINDOWS\SYSTEM32\kernel.appcore.dll
0x00007ffe575c0000 - 0x00007ffe575ca000 	C:\Program Files\Java\jdk-15.0.2\bin\jimage.dll
0x00007ffe4d820000 - 0x00007ffe4da04000 	C:\WINDOWS\SYSTEM32\DBGHELP.DLL
0x00007ffe4d7a0000 - 0x00007ffe4d7d4000 	C:\WINDOWS\SYSTEM32\dbgcore.DLL
0x00007ffe5f600000 - 0x00007ffe5f682000 	C:\WINDOWS\System32\bcryptPrimitives.dll
0x00007ffe4fa10000 - 0x00007ffe4fa35000 	C:\Program Files\Java\jdk-15.0.2\bin\java.dll
0x00007ffe60520000 - 0x00007ffe60c64000 	C:\WINDOWS\System32\SHELL32.dll
0x00007ffe5ce20000 - 0x00007ffe5d5b3000 	C:\WINDOWS\SYSTEM32\windows.storage.dll
0x00007ffe5ffd0000 - 0x00007ffe60324000 	C:\WINDOWS\System32\combase.dll
0x00007ffe5e6c0000 - 0x00007ffe5e6ee000 	C:\WINDOWS\SYSTEM32\Wldp.dll
0x00007ffe5fc50000 - 0x00007ffe5fcfd000 	C:\WINDOWS\System32\SHCORE.dll
0x00007ffe5fb00000 - 0x00007ffe5fb55000 	C:\WINDOWS\System32\shlwapi.dll
0x00007ffe5ec80000 - 0x00007ffe5ec9f000 	C:\WINDOWS\SYSTEM32\profapi.dll
0x00007ffe529f0000 - 0x00007ffe52a09000 	C:\Program Files\Java\jdk-15.0.2\bin\net.dll
0x00007ffe53af0000 - 0x00007ffe53bfa000 	C:\WINDOWS\SYSTEM32\WINHTTP.dll
0x00007ffe5e420000 - 0x00007ffe5e48a000 	C:\WINDOWS\system32\mswsock.dll
0x00007ffe50670000 - 0x00007ffe50682000 	C:\Program Files\Java\jdk-15.0.2\bin\nio.dll
0x00007ffe50310000 - 0x00007ffe50328000 	C:\Program Files\Java\jdk-15.0.2\bin\zip.dll
0x00007ffe3b9a0000 - 0x00007ffe3bb20000 	C:\Program Files\Java\jdk-15.0.2\bin\awt.dll
0x00007ffe5fdf0000 - 0x00007ffe5febd000 	C:\WINDOWS\System32\OLEAUT32.dll
0x00007ffe5c490000 - 0x00007ffe5c520000 	C:\WINDOWS\SYSTEM32\apphelp.dll
0x00007ffe5c750000 - 0x00007ffe5c7ee000 	C:\WINDOWS\system32\uxtheme.dll
0x00007ffe43380000 - 0x00007ffe433ae000 	C:\Program Files\uvnc bvba\UltraVNC\schook64.dll
0x00007ffe614d0000 - 0x00007ffe615e4000 	C:\WINDOWS\System32\MSCTF.dll
0x00007ffe60f90000 - 0x00007ffe610ba000 	C:\WINDOWS\System32\ole32.dll
0x00007ffe5ca40000 - 0x00007ffe5ca6f000 	C:\WINDOWS\system32\DWMAPI.DLL
0x00007ffe2fbb0000 - 0x00007ffe2fc60000 	C:\WINDOWS\WinSxS\amd64_microsoft.windows.common-controls_6595b64144ccf1df_5.82.19041.1110_none_792d1c772443f647\comctl32.dll
0x00007ffe47500000 - 0x00007ffe47585000 	C:\Program Files\Java\jdk-15.0.2\bin\freetype.dll
0x00007ffe43410000 - 0x00007ffe434b9000 	C:\Program Files\Java\jdk-15.0.2\bin\fontmanager.dll
0x00007ffe48d60000 - 0x00007ffe48e85000 	C:\WINDOWS\system32\opengl32.dll
0x00007ffe49cb0000 - 0x00007ffe49cdc000 	C:\WINDOWS\SYSTEM32\GLU32.dll
0x00007ffe60ca0000 - 0x00007ffe60d49000 	C:\WINDOWS\System32\clbcatq.dll
0x00007ffe5a8d0000 - 0x00007ffe5a9c6000 	C:\WINDOWS\SYSTEM32\PROPSYS.dll
0x00007ffe50190000 - 0x00007ffe501a7000 	C:\WINDOWS\system32\NetworkExplorer.dll
0x00007ffe5ee10000 - 0x00007ffe5ee5e000 	C:\WINDOWS\System32\CFGMGR32.dll
0x00007ffe4be40000 - 0x00007ffe4be5d000 	C:\WINDOWS\SYSTEM32\MPR.dll
0x00007ffe30a80000 - 0x00007ffe30a8b000 	C:\WINDOWS\System32\drprov.dll
0x00007ffe5e850000 - 0x00007ffe5e8b4000 	C:\WINDOWS\System32\WINSTA.dll
0x00007ffe30a60000 - 0x00007ffe30a7f000 	C:\WINDOWS\System32\ntlanman.dll
0x00007ffe30a40000 - 0x00007ffe30a5e000 	C:\WINDOWS\System32\davclnt.dll
0x00007ffe30a30000 - 0x00007ffe30a3d000 	C:\WINDOWS\System32\DAVHLPR.dll
0x00007ffe5dea0000 - 0x00007ffe5deb9000 	C:\WINDOWS\System32\wkscli.dll
0x00007ffe4e850000 - 0x00007ffe4e862000 	C:\WINDOWS\SYSTEM32\cscapi.dll
0x00007ffe5e220000 - 0x00007ffe5e22c000 	C:\WINDOWS\System32\netutils.dll
0x00007ffe500d0000 - 0x00007ffe50126000 	C:\Windows\System32\dlnashext.dll
0x00007ffe41a50000 - 0x00007ffe41ab4000 	C:\Windows\System32\PlayToDevice.dll
0x00007ffe4ff50000 - 0x00007ffe4ff70000 	C:\Windows\System32\DevDispItemProvider.dll
0x00007ffe58d80000 - 0x00007ffe58e05000 	C:\WINDOWS\System32\MMDevApi.dll
0x00007ffe5ea80000 - 0x00007ffe5eaac000 	C:\WINDOWS\System32\DEVOBJ.dll
0x00007ffe5e110000 - 0x00007ffe5e14c000 	C:\Windows\System32\IPHLPAPI.DLL
0x00007ffe5fd00000 - 0x00007ffe5fd08000 	C:\WINDOWS\System32\NSI.dll
0x00007ffe562b0000 - 0x00007ffe562c7000 	C:\WINDOWS\SYSTEM32\dhcpcsvc6.DLL
0x00007ffe57740000 - 0x00007ffe5775d000 	C:\WINDOWS\SYSTEM32\dhcpcsvc.DLL
0x00007ffe5e150000 - 0x00007ffe5e21b000 	C:\WINDOWS\SYSTEM32\DNSAPI.dll
0x00007ffe58a60000 - 0x00007ffe58a6b000 	C:\WINDOWS\SYSTEM32\WINNSI.DLL
0x00007ffe5a440000 - 0x00007ffe5a47e000 	C:\WINDOWS\System32\netprofm.dll
0x00007ffe580b0000 - 0x00007ffe580c0000 	C:\WINDOWS\System32\npmproxy.dll
0x00007ffe3d430000 - 0x00007ffe3d4d1000 	C:\WINDOWS\system32\wpdshext.dll
0x00007ffe2ff40000 - 0x00007ffe300e5000 	C:\WINDOWS\WinSxS\amd64_microsoft.windows.gdiplus_6595b64144ccf1df_1.1.19041.2251_none_91a40448cc8846c1\gdiplus.dll
0x00007ffe59630000 - 0x00007ffe596d3000 	C:\Windows\System32\PortableDeviceApi.dll
0x00007ffe5f690000 - 0x00007ffe5faf8000 	C:\WINDOWS\System32\SETUPAPI.dll
0x00007ffe5f140000 - 0x00007ffe5f167000 	C:\WINDOWS\System32\bcrypt.dll
0x00007ffe5f3d0000 - 0x00007ffe5f437000 	C:\WINDOWS\System32\WINTRUST.dll
0x00007ffe5f170000 - 0x00007ffe5f2c6000 	C:\WINDOWS\System32\CRYPT32.dll
0x00007ffe5e8c0000 - 0x00007ffe5e8d2000 	C:\WINDOWS\System32\MSASN1.dll
0x00007ffe44860000 - 0x00007ffe44897000 	C:\Windows\System32\EhStorShell.dll
0x00007ffe4faa0000 - 0x00007ffe4fac6000 	C:\Windows\System32\EhStorAPI.dll
0x00007ffe5c0f0000 - 0x00007ffe5c104000 	C:\Windows\System32\WTSAPI32.dll
0x00007ffe47990000 - 0x00007ffe4799d000 	C:\WINDOWS\SYSTEM32\LINKINFO.dll
0x00007ffe575b0000 - 0x00007ffe575c0000 	C:\Program Files\Java\jdk-15.0.2\bin\verify.dll
0x00007ffe507a0000 - 0x00007ffe507ad000 	C:\Program Files\Java\jdk-15.0.2\bin\sunmscapi.dll
0x00007ffe5e730000 - 0x00007ffe5e758000 	C:\WINDOWS\SYSTEM32\ncrypt.dll
0x00007ffe5e6f0000 - 0x00007ffe5e72b000 	C:\WINDOWS\SYSTEM32\NTASN1.dll
0x00007ffe596e0000 - 0x00007ffe59894000 	C:\WINDOWS\SYSTEM32\WindowsCodecs.dll
0x00007ffe45c30000 - 0x00007ffe45c6e000 	C:\WINDOWS\system32\dataexchange.dll
0x00007ffe5b7f0000 - 0x00007ffe5b9d3000 	C:\WINDOWS\system32\dcomp.dll
0x00007ffe5af90000 - 0x00007ffe5b1f3000 	C:\WINDOWS\system32\d3d11.dll
0x00007ffe5d600000 - 0x00007ffe5d6f3000 	C:\WINDOWS\system32\dxgi.dll
0x00007ffe59930000 - 0x00007ffe59b30000 	C:\WINDOWS\system32\twinapi.appcore.dll
0x000002c2eeb30000 - 0x000002c2eeb33000 	C:\Program Files\Java\jdk-15.0.2\bin\api-ms-win-core-console-l1-1-0.dll
0x000002c2eeb40000 - 0x000002c2eeb43000 	C:\Program Files\Java\jdk-15.0.2\bin\api-ms-win-core-datetime-l1-1-0.dll
0x000002c2eeb50000 - 0x000002c2eeb53000 	C:\Program Files\Java\jdk-15.0.2\bin\api-ms-win-core-debug-l1-1-0.dll
0x000002c2eeb60000 - 0x000002c2eeb63000 	C:\Program Files\Java\jdk-15.0.2\bin\api-ms-win-core-errorhandling-l1-1-0.dll
0x000002c2eeb70000 - 0x000002c2eeb74000 	C:\Program Files\Java\jdk-15.0.2\bin\api-ms-win-core-file-l1-1-0.dll
0x000002c2eeb80000 - 0x000002c2eeb83000 	C:\Program Files\Java\jdk-15.0.2\bin\api-ms-win-core-file-l1-2-0.dll
0x000002c2f0e30000 - 0x000002c2f0e33000 	C:\Program Files\Java\jdk-15.0.2\bin\api-ms-win-core-file-l2-1-0.dll
0x000002c2f2710000 - 0x000002c2f2713000 	C:\Program Files\Java\jdk-15.0.2\bin\api-ms-win-core-handle-l1-1-0.dll
0x000002c2f2720000 - 0x000002c2f2723000 	C:\Program Files\Java\jdk-15.0.2\bin\api-ms-win-core-heap-l1-1-0.dll
0x000002c2f2730000 - 0x000002c2f2733000 	C:\Program Files\Java\jdk-15.0.2\bin\api-ms-win-core-interlocked-l1-1-0.dll
0x000002c2f2740000 - 0x000002c2f2743000 	C:\Program Files\Java\jdk-15.0.2\bin\api-ms-win-core-libraryloader-l1-1-0.dll
0x000002c2f2750000 - 0x000002c2f2753000 	C:\Program Files\Java\jdk-15.0.2\bin\api-ms-win-core-localization-l1-2-0.dll
0x000002c2f2760000 - 0x000002c2f2763000 	C:\Program Files\Java\jdk-15.0.2\bin\api-ms-win-core-memory-l1-1-0.dll
0x000002c2f2770000 - 0x000002c2f2773000 	C:\Program Files\Java\jdk-15.0.2\bin\api-ms-win-core-namedpipe-l1-1-0.dll
0x000002c2f2780000 - 0x000002c2f2783000 	C:\Program Files\Java\jdk-15.0.2\bin\api-ms-win-core-processenvironment-l1-1-0.dll
0x000002c2f2790000 - 0x000002c2f2793000 	C:\Program Files\Java\jdk-15.0.2\bin\api-ms-win-core-processthreads-l1-1-0.dll
0x000002c2f27a0000 - 0x000002c2f27a3000 	C:\Program Files\Java\jdk-15.0.2\bin\api-ms-win-core-processthreads-l1-1-1.dll
0x000002c2f27b0000 - 0x000002c2f27b3000 	C:\Program Files\Java\jdk-15.0.2\bin\api-ms-win-core-profile-l1-1-0.dll
0x000002c2f27c0000 - 0x000002c2f27c3000 	C:\Program Files\Java\jdk-15.0.2\bin\api-ms-win-core-rtlsupport-l1-1-0.dll
0x000002c2f27d0000 - 0x000002c2f27d3000 	C:\Program Files\Java\jdk-15.0.2\bin\api-ms-win-core-string-l1-1-0.dll
0x000002c2f27e0000 - 0x000002c2f27e3000 	C:\Program Files\Java\jdk-15.0.2\bin\api-ms-win-core-synch-l1-1-0.dll
0x000002c2f27f0000 - 0x000002c2f27f3000 	C:\Program Files\Java\jdk-15.0.2\bin\api-ms-win-core-synch-l1-2-0.dll
0x000002c2f2800000 - 0x000002c2f2803000 	C:\Program Files\Java\jdk-15.0.2\bin\api-ms-win-core-sysinfo-l1-1-0.dll

dbghelp: loaded successfully - version: 4.0.5 - missing functions: none
symbol engine: initialized successfully - sym options: 0x614 - pdb path: .;C:\Program Files\Java\jdk-15.0.2\bin;C:\WINDOWS\SYSTEM32;C:\WINDOWS\WinSxS\amd64_microsoft.windows.common-controls_6595b64144ccf1df_6.0.19041.1110_none_60b5254171f9507e;C:\Program Files\Java\jdk-15.0.2\bin\server;C:\Program Files\uvnc bvba\UltraVNC;C:\WINDOWS\WinSxS\amd64_microsoft.windows.common-controls_6595b64144ccf1df_5.82.19041.1110_none_792d1c772443f647;C:\WINDOWS\WinSxS\amd64_microsoft.windows.gdiplus_6595b64144ccf1df_1.1.19041.2251_none_91a40448cc8846c1;C:\Program Files\BellSoft\LibericaJDK-13-Full\bin

VM Arguments:
jvm_args: -Dfile.encoding=UTF-8 
java_command: simrskhanza.SIMRSKhanza
java_class_path (initial): E:\Sofware SIMRSKhanza\KhanzaHMSWindows\lib\calendar-src.jar;E:\Sofware SIMRSKhanza\KhanzaHMSWindows\lib\calendar-doc.jar;E:\Sofware SIMRSKhanza\KhanzaHMSWindows\lib\calendar.jar;E:\Sofware SIMRSKhanza\KhanzaHMSWindows\lib\jcalendar-1.4.jar;E:\Sofware SIMRSKhanza\KhanzaHMSWindows\lib\ant-1.7.1.jar;E:\Sofware SIMRSKhanza\KhanzaHMSWindows\lib\apache-httpcomponents-httpclient.jar;E:\Sofware SIMRSKhanza\KhanzaHMSWindows\lib\appframework-1.0.3.jar;E:\Sofware SIMRSKhanza\KhanzaHMSWindows\lib\barbecue-1.5-beta1.jar;E:\Sofware SIMRSKhanza\KhanzaHMSWindows\lib\batik-dom.jar;E:\Sofware SIMRSKhanza\KhanzaHMSWindows\lib\groovy-all-2.4.7.jar;E:\Sofware SIMRSKhanza\KhanzaHMSWindows\lib\bcel-5.2.jar;E:\Sofware SIMRSKhanza\KhanzaHMSWindows\lib\bcprov-jdk15on-154.jar;E:\Sofware SIMRSKhanza\KhanzaHMSWindows\lib\poi-4.1.0.jar;E:\Sofware SIMRSKhanza\KhanzaHMSWindows\lib\beansbinding-1.2.1.jar;E:\Sofware SIMRSKhanza\KhanzaHMSWindows\lib\bsh-2.0b4.jar;E:\Sofware SIMRSKhanza\KhanzaHMSWindows\lib\com-jaspersoft-ireport.jar;E:\Sofware SIMRSKhanza\KhanzaHMSWindows\lib\com.fasterxml.jackson.core.jar;E:\Sofware SIMRSKhanza\KhanzaHMSWindows\lib\comm.jar;E:\Sofware SIMRSKhanza\KhanzaHMSWindows\lib\common-javaFX-plugin.jar;E:\Sofware SIMRSKhanza\KhanzaHMSWindows\lib\commons-codec-1.10.jar;E:\Sofware SIMRSKhanza\KhanzaHMSWindows\lib\commons-javaflow-20060411.jar;E:\Sofware SIMRSKhanza\KhanzaHMSWindows\lib\commons-logging-1.2.jar;E:\Sofware SIMRSKhanza\KhanzaHMSWindows\lib\fluent-hc-4.5.1.jar;E:\Sofware SIMRSKhanza\KhanzaHMSWindows\lib\fontbox-2.0.13.jar;E:\Sofware SIMRSKhanza\KhanzaHMSWindows\lib\gson-2.2.2.jar;E:\Sofware SIMRSKhanza\KhanzaHMSWindows\lib\hibernate3.jar;E:\Sofware SIMRSKhanza\KhanzaHMSWindows\lib\hsqldb-1.8.0-10.jar;E:\Sofware SIMRSKhanza\KhanzaHMSWindows\lib\httpclient-4.5.1.jar;E:\Sofware SIMRSKhanza\KhanzaHMSWindows\lib\httpclient-cache-4.5.1.jar;E:\Sofware SIMRSKhanza\KhanzaHMSWindows\lib\httpclient-win-4.5.1.jar;E:\Sofware SIMRSKhanza\KhanzaHMSWind
Launcher Type: SUN_STANDARD

[Global flags]
     intx CICompilerCount                          = 3                                         {product} {ergonomic}
     uint ConcGCThreads                            = 1                                         {product} {ergonomic}
     uint G1ConcRefinementThreads                  = 4                                         {product} {ergonomic}
   size_t G1HeapRegionSize                         = 1048576                                   {product} {ergonomic}
    uintx GCDrainStackTargetSize                   = 64                                        {product} {ergonomic}
   size_t InitialHeapSize                          = 67108864                                  {product} {ergonomic}
   size_t MarkStackSize                            = 4194304                                   {product} {ergonomic}
   size_t MaxHeapSize                              = 1048576000                                {product} {ergonomic}
   size_t MaxNewSize                               = 629145600                                 {product} {ergonomic}
   size_t MinHeapDeltaBytes                        = 1048576                                   {product} {ergonomic}
   size_t MinHeapSize                              = 8388608                                   {product} {ergonomic}
    uintx NonNMethodCodeHeapSize                   = 5832780                                {pd product} {ergonomic}
    uintx NonProfiledCodeHeapSize                  = 122912730                              {pd product} {ergonomic}
    uintx ProfiledCodeHeapSize                     = 122912730                              {pd product} {ergonomic}
    uintx ReservedCodeCacheSize                    = 251658240                              {pd product} {ergonomic}
     bool SegmentedCodeCache                       = true                                      {product} {ergonomic}
   size_t SoftMaxHeapSize                          = 1048576000                             {manageable} {ergonomic}
     bool UseCompressedClassPointers               = true                                 {lp64_product} {ergonomic}
     bool UseCompressedOops                        = true                                 {lp64_product} {ergonomic}
     bool UseG1GC                                  = true                                      {product} {ergonomic}
     bool UseLargePagesIndividualAllocation        = false                                  {pd product} {ergonomic}

Logging:
Log output configuration:
 #0: stdout all=warning uptime,level,tags
 #1: stderr all=off uptime,level,tags

Environment Variables:
JAVA_HOME=C:\Program Files\BellSoft\LibericaJDK-13-Full\
PATH=C:\Program Files\BellSoft\LibericaJDK-13-Full\bin\;C:\Program Files\Common Files\Oracle\Java\javapath;C:\WINDOWS\system32;C:\WINDOWS;C:\WINDOWS\System32\Wbem;C:\WINDOWS\System32\WindowsPowerShell\v1.0\;C:\WINDOWS\System32\OpenSSH\;C:\Program Files\nodejs\;C:\Windows\Microsoft.NET\Framework\v4.0.30319;C:\Program Files (x86)\Appeon\PowerBuilder 19.0;C:\Program Files (x86)\Appeon\PowerBuilderCompiler 19.0;C:\xampp\php;C:\composer;C:\Program Files (x86)\Microsoft SQL Server\150\DTS\Binn\;C:\Program Files\Azure Data Studio\bin;C:\Program Files\Git\cmd;C:\Users\User\AppData\Local\Microsoft\WindowsApps;C:\Users\User\AppData\Roaming\npm;C:\Users\User\AppData\Roaming\Composer\vendor\bin;C:\Program Files\Azure Data Studio\bin;C:\Users\User\AppData\Local\Programs\Microsoft VS Code\bin;C:\Program Files\Tesseract-OCR;
USERNAME=User
OS=Windows_NT
PROCESSOR_IDENTIFIER=Intel64 Family 6 Model 60 Stepping 3, GenuineIntel



---------------  S Y S T E M  ---------------

OS:
 Windows 10 , 64 bit Build 19041 (10.0.19041.2788)
OS uptime: 1 days 2:36 hours

CPU: total 4 (initial active 4) (2 cores per cpu, 2 threads per core) family 6 model 60 stepping 3 microcode 0x27, cmov, cx8, fxsr, mmx, sse, sse2, sse3, ssse3, sse4.1, sse4.2, popcnt, vzeroupper, avx, avx2, aes, clmul, erms, lzcnt, ht, tsc, tscinvbit, bmi1, bmi2, fma, clflush

Memory: 4k page, system-wide physical 3996M (820M free)
TotalPageFile size 12514M (AvailPageFile size 2047M)
current process WorkingSet (physical memory assigned to process): 306M, peak: 307M
current process commit charge ("private bytes"): 368M, peak: 371M

vm_info: Java HotSpot(TM) 64-Bit Server VM (15.0.2+7-27) for windows-amd64 JRE (15.0.2+7-27), built on Dec  7 2020 20:07:01 by "mach5one" with unknown MS VC++:1925

END.
