#
# A fatal error has been detected by the Java Runtime Environment:
#
#  EXCEPTION_ACCESS_VIOLATION (0xc0000005) at pc=0x00007ffed54da3d1, pid=8380, tid=5144
#
# JRE version: Java(TM) SE Runtime Environment (15.0.2+7) (build 15.0.2+7-27)
# Java VM: Java HotSpot(TM) 64-Bit Server VM (15.0.2+7-27, mixed mode, sharing, tiered, compressed oops, g1 gc, windows-amd64)
# Problematic frame:
# V  [jvm.dll+0x3aa3d1]
#
# No core dump will be written. Minidumps are not enabled by default on client versions of Windows
#
# If you would like to submit a bug report, please visit:
#   https://bugreport.java.com/bugreport/crash.jsp
#

---------------  S U M M A R Y ------------

Command Line: -Dfile.encoding=UTF-8 simrskhanza.SIMRSKhanza

Host: Intel(R) Core(TM) i3-4170 CPU @ 3.70GHz, 4 cores, 3G,  Windows 10 , 64 bit Build 19041 (10.0.19041.2788)
Time: Mon Jul 10 13:29:08 2023 SE Asia Standard Time elapsed time: 32.261025 seconds (0d 0h 0m 32s)

---------------  T H R E A D  ---------------

Current thread (0x000001a6df036e90):  JavaThread "JavaFX Application Thread" [_thread_in_vm, id=5144, stack(0x0000005d84600000,0x0000005d84700000)]

Stack: [0x0000005d84600000,0x0000005d84700000],  sp=0x0000005d846fde20,  free space=1015k
Native frames: (J=compiled Java code, j=interpreted, Vv=VM code, C=native code)
V  [jvm.dll+0x3aa3d1]
C  0x00007ffec129feac

Java frames: (J=compiled Java code, j=interpreted, Vv=VM code)
j  com.sun.webkit.WebPage.twkCreatePage(Z)J+0
j  com.sun.webkit.WebPage.<init>(Lcom/sun/webkit/WebPageClient;Lcom/sun/webkit/UIClient;Lcom/sun/webkit/PolicyClient;Lcom/sun/webkit/InspectorClient;Lcom/sun/webkit/ThemeClient;Z)V+177
j  javafx.scene.web.WebEngine.<init>(Ljava/lang/String;Z)V+270
j  javafx.scene.web.WebEngine.<init>()V+3
j  javafx.scene.web.WebView.<init>()V+60
j  bridging.INACBGHybrid$3.run()V+4
j  com.sun.javafx.application.PlatformImpl.lambda$runLater$10(Ljava/lang/Runnable;)Ljava/lang/Void;+1
j  com.sun.javafx.application.PlatformImpl$$Lambda$261+0x000000080105f0f0.run()Ljava/lang/Object;+4
J 2192 c1 java.security.AccessController.doPrivileged(Ljava/security/PrivilegedAction;Ljava/security/AccessControlContext;)Ljava/lang/Object; java.base@15.0.2 (17 bytes) @ 0x000001a6ca308fe4 [0x000001a6ca308e00+0x00000000000001e4]
j  com.sun.javafx.application.PlatformImpl.lambda$runLater$11(Ljava/lang/Runnable;Ljava/security/AccessControlContext;)V+7
j  com.sun.javafx.application.PlatformImpl$$Lambda$260+0x000000080105eca0.run()V+8
j  com.sun.glass.ui.InvokeLaterDispatcher$Future.run()V+4
v  ~StubRoutines::call_stub
j  com.sun.glass.ui.win.WinApplication._runLoop(Ljava/lang/Runnable;)V+0
j  com.sun.glass.ui.win.WinApplication.lambda$runLoop$3(ILjava/lang/Runnable;)V+8
j  com.sun.glass.ui.win.WinApplication$$Lambda$247+0x0000000801031f88.run()V+12
j  java.lang.Thread.run()V+11 java.base@15.0.2
v  ~StubRoutines::call_stub

siginfo: EXCEPTION_ACCESS_VIOLATION (0xc0000005), reading address 0x0000000000000000


Register to memory mapping:

RIP=0x00007ffed54da3d1 jvm.dll
RAX=0x0 is NULL
RBX=0x000001a6df036e90 is a thread
RCX=0x6ed60f7d47fa0000 is an unknown value
RDX=0x000001a6e31f9418 is a global jni handle
RSP=0x0000005d846fde20 is pointing into the stack for thread: 0x000001a6df036e90
RBP=0x0000005d846fdf18 is pointing into the stack for thread: 0x000001a6df036e90
RSI=0x000001a6df0371b8 points into unknown readable memory: 0x00007ffed5b2de40 | 40 de b2 d5 fe 7f 00 00
RDI=0x000001a6e31f9418 is a global jni handle
R8 =0x0 is NULL
R9 =0x0000005d846fdf18 is pointing into the stack for thread: 0x000001a6df036e90
R10=0x000000000000003a is an unknown value
R11=0x0000005d846fde18 is pointing into the stack for thread: 0x000001a6df036e90
R12=0x0 is NULL
R13=
[error occurred during error reporting (printing register info), id 0xc0000005, EXCEPTION_ACCESS_VIOLATION (0xc0000005) at pc=0x00007ffed53d8322]

Registers:
RAX=0x0000000000000000, RBX=0x000001a6df036e90, RCX=0x6ed60f7d47fa0000, RDX=0x000001a6e31f9418
RSP=0x0000005d846fde20, RBP=0x0000005d846fdf18, RSI=0x000001a6df0371b8, RDI=0x000001a6e31f9418
R8 =0x0000000000000000, R9 =0x0000005d846fdf18, R10=0x000000000000003a, R11=0x0000005d846fde18
R12=0x0000000000000000, R13=0x00000000ffffffff, R14=0x0000000000000000, R15=0x0000000000000000
RIP=0x00007ffed54da3d1, EFLAGS=0x0000000000010202

Top of Stack: (sp=0x0000005d846fde20)
0x0000005d846fde20:   000001a6df036e90 000001a6df0371b8
0x0000005d846fde30:   0000000000000000 00007ffef9fd2690
0x0000005d846fde40:   0000000000000000 00007ffec47d5e30
0x0000005d846fde50:   00006e8b8b129b4a 0000005d846fdeb0
0x0000005d846fde60:   0000000000000000 000001a6e31f9418
0x0000005d846fde70:   000001a6df036e90 000001a6e4de3780
0x0000005d846fde80:   000001a600000493 00007ffed59caaa0
0x0000005d846fde90:   000001a6df036e90 00007ffed54d266a
0x0000005d846fdea0:   00007ffec2c11a90 00007ffec2960cd0
0x0000005d846fdeb0:   000001a600000002 00007ffe00000002
0x0000005d846fdec0:   000001a6e0cdebd0 00007ffec129feac
0x0000005d846fded0:   000001a6e398796c 0000000000000000
0x0000005d846fdee0:   00007ffec47d5e30 000001a6df0371b8
0x0000005d846fdef0:   000001a6df0371b8 00007ffec2754a8d
0x0000005d846fdf00:   000001a6e398796c 0000000000000000
0x0000005d846fdf10:   0000000000000000 000000000000001c 

Instructions: (pc=0x00007ffed54da3d1)
0x00007ffed54da2d1:   00 00 48 8b bc 24 c0 00 00 00 c0 e8 03 a8 01 74
0x00007ffed54da2e1:   08 48 8b cb e8 a6 29 2e 00 0f 28 c6 c7 83 98 03
0x00007ffed54da2f1:   00 00 04 00 00 00 0f 28 b4 24 b0 00 00 00 48 81
0x00007ffed54da301:   c4 d0 00 00 00 5b c3 cc cc cc cc cc cc cc cc 48
0x00007ffed54da311:   89 5c 24 08 48 89 6c 24 10 48 89 74 24 18 48 89
0x00007ffed54da321:   7c 24 20 41 56 48 81 ec a0 00 00 00 8b 81 88 00
0x00007ffed54da331:   00 00 48 8d 99 d8 fc ff ff 05 55 21 ff ff 49 8b
0x00007ffed54da341:   e9 4d 8b f0 48 8b fa 48 8b f1 83 f8 01 76 0a 48
0x00007ffed54da351:   8b cb e8 28 33 39 00 33 db c7 83 98 03 00 00 05
0x00007ffed54da361:   00 00 00 e8 c7 26 27 00 48 8b 03 48 8b cb ff 50
0x00007ffed54da371:   38 84 c0 74 0e 48 8b 83 10 01 00 00 c0 e8 03 24
0x00007ffed54da381:   01 eb 0b 8b 05 86 23 6f 00 85 c0 0f 95 c0 84 c0
0x00007ffed54da391:   75 0d 8b 83 e0 00 00 00 a9 04 00 00 20 74 08 48
0x00007ffed54da3a1:   8b cb e8 58 39 39 00 c7 83 98 03 00 00 06 00 00
0x00007ffed54da3b1:   00 48 83 7b 08 00 48 89 5c 24 50 48 c7 44 24 58
0x00007ffed54da3c1:   00 00 00 00 74 0a 48 8d 4c 24 50 e8 1f c5 2a 00
0x00007ffed54da3d1:   49 8b 16 48 8d 4c 24 70 c7 44 24 40 04 00 00 00
0x00007ffed54da3e1:   e8 ea cf 00 00 48 89 ac 24 98 00 00 00 48 8d 05
0x00007ffed54da3f1:   33 07 4f 00 48 89 44 24 70 40 f6 c7 01 74 0c 48
0x00007ffed54da401:   8d 4f ff ff 15 9e 13 65 00 eb 09 48 8b cf ff 15
0x00007ffed54da411:   f3 9b 64 00 8b 15 85 9c 6d 00 48 8b c8 e8 ed d0
0x00007ffed54da421:   26 00 48 8b d3 48 8b c8 4c 8b 00 41 ff 90 b0 00
0x00007ffed54da431:   00 00 48 83 7b 08 00 75 35 48 8d 44 24 70 48 89
0x00007ffed54da441:   5c 24 30 48 89 44 24 28 48 8d 54 24 40 45 33 c9
0x00007ffed54da451:   4c 89 74 24 20 45 33 c0 48 8b ce e8 3f e4 00 00
0x00007ffed54da461:   48 83 7b 08 00 75 07 0f b6 74 24 48 eb 03 40 32
0x00007ffed54da471:   f6 48 83 7c 24 58 00 74 0a 48 8d 4c 24 50 e8 0c
0x00007ffed54da481:   c5 2a 00 48 8b bb f8 00 00 00 48 8b 4f 10 48 83
0x00007ffed54da491:   39 00 74 0c 48 8b cf e8 d3 a0 f6 ff 48 8b 4f 10
0x00007ffed54da4a1:   48 8b 47 08 48 89 48 10 48 8b 4f 08 48 8b 47 18
0x00007ffed54da4b1:   48 89 41 18 48 8b 4f 08 48 8b 47 20 48 89 41 20
0x00007ffed54da4c1:   c7 83 98 03 00 00 07 00 00 00 e8 60 25 27 00 48 


Stack slot to memory mapping:
stack at sp + 0 slots: 0x000001a6df036e90 is a thread
stack at sp + 1 slots: 0x000001a6df0371b8 points into unknown readable memory: 0x00007ffed5b2de40 | 40 de b2 d5 fe 7f 00 00
stack at sp + 2 slots: 0x0 is NULL
stack at sp + 3 slots: 0x00007ffef9fd2690 ucrtbase.dll
stack at sp + 4 slots: 0x0 is NULL
stack at sp + 5 slots: 0x00007ffec47d5e30 points into unknown readable memory: 0x00007ffec4826268 | 68 62 82 c4 fe 7f 00 00
stack at sp + 6 slots: 0x00006e8b8b129b4a is an unknown value
stack at sp + 7 slots: 0x0000005d846fdeb0 is pointing into the stack for thread: 0x000001a6df036e90


---------------  P R O C E S S  ---------------

Threads class SMR info:
_java_thread_list=0x000001a6e4ff7a70, length=24, elements={
0x000001a6dd31fa20, 0x000001a6dd320ca0, 0x000001a6dd33a2f0, 0x000001a6dd33ccc0,
0x000001a6dd33de20, 0x000001a6dd345010, 0x000001a6dd3479a0, 0x000001a6dd350e40,
0x000001a6ddecb0e0, 0x000001a6ddebe660, 0x000001a6dec31670, 0x000001a6de8ce090,
0x000001a6de8ce560, 0x000001a6df03a850, 0x000001a6df039510, 0x000001a6df037360,
0x000001a6df03a380, 0x000001a6df0381d0, 0x000001a6df039040, 0x000001a6df0399e0,
0x000001a6df036e90, 0x000001a6df039eb0, 0x000001a6dd349800, 0x000001a6df037830
}

Java Threads: ( => current thread )
  0x000001a6dd31fa20 JavaThread "Reference Handler" daemon [_thread_blocked, id=6916, stack(0x0000005d82800000,0x0000005d82900000)]
  0x000001a6dd320ca0 JavaThread "Finalizer" daemon [_thread_blocked, id=6728, stack(0x0000005d82900000,0x0000005d82a00000)]
  0x000001a6dd33a2f0 JavaThread "Signal Dispatcher" daemon [_thread_blocked, id=4160, stack(0x0000005d82a00000,0x0000005d82b00000)]
  0x000001a6dd33ccc0 JavaThread "Attach Listener" daemon [_thread_blocked, id=6416, stack(0x0000005d82b00000,0x0000005d82c00000)]
  0x000001a6dd33de20 JavaThread "Service Thread" daemon [_thread_blocked, id=5184, stack(0x0000005d82c00000,0x0000005d82d00000)]
  0x000001a6dd345010 JavaThread "C2 CompilerThread0" daemon [_thread_in_native, id=9944, stack(0x0000005d82d00000,0x0000005d82e00000)]
  0x000001a6dd3479a0 JavaThread "C1 CompilerThread0" daemon [_thread_blocked, id=9732, stack(0x0000005d82e00000,0x0000005d82f00000)]
  0x000001a6dd350e40 JavaThread "Sweeper thread" daemon [_thread_blocked, id=11064, stack(0x0000005d82f00000,0x0000005d83000000)]
  0x000001a6ddecb0e0 JavaThread "Notification Thread" daemon [_thread_blocked, id=8332, stack(0x0000005d83000000,0x0000005d83100000)]
  0x000001a6ddebe660 JavaThread "Common-Cleaner" daemon [_thread_blocked, id=6300, stack(0x0000005d83200000,0x0000005d83300000)]
  0x000001a6dec31670 JavaThread "Java2D Disposer" daemon [_thread_blocked, id=552, stack(0x0000005d83500000,0x0000005d83600000)]
  0x000001a6de8ce090 JavaThread "AWT-Shutdown" [_thread_blocked, id=8156, stack(0x0000005d83600000,0x0000005d83700000)]
  0x000001a6de8ce560 JavaThread "AWT-Windows" daemon [_thread_in_native, id=4324, stack(0x0000005d83700000,0x0000005d83800000)]
  0x000001a6df03a850 JavaThread "AWT-EventQueue-0" [_thread_blocked, id=1648, stack(0x0000005d83b00000,0x0000005d83c00000)]
  0x000001a6df039510 JavaThread "Swing-Shell" daemon [_thread_blocked, id=8360, stack(0x0000005d83c00000,0x0000005d83d00000)]
  0x000001a6df037360 JavaThread "DestroyJavaVM" [_thread_blocked, id=8784, stack(0x0000005d82100000,0x0000005d82200000)]
  0x000001a6df03a380 JavaThread "Abandoned connection cleanup thread" daemon [_thread_blocked, id=4944, stack(0x0000005d84200000,0x0000005d84300000)]
  0x000001a6df0381d0 JavaThread "TimerQueue" daemon [_thread_blocked, id=1724, stack(0x0000005d84300000,0x0000005d84400000)]
  0x000001a6df039040 JavaThread "QuantumRenderer-0" daemon [_thread_blocked, id=4444, stack(0x0000005d84400000,0x0000005d84500000)]
  0x000001a6df0399e0 JavaThread "InvokeLaterDispatcher" daemon [_thread_blocked, id=5000, stack(0x0000005d84500000,0x0000005d84600000)]
=>0x000001a6df036e90 JavaThread "JavaFX Application Thread" [_thread_in_vm, id=5144, stack(0x0000005d84600000,0x0000005d84700000)]
  0x000001a6df039eb0 JavaThread "Thread-2" daemon [_thread_in_native, id=7060, stack(0x0000005d83a00000,0x0000005d83b00000)]
  0x000001a6dd349800 JavaThread "C2 CompilerThread1" daemon [_thread_blocked, id=4416, stack(0x0000005d84000000,0x0000005d84100000)]
  0x000001a6df037830 JavaThread "Image Fetcher 0" daemon [_thread_blocked, id=10852, stack(0x0000005d84a00000,0x0000005d84b00000)]

Other Threads:
  0x000001a6dd31bae0 VMThread "VM Thread" [stack: 0x0000005d82700000,0x0000005d82800000] [id=1704]
  0x000001a6ddecb9c0 WatcherThread [stack: 0x0000005d83100000,0x0000005d83200000] [id=384]
  0x000001a6c175bec0 GCTaskThread "GC Thread#0" [stack: 0x0000005d82200000,0x0000005d82300000] [id=2644]
  0x000001a6ddeae1d0 GCTaskThread "GC Thread#1" [stack: 0x0000005d83300000,0x0000005d83400000] [id=4292]
  0x000001a6dec7dcc0 GCTaskThread "GC Thread#2" [stack: 0x0000005d83800000,0x0000005d83900000] [id=10900]
  0x000001a6dec7ccd0 GCTaskThread "GC Thread#3" [stack: 0x0000005d83900000,0x0000005d83a00000] [id=5988]
  0x000001a6c1767d50 ConcurrentGCThread "G1 Main Marker" [stack: 0x0000005d82300000,0x0000005d82400000] [id=7912]
  0x000001a6c1768ff0 ConcurrentGCThread "G1 Conc#0" [stack: 0x0000005d82400000,0x0000005d82500000] [id=4568]
  0x000001a6c17b61d0 ConcurrentGCThread "G1 Refine#0" [stack: 0x0000005d82500000,0x0000005d82600000] [id=8984]
  0x000001a6df418150 ConcurrentGCThread "G1 Refine#1" [stack: 0x0000005d83400000,0x0000005d83500000] [id=5700]
  0x000001a6c17b6ce0 ConcurrentGCThread "G1 Young RemSet Sampling" [stack: 0x0000005d82600000,0x0000005d82700000] [id=9080]

Threads with active compile tasks:
C2 CompilerThread0    32333 5907       4       javax.swing.plaf.basic.BasicTextUI$UpdateHandler::propertyChange (197 bytes)

VM state: not at safepoint (normal execution)

VM Mutex/Monitor currently owned by a thread: None

Heap address: 0x00000000c1800000, size: 1000 MB, Compressed Oops mode: 32-bit
CDS archive(s) mapped at: [0x0000000800000000-0x0000000800b50000-0x0000000800b50000), size 11862016, SharedBaseAddress: 0x0000000800000000, ArchiveRelocationMode: 0.
Compressed class space mapped at: 0x0000000800b50000-0x0000000840b50000, size: 1073741824
Narrow klass base: 0x0000000800000000, Narrow klass shift: 3, Narrow klass range: 0x100000000

GC Precious Log:
 CPUs: 4 total, 4 available
 Memory: 3996M
 Large Page Support: Disabled
 NUMA Support: Disabled
 Compressed Oops: Enabled (32-bit)
 Heap Region Size: 1M
 Heap Min Capacity: 8M
 Heap Initial Capacity: 64M
 Heap Max Capacity: 1000M
 Pre-touch: Disabled
 Parallel Workers: 4
 Concurrent Workers: 1
 Concurrent Refinement Workers: 4
 Periodic GC: Disabled

Heap:
 garbage-first heap   total 153600K, used 101448K [0x00000000c1800000, 0x0000000100000000)
  region size 1024K, 15 young (15360K), 3 survivors (3072K)
 Metaspace       used 44816K, capacity 45054K, committed 45488K, reserved 1089536K
  class space    used 6026K, capacity 6141K, committed 6144K, reserved 1048576K

Heap Regions: E=young(eden), S=young(survivor), O=old, HS=humongous(starts), HC=humongous(continues), CS=collection set, F=free, OA=open archive, CA=closed archive, TAMS=top-at-mark-start (previous, next)
|   0|0x00000000c1800000, 0x00000000c1900000, 0x00000000c1900000|100%| O|  |TAMS 0x00000000c1900000, 0x00000000c1800000| Untracked 
|   1|0x00000000c1900000, 0x00000000c1a00000, 0x00000000c1a00000|100%| O|  |TAMS 0x00000000c1a00000, 0x00000000c1900000| Untracked 
|   2|0x00000000c1a00000, 0x00000000c1b00000, 0x00000000c1b00000|100%| O|  |TAMS 0x00000000c1b00000, 0x00000000c1a00000| Untracked 
|   3|0x00000000c1b00000, 0x00000000c1c00000, 0x00000000c1c00000|100%| O|  |TAMS 0x00000000c1c00000, 0x00000000c1b00000| Untracked 
|   4|0x00000000c1c00000, 0x00000000c1d00000, 0x00000000c1d00000|100%|HS|  |TAMS 0x00000000c1d00000, 0x00000000c1c00000| Complete 
|   5|0x00000000c1d00000, 0x00000000c1e00000, 0x00000000c1e00000|100%|HS|  |TAMS 0x00000000c1e00000, 0x00000000c1d00000| Complete 
|   6|0x00000000c1e00000, 0x00000000c1f00000, 0x00000000c1f00000|100%|HC|  |TAMS 0x00000000c1f00000, 0x00000000c1e00000| Complete 
|   7|0x00000000c1f00000, 0x00000000c2000000, 0x00000000c2000000|100%|HS|  |TAMS 0x00000000c2000000, 0x00000000c1f00000| Complete 
|   8|0x00000000c2000000, 0x00000000c2100000, 0x00000000c2100000|100%| O|  |TAMS 0x00000000c2100000, 0x00000000c2000000| Untracked 
|   9|0x00000000c2100000, 0x00000000c2200000, 0x00000000c2200000|100%| O|  |TAMS 0x00000000c2200000, 0x00000000c2100000| Untracked 
|  10|0x00000000c2200000, 0x00000000c2300000, 0x00000000c2300000|100%| O|  |TAMS 0x00000000c2300000, 0x00000000c2200000| Untracked 
|  11|0x00000000c2300000, 0x00000000c2400000, 0x00000000c2400000|100%| O|  |TAMS 0x00000000c2400000, 0x00000000c2300000| Untracked 
|  12|0x00000000c2400000, 0x00000000c2500000, 0x00000000c2500000|100%| O|  |TAMS 0x00000000c2500000, 0x00000000c2400000| Untracked 
|  13|0x00000000c2500000, 0x00000000c2600000, 0x00000000c2600000|100%| O|  |TAMS 0x00000000c2600000, 0x00000000c2500000| Untracked 
|  14|0x00000000c2600000, 0x00000000c2700000, 0x00000000c2700000|100%| O|  |TAMS 0x00000000c2700000, 0x00000000c2600000| Untracked 
|  15|0x00000000c2700000, 0x00000000c2800000, 0x00000000c2800000|100%| O|  |TAMS 0x00000000c2800000, 0x00000000c2700000| Untracked 
|  16|0x00000000c2800000, 0x00000000c2900000, 0x00000000c2900000|100%| O|  |TAMS 0x00000000c2900000, 0x00000000c2800000| Untracked 
|  17|0x00000000c2900000, 0x00000000c2a00000, 0x00000000c2a00000|100%| O|  |TAMS 0x00000000c2a00000, 0x00000000c2900000| Untracked 
|  18|0x00000000c2a00000, 0x00000000c2b00000, 0x00000000c2b00000|100%| O|  |TAMS 0x00000000c2b00000, 0x00000000c2a00000| Untracked 
|  19|0x00000000c2b00000, 0x00000000c2c00000, 0x00000000c2c00000|100%| O|  |TAMS 0x00000000c2c00000, 0x00000000c2b00000| Untracked 
|  20|0x00000000c2c00000, 0x00000000c2d00000, 0x00000000c2d00000|100%| O|  |TAMS 0x00000000c2d00000, 0x00000000c2c00000| Untracked 
|  21|0x00000000c2d00000, 0x00000000c2e00000, 0x00000000c2e00000|100%| O|  |TAMS 0x00000000c2e00000, 0x00000000c2d00000| Untracked 
|  22|0x00000000c2e00000, 0x00000000c2f00000, 0x00000000c2f00000|100%| O|  |TAMS 0x00000000c2f00000, 0x00000000c2e00000| Untracked 
|  23|0x00000000c2f00000, 0x00000000c3000000, 0x00000000c3000000|100%| O|  |TAMS 0x00000000c3000000, 0x00000000c2f00000| Untracked 
|  24|0x00000000c3000000, 0x00000000c3100000, 0x00000000c3100000|100%| O|  |TAMS 0x00000000c3100000, 0x00000000c3000000| Untracked 
|  25|0x00000000c3100000, 0x00000000c3200000, 0x00000000c3200000|100%| O|  |TAMS 0x00000000c3200000, 0x00000000c3100000| Untracked 
|  26|0x00000000c3200000, 0x00000000c3300000, 0x00000000c3300000|100%| O|  |TAMS 0x00000000c3300000, 0x00000000c3200000| Untracked 
|  27|0x00000000c3300000, 0x00000000c3400000, 0x00000000c3400000|100%| O|  |TAMS 0x00000000c3400000, 0x00000000c3300000| Untracked 
|  28|0x00000000c3400000, 0x00000000c3500000, 0x00000000c3500000|100%| O|  |TAMS 0x00000000c3500000, 0x00000000c3400000| Untracked 
|  29|0x00000000c3500000, 0x00000000c3600000, 0x00000000c3600000|100%| O|  |TAMS 0x00000000c3600000, 0x00000000c3500000| Untracked 
|  30|0x00000000c3600000, 0x00000000c3700000, 0x00000000c3700000|100%| O|  |TAMS 0x00000000c3700000, 0x00000000c3600000| Untracked 
|  31|0x00000000c3700000, 0x00000000c3800000, 0x00000000c3800000|100%| O|  |TAMS 0x00000000c3800000, 0x00000000c3700000| Untracked 
|  32|0x00000000c3800000, 0x00000000c3900000, 0x00000000c3900000|100%| O|  |TAMS 0x00000000c3900000, 0x00000000c3800000| Untracked 
|  33|0x00000000c3900000, 0x00000000c3a00000, 0x00000000c3a00000|100%| O|  |TAMS 0x00000000c3a00000, 0x00000000c3900000| Untracked 
|  34|0x00000000c3a00000, 0x00000000c3b00000, 0x00000000c3b00000|100%| O|  |TAMS 0x00000000c3b00000, 0x00000000c3a00000| Untracked 
|  35|0x00000000c3b00000, 0x00000000c3c00000, 0x00000000c3c00000|100%| O|  |TAMS 0x00000000c3c00000, 0x00000000c3b00000| Untracked 
|  36|0x00000000c3c00000, 0x00000000c3d00000, 0x00000000c3d00000|100%| O|  |TAMS 0x00000000c3d00000, 0x00000000c3c00000| Untracked 
|  37|0x00000000c3d00000, 0x00000000c3e00000, 0x00000000c3e00000|100%| O|  |TAMS 0x00000000c3e00000, 0x00000000c3d00000| Untracked 
|  38|0x00000000c3e00000, 0x00000000c3f00000, 0x00000000c3f00000|100%| O|  |TAMS 0x00000000c3f00000, 0x00000000c3e00000| Untracked 
|  39|0x00000000c3f00000, 0x00000000c4000000, 0x00000000c4000000|100%| O|  |TAMS 0x00000000c4000000, 0x00000000c3f00000| Untracked 
|  40|0x00000000c4000000, 0x00000000c4100000, 0x00000000c4100000|100%| O|  |TAMS 0x00000000c4100000, 0x00000000c4000000| Untracked 
|  41|0x00000000c4100000, 0x00000000c4200000, 0x00000000c4200000|100%| O|  |TAMS 0x00000000c4200000, 0x00000000c4100000| Untracked 
|  42|0x00000000c4200000, 0x00000000c4300000, 0x00000000c4300000|100%| O|  |TAMS 0x00000000c4300000, 0x00000000c4200000| Untracked 
|  43|0x00000000c4300000, 0x00000000c4400000, 0x00000000c4400000|100%| O|  |TAMS 0x00000000c4400000, 0x00000000c4300000| Untracked 
|  44|0x00000000c4400000, 0x00000000c4500000, 0x00000000c4500000|100%| O|  |TAMS 0x00000000c4500000, 0x00000000c4400000| Untracked 
|  45|0x00000000c4500000, 0x00000000c4600000, 0x00000000c4600000|100%| O|  |TAMS 0x00000000c4600000, 0x00000000c4500000| Untracked 
|  46|0x00000000c4600000, 0x00000000c4700000, 0x00000000c4700000|100%| O|  |TAMS 0x00000000c4700000, 0x00000000c4600000| Untracked 
|  47|0x00000000c4700000, 0x00000000c4800000, 0x00000000c4800000|100%| O|  |TAMS 0x00000000c4800000, 0x00000000c4700000| Untracked 
|  48|0x00000000c4800000, 0x00000000c4900000, 0x00000000c4900000|100%| O|  |TAMS 0x00000000c4900000, 0x00000000c4800000| Untracked 
|  49|0x00000000c4900000, 0x00000000c4a00000, 0x00000000c4a00000|100%| O|  |TAMS 0x00000000c4a00000, 0x00000000c4900000| Untracked 
|  50|0x00000000c4a00000, 0x00000000c4b00000, 0x00000000c4b00000|100%| O|  |TAMS 0x00000000c4b00000, 0x00000000c4a00000| Untracked 
|  51|0x00000000c4b00000, 0x00000000c4c00000, 0x00000000c4c00000|100%| O|  |TAMS 0x00000000c4c00000, 0x00000000c4b00000| Untracked 
|  52|0x00000000c4c00000, 0x00000000c4d00000, 0x00000000c4d00000|100%| O|  |TAMS 0x00000000c4d00000, 0x00000000c4c00000| Untracked 
|  53|0x00000000c4d00000, 0x00000000c4e00000, 0x00000000c4e00000|100%| O|  |TAMS 0x00000000c4e00000, 0x00000000c4d00000| Untracked 
|  54|0x00000000c4e00000, 0x00000000c4f00000, 0x00000000c4f00000|100%| O|  |TAMS 0x00000000c4f00000, 0x00000000c4e00000| Untracked 
|  55|0x00000000c4f00000, 0x00000000c5000000, 0x00000000c5000000|100%| O|  |TAMS 0x00000000c5000000, 0x00000000c4f00000| Untracked 
|  56|0x00000000c5000000, 0x00000000c5100000, 0x00000000c5100000|100%| O|  |TAMS 0x00000000c5100000, 0x00000000c5000000| Untracked 
|  57|0x00000000c5100000, 0x00000000c5200000, 0x00000000c5200000|100%| O|  |TAMS 0x00000000c5200000, 0x00000000c5100000| Untracked 
|  58|0x00000000c5200000, 0x00000000c5300000, 0x00000000c5300000|100%| O|  |TAMS 0x00000000c5300000, 0x00000000c5200000| Untracked 
|  59|0x00000000c5300000, 0x00000000c5400000, 0x00000000c5400000|100%| O|  |TAMS 0x00000000c5400000, 0x00000000c5300000| Untracked 
|  60|0x00000000c5400000, 0x00000000c5500000, 0x00000000c5500000|100%| O|  |TAMS 0x00000000c5500000, 0x00000000c5400000| Untracked 
|  61|0x00000000c5500000, 0x00000000c5600000, 0x00000000c5600000|100%|HS|  |TAMS 0x00000000c5600000, 0x00000000c5500000| Complete 
|  62|0x00000000c5600000, 0x00000000c5700000, 0x00000000c5700000|100%|HC|  |TAMS 0x00000000c5700000, 0x00000000c5600000| Complete 
|  63|0x00000000c5700000, 0x00000000c5800000, 0x00000000c5800000|100%|HC|  |TAMS 0x00000000c5800000, 0x00000000c5700000| Complete 
|  64|0x00000000c5800000, 0x00000000c5900000, 0x00000000c5900000|100%|HC|  |TAMS 0x00000000c5900000, 0x00000000c5800000| Complete 
|  65|0x00000000c5900000, 0x00000000c5a00000, 0x00000000c5a00000|100%|HC|  |TAMS 0x00000000c5a00000, 0x00000000c5900000| Complete 
|  66|0x00000000c5a00000, 0x00000000c5b00000, 0x00000000c5b00000|100%|HC|  |TAMS 0x00000000c5b00000, 0x00000000c5a00000| Complete 
|  67|0x00000000c5b00000, 0x00000000c5c00000, 0x00000000c5c00000|100%|HC|  |TAMS 0x00000000c5c00000, 0x00000000c5b00000| Complete 
|  68|0x00000000c5c00000, 0x00000000c5d00000, 0x00000000c5d00000|100%|HC|  |TAMS 0x00000000c5d00000, 0x00000000c5c00000| Complete 
|  69|0x00000000c5d00000, 0x00000000c5e00000, 0x00000000c5e00000|100%|HC|  |TAMS 0x00000000c5e00000, 0x00000000c5d00000| Complete 
|  70|0x00000000c5e00000, 0x00000000c5f00000, 0x00000000c5f00000|100%| O|  |TAMS 0x00000000c5f00000, 0x00000000c5e00000| Untracked 
|  71|0x00000000c5f00000, 0x00000000c6000000, 0x00000000c6000000|100%| O|  |TAMS 0x00000000c6000000, 0x00000000c5f00000| Untracked 
|  72|0x00000000c6000000, 0x00000000c6100000, 0x00000000c6100000|100%| O|  |TAMS 0x00000000c6100000, 0x00000000c6000000| Untracked 
|  73|0x00000000c6100000, 0x00000000c6200000, 0x00000000c6200000|100%| O|  |TAMS 0x00000000c6200000, 0x00000000c6100000| Untracked 
|  74|0x00000000c6200000, 0x00000000c6300000, 0x00000000c6300000|100%| O|  |TAMS 0x00000000c6300000, 0x00000000c6200000| Untracked 
|  75|0x00000000c6300000, 0x00000000c6400000, 0x00000000c6400000|100%| O|  |TAMS 0x00000000c6400000, 0x00000000c6300000| Untracked 
|  76|0x00000000c6400000, 0x00000000c6500000, 0x00000000c6500000|100%| O|  |TAMS 0x00000000c6418400, 0x00000000c6400000| Untracked 
|  77|0x00000000c6500000, 0x00000000c6600000, 0x00000000c6600000|100%| O|  |TAMS 0x00000000c6500000, 0x00000000c6500000| Untracked 
|  78|0x00000000c6600000, 0x00000000c6700000, 0x00000000c6700000|100%| O|  |TAMS 0x00000000c6600000, 0x00000000c6600000| Untracked 
|  79|0x00000000c6700000, 0x00000000c6800000, 0x00000000c6800000|100%| O|  |TAMS 0x00000000c6700000, 0x00000000c6700000| Untracked 
|  80|0x00000000c6800000, 0x00000000c6900000, 0x00000000c6900000|100%| O|  |TAMS 0x00000000c6800000, 0x00000000c6800000| Untracked 
|  81|0x00000000c6900000, 0x00000000c6942400, 0x00000000c6a00000| 25%| O|  |TAMS 0x00000000c6900000, 0x00000000c6900000| Untracked 
|  82|0x00000000c6a00000, 0x00000000c6b00000, 0x00000000c6b00000|100%|HS|  |TAMS 0x00000000c6a00000, 0x00000000c6a00000| Complete 
|  83|0x00000000c6b00000, 0x00000000c6c00000, 0x00000000c6c00000|100%|HC|  |TAMS 0x00000000c6b00000, 0x00000000c6b00000| Complete 
|  84|0x00000000c6c00000, 0x00000000c6d00000, 0x00000000c6d00000|100%|HC|  |TAMS 0x00000000c6c00000, 0x00000000c6c00000| Complete 
|  85|0x00000000c6d00000, 0x00000000c6e00000, 0x00000000c6e00000|100%|HC|  |TAMS 0x00000000c6d00000, 0x00000000c6d00000| Complete 
|  86|0x00000000c6e00000, 0x00000000c6e00000, 0x00000000c6f00000|  0%| F|  |TAMS 0x00000000c6e00000, 0x00000000c6e00000| Untracked 
|  87|0x00000000c6f00000, 0x00000000c6f00000, 0x00000000c7000000|  0%| F|  |TAMS 0x00000000c6f00000, 0x00000000c6f00000| Untracked 
|  88|0x00000000c7000000, 0x00000000c7000000, 0x00000000c7100000|  0%| F|  |TAMS 0x00000000c7000000, 0x00000000c7000000| Untracked 
|  89|0x00000000c7100000, 0x00000000c7100000, 0x00000000c7200000|  0%| F|  |TAMS 0x00000000c7100000, 0x00000000c7100000| Untracked 
|  90|0x00000000c7200000, 0x00000000c7200000, 0x00000000c7300000|  0%| F|  |TAMS 0x00000000c7200000, 0x00000000c7200000| Untracked 
|  91|0x00000000c7300000, 0x00000000c7300000, 0x00000000c7400000|  0%| F|  |TAMS 0x00000000c7300000, 0x00000000c7300000| Untracked 
|  92|0x00000000c7400000, 0x00000000c7400000, 0x00000000c7500000|  0%| F|  |TAMS 0x00000000c7400000, 0x00000000c7400000| Untracked 
|  93|0x00000000c7500000, 0x00000000c7500000, 0x00000000c7600000|  0%| F|  |TAMS 0x00000000c7500000, 0x00000000c7500000| Untracked 
|  94|0x00000000c7600000, 0x00000000c7600000, 0x00000000c7700000|  0%| F|  |TAMS 0x00000000c7600000, 0x00000000c7600000| Untracked 
|  95|0x00000000c7700000, 0x00000000c7700000, 0x00000000c7800000|  0%| F|  |TAMS 0x00000000c7700000, 0x00000000c7700000| Untracked 
|  96|0x00000000c7800000, 0x00000000c7800000, 0x00000000c7900000|  0%| F|  |TAMS 0x00000000c7800000, 0x00000000c7800000| Untracked 
|  97|0x00000000c7900000, 0x00000000c7900000, 0x00000000c7a00000|  0%| F|  |TAMS 0x00000000c7900000, 0x00000000c7900000| Untracked 
|  98|0x00000000c7a00000, 0x00000000c7a00000, 0x00000000c7b00000|  0%| F|  |TAMS 0x00000000c7a00000, 0x00000000c7a00000| Untracked 
|  99|0x00000000c7b00000, 0x00000000c7b00000, 0x00000000c7c00000|  0%| F|  |TAMS 0x00000000c7b00000, 0x00000000c7b00000| Untracked 
| 100|0x00000000c7c00000, 0x00000000c7c00000, 0x00000000c7d00000|  0%| F|  |TAMS 0x00000000c7c00000, 0x00000000c7c00000| Untracked 
| 101|0x00000000c7d00000, 0x00000000c7d00000, 0x00000000c7e00000|  0%| F|  |TAMS 0x00000000c7d00000, 0x00000000c7d00000| Untracked 
| 102|0x00000000c7e00000, 0x00000000c7e00000, 0x00000000c7f00000|  0%| F|  |TAMS 0x00000000c7e00000, 0x00000000c7e00000| Untracked 
| 103|0x00000000c7f00000, 0x00000000c7f00000, 0x00000000c8000000|  0%| F|  |TAMS 0x00000000c7f00000, 0x00000000c7f00000| Untracked 
| 104|0x00000000c8000000, 0x00000000c8000000, 0x00000000c8100000|  0%| F|  |TAMS 0x00000000c8000000, 0x00000000c8000000| Untracked 
| 105|0x00000000c8100000, 0x00000000c8100000, 0x00000000c8200000|  0%| F|  |TAMS 0x00000000c8100000, 0x00000000c8100000| Untracked 
| 106|0x00000000c8200000, 0x00000000c8200000, 0x00000000c8300000|  0%| F|  |TAMS 0x00000000c8200000, 0x00000000c8200000| Untracked 
| 107|0x00000000c8300000, 0x00000000c8300000, 0x00000000c8400000|  0%| F|  |TAMS 0x00000000c8300000, 0x00000000c8300000| Untracked 
| 108|0x00000000c8400000, 0x00000000c8400000, 0x00000000c8500000|  0%| F|  |TAMS 0x00000000c8400000, 0x00000000c8400000| Untracked 
| 109|0x00000000c8500000, 0x00000000c8500000, 0x00000000c8600000|  0%| F|  |TAMS 0x00000000c8500000, 0x00000000c8500000| Untracked 
| 110|0x00000000c8600000, 0x00000000c8600000, 0x00000000c8700000|  0%| F|  |TAMS 0x00000000c8600000, 0x00000000c8600000| Untracked 
| 111|0x00000000c8700000, 0x00000000c8700000, 0x00000000c8800000|  0%| F|  |TAMS 0x00000000c8700000, 0x00000000c8700000| Untracked 
| 112|0x00000000c8800000, 0x00000000c8800000, 0x00000000c8900000|  0%| F|  |TAMS 0x00000000c8800000, 0x00000000c8800000| Untracked 
| 113|0x00000000c8900000, 0x00000000c8900000, 0x00000000c8a00000|  0%| F|  |TAMS 0x00000000c8900000, 0x00000000c8900000| Untracked 
| 114|0x00000000c8a00000, 0x00000000c8a00000, 0x00000000c8b00000|  0%| F|  |TAMS 0x00000000c8a00000, 0x00000000c8a00000| Untracked 
| 115|0x00000000c8b00000, 0x00000000c8b00000, 0x00000000c8c00000|  0%| F|  |TAMS 0x00000000c8b00000, 0x00000000c8b00000| Untracked 
| 116|0x00000000c8c00000, 0x00000000c8c00000, 0x00000000c8d00000|  0%| F|  |TAMS 0x00000000c8c00000, 0x00000000c8c00000| Untracked 
| 117|0x00000000c8d00000, 0x00000000c8d00000, 0x00000000c8e00000|  0%| F|  |TAMS 0x00000000c8d00000, 0x00000000c8d00000| Untracked 
| 118|0x00000000c8e00000, 0x00000000c8e00000, 0x00000000c8f00000|  0%| F|  |TAMS 0x00000000c8e00000, 0x00000000c8e00000| Untracked 
| 119|0x00000000c8f00000, 0x00000000c8f00000, 0x00000000c9000000|  0%| F|  |TAMS 0x00000000c8f00000, 0x00000000c8f00000| Untracked 
| 120|0x00000000c9000000, 0x00000000c9000000, 0x00000000c9100000|  0%| F|  |TAMS 0x00000000c9000000, 0x00000000c9000000| Untracked 
| 121|0x00000000c9100000, 0x00000000c9100000, 0x00000000c9200000|  0%| F|  |TAMS 0x00000000c9100000, 0x00000000c9100000| Untracked 
| 122|0x00000000c9200000, 0x00000000c9200000, 0x00000000c9300000|  0%| F|  |TAMS 0x00000000c9200000, 0x00000000c9200000| Untracked 
| 123|0x00000000c9300000, 0x00000000c9300000, 0x00000000c9400000|  0%| F|  |TAMS 0x00000000c9300000, 0x00000000c9300000| Untracked 
| 124|0x00000000c9400000, 0x00000000c9400000, 0x00000000c9500000|  0%| F|  |TAMS 0x00000000c9400000, 0x00000000c9400000| Untracked 
| 125|0x00000000c9500000, 0x00000000c9500000, 0x00000000c9600000|  0%| F|  |TAMS 0x00000000c9500000, 0x00000000c9500000| Untracked 
| 126|0x00000000c9600000, 0x00000000c9600000, 0x00000000c9700000|  0%| F|  |TAMS 0x00000000c9600000, 0x00000000c9600000| Untracked 
| 127|0x00000000c9700000, 0x00000000c9700000, 0x00000000c9800000|  0%| F|  |TAMS 0x00000000c9700000, 0x00000000c9700000| Untracked 
| 128|0x00000000c9800000, 0x00000000c9800000, 0x00000000c9900000|  0%| F|  |TAMS 0x00000000c9800000, 0x00000000c9800000| Untracked 
| 129|0x00000000c9900000, 0x00000000c9900000, 0x00000000c9a00000|  0%| F|  |TAMS 0x00000000c9900000, 0x00000000c9900000| Untracked 
| 130|0x00000000c9a00000, 0x00000000c9a00000, 0x00000000c9b00000|  0%| F|  |TAMS 0x00000000c9a00000, 0x00000000c9a00000| Untracked 
| 131|0x00000000c9b00000, 0x00000000c9b00000, 0x00000000c9c00000|  0%| F|  |TAMS 0x00000000c9b00000, 0x00000000c9b00000| Untracked 
| 132|0x00000000c9c00000, 0x00000000c9c00000, 0x00000000c9d00000|  0%| F|  |TAMS 0x00000000c9c00000, 0x00000000c9c00000| Untracked 
| 133|0x00000000c9d00000, 0x00000000c9d00000, 0x00000000c9e00000|  0%| F|  |TAMS 0x00000000c9d00000, 0x00000000c9d00000| Untracked 
| 134|0x00000000c9e00000, 0x00000000c9e00000, 0x00000000c9f00000|  0%| F|  |TAMS 0x00000000c9e00000, 0x00000000c9e00000| Untracked 
| 135|0x00000000c9f00000, 0x00000000c9f424e0, 0x00000000ca000000| 25%| E|  |TAMS 0x00000000c9f00000, 0x00000000c9f00000| Complete 
| 136|0x00000000ca000000, 0x00000000ca100000, 0x00000000ca100000|100%| E|CS|TAMS 0x00000000ca000000, 0x00000000ca000000| Complete 
| 137|0x00000000ca100000, 0x00000000ca1cfc58, 0x00000000ca200000| 81%| S|CS|TAMS 0x00000000ca100000, 0x00000000ca100000| Complete 
| 138|0x00000000ca200000, 0x00000000ca300000, 0x00000000ca300000|100%| S|CS|TAMS 0x00000000ca200000, 0x00000000ca200000| Complete 
| 139|0x00000000ca300000, 0x00000000ca400000, 0x00000000ca400000|100%| S|CS|TAMS 0x00000000ca300000, 0x00000000ca300000| Complete 
| 140|0x00000000ca400000, 0x00000000ca500000, 0x00000000ca500000|100%| E|CS|TAMS 0x00000000ca400000, 0x00000000ca400000| Complete 
| 141|0x00000000ca500000, 0x00000000ca600000, 0x00000000ca600000|100%| E|CS|TAMS 0x00000000ca500000, 0x00000000ca500000| Complete 
| 142|0x00000000ca600000, 0x00000000ca700000, 0x00000000ca700000|100%| E|CS|TAMS 0x00000000ca600000, 0x00000000ca600000| Complete 
| 143|0x00000000ca700000, 0x00000000ca800000, 0x00000000ca800000|100%| E|CS|TAMS 0x00000000ca700000, 0x00000000ca700000| Complete 
| 144|0x00000000ca800000, 0x00000000ca900000, 0x00000000ca900000|100%| E|CS|TAMS 0x00000000ca800000, 0x00000000ca800000| Complete 
| 145|0x00000000ca900000, 0x00000000caa00000, 0x00000000caa00000|100%| E|CS|TAMS 0x00000000ca900000, 0x00000000ca900000| Complete 
| 146|0x00000000caa00000, 0x00000000cab00000, 0x00000000cab00000|100%| E|CS|TAMS 0x00000000caa00000, 0x00000000caa00000| Complete 
| 147|0x00000000cab00000, 0x00000000cac00000, 0x00000000cac00000|100%| E|CS|TAMS 0x00000000cab00000, 0x00000000cab00000| Complete 
| 148|0x00000000cac00000, 0x00000000cad00000, 0x00000000cad00000|100%| E|CS|TAMS 0x00000000cac00000, 0x00000000cac00000| Complete 
| 149|0x00000000cad00000, 0x00000000cae00000, 0x00000000cae00000|100%| E|CS|TAMS 0x00000000cad00000, 0x00000000cad00000| Complete 

Card table byte_map: [0x000001a6d8b50000,0x000001a6d8d50000] _byte_map_base: 0x000001a6d8544000

Marking Bits (Prev, Next): (CMBitMap*) 0x000001a6c175e660, (CMBitMap*) 0x000001a6c175e6a0
 Prev Bits: [0x000001a6d8f50000, 0x000001a6d9ef0000)
 Next Bits: [0x000001a6d9ef0000, 0x000001a6dae90000)

Polling page: 0x000001a6bf500000

Metaspace:

Usage:
  Non-class:     38.00 MB capacity,    37.88 MB (>99%) used,    74.34 KB ( <1%) free+waste,    48.38 KB ( <1%) overhead. 
      Class:      6.00 MB capacity,     5.88 MB ( 98%) used,    96.71 KB (  2%) free+waste,    18.12 KB ( <1%) overhead. 
       Both:     44.00 MB capacity,    43.77 MB (>99%) used,   171.05 KB ( <1%) free+waste,    66.50 KB ( <1%) overhead. 

Virtual space:
  Non-class space:       40.00 MB reserved,      38.42 MB ( 96%) committed 
      Class space:        1.00 GB reserved,       6.00 MB ( <1%) committed 
             Both:        1.04 GB reserved,      44.42 MB (  4%) committed 

Chunk freelists:
   Non-Class:  239.00 KB
       Class:  3.00 KB
        Both:  242.00 KB

MaxMetaspaceSize: 17179869184.00 GB
CompressedClassSpaceSize: 1.00 GB

CodeHeap 'non-profiled nmethods': size=120000Kb used=3268Kb max_used=3268Kb free=116731Kb
 bounds [0x000001a6d1420000, 0x000001a6d1760000, 0x000001a6d8950000]
CodeHeap 'profiled nmethods': size=120000Kb used=10701Kb max_used=11188Kb free=109298Kb
 bounds [0x000001a6c9ef0000, 0x000001a6caa10000, 0x000001a6d1420000]
CodeHeap 'non-nmethods': size=5760Kb used=1507Kb max_used=1521Kb free=4252Kb
 bounds [0x000001a6c9950000, 0x000001a6c9bc0000, 0x000001a6c9ef0000]
 total_blobs=6083 nmethods=5228 adapters=763
 compilation: enabled
              stopped_count=0, restarted_count=0
 full_count=0

Compilation events (20 events):
Event: 32.168 Thread 0x000001a6dd3479a0 nmethod 6014 0x000001a6c9f3fa10 code [0x000001a6c9f3fc60, 0x000001a6c9f406f8]
Event: 32.191 Thread 0x000001a6dd3479a0 6017   !   3       java.lang.invoke.MethodHandles$Lookup$ClassFile::newInstance (367 bytes)
Event: 32.195 Thread 0x000001a6dd3479a0 nmethod 6017 0x000001a6ca044810 code [0x000001a6ca044ee0, 0x000001a6ca047d38]
Event: 32.195 Thread 0x000001a6dd3479a0 6018       3       java.lang.invoke.MethodHandles$Lookup$ClassDefiner::defineClassAsLookup (19 bytes)
Event: 32.195 Thread 0x000001a6dd3479a0 nmethod 6018 0x000001a6c9f3f310 code [0x000001a6c9f3f4c0, 0x000001a6c9f3f6b8]
Event: 32.209 Thread 0x000001a6dd349800 nmethod 5975% 0x000001a6d1749b90 code [0x000001a6d1749e80, 0x000001a6d174d7f8]
Event: 32.209 Thread 0x000001a6dd349800 6015       4       sun.net.www.ParseUtil::firstEncodeIndex (86 bytes)
Event: 32.219 Thread 0x000001a6dd3479a0 6021   !   3       java.util.logging.LogManager::ensureLogManagerInitialized (144 bytes)
Event: 32.220 Thread 0x000001a6dd3479a0 nmethod 6021 0x000001a6ca3e4390 code [0x000001a6ca3e4660, 0x000001a6ca3e5838]
Event: 32.221 Thread 0x000001a6dd349800 nmethod 6015 0x000001a6d174f910 code [0x000001a6d174faa0, 0x000001a6d1750138]
Event: 32.221 Thread 0x000001a6dd349800 6020       4       java.lang.invoke.MethodType::hashCode (53 bytes)
Event: 32.223 Thread 0x000001a6dd349800 nmethod 6020 0x000001a6d1750310 code [0x000001a6d17504a0, 0x000001a6d1750638]
Event: 32.223 Thread 0x000001a6dd349800 5977       4       java.lang.String::endsWith (15 bytes)
Event: 32.226 Thread 0x000001a6dd349800 nmethod 5977 0x000001a6d1750810 code [0x000001a6d17509a0, 0x000001a6d1750bb8]
Event: 32.226 Thread 0x000001a6dd349800 5981       4       java.lang.Float::isNaN (12 bytes)
Event: 32.226 Thread 0x000001a6dd349800 nmethod 5981 0x000001a6d1750d90 code [0x000001a6d1750f00, 0x000001a6d1750f78]
Event: 32.226 Thread 0x000001a6dd349800 6016       4       jdk.internal.loader.URLClassPath$JarLoader$2::getCodeSourceURL (8 bytes)
Event: 32.227 Thread 0x000001a6dd349800 nmethod 6016 0x000001a6d1751090 code [0x000001a6d1751200, 0x000001a6d1751278]
Event: 32.242 Thread 0x000001a6dd3479a0 6022       3       java.util.AbstractSequentialList::<init> (5 bytes)
Event: 32.243 Thread 0x000001a6dd3479a0 nmethod 6022 0x000001a6c9f14790 code [0x000001a6c9f14940, 0x000001a6c9f14b58]

GC Heap History (20 events):
Event: 8.640 GC heap before
{Heap before GC invocations=10 (full 0):
 garbage-first heap   total 83968K, used 55404K [0x00000000c1800000, 0x0000000100000000)
  region size 1024K, 23 young (23552K), 4 survivors (4096K)
 Metaspace       used 31557K, capacity 31740K, committed 32048K, reserved 1077248K
  class space    used 3839K, capacity 3915K, committed 3968K, reserved 1048576K
}
Event: 8.651 GC heap after
{Heap after GC invocations=11 (full 0):
 garbage-first heap   total 83968K, used 41941K [0x00000000c1800000, 0x0000000100000000)
  region size 1024K, 3 young (3072K), 3 survivors (3072K)
 Metaspace       used 31557K, capacity 31740K, committed 32048K, reserved 1077248K
  class space    used 3839K, capacity 3915K, committed 3968K, reserved 1048576K
}
Event: 10.838 GC heap before
{Heap before GC invocations=11 (full 0):
 garbage-first heap   total 83968K, used 58325K [0x00000000c1800000, 0x0000000100000000)
  region size 1024K, 20 young (20480K), 3 survivors (3072K)
 Metaspace       used 34055K, capacity 34269K, committed 34864K, reserved 1079296K
  class space    used 4281K, capacity 4363K, committed 4480K, reserved 1048576K
}
Event: 10.846 GC heap after
{Heap after GC invocations=12 (full 0):
 garbage-first heap   total 83968K, used 45306K [0x00000000c1800000, 0x0000000100000000)
  region size 1024K, 3 young (3072K), 3 survivors (3072K)
 Metaspace       used 34055K, capacity 34269K, committed 34864K, reserved 1079296K
  class space    used 4281K, capacity 4363K, committed 4480K, reserved 1048576K
}
Event: 12.378 GC heap before
{Heap before GC invocations=13 (full 0):
 garbage-first heap   total 83968K, used 60666K [0x00000000c1800000, 0x0000000100000000)
  region size 1024K, 19 young (19456K), 3 survivors (3072K)
 Metaspace       used 35806K, capacity 36031K, committed 36528K, reserved 1081344K
  class space    used 4714K, capacity 4779K, committed 4864K, reserved 1048576K
}
Event: 12.386 GC heap after
{Heap after GC invocations=14 (full 0):
 garbage-first heap   total 83968K, used 49047K [0x00000000c1800000, 0x0000000100000000)
  region size 1024K, 3 young (3072K), 3 survivors (3072K)
 Metaspace       used 35806K, capacity 36031K, committed 36528K, reserved 1081344K
  class space    used 4714K, capacity 4779K, committed 4864K, reserved 1048576K
}
Event: 13.127 GC heap before
{Heap before GC invocations=14 (full 0):
 garbage-first heap   total 83968K, used 64407K [0x00000000c1800000, 0x0000000100000000)
  region size 1024K, 18 young (18432K), 3 survivors (3072K)
 Metaspace       used 39626K, capacity 39915K, committed 40240K, reserved 1085440K
  class space    used 5164K, capacity 5240K, committed 5248K, reserved 1048576K
}
Event: 13.136 GC heap after
{Heap after GC invocations=15 (full 0):
 garbage-first heap   total 83968K, used 52283K [0x00000000c1800000, 0x0000000100000000)
  region size 1024K, 3 young (3072K), 3 survivors (3072K)
 Metaspace       used 39626K, capacity 39915K, committed 40240K, reserved 1085440K
  class space    used 5164K, capacity 5240K, committed 5248K, reserved 1048576K
}
Event: 13.605 GC heap before
{Heap before GC invocations=16 (full 0):
 garbage-first heap   total 94208K, used 64571K [0x00000000c1800000, 0x0000000100000000)
  region size 1024K, 15 young (15360K), 3 survivors (3072K)
 Metaspace       used 40153K, capacity 40462K, committed 40880K, reserved 1085440K
  class space    used 5237K, capacity 5337K, committed 5376K, reserved 1048576K
}
Event: 13.612 GC heap after
{Heap after GC invocations=17 (full 0):
 garbage-first heap   total 94208K, used 55762K [0x00000000c1800000, 0x0000000100000000)
  region size 1024K, 2 young (2048K), 2 survivors (2048K)
 Metaspace       used 40153K, capacity 40462K, committed 40880K, reserved 1085440K
  class space    used 5237K, capacity 5337K, committed 5376K, reserved 1048576K
}
Event: 14.218 GC heap before
{Heap before GC invocations=17 (full 0):
 garbage-first heap   total 94208K, used 71122K [0x00000000c1800000, 0x0000000100000000)
  region size 1024K, 18 young (18432K), 2 survivors (2048K)
 Metaspace       used 40806K, capacity 41070K, committed 41520K, reserved 1085440K
  class space    used 5406K, capacity 5497K, committed 5504K, reserved 1048576K
}
Event: 14.225 GC heap after
{Heap after GC invocations=18 (full 0):
 garbage-first heap   total 94208K, used 61585K [0x00000000c1800000, 0x0000000100000000)
  region size 1024K, 3 young (3072K), 3 survivors (3072K)
 Metaspace       used 40806K, capacity 41070K, committed 41520K, reserved 1085440K
  class space    used 5406K, capacity 5497K, committed 5504K, reserved 1048576K
}
Event: 14.396 GC heap before
{Heap before GC invocations=19 (full 0):
 garbage-first heap   total 107520K, used 63633K [0x00000000c1800000, 0x0000000100000000)
  region size 1024K, 7 young (7168K), 3 survivors (3072K)
 Metaspace       used 40923K, capacity 41166K, committed 41648K, reserved 1085440K
  class space    used 5440K, capacity 5529K, committed 5632K, reserved 1048576K
}
Event: 14.401 GC heap after
{Heap after GC invocations=20 (full 0):
 garbage-first heap   total 107520K, used 63108K [0x00000000c1800000, 0x0000000100000000)
  region size 1024K, 2 young (2048K), 2 survivors (2048K)
 Metaspace       used 40923K, capacity 41166K, committed 41648K, reserved 1085440K
  class space    used 5440K, capacity 5529K, committed 5632K, reserved 1048576K
}
Event: 14.753 GC heap before
{Heap before GC invocations=21 (full 0):
 garbage-first heap   total 140288K, used 88708K [0x00000000c1800000, 0x0000000100000000)
  region size 1024K, 19 young (19456K), 2 survivors (2048K)
 Metaspace       used 41229K, capacity 41518K, committed 41904K, reserved 1085440K
  class space    used 5511K, capacity 5625K, committed 5632K, reserved 1048576K
}
Event: 14.757 GC heap after
{Heap after GC invocations=22 (full 0):
 garbage-first heap   total 140288K, used 74464K [0x00000000c1800000, 0x0000000100000000)
  region size 1024K, 3 young (3072K), 3 survivors (3072K)
 Metaspace       used 41229K, capacity 41518K, committed 41904K, reserved 1085440K
  class space    used 5511K, capacity 5625K, committed 5632K, reserved 1048576K
}
Event: 15.488 GC heap before
{Heap before GC invocations=22 (full 0):
 garbage-first heap   total 140288K, used 105184K [0x00000000c1800000, 0x0000000100000000)
  region size 1024K, 33 young (33792K), 3 survivors (3072K)
 Metaspace       used 41905K, capacity 42223K, committed 42672K, reserved 1085440K
  class space    used 5704K, capacity 5817K, committed 5888K, reserved 1048576K
}
Event: 15.495 GC heap after
{Heap after GC invocations=23 (full 0):
 garbage-first heap   total 140288K, used 83041K [0x00000000c1800000, 0x0000000100000000)
  region size 1024K, 5 young (5120K), 5 survivors (5120K)
 Metaspace       used 41905K, capacity 42223K, committed 42672K, reserved 1085440K
  class space    used 5704K, capacity 5817K, committed 5888K, reserved 1048576K
}
Event: 16.033 GC heap before
{Heap before GC invocations=24 (full 0):
 garbage-first heap   total 147456K, used 89185K [0x00000000c1800000, 0x0000000100000000)
  region size 1024K, 13 young (13312K), 5 survivors (5120K)
 Metaspace       used 42862K, capacity 43119K, committed 43440K, reserved 1087488K
  class space    used 5792K, capacity 5881K, committed 5888K, reserved 1048576K
}
Event: 16.042 GC heap after
{Heap after GC invocations=25 (full 0):
 garbage-first heap   total 147456K, used 86088K [0x00000000c1800000, 0x0000000100000000)
  region size 1024K, 3 young (3072K), 3 survivors (3072K)
 Metaspace       used 42862K, capacity 43119K, committed 43440K, reserved 1087488K
  class space    used 5792K, capacity 5881K, committed 5888K, reserved 1048576K
}

Deoptimization events (20 events):
Event: 32.134 Thread 0x000001a6df03a850 Uncommon trap: trap_request=0xffffff45 fr.pc=0x000001a6d14edccc relative=0x000000000000032c
Event: 32.134 Thread 0x000001a6df03a850 Uncommon trap: reason=unstable_if action=reinterpret pc=0x000001a6d14edccc method=java.awt.GradientPaintContext.<init>(Ljava/awt/image/ColorModel;Ljava/awt/geom/Point2D;Ljava/awt/geom/Point2D;Ljava/awt/geom/AffineTransform;Ljava/awt/Color;Ljava/awt/Color;
Event: 32.134 Thread 0x000001a6df03a850 DEOPT PACKING pc=0x000001a6d14edccc sp=0x0000005d83bfa920
Event: 32.134 Thread 0x000001a6df03a850 DEOPT UNPACKING pc=0x000001a6c999e42f sp=0x0000005d83bfa830 mode 2
Event: 32.134 Thread 0x000001a6df03a850 Uncommon trap: trap_request=0xffffffbe fr.pc=0x000001a6d151c070 relative=0x00000000000009d0
Event: 32.134 Thread 0x000001a6df03a850 Uncommon trap: reason=profile_predicate action=maybe_recompile pc=0x000001a6d151c070 method=java.awt.GradientPaintContext.<init>(Ljava/awt/image/ColorModel;Ljava/awt/geom/Point2D;Ljava/awt/geom/Point2D;Ljava/awt/geom/AffineTransform;Ljava/awt/Color;Ljava/
Event: 32.134 Thread 0x000001a6df03a850 DEOPT PACKING pc=0x000001a6d151c070 sp=0x0000005d83bfa930
Event: 32.134 Thread 0x000001a6df03a850 DEOPT UNPACKING pc=0x000001a6c999e42f sp=0x0000005d83bfa838 mode 2
Event: 32.136 Thread 0x000001a6df03a850 Uncommon trap: trap_request=0xffffffbe fr.pc=0x000001a6d151c070 relative=0x00000000000009d0
Event: 32.136 Thread 0x000001a6df03a850 Uncommon trap: reason=profile_predicate action=maybe_recompile pc=0x000001a6d151c070 method=java.awt.GradientPaintContext.<init>(Ljava/awt/image/ColorModel;Ljava/awt/geom/Point2D;Ljava/awt/geom/Point2D;Ljava/awt/geom/AffineTransform;Ljava/awt/Color;Ljava/
Event: 32.136 Thread 0x000001a6df03a850 DEOPT PACKING pc=0x000001a6d151c070 sp=0x0000005d83bfa930
Event: 32.136 Thread 0x000001a6df03a850 DEOPT UNPACKING pc=0x000001a6c999e42f sp=0x0000005d83bfa838 mode 2
Event: 32.145 Thread 0x000001a6df03a850 Uncommon trap: trap_request=0xffffffde fr.pc=0x000001a6d146c2e0 relative=0x0000000000001400
Event: 32.145 Thread 0x000001a6df03a850 Uncommon trap: reason=class_check action=maybe_recompile pc=0x000001a6d146c2e0 method=javax.swing.RepaintManager.addDirtyRegion0(Ljava/awt/Container;IIII)V @ 91 c2
Event: 32.145 Thread 0x000001a6df03a850 DEOPT PACKING pc=0x000001a6d146c2e0 sp=0x0000005d83bfca20
Event: 32.145 Thread 0x000001a6df03a850 DEOPT UNPACKING pc=0x000001a6c999e42f sp=0x0000005d83bfc8b8 mode 2
Event: 32.153 Thread 0x000001a6df036e90 Uncommon trap: trap_request=0xffffff45 fr.pc=0x000001a6d1429c34 relative=0x0000000000000034
Event: 32.153 Thread 0x000001a6df036e90 Uncommon trap: reason=unstable_if action=reinterpret pc=0x000001a6d1429c34 method=java.lang.StringLatin1.canEncode(I)Z @ 4 c2
Event: 32.153 Thread 0x000001a6df036e90 DEOPT PACKING pc=0x000001a6d1429c34 sp=0x0000005d846fc600
Event: 32.153 Thread 0x000001a6df036e90 DEOPT UNPACKING pc=0x000001a6c999e42f sp=0x0000005d846fc590 mode 2

Classes unloaded (0 events):
No events

Classes redefined (0 events):
No events

Internal exceptions (20 events):
Event: 12.438 Thread 0x000001a6df038b70 Implicit null exception at 0x000001a6d1625671 to 0x000001a6d1627638
Event: 12.609 Thread 0x000001a6df038b70 Exception <a 'java/lang/NoSuchMethodError'{0x00000000c648f160}: 'int java.lang.invoke.DirectMethodHandle$Holder.invokeStaticInit(java.lang.Object, java.lang.Object, java.lang.Object)'> (0x00000000c648f160) 
thrown [./open/src/hotspot/share/interpreter/linkResolver.cpp, line 782]
Event: 12.621 Thread 0x000001a6df038b70 Exception <a 'java/lang/NoSuchMethodError'{0x00000000c632dc48}: 'java.lang.Object java.lang.invoke.DirectMethodHandle$Holder.newInvokeSpecial(java.lang.Object, java.lang.Object, int, java.lang.Object)'> (0x00000000c632dc48) 
thrown [./open/src/hotspot/share/interpreter/linkResolver.cpp, line 782]
Event: 12.621 Thread 0x000001a6df038b70 Exception <a 'java/lang/NoSuchMethodError'{0x00000000c6331e88}: 'java.lang.Object java.lang.invoke.DirectMethodHandle$Holder.invokeSpecial(java.lang.Object, java.lang.Object, java.lang.Object, int, java.lang.Object)'> (0x00000000c6331e88) 
thrown [./open/src/hotspot/share/interpreter/linkResolver.cpp, line 782]
Event: 12.658 Thread 0x000001a6df036e90 Implicit null exception at 0x000001a6d14e0373 to 0x000001a6d14e0700
Event: 12.988 Thread 0x000001a6df03a850 Exception <a 'java/lang/NoSuchMethodError'{0x00000000c5d94488}: 'java.lang.Object java.lang.invoke.DirectMethodHandle$Holder.invokeStaticInit(java.lang.Object, java.lang.Object, java.lang.Object, java.lang.Object)'> (0x00000000c5d94488) 
thrown [./open/src/hotspot/share/interpreter/linkResolver.cpp, line 782]
Event: 13.413 Thread 0x000001a6df037830 Implicit null exception at 0x000001a6d16dc861 to 0x000001a6d16dd0f4
Event: 15.955 Thread 0x000001a6df03a850 Implicit null exception at 0x000001a6d1581738 to 0x000001a6d1582a34
Event: 15.955 Thread 0x000001a6df03a850 Implicit null exception at 0x000001a6d169ac26 to 0x000001a6d169b43c
Event: 22.042 Thread 0x000001a6df03a850 Implicit null exception at 0x000001a6d15b6e3f to 0x000001a6d15b8870
Event: 29.253 Thread 0x000001a6df03a850 Implicit null exception at 0x000001a6d15b692c to 0x000001a6d15b69b8
Event: 31.929 Thread 0x000001a6df03a850 Implicit null exception at 0x000001a6d14f08ef to 0x000001a6d14f19c0
Event: 32.092 Thread 0x000001a6df03a850 Implicit null exception at 0x000001a6d158d849 to 0x000001a6d158e1fb
Event: 32.096 Thread 0x000001a6df03a850 Implicit null exception at 0x000001a6d1693a51 to 0x000001a6d1693fcc
Event: 32.103 Thread 0x000001a6df03a850 Implicit null exception at 0x000001a6d170aae6 to 0x000001a6d170b612
Event: 32.115 Thread 0x000001a6df03a850 Exception <a 'java/lang/NoSuchMethodError'{0x00000000ca6a34d0}: 'int java.lang.invoke.DirectMethodHandle$Holder.invokeStatic(java.lang.Object)'> (0x00000000ca6a34d0) 
thrown [./open/src/hotspot/share/interpreter/linkResolver.cpp, line 782]
Event: 32.140 Thread 0x000001a6df036e90 Exception <a 'java/lang/NullPointerException'{0x00000000ca578440}> (0x00000000ca578440) 
thrown [./open/src/hotspot/share/interpreter/linkResolver.cpp, line 1374]
Event: 32.155 Thread 0x000001a6df036e90 Exception <a 'java/lang/NoSuchMethodError'{0x00000000ca5c1510}: 'void java.lang.invoke.DirectMethodHandle$Holder.invokeSpecial(java.lang.Object, java.lang.Object, java.lang.Object, java.lang.Object, java.lang.Object)'> (0x00000000ca5c1510) 
thrown [./open/src/hotspot/share/interpreter/linkResolver.cpp, line 782]
Event: 32.194 Thread 0x000001a6df036e90 Exception <a 'java/lang/NoSuchMethodError'{0x00000000ca4b8370}: 'int java.lang.invoke.DirectMethodHandle$Holder.invokeSpecial(java.lang.Object, java.lang.Object, java.lang.Object, java.lang.Object)'> (0x00000000ca4b8370) 
thrown [./open/src/hotspot/share/interpreter/linkResolver.cpp, line 782]
Event: 32.254 Thread 0x000001a6df036e90 Exception <a 'java/lang/NoSuchMethodError'{0x00000000c9f38260}: fwkIsMainThread> (0x00000000c9f38260) 
thrown [./open/src/hotspot/share/prims/jni.cpp, line 1171]

Events (20 events):
Event: 32.134 loading class sun/swing/ImageCache$Entry done
Event: 32.149 loading class java/util/WeakHashMap$KeyIterator
Event: 32.149 loading class java/util/WeakHashMap$HashIterator
Event: 32.149 loading class java/util/WeakHashMap$HashIterator done
Event: 32.149 loading class java/util/WeakHashMap$KeyIterator done
Event: 32.220 loading class java/util/concurrent/Executors$DelegatedScheduledExecutorService
Event: 32.221 loading class java/util/concurrent/ScheduledExecutorService
Event: 32.221 loading class java/util/concurrent/ScheduledExecutorService done
Event: 32.221 loading class java/util/concurrent/Executors$DelegatedScheduledExecutorService done
Event: 32.221 loading class java/util/concurrent/ScheduledThreadPoolExecutor
Event: 32.221 loading class java/util/concurrent/ScheduledThreadPoolExecutor done
Event: 32.221 loading class java/util/concurrent/ScheduledThreadPoolExecutor$DelayedWorkQueue
Event: 32.221 loading class java/util/concurrent/ScheduledThreadPoolExecutor$DelayedWorkQueue done
Event: 32.221 loading class java/util/concurrent/RunnableScheduledFuture
Event: 32.221 loading class java/util/concurrent/ScheduledFuture
Event: 32.221 loading class java/util/concurrent/ScheduledFuture done
Event: 32.221 loading class java/util/concurrent/RunnableScheduledFuture done
Event: 32.229 loading class java/net/CookieHandler
Event: 32.229 loading class java/net/CookieHandler done
Event: 32.236 Loaded shared library C:\Program Files\BellSoft\LibericaJDK-13-Full\bin\jfxwebkit.dll


Dynamic libraries:
0x00007ff7c71d0000 - 0x00007ff7c71df000 	C:\Program Files\Java\jdk-15.0.2\bin\java.exe
0x00007ffefc6b0000 - 0x00007ffefc8a8000 	C:\WINDOWS\SYSTEM32\ntdll.dll
0x00007ffefbfd0000 - 0x00007ffefc08f000 	C:\WINDOWS\System32\KERNEL32.DLL
0x00007ffefa430000 - 0x00007ffefa70a000 	C:\WINDOWS\System32\KERNELBASE.dll
0x00007ffef9fc0000 - 0x00007ffefa0c0000 	C:\WINDOWS\System32\ucrtbase.dll
0x00007ffef5930000 - 0x00007ffef5949000 	C:\Program Files\Java\jdk-15.0.2\bin\VCRUNTIME140.dll
0x00007ffeeb080000 - 0x00007ffeeb098000 	C:\Program Files\Java\jdk-15.0.2\bin\jli.dll
0x00007ffefb6e0000 - 0x00007ffefb78e000 	C:\WINDOWS\System32\ADVAPI32.dll
0x00007ffefaef0000 - 0x00007ffefaf8e000 	C:\WINDOWS\System32\msvcrt.dll
0x00007ffefbbf0000 - 0x00007ffefbc8c000 	C:\WINDOWS\System32\sechost.dll
0x00007ffefab80000 - 0x00007ffefaca6000 	C:\WINDOWS\System32\RPCRT4.dll
0x00007ffefc4d0000 - 0x00007ffefc66d000 	C:\WINDOWS\System32\USER32.dll
0x00007ffef9ed0000 - 0x00007ffef9ef2000 	C:\WINDOWS\System32\win32u.dll
0x00007ffefba90000 - 0x00007ffefbabb000 	C:\WINDOWS\System32\GDI32.dll
0x00007ffee3930000 - 0x00007ffee3bca000 	C:\WINDOWS\WinSxS\amd64_microsoft.windows.common-controls_6595b64144ccf1df_6.0.19041.1110_none_60b5254171f9507e\COMCTL32.dll
0x00007ffef9dc0000 - 0x00007ffef9ed0000 	C:\WINDOWS\System32\gdi32full.dll
0x00007ffefa340000 - 0x00007ffefa3dd000 	C:\WINDOWS\System32\msvcp_win.dll
0x00007ffeedd70000 - 0x00007ffeedd7a000 	C:\WINDOWS\SYSTEM32\VERSION.dll
0x00007ffefaec0000 - 0x00007ffefaef0000 	C:\WINDOWS\System32\IMM32.DLL
0x00007ffef5920000 - 0x00007ffef592c000 	C:\Program Files\Java\jdk-15.0.2\bin\vcruntime140_1.dll
0x00007ffed9dd0000 - 0x00007ffed9e61000 	C:\Program Files\Java\jdk-15.0.2\bin\msvcp140.dll
0x00007ffed5130000 - 0x00007ffed5c8e000 	C:\Program Files\Java\jdk-15.0.2\bin\server\jvm.dll
0x00007ffefbac0000 - 0x00007ffefbac8000 	C:\WINDOWS\System32\PSAPI.DLL
0x00007ffedffd0000 - 0x00007ffedfff7000 	C:\WINDOWS\SYSTEM32\WINMM.dll
0x00007ffef3dd0000 - 0x00007ffef3dd9000 	C:\WINDOWS\SYSTEM32\WSOCK32.dll
0x00007ffefb7a0000 - 0x00007ffefb80b000 	C:\WINDOWS\System32\WS2_32.dll
0x00007ffef7ca0000 - 0x00007ffef7cb2000 	C:\WINDOWS\SYSTEM32\kernel.appcore.dll
0x00007ffeebc50000 - 0x00007ffeebc5a000 	C:\Program Files\Java\jdk-15.0.2\bin\jimage.dll
0x00007ffee8bb0000 - 0x00007ffee8d94000 	C:\WINDOWS\SYSTEM32\DBGHELP.DLL
0x00007ffee8b70000 - 0x00007ffee8ba4000 	C:\WINDOWS\SYSTEM32\dbgcore.DLL
0x00007ffef9f30000 - 0x00007ffef9fb2000 	C:\WINDOWS\System32\bcryptPrimitives.dll
0x00007ffef58f0000 - 0x00007ffef5915000 	C:\Program Files\Java\jdk-15.0.2\bin\java.dll
0x00007ffefaf90000 - 0x00007ffefb6d4000 	C:\WINDOWS\System32\SHELL32.dll
0x00007ffef7ea0000 - 0x00007ffef8633000 	C:\WINDOWS\SYSTEM32\windows.storage.dll
0x00007ffefc090000 - 0x00007ffefc3e4000 	C:\WINDOWS\System32\combase.dll
0x00007ffef9740000 - 0x00007ffef976e000 	C:\WINDOWS\SYSTEM32\Wldp.dll
0x00007ffefbcb0000 - 0x00007ffefbd5d000 	C:\WINDOWS\System32\SHCORE.dll
0x00007ffefc3f0000 - 0x00007ffefc445000 	C:\WINDOWS\System32\shlwapi.dll
0x00007ffef9d00000 - 0x00007ffef9d1f000 	C:\WINDOWS\SYSTEM32\profapi.dll
0x00007ffeead30000 - 0x00007ffeead49000 	C:\Program Files\Java\jdk-15.0.2\bin\net.dll
0x00007ffef3490000 - 0x00007ffef359a000 	C:\WINDOWS\SYSTEM32\WINHTTP.dll
0x00007ffef94a0000 - 0x00007ffef950a000 	C:\WINDOWS\system32\mswsock.dll
0x00007ffeea460000 - 0x00007ffeea472000 	C:\Program Files\Java\jdk-15.0.2\bin\nio.dll
0x00007ffee8e20000 - 0x00007ffee8e38000 	C:\Program Files\Java\jdk-15.0.2\bin\zip.dll
0x00007ffee2ee0000 - 0x00007ffee3060000 	C:\Program Files\Java\jdk-15.0.2\bin\awt.dll
0x00007ffefbea0000 - 0x00007ffefbf6d000 	C:\WINDOWS\System32\OLEAUT32.dll
0x00007ffef75f0000 - 0x00007ffef7680000 	C:\WINDOWS\SYSTEM32\apphelp.dll
0x00007ffef77d0000 - 0x00007ffef786e000 	C:\WINDOWS\system32\uxtheme.dll
0x00007ffefbad0000 - 0x00007ffefbbe4000 	C:\WINDOWS\System32\MSCTF.dll
0x00007ffefb8b0000 - 0x00007ffefb9da000 	C:\WINDOWS\System32\ole32.dll
0x00007ffef79b0000 - 0x00007ffef79df000 	C:\WINDOWS\system32\DWMAPI.DLL
0x00007ffed7cf0000 - 0x00007ffed7da0000 	C:\WINDOWS\WinSxS\amd64_microsoft.windows.common-controls_6595b64144ccf1df_5.82.19041.1110_none_792d1c772443f647\comctl32.dll
0x00007ffed6680000 - 0x00007ffed6705000 	C:\Program Files\Java\jdk-15.0.2\bin\freetype.dll
0x00007ffed4b40000 - 0x00007ffed4be9000 	C:\Program Files\Java\jdk-15.0.2\bin\fontmanager.dll
0x00007ffee3800000 - 0x00007ffee3925000 	C:\WINDOWS\system32\opengl32.dll
0x00007ffee3ef0000 - 0x00007ffee3f1c000 	C:\WINDOWS\SYSTEM32\GLU32.dll
0x00007ffefb9e0000 - 0x00007ffefba89000 	C:\WINDOWS\System32\clbcatq.dll
0x00007ffef5950000 - 0x00007ffef5a46000 	C:\WINDOWS\SYSTEM32\PROPSYS.dll
0x00007ffeea5b0000 - 0x00007ffeea5c7000 	C:\WINDOWS\system32\NetworkExplorer.dll
0x00007ffefa3e0000 - 0x00007ffefa42e000 	C:\WINDOWS\System32\CFGMGR32.dll
0x00007ffee8860000 - 0x00007ffee887d000 	C:\WINDOWS\SYSTEM32\MPR.dll
0x00007ffeecc40000 - 0x00007ffeecc4b000 	C:\WINDOWS\System32\drprov.dll
0x00007ffef9af0000 - 0x00007ffef9b54000 	C:\WINDOWS\System32\WINSTA.dll
0x00007ffeebc60000 - 0x00007ffeebc7f000 	C:\WINDOWS\System32\ntlanman.dll
0x00007ffeeb5b0000 - 0x00007ffeeb5ce000 	C:\WINDOWS\System32\davclnt.dll
0x00007ffeecc30000 - 0x00007ffeecc3d000 	C:\WINDOWS\System32\DAVHLPR.dll
0x00007ffef8f20000 - 0x00007ffef8f39000 	C:\WINDOWS\System32\wkscli.dll
0x00007ffee0310000 - 0x00007ffee0322000 	C:\WINDOWS\SYSTEM32\cscapi.dll
0x00007ffef92a0000 - 0x00007ffef92ac000 	C:\WINDOWS\System32\netutils.dll
0x00007ffee04d0000 - 0x00007ffee0526000 	C:\Windows\System32\dlnashext.dll
0x00007ffed9510000 - 0x00007ffed9574000 	C:\Windows\System32\PlayToDevice.dll
0x00007ffeeaee0000 - 0x00007ffeeaf00000 	C:\Windows\System32\DevDispItemProvider.dll
0x00007ffef3ec0000 - 0x00007ffef3f45000 	C:\WINDOWS\System32\MMDevApi.dll
0x00007ffef9a90000 - 0x00007ffef9abc000 	C:\WINDOWS\System32\DEVOBJ.dll
0x00007ffed5f50000 - 0x00007ffed5ff1000 	C:\WINDOWS\system32\wpdshext.dll
0x00007ffec9b10000 - 0x00007ffec9cb5000 	C:\WINDOWS\WinSxS\amd64_microsoft.windows.gdiplus_6595b64144ccf1df_1.1.19041.2251_none_91a40448cc8846c1\gdiplus.dll
0x00007ffef4430000 - 0x00007ffef44d3000 	C:\Windows\System32\PortableDeviceApi.dll
0x00007ffefa710000 - 0x00007ffefab78000 	C:\WINDOWS\System32\SETUPAPI.dll
0x00007ffef9f00000 - 0x00007ffef9f27000 	C:\WINDOWS\System32\bcrypt.dll
0x00007ffefa0c0000 - 0x00007ffefa127000 	C:\WINDOWS\System32\WINTRUST.dll
0x00007ffefa130000 - 0x00007ffefa286000 	C:\WINDOWS\System32\CRYPT32.dll
0x00007ffef98d0000 - 0x00007ffef98e2000 	C:\WINDOWS\System32\MSASN1.dll
0x00007ffedfcb0000 - 0x00007ffedfce7000 	C:\Windows\System32\EhStorShell.dll
0x00007ffee2e70000 - 0x00007ffee2e96000 	C:\Windows\System32\EhStorAPI.dll
0x00007ffef5ab0000 - 0x00007ffef5ac4000 	C:\Windows\System32\WTSAPI32.dll
0x00007ffee01d0000 - 0x00007ffee01dd000 	C:\WINDOWS\SYSTEM32\LINKINFO.dll
0x00007ffeeb880000 - 0x00007ffeeb890000 	C:\Program Files\Java\jdk-15.0.2\bin\verify.dll
0x00007ffef5800000 - 0x00007ffef580d000 	C:\Program Files\Java\jdk-15.0.2\bin\sunmscapi.dll
0x00007ffef97b0000 - 0x00007ffef97d8000 	C:\WINDOWS\SYSTEM32\ncrypt.dll
0x00007ffef9770000 - 0x00007ffef97ab000 	C:\WINDOWS\SYSTEM32\NTASN1.dll
0x00007ffef47c0000 - 0x00007ffef4974000 	C:\WINDOWS\SYSTEM32\WindowsCodecs.dll
0x00007ffee1290000 - 0x00007ffee12ce000 	C:\WINDOWS\system32\dataexchange.dll
0x00007ffef6a10000 - 0x00007ffef6bf3000 	C:\WINDOWS\system32\dcomp.dll
0x00007ffef5ad0000 - 0x00007ffef5d33000 	C:\WINDOWS\system32\d3d11.dll
0x00007ffef8680000 - 0x00007ffef8773000 	C:\WINDOWS\system32\dxgi.dll
0x00007ffef4a20000 - 0x00007ffef4c20000 	C:\WINDOWS\system32\twinapi.appcore.dll
0x000001a6e29f0000 - 0x000001a6e29f3000 	C:\Program Files\Java\jdk-15.0.2\bin\api-ms-win-core-console-l1-1-0.dll
0x000001a6e2a00000 - 0x000001a6e2a03000 	C:\Program Files\Java\jdk-15.0.2\bin\api-ms-win-core-datetime-l1-1-0.dll
0x000001a6e2a10000 - 0x000001a6e2a13000 	C:\Program Files\Java\jdk-15.0.2\bin\api-ms-win-core-debug-l1-1-0.dll
0x000001a6e2a20000 - 0x000001a6e2a23000 	C:\Program Files\Java\jdk-15.0.2\bin\api-ms-win-core-errorhandling-l1-1-0.dll
0x000001a6e2a30000 - 0x000001a6e2a34000 	C:\Program Files\Java\jdk-15.0.2\bin\api-ms-win-core-file-l1-1-0.dll
0x000001a6e2a40000 - 0x000001a6e2a43000 	C:\Program Files\Java\jdk-15.0.2\bin\api-ms-win-core-file-l1-2-0.dll
0x000001a6e2a50000 - 0x000001a6e2a53000 	C:\Program Files\Java\jdk-15.0.2\bin\api-ms-win-core-file-l2-1-0.dll
0x000001a6e2a60000 - 0x000001a6e2a63000 	C:\Program Files\Java\jdk-15.0.2\bin\api-ms-win-core-handle-l1-1-0.dll
0x000001a6e2a70000 - 0x000001a6e2a73000 	C:\Program Files\Java\jdk-15.0.2\bin\api-ms-win-core-heap-l1-1-0.dll
0x000001a6e2a80000 - 0x000001a6e2a83000 	C:\Program Files\Java\jdk-15.0.2\bin\api-ms-win-core-interlocked-l1-1-0.dll
0x000001a6e2a90000 - 0x000001a6e2a93000 	C:\Program Files\Java\jdk-15.0.2\bin\api-ms-win-core-libraryloader-l1-1-0.dll
0x000001a6e2aa0000 - 0x000001a6e2aa3000 	C:\Program Files\Java\jdk-15.0.2\bin\api-ms-win-core-localization-l1-2-0.dll
0x000001a6e2ab0000 - 0x000001a6e2ab3000 	C:\Program Files\Java\jdk-15.0.2\bin\api-ms-win-core-memory-l1-1-0.dll
0x000001a6e2ac0000 - 0x000001a6e2ac3000 	C:\Program Files\Java\jdk-15.0.2\bin\api-ms-win-core-namedpipe-l1-1-0.dll
0x000001a6e2ad0000 - 0x000001a6e2ad3000 	C:\Program Files\Java\jdk-15.0.2\bin\api-ms-win-core-processenvironment-l1-1-0.dll
0x000001a6e2ae0000 - 0x000001a6e2ae3000 	C:\Program Files\Java\jdk-15.0.2\bin\api-ms-win-core-processthreads-l1-1-0.dll
0x000001a6e2af0000 - 0x000001a6e2af3000 	C:\Program Files\Java\jdk-15.0.2\bin\api-ms-win-core-processthreads-l1-1-1.dll
0x000001a6e2b00000 - 0x000001a6e2b03000 	C:\Program Files\Java\jdk-15.0.2\bin\api-ms-win-core-profile-l1-1-0.dll
0x000001a6e2b10000 - 0x000001a6e2b13000 	C:\Program Files\Java\jdk-15.0.2\bin\api-ms-win-core-rtlsupport-l1-1-0.dll
0x000001a6e2b20000 - 0x000001a6e2b23000 	C:\Program Files\Java\jdk-15.0.2\bin\api-ms-win-core-string-l1-1-0.dll
0x000001a6e2b30000 - 0x000001a6e2b33000 	C:\Program Files\Java\jdk-15.0.2\bin\api-ms-win-core-synch-l1-1-0.dll
0x000001a6e2b40000 - 0x000001a6e2b43000 	C:\Program Files\Java\jdk-15.0.2\bin\api-ms-win-core-synch-l1-2-0.dll
0x000001a6e2b50000 - 0x000001a6e2b53000 	C:\Program Files\Java\jdk-15.0.2\bin\api-ms-win-core-sysinfo-l1-1-0.dll
0x000001a6e2b60000 - 0x000001a6e2b63000 	C:\Program Files\Java\jdk-15.0.2\bin\api-ms-win-core-timezone-l1-1-0.dll
0x000001a6e2b70000 - 0x000001a6e2b73000 	C:\Program Files\Java\jdk-15.0.2\bin\api-ms-win-core-util-l1-1-0.dll
0x000001a6e2b80000 - 0x000001a6e2b83000 	C:\Program Files\Java\jdk-15.0.2\bin\api-ms-win-crt-conio-l1-1-0.dll
0x000001a6e2b90000 - 0x000001a6e2b94000 	C:\Program Files\Java\jdk-15.0.2\bin\api-ms-win-crt-convert-l1-1-0.dll
0x000001a6e2ba0000 - 0x000001a6e2ba3000 	C:\Program Files\Java\jdk-15.0.2\bin\api-ms-win-crt-environment-l1-1-0.dll
0x000001a6e2bb0000 - 0x000001a6e2bb3000 	C:\Program Files\Java\jdk-15.0.2\bin\api-ms-win-crt-filesystem-l1-1-0.dll
0x000001a6e2bc0000 - 0x000001a6e2bc3000 	C:\Program Files\Java\jdk-15.0.2\bin\api-ms-win-crt-heap-l1-1-0.dll
0x000001a6e2bd0000 - 0x000001a6e2bd3000 	C:\Program Files\Java\jdk-15.0.2\bin\api-ms-win-crt-locale-l1-1-0.dll
0x000001a6e2be0000 - 0x000001a6e2be5000 	C:\Program Files\Java\jdk-15.0.2\bin\api-ms-win-crt-math-l1-1-0.dll

dbghelp: loaded successfully - version: 4.0.5 - missing functions: none
symbol engine: initialized successfully - sym options: 0x614 - pdb path: .;C:\Program Files\Java\jdk-15.0.2\bin;C:\WINDOWS\SYSTEM32;C:\WINDOWS\WinSxS\amd64_microsoft.windows.common-controls_6595b64144ccf1df_6.0.19041.1110_none_60b5254171f9507e;C:\Program Files\Java\jdk-15.0.2\bin\server;C:\WINDOWS\WinSxS\amd64_microsoft.windows.common-controls_6595b64144ccf1df_5.82.19041.1110_none_792d1c772443f647;C:\WINDOWS\WinSxS\amd64_microsoft.windows.gdiplus_6595b64144ccf1df_1.1.19041.2251_none_91a40448cc8846c1;C:\Program Files\BellSoft\LibericaJDK-13-Full\bin

VM Arguments:
jvm_args: -Dfile.encoding=UTF-8 
java_command: simrskhanza.SIMRSKhanza
java_class_path (initial): E:\Sofware SIMRSKhanza\KhanzaHMSWindows\lib\calendar-src.jar;E:\Sofware SIMRSKhanza\KhanzaHMSWindows\lib\calendar-doc.jar;E:\Sofware SIMRSKhanza\KhanzaHMSWindows\lib\calendar.jar;E:\Sofware SIMRSKhanza\KhanzaHMSWindows\lib\jcalendar-1.4.jar;E:\Sofware SIMRSKhanza\KhanzaHMSWindows\lib\ant-1.7.1.jar;E:\Sofware SIMRSKhanza\KhanzaHMSWindows\lib\apache-httpcomponents-httpclient.jar;E:\Sofware SIMRSKhanza\KhanzaHMSWindows\lib\appframework-1.0.3.jar;E:\Sofware SIMRSKhanza\KhanzaHMSWindows\lib\barbecue-1.5-beta1.jar;E:\Sofware SIMRSKhanza\KhanzaHMSWindows\lib\batik-dom.jar;E:\Sofware SIMRSKhanza\KhanzaHMSWindows\lib\groovy-all-2.4.7.jar;E:\Sofware SIMRSKhanza\KhanzaHMSWindows\lib\bcel-5.2.jar;E:\Sofware SIMRSKhanza\KhanzaHMSWindows\lib\bcprov-jdk15on-154.jar;E:\Sofware SIMRSKhanza\KhanzaHMSWindows\lib\poi-4.1.0.jar;E:\Sofware SIMRSKhanza\KhanzaHMSWindows\lib\beansbinding-1.2.1.jar;E:\Sofware SIMRSKhanza\KhanzaHMSWindows\lib\bsh-2.0b4.jar;E:\Sofware SIMRSKhanza\KhanzaHMSWindows\lib\com-jaspersoft-ireport.jar;E:\Sofware SIMRSKhanza\KhanzaHMSWindows\lib\com.fasterxml.jackson.core.jar;E:\Sofware SIMRSKhanza\KhanzaHMSWindows\lib\comm.jar;E:\Sofware SIMRSKhanza\KhanzaHMSWindows\lib\common-javaFX-plugin.jar;E:\Sofware SIMRSKhanza\KhanzaHMSWindows\lib\commons-codec-1.10.jar;E:\Sofware SIMRSKhanza\KhanzaHMSWindows\lib\commons-javaflow-20060411.jar;E:\Sofware SIMRSKhanza\KhanzaHMSWindows\lib\commons-logging-1.2.jar;E:\Sofware SIMRSKhanza\KhanzaHMSWindows\lib\fluent-hc-4.5.1.jar;E:\Sofware SIMRSKhanza\KhanzaHMSWindows\lib\fontbox-2.0.13.jar;E:\Sofware SIMRSKhanza\KhanzaHMSWindows\lib\gson-2.2.2.jar;E:\Sofware SIMRSKhanza\KhanzaHMSWindows\lib\hibernate3.jar;E:\Sofware SIMRSKhanza\KhanzaHMSWindows\lib\hsqldb-1.8.0-10.jar;E:\Sofware SIMRSKhanza\KhanzaHMSWindows\lib\httpclient-4.5.1.jar;E:\Sofware SIMRSKhanza\KhanzaHMSWindows\lib\httpclient-cache-4.5.1.jar;E:\Sofware SIMRSKhanza\KhanzaHMSWindows\lib\httpclient-win-4.5.1.jar;E:\Sofware SIMRSKhanza\KhanzaHMSWind
Launcher Type: SUN_STANDARD

[Global flags]
     intx CICompilerCount                          = 3                                         {product} {ergonomic}
     uint ConcGCThreads                            = 1                                         {product} {ergonomic}
     uint G1ConcRefinementThreads                  = 4                                         {product} {ergonomic}
   size_t G1HeapRegionSize                         = 1048576                                   {product} {ergonomic}
    uintx GCDrainStackTargetSize                   = 64                                        {product} {ergonomic}
   size_t InitialHeapSize                          = 67108864                                  {product} {ergonomic}
   size_t MarkStackSize                            = 4194304                                   {product} {ergonomic}
   size_t MaxHeapSize                              = 1048576000                                {product} {ergonomic}
   size_t MaxNewSize                               = 629145600                                 {product} {ergonomic}
   size_t MinHeapDeltaBytes                        = 1048576                                   {product} {ergonomic}
   size_t MinHeapSize                              = 8388608                                   {product} {ergonomic}
    uintx NonNMethodCodeHeapSize                   = 5832780                                {pd product} {ergonomic}
    uintx NonProfiledCodeHeapSize                  = 122912730                              {pd product} {ergonomic}
    uintx ProfiledCodeHeapSize                     = 122912730                              {pd product} {ergonomic}
    uintx ReservedCodeCacheSize                    = 251658240                              {pd product} {ergonomic}
     bool SegmentedCodeCache                       = true                                      {product} {ergonomic}
   size_t SoftMaxHeapSize                          = 1048576000                             {manageable} {ergonomic}
     bool UseCompressedClassPointers               = true                                 {lp64_product} {ergonomic}
     bool UseCompressedOops                        = true                                 {lp64_product} {ergonomic}
     bool UseG1GC                                  = true                                      {product} {ergonomic}
     bool UseLargePagesIndividualAllocation        = false                                  {pd product} {ergonomic}

Logging:
Log output configuration:
 #0: stdout all=warning uptime,level,tags
 #1: stderr all=off uptime,level,tags

Environment Variables:
JAVA_HOME=C:\Program Files\BellSoft\LibericaJDK-13-Full\
PATH=C:\Program Files\BellSoft\LibericaJDK-13-Full\bin\;C:\Program Files\Common Files\Oracle\Java\javapath;C:\WINDOWS\system32;C:\WINDOWS;C:\WINDOWS\System32\Wbem;C:\WINDOWS\System32\WindowsPowerShell\v1.0\;C:\WINDOWS\System32\OpenSSH\;C:\Program Files\nodejs\;C:\Windows\Microsoft.NET\Framework\v4.0.30319;C:\Program Files (x86)\Appeon\PowerBuilder 19.0;C:\Program Files (x86)\Appeon\PowerBuilderCompiler 19.0;C:\xampp\php;C:\composer;C:\Program Files (x86)\Microsoft SQL Server\150\DTS\Binn\;C:\Program Files\Azure Data Studio\bin;C:\Program Files\Git\cmd;C:\Users\User\AppData\Local\Microsoft\WindowsApps;C:\Users\User\AppData\Roaming\npm;C:\Users\User\AppData\Roaming\Composer\vendor\bin;C:\Program Files\Azure Data Studio\bin;C:\Users\User\AppData\Local\Programs\Microsoft VS Code\bin;C:\Program Files\Tesseract-OCR;
USERNAME=User
OS=Windows_NT
PROCESSOR_IDENTIFIER=Intel64 Family 6 Model 60 Stepping 3, GenuineIntel



---------------  S Y S T E M  ---------------

OS:
 Windows 10 , 64 bit Build 19041 (10.0.19041.2788)
OS uptime: 3 days 3:49 hours

CPU: total 4 (initial active 4) (2 cores per cpu, 2 threads per core) family 6 model 60 stepping 3 microcode 0x27, cmov, cx8, fxsr, mmx, sse, sse2, sse3, ssse3, sse4.1, sse4.2, popcnt, vzeroupper, avx, avx2, aes, clmul, erms, lzcnt, ht, tsc, tscinvbit, bmi1, bmi2, fma, clflush

Memory: 4k page, system-wide physical 3996M (461M free)
TotalPageFile size 8096M (AvailPageFile size 2776M)
current process WorkingSet (physical memory assigned to process): 325M, peak: 326M
current process commit charge ("private bytes"): 364M, peak: 373M

vm_info: Java HotSpot(TM) 64-Bit Server VM (15.0.2+7-27) for windows-amd64 JRE (15.0.2+7-27), built on Dec  7 2020 20:07:01 by "mach5one" with unknown MS VC++:1925

END.
