#
# A fatal error has been detected by the Java Runtime Environment:
#
#  EXCEPTION_ACCESS_VIOLATION (0xc0000005) at pc=0x00007ffe3875a3d1, pid=3500, tid=7752
#
# JRE version: Java(TM) SE Runtime Environment (15.0.2+7) (build 15.0.2+7-27)
# Java VM: Java HotSpot(TM) 64-Bit Server VM (15.0.2+7-27, mixed mode, sharing, tiered, compressed oops, g1 gc, windows-amd64)
# Problematic frame:
# V  [jvm.dll+0x3aa3d1]
#
# No core dump will be written. Minidumps are not enabled by default on client versions of Windows
#
# If you would like to submit a bug report, please visit:
#   https://bugreport.java.com/bugreport/crash.jsp
#

---------------  S U M M A R Y ------------

Command Line: -Dfile.encoding=UTF-8 simrskhanza.SIMRSKhanza

Host: Intel(R) Core(TM) i3-4170 CPU @ 3.70GHz, 4 cores, 3G,  Windows 10 , 64 bit Build 19041 (10.0.19041.2788)
Time: Wed Jul  5 09:43:52 2023 SE Asia Standard Time elapsed time: 22.862038 seconds (0d 0h 0m 22s)

---------------  T H R E A D  ---------------

Current thread (0x00000132ff8bba70):  JavaThread "JavaFX Application Thread" [_thread_in_vm, id=7752, stack(0x00000011c5b00000,0x00000011c5c00000)]

Stack: [0x00000011c5b00000,0x00000011c5c00000],  sp=0x00000011c5bfde10,  free space=1015k
Native frames: (J=compiled Java code, j=interpreted, Vv=VM code, C=native code)
V  [jvm.dll+0x3aa3d1]
C  0x00007ffe09bafeac

Java frames: (J=compiled Java code, j=interpreted, Vv=VM code)
j  com.sun.webkit.WebPage.twkCreatePage(Z)J+0
j  com.sun.webkit.WebPage.<init>(Lcom/sun/webkit/WebPageClient;Lcom/sun/webkit/UIClient;Lcom/sun/webkit/PolicyClient;Lcom/sun/webkit/InspectorClient;Lcom/sun/webkit/ThemeClient;Z)V+177
j  javafx.scene.web.WebEngine.<init>(Ljava/lang/String;Z)V+270
j  javafx.scene.web.WebEngine.<init>()V+3
j  javafx.scene.web.WebView.<init>()V+60
j  bridging.INACBGHybrid$3.run()V+4
j  com.sun.javafx.application.PlatformImpl.lambda$runLater$10(Ljava/lang/Runnable;)Ljava/lang/Void;+1
j  com.sun.javafx.application.PlatformImpl$$Lambda$262+0x00000008010770f0.run()Ljava/lang/Object;+4
J 2216 c1 java.security.AccessController.doPrivileged(Ljava/security/PrivilegedAction;Ljava/security/AccessControlContext;)Ljava/lang/Object; java.base@15.0.2 (17 bytes) @ 0x0000013288b29ee4 [0x0000013288b29d00+0x00000000000001e4]
j  com.sun.javafx.application.PlatformImpl.lambda$runLater$11(Ljava/lang/Runnable;Ljava/security/AccessControlContext;)V+7
j  com.sun.javafx.application.PlatformImpl$$Lambda$261+0x0000000801076ca0.run()V+8
j  com.sun.glass.ui.InvokeLaterDispatcher$Future.run()V+4
v  ~StubRoutines::call_stub
j  com.sun.glass.ui.win.WinApplication._runLoop(Ljava/lang/Runnable;)V+0
j  com.sun.glass.ui.win.WinApplication.lambda$runLoop$3(ILjava/lang/Runnable;)V+8
j  com.sun.glass.ui.win.WinApplication$$Lambda$248+0x0000000801049df0.run()V+12
j  java.lang.Thread.run()V+11 java.base@15.0.2
v  ~StubRoutines::call_stub

siginfo: EXCEPTION_ACCESS_VIOLATION (0xc0000005), reading address 0x0000000000000000


Register to memory mapping:

RIP=0x00007ffe3875a3d1 jvm.dll
RAX=0x0 is NULL
RBX=0x00000132ff8bba70 is a thread
RCX=0x4dca9a25b56c0000 is an unknown value
RDX=0x0000013298aaff18 is a global jni handle
RSP=0x00000011c5bfde10 is pointing into the stack for thread: 0x00000132ff8bba70
RBP=0x00000011c5bfdf08 is pointing into the stack for thread: 0x00000132ff8bba70
RSI=0x00000132ff8bbd98 points into unknown readable memory: 0x00007ffe38dade40 | 40 de da 38 fe 7f 00 00
RDI=0x0000013298aaff18 is a global jni handle
R8 =0x0 is NULL
R9 =0x00000011c5bfdf08 is pointing into the stack for thread: 0x00000132ff8bba70
R10=0x000000000000003a is an unknown value
R11=0x00000011c5bfde08 is pointing into the stack for thread: 0x00000132ff8bba70
R12=0x0 is NULL
R13=
[error occurred during error reporting (printing register info), id 0xc0000005, EXCEPTION_ACCESS_VIOLATION (0xc0000005) at pc=0x00007ffe38658322]

Registers:
RAX=0x0000000000000000, RBX=0x00000132ff8bba70, RCX=0x4dca9a25b56c0000, RDX=0x0000013298aaff18
RSP=0x00000011c5bfde10, RBP=0x00000011c5bfdf08, RSI=0x00000132ff8bbd98, RDI=0x0000013298aaff18
R8 =0x0000000000000000, R9 =0x00000011c5bfdf08, R10=0x000000000000003a, R11=0x00000011c5bfde08
R12=0x0000000000000000, R13=0x00000000ffffffff, R14=0x0000000000000000, R15=0x0000000000000000
RIP=0x00007ffe3875a3d1, EFLAGS=0x0000000000010206

Top of Stack: (sp=0x00000011c5bfde10)
0x00000011c5bfde10:   00000132ff8bba70 00000132ff8bbd98
0x00000011c5bfde20:   0000000000000000 00007ffe5f2e2690
0x00000011c5bfde30:   0000000000000000 00007ffe0d0e5e30
0x00000011c5bfde40:   00004ddb5f9a69cc 00000011c5bfdea0
0x00000011c5bfde50:   0000000000000000 0000013298aaff18
0x00000011c5bfde60:   00000132ff8bba70 00000132fe113cf0
0x00000011c5bfde70:   0000013200000493 00007ffe38c4aaa0
0x00000011c5bfde80:   00000132ff8bba70 00007ffe3875266a
0x00000011c5bfde90:   00007ffe0b521a90 00007ffe0b270cd0
0x00000011c5bfdea0:   0000013200000002 00007ffe00000002
0x00000011c5bfdeb0:   00000132ffa83500 00007ffe09bafeac
0x00000011c5bfdec0:   000001329bd899ac 0000000000000000
0x00000011c5bfded0:   00007ffe0d0e5e30 00000132ff8bbd98
0x00000011c5bfdee0:   00000132ff8bbd98 00007ffe0b064a8d
0x00000011c5bfdef0:   000001329bd899ac 0000000000000000
0x00000011c5bfdf00:   0000000000000000 000000000000001c 

Instructions: (pc=0x00007ffe3875a3d1)
0x00007ffe3875a2d1:   00 00 48 8b bc 24 c0 00 00 00 c0 e8 03 a8 01 74
0x00007ffe3875a2e1:   08 48 8b cb e8 a6 29 2e 00 0f 28 c6 c7 83 98 03
0x00007ffe3875a2f1:   00 00 04 00 00 00 0f 28 b4 24 b0 00 00 00 48 81
0x00007ffe3875a301:   c4 d0 00 00 00 5b c3 cc cc cc cc cc cc cc cc 48
0x00007ffe3875a311:   89 5c 24 08 48 89 6c 24 10 48 89 74 24 18 48 89
0x00007ffe3875a321:   7c 24 20 41 56 48 81 ec a0 00 00 00 8b 81 88 00
0x00007ffe3875a331:   00 00 48 8d 99 d8 fc ff ff 05 55 21 ff ff 49 8b
0x00007ffe3875a341:   e9 4d 8b f0 48 8b fa 48 8b f1 83 f8 01 76 0a 48
0x00007ffe3875a351:   8b cb e8 28 33 39 00 33 db c7 83 98 03 00 00 05
0x00007ffe3875a361:   00 00 00 e8 c7 26 27 00 48 8b 03 48 8b cb ff 50
0x00007ffe3875a371:   38 84 c0 74 0e 48 8b 83 10 01 00 00 c0 e8 03 24
0x00007ffe3875a381:   01 eb 0b 8b 05 86 23 6f 00 85 c0 0f 95 c0 84 c0
0x00007ffe3875a391:   75 0d 8b 83 e0 00 00 00 a9 04 00 00 20 74 08 48
0x00007ffe3875a3a1:   8b cb e8 58 39 39 00 c7 83 98 03 00 00 06 00 00
0x00007ffe3875a3b1:   00 48 83 7b 08 00 48 89 5c 24 50 48 c7 44 24 58
0x00007ffe3875a3c1:   00 00 00 00 74 0a 48 8d 4c 24 50 e8 1f c5 2a 00
0x00007ffe3875a3d1:   49 8b 16 48 8d 4c 24 70 c7 44 24 40 04 00 00 00
0x00007ffe3875a3e1:   e8 ea cf 00 00 48 89 ac 24 98 00 00 00 48 8d 05
0x00007ffe3875a3f1:   33 07 4f 00 48 89 44 24 70 40 f6 c7 01 74 0c 48
0x00007ffe3875a401:   8d 4f ff ff 15 9e 13 65 00 eb 09 48 8b cf ff 15
0x00007ffe3875a411:   f3 9b 64 00 8b 15 85 9c 6d 00 48 8b c8 e8 ed d0
0x00007ffe3875a421:   26 00 48 8b d3 48 8b c8 4c 8b 00 41 ff 90 b0 00
0x00007ffe3875a431:   00 00 48 83 7b 08 00 75 35 48 8d 44 24 70 48 89
0x00007ffe3875a441:   5c 24 30 48 89 44 24 28 48 8d 54 24 40 45 33 c9
0x00007ffe3875a451:   4c 89 74 24 20 45 33 c0 48 8b ce e8 3f e4 00 00
0x00007ffe3875a461:   48 83 7b 08 00 75 07 0f b6 74 24 48 eb 03 40 32
0x00007ffe3875a471:   f6 48 83 7c 24 58 00 74 0a 48 8d 4c 24 50 e8 0c
0x00007ffe3875a481:   c5 2a 00 48 8b bb f8 00 00 00 48 8b 4f 10 48 83
0x00007ffe3875a491:   39 00 74 0c 48 8b cf e8 d3 a0 f6 ff 48 8b 4f 10
0x00007ffe3875a4a1:   48 8b 47 08 48 89 48 10 48 8b 4f 08 48 8b 47 18
0x00007ffe3875a4b1:   48 89 41 18 48 8b 4f 08 48 8b 47 20 48 89 41 20
0x00007ffe3875a4c1:   c7 83 98 03 00 00 07 00 00 00 e8 60 25 27 00 48 


Stack slot to memory mapping:
stack at sp + 0 slots: 0x00000132ff8bba70 is a thread
stack at sp + 1 slots: 0x00000132ff8bbd98 points into unknown readable memory: 0x00007ffe38dade40 | 40 de da 38 fe 7f 00 00
stack at sp + 2 slots: 0x0 is NULL
stack at sp + 3 slots: 0x00007ffe5f2e2690 ucrtbase.dll
stack at sp + 4 slots: 0x0 is NULL
stack at sp + 5 slots: 0x00007ffe0d0e5e30 points into unknown readable memory: 0x00007ffe0d136268 | 68 62 13 0d fe 7f 00 00
stack at sp + 6 slots: 0x00004ddb5f9a69cc is an unknown value
stack at sp + 7 slots: 0x00000011c5bfdea0 is pointing into the stack for thread: 0x00000132ff8bba70


---------------  P R O C E S S  ---------------

Threads class SMR info:
_java_thread_list=0x000001329a719de0, length=24, elements={
0x00000132fd6cf090, 0x00000132fd6d0400, 0x00000132fd6e63e0, 0x00000132fd6e8db0,
0x00000132fd6ea000, 0x00000132fd6f22f0, 0x00000132fd6f3df0, 0x00000132fd6facf0,
0x00000132fe25cfa0, 0x00000132fe26a7e0, 0x00000132fefc2850, 0x00000132fef04040,
0x00000132ff077040, 0x00000132fedfeb50, 0x00000132fee7c480, 0x00000132f8c49ba0,
0x00000132ff2bb7c0, 0x00000132ff8ba730, 0x00000132ff8ba260, 0x00000132ff8bac00,
0x00000132ff8bba70, 0x00000132ff8bb5a0, 0x00000132ff15bd40, 0x00000132ff8b9d90
}

Java Threads: ( => current thread )
  0x00000132fd6cf090 JavaThread "Reference Handler" daemon [_thread_blocked, id=7040, stack(0x00000011c3c00000,0x00000011c3d00000)]
  0x00000132fd6d0400 JavaThread "Finalizer" daemon [_thread_blocked, id=5704, stack(0x00000011c3d00000,0x00000011c3e00000)]
  0x00000132fd6e63e0 JavaThread "Signal Dispatcher" daemon [_thread_blocked, id=4972, stack(0x00000011c3e00000,0x00000011c3f00000)]
  0x00000132fd6e8db0 JavaThread "Attach Listener" daemon [_thread_blocked, id=10528, stack(0x00000011c3f00000,0x00000011c4000000)]
  0x00000132fd6ea000 JavaThread "Service Thread" daemon [_thread_blocked, id=7048, stack(0x00000011c4000000,0x00000011c4100000)]
  0x00000132fd6f22f0 JavaThread "C2 CompilerThread0" daemon [_thread_blocked, id=3460, stack(0x00000011c4100000,0x00000011c4200000)]
  0x00000132fd6f3df0 JavaThread "C1 CompilerThread0" daemon [_thread_blocked, id=7340, stack(0x00000011c4200000,0x00000011c4300000)]
  0x00000132fd6facf0 JavaThread "Sweeper thread" daemon [_thread_blocked, id=7552, stack(0x00000011c4300000,0x00000011c4400000)]
  0x00000132fe25cfa0 JavaThread "Notification Thread" daemon [_thread_blocked, id=5896, stack(0x00000011c4400000,0x00000011c4500000)]
  0x00000132fe26a7e0 JavaThread "Common-Cleaner" daemon [_thread_blocked, id=2516, stack(0x00000011c4600000,0x00000011c4700000)]
  0x00000132fefc2850 JavaThread "Java2D Disposer" daemon [_thread_blocked, id=4168, stack(0x00000011c4900000,0x00000011c4a00000)]
  0x00000132fef04040 JavaThread "AWT-Shutdown" [_thread_blocked, id=6744, stack(0x00000011c4a00000,0x00000011c4b00000)]
  0x00000132ff077040 JavaThread "AWT-Windows" daemon [_thread_in_native, id=8344, stack(0x00000011c4b00000,0x00000011c4c00000)]
  0x00000132fedfeb50 JavaThread "AWT-EventQueue-0" [_thread_blocked, id=5196, stack(0x00000011c4d00000,0x00000011c4e00000)]
  0x00000132fee7c480 JavaThread "Swing-Shell" daemon [_thread_blocked, id=816, stack(0x00000011c4e00000,0x00000011c4f00000)]
  0x00000132f8c49ba0 JavaThread "DestroyJavaVM" [_thread_blocked, id=7740, stack(0x00000011c3500000,0x00000011c3600000)]
  0x00000132ff2bb7c0 JavaThread "Abandoned connection cleanup thread" daemon [_thread_blocked, id=10468, stack(0x00000011c5600000,0x00000011c5700000)]
  0x00000132ff8ba730 JavaThread "TimerQueue" daemon [_thread_blocked, id=5408, stack(0x00000011c5700000,0x00000011c5800000)]
  0x00000132ff8ba260 JavaThread "QuantumRenderer-0" daemon [_thread_blocked, id=3312, stack(0x00000011c5900000,0x00000011c5a00000)]
  0x00000132ff8bac00 JavaThread "InvokeLaterDispatcher" daemon [_thread_blocked, id=8140, stack(0x00000011c5a00000,0x00000011c5b00000)]
=>0x00000132ff8bba70 JavaThread "JavaFX Application Thread" [_thread_in_vm, id=7752, stack(0x00000011c5b00000,0x00000011c5c00000)]
  0x00000132ff8bb5a0 JavaThread "Thread-2" daemon [_thread_in_native, id=10072, stack(0x00000011c4c00000,0x00000011c4d00000)]
  0x00000132ff15bd40 JavaThread "C2 CompilerThread1" daemon [_thread_blocked, id=9480, stack(0x00000011c5800000,0x00000011c5900000)]
  0x00000132ff8b9d90 JavaThread "Image Fetcher 0" daemon [_thread_blocked, id=5756, stack(0x00000011c5f00000,0x00000011c6000000)]

Other Threads:
  0x00000132fd6cba40 VMThread "VM Thread" [stack: 0x00000011c3b00000,0x00000011c3c00000] [id=7240]
  0x00000132fe261490 WatcherThread [stack: 0x00000011c4500000,0x00000011c4600000] [id=936]
  0x00000132f8c79f50 GCTaskThread "GC Thread#0" [stack: 0x00000011c3600000,0x00000011c3700000] [id=10860]
  0x00000132fe24f9e0 GCTaskThread "GC Thread#1" [stack: 0x00000011c4700000,0x00000011c4800000] [id=7784]
  0x00000132fe9550c0 GCTaskThread "GC Thread#2" [stack: 0x00000011c5400000,0x00000011c5500000] [id=7484]
  0x00000132fe9540d0 GCTaskThread "GC Thread#3" [stack: 0x00000011c5500000,0x00000011c5600000] [id=2284]
  0x00000132f8c84ec0 ConcurrentGCThread "G1 Main Marker" [stack: 0x00000011c3700000,0x00000011c3800000] [id=5388]
  0x00000132f8c85ab0 ConcurrentGCThread "G1 Conc#0" [stack: 0x00000011c3800000,0x00000011c3900000] [id=8332]
  0x00000132f8cd5d50 ConcurrentGCThread "G1 Refine#0" [stack: 0x00000011c3900000,0x00000011c3a00000] [id=10496]
  0x000001329856bdd0 ConcurrentGCThread "G1 Refine#1" [stack: 0x00000011c4800000,0x00000011c4900000] [id=11032]
  0x00000132f8cd6950 ConcurrentGCThread "G1 Young RemSet Sampling" [stack: 0x00000011c3a00000,0x00000011c3b00000] [id=9008]

Threads with active compile tasks:

VM state: not at safepoint (normal execution)

VM Mutex/Monitor currently owned by a thread: None

Heap address: 0x00000000c1800000, size: 1000 MB, Compressed Oops mode: 32-bit
CDS archive(s) mapped at: [0x0000000800000000-0x0000000800b50000-0x0000000800b50000), size 11862016, SharedBaseAddress: 0x0000000800000000, ArchiveRelocationMode: 0.
Compressed class space mapped at: 0x0000000800b50000-0x0000000840b50000, size: 1073741824
Narrow klass base: 0x0000000800000000, Narrow klass shift: 3, Narrow klass range: 0x100000000

GC Precious Log:
 CPUs: 4 total, 4 available
 Memory: 3996M
 Large Page Support: Disabled
 NUMA Support: Disabled
 Compressed Oops: Enabled (32-bit)
 Heap Region Size: 1M
 Heap Min Capacity: 8M
 Heap Initial Capacity: 64M
 Heap Max Capacity: 1000M
 Pre-touch: Disabled
 Parallel Workers: 4
 Concurrent Workers: 1
 Concurrent Refinement Workers: 4
 Periodic GC: Disabled

Heap:
 garbage-first heap   total 145408K, used 93863K [0x00000000c1800000, 0x0000000100000000)
  region size 1024K, 14 young (14336K), 4 survivors (4096K)
 Metaspace       used 45516K, capacity 45822K, committed 46208K, reserved 1089536K
  class space    used 6088K, capacity 6205K, committed 6272K, reserved 1048576K

Heap Regions: E=young(eden), S=young(survivor), O=old, HS=humongous(starts), HC=humongous(continues), CS=collection set, F=free, OA=open archive, CA=closed archive, TAMS=top-at-mark-start (previous, next)
|   0|0x00000000c1800000, 0x00000000c1900000, 0x00000000c1900000|100%| O|  |TAMS 0x00000000c1900000, 0x00000000c1800000| Untracked 
|   1|0x00000000c1900000, 0x00000000c1a00000, 0x00000000c1a00000|100%| O|  |TAMS 0x00000000c1a00000, 0x00000000c1900000| Untracked 
|   2|0x00000000c1a00000, 0x00000000c1b00000, 0x00000000c1b00000|100%| O|  |TAMS 0x00000000c1b00000, 0x00000000c1a00000| Untracked 
|   3|0x00000000c1b00000, 0x00000000c1c00000, 0x00000000c1c00000|100%| O|  |TAMS 0x00000000c1c00000, 0x00000000c1b00000| Untracked 
|   4|0x00000000c1c00000, 0x00000000c1d00000, 0x00000000c1d00000|100%| O|  |TAMS 0x00000000c1d00000, 0x00000000c1c00000| Untracked 
|   5|0x00000000c1d00000, 0x00000000c1e00000, 0x00000000c1e00000|100%| O|  |TAMS 0x00000000c1e00000, 0x00000000c1d00000| Untracked 
|   6|0x00000000c1e00000, 0x00000000c1f00000, 0x00000000c1f00000|100%| O|  |TAMS 0x00000000c1f00000, 0x00000000c1e00000| Untracked 
|   7|0x00000000c1f00000, 0x00000000c2000000, 0x00000000c2000000|100%| O|  |TAMS 0x00000000c2000000, 0x00000000c1f00000| Untracked 
|   8|0x00000000c2000000, 0x00000000c2100000, 0x00000000c2100000|100%| O|  |TAMS 0x00000000c2100000, 0x00000000c2000000| Untracked 
|   9|0x00000000c2100000, 0x00000000c2200000, 0x00000000c2200000|100%| O|  |TAMS 0x00000000c2200000, 0x00000000c2100000| Untracked 
|  10|0x00000000c2200000, 0x00000000c2300000, 0x00000000c2300000|100%| O|  |TAMS 0x00000000c2300000, 0x00000000c2200000| Untracked 
|  11|0x00000000c2300000, 0x00000000c2400000, 0x00000000c2400000|100%| O|  |TAMS 0x00000000c2400000, 0x00000000c2300000| Untracked 
|  12|0x00000000c2400000, 0x00000000c2500000, 0x00000000c2500000|100%| O|  |TAMS 0x00000000c2500000, 0x00000000c2400000| Untracked 
|  13|0x00000000c2500000, 0x00000000c2600000, 0x00000000c2600000|100%| O|  |TAMS 0x00000000c2600000, 0x00000000c2500000| Untracked 
|  14|0x00000000c2600000, 0x00000000c2700000, 0x00000000c2700000|100%| O|  |TAMS 0x00000000c2700000, 0x00000000c2600000| Untracked 
|  15|0x00000000c2700000, 0x00000000c2800000, 0x00000000c2800000|100%| O|  |TAMS 0x00000000c2800000, 0x00000000c2700000| Untracked 
|  16|0x00000000c2800000, 0x00000000c2900000, 0x00000000c2900000|100%| O|  |TAMS 0x00000000c2900000, 0x00000000c2800000| Untracked 
|  17|0x00000000c2900000, 0x00000000c29f4800, 0x00000000c2a00000| 95%| O|  |TAMS 0x00000000c29f4800, 0x00000000c2900000| Untracked 
|  18|0x00000000c2a00000, 0x00000000c2b00000, 0x00000000c2b00000|100%| O|  |TAMS 0x00000000c2b00000, 0x00000000c2a00000| Untracked 
|  19|0x00000000c2b00000, 0x00000000c2c00000, 0x00000000c2c00000|100%| O|  |TAMS 0x00000000c2c00000, 0x00000000c2b00000| Untracked 
|  20|0x00000000c2c00000, 0x00000000c2d00000, 0x00000000c2d00000|100%| O|  |TAMS 0x00000000c2d00000, 0x00000000c2c00000| Untracked 
|  21|0x00000000c2d00000, 0x00000000c2e00000, 0x00000000c2e00000|100%| O|  |TAMS 0x00000000c2e00000, 0x00000000c2d00000| Untracked 
|  22|0x00000000c2e00000, 0x00000000c2f00000, 0x00000000c2f00000|100%| O|  |TAMS 0x00000000c2f00000, 0x00000000c2e00000| Untracked 
|  23|0x00000000c2f00000, 0x00000000c3000000, 0x00000000c3000000|100%| O|  |TAMS 0x00000000c3000000, 0x00000000c2f00000| Untracked 
|  24|0x00000000c3000000, 0x00000000c3100000, 0x00000000c3100000|100%| O|  |TAMS 0x00000000c3100000, 0x00000000c3000000| Untracked 
|  25|0x00000000c3100000, 0x00000000c3200000, 0x00000000c3200000|100%| O|  |TAMS 0x00000000c3200000, 0x00000000c3100000| Untracked 
|  26|0x00000000c3200000, 0x00000000c3300000, 0x00000000c3300000|100%| O|  |TAMS 0x00000000c3300000, 0x00000000c3200000| Untracked 
|  27|0x00000000c3300000, 0x00000000c3400000, 0x00000000c3400000|100%| O|  |TAMS 0x00000000c3400000, 0x00000000c3300000| Untracked 
|  28|0x00000000c3400000, 0x00000000c3500000, 0x00000000c3500000|100%| O|  |TAMS 0x00000000c3500000, 0x00000000c3400000| Untracked 
|  29|0x00000000c3500000, 0x00000000c3600000, 0x00000000c3600000|100%| O|  |TAMS 0x00000000c3600000, 0x00000000c3500000| Untracked 
|  30|0x00000000c3600000, 0x00000000c3700000, 0x00000000c3700000|100%| O|  |TAMS 0x00000000c3700000, 0x00000000c3600000| Untracked 
|  31|0x00000000c3700000, 0x00000000c3800000, 0x00000000c3800000|100%| O|  |TAMS 0x00000000c3800000, 0x00000000c3700000| Untracked 
|  32|0x00000000c3800000, 0x00000000c3900000, 0x00000000c3900000|100%| O|  |TAMS 0x00000000c3900000, 0x00000000c3800000| Untracked 
|  33|0x00000000c3900000, 0x00000000c3a00000, 0x00000000c3a00000|100%| O|  |TAMS 0x00000000c3a00000, 0x00000000c3900000| Untracked 
|  34|0x00000000c3a00000, 0x00000000c3b00000, 0x00000000c3b00000|100%| O|  |TAMS 0x00000000c3b00000, 0x00000000c3a00000| Untracked 
|  35|0x00000000c3b00000, 0x00000000c3c00000, 0x00000000c3c00000|100%| O|  |TAMS 0x00000000c3c00000, 0x00000000c3b00000| Untracked 
|  36|0x00000000c3c00000, 0x00000000c3d00000, 0x00000000c3d00000|100%| O|  |TAMS 0x00000000c3d00000, 0x00000000c3c00000| Untracked 
|  37|0x00000000c3d00000, 0x00000000c3e00000, 0x00000000c3e00000|100%| O|  |TAMS 0x00000000c3e00000, 0x00000000c3d00000| Untracked 
|  38|0x00000000c3e00000, 0x00000000c3f00000, 0x00000000c3f00000|100%| O|  |TAMS 0x00000000c3f00000, 0x00000000c3e00000| Untracked 
|  39|0x00000000c3f00000, 0x00000000c4000000, 0x00000000c4000000|100%| O|  |TAMS 0x00000000c4000000, 0x00000000c3f00000| Untracked 
|  40|0x00000000c4000000, 0x00000000c4100000, 0x00000000c4100000|100%| O|  |TAMS 0x00000000c4100000, 0x00000000c4000000| Untracked 
|  41|0x00000000c4100000, 0x00000000c4200000, 0x00000000c4200000|100%| O|  |TAMS 0x00000000c4200000, 0x00000000c4100000| Untracked 
|  42|0x00000000c4200000, 0x00000000c4300000, 0x00000000c4300000|100%| O|  |TAMS 0x00000000c4300000, 0x00000000c4200000| Untracked 
|  43|0x00000000c4300000, 0x00000000c4400000, 0x00000000c4400000|100%| O|  |TAMS 0x00000000c4400000, 0x00000000c4300000| Untracked 
|  44|0x00000000c4400000, 0x00000000c4500000, 0x00000000c4500000|100%| O|  |TAMS 0x00000000c4500000, 0x00000000c4400000| Untracked 
|  45|0x00000000c4500000, 0x00000000c4600000, 0x00000000c4600000|100%| O|  |TAMS 0x00000000c4600000, 0x00000000c4500000| Untracked 
|  46|0x00000000c4600000, 0x00000000c4700000, 0x00000000c4700000|100%| O|  |TAMS 0x00000000c4700000, 0x00000000c4600000| Untracked 
|  47|0x00000000c4700000, 0x00000000c4800000, 0x00000000c4800000|100%| O|  |TAMS 0x00000000c4800000, 0x00000000c4700000| Untracked 
|  48|0x00000000c4800000, 0x00000000c4900000, 0x00000000c4900000|100%| O|  |TAMS 0x00000000c4900000, 0x00000000c4800000| Untracked 
|  49|0x00000000c4900000, 0x00000000c4a00000, 0x00000000c4a00000|100%| O|  |TAMS 0x00000000c4a00000, 0x00000000c4900000| Untracked 
|  50|0x00000000c4a00000, 0x00000000c4b00000, 0x00000000c4b00000|100%| O|  |TAMS 0x00000000c4b00000, 0x00000000c4a00000| Untracked 
|  51|0x00000000c4b00000, 0x00000000c4c00000, 0x00000000c4c00000|100%| O|  |TAMS 0x00000000c4c00000, 0x00000000c4b00000| Untracked 
|  52|0x00000000c4c00000, 0x00000000c4d00000, 0x00000000c4d00000|100%| O|  |TAMS 0x00000000c4d00000, 0x00000000c4c00000| Untracked 
|  53|0x00000000c4d00000, 0x00000000c4e00000, 0x00000000c4e00000|100%| O|  |TAMS 0x00000000c4e00000, 0x00000000c4d00000| Untracked 
|  54|0x00000000c4e00000, 0x00000000c4f00000, 0x00000000c4f00000|100%| O|  |TAMS 0x00000000c4f00000, 0x00000000c4e00000| Untracked 
|  55|0x00000000c4f00000, 0x00000000c5000000, 0x00000000c5000000|100%|HS|  |TAMS 0x00000000c5000000, 0x00000000c4f00000| Complete 
|  56|0x00000000c5000000, 0x00000000c5100000, 0x00000000c5100000|100%|HC|  |TAMS 0x00000000c5100000, 0x00000000c5000000| Complete 
|  57|0x00000000c5100000, 0x00000000c5200000, 0x00000000c5200000|100%|HC|  |TAMS 0x00000000c5200000, 0x00000000c5100000| Complete 
|  58|0x00000000c5200000, 0x00000000c5300000, 0x00000000c5300000|100%|HC|  |TAMS 0x00000000c5300000, 0x00000000c5200000| Complete 
|  59|0x00000000c5300000, 0x00000000c5400000, 0x00000000c5400000|100%|HC|  |TAMS 0x00000000c5400000, 0x00000000c5300000| Complete 
|  60|0x00000000c5400000, 0x00000000c5500000, 0x00000000c5500000|100%|HC|  |TAMS 0x00000000c5500000, 0x00000000c5400000| Complete 
|  61|0x00000000c5500000, 0x00000000c5600000, 0x00000000c5600000|100%|HC|  |TAMS 0x00000000c5600000, 0x00000000c5500000| Complete 
|  62|0x00000000c5600000, 0x00000000c5700000, 0x00000000c5700000|100%|HC|  |TAMS 0x00000000c5700000, 0x00000000c5600000| Complete 
|  63|0x00000000c5700000, 0x00000000c5800000, 0x00000000c5800000|100%|HC|  |TAMS 0x00000000c5800000, 0x00000000c5700000| Complete 
|  64|0x00000000c5800000, 0x00000000c5900000, 0x00000000c5900000|100%| O|  |TAMS 0x00000000c5900000, 0x00000000c5800000| Untracked 
|  65|0x00000000c5900000, 0x00000000c5a00000, 0x00000000c5a00000|100%| O|  |TAMS 0x00000000c5a00000, 0x00000000c5900000| Untracked 
|  66|0x00000000c5a00000, 0x00000000c5b00000, 0x00000000c5b00000|100%| O|  |TAMS 0x00000000c5b00000, 0x00000000c5a00000| Untracked 
|  67|0x00000000c5b00000, 0x00000000c5c00000, 0x00000000c5c00000|100%| O|  |TAMS 0x00000000c5c00000, 0x00000000c5b00000| Untracked 
|  68|0x00000000c5c00000, 0x00000000c5d00000, 0x00000000c5d00000|100%| O|  |TAMS 0x00000000c5d00000, 0x00000000c5c00000| Untracked 
|  69|0x00000000c5d00000, 0x00000000c5e00000, 0x00000000c5e00000|100%| O|  |TAMS 0x00000000c5e00000, 0x00000000c5d00000| Untracked 
|  70|0x00000000c5e00000, 0x00000000c5f00000, 0x00000000c5f00000|100%| O|  |TAMS 0x00000000c5e2a600, 0x00000000c5e00000| Untracked 
|  71|0x00000000c5f00000, 0x00000000c6000000, 0x00000000c6000000|100%| O|  |TAMS 0x00000000c5f00000, 0x00000000c5f00000| Untracked 
|  72|0x00000000c6000000, 0x00000000c6100000, 0x00000000c6100000|100%| O|  |TAMS 0x00000000c6000000, 0x00000000c6000000| Untracked 
|  73|0x00000000c6100000, 0x00000000c6200000, 0x00000000c6200000|100%| O|  |TAMS 0x00000000c6100000, 0x00000000c6100000| Untracked 
|  74|0x00000000c6200000, 0x00000000c6300000, 0x00000000c6300000|100%| O|  |TAMS 0x00000000c6200000, 0x00000000c6200000| Untracked 
|  75|0x00000000c6300000, 0x00000000c638ec00, 0x00000000c6400000| 55%| O|  |TAMS 0x00000000c6300000, 0x00000000c6300000| Untracked 
|  76|0x00000000c6400000, 0x00000000c6500000, 0x00000000c6500000|100%|HS|  |TAMS 0x00000000c6400000, 0x00000000c6400000| Complete 
|  77|0x00000000c6500000, 0x00000000c6600000, 0x00000000c6600000|100%|HC|  |TAMS 0x00000000c6500000, 0x00000000c6500000| Complete 
|  78|0x00000000c6600000, 0x00000000c6700000, 0x00000000c6700000|100%|HC|  |TAMS 0x00000000c6600000, 0x00000000c6600000| Complete 
|  79|0x00000000c6700000, 0x00000000c6800000, 0x00000000c6800000|100%|HC|  |TAMS 0x00000000c6700000, 0x00000000c6700000| Complete 
|  80|0x00000000c6800000, 0x00000000c6800000, 0x00000000c6900000|  0%| F|  |TAMS 0x00000000c6800000, 0x00000000c6800000| Untracked 
|  81|0x00000000c6900000, 0x00000000c6900000, 0x00000000c6a00000|  0%| F|  |TAMS 0x00000000c6900000, 0x00000000c6900000| Untracked 
|  82|0x00000000c6a00000, 0x00000000c6a00000, 0x00000000c6b00000|  0%| F|  |TAMS 0x00000000c6a00000, 0x00000000c6a00000| Untracked 
|  83|0x00000000c6b00000, 0x00000000c6b00000, 0x00000000c6c00000|  0%| F|  |TAMS 0x00000000c6b00000, 0x00000000c6b00000| Untracked 
|  84|0x00000000c6c00000, 0x00000000c6c00000, 0x00000000c6d00000|  0%| F|  |TAMS 0x00000000c6c00000, 0x00000000c6c00000| Untracked 
|  85|0x00000000c6d00000, 0x00000000c6d00000, 0x00000000c6e00000|  0%| F|  |TAMS 0x00000000c6d00000, 0x00000000c6d00000| Untracked 
|  86|0x00000000c6e00000, 0x00000000c6e00000, 0x00000000c6f00000|  0%| F|  |TAMS 0x00000000c6e00000, 0x00000000c6e00000| Untracked 
|  87|0x00000000c6f00000, 0x00000000c6f00000, 0x00000000c7000000|  0%| F|  |TAMS 0x00000000c6f00000, 0x00000000c6f00000| Untracked 
|  88|0x00000000c7000000, 0x00000000c7000000, 0x00000000c7100000|  0%| F|  |TAMS 0x00000000c7000000, 0x00000000c7000000| Untracked 
|  89|0x00000000c7100000, 0x00000000c7100000, 0x00000000c7200000|  0%| F|  |TAMS 0x00000000c7100000, 0x00000000c7100000| Untracked 
|  90|0x00000000c7200000, 0x00000000c7200000, 0x00000000c7300000|  0%| F|  |TAMS 0x00000000c7200000, 0x00000000c7200000| Untracked 
|  91|0x00000000c7300000, 0x00000000c7300000, 0x00000000c7400000|  0%| F|  |TAMS 0x00000000c7300000, 0x00000000c7300000| Untracked 
|  92|0x00000000c7400000, 0x00000000c7400000, 0x00000000c7500000|  0%| F|  |TAMS 0x00000000c7400000, 0x00000000c7400000| Untracked 
|  93|0x00000000c7500000, 0x00000000c7500000, 0x00000000c7600000|  0%| F|  |TAMS 0x00000000c7500000, 0x00000000c7500000| Untracked 
|  94|0x00000000c7600000, 0x00000000c7600000, 0x00000000c7700000|  0%| F|  |TAMS 0x00000000c7600000, 0x00000000c7600000| Untracked 
|  95|0x00000000c7700000, 0x00000000c7700000, 0x00000000c7800000|  0%| F|  |TAMS 0x00000000c7700000, 0x00000000c7700000| Untracked 
|  96|0x00000000c7800000, 0x00000000c7800000, 0x00000000c7900000|  0%| F|  |TAMS 0x00000000c7800000, 0x00000000c7800000| Untracked 
|  97|0x00000000c7900000, 0x00000000c7900000, 0x00000000c7a00000|  0%| F|  |TAMS 0x00000000c7900000, 0x00000000c7900000| Untracked 
|  98|0x00000000c7a00000, 0x00000000c7a00000, 0x00000000c7b00000|  0%| F|  |TAMS 0x00000000c7a00000, 0x00000000c7a00000| Untracked 
|  99|0x00000000c7b00000, 0x00000000c7b00000, 0x00000000c7c00000|  0%| F|  |TAMS 0x00000000c7b00000, 0x00000000c7b00000| Untracked 
| 100|0x00000000c7c00000, 0x00000000c7c00000, 0x00000000c7d00000|  0%| F|  |TAMS 0x00000000c7c00000, 0x00000000c7c00000| Untracked 
| 101|0x00000000c7d00000, 0x00000000c7d00000, 0x00000000c7e00000|  0%| F|  |TAMS 0x00000000c7d00000, 0x00000000c7d00000| Untracked 
| 102|0x00000000c7e00000, 0x00000000c7e00000, 0x00000000c7f00000|  0%| F|  |TAMS 0x00000000c7e00000, 0x00000000c7e00000| Untracked 
| 103|0x00000000c7f00000, 0x00000000c7f00000, 0x00000000c8000000|  0%| F|  |TAMS 0x00000000c7f00000, 0x00000000c7f00000| Untracked 
| 104|0x00000000c8000000, 0x00000000c8000000, 0x00000000c8100000|  0%| F|  |TAMS 0x00000000c8000000, 0x00000000c8000000| Untracked 
| 105|0x00000000c8100000, 0x00000000c8100000, 0x00000000c8200000|  0%| F|  |TAMS 0x00000000c8100000, 0x00000000c8100000| Untracked 
| 106|0x00000000c8200000, 0x00000000c8200000, 0x00000000c8300000|  0%| F|  |TAMS 0x00000000c8200000, 0x00000000c8200000| Untracked 
| 107|0x00000000c8300000, 0x00000000c8300000, 0x00000000c8400000|  0%| F|  |TAMS 0x00000000c8300000, 0x00000000c8300000| Untracked 
| 108|0x00000000c8400000, 0x00000000c8400000, 0x00000000c8500000|  0%| F|  |TAMS 0x00000000c8400000, 0x00000000c8400000| Untracked 
| 109|0x00000000c8500000, 0x00000000c8500000, 0x00000000c8600000|  0%| F|  |TAMS 0x00000000c8500000, 0x00000000c8500000| Untracked 
| 110|0x00000000c8600000, 0x00000000c8600000, 0x00000000c8700000|  0%| F|  |TAMS 0x00000000c8600000, 0x00000000c8600000| Untracked 
| 111|0x00000000c8700000, 0x00000000c8700000, 0x00000000c8800000|  0%| F|  |TAMS 0x00000000c8700000, 0x00000000c8700000| Untracked 
| 112|0x00000000c8800000, 0x00000000c8800000, 0x00000000c8900000|  0%| F|  |TAMS 0x00000000c8800000, 0x00000000c8800000| Untracked 
| 113|0x00000000c8900000, 0x00000000c8900000, 0x00000000c8a00000|  0%| F|  |TAMS 0x00000000c8900000, 0x00000000c8900000| Untracked 
| 114|0x00000000c8a00000, 0x00000000c8a00000, 0x00000000c8b00000|  0%| F|  |TAMS 0x00000000c8a00000, 0x00000000c8a00000| Untracked 
| 115|0x00000000c8b00000, 0x00000000c8b00000, 0x00000000c8c00000|  0%| F|  |TAMS 0x00000000c8b00000, 0x00000000c8b00000| Untracked 
| 116|0x00000000c8c00000, 0x00000000c8c00000, 0x00000000c8d00000|  0%| F|  |TAMS 0x00000000c8c00000, 0x00000000c8c00000| Untracked 
| 117|0x00000000c8d00000, 0x00000000c8d00000, 0x00000000c8e00000|  0%| F|  |TAMS 0x00000000c8d00000, 0x00000000c8d00000| Untracked 
| 118|0x00000000c8e00000, 0x00000000c8e00000, 0x00000000c8f00000|  0%| F|  |TAMS 0x00000000c8e00000, 0x00000000c8e00000| Untracked 
| 119|0x00000000c8f00000, 0x00000000c8f00000, 0x00000000c9000000|  0%| F|  |TAMS 0x00000000c8f00000, 0x00000000c8f00000| Untracked 
| 120|0x00000000c9000000, 0x00000000c90269b0, 0x00000000c9100000| 15%| S|CS|TAMS 0x00000000c9000000, 0x00000000c9000000| Complete 
| 121|0x00000000c9100000, 0x00000000c9200000, 0x00000000c9200000|100%| S|CS|TAMS 0x00000000c9100000, 0x00000000c9100000| Complete 
| 122|0x00000000c9200000, 0x00000000c9300000, 0x00000000c9300000|100%| S|CS|TAMS 0x00000000c9200000, 0x00000000c9200000| Complete 
| 123|0x00000000c9300000, 0x00000000c9400000, 0x00000000c9400000|100%| S|CS|TAMS 0x00000000c9300000, 0x00000000c9300000| Complete 
| 124|0x00000000c9400000, 0x00000000c9400000, 0x00000000c9500000|  0%| F|  |TAMS 0x00000000c9400000, 0x00000000c9400000| Untracked 
| 125|0x00000000c9500000, 0x00000000c9500000, 0x00000000c9600000|  0%| F|  |TAMS 0x00000000c9500000, 0x00000000c9500000| Untracked 
| 126|0x00000000c9600000, 0x00000000c9600000, 0x00000000c9700000|  0%| F|  |TAMS 0x00000000c9600000, 0x00000000c9600000| Untracked 
| 127|0x00000000c9700000, 0x00000000c9700000, 0x00000000c9800000|  0%| F|  |TAMS 0x00000000c9700000, 0x00000000c9700000| Untracked 
| 128|0x00000000c9800000, 0x00000000c9800000, 0x00000000c9900000|  0%| F|  |TAMS 0x00000000c9800000, 0x00000000c9800000| Untracked 
| 129|0x00000000c9900000, 0x00000000c9900000, 0x00000000c9a00000|  0%| F|  |TAMS 0x00000000c9900000, 0x00000000c9900000| Untracked 
| 130|0x00000000c9a00000, 0x00000000c9a00000, 0x00000000c9b00000|  0%| F|  |TAMS 0x00000000c9a00000, 0x00000000c9a00000| Untracked 
| 131|0x00000000c9b00000, 0x00000000c9c00000, 0x00000000c9c00000|100%| E|CS|TAMS 0x00000000c9b00000, 0x00000000c9b00000| Complete 
| 132|0x00000000c9c00000, 0x00000000c9c00000, 0x00000000c9d00000|  0%| F|  |TAMS 0x00000000c9c00000, 0x00000000c9c00000| Untracked 
| 133|0x00000000c9d00000, 0x00000000c9d2bbf8, 0x00000000c9e00000| 17%| E|  |TAMS 0x00000000c9d00000, 0x00000000c9d00000| Complete 
| 134|0x00000000c9e00000, 0x00000000c9f00000, 0x00000000c9f00000|100%| E|CS|TAMS 0x00000000c9e00000, 0x00000000c9e00000| Complete 
| 135|0x00000000c9f00000, 0x00000000ca000000, 0x00000000ca000000|100%| E|CS|TAMS 0x00000000c9f00000, 0x00000000c9f00000| Complete 
| 136|0x00000000ca000000, 0x00000000ca100000, 0x00000000ca100000|100%| E|CS|TAMS 0x00000000ca000000, 0x00000000ca000000| Complete 
| 137|0x00000000ca100000, 0x00000000ca200000, 0x00000000ca200000|100%| E|CS|TAMS 0x00000000ca100000, 0x00000000ca100000| Complete 
| 138|0x00000000ca200000, 0x00000000ca300000, 0x00000000ca300000|100%| E|CS|TAMS 0x00000000ca200000, 0x00000000ca200000| Complete 
| 139|0x00000000ca300000, 0x00000000ca400000, 0x00000000ca400000|100%| E|CS|TAMS 0x00000000ca300000, 0x00000000ca300000| Complete 
| 140|0x00000000ca400000, 0x00000000ca500000, 0x00000000ca500000|100%| E|CS|TAMS 0x00000000ca400000, 0x00000000ca400000| Complete 
| 141|0x00000000ca500000, 0x00000000ca600000, 0x00000000ca600000|100%| E|CS|TAMS 0x00000000ca500000, 0x00000000ca500000| Complete 

Card table byte_map: [0x00000132f8f10000,0x00000132f9110000] _byte_map_base: 0x00000132f8904000

Marking Bits (Prev, Next): (CMBitMap*) 0x00000132f8c7b810, (CMBitMap*) 0x00000132f8c7b7d0
 Prev Bits: [0x00000132fa2b0000, 0x00000132fb250000)
 Next Bits: [0x00000132f9310000, 0x00000132fa2b0000)

Polling page: 0x00000132f8410000

Metaspace:

Usage:
  Non-class:     38.69 MB capacity,    38.50 MB (>99%) used,   139.67 KB ( <1%) free+waste,    49.06 KB ( <1%) overhead. 
      Class:      6.06 MB capacity,     5.95 MB ( 98%) used,    98.09 KB (  2%) free+waste,    18.25 KB ( <1%) overhead. 
       Both:     44.75 MB capacity,    44.45 MB (>99%) used,   237.76 KB ( <1%) free+waste,    67.31 KB ( <1%) overhead. 

Virtual space:
  Non-class space:       40.00 MB reserved,      39.00 MB ( 98%) committed 
      Class space:        1.00 GB reserved,       6.12 MB ( <1%) committed 
             Both:        1.04 GB reserved,      45.12 MB (  4%) committed 

Chunk freelists:
   Non-Class:  255.00 KB
       Class:  3.00 KB
        Both:  258.00 KB

MaxMetaspaceSize: 17179869184.00 GB
CompressedClassSpaceSize: 1.00 GB

CodeHeap 'non-profiled nmethods': size=120000Kb used=3127Kb max_used=3163Kb free=116872Kb
 bounds [0x000001328fc30000, 0x000001328ff70000, 0x0000013297160000]
CodeHeap 'profiled nmethods': size=120000Kb used=10363Kb max_used=11434Kb free=109636Kb
 bounds [0x0000013288700000, 0x0000013289250000, 0x000001328fc30000]
CodeHeap 'non-nmethods': size=5760Kb used=1508Kb max_used=1539Kb free=4251Kb
 bounds [0x0000013288160000, 0x00000132883d0000, 0x0000013288700000]
 total_blobs=5972 nmethods=5118 adapters=764
 compilation: enabled
              stopped_count=0, restarted_count=0
 full_count=0

Compilation events (20 events):
Event: 22.730 Thread 0x00000132fd6f22f0 nmethod 5910 0x000001328fd6ee90 code [0x000001328fd6f040, 0x000001328fd6f6f8]
Event: 22.730 Thread 0x00000132fd6f22f0 5912       4       sun.net.www.ParseUtil::firstEncodeIndex (86 bytes)
Event: 22.742 Thread 0x00000132fd6f22f0 nmethod 5912 0x000001328fd6e490 code [0x000001328fd6e620, 0x000001328fd6ecb8]
Event: 22.742 Thread 0x00000132fd6f22f0 5913       4       java.lang.invoke.MethodType::hashCode (53 bytes)
Event: 22.745 Thread 0x00000132fd6f22f0 nmethod 5913 0x000001328fd6df90 code [0x000001328fd6e120, 0x000001328fd6e2b8]
Event: 22.745 Thread 0x00000132fd6f22f0 5915   !   4       jdk.internal.ref.PhantomCleanable::remove (60 bytes)
Event: 22.748 Thread 0x00000132fd6f22f0 nmethod 5915 0x000001328fd6d710 code [0x000001328fd6d8a0, 0x000001328fd6de38]
Event: 22.748 Thread 0x00000132fd6f22f0 5911       4       jdk.internal.loader.URLClassPath$JarLoader$2::getCodeSourceURL (8 bytes)
Event: 22.749 Thread 0x00000132fd6f22f0 nmethod 5911 0x000001328fd6d410 code [0x000001328fd6d580, 0x000001328fd6d5f8]
Event: 22.757 Thread 0x00000132ff15bd40 

Event: 22.758 Thread 0x00000132fd6f3df0 5916   !   3       java.util.logging.LogManager::ensureLogManagerInitialized (144 bytes)
Event: 22.758 Thread 0x00000132fd6f3df0 nmethod 5916 0x0000013288e6c590 code [0x0000013288e6c860, 0x0000013288e6da38]
Event: 22.805 Thread 0x00000132fd6f3df0 5917   !   3       sun.swing.SwingUtilities2::getLeftSideBearing (178 bytes)
Event: 22.806 Thread 0x00000132fd6f3df0 nmethod 5917 0x0000013288fcf490 code [0x0000013288fcf6e0, 0x0000013288fd01c8]
Event: 22.806 Thread 0x00000132fd6f3df0 5918   !   3       javax.swing.plaf.basic.BasicHTML::updateRenderer (200 bytes)
Event: 22.807 Thread 0x00000132fd6f3df0 nmethod 5918 0x0000013288f2a110 code [0x0000013288f2a500, 0x0000013288f2c288]
Event: 22.807 Thread 0x00000132fd6f3df0 5919       3       javax.swing.plaf.basic.BasicHTML::isHTMLString (49 bytes)
Event: 22.808 Thread 0x00000132fd6f3df0 nmethod 5919 0x0000013288b0b510 code [0x0000013288b0b7a0, 0x0000013288b0c438]
Event: 22.808 Thread 0x00000132fd6f3df0 5920       3       javax.swing.JLabel::setText (107 bytes)
Event: 22.808 Thread 0x00000132fd6f3df0 nmethod 5920 0x0000013288cd8d90 code [0x0000013288cd8fe0, 0x0000013288cd9a78]

GC Heap History (20 events):
Event: 9.752 GC heap before
{Heap before GC invocations=8 (full 0):
 garbage-first heap   total 75776K, used 52670K [0x00000000c1800000, 0x0000000100000000)
  region size 1024K, 25 young (25600K), 4 survivors (4096K)
 Metaspace       used 33907K, capacity 34141K, committed 34560K, reserved 1079296K
  class space    used 4121K, capacity 4235K, committed 4352K, reserved 1048576K
}
Event: 9.762 GC heap after
{Heap after GC invocations=9 (full 0):
 garbage-first heap   total 75776K, used 37421K [0x00000000c1800000, 0x0000000100000000)
  region size 1024K, 4 young (4096K), 4 survivors (4096K)
 Metaspace       used 33907K, capacity 34141K, committed 34560K, reserved 1079296K
  class space    used 4121K, capacity 4235K, committed 4352K, reserved 1048576K
}
Event: 11.777 GC heap before
{Heap before GC invocations=9 (full 0):
 garbage-first heap   total 75776K, used 50733K [0x00000000c1800000, 0x0000000100000000)
  region size 1024K, 18 young (18432K), 4 survivors (4096K)
 Metaspace       used 35215K, capacity 35454K, committed 35840K, reserved 1081344K
  class space    used 4426K, capacity 4523K, committed 4608K, reserved 1048576K
}
Event: 11.786 GC heap after
{Heap after GC invocations=10 (full 0):
 garbage-first heap   total 75776K, used 40951K [0x00000000c1800000, 0x0000000100000000)
  region size 1024K, 3 young (3072K), 3 survivors (3072K)
 Metaspace       used 35215K, capacity 35454K, committed 35840K, reserved 1081344K
  class space    used 4426K, capacity 4523K, committed 4608K, reserved 1048576K
}
Event: 13.021 GC heap before
{Heap before GC invocations=11 (full 0):
 garbage-first heap   total 75776K, used 56311K [0x00000000c1800000, 0x0000000100000000)
  region size 1024K, 18 young (18432K), 3 survivors (3072K)
 Metaspace       used 37794K, capacity 38063K, committed 38656K, reserved 1083392K
  class space    used 4897K, capacity 5008K, committed 5120K, reserved 1048576K
}
Event: 13.029 GC heap after
{Heap after GC invocations=12 (full 0):
 garbage-first heap   total 75776K, used 43960K [0x00000000c1800000, 0x0000000100000000)
  region size 1024K, 3 young (3072K), 3 survivors (3072K)
 Metaspace       used 37794K, capacity 38063K, committed 38656K, reserved 1083392K
  class space    used 4897K, capacity 5008K, committed 5120K, reserved 1048576K
}
Event: 13.795 GC heap before
{Heap before GC invocations=12 (full 0):
 garbage-first heap   total 75776K, used 57272K [0x00000000c1800000, 0x0000000100000000)
  region size 1024K, 17 young (17408K), 3 survivors (3072K)
 Metaspace       used 40575K, capacity 40875K, committed 41216K, reserved 1085440K
  class space    used 5248K, capacity 5368K, committed 5376K, reserved 1048576K
}
Event: 13.803 GC heap after
{Heap after GC invocations=13 (full 0):
 garbage-first heap   total 75776K, used 47041K [0x00000000c1800000, 0x0000000100000000)
  region size 1024K, 3 young (3072K), 3 survivors (3072K)
 Metaspace       used 40575K, capacity 40875K, committed 41216K, reserved 1085440K
  class space    used 5248K, capacity 5368K, committed 5376K, reserved 1048576K
}
Event: 14.259 GC heap before
{Heap before GC invocations=14 (full 0):
 garbage-first heap   total 81920K, used 59329K [0x00000000c1800000, 0x0000000100000000)
  region size 1024K, 15 young (15360K), 3 survivors (3072K)
 Metaspace       used 41153K, capacity 41422K, committed 41856K, reserved 1085440K
  class space    used 5340K, capacity 5465K, committed 5504K, reserved 1048576K
}
Event: 14.265 GC heap after
{Heap after GC invocations=15 (full 0):
 garbage-first heap   total 81920K, used 50560K [0x00000000c1800000, 0x0000000100000000)
  region size 1024K, 2 young (2048K), 2 survivors (2048K)
 Metaspace       used 41153K, capacity 41422K, committed 41856K, reserved 1085440K
  class space    used 5340K, capacity 5465K, committed 5504K, reserved 1048576K
}
Event: 14.634 GC heap before
{Heap before GC invocations=15 (full 0):
 garbage-first heap   total 81920K, used 62848K [0x00000000c1800000, 0x0000000100000000)
  region size 1024K, 15 young (15360K), 2 survivors (2048K)
 Metaspace       used 41670K, capacity 41934K, committed 42240K, reserved 1085440K
  class space    used 5481K, capacity 5593K, committed 5632K, reserved 1048576K
}
Event: 14.640 GC heap after
{Heap after GC invocations=16 (full 0):
 garbage-first heap   total 81920K, used 55421K [0x00000000c1800000, 0x0000000100000000)
  region size 1024K, 2 young (2048K), 2 survivors (2048K)
 Metaspace       used 41670K, capacity 41934K, committed 42240K, reserved 1085440K
  class space    used 5481K, capacity 5593K, committed 5632K, reserved 1048576K
}
Event: 14.825 GC heap before
{Heap before GC invocations=17 (full 0):
 garbage-first heap   total 99328K, used 59517K [0x00000000c1800000, 0x0000000100000000)
  region size 1024K, 7 young (7168K), 2 survivors (2048K)
 Metaspace       used 41815K, capacity 42094K, committed 42496K, reserved 1085440K
  class space    used 5524K, capacity 5625K, committed 5632K, reserved 1048576K
}
Event: 14.831 GC heap after
{Heap after GC invocations=18 (full 0):
 garbage-first heap   total 99328K, used 56965K [0x00000000c1800000, 0x0000000100000000)
  region size 1024K, 2 young (2048K), 2 survivors (2048K)
 Metaspace       used 41815K, capacity 42094K, committed 42496K, reserved 1085440K
  class space    used 5524K, capacity 5625K, committed 5632K, reserved 1048576K
}
Event: 15.175 GC heap before
{Heap before GC invocations=19 (full 0):
 garbage-first heap   total 132096K, used 82565K [0x00000000c1800000, 0x0000000100000000)
  region size 1024K, 19 young (19456K), 2 survivors (2048K)
 Metaspace       used 42115K, capacity 42382K, committed 42880K, reserved 1087488K
  class space    used 5595K, capacity 5721K, committed 5760K, reserved 1048576K
}
Event: 15.180 GC heap after
{Heap after GC invocations=20 (full 0):
 garbage-first heap   total 132096K, used 68378K [0x00000000c1800000, 0x0000000100000000)
  region size 1024K, 3 young (3072K), 3 survivors (3072K)
 Metaspace       used 42115K, capacity 42382K, committed 42880K, reserved 1087488K
  class space    used 5595K, capacity 5721K, committed 5760K, reserved 1048576K
}
Event: 16.006 GC heap before
{Heap before GC invocations=20 (full 0):
 garbage-first heap   total 132096K, used 99098K [0x00000000c1800000, 0x0000000100000000)
  region size 1024K, 33 young (33792K), 3 survivors (3072K)
 Metaspace       used 42804K, capacity 43087K, committed 43648K, reserved 1087488K
  class space    used 5788K, capacity 5913K, committed 6016K, reserved 1048576K
}
Event: 16.013 GC heap after
{Heap after GC invocations=21 (full 0):
 garbage-first heap   total 132096K, used 76923K [0x00000000c1800000, 0x0000000100000000)
  region size 1024K, 5 young (5120K), 5 survivors (5120K)
 Metaspace       used 42804K, capacity 43087K, committed 43648K, reserved 1087488K
  class space    used 5788K, capacity 5913K, committed 6016K, reserved 1048576K
}
Event: 16.481 GC heap before
{Heap before GC invocations=22 (full 0):
 garbage-first heap   total 135168K, used 83067K [0x00000000c1800000, 0x0000000100000000)
  region size 1024K, 13 young (13312K), 5 survivors (5120K)
 Metaspace       used 43769K, capacity 44047K, committed 44416K, reserved 1087488K
  class space    used 5876K, capacity 5977K, committed 6016K, reserved 1048576K
}
Event: 16.486 GC heap after
{Heap after GC invocations=23 (full 0):
 garbage-first heap   total 135168K, used 80551K [0x00000000c1800000, 0x0000000100000000)
  region size 1024K, 4 young (4096K), 4 survivors (4096K)
 Metaspace       used 43769K, capacity 44047K, committed 44416K, reserved 1087488K
  class space    used 5876K, capacity 5977K, committed 6016K, reserved 1048576K
}

Deoptimization events (20 events):
Event: 22.603 Thread 0x00000132fedfeb50 Uncommon trap: trap_request=0xffffffde fr.pc=0x000001328fef60a4 relative=0x0000000000003984
Event: 22.603 Thread 0x00000132fedfeb50 Uncommon trap: reason=class_check action=maybe_recompile pc=0x000001328fef60a4 method=java.awt.EventQueue.cacheEQItem(Lsun/awt/EventQueueItem;)V @ 33 c2
Event: 22.603 Thread 0x00000132fedfeb50 DEOPT PACKING pc=0x000001328fef60a4 sp=0x00000011c4dfd930
Event: 22.603 Thread 0x00000132fedfeb50 DEOPT UNPACKING pc=0x00000132881ae42f sp=0x00000011c4dfd780 mode 2
Event: 22.625 Thread 0x00000132fedfeb50 Uncommon trap: trap_request=0xffffffc6 fr.pc=0x000001328fdcb664 relative=0x0000000000000104
Event: 22.625 Thread 0x00000132fedfeb50 Uncommon trap: reason=bimorphic_or_optimized_type_check action=maybe_recompile pc=0x000001328fdcb664 method=java.awt.Component.getBackground()Ljava/awt/Color; @ 21 c2
Event: 22.625 Thread 0x00000132fedfeb50 DEOPT PACKING pc=0x000001328fdcb664 sp=0x00000011c4dfcdf0
Event: 22.625 Thread 0x00000132fedfeb50 DEOPT UNPACKING pc=0x00000132881ae42f sp=0x00000011c4dfcd70 mode 2
Event: 22.625 Thread 0x00000132fedfeb50 Uncommon trap: trap_request=0xffffffc6 fr.pc=0x000001328fdcb664 relative=0x0000000000000104
Event: 22.625 Thread 0x00000132fedfeb50 Uncommon trap: reason=bimorphic_or_optimized_type_check action=maybe_recompile pc=0x000001328fdcb664 method=java.awt.Component.getBackground()Ljava/awt/Color; @ 21 c2
Event: 22.625 Thread 0x00000132fedfeb50 DEOPT PACKING pc=0x000001328fdcb664 sp=0x00000011c4dfc830
Event: 22.625 Thread 0x00000132fedfeb50 DEOPT UNPACKING pc=0x00000132881ae42f sp=0x00000011c4dfc7b0 mode 2
Event: 22.627 Thread 0x00000132fedfeb50 Uncommon trap: trap_request=0xffffff45 fr.pc=0x000001328fec7668 relative=0x0000000000000588
Event: 22.627 Thread 0x00000132fedfeb50 Uncommon trap: reason=unstable_if action=reinterpret pc=0x000001328fec7668 method=java.awt.GradientPaintContext.<init>(Ljava/awt/image/ColorModel;Ljava/awt/geom/Point2D;Ljava/awt/geom/Point2D;Ljava/awt/geom/AffineTransform;Ljava/awt/Color;Ljava/awt/Color;
Event: 22.627 Thread 0x00000132fedfeb50 DEOPT PACKING pc=0x000001328fec7668 sp=0x00000011c4dfa960
Event: 22.627 Thread 0x00000132fedfeb50 DEOPT UNPACKING pc=0x00000132881ae42f sp=0x00000011c4dfa880 mode 2
Event: 22.629 Thread 0x00000132fedfeb50 Uncommon trap: trap_request=0xffffffbe fr.pc=0x000001328ff3faf0 relative=0x00000000000009d0
Event: 22.629 Thread 0x00000132fedfeb50 Uncommon trap: reason=profile_predicate action=maybe_recompile pc=0x000001328ff3faf0 method=java.awt.GradientPaintContext.<init>(Ljava/awt/image/ColorModel;Ljava/awt/geom/Point2D;Ljava/awt/geom/Point2D;Ljava/awt/geom/AffineTransform;Ljava/awt/Color;Ljava/
Event: 22.629 Thread 0x00000132fedfeb50 DEOPT PACKING pc=0x000001328ff3faf0 sp=0x00000011c4dfa980
Event: 22.630 Thread 0x00000132fedfeb50 DEOPT UNPACKING pc=0x00000132881ae42f sp=0x00000011c4dfa888 mode 2

Classes unloaded (0 events):
No events

Classes redefined (0 events):
No events

Internal exceptions (20 events):
Event: 13.210 Thread 0x00000132ff8bb5a0 Exception <a 'java/lang/NoSuchMethodError'{0x00000000c5fdc3f8}: 'java.lang.Object java.lang.invoke.DirectMethodHandle$Holder.newInvokeSpecial(java.lang.Object, java.lang.Object, int, java.lang.Object)'> (0x00000000c5fdc3f8) 
thrown [./open/src/hotspot/share/interpreter/linkResolver.cpp, line 782]
Event: 13.210 Thread 0x00000132ff8bb5a0 Exception <a 'java/lang/NoSuchMethodError'{0x00000000c5fe0638}: 'java.lang.Object java.lang.invoke.DirectMethodHandle$Holder.invokeSpecial(java.lang.Object, java.lang.Object, java.lang.Object, int, java.lang.Object)'> (0x00000000c5fe0638) 
thrown [./open/src/hotspot/share/interpreter/linkResolver.cpp, line 782]
Event: 13.253 Thread 0x00000132ff8bba70 Implicit null exception at 0x000001328fcf2074 to 0x000001328fcf241c
Event: 13.271 Thread 0x00000132ff8bb5a0 Implicit null exception at 0x000001328feb0c6f to 0x000001328feb2778
Event: 13.604 Thread 0x00000132fedfeb50 Exception <a 'java/lang/NoSuchMethodError'{0x00000000c58463e0}: 'java.lang.Object java.lang.invoke.DirectMethodHandle$Holder.invokeStaticInit(java.lang.Object, java.lang.Object, java.lang.Object, java.lang.Object)'> (0x00000000c58463e0) 
thrown [./open/src/hotspot/share/interpreter/linkResolver.cpp, line 782]
Event: 13.974 Thread 0x00000132ff8b98c0 Implicit null exception at 0x000001328fedce2d to 0x000001328feddfa8
Event: 15.227 Thread 0x00000132ff8b9d90 Implicit null exception at 0x000001328fef24c9 to 0x000001328fef4cbc
Event: 16.410 Thread 0x00000132fedfeb50 Implicit null exception at 0x000001328fcc4591 to 0x000001328fcc537c
Event: 16.414 Thread 0x00000132fedfeb50 Implicit null exception at 0x000001328ff173c6 to 0x000001328ff1d08c
Event: 16.426 Thread 0x00000132fedfeb50 Implicit null exception at 0x000001328fe9a487 to 0x000001328fe9bc44
Event: 16.426 Thread 0x00000132fedfeb50 Implicit null exception at 0x000001328fe9f826 to 0x000001328fea003c
Event: 22.438 Thread 0x00000132fedfeb50 Implicit null exception at 0x000001328fd02a6f to 0x000001328fd03b54
Event: 22.579 Thread 0x00000132fedfeb50 Implicit null exception at 0x000001328fda35bf to 0x000001328fda4ff8
Event: 22.582 Thread 0x00000132fedfeb50 Implicit null exception at 0x000001328fd92f2c to 0x000001328fd92fb8
Event: 22.591 Thread 0x00000132fedfeb50 Implicit null exception at 0x000001328fc9fc66 to 0x000001328fca0738
Event: 22.606 Thread 0x00000132fedfeb50 Exception <a 'java/lang/NoSuchMethodError'{0x00000000ca1c0f88}: 'int java.lang.invoke.DirectMethodHandle$Holder.invokeStatic(java.lang.Object)'> (0x00000000ca1c0f88) 
thrown [./open/src/hotspot/share/interpreter/linkResolver.cpp, line 782]
Event: 22.637 Thread 0x00000132ff8bba70 Exception <a 'java/lang/NullPointerException'{0x00000000ca065d28}> (0x00000000ca065d28) 
thrown [./open/src/hotspot/share/interpreter/linkResolver.cpp, line 1374]
Event: 22.653 Thread 0x00000132ff8bba70 Exception <a 'java/lang/NoSuchMethodError'{0x00000000ca0aeb10}: 'void java.lang.invoke.DirectMethodHandle$Holder.invokeSpecial(java.lang.Object, java.lang.Object, java.lang.Object, java.lang.Object, java.lang.Object)'> (0x00000000ca0aeb10) 
thrown [./open/src/hotspot/share/interpreter/linkResolver.cpp, line 782]
Event: 22.728 Thread 0x00000132ff8bba70 Exception <a 'java/lang/NoSuchMethodError'{0x00000000c9fa5ba0}: 'int java.lang.invoke.DirectMethodHandle$Holder.invokeSpecial(java.lang.Object, java.lang.Object, java.lang.Object, java.lang.Object)'> (0x00000000c9fa5ba0) 
thrown [./open/src/hotspot/share/interpreter/linkResolver.cpp, line 782]
Event: 22.842 Thread 0x00000132ff8bba70 Exception <a 'java/lang/NoSuchMethodError'{0x00000000c9d254a8}: fwkIsMainThread> (0x00000000c9d254a8) 
thrown [./open/src/hotspot/share/prims/jni.cpp, line 1171]

Events (20 events):
Event: 22.646 loading class java/util/WeakHashMap$HashIterator
Event: 22.646 loading class java/util/WeakHashMap$HashIterator done
Event: 22.646 loading class java/util/WeakHashMap$KeyIterator done
Event: 22.652 Executing VM operation: HandshakeAllThreads
Event: 22.652 Executing VM operation: HandshakeAllThreads done
Event: 22.759 loading class java/util/concurrent/Executors$DelegatedScheduledExecutorService
Event: 22.759 loading class java/util/concurrent/ScheduledExecutorService
Event: 22.759 loading class java/util/concurrent/ScheduledExecutorService done
Event: 22.759 loading class java/util/concurrent/Executors$DelegatedScheduledExecutorService done
Event: 22.759 loading class java/util/concurrent/ScheduledThreadPoolExecutor
Event: 22.759 loading class java/util/concurrent/ScheduledThreadPoolExecutor done
Event: 22.759 loading class java/util/concurrent/ScheduledThreadPoolExecutor$DelayedWorkQueue
Event: 22.760 loading class java/util/concurrent/ScheduledThreadPoolExecutor$DelayedWorkQueue done
Event: 22.760 loading class java/util/concurrent/RunnableScheduledFuture
Event: 22.760 loading class java/util/concurrent/ScheduledFuture
Event: 22.760 loading class java/util/concurrent/ScheduledFuture done
Event: 22.760 loading class java/util/concurrent/RunnableScheduledFuture done
Event: 22.765 loading class java/net/CookieHandler
Event: 22.765 loading class java/net/CookieHandler done
Event: 22.778 Loaded shared library C:\Program Files\BellSoft\LibericaJDK-13-Full\bin\jfxwebkit.dll


Dynamic libraries:
0x00007ff61eac0000 - 0x00007ff61eacf000 	C:\Program Files\Java\jdk-15.0.2\bin\java.exe
0x00007ffe61630000 - 0x00007ffe61828000 	C:\WINDOWS\SYSTEM32\ntdll.dll
0x00007ffe5fd30000 - 0x00007ffe5fdef000 	C:\WINDOWS\System32\KERNEL32.DLL
0x00007ffe5ee60000 - 0x00007ffe5f13a000 	C:\WINDOWS\System32\KERNELBASE.dll
0x00007ffe5f2d0000 - 0x00007ffe5f3d0000 	C:\WINDOWS\System32\ucrtbase.dll
0x00007ffe5a7e0000 - 0x00007ffe5a7f9000 	C:\Program Files\Java\jdk-15.0.2\bin\VCRUNTIME140.dll
0x00007ffe4fc60000 - 0x00007ffe4fc78000 	C:\Program Files\Java\jdk-15.0.2\bin\jli.dll
0x00007ffe611a0000 - 0x00007ffe6124e000 	C:\WINDOWS\System32\ADVAPI32.dll
0x00007ffe5ff30000 - 0x00007ffe5ffce000 	C:\WINDOWS\System32\msvcrt.dll
0x00007ffe60d50000 - 0x00007ffe60dec000 	C:\WINDOWS\System32\sechost.dll
0x00007ffe603b0000 - 0x00007ffe604d6000 	C:\WINDOWS\System32\RPCRT4.dll
0x00007ffe60df0000 - 0x00007ffe60f8d000 	C:\WINDOWS\System32\USER32.dll
0x00007ffe4e3b0000 - 0x00007ffe4e64a000 	C:\WINDOWS\WinSxS\amd64_microsoft.windows.common-controls_6595b64144ccf1df_6.0.19041.1110_none_60b5254171f9507e\COMCTL32.dll
0x00007ffe5ede0000 - 0x00007ffe5ee02000 	C:\WINDOWS\System32\win32u.dll
0x00007ffe60c70000 - 0x00007ffe60c9b000 	C:\WINDOWS\System32\GDI32.dll
0x00007ffe5f440000 - 0x00007ffe5f550000 	C:\WINDOWS\System32\gdi32full.dll
0x00007ffe5ed40000 - 0x00007ffe5eddd000 	C:\WINDOWS\System32\msvcp_win.dll
0x00007ffe52bc0000 - 0x00007ffe52bca000 	C:\WINDOWS\SYSTEM32\VERSION.dll
0x00007ffe604e0000 - 0x00007ffe60510000 	C:\WINDOWS\System32\IMM32.DLL
0x00007ffe511d0000 - 0x00007ffe511dc000 	C:\Program Files\Java\jdk-15.0.2\bin\vcruntime140_1.dll
0x00007ffe47500000 - 0x00007ffe47591000 	C:\Program Files\Java\jdk-15.0.2\bin\msvcp140.dll
0x00007ffe383b0000 - 0x00007ffe38f0e000 	C:\Program Files\Java\jdk-15.0.2\bin\server\jvm.dll
0x00007ffe5fec0000 - 0x00007ffe5fec8000 	C:\WINDOWS\System32\PSAPI.DLL
0x00007ffe4a880000 - 0x00007ffe4a8a7000 	C:\WINDOWS\SYSTEM32\WINMM.dll
0x00007ffe580c0000 - 0x00007ffe580c9000 	C:\WINDOWS\SYSTEM32\WSOCK32.dll
0x00007ffe61460000 - 0x00007ffe614cb000 	C:\WINDOWS\System32\ws2_32.DLL
0x00007ffe5cc20000 - 0x00007ffe5cc32000 	C:\WINDOWS\SYSTEM32\kernel.appcore.dll
0x00007ffe50680000 - 0x00007ffe5068a000 	C:\Program Files\Java\jdk-15.0.2\bin\jimage.dll
0x00007ffe4d820000 - 0x00007ffe4da04000 	C:\WINDOWS\SYSTEM32\DBGHELP.DLL
0x00007ffe4d7a0000 - 0x00007ffe4d7d4000 	C:\WINDOWS\SYSTEM32\dbgcore.DLL
0x00007ffe5f600000 - 0x00007ffe5f682000 	C:\WINDOWS\System32\bcryptPrimitives.dll
0x00007ffe475c0000 - 0x00007ffe475e5000 	C:\Program Files\Java\jdk-15.0.2\bin\java.dll
0x00007ffe60520000 - 0x00007ffe60c64000 	C:\WINDOWS\System32\SHELL32.dll
0x00007ffe5ce20000 - 0x00007ffe5d5b3000 	C:\WINDOWS\SYSTEM32\windows.storage.dll
0x00007ffe5ffd0000 - 0x00007ffe60324000 	C:\WINDOWS\System32\combase.dll
0x00007ffe5e6c0000 - 0x00007ffe5e6ee000 	C:\WINDOWS\SYSTEM32\Wldp.dll
0x00007ffe5fc50000 - 0x00007ffe5fcfd000 	C:\WINDOWS\System32\SHCORE.dll
0x00007ffe5fb00000 - 0x00007ffe5fb55000 	C:\WINDOWS\System32\shlwapi.dll
0x00007ffe5ec80000 - 0x00007ffe5ec9f000 	C:\WINDOWS\SYSTEM32\profapi.dll
0x00007ffe50000000 - 0x00007ffe50019000 	C:\Program Files\Java\jdk-15.0.2\bin\net.dll
0x00007ffe53af0000 - 0x00007ffe53bfa000 	C:\WINDOWS\SYSTEM32\WINHTTP.dll
0x00007ffe5e420000 - 0x00007ffe5e48a000 	C:\WINDOWS\system32\mswsock.dll
0x00007ffe4ff70000 - 0x00007ffe4ff82000 	C:\Program Files\Java\jdk-15.0.2\bin\nio.dll
0x00007ffe475a0000 - 0x00007ffe475b8000 	C:\Program Files\Java\jdk-15.0.2\bin\zip.dll
0x00007ffe3a350000 - 0x00007ffe3a4d0000 	C:\Program Files\Java\jdk-15.0.2\bin\awt.dll
0x00007ffe5fdf0000 - 0x00007ffe5febd000 	C:\WINDOWS\System32\OLEAUT32.dll
0x00007ffe5c490000 - 0x00007ffe5c520000 	C:\WINDOWS\SYSTEM32\apphelp.dll
0x00007ffe5c750000 - 0x00007ffe5c7ee000 	C:\WINDOWS\system32\uxtheme.dll
0x00007ffe4fb60000 - 0x00007ffe4fb8e000 	C:\Program Files\uvnc bvba\UltraVNC\schook64.dll
0x00007ffe614d0000 - 0x00007ffe615e4000 	C:\WINDOWS\System32\MSCTF.dll
0x00007ffe60f90000 - 0x00007ffe610ba000 	C:\WINDOWS\System32\ole32.dll
0x00007ffe5ca40000 - 0x00007ffe5ca6f000 	C:\WINDOWS\system32\DWMAPI.DLL
0x00007ffe2fbb0000 - 0x00007ffe2fc60000 	C:\WINDOWS\WinSxS\amd64_microsoft.windows.common-controls_6595b64144ccf1df_5.82.19041.1110_none_792d1c772443f647\comctl32.dll
0x00007ffe43430000 - 0x00007ffe434b5000 	C:\Program Files\Java\jdk-15.0.2\bin\freetype.dll
0x00007ffe3d060000 - 0x00007ffe3d109000 	C:\Program Files\Java\jdk-15.0.2\bin\fontmanager.dll
0x00007ffe48d60000 - 0x00007ffe48e85000 	C:\WINDOWS\system32\opengl32.dll
0x00007ffe49cb0000 - 0x00007ffe49cdc000 	C:\WINDOWS\SYSTEM32\GLU32.dll
0x00007ffe60ca0000 - 0x00007ffe60d49000 	C:\WINDOWS\System32\clbcatq.dll
0x00007ffe5a8d0000 - 0x00007ffe5a9c6000 	C:\WINDOWS\SYSTEM32\PROPSYS.dll
0x00007ffe50190000 - 0x00007ffe501a7000 	C:\WINDOWS\system32\NetworkExplorer.dll
0x00007ffe5ee10000 - 0x00007ffe5ee5e000 	C:\WINDOWS\System32\CFGMGR32.dll
0x00007ffe4be40000 - 0x00007ffe4be5d000 	C:\WINDOWS\SYSTEM32\MPR.dll
0x00007ffe30a80000 - 0x00007ffe30a8b000 	C:\WINDOWS\System32\drprov.dll
0x00007ffe5e850000 - 0x00007ffe5e8b4000 	C:\WINDOWS\System32\WINSTA.dll
0x00007ffe30a60000 - 0x00007ffe30a7f000 	C:\WINDOWS\System32\ntlanman.dll
0x00007ffe30a40000 - 0x00007ffe30a5e000 	C:\WINDOWS\System32\davclnt.dll
0x00007ffe30a30000 - 0x00007ffe30a3d000 	C:\WINDOWS\System32\DAVHLPR.dll
0x00007ffe5dea0000 - 0x00007ffe5deb9000 	C:\WINDOWS\System32\wkscli.dll
0x00007ffe4e850000 - 0x00007ffe4e862000 	C:\WINDOWS\SYSTEM32\cscapi.dll
0x00007ffe5e220000 - 0x00007ffe5e22c000 	C:\WINDOWS\System32\netutils.dll
0x00007ffe500d0000 - 0x00007ffe50126000 	C:\Windows\System32\dlnashext.dll
0x00007ffe448f0000 - 0x00007ffe44954000 	C:\Windows\System32\PlayToDevice.dll
0x00007ffe4ff50000 - 0x00007ffe4ff70000 	C:\Windows\System32\DevDispItemProvider.dll
0x00007ffe58d80000 - 0x00007ffe58e05000 	C:\WINDOWS\System32\MMDevApi.dll
0x00007ffe5ea80000 - 0x00007ffe5eaac000 	C:\WINDOWS\System32\DEVOBJ.dll
0x00007ffe5e110000 - 0x00007ffe5e14c000 	C:\Windows\System32\IPHLPAPI.DLL
0x00007ffe5fd00000 - 0x00007ffe5fd08000 	C:\WINDOWS\System32\NSI.dll
0x00007ffe562b0000 - 0x00007ffe562c7000 	C:\WINDOWS\SYSTEM32\dhcpcsvc6.DLL
0x00007ffe57740000 - 0x00007ffe5775d000 	C:\WINDOWS\SYSTEM32\dhcpcsvc.DLL
0x00007ffe5e150000 - 0x00007ffe5e21b000 	C:\WINDOWS\SYSTEM32\DNSAPI.dll
0x00007ffe58a60000 - 0x00007ffe58a6b000 	C:\WINDOWS\SYSTEM32\WINNSI.DLL
0x00007ffe5a440000 - 0x00007ffe5a47e000 	C:\WINDOWS\System32\netprofm.dll
0x00007ffe580b0000 - 0x00007ffe580c0000 	C:\WINDOWS\System32\npmproxy.dll
0x00007ffe3d430000 - 0x00007ffe3d4d1000 	C:\WINDOWS\system32\wpdshext.dll
0x00007ffe2ff40000 - 0x00007ffe300e5000 	C:\WINDOWS\WinSxS\amd64_microsoft.windows.gdiplus_6595b64144ccf1df_1.1.19041.2251_none_91a40448cc8846c1\gdiplus.dll
0x00007ffe59630000 - 0x00007ffe596d3000 	C:\Windows\System32\PortableDeviceApi.dll
0x00007ffe5f690000 - 0x00007ffe5faf8000 	C:\WINDOWS\System32\SETUPAPI.dll
0x00007ffe5f140000 - 0x00007ffe5f167000 	C:\WINDOWS\System32\bcrypt.dll
0x00007ffe5f3d0000 - 0x00007ffe5f437000 	C:\WINDOWS\System32\WINTRUST.dll
0x00007ffe5f170000 - 0x00007ffe5f2c6000 	C:\WINDOWS\System32\CRYPT32.dll
0x00007ffe5e8c0000 - 0x00007ffe5e8d2000 	C:\WINDOWS\System32\MSASN1.dll
0x00007ffe44860000 - 0x00007ffe44897000 	C:\Windows\System32\EhStorShell.dll
0x00007ffe4faa0000 - 0x00007ffe4fac6000 	C:\Windows\System32\EhStorAPI.dll
0x00007ffe5c0f0000 - 0x00007ffe5c104000 	C:\Windows\System32\WTSAPI32.dll
0x00007ffe47990000 - 0x00007ffe4799d000 	C:\WINDOWS\SYSTEM32\LINKINFO.dll
0x00007ffe50670000 - 0x00007ffe50680000 	C:\Program Files\Java\jdk-15.0.2\bin\verify.dll
0x00007ffe474f0000 - 0x00007ffe474fd000 	C:\Program Files\Java\jdk-15.0.2\bin\sunmscapi.dll
0x00007ffe5e730000 - 0x00007ffe5e758000 	C:\WINDOWS\SYSTEM32\ncrypt.dll
0x00007ffe5e6f0000 - 0x00007ffe5e72b000 	C:\WINDOWS\SYSTEM32\NTASN1.dll
0x00007ffe596e0000 - 0x00007ffe59894000 	C:\WINDOWS\SYSTEM32\WindowsCodecs.dll
0x00007ffe45c30000 - 0x00007ffe45c6e000 	C:\WINDOWS\system32\dataexchange.dll
0x00007ffe5b7f0000 - 0x00007ffe5b9d3000 	C:\WINDOWS\system32\dcomp.dll
0x00007ffe5af90000 - 0x00007ffe5b1f3000 	C:\WINDOWS\system32\d3d11.dll
0x00007ffe5d600000 - 0x00007ffe5d6f3000 	C:\WINDOWS\system32\dxgi.dll
0x00007ffe59930000 - 0x00007ffe59b30000 	C:\WINDOWS\system32\twinapi.appcore.dll
0x00000132994b0000 - 0x00000132994b3000 	C:\Program Files\Java\jdk-15.0.2\bin\api-ms-win-core-console-l1-1-0.dll
0x00000132994c0000 - 0x00000132994c3000 	C:\Program Files\Java\jdk-15.0.2\bin\api-ms-win-core-datetime-l1-1-0.dll
0x00000132994d0000 - 0x00000132994d3000 	C:\Program Files\Java\jdk-15.0.2\bin\api-ms-win-core-debug-l1-1-0.dll
0x00000132994e0000 - 0x00000132994e3000 	C:\Program Files\Java\jdk-15.0.2\bin\api-ms-win-core-errorhandling-l1-1-0.dll
0x00000132994f0000 - 0x00000132994f4000 	C:\Program Files\Java\jdk-15.0.2\bin\api-ms-win-core-file-l1-1-0.dll
0x0000013299500000 - 0x0000013299503000 	C:\Program Files\Java\jdk-15.0.2\bin\api-ms-win-core-file-l1-2-0.dll
0x0000013299510000 - 0x0000013299513000 	C:\Program Files\Java\jdk-15.0.2\bin\api-ms-win-core-file-l2-1-0.dll
0x0000013299520000 - 0x0000013299523000 	C:\Program Files\Java\jdk-15.0.2\bin\api-ms-win-core-handle-l1-1-0.dll
0x0000013299530000 - 0x0000013299533000 	C:\Program Files\Java\jdk-15.0.2\bin\api-ms-win-core-heap-l1-1-0.dll
0x0000013299540000 - 0x0000013299543000 	C:\Program Files\Java\jdk-15.0.2\bin\api-ms-win-core-interlocked-l1-1-0.dll
0x0000013299550000 - 0x0000013299553000 	C:\Program Files\Java\jdk-15.0.2\bin\api-ms-win-core-libraryloader-l1-1-0.dll
0x0000013299560000 - 0x0000013299563000 	C:\Program Files\Java\jdk-15.0.2\bin\api-ms-win-core-localization-l1-2-0.dll
0x0000013299570000 - 0x0000013299573000 	C:\Program Files\Java\jdk-15.0.2\bin\api-ms-win-core-memory-l1-1-0.dll
0x0000013299580000 - 0x0000013299583000 	C:\Program Files\Java\jdk-15.0.2\bin\api-ms-win-core-namedpipe-l1-1-0.dll
0x0000013299590000 - 0x0000013299593000 	C:\Program Files\Java\jdk-15.0.2\bin\api-ms-win-core-processenvironment-l1-1-0.dll
0x00000132995a0000 - 0x00000132995a3000 	C:\Program Files\Java\jdk-15.0.2\bin\api-ms-win-core-processthreads-l1-1-0.dll
0x00000132995b0000 - 0x00000132995b3000 	C:\Program Files\Java\jdk-15.0.2\bin\api-ms-win-core-processthreads-l1-1-1.dll
0x00000132995c0000 - 0x00000132995c3000 	C:\Program Files\Java\jdk-15.0.2\bin\api-ms-win-core-profile-l1-1-0.dll
0x00000132995d0000 - 0x00000132995d3000 	C:\Program Files\Java\jdk-15.0.2\bin\api-ms-win-core-rtlsupport-l1-1-0.dll
0x00000132995e0000 - 0x00000132995e3000 	C:\Program Files\Java\jdk-15.0.2\bin\api-ms-win-core-string-l1-1-0.dll
0x00000132995f0000 - 0x00000132995f3000 	C:\Program Files\Java\jdk-15.0.2\bin\api-ms-win-core-synch-l1-1-0.dll
0x0000013299600000 - 0x0000013299603000 	C:\Program Files\Java\jdk-15.0.2\bin\api-ms-win-core-synch-l1-2-0.dll
0x0000013299610000 - 0x0000013299613000 	C:\Program Files\Java\jdk-15.0.2\bin\api-ms-win-core-sysinfo-l1-1-0.dll

dbghelp: loaded successfully - version: 4.0.5 - missing functions: none
symbol engine: initialized successfully - sym options: 0x614 - pdb path: .;C:\Program Files\Java\jdk-15.0.2\bin;C:\WINDOWS\SYSTEM32;C:\WINDOWS\WinSxS\amd64_microsoft.windows.common-controls_6595b64144ccf1df_6.0.19041.1110_none_60b5254171f9507e;C:\Program Files\Java\jdk-15.0.2\bin\server;C:\Program Files\uvnc bvba\UltraVNC;C:\WINDOWS\WinSxS\amd64_microsoft.windows.common-controls_6595b64144ccf1df_5.82.19041.1110_none_792d1c772443f647;C:\WINDOWS\WinSxS\amd64_microsoft.windows.gdiplus_6595b64144ccf1df_1.1.19041.2251_none_91a40448cc8846c1;C:\Program Files\BellSoft\LibericaJDK-13-Full\bin

VM Arguments:
jvm_args: -Dfile.encoding=UTF-8 
java_command: simrskhanza.SIMRSKhanza
java_class_path (initial): E:\Sofware SIMRSKhanza\KhanzaHMSWindows\lib\calendar-src.jar;E:\Sofware SIMRSKhanza\KhanzaHMSWindows\lib\calendar-doc.jar;E:\Sofware SIMRSKhanza\KhanzaHMSWindows\lib\calendar.jar;E:\Sofware SIMRSKhanza\KhanzaHMSWindows\lib\jcalendar-1.4.jar;E:\Sofware SIMRSKhanza\KhanzaHMSWindows\lib\ant-1.7.1.jar;E:\Sofware SIMRSKhanza\KhanzaHMSWindows\lib\apache-httpcomponents-httpclient.jar;E:\Sofware SIMRSKhanza\KhanzaHMSWindows\lib\appframework-1.0.3.jar;E:\Sofware SIMRSKhanza\KhanzaHMSWindows\lib\barbecue-1.5-beta1.jar;E:\Sofware SIMRSKhanza\KhanzaHMSWindows\lib\batik-dom.jar;E:\Sofware SIMRSKhanza\KhanzaHMSWindows\lib\groovy-all-2.4.7.jar;E:\Sofware SIMRSKhanza\KhanzaHMSWindows\lib\bcel-5.2.jar;E:\Sofware SIMRSKhanza\KhanzaHMSWindows\lib\poi-4.1.0.jar;E:\Sofware SIMRSKhanza\KhanzaHMSWindows\lib\beansbinding-1.2.1.jar;E:\Sofware SIMRSKhanza\KhanzaHMSWindows\lib\bsh-2.0b4.jar;E:\Sofware SIMRSKhanza\KhanzaHMSWindows\lib\com-jaspersoft-ireport.jar;E:\Sofware SIMRSKhanza\KhanzaHMSWindows\lib\com.fasterxml.jackson.core.jar;E:\Sofware SIMRSKhanza\KhanzaHMSWindows\lib\comm.jar;E:\Sofware SIMRSKhanza\KhanzaHMSWindows\lib\common-javaFX-plugin.jar;E:\Sofware SIMRSKhanza\KhanzaHMSWindows\lib\commons-codec-1.10.jar;E:\Sofware SIMRSKhanza\KhanzaHMSWindows\lib\commons-javaflow-20060411.jar;E:\Sofware SIMRSKhanza\KhanzaHMSWindows\lib\commons-logging-1.2.jar;E:\Sofware SIMRSKhanza\KhanzaHMSWindows\lib\fluent-hc-4.5.1.jar;E:\Sofware SIMRSKhanza\KhanzaHMSWindows\lib\fontbox-2.0.13.jar;E:\Sofware SIMRSKhanza\KhanzaHMSWindows\lib\gson-2.2.2.jar;E:\Sofware SIMRSKhanza\KhanzaHMSWindows\lib\hsqldb-1.8.0-10.jar;E:\Sofware SIMRSKhanza\KhanzaHMSWindows\lib\httpclient-4.5.1.jar;E:\Sofware SIMRSKhanza\KhanzaHMSWindows\lib\httpclient-cache-4.5.1.jar;E:\Sofware SIMRSKhanza\KhanzaHMSWindows\lib\httpclient-win-4.5.1.jar;E:\Sofware SIMRSKhanza\KhanzaHMSWindows\lib\httpcore-4.4.3.jar;E:\Sofware SIMRSKhanza\KhanzaHMSWindows\lib\httpmime-4.5.1.jar;E:\Sofware SIMRSKhanza\KhanzaHMSWind
Launcher Type: SUN_STANDARD

[Global flags]
     intx CICompilerCount                          = 3                                         {product} {ergonomic}
     uint ConcGCThreads                            = 1                                         {product} {ergonomic}
     uint G1ConcRefinementThreads                  = 4                                         {product} {ergonomic}
   size_t G1HeapRegionSize                         = 1048576                                   {product} {ergonomic}
    uintx GCDrainStackTargetSize                   = 64                                        {product} {ergonomic}
   size_t InitialHeapSize                          = 67108864                                  {product} {ergonomic}
   size_t MarkStackSize                            = 4194304                                   {product} {ergonomic}
   size_t MaxHeapSize                              = 1048576000                                {product} {ergonomic}
   size_t MaxNewSize                               = 629145600                                 {product} {ergonomic}
   size_t MinHeapDeltaBytes                        = 1048576                                   {product} {ergonomic}
   size_t MinHeapSize                              = 8388608                                   {product} {ergonomic}
    uintx NonNMethodCodeHeapSize                   = 5832780                                {pd product} {ergonomic}
    uintx NonProfiledCodeHeapSize                  = 122912730                              {pd product} {ergonomic}
    uintx ProfiledCodeHeapSize                     = 122912730                              {pd product} {ergonomic}
    uintx ReservedCodeCacheSize                    = 251658240                              {pd product} {ergonomic}
     bool SegmentedCodeCache                       = true                                      {product} {ergonomic}
   size_t SoftMaxHeapSize                          = 1048576000                             {manageable} {ergonomic}
     bool UseCompressedClassPointers               = true                                 {lp64_product} {ergonomic}
     bool UseCompressedOops                        = true                                 {lp64_product} {ergonomic}
     bool UseG1GC                                  = true                                      {product} {ergonomic}
     bool UseLargePagesIndividualAllocation        = false                                  {pd product} {ergonomic}

Logging:
Log output configuration:
 #0: stdout all=warning uptime,level,tags
 #1: stderr all=off uptime,level,tags

Environment Variables:
JAVA_HOME=C:\Program Files\BellSoft\LibericaJDK-13-Full\
PATH=C:\Program Files\BellSoft\LibericaJDK-13-Full\bin\;C:\Program Files\Common Files\Oracle\Java\javapath;C:\WINDOWS\system32;C:\WINDOWS;C:\WINDOWS\System32\Wbem;C:\WINDOWS\System32\WindowsPowerShell\v1.0\;C:\WINDOWS\System32\OpenSSH\;C:\Program Files\nodejs\;C:\Windows\Microsoft.NET\Framework\v4.0.30319;C:\Program Files (x86)\Appeon\PowerBuilder 19.0;C:\Program Files (x86)\Appeon\PowerBuilderCompiler 19.0;C:\xampp\php;C:\composer;C:\Program Files (x86)\Microsoft SQL Server\150\DTS\Binn\;C:\Program Files\Azure Data Studio\bin;C:\Program Files\Git\cmd;C:\Users\User\AppData\Local\Microsoft\WindowsApps;C:\Users\User\AppData\Roaming\npm;C:\Users\User\AppData\Roaming\Composer\vendor\bin;C:\Program Files\Azure Data Studio\bin;C:\Users\User\AppData\Local\Programs\Microsoft VS Code\bin;C:\Program Files\Tesseract-OCR;
USERNAME=User
OS=Windows_NT
PROCESSOR_IDENTIFIER=Intel64 Family 6 Model 60 Stepping 3, GenuineIntel



---------------  S Y S T E M  ---------------

OS:
 Windows 10 , 64 bit Build 19041 (10.0.19041.2788)
OS uptime: 0 days 1:33 hours

CPU: total 4 (initial active 4) (2 cores per cpu, 2 threads per core) family 6 model 60 stepping 3 microcode 0x27, cmov, cx8, fxsr, mmx, sse, sse2, sse3, ssse3, sse4.1, sse4.2, popcnt, vzeroupper, avx, avx2, aes, clmul, erms, lzcnt, ht, tsc, tscinvbit, bmi1, bmi2, fma, clflush

Memory: 4k page, system-wide physical 3996M (421M free)
TotalPageFile size 8303M (AvailPageFile size 3041M)
current process WorkingSet (physical memory assigned to process): 331M, peak: 331M
current process commit charge ("private bytes"): 371M, peak: 372M

vm_info: Java HotSpot(TM) 64-Bit Server VM (15.0.2+7-27) for windows-amd64 JRE (15.0.2+7-27), built on Dec  7 2020 20:07:01 by "mach5one" with unknown MS VC++:1925

END.
