#
# A fatal error has been detected by the Java Runtime Environment:
#
#  EXCEPTION_ACCESS_VIOLATION (0xc0000005) at pc=0x00007ffc6007abec, pid=8128, tid=5996
#
# JRE version: Java(TM) SE Runtime Environment (15.0.2+7) (build 15.0.2+7-27)
# Java VM: Java HotSpot(TM) 64-Bit Server VM (15.0.2+7-27, mixed mode, sharing, tiered, compressed oops, g1 gc, windows-amd64)
# Problematic frame:
# V  [jvm.dll+0x3aabec]
#
# No core dump will be written. Minidumps are not enabled by default on client versions of Windows
#
# If you would like to submit a bug report, please visit:
#   https://bugreport.java.com/bugreport/crash.jsp
#

---------------  S U M M A R Y ------------

Command Line: -Dfile.encoding=UTF-8 simrskhanza.SIMRSKhanza

Host: Intel(R) Core(TM) i5-4460  CPU @ 3.20GHz, 4 cores, 11G,  Windows 10 , 64 bit Build 18362 (10.0.18362.1082)
Time: Wed Sep 13 12:01:47 2023 SE Asia Standard Time elapsed time: 109.084901 seconds (0d 0h 1m 49s)

---------------  T H R E A D  ---------------

Current thread (0x00000150ac52b650):  JavaThread "JavaFX Application Thread" [_thread_in_vm, id=5996, stack(0x00000031ba000000,0x00000031ba100000)]

Stack: [0x00000031ba000000,0x00000031ba100000],  sp=0x00000031ba0f9b50,  free space=998k
Native frames: (J=compiled Java code, j=interpreted, Vv=VM code, C=native code)
V  [jvm.dll+0x3aabec]
C  0x00007ffc36227ce0

Java frames: (J=compiled Java code, j=interpreted, Vv=VM code)
j  com.sun.webkit.WebPage.twkOpen(JLjava/lang/String;)V+0
j  com.sun.webkit.WebPage.open(JLjava/lang/String;)V+86
j  javafx.scene.web.WebEngine.load(Ljava/lang/String;)V+96
j  laporan.DlgBerkasRawat.lambda$loadURL$1(Ljava/lang/String;)V+5
j  laporan.DlgBerkasRawat$$Lambda$918+0x000000080123ae68.run()V+8
J 7091 c1 com.sun.javafx.application.PlatformImpl$$Lambda$261+0x0000000801076b88.run()Ljava/lang/Object; (8 bytes) @ 0x00000150919a9104 [0x00000150919a8fc0+0x0000000000000144]
J 7089 c1 com.sun.javafx.application.PlatformImpl.lambda$runLater$11(Ljava/lang/Runnable;Ljava/security/AccessControlContext;)V (38 bytes) @ 0x00000150919a80c4 [0x00000150919a7aa0+0x0000000000000624]
J 7088 c1 com.sun.javafx.application.PlatformImpl$$Lambda$260+0x0000000801076738.run()V (12 bytes) @ 0x00000150919a76c4 [0x00000150919a7640+0x0000000000000084]
J 7033 c1 com.sun.glass.ui.InvokeLaterDispatcher$Future.run()V (91 bytes) @ 0x000001509198ab94 [0x000001509198aa80+0x0000000000000114]
v  ~StubRoutines::call_stub
j  com.sun.glass.ui.win.WinApplication._runLoop(Ljava/lang/Runnable;)V+0
j  com.sun.glass.ui.win.WinApplication.lambda$runLoop$3(ILjava/lang/Runnable;)V+8
j  com.sun.glass.ui.win.WinApplication$$Lambda$247+0x00000008010498a8.run()V+12
j  java.lang.Thread.run()V+11 java.base@15.0.2
v  ~StubRoutines::call_stub

siginfo: EXCEPTION_ACCESS_VIOLATION (0xc0000005), reading address 0x0000000000000000


Register to memory mapping:

RIP=0x00007ffc6007abec jvm.dll
RAX=0x0 is NULL
RBX=0x00000150ac52b650 is a thread
RCX=0x9bb2a271b1100000 is an unknown value
RDX=0x00000150aecd79e0 is a global jni handle
RSP=0x00000031ba0f9b50 is pointing into the stack for thread: 0x00000150ac52b650
RBP=0x00000150ac52b978 points into unknown readable memory: 0x00007ffc606cde40 | 40 de 6c 60 fc 7f 00 00
RSI=0x0 is NULL
RDI=0x00000150aecd79e0 is a global jni handle
R8 =0x0 is NULL
R9 =0x00000031ba0f9c58 is pointing into the stack for thread: 0x00000150ac52b650
R10=0x00007ffc6007ab30 jvm.dll
R11=0x00000031ba0f9b48 is pointing into the stack for thread: 0x00000150ac52b650
R12=0x00000150aafdef10 points into unknown readable memory: 0x00000150ad0a33a0 | a0 33 0a ad 50 01 00 00
R13=0x00000150aafdef80 points into unknown readable memory: 0x00000150aa858f80 | 80 8f 85 aa 50 01 00 00
R14=0x0 is NULL
R15=0x00000031ba0f9c58 is pointing into the stack for thread: 0x00000150ac52b650


Registers:
RAX=0x0000000000000000, RBX=0x00000150ac52b650, RCX=0x9bb2a271b1100000, RDX=0x00000150aecd79e0
RSP=0x00000031ba0f9b50, RBP=0x00000150ac52b978, RSI=0x0000000000000000, RDI=0x00000150aecd79e0
R8 =0x0000000000000000, R9 =0x00000031ba0f9c58, R10=0x00007ffc6007ab30, R11=0x00000031ba0f9b48
R12=0x00000150aafdef10, R13=0x00000150aafdef80, R14=0x0000000000000000, R15=0x00000031ba0f9c58
RIP=0x00007ffc6007abec, EFLAGS=0x0000000000010202

Top of Stack: (sp=0x00000031ba0f9b50)
0x00000031ba0f9b50:   00000150ac52b650 0000000000000000
0x00000031ba0f9b60:   00000150aafdef80 00000150aafdef10
0x00000031ba0f9b70:   00000150ac54e1c0 00007ffc91ddfb91
0x00000031ba0f9b80:   00000150aafdef10 0000015086290000
0x00000031ba0f9b90:   00000150ac52b978 0000000000000000
0x00000031ba0f9ba0:   00000150ac52b650 00000150a9747620
0x00000031ba0f9bb0:   0000000000000493 00007ffc6056aaa0
0x00000031ba0f9bc0:   00000150ac54e1c0 00000031ba0f9ca0
0x00000031ba0f9bd0:   0000015000000493 00007ffc6056aaa0
0x00000031ba0f9be0:   0000000000000000 00007ffc37d4cbff
0x00000031ba0f9bf0:   00000150ac52b978 0000000000000000
0x00000031ba0f9c00:   00000150af38b508 00007ffc36227ce0
0x00000031ba0f9c10:   00000150af38b528 00000031ba0f9d40
0x00000031ba0f9c20:   00000150af38b520 00000150af38b520
0x00000031ba0f9c30:   00000031ba0f9d40 00007ffc3636e0c0
0x00000031ba0f9c40:   00000150ad1cefc0 00000150aa858fb0 

Instructions: (pc=0x00007ffc6007abec)
0x00007ffc6007aaec:   e9 03 f6 c1 01 74 08 48 8b cb e8 95 21 2e 00 4c
0x00007ffc6007aafc:   8d 9c 24 a0 00 00 00 c7 83 98 03 00 00 04 00 00
0x00007ffc6007ab0c:   00 49 8b 5b 20 0f b7 c6 49 8b 6b 28 49 8b 73 30
0x00007ffc6007ab1c:   49 8b e3 41 5f 41 5e 5f c3 cc cc cc cc cc cc cc
0x00007ffc6007ab2c:   cc cc cc cc 48 89 5c 24 08 48 89 6c 24 10 48 89
0x00007ffc6007ab3c:   74 24 18 57 41 56 41 57 48 81 ec a0 00 00 00 8b
0x00007ffc6007ab4c:   81 88 00 00 00 48 8d 99 d8 fc ff ff 05 55 21 ff
0x00007ffc6007ab5c:   ff 33 f6 4d 8b f9 4d 8b f0 48 8b fa 48 8b e9 83
0x00007ffc6007ab6c:   f8 01 76 0a 48 8b cb e8 08 2b 39 00 8b de c7 83
0x00007ffc6007ab7c:   98 03 00 00 05 00 00 00 e8 a7 1e 27 00 48 8b 03
0x00007ffc6007ab8c:   48 8b cb ff 50 38 84 c0 74 0e 48 8b 83 10 01 00
0x00007ffc6007ab9c:   00 c0 e8 03 24 01 eb 0b 8b 05 66 1b 6f 00 85 c0
0x00007ffc6007abac:   0f 95 c0 84 c0 75 0d 8b 83 e0 00 00 00 a9 04 00
0x00007ffc6007abbc:   00 20 74 08 48 8b cb e8 38 31 39 00 c7 83 98 03
0x00007ffc6007abcc:   00 00 06 00 00 00 48 89 5c 24 50 48 89 74 24 58
0x00007ffc6007abdc:   48 39 73 08 74 0a 48 8d 4c 24 50 e8 04 bd 2a 00
0x00007ffc6007abec:   49 8b 16 48 8d 4c 24 70 c7 44 24 40 0c 00 00 00
0x00007ffc6007abfc:   e8 cf c7 00 00 4c 89 bc 24 98 00 00 00 48 8d 05
0x00007ffc6007ac0c:   18 ff 4e 00 48 89 44 24 70 40 f6 c7 01 74 0c 48
0x00007ffc6007ac1c:   8d 4f ff ff 15 83 0b 65 00 eb 09 48 8b cf ff 15
0x00007ffc6007ac2c:   d8 93 64 00 8b 15 6a 94 6d 00 48 8b c8 e8 d2 c8
0x00007ffc6007ac3c:   26 00 48 8b d3 48 8b c8 4c 8b 00 41 ff 90 b0 00
0x00007ffc6007ac4c:   00 00 48 39 73 08 75 32 48 8d 44 24 70 48 89 5c
0x00007ffc6007ac5c:   24 30 48 89 44 24 28 48 8d 54 24 40 45 33 c9 4c
0x00007ffc6007ac6c:   89 74 24 20 45 33 c0 48 8b cd e8 25 dc 00 00 48
0x00007ffc6007ac7c:   39 73 08 75 05 48 8b 74 24 48 48 83 7c 24 58 00
0x00007ffc6007ac8c:   74 0a 48 8d 4c 24 50 e8 f8 bc 2a 00 48 8b bb f8
0x00007ffc6007ac9c:   00 00 00 48 8b 4f 10 48 83 39 00 74 0c 48 8b cf
0x00007ffc6007acac:   e8 bf 98 f6 ff 48 8b 4f 10 48 8b 47 08 48 89 48
0x00007ffc6007acbc:   10 48 8b 4f 08 48 8b 47 18 48 89 41 18 48 8b 4f
0x00007ffc6007accc:   08 48 8b 47 20 48 89 41 20 c7 83 98 03 00 00 07
0x00007ffc6007acdc:   00 00 00 e8 4c 1d 27 00 48 8b 8b 10 01 00 00 c0 


Stack slot to memory mapping:
stack at sp + 0 slots: 0x00000150ac52b650 is a thread
stack at sp + 1 slots: 0x0 is NULL
stack at sp + 2 slots: 0x00000150aafdef80 points into unknown readable memory: 0x00000150aa858f80 | 80 8f 85 aa 50 01 00 00
stack at sp + 3 slots: 0x00000150aafdef10 points into unknown readable memory: 0x00000150ad0a33a0 | a0 33 0a ad 50 01 00 00
stack at sp + 4 slots: 0x00000150ac54e1c0 points into unknown readable memory: 0x0070007400740068 | 68 00 74 00 74 00 70 00
stack at sp + 5 slots: 0x00007ffc91ddfb91 ntdll.dll
stack at sp + 6 slots: 0x00000150aafdef10 points into unknown readable memory: 0x00000150ad0a33a0 | a0 33 0a ad 50 01 00 00
stack at sp + 7 slots: 0x0000015086290000 points into unknown readable memory: 0x0000000000000000 | 00 00 00 00 00 00 00 00


---------------  P R O C E S S  ---------------

Threads class SMR info:
_java_thread_list=0x00000150aa88c4b0, length=24, elements={
0x00000150a8d50fa0, 0x00000150a8d51b70, 0x00000150a8d63280, 0x00000150a8d65d40,
0x00000150a8d667f0, 0x00000150a8d675d0, 0x00000150a96dcbb0, 0x00000150a96e79d0,
0x00000150a996d600, 0x00000150a998f530, 0x00000150aa7dd100, 0x00000150a9b58a00,
0x00000150aa6179c0, 0x00000150aa5c95d0, 0x00000150aa5d19e0, 0x00000150884fb680,
0x00000150aaa5af30, 0x00000150ac52bff0, 0x00000150ac52b180, 0x00000150ac52c4c0,
0x00000150ac52b650, 0x00000150ac52bb20, 0x00000150ac52ce60, 0x00000150ac52c990
}

Java Threads: ( => current thread )
  0x00000150a8d50fa0 JavaThread "Reference Handler" daemon [_thread_blocked, id=1216, stack(0x00000031b7c00000,0x00000031b7d00000)]
  0x00000150a8d51b70 JavaThread "Finalizer" daemon [_thread_blocked, id=9344, stack(0x00000031b7d00000,0x00000031b7e00000)]
  0x00000150a8d63280 JavaThread "Signal Dispatcher" daemon [_thread_blocked, id=9236, stack(0x00000031b7e00000,0x00000031b7f00000)]
  0x00000150a8d65d40 JavaThread "Attach Listener" daemon [_thread_blocked, id=9880, stack(0x00000031b7f00000,0x00000031b8000000)]
  0x00000150a8d667f0 JavaThread "Service Thread" daemon [_thread_blocked, id=9572, stack(0x00000031b8000000,0x00000031b8100000)]
  0x00000150a8d675d0 JavaThread "C2 CompilerThread0" daemon [_thread_blocked, id=6368, stack(0x00000031b8100000,0x00000031b8200000)]
  0x00000150a96dcbb0 JavaThread "C1 CompilerThread0" daemon [_thread_blocked, id=3372, stack(0x00000031b8200000,0x00000031b8300000)]
  0x00000150a96e79d0 JavaThread "Sweeper thread" daemon [_thread_blocked, id=1620, stack(0x00000031b8300000,0x00000031b8400000)]
  0x00000150a996d600 JavaThread "Notification Thread" daemon [_thread_blocked, id=3408, stack(0x00000031b8400000,0x00000031b8500000)]
  0x00000150a998f530 JavaThread "Common-Cleaner" daemon [_thread_blocked, id=9664, stack(0x00000031b8600000,0x00000031b8700000)]
  0x00000150aa7dd100 JavaThread "Java2D Disposer" daemon [_thread_blocked, id=9592, stack(0x00000031b8b00000,0x00000031b8c00000)]
  0x00000150a9b58a00 JavaThread "AWT-Shutdown" [_thread_blocked, id=2156, stack(0x00000031b8c00000,0x00000031b8d00000)]
  0x00000150aa6179c0 JavaThread "AWT-Windows" daemon [_thread_in_native, id=1264, stack(0x00000031b8d00000,0x00000031b8e00000)]
  0x00000150aa5c95d0 JavaThread "AWT-EventQueue-0" [_thread_blocked, id=3844, stack(0x00000031b8f00000,0x00000031b9000000)]
  0x00000150aa5d19e0 JavaThread "Swing-Shell" daemon [_thread_blocked, id=3812, stack(0x00000031b9000000,0x00000031b9100000)]
  0x00000150884fb680 JavaThread "DestroyJavaVM" [_thread_blocked, id=9752, stack(0x00000031b7500000,0x00000031b7600000)]
  0x00000150aaa5af30 JavaThread "Abandoned connection cleanup thread" daemon [_thread_blocked, id=7460, stack(0x00000031b9900000,0x00000031b9a00000)]
  0x00000150ac52bff0 JavaThread "TimerQueue" daemon [_thread_blocked, id=9600, stack(0x00000031b8a00000,0x00000031b8b00000)]
  0x00000150ac52b180 JavaThread "QuantumRenderer-0" daemon [_thread_blocked, id=1908, stack(0x00000031b9d00000,0x00000031b9e00000)]
  0x00000150ac52c4c0 JavaThread "InvokeLaterDispatcher" daemon [_thread_blocked, id=4692, stack(0x00000031b9f00000,0x00000031ba000000)]
=>0x00000150ac52b650 JavaThread "JavaFX Application Thread" [_thread_in_vm, id=5996, stack(0x00000031ba000000,0x00000031ba100000)]
  0x00000150ac52bb20 JavaThread "Thread-2" daemon [_thread_in_native, id=9516, stack(0x00000031b9c00000,0x00000031b9d00000)]
  0x00000150ac52ce60 JavaThread "Prism Font Disposer" daemon [_thread_blocked, id=9724, stack(0x00000031b9400000,0x00000031b9500000)]
  0x00000150ac52c990 JavaThread "Disposer" daemon [_thread_blocked, id=5312, stack(0x00000031b9e00000,0x00000031b9f00000)]

Other Threads:
  0x00000150a8d4e710 VMThread "VM Thread" [stack: 0x00000031b7b00000,0x00000031b7c00000] [id=6444] _threads_hazard_ptr=0x00000150aa88c4b0
  0x00000150a9987200 WatcherThread [stack: 0x00000031b8500000,0x00000031b8600000] [id=6064]
  0x0000015088540910 GCTaskThread "GC Thread#0" [stack: 0x00000031b7600000,0x00000031b7700000] [id=1528]
  0x00000150a9962690 GCTaskThread "GC Thread#1" [stack: 0x00000031b8700000,0x00000031b8800000] [id=2076]
  0x00000150a9dcd350 GCTaskThread "GC Thread#2" [stack: 0x00000031b8800000,0x00000031b8900000] [id=6280]
  0x00000150a9dcc9c0 GCTaskThread "GC Thread#3" [stack: 0x00000031b8900000,0x00000031b8a00000] [id=6768]
  0x000001508854da60 ConcurrentGCThread "G1 Main Marker" [stack: 0x00000031b7700000,0x00000031b7800000] [id=4656]
  0x000001508854ee70 ConcurrentGCThread "G1 Conc#0" [stack: 0x00000031b7800000,0x00000031b7900000] [id=9240]
  0x00000150885ad6b0 ConcurrentGCThread "G1 Refine#0" [stack: 0x00000031b7900000,0x00000031b7a00000] [id=9448]
  0x00000150aab37870 ConcurrentGCThread "G1 Refine#1" [stack: 0x00000031b9a00000,0x00000031b9b00000] [id=4576]
  0x00000150aa66d2c0 ConcurrentGCThread "G1 Refine#2" [stack: 0x00000031b9b00000,0x00000031b9c00000] [id=7816]
  0x00000150885ae330 ConcurrentGCThread "G1 Young RemSet Sampling" [stack: 0x00000031b7a00000,0x00000031b7b00000] [id=4088]

Threads with active compile tasks:

VM state: not at safepoint (normal execution)

VM Mutex/Monitor currently owned by a thread:  ([mutex/lock_event])
[0x00000150884f7f20] Heap_lock - owner thread: 0x000001508854da60

Heap address: 0x0000000741800000, size: 3048 MB, Compressed Oops mode: Zero based, Oop shift amount: 3
CDS archive(s) mapped at: [0x0000000800000000-0x0000000800b50000-0x0000000800b50000), size 11862016, SharedBaseAddress: 0x0000000800000000, ArchiveRelocationMode: 0.
Compressed class space mapped at: 0x0000000800b50000-0x0000000840b50000, size: 1073741824
Narrow klass base: 0x0000000800000000, Narrow klass shift: 3, Narrow klass range: 0x100000000

GC Precious Log:
 CPUs: 4 total, 4 available
 Memory: 12188M
 Large Page Support: Disabled
 NUMA Support: Disabled
 Compressed Oops: Enabled (Zero based)
 Heap Region Size: 2M
 Heap Min Capacity: 8M
 Heap Initial Capacity: 192M
 Heap Max Capacity: 3048M
 Pre-touch: Disabled
 Parallel Workers: 4
 Concurrent Workers: 1
 Concurrent Refinement Workers: 4
 Periodic GC: Disabled

Heap:
 garbage-first heap   total 137216K, used 84149K [0x0000000741800000, 0x0000000800000000)
  region size 2048K, 2 young (4096K), 1 survivors (2048K)
 Metaspace       used 51126K, capacity 51559K, committed 51964K, reserved 1093632K
  class space    used 6986K, capacity 7143K, committed 7244K, reserved 1048576K

Heap Regions: E=young(eden), S=young(survivor), O=old, HS=humongous(starts), HC=humongous(continues), CS=collection set, F=free, OA=open archive, CA=closed archive, TAMS=top-at-mark-start (previous, next)
|   0|0x0000000741800000, 0x0000000741a00000, 0x0000000741a00000|100%| O|  |TAMS 0x0000000741a00000, 0x0000000741a00000| Untracked 
|   1|0x0000000741a00000, 0x0000000741c00000, 0x0000000741c00000|100%| O|  |TAMS 0x0000000741c00000, 0x0000000741c00000| Untracked 
|   2|0x0000000741c00000, 0x0000000741e00000, 0x0000000741e00000|100%| O|  |TAMS 0x0000000741e00000, 0x0000000741e00000| Untracked 
|   3|0x0000000741e00000, 0x0000000742000000, 0x0000000742000000|100%| O|  |TAMS 0x0000000742000000, 0x0000000742000000| Untracked 
|   4|0x0000000742000000, 0x0000000742200000, 0x0000000742200000|100%| O|  |TAMS 0x0000000742200000, 0x0000000742200000| Untracked 
|   5|0x0000000742200000, 0x0000000742400000, 0x0000000742400000|100%| O|  |TAMS 0x0000000742400000, 0x0000000742400000| Untracked 
|   6|0x0000000742400000, 0x0000000742600000, 0x0000000742600000|100%| O|  |TAMS 0x0000000742600000, 0x0000000742600000| Untracked 
|   7|0x0000000742600000, 0x000000074276ac00, 0x0000000742800000| 70%| O|  |TAMS 0x000000074276ac00, 0x000000074276ac00| Untracked 
|   8|0x0000000742800000, 0x0000000742a00000, 0x0000000742a00000|100%| O|  |TAMS 0x0000000742a00000, 0x0000000742a00000| Untracked 
|   9|0x0000000742a00000, 0x0000000742c00000, 0x0000000742c00000|100%| O|  |TAMS 0x0000000742c00000, 0x0000000742c00000| Untracked 
|  10|0x0000000742c00000, 0x0000000742e00000, 0x0000000742e00000|100%| O|  |TAMS 0x0000000742e00000, 0x0000000742e00000| Untracked 
|  11|0x0000000742e00000, 0x0000000743000000, 0x0000000743000000|100%| O|  |TAMS 0x0000000743000000, 0x0000000743000000| Untracked 
|  12|0x0000000743000000, 0x0000000743200000, 0x0000000743200000|100%| O|  |TAMS 0x0000000743200000, 0x0000000743200000| Untracked 
|  13|0x0000000743200000, 0x0000000743400000, 0x0000000743400000|100%| O|  |TAMS 0x0000000743400000, 0x0000000743400000| Untracked 
|  14|0x0000000743400000, 0x0000000743600000, 0x0000000743600000|100%| O|  |TAMS 0x0000000743600000, 0x0000000743600000| Untracked 
|  15|0x0000000743600000, 0x0000000743800000, 0x0000000743800000|100%| O|  |TAMS 0x0000000743800000, 0x0000000743800000| Untracked 
|  16|0x0000000743800000, 0x0000000743a00000, 0x0000000743a00000|100%| O|  |TAMS 0x0000000743a00000, 0x0000000743a00000| Untracked 
|  17|0x0000000743a00000, 0x0000000743c00000, 0x0000000743c00000|100%| O|  |TAMS 0x0000000743c00000, 0x0000000743c00000| Untracked 
|  18|0x0000000743c00000, 0x0000000743e00000, 0x0000000743e00000|100%| O|  |TAMS 0x0000000743e00000, 0x0000000743e00000| Untracked 
|  19|0x0000000743e00000, 0x0000000744000000, 0x0000000744000000|100%| O|  |TAMS 0x0000000744000000, 0x0000000744000000| Untracked 
|  20|0x0000000744000000, 0x0000000744200000, 0x0000000744200000|100%| O|  |TAMS 0x0000000744200000, 0x0000000744200000| Untracked 
|  21|0x0000000744200000, 0x0000000744400000, 0x0000000744400000|100%| O|  |TAMS 0x0000000744400000, 0x0000000744400000| Untracked 
|  22|0x0000000744400000, 0x0000000744600000, 0x0000000744600000|100%| O|  |TAMS 0x0000000744600000, 0x0000000744600000| Untracked 
|  23|0x0000000744600000, 0x0000000744800000, 0x0000000744800000|100%| O|  |TAMS 0x0000000744800000, 0x0000000744800000| Untracked 
|  24|0x0000000744800000, 0x0000000744a00000, 0x0000000744a00000|100%| O|  |TAMS 0x0000000744a00000, 0x0000000744a00000| Untracked 
|  25|0x0000000744a00000, 0x0000000744c00000, 0x0000000744c00000|100%| O|  |TAMS 0x0000000744c00000, 0x0000000744c00000| Untracked 
|  26|0x0000000744c00000, 0x0000000744e00000, 0x0000000744e00000|100%| O|  |TAMS 0x0000000744e00000, 0x0000000744e00000| Untracked 
|  27|0x0000000744e00000, 0x0000000745000000, 0x0000000745000000|100%| O|  |TAMS 0x0000000745000000, 0x0000000745000000| Untracked 
|  28|0x0000000745000000, 0x0000000745200000, 0x0000000745200000|100%| O|  |TAMS 0x0000000745200000, 0x0000000745200000| Untracked 
|  29|0x0000000745200000, 0x0000000745400000, 0x0000000745400000|100%| O|  |TAMS 0x0000000745400000, 0x0000000745400000| Untracked 
|  30|0x0000000745400000, 0x0000000745600000, 0x0000000745600000|100%| O|  |TAMS 0x0000000745600000, 0x0000000745600000| Untracked 
|  31|0x0000000745600000, 0x0000000745800000, 0x0000000745800000|100%| O|  |TAMS 0x0000000745800000, 0x0000000745800000| Untracked 
|  32|0x0000000745800000, 0x0000000745a00000, 0x0000000745a00000|100%| O|  |TAMS 0x0000000745a00000, 0x0000000745a00000| Untracked 
|  33|0x0000000745a00000, 0x0000000745c00000, 0x0000000745c00000|100%| O|  |TAMS 0x0000000745c00000, 0x0000000745c00000| Untracked 
|  34|0x0000000745c00000, 0x0000000745e00000, 0x0000000745e00000|100%| O|  |TAMS 0x0000000745e00000, 0x0000000745e00000| Untracked 
|  35|0x0000000745e00000, 0x0000000746000000, 0x0000000746000000|100%|HS|  |TAMS 0x0000000746000000, 0x0000000746000000| Complete 
|  36|0x0000000746000000, 0x0000000746200000, 0x0000000746200000|100%|HC|  |TAMS 0x0000000746200000, 0x0000000746200000| Complete 
|  37|0x0000000746200000, 0x0000000746400000, 0x0000000746400000|100%| O|  |TAMS 0x0000000746200000, 0x0000000746200000| Untracked 
|  38|0x0000000746400000, 0x00000007465ac800, 0x0000000746600000| 83%| O|  |TAMS 0x0000000746400000, 0x0000000746400000| Untracked 
|  39|0x0000000746600000, 0x0000000746800000, 0x0000000746800000|100%|HS|  |TAMS 0x0000000746600000, 0x0000000746600000| Complete 
|  40|0x0000000746800000, 0x0000000746a00000, 0x0000000746a00000|100%|HC|  |TAMS 0x0000000746800000, 0x0000000746800000| Complete 
|  41|0x0000000746a00000, 0x0000000746a00000, 0x0000000746c00000|  0%| F|  |TAMS 0x0000000746a00000, 0x0000000746a00000| Untracked 
|  42|0x0000000746c00000, 0x0000000746c00000, 0x0000000746e00000|  0%| F|  |TAMS 0x0000000746c00000, 0x0000000746c00000| Untracked 
|  43|0x0000000746e00000, 0x0000000746e00000, 0x0000000747000000|  0%| F|  |TAMS 0x0000000746e00000, 0x0000000746e00000| Untracked 
|  44|0x0000000747000000, 0x0000000747000000, 0x0000000747200000|  0%| F|  |TAMS 0x0000000747000000, 0x0000000747000000| Untracked 
|  45|0x0000000747200000, 0x0000000747200000, 0x0000000747400000|  0%| F|  |TAMS 0x0000000747200000, 0x0000000747200000| Untracked 
|  46|0x0000000747400000, 0x0000000747400000, 0x0000000747600000|  0%| F|  |TAMS 0x0000000747400000, 0x0000000747400000| Untracked 
|  47|0x0000000747600000, 0x0000000747600000, 0x0000000747800000|  0%| F|  |TAMS 0x0000000747600000, 0x0000000747600000| Untracked 
|  48|0x0000000747800000, 0x0000000747800000, 0x0000000747a00000|  0%| F|  |TAMS 0x0000000747800000, 0x0000000747800000| Untracked 
|  49|0x0000000747a00000, 0x0000000747a00000, 0x0000000747c00000|  0%| F|  |TAMS 0x0000000747a00000, 0x0000000747a00000| Untracked 
|  50|0x0000000747c00000, 0x0000000747c00000, 0x0000000747e00000|  0%| F|  |TAMS 0x0000000747c00000, 0x0000000747c00000| Untracked 
|  51|0x0000000747e00000, 0x0000000747e00000, 0x0000000748000000|  0%| F|  |TAMS 0x0000000747e00000, 0x0000000747e00000| Untracked 
|  52|0x0000000748000000, 0x0000000748000000, 0x0000000748200000|  0%| F|  |TAMS 0x0000000748000000, 0x0000000748000000| Untracked 
|  53|0x0000000748200000, 0x0000000748200000, 0x0000000748400000|  0%| F|  |TAMS 0x0000000748200000, 0x0000000748200000| Untracked 
|  54|0x0000000748400000, 0x0000000748400000, 0x0000000748600000|  0%| F|  |TAMS 0x0000000748400000, 0x0000000748400000| Untracked 
|  55|0x0000000748600000, 0x0000000748600000, 0x0000000748800000|  0%| F|  |TAMS 0x0000000748600000, 0x0000000748600000| Untracked 
|  56|0x0000000748800000, 0x0000000748800000, 0x0000000748a00000|  0%| F|  |TAMS 0x0000000748800000, 0x0000000748800000| Untracked 
|  57|0x0000000748a00000, 0x0000000748a00000, 0x0000000748c00000|  0%| F|  |TAMS 0x0000000748a00000, 0x0000000748a00000| Untracked 
|  58|0x0000000748c00000, 0x0000000748c00000, 0x0000000748e00000|  0%| F|  |TAMS 0x0000000748c00000, 0x0000000748c00000| Untracked 
|  59|0x0000000748e00000, 0x0000000748e00000, 0x0000000749000000|  0%| F|  |TAMS 0x0000000748e00000, 0x0000000748e00000| Untracked 
|  60|0x0000000749000000, 0x0000000749116390, 0x0000000749200000| 54%| S|CS|TAMS 0x0000000749000000, 0x0000000749000000| Complete 
|  61|0x0000000749200000, 0x0000000749200000, 0x0000000749400000|  0%| F|  |TAMS 0x0000000749200000, 0x0000000749200000| Untracked 
|  62|0x0000000749400000, 0x0000000749400000, 0x0000000749600000|  0%| F|  |TAMS 0x0000000749400000, 0x0000000749400000| Untracked 
|  90|0x000000074cc00000, 0x000000074cc00000, 0x000000074ce00000|  0%| F|  |TAMS 0x000000074cc00000, 0x000000074cc00000| Untracked 
|  91|0x000000074ce00000, 0x000000074ce00000, 0x000000074d000000|  0%| F|  |TAMS 0x000000074ce00000, 0x000000074ce00000| Untracked 
| 119|0x0000000750600000, 0x0000000750600000, 0x0000000750800000|  0%| F|  |TAMS 0x0000000750600000, 0x0000000750600000| Untracked 
| 120|0x0000000750800000, 0x00000007508c54a0, 0x0000000750a00000| 38%| E|  |TAMS 0x0000000750800000, 0x0000000750800000| Complete 

Card table byte_map: [0x000001509fd10000,0x00000150a0310000] _byte_map_base: 0x000001509c304000

Marking Bits (Prev, Next): (CMBitMap*) 0x00000150885411c0, (CMBitMap*) 0x0000015088541180
 Prev Bits: [0x00000150a38b0000, 0x00000150a6850000)
 Next Bits: [0x00000150a0910000, 0x00000150a38b0000)

Polling page: 0x0000015086250000

Metaspace:

Usage:
  Non-class:     43.38 MB capacity,    43.11 MB (>99%) used,   211.28 KB ( <1%) free+waste,    64.50 KB ( <1%) overhead. 
      Class:      6.98 MB capacity,     6.82 MB ( 98%) used,   131.89 KB (  2%) free+waste,    24.56 KB ( <1%) overhead. 
       Both:     50.35 MB capacity,    49.93 MB (>99%) used,   343.17 KB ( <1%) free+waste,    89.06 KB ( <1%) overhead. 

Virtual space:
  Non-class space:       44.00 MB reserved,      43.67 MB (>99%) committed 
      Class space:        1.00 GB reserved,       7.07 MB ( <1%) committed 
             Both:        1.04 GB reserved,      50.75 MB (  5%) committed 

Chunk freelists:
   Non-Class:  176.00 KB
       Class:  0 bytes
        Both:  176.00 KB

MaxMetaspaceSize: 17179869184.00 GB
CompressedClassSpaceSize: 1.00 GB

CodeHeap 'non-profiled nmethods': size=120000Kb used=4384Kb max_used=4384Kb free=115615Kb
 bounds [0x00000150981e0000, 0x0000015098630000, 0x000001509f710000]
CodeHeap 'profiled nmethods': size=120000Kb used=13529Kb max_used=13529Kb free=106470Kb
 bounds [0x0000015090cb0000, 0x00000150919f0000, 0x00000150981e0000]
CodeHeap 'non-nmethods': size=5760Kb used=1633Kb max_used=1678Kb free=4126Kb
 bounds [0x0000015090710000, 0x0000015090980000, 0x0000015090cb0000]
 total_blobs=7403 nmethods=6393 adapters=920
 compilation: enabled
              stopped_count=0, restarted_count=0
 full_count=0

Compilation events (20 events):
Event: 109.049 Thread 0x00000150a96dcbb0 7187       3       jdk.internal.org.objectweb.asm.MethodWriter::visitFrameEnd (53 bytes)
Event: 109.050 Thread 0x00000150a96dcbb0 nmethod 7187 0x00000150919e2110 code [0x00000150919e22e0, 0x00000150919e27e8]
Event: 109.050 Thread 0x00000150a96dcbb0 7184       1       javafx.scene.text.Font::getSize (5 bytes)
Event: 109.050 Thread 0x00000150a96dcbb0 nmethod 7184 0x0000015098625d10 code [0x0000015098625ea0, 0x0000015098625f58]
Event: 109.050 Thread 0x00000150a96dcbb0 7169       3       javafx.collections.ListChangeBuilder$SingleChange::checkState (18 bytes)
Event: 109.050 Thread 0x00000150a96dcbb0 nmethod 7169 0x00000150919e2910 code [0x00000150919e2ac0, 0x00000150919e2cc8]
Event: 109.050 Thread 0x00000150a96dcbb0 7186       1       javafx.scene.paint.Stop::getColor (5 bytes)
Event: 109.050 Thread 0x00000150a96dcbb0 nmethod 7186 0x0000015098626010 code [0x00000150986261a0, 0x0000015098626258]
Event: 109.051 Thread 0x00000150a96dcbb0 7190       3       java.lang.invoke.LambdaForm::returnType (26 bytes)
Event: 109.051 Thread 0x00000150a96dcbb0 nmethod 7190 0x00000150919e2d90 code [0x00000150919e2f20, 0x00000150919e30b8]
Event: 109.053 Thread 0x00000150a96dcbb0 7191       3       java.awt.geom.Rectangle2D::getPathIterator (10 bytes)
Event: 109.053 Thread 0x00000150a96dcbb0 nmethod 7191 0x00000150919e3190 code [0x00000150919e3340, 0x00000150919e3508]
Event: 109.053 Thread 0x00000150a96dcbb0 7192       3       java.awt.geom.RectIterator::<init> (66 bytes)
Event: 109.053 Thread 0x00000150a96dcbb0 nmethod 7192 0x00000150919e3610 code [0x00000150919e3800, 0x00000150919e3df8]
Event: 109.053 Thread 0x00000150a96dcbb0 7193  s    3       java.awt.ColorPaintContext::getRaster (88 bytes)
Event: 109.054 Thread 0x00000150a96dcbb0 nmethod 7193 0x00000150919e3f90 code [0x00000150919e41a0, 0x00000150919e49d8]
Event: 109.057 Thread 0x00000150a8d675d0 7194   !   4       java.awt.EventDispatchThread::filterAndCheckEvent (108 bytes)
Event: 109.068 Thread 0x00000150a96dcbb0 7195       3       javax.swing.SortingFocusTraversalPolicy::enumerateCycle (129 bytes)
Event: 109.069 Thread 0x00000150a8d675d0 nmethod 7194 0x0000015098626910 code [0x0000015098626ac0, 0x00000150986270d8]
Event: 109.069 Thread 0x00000150a96dcbb0 nmethod 7195 0x00000150919e4c90 code [0x00000150919e4f00, 0x00000150919e5fb8]

GC Heap History (20 events):
Event: 12.975 GC heap before
{Heap before GC invocations=11 (full 0):
 garbage-first heap   total 81920K, used 61234K [0x0000000741800000, 0x0000000800000000)
  region size 2048K, 10 young (20480K), 2 survivors (4096K)
 Metaspace       used 40434K, capacity 40827K, committed 41212K, reserved 1085440K
  class space    used 5294K, capacity 5434K, committed 5452K, reserved 1048576K
}
Event: 12.983 GC heap after
{Heap after GC invocations=12 (full 0):
 garbage-first heap   total 81920K, used 48997K [0x0000000741800000, 0x0000000800000000)
  region size 2048K, 2 young (4096K), 2 survivors (4096K)
 Metaspace       used 40434K, capacity 40827K, committed 41212K, reserved 1085440K
  class space    used 5294K, capacity 5434K, committed 5452K, reserved 1048576K
}
Event: 13.267 GC heap before
{Heap before GC invocations=13 (full 0):
 garbage-first heap   total 90112K, used 59237K [0x0000000741800000, 0x0000000800000000)
  region size 2048K, 8 young (16384K), 2 survivors (4096K)
 Metaspace       used 40942K, capacity 41339K, committed 41852K, reserved 1085440K
  class space    used 5422K, capacity 5562K, committed 5580K, reserved 1048576K
}
Event: 13.274 GC heap after
{Heap after GC invocations=14 (full 0):
 garbage-first heap   total 90112K, used 53518K [0x0000000741800000, 0x0000000800000000)
  region size 2048K, 1 young (2048K), 1 survivors (2048K)
 Metaspace       used 40942K, capacity 41339K, committed 41852K, reserved 1085440K
  class space    used 5422K, capacity 5562K, committed 5580K, reserved 1048576K
}
Event: 13.462 GC heap before
{Heap before GC invocations=14 (full 0):
 garbage-first heap   total 90112K, used 63758K [0x0000000741800000, 0x0000000800000000)
  region size 2048K, 7 young (14336K), 1 survivors (2048K)
 Metaspace       used 41404K, capacity 41755K, committed 42236K, reserved 1085440K
  class space    used 5544K, capacity 5658K, committed 5708K, reserved 1048576K
}
Event: 13.467 GC heap after
{Heap after GC invocations=15 (full 0):
 garbage-first heap   total 90112K, used 57556K [0x0000000741800000, 0x0000000800000000)
  region size 2048K, 1 young (2048K), 1 survivors (2048K)
 Metaspace       used 41404K, capacity 41755K, committed 42236K, reserved 1085440K
  class space    used 5544K, capacity 5658K, committed 5708K, reserved 1048576K
}
Event: 13.665 GC heap before
{Heap before GC invocations=16 (full 0):
 garbage-first heap   total 106496K, used 67796K [0x0000000741800000, 0x0000000800000000)
  region size 2048K, 6 young (12288K), 1 survivors (2048K)
 Metaspace       used 41746K, capacity 42108K, committed 42620K, reserved 1085440K
  class space    used 5617K, capacity 5754K, committed 5836K, reserved 1048576K
}
Event: 13.669 GC heap after
{Heap after GC invocations=17 (full 0):
 garbage-first heap   total 106496K, used 61039K [0x0000000741800000, 0x0000000800000000)
  region size 2048K, 1 young (2048K), 1 survivors (2048K)
 Metaspace       used 41746K, capacity 42108K, committed 42620K, reserved 1085440K
  class space    used 5617K, capacity 5754K, committed 5836K, reserved 1048576K
}
Event: 13.887 GC heap before
{Heap before GC invocations=17 (full 0):
 garbage-first heap   total 106496K, used 77423K [0x0000000741800000, 0x0000000800000000)
  region size 2048K, 9 young (18432K), 1 survivors (2048K)
 Metaspace       used 42111K, capacity 42460K, committed 43004K, reserved 1087488K
  class space    used 5726K, capacity 5850K, committed 5964K, reserved 1048576K
}
Event: 13.891 GC heap after
{Heap after GC invocations=18 (full 0):
 garbage-first heap   total 106496K, used 66251K [0x0000000741800000, 0x0000000800000000)
  region size 2048K, 2 young (4096K), 2 survivors (4096K)
 Metaspace       used 42111K, capacity 42460K, committed 43004K, reserved 1087488K
  class space    used 5726K, capacity 5850K, committed 5964K, reserved 1048576K
}
Event: 14.308 GC heap before
{Heap before GC invocations=19 (full 0):
 garbage-first heap   total 122880K, used 78539K [0x0000000741800000, 0x0000000800000000)
  region size 2048K, 9 young (18432K), 2 survivors (4096K)
 Metaspace       used 42732K, capacity 43068K, committed 43516K, reserved 1087488K
  class space    used 5814K, capacity 5946K, committed 5964K, reserved 1048576K
}
Event: 14.314 GC heap after
{Heap after GC invocations=20 (full 0):
 garbage-first heap   total 122880K, used 71083K [0x0000000741800000, 0x0000000800000000)
  region size 2048K, 2 young (4096K), 2 survivors (4096K)
 Metaspace       used 42732K, capacity 43068K, committed 43516K, reserved 1087488K
  class space    used 5814K, capacity 5946K, committed 5964K, reserved 1048576K
}
Event: 14.411 GC heap before
{Heap before GC invocations=20 (full 0):
 garbage-first heap   total 122880K, used 71083K [0x0000000741800000, 0x0000000800000000)
  region size 2048K, 3 young (6144K), 2 survivors (4096K)
 Metaspace       used 43255K, capacity 43644K, committed 44156K, reserved 1087488K
  class space    used 5864K, capacity 6010K, committed 6092K, reserved 1048576K
}
Event: 14.413 GC heap after
{Heap after GC invocations=21 (full 0):
 garbage-first heap   total 122880K, used 72527K [0x0000000741800000, 0x0000000800000000)
  region size 2048K, 1 young (2048K), 1 survivors (2048K)
 Metaspace       used 43255K, capacity 43644K, committed 44156K, reserved 1087488K
  class space    used 5864K, capacity 6010K, committed 6092K, reserved 1048576K
}
Event: 96.788 GC heap before
{Heap before GC invocations=22 (full 0):
 garbage-first heap   total 133120K, used 95055K [0x0000000741800000, 0x0000000800000000)
  region size 2048K, 10 young (20480K), 1 survivors (2048K)
 Metaspace       used 44622K, capacity 44997K, committed 45564K, reserved 1089536K
  class space    used 6019K, capacity 6140K, committed 6220K, reserved 1048576K
}
Event: 96.793 GC heap after
{Heap after GC invocations=23 (full 0):
 garbage-first heap   total 133120K, used 76105K [0x0000000741800000, 0x0000000800000000)
  region size 2048K, 1 young (2048K), 1 survivors (2048K)
 Metaspace       used 44622K, capacity 44997K, committed 45564K, reserved 1089536K
  class space    used 6019K, capacity 6140K, committed 6220K, reserved 1048576K
}
Event: 97.928 GC heap before
{Heap before GC invocations=23 (full 0):
 garbage-first heap   total 133120K, used 96585K [0x0000000741800000, 0x0000000800000000)
  region size 2048K, 12 young (24576K), 1 survivors (2048K)
 Metaspace       used 50167K, capacity 50575K, committed 51068K, reserved 1093632K
  class space    used 6882K, capacity 7032K, committed 7116K, reserved 1048576K
}
Event: 97.933 GC heap after
{Heap after GC invocations=24 (full 0):
 garbage-first heap   total 133120K, used 79107K [0x0000000741800000, 0x0000000800000000)
  region size 2048K, 2 young (4096K), 2 survivors (4096K)
 Metaspace       used 50167K, capacity 50575K, committed 51068K, reserved 1093632K
  class space    used 6882K, capacity 7032K, committed 7116K, reserved 1048576K
}
Event: 109.059 GC heap before
{Heap before GC invocations=25 (full 0):
 garbage-first heap   total 137216K, used 87299K [0x0000000741800000, 0x0000000800000000)
  region size 2048K, 8 young (16384K), 2 survivors (4096K)
 Metaspace       used 51088K, capacity 51483K, committed 51964K, reserved 1093632K
  class space    used 6979K, capacity 7139K, committed 7244K, reserved 1048576K
}
Event: 109.066 GC heap after
{Heap after GC invocations=26 (full 0):
 garbage-first heap   total 137216K, used 80053K [0x0000000741800000, 0x0000000800000000)
  region size 2048K, 1 young (2048K), 1 survivors (2048K)
 Metaspace       used 51088K, capacity 51483K, committed 51964K, reserved 1093632K
  class space    used 6979K, capacity 7139K, committed 7244K, reserved 1048576K
}

Deoptimization events (20 events):
Event: 109.047 Thread 0x00000150aa5c95d0 DEOPT PACKING pc=0x00000150983109f0 sp=0x00000031b8ffd8c0
Event: 109.047 Thread 0x00000150aa5c95d0 DEOPT UNPACKING pc=0x000001509075e42f sp=0x00000031b8ffd840 mode 2
Event: 109.049 Thread 0x00000150aa5c95d0 DEOPT PACKING pc=0x00000150919da421 sp=0x00000031b8ffc130
Event: 109.049 Thread 0x00000150aa5c95d0 DEOPT UNPACKING pc=0x000001509075e23f sp=0x00000031b8ffb4f8 mode 0
Event: 109.049 Thread 0x00000150aa5c95d0 DEOPT PACKING pc=0x00000150919da27b sp=0x00000031b8ffc130
Event: 109.049 Thread 0x00000150aa5c95d0 DEOPT UNPACKING pc=0x000001509075e23f sp=0x00000031b8ffb4f8 mode 0
Event: 109.053 Thread 0x00000150aa5c95d0 DEOPT PACKING pc=0x00000150919bdad5 sp=0x00000031b8ffc590
Event: 109.053 Thread 0x00000150aa5c95d0 DEOPT UNPACKING pc=0x000001509075e23f sp=0x00000031b8ffb988 mode 0
Event: 109.055 Thread 0x00000150aa5c95d0 Uncommon trap: trap_request=0xffffffde fr.pc=0x00000150985cea10 relative=0x0000000000002b50
Event: 109.055 Thread 0x00000150aa5c95d0 Uncommon trap: reason=class_check action=maybe_recompile pc=0x00000150985cea10 method=java.awt.EventDispatchThread.filterAndCheckEvent(Ljava/awt/AWTEvent;)Z @ 34 c2
Event: 109.055 Thread 0x00000150aa5c95d0 DEOPT PACKING pc=0x00000150985cea10 sp=0x00000031b8ffded0
Event: 109.055 Thread 0x00000150aa5c95d0 DEOPT UNPACKING pc=0x000001509075e42f sp=0x00000031b8ffde50 mode 2
Event: 109.056 Thread 0x00000150aa5c95d0 Uncommon trap: trap_request=0xffffffde fr.pc=0x00000150985d1338 relative=0x0000000000000318
Event: 109.056 Thread 0x00000150aa5c95d0 Uncommon trap: reason=class_check action=maybe_recompile pc=0x00000150985d1338 method=java.awt.EventDispatchThread.filterAndCheckEvent(Ljava/awt/AWTEvent;)Z @ 34 c2
Event: 109.056 Thread 0x00000150aa5c95d0 DEOPT PACKING pc=0x00000150985d1338 sp=0x00000031b8ffdea0
Event: 109.056 Thread 0x00000150aa5c95d0 DEOPT UNPACKING pc=0x000001509075e42f sp=0x00000031b8ffde50 mode 2
Event: 109.069 Thread 0x00000150aa5c95d0 Uncommon trap: trap_request=0xffffff45 fr.pc=0x0000015098627028 relative=0x0000000000000568
Event: 109.069 Thread 0x00000150aa5c95d0 Uncommon trap: reason=unstable_if action=reinterpret pc=0x0000015098627028 method=java.awt.EventDispatchThread.filterAndCheckEvent(Ljava/awt/AWTEvent;)Z @ 67 c2
Event: 109.069 Thread 0x00000150aa5c95d0 DEOPT PACKING pc=0x0000015098627028 sp=0x00000031b8ffdea0
Event: 109.070 Thread 0x00000150aa5c95d0 DEOPT UNPACKING pc=0x000001509075e42f sp=0x00000031b8ffde48 mode 2

Classes unloaded (0 events):
No events

Classes redefined (0 events):
No events

Internal exceptions (20 events):
Event: 97.138 Thread 0x00000150ac52b650 Exception <a 'sun/nio/fs/WindowsException'{0x0000000748949c18}> (0x0000000748949c18) 
thrown [./open/src/hotspot/share/prims/jni.cpp, line 578]
Event: 97.139 Thread 0x00000150ac52b650 Exception <a 'sun/nio/fs/WindowsException'{0x000000074894a8e8}> (0x000000074894a8e8) 
thrown [./open/src/hotspot/share/prims/jni.cpp, line 578]
Event: 97.149 Thread 0x00000150ac52b650 Exception <a 'java/lang/NoSuchMethodError'{0x00000007489c8168}: 'java.lang.Object java.lang.invoke.DirectMethodHandle$Holder.invokeSpecial(java.lang.Object, java.lang.Object, long, long, int, java.lang.Object, java.lang.Object, java.lang.Object, int)'> (0x00000007489c8168) 
thrown [./open/src/hotspot/share/interpreter/linkResolver.cpp, line 782]
Event: 97.149 Thread 0x00000150ac52b650 Exception <a 'java/lang/NoSuchMethodError'{0x00000007489cc0d8}: 'java.lang.Object java.lang.invoke.DelegatingMethodHandle$Holder.reinvoke_L(java.lang.Object, long, long, int, java.lang.Object, java.lang.Object, java.lang.Object, int)'> (0x00000007489cc0d8) 
thrown [./open/src/hotspot/share/interpreter/linkResolver.cpp, line 782]
Event: 97.382 Thread 0x00000150ac52b650 Exception <a 'sun/nio/fs/WindowsException'{0x00000007486cfff8}> (0x00000007486cfff8) 
thrown [./open/src/hotspot/share/prims/jni.cpp, line 578]
Event: 97.383 Thread 0x00000150ac52b650 Exception <a 'sun/nio/fs/WindowsException'{0x00000007486d0c18}> (0x00000007486d0c18) 
thrown [./open/src/hotspot/share/prims/jni.cpp, line 578]
Event: 97.608 Thread 0x00000150ac52b650 Exception <a 'java/lang/NoSuchMethodError'{0x0000000748205830}: 'long java.lang.invoke.DirectMethodHandle$Holder.invokeStatic(java.lang.Object, java.lang.Object, java.lang.Object)'> (0x0000000748205830) 
thrown [./open/src/hotspot/share/interpreter/linkResolver.cpp, line 782]
Event: 97.608 Thread 0x00000150ac52b650 Exception <a 'java/lang/NoSuchMethodError'{0x0000000748209438}: 'long java.lang.invoke.DirectMethodHandle$Holder.invokeStaticInit(java.lang.Object, java.lang.Object, java.lang.Object)'> (0x0000000748209438) 
thrown [./open/src/hotspot/share/interpreter/linkResolver.cpp, line 782]
Event: 97.609 Thread 0x00000150ac52b650 Exception <a 'java/lang/NoSuchMethodError'{0x0000000748222120}: 'java.lang.Object java.lang.invoke.DirectMethodHandle$Holder.newInvokeSpecial(java.lang.Object, java.lang.Object, long)'> (0x0000000748222120) 
thrown [./open/src/hotspot/share/interpreter/linkResolver.cpp, line 782]
Event: 97.610 Thread 0x00000150ac52b650 Exception <a 'java/lang/NoSuchMethodError'{0x0000000748225e90}: 'java.lang.Object java.lang.invoke.Invokers$Holder.linkToTargetMethod(java.lang.Object, long, java.lang.Object)'> (0x0000000748225e90) 
thrown [./open/src/hotspot/share/interpreter/linkResolver.cpp, line 782]
Event: 97.619 Thread 0x00000150ac52b650 Exception <a 'java/lang/NoSuchMethodError'{0x0000000748280160}: 'java.lang.Object java.lang.invoke.Invokers$Holder.linkToTargetMethod(int, int, int, int, java.lang.Object)'> (0x0000000748280160) 
thrown [./open/src/hotspot/share/interpreter/linkResolver.cpp, line 782]
Event: 97.632 Thread 0x00000150ac52b180 Exception <a 'java/lang/NoSuchMethodError'{0x00000007483073e8}: 'int java.lang.invoke.DirectMethodHandle$Holder.invokeStaticInit(java.lang.Object, java.lang.Object)'> (0x00000007483073e8) 
thrown [./open/src/hotspot/share/interpreter/linkResolver.cpp, line 782]
Event: 100.037 Thread 0x00000150aa5c95d0 Implicit null exception at 0x000001509844e2c2 to 0x000001509844e9a8
Event: 109.037 Thread 0x00000150aa5c95d0 Exception <a 'java/lang/NoSuchMethodError'{0x0000000749375e10}: 'int java.lang.invoke.DirectMethodHandle$Holder.invokeStatic(java.lang.Object)'> (0x0000000749375e10) 
thrown [./open/src/hotspot/share/interpreter/linkResolver.cpp, line 782]
Event: 109.046 Thread 0x00000150ac52b650 Exception <a 'sun/nio/fs/WindowsException'{0x00000007493c4980}> (0x00000007493c4980) 
thrown [./open/src/hotspot/share/prims/jni.cpp, line 578]
Event: 109.047 Thread 0x00000150ac52b650 Exception <a 'sun/nio/fs/WindowsException'{0x00000007493c55a0}> (0x00000007493c55a0) 
thrown [./open/src/hotspot/share/prims/jni.cpp, line 578]
Event: 109.051 Thread 0x00000150ac52b650 Exception <a 'java/lang/NoSuchMethodError'{0x00000007493e4b68}: 'java.lang.Object java.lang.invoke.DirectMethodHandle$Holder.invokeSpecial(java.lang.Object, java.lang.Object, long, java.lang.Object)'> (0x00000007493e4b68) 
thrown [./open/src/hotspot/share/interpreter/linkResolver.cpp, line 782]
Event: 109.059 Thread 0x00000150ac52b650 Exception <a 'java/lang/NoSuchMethodError'{0x00000007493f1770}: fwkLoad> (0x00000007493f1770) 
thrown [./open/src/hotspot/share/prims/jni.cpp, line 1171]
Event: 109.066 Thread 0x00000150ac52b650 Exception <a 'java/lang/NoClassDefFoundError'{0x0000000749037b58}: com/sun/webkit/network/URLLoaderBase> (0x0000000749037b58) 
thrown [./open/src/hotspot/share/classfile/systemDictionary.cpp, line 284]
Event: 109.066 Thread 0x00000150ac52b650 Exception <a 'java/lang/NoSuchMethodError'{0x0000000750809868}: fwkCancel> (0x0000000750809868) 
thrown [./open/src/hotspot/share/prims/jni.cpp, line 1171]

Events (20 events):
Event: 109.032 loading class sun/awt/util/IdentityLinkedList$ListItr done
Event: 109.032 loading class sun/awt/windows/WFileDialogPeer
Event: 109.032 loading class java/awt/peer/FileDialogPeer
Event: 109.032 loading class java/awt/peer/FileDialogPeer done
Event: 109.032 loading class sun/awt/windows/WFileDialogPeer done
Event: 109.033 Executing VM operation: HandshakeAllThreads
Event: 109.033 Executing VM operation: HandshakeAllThreads done
Event: 109.033 loading class sun/awt/windows/WPrintDialogPeer
Event: 109.033 loading class sun/awt/windows/WPrintDialogPeer done
Event: 109.036 loading class java/awt/ModalEventFilter$1
Event: 109.037 loading class java/awt/ModalEventFilter$1 done
Event: 109.037 loading class java/awt/ModalEventFilter$ApplicationModalEventFilter
Event: 109.037 loading class java/awt/ModalEventFilter$ApplicationModalEventFilter done
Event: 109.037 loading class sun/awt/ModalityEvent
Event: 109.037 loading class sun/awt/ModalityEvent done
Event: 109.059 loading class sun/java2d/cmm/CMSManager
Event: 109.059 loading class sun/java2d/cmm/CMSManager done
Event: 109.059 Executing VM operation: G1TryInitiateConcMark
Event: 109.066 Executing VM operation: G1TryInitiateConcMark done
Event: 109.067 Executing VM operation: HandshakeAllThreads


Dynamic libraries:
0x00007ff6d7d40000 - 0x00007ff6d7d4f000 	C:\Program Files\Java\jdk-15.0.2\bin\java.exe
0x00007ffc91da0000 - 0x00007ffc91f90000 	C:\Windows\SYSTEM32\ntdll.dll
0x00007ffc91270000 - 0x00007ffc91322000 	C:\Windows\System32\KERNEL32.DLL
0x00007ffc8ee80000 - 0x00007ffc8f125000 	C:\Windows\System32\KERNELBASE.dll
0x00007ffc8f180000 - 0x00007ffc8f27a000 	C:\Windows\System32\ucrtbase.dll
0x00007ffc7b180000 - 0x00007ffc7b198000 	C:\Program Files\Java\jdk-15.0.2\bin\jli.dll
0x00007ffc8ca30000 - 0x00007ffc8ca49000 	C:\Program Files\Java\jdk-15.0.2\bin\VCRUNTIME140.dll
0x00007ffc91850000 - 0x00007ffc918f3000 	C:\Windows\System32\ADVAPI32.dll
0x00007ffc90d40000 - 0x00007ffc90dde000 	C:\Windows\System32\msvcrt.dll
0x00007ffc91cc0000 - 0x00007ffc91d57000 	C:\Windows\System32\sechost.dll
0x00007ffc90230000 - 0x00007ffc90350000 	C:\Windows\System32\RPCRT4.dll
0x00007ffc8ff30000 - 0x00007ffc900c5000 	C:\Windows\System32\USER32.dll
0x00007ffc8f5f0000 - 0x00007ffc8f611000 	C:\Windows\System32\win32u.dll
0x00007ffc90430000 - 0x00007ffc90456000 	C:\Windows\System32\GDI32.dll
0x00007ffc8f310000 - 0x00007ffc8f4a6000 	C:\Windows\System32\gdi32full.dll
0x00007ffc8f530000 - 0x00007ffc8f5ce000 	C:\Windows\System32\msvcp_win.dll
0x00007ffc7c640000 - 0x00007ffc7c8c4000 	C:\Windows\WinSxS\amd64_microsoft.windows.common-controls_6595b64144ccf1df_6.0.18362.1082_none_9e8193e1e45b25c1\COMCTL32.dll
0x00007ffc90ec0000 - 0x00007ffc911f5000 	C:\Windows\System32\combase.dll
0x00007ffc8f4b0000 - 0x00007ffc8f530000 	C:\Windows\System32\bcryptPrimitives.dll
0x00007ffc898a0000 - 0x00007ffc898aa000 	C:\Windows\SYSTEM32\VERSION.dll
0x00007ffc91a70000 - 0x00007ffc91a9e000 	C:\Windows\System32\IMM32.DLL
0x00007ffc8ca20000 - 0x00007ffc8ca2c000 	C:\Program Files\Java\jdk-15.0.2\bin\vcruntime140_1.dll
0x00007ffc81870000 - 0x00007ffc81901000 	C:\Program Files\Java\jdk-15.0.2\bin\msvcp140.dll
0x00007ffc5fcd0000 - 0x00007ffc6082e000 	C:\Program Files\Java\jdk-15.0.2\bin\server\jvm.dll
0x00007ffc90420000 - 0x00007ffc90428000 	C:\Windows\System32\PSAPI.DLL
0x00007ffc8ca10000 - 0x00007ffc8ca19000 	C:\Windows\SYSTEM32\WSOCK32.dll
0x00007ffc85c00000 - 0x00007ffc85c24000 	C:\Windows\SYSTEM32\WINMM.dll
0x00007ffc91200000 - 0x00007ffc9126f000 	C:\Windows\System32\WS2_32.dll
0x00007ffc85bd0000 - 0x00007ffc85bfd000 	C:\Windows\SYSTEM32\winmmbase.dll
0x00007ffc8f130000 - 0x00007ffc8f17a000 	C:\Windows\System32\cfgmgr32.dll
0x00007ffc8ec90000 - 0x00007ffc8eca1000 	C:\Windows\System32\kernel.appcore.dll
0x00007ffc8ca00000 - 0x00007ffc8ca0a000 	C:\Program Files\Java\jdk-15.0.2\bin\jimage.dll
0x00007ffc8d350000 - 0x00007ffc8d544000 	C:\Windows\SYSTEM32\DBGHELP.DLL
0x00007ffc85900000 - 0x00007ffc8592a000 	C:\Windows\SYSTEM32\dbgcore.DLL
0x00007ffc81ad0000 - 0x00007ffc81af5000 	C:\Program Files\Java\jdk-15.0.2\bin\java.dll
0x00007ffc905a0000 - 0x00007ffc90c87000 	C:\Windows\System32\SHELL32.dll
0x00007ffc90c90000 - 0x00007ffc90d39000 	C:\Windows\System32\shcore.dll
0x00007ffc8f620000 - 0x00007ffc8fda0000 	C:\Windows\System32\windows.storage.dll
0x00007ffc8ed00000 - 0x00007ffc8ed23000 	C:\Windows\System32\profapi.dll
0x00007ffc8ecb0000 - 0x00007ffc8ecfa000 	C:\Windows\System32\powrprof.dll
0x00007ffc8ec60000 - 0x00007ffc8ec70000 	C:\Windows\System32\UMPDC.dll
0x00007ffc91900000 - 0x00007ffc91952000 	C:\Windows\System32\shlwapi.dll
0x00007ffc8f5d0000 - 0x00007ffc8f5e7000 	C:\Windows\System32\cryptsp.dll
0x00007ffc82060000 - 0x00007ffc82079000 	C:\Program Files\Java\jdk-15.0.2\bin\net.dll
0x00007ffc8ad40000 - 0x00007ffc8ae30000 	C:\Windows\SYSTEM32\WINHTTP.dll
0x00007ffc8e450000 - 0x00007ffc8e4b7000 	C:\Windows\system32\mswsock.dll
0x00007ffc81ab0000 - 0x00007ffc81ac2000 	C:\Program Files\Java\jdk-15.0.2\bin\nio.dll
0x00007ffc81a90000 - 0x00007ffc81aa8000 	C:\Program Files\Java\jdk-15.0.2\bin\zip.dll
0x00007ffc81910000 - 0x00007ffc81a90000 	C:\Program Files\Java\jdk-15.0.2\bin\awt.dll
0x00007ffc90350000 - 0x00007ffc90415000 	C:\Windows\System32\OLEAUT32.dll
0x00007ffc88c80000 - 0x00007ffc88d0f000 	C:\Windows\SYSTEM32\apphelp.dll
0x00007ffc8cb80000 - 0x00007ffc8cc19000 	C:\Windows\system32\uxtheme.dll
0x00007ffc90460000 - 0x00007ffc90595000 	C:\Windows\System32\MSCTF.dll
0x00007ffc900d0000 - 0x00007ffc90227000 	C:\Windows\System32\ole32.dll
0x00007ffc8cfb0000 - 0x00007ffc8cfdd000 	C:\Windows\system32\DWMAPI.DLL
0x00007ffc5c840000 - 0x00007ffc5c8e9000 	C:\Windows\WinSxS\amd64_microsoft.windows.common-controls_6595b64144ccf1df_5.82.18362.1082_none_73b2803ad816b43c\comctl32.dll
0x00007ffc817e0000 - 0x00007ffc81865000 	C:\Program Files\Java\jdk-15.0.2\bin\freetype.dll
0x00007ffc7b1a0000 - 0x00007ffc7b249000 	C:\Program Files\Java\jdk-15.0.2\bin\fontmanager.dll
0x00007ffc752f0000 - 0x00007ffc75446000 	C:\Windows\system32\opengl32.dll
0x00007ffc752b0000 - 0x00007ffc752dc000 	C:\Windows\SYSTEM32\GLU32.dll
0x00007ffc8d8b0000 - 0x00007ffc8d8d0000 	C:\Windows\SYSTEM32\dxcore.dll
0x00007ffc91330000 - 0x00007ffc913d2000 	C:\Windows\System32\clbcatq.dll
0x00007ffc8aa00000 - 0x00007ffc8aaf0000 	C:\Windows\SYSTEM32\PROPSYS.dll
0x00007ffc7c050000 - 0x00007ffc7c066000 	C:\Windows\system32\NetworkExplorer.dll
0x00007ffc775a0000 - 0x00007ffc775bb000 	C:\Windows\SYSTEM32\MPR.dll
0x00007ffc775c0000 - 0x00007ffc775cb000 	C:\Windows\System32\drprov.dll
0x00007ffc8ea40000 - 0x00007ffc8ea96000 	C:\Windows\System32\WINSTA.dll
0x00007ffc5f230000 - 0x00007ffc5f245000 	C:\Windows\System32\ntlanman.dll
0x00007ffc5f210000 - 0x00007ffc5f22d000 	C:\Windows\System32\davclnt.dll
0x00007ffc774b0000 - 0x00007ffc774bc000 	C:\Windows\System32\DAVHLPR.dll
0x00007ffc8bb00000 - 0x00007ffc8bb17000 	C:\Windows\System32\wkscli.dll
0x00007ffc8f280000 - 0x00007ffc8f2a6000 	C:\Windows\System32\bcrypt.dll
0x00007ffc715d0000 - 0x00007ffc715e2000 	C:\Windows\SYSTEM32\cscapi.dll
0x00007ffc8e270000 - 0x00007ffc8e27c000 	C:\Windows\System32\netutils.dll
0x00007ffc6eed0000 - 0x00007ffc6ef23000 	C:\Windows\System32\dlnashext.dll
0x00007ffc72c40000 - 0x00007ffc72ca4000 	C:\Windows\System32\PlayToDevice.dll
0x00007ffc7b250000 - 0x00007ffc7b270000 	C:\Windows\System32\DevDispItemProvider.dll
0x00007ffc8b390000 - 0x00007ffc8b402000 	C:\Windows\System32\MMDevApi.dll
0x00007ffc8e9f0000 - 0x00007ffc8ea1a000 	C:\Windows\System32\DEVOBJ.dll
0x00007ffc8e160000 - 0x00007ffc8e19a000 	C:\Windows\System32\IPHLPAPI.DLL
0x00007ffc91a00000 - 0x00007ffc91a08000 	C:\Windows\System32\NSI.dll
0x00007ffc8c070000 - 0x00007ffc8c086000 	C:\Windows\SYSTEM32\dhcpcsvc6.DLL
0x00007ffc8bf00000 - 0x00007ffc8bf1c000 	C:\Windows\SYSTEM32\dhcpcsvc.DLL
0x00007ffc8e1a0000 - 0x00007ffc8e26b000 	C:\Windows\SYSTEM32\DNSAPI.dll
0x00007ffc8c5b0000 - 0x00007ffc8c5bb000 	C:\Windows\SYSTEM32\WINNSI.DLL
0x00007ffc8c9a0000 - 0x00007ffc8c9dd000 	C:\Windows\System32\netprofm.dll
0x00007ffc8ab70000 - 0x00007ffc8ab80000 	C:\Windows\System32\npmproxy.dll
0x00007ffc85c30000 - 0x00007ffc8639c000 	C:\Windows\System32\OneCoreUAPCommonProxyStub.dll
0x00007ffc73390000 - 0x00007ffc7342b000 	C:\Windows\system32\wpdshext.dll
0x00007ffc6fc30000 - 0x00007ffc6fdd3000 	C:\Windows\WinSxS\amd64_microsoft.windows.gdiplus_6595b64144ccf1df_1.1.18362.1082_none_cf6c86c73eed9f8f\gdiplus.dll
0x00007ffc8c4f0000 - 0x00007ffc8c58e000 	C:\Windows\System32\PortableDeviceApi.dll
0x00007ffc913e0000 - 0x00007ffc91850000 	C:\Windows\System32\SETUPAPI.dll
0x00007ffc8f2b0000 - 0x00007ffc8f30c000 	C:\Windows\System32\WINTRUST.dll
0x00007ffc8ec70000 - 0x00007ffc8ec82000 	C:\Windows\System32\MSASN1.dll
0x00007ffc8ed30000 - 0x00007ffc8ee79000 	C:\Windows\System32\CRYPT32.dll
0x00007ffc70980000 - 0x00007ffc709b7000 	C:\Windows\System32\EhStorShell.dll
0x00007ffc73360000 - 0x00007ffc73385000 	C:\Windows\System32\EhStorAPI.dll
0x00007ffc8c4d0000 - 0x00007ffc8c4e3000 	C:\Windows\System32\WTSAPI32.dll
0x00007ffc71510000 - 0x00007ffc7151d000 	C:\Windows\SYSTEM32\LINKINFO.dll
0x00007ffc749f0000 - 0x00007ffc74a83000 	C:\Windows\System32\appresolver.dll
0x00007ffc844d0000 - 0x00007ffc8452d000 	C:\Windows\System32\Bcp47Langs.dll
0x00007ffc8db50000 - 0x00007ffc8db77000 	C:\Windows\System32\SLC.dll
0x00007ffc8eb40000 - 0x00007ffc8eb65000 	C:\Windows\System32\USERENV.dll
0x00007ffc8db20000 - 0x00007ffc8db46000 	C:\Windows\System32\sppc.dll
0x00007ffc8c5c0000 - 0x00007ffc8c5d0000 	C:\Program Files\Java\jdk-15.0.2\bin\verify.dll
0x00007ffc81780000 - 0x00007ffc8178d000 	C:\Program Files\Java\jdk-15.0.2\bin\sunmscapi.dll
0x00007ffc8e720000 - 0x00007ffc8e746000 	C:\Windows\SYSTEM32\ncrypt.dll
0x00007ffc8e6e0000 - 0x00007ffc8e71b000 	C:\Windows\SYSTEM32\NTASN1.dll
0x00007ffc821b0000 - 0x00007ffc8235f000 	C:\Windows\SYSTEM32\WindowsCodecs.dll
0x00007ffc721f0000 - 0x00007ffc7222a000 	C:\Windows\system32\dataexchange.dll
0x00007ffc851e0000 - 0x00007ffc853bd000 	C:\Windows\system32\dcomp.dll
0x00007ffc84b20000 - 0x00007ffc84d7b000 	C:\Windows\system32\d3d11.dll
0x00007ffc8d940000 - 0x00007ffc8da2b000 	C:\Windows\system32\dxgi.dll
0x00007ffc8cc40000 - 0x00007ffc8cea2000 	C:\Windows\system32\twinapi.appcore.dll
0x00007ffc8cfe0000 - 0x00007ffc8d009000 	C:\Windows\system32\RMCLIENT.dll
0x00000150ab970000 - 0x00000150ab973000 	C:\Program Files\Java\jdk-15.0.2\bin\api-ms-win-core-console-l1-1-0.dll
0x00000150ae770000 - 0x00000150ae773000 	C:\Program Files\Java\jdk-15.0.2\bin\api-ms-win-core-datetime-l1-1-0.dll
0x00000150ae780000 - 0x00000150ae783000 	C:\Program Files\Java\jdk-15.0.2\bin\api-ms-win-core-debug-l1-1-0.dll
0x00000150ae790000 - 0x00000150ae793000 	C:\Program Files\Java\jdk-15.0.2\bin\api-ms-win-core-errorhandling-l1-1-0.dll
0x00000150ae7a0000 - 0x00000150ae7a4000 	C:\Program Files\Java\jdk-15.0.2\bin\api-ms-win-core-file-l1-1-0.dll
0x00000150b0750000 - 0x00000150b0753000 	C:\Program Files\Java\jdk-15.0.2\bin\api-ms-win-core-file-l1-2-0.dll
0x00000150b0760000 - 0x00000150b0763000 	C:\Program Files\Java\jdk-15.0.2\bin\api-ms-win-core-file-l2-1-0.dll
0x00000150b0770000 - 0x00000150b0773000 	C:\Program Files\Java\jdk-15.0.2\bin\api-ms-win-core-handle-l1-1-0.dll
0x00000150b0780000 - 0x00000150b0783000 	C:\Program Files\Java\jdk-15.0.2\bin\api-ms-win-core-heap-l1-1-0.dll
0x00000150b0790000 - 0x00000150b0793000 	C:\Program Files\Java\jdk-15.0.2\bin\api-ms-win-core-interlocked-l1-1-0.dll
0x00000150b07a0000 - 0x00000150b07a3000 	C:\Program Files\Java\jdk-15.0.2\bin\api-ms-win-core-libraryloader-l1-1-0.dll
0x00000150b07b0000 - 0x00000150b07b3000 	C:\Program Files\Java\jdk-15.0.2\bin\api-ms-win-core-localization-l1-2-0.dll
0x00000150b07c0000 - 0x00000150b07c3000 	C:\Program Files\Java\jdk-15.0.2\bin\api-ms-win-core-memory-l1-1-0.dll

dbghelp: loaded successfully - version: 4.0.5 - missing functions: none
symbol engine: initialized successfully - sym options: 0x614 - pdb path: .;C:\Program Files\Java\jdk-15.0.2\bin;C:\Windows\SYSTEM32;C:\Windows\WinSxS\amd64_microsoft.windows.common-controls_6595b64144ccf1df_6.0.18362.1082_none_9e8193e1e45b25c1;C:\Program Files\Java\jdk-15.0.2\bin\server;C:\Windows\WinSxS\amd64_microsoft.windows.common-controls_6595b64144ccf1df_5.82.18362.1082_none_73b2803ad816b43c;C:\Windows\WinSxS\amd64_microsoft.windows.gdiplus_6595b64144ccf1df_1.1.18362.1082_none_cf6c86c73eed9f8f

VM Arguments:
jvm_args: -Dfile.encoding=UTF-8 
java_command: simrskhanza.SIMRSKhanza
java_class_path (initial): E:\xampp\htdocs\KhanzaHMSWindows\lib\commons-codec-1.10.jar;E:\xampp\htdocs\KhanzaHMSWindows\lib\commons-codec-1.12.jar;E:\xampp\htdocs\KhanzaHMSWindows\lib\jasperreports-6.8.0.jar;E:\xampp\htdocs\KhanzaHMSWindows\lib\KhanzaSecurity16bit.jar;E:\xampp\htdocs\KhanzaHMSWindows\lib\RXTXcomm.jar;E:\xampp\htdocs\KhanzaHMSWindows\lib\SceneBuilderKit-8.2.0.jar;E:\xampp\htdocs\KhanzaHMSWindows\lib\TimingFramework-1.0.jar;E:\xampp\htdocs\KhanzaHMSWindows\lib\UsuLibrary.jar;E:\xampp\htdocs\KhanzaHMSWindows\lib\activation-1.1.1.jar;E:\xampp\htdocs\KhanzaHMSWindows\lib\ant-1.7.1.jar;E:\xampp\htdocs\KhanzaHMSWindows\lib\antlr-2.7.6.jar;E:\xampp\htdocs\KhanzaHMSWindows\lib\apache-httpcomponents-httpclient.jar;E:\xampp\htdocs\KhanzaHMSWindows\lib\appframework-1.0.3.jar;E:\xampp\htdocs\KhanzaHMSWindows\lib\asm-attrs.jar;E:\xampp\htdocs\KhanzaHMSWindows\lib\asm.jar;E:\xampp\htdocs\KhanzaHMSWindows\lib\barbecue-1.5-beta1.jar;E:\xampp\htdocs\KhanzaHMSWindows\lib\barcode4j-2.1.jar;E:\xampp\htdocs\KhanzaHMSWindows\lib\batik-anim-1.11.jar;E:\xampp\htdocs\KhanzaHMSWindows\lib\batik-anim-1.13.jar;E:\xampp\htdocs\KhanzaHMSWindows\lib\batik-awt-util-1.11.jar;E:\xampp\htdocs\KhanzaHMSWindows\lib\batik-awt-util-1.13.jar;E:\xampp\htdocs\KhanzaHMSWindows\lib\batik-bridge-1.11.jar;E:\xampp\htdocs\KhanzaHMSWindows\lib\batik-codec-1.11.jar;E:\xampp\htdocs\KhanzaHMSWindows\lib\batik-constants-1.11.jar;E:\xampp\htdocs\KhanzaHMSWindows\lib\batik-constants-1.13.jar;E:\xampp\htdocs\KhanzaHMSWindows\lib\batik-css-1.11.jar;E:\xampp\htdocs\KhanzaHMSWindows\lib\batik-css-1.13.jar;E:\xampp\htdocs\KhanzaHMSWindows\lib\batik-dom-1.11.jar;E:\xampp\htdocs\KhanzaHMSWindows\lib\batik-dom-1.13.jar;E:\xampp\htdocs\KhanzaHMSWindows\lib\batik-dom.jar;E:\xampp\htdocs\KhanzaHMSWindows\lib\batik-ext-1.11.jar;E:\xampp\htdocs\KhanzaHMSWindows\lib\batik-ext-1.13.jar;E:\xampp\htdocs\KhanzaHMSWindows\lib\batik-extension-1.11.jar;E:\xampp\htdocs\KhanzaHMSWindows\lib\batik-gui-util-1.11.jar;E:\xampp\
Launcher Type: SUN_STANDARD

[Global flags]
     intx CICompilerCount                          = 3                                         {product} {ergonomic}
     uint ConcGCThreads                            = 1                                         {product} {ergonomic}
     uint G1ConcRefinementThreads                  = 4                                         {product} {ergonomic}
   size_t G1HeapRegionSize                         = 2097152                                   {product} {ergonomic}
    uintx GCDrainStackTargetSize                   = 64                                        {product} {ergonomic}
   size_t InitialHeapSize                          = 201326592                                 {product} {ergonomic}
   size_t MarkStackSize                            = 4194304                                   {product} {ergonomic}
   size_t MaxHeapSize                              = 3196059648                                {product} {ergonomic}
   size_t MaxNewSize                               = 1916796928                                {product} {ergonomic}
   size_t MinHeapDeltaBytes                        = 2097152                                   {product} {ergonomic}
   size_t MinHeapSize                              = 8388608                                   {product} {ergonomic}
    uintx NonNMethodCodeHeapSize                   = 5832780                                {pd product} {ergonomic}
    uintx NonProfiledCodeHeapSize                  = 122912730                              {pd product} {ergonomic}
    uintx ProfiledCodeHeapSize                     = 122912730                              {pd product} {ergonomic}
    uintx ReservedCodeCacheSize                    = 251658240                              {pd product} {ergonomic}
     bool SegmentedCodeCache                       = true                                      {product} {ergonomic}
   size_t SoftMaxHeapSize                          = 3196059648                             {manageable} {ergonomic}
     bool UseCompressedClassPointers               = true                                 {lp64_product} {ergonomic}
     bool UseCompressedOops                        = true                                 {lp64_product} {ergonomic}
     bool UseG1GC                                  = true                                      {product} {ergonomic}
     bool UseLargePagesIndividualAllocation        = false                                  {pd product} {ergonomic}

Logging:
Log output configuration:
 #0: stdout all=warning uptime,level,tags
 #1: stderr all=off uptime,level,tags

Environment Variables:
PATH=C:\Program Files\Common Files\Oracle\Java\javapath;C:\Program Files\Eclipse Adoptium\jdk-17.0.6.10-hotspot\bin;C:\Windows\system32;C:\Windows;C:\Windows\System32\Wbem;C:\Windows\System32\WindowsPowerShell\v1.0\;C:\Windows\System32\OpenSSH\;C:\Program Files\Git\cmd;E:\xampp\php;C:\composer;C:\Users\user\AppData\Roaming\nvm;C:\Program Files\nodejs;C:\Windows\Microsoft.NET\Framework\v4.0.30319;C:\Program Files (x86)\Appeon\PowerBuilder 19.0;C:\Program Files (x86)\Appeon\PowerBuilderCompiler 19.0;C:\Program Files (x86)\Microsoft SQL Server\150\DTS\Binn\;C:\Program Files\Azure Data Studio\bin;C:\Users\user\AppData\Local\Microsoft\WindowsApps;C:\Users\user\AppData\Roaming\npm;C:\Users\user\AppData\Local\Programs\Microsoft VS Code\bin;C:\Users\user\AppData\Roaming\Composer\vendor\bin;C:\Users\user\AppData\Roaming\nvm;C:\Program Files\nodejs;C:\Program Files\Azure Data Studio\bin;C:\Users\user\AppData\Local\Programs\Tesseract-OCR;C:\Program Files\Java\jdk-15.0.2;
USERNAME=user
OS=Windows_NT
PROCESSOR_IDENTIFIER=Intel64 Family 6 Model 60 Stepping 3, GenuineIntel



---------------  S Y S T E M  ---------------

OS:
 Windows 10 , 64 bit Build 18362 (10.0.18362.1082)
OS uptime: 1 days 3:23 hours

CPU: total 4 (initial active 4) (4 cores per cpu, 1 threads per core) family 6 model 60 stepping 3 microcode 0x25, cmov, cx8, fxsr, mmx, sse, sse2, sse3, ssse3, sse4.1, sse4.2, popcnt, vzeroupper, avx, avx2, aes, clmul, erms, lzcnt, tsc, tscinvbit, bmi1, bmi2, fma, clflush

Memory: 4k page, system-wide physical 12188M (3231M free)
TotalPageFile size 16312M (AvailPageFile size 4992M)
current process WorkingSet (physical memory assigned to process): 318M, peak: 344M
current process commit charge ("private bytes"): 358M, peak: 387M

vm_info: Java HotSpot(TM) 64-Bit Server VM (15.0.2+7-27) for windows-amd64 JRE (15.0.2+7-27), built on Dec  7 2020 20:07:01 by "mach5one" with unknown MS VC++:1925

END.
