#
# A fatal error has been detected by the Java Runtime Environment:
#
#  EXCEPTION_ACCESS_VIOLATION (0xc0000005) at pc=0x00007ff97ee8abec, pid=13168, tid=13244
#
# JRE version: Java(TM) SE Runtime Environment (15.0.2+7) (build 15.0.2+7-27)
# Java VM: Java HotSpot(TM) 64-Bit Server VM (15.0.2+7-27, mixed mode, sharing, tiered, compressed oops, g1 gc, windows-amd64)
# Problematic frame:
# V  [jvm.dll+0x3aabec]
#
# No core dump will be written. Minidumps are not enabled by default on client versions of Windows
#
# If you would like to submit a bug report, please visit:
#   https://bugreport.java.com/bugreport/crash.jsp
#

---------------  S U M M A R Y ------------

Command Line: -Dfile.encoding=UTF-8 simrskhanza.SIMRSKhanza

Host: Intel(R) Core(TM) i5-4460  CPU @ 3.20GHz, 4 cores, 11G,  Windows 10 , 64 bit Build 18362 (10.0.18362.1082)
Time: Mon Oct  2 16:37:20 2023 SE Asia Standard Time elapsed time: 26.003828 seconds (0d 0h 0m 26s)

---------------  T H R E A D  ---------------

Current thread (0x00000212c303b830):  JavaThread "JavaFX Application Thread" [_thread_in_vm, id=13244, stack(0x00000061e7600000,0x00000061e7700000)]

Stack: [0x00000061e7600000,0x00000061e7700000],  sp=0x00000061e76fa030,  free space=1000k
Native frames: (J=compiled Java code, j=interpreted, Vv=VM code, C=native code)
V  [jvm.dll+0x3aabec]
C  0x00007ff950d97ce0

Java frames: (J=compiled Java code, j=interpreted, Vv=VM code)
j  com.sun.webkit.WebPage.twkOpen(JLjava/lang/String;)V+0
j  com.sun.webkit.WebPage.open(JLjava/lang/String;)V+86
j  javafx.scene.web.WebEngine.load(Ljava/lang/String;)V+96
j  bridging.INACBGHybrid.lambda$loadURL$1(Ljava/lang/String;)V+5
j  bridging.INACBGHybrid$$Lambda$779+0x0000000801115600.run()V+8
j  com.sun.javafx.application.PlatformImpl.lambda$runLater$10(Ljava/lang/Runnable;)Ljava/lang/Void;+1
j  com.sun.javafx.application.PlatformImpl$$Lambda$261+0x0000000801070690.run()Ljava/lang/Object;+4
J 2180 c1 java.security.AccessController.doPrivileged(Ljava/security/PrivilegedAction;Ljava/security/AccessControlContext;)Ljava/lang/Object; java.base@15.0.2 (17 bytes) @ 0x00000212a7788b64 [0x00000212a7788980+0x00000000000001e4]
j  com.sun.javafx.application.PlatformImpl.lambda$runLater$11(Ljava/lang/Runnable;Ljava/security/AccessControlContext;)V+7
j  com.sun.javafx.application.PlatformImpl$$Lambda$260+0x0000000801070240.run()V+8
J 6756 c1 com.sun.glass.ui.InvokeLaterDispatcher$Future.run()V (91 bytes) @ 0x00000212a7f2a914 [0x00000212a7f2a800+0x0000000000000114]
v  ~StubRoutines::call_stub
j  com.sun.glass.ui.win.WinApplication._runLoop(Ljava/lang/Runnable;)V+0
j  com.sun.glass.ui.win.WinApplication.lambda$runLoop$3(ILjava/lang/Runnable;)V+8
j  com.sun.glass.ui.win.WinApplication$$Lambda$247+0x0000000801042a00.run()V+12
j  java.lang.Thread.run()V+11 java.base@15.0.2
v  ~StubRoutines::call_stub

siginfo: EXCEPTION_ACCESS_VIOLATION (0xc0000005), reading address 0x0000000000000000


Register to memory mapping:

RIP=0x00007ff97ee8abec jvm.dll
RAX=0x0 is NULL
RBX=0x00000212c303b830 is a thread
RCX=0xe0a44ebcf9ba0000 is an unknown value
RDX=0x00000212c63259a0 is a global jni handle
RSP=0x00000061e76fa030 is pointing into the stack for thread: 0x00000212c303b830
RBP=0x00000212c303bb58 points into unknown readable memory: 0x00007ff97f4dde40 | 40 de 4d 7f f9 7f 00 00
RSI=0x0 is NULL
RDI=0x00000212c63259a0 is a global jni handle
R8 =0x0 is NULL
R9 =0x00000061e76fa138 is pointing into the stack for thread: 0x00000212c303b830
R10=0x00007ff97ee8ab30 jvm.dll
R11=0x00000061e76fa028 is pointing into the stack for thread: 0x00000212c303b830
R12=0x00000212c57e5830 points into unknown readable memory: 0x00000212c4acb960 | 60 b9 ac c4 12 02 00 00
R13=0x00000212c57e58a0 points into unknown readable memory: 0x00000212c62c37e0 | e0 37 2c c6 12 02 00 00
R14=0x0 is NULL
R15=0x00000061e76fa138 is pointing into the stack for thread: 0x00000212c303b830


Registers:
RAX=0x0000000000000000, RBX=0x00000212c303b830, RCX=0xe0a44ebcf9ba0000, RDX=0x00000212c63259a0
RSP=0x00000061e76fa030, RBP=0x00000212c303bb58, RSI=0x0000000000000000, RDI=0x00000212c63259a0
R8 =0x0000000000000000, R9 =0x00000061e76fa138, R10=0x00007ff97ee8ab30, R11=0x00000061e76fa028
R12=0x00000212c57e5830, R13=0x00000212c57e58a0, R14=0x0000000000000000, R15=0x00000061e76fa138
RIP=0x00007ff97ee8abec, EFLAGS=0x0000000000010202

Top of Stack: (sp=0x00000061e76fa030)
0x00000061e76fa030:   00000212c303b830 0000000000000000
0x00000061e76fa040:   0000000000000001 00000212c303b830
0x00000061e76fa050:   00000212c57e5830 00000212c57e58a0
0x00000061e76fa060:   00000212c57e5830 00000212c303bb58
0x00000061e76fa070:   0000000000000000 00007ff97ee90947
0x00000061e76fa080:   00000212c303b830 00000212c37b59d0
0x00000061e76fa090:   0000000000000493 00007ff97f37aaa0
0x00000061e76fa0a0:   00000212c303b830 00000212c37b59d0
0x00000061e76fa0b0:   0000021200000493 00007ff97f37aaa0
0x00000061e76fa0c0:   0000000000000000 00007ff9528bcb42
0x00000061e76fa0d0:   00000212c303bb58 0000000000000000
0x00000061e76fa0e0:   00000212c3b8f698 00007ff950d97ce0
0x00000061e76fa0f0:   00000212c3b8f6b8 00000061e76fa220
0x00000061e76fa100:   00000212c3b8f6b0 00000212c3b8f6b0
0x00000061e76fa110:   00000061e76fa220 00007ff950ede0c0
0x00000061e76fa120:   00000212c6c0f120 00000212c62c3810 

Instructions: (pc=0x00007ff97ee8abec)
0x00007ff97ee8aaec:   e9 03 f6 c1 01 74 08 48 8b cb e8 95 21 2e 00 4c
0x00007ff97ee8aafc:   8d 9c 24 a0 00 00 00 c7 83 98 03 00 00 04 00 00
0x00007ff97ee8ab0c:   00 49 8b 5b 20 0f b7 c6 49 8b 6b 28 49 8b 73 30
0x00007ff97ee8ab1c:   49 8b e3 41 5f 41 5e 5f c3 cc cc cc cc cc cc cc
0x00007ff97ee8ab2c:   cc cc cc cc 48 89 5c 24 08 48 89 6c 24 10 48 89
0x00007ff97ee8ab3c:   74 24 18 57 41 56 41 57 48 81 ec a0 00 00 00 8b
0x00007ff97ee8ab4c:   81 88 00 00 00 48 8d 99 d8 fc ff ff 05 55 21 ff
0x00007ff97ee8ab5c:   ff 33 f6 4d 8b f9 4d 8b f0 48 8b fa 48 8b e9 83
0x00007ff97ee8ab6c:   f8 01 76 0a 48 8b cb e8 08 2b 39 00 8b de c7 83
0x00007ff97ee8ab7c:   98 03 00 00 05 00 00 00 e8 a7 1e 27 00 48 8b 03
0x00007ff97ee8ab8c:   48 8b cb ff 50 38 84 c0 74 0e 48 8b 83 10 01 00
0x00007ff97ee8ab9c:   00 c0 e8 03 24 01 eb 0b 8b 05 66 1b 6f 00 85 c0
0x00007ff97ee8abac:   0f 95 c0 84 c0 75 0d 8b 83 e0 00 00 00 a9 04 00
0x00007ff97ee8abbc:   00 20 74 08 48 8b cb e8 38 31 39 00 c7 83 98 03
0x00007ff97ee8abcc:   00 00 06 00 00 00 48 89 5c 24 50 48 89 74 24 58
0x00007ff97ee8abdc:   48 39 73 08 74 0a 48 8d 4c 24 50 e8 04 bd 2a 00
0x00007ff97ee8abec:   49 8b 16 48 8d 4c 24 70 c7 44 24 40 0c 00 00 00
0x00007ff97ee8abfc:   e8 cf c7 00 00 4c 89 bc 24 98 00 00 00 48 8d 05
0x00007ff97ee8ac0c:   18 ff 4e 00 48 89 44 24 70 40 f6 c7 01 74 0c 48
0x00007ff97ee8ac1c:   8d 4f ff ff 15 83 0b 65 00 eb 09 48 8b cf ff 15
0x00007ff97ee8ac2c:   d8 93 64 00 8b 15 6a 94 6d 00 48 8b c8 e8 d2 c8
0x00007ff97ee8ac3c:   26 00 48 8b d3 48 8b c8 4c 8b 00 41 ff 90 b0 00
0x00007ff97ee8ac4c:   00 00 48 39 73 08 75 32 48 8d 44 24 70 48 89 5c
0x00007ff97ee8ac5c:   24 30 48 89 44 24 28 48 8d 54 24 40 45 33 c9 4c
0x00007ff97ee8ac6c:   89 74 24 20 45 33 c0 48 8b cd e8 25 dc 00 00 48
0x00007ff97ee8ac7c:   39 73 08 75 05 48 8b 74 24 48 48 83 7c 24 58 00
0x00007ff97ee8ac8c:   74 0a 48 8d 4c 24 50 e8 f8 bc 2a 00 48 8b bb f8
0x00007ff97ee8ac9c:   00 00 00 48 8b 4f 10 48 83 39 00 74 0c 48 8b cf
0x00007ff97ee8acac:   e8 bf 98 f6 ff 48 8b 4f 10 48 8b 47 08 48 89 48
0x00007ff97ee8acbc:   10 48 8b 4f 08 48 8b 47 18 48 89 41 18 48 8b 4f
0x00007ff97ee8accc:   08 48 8b 47 20 48 89 41 20 c7 83 98 03 00 00 07
0x00007ff97ee8acdc:   00 00 00 e8 4c 1d 27 00 48 8b 8b 10 01 00 00 c0 


Stack slot to memory mapping:
stack at sp + 0 slots: 0x00000212c303b830 is a thread
stack at sp + 1 slots: 0x0 is NULL
stack at sp + 2 slots: 0x0000000000000001 is an unknown value
stack at sp + 3 slots: 0x00000212c303b830 is a thread
stack at sp + 4 slots: 0x00000212c57e5830 points into unknown readable memory: 0x00000212c4acb960 | 60 b9 ac c4 12 02 00 00
stack at sp + 5 slots: 0x00000212c57e58a0 points into unknown readable memory: 0x00000212c62c37e0 | e0 37 2c c6 12 02 00 00
stack at sp + 6 slots: 0x00000212c57e5830 points into unknown readable memory: 0x00000212c4acb960 | 60 b9 ac c4 12 02 00 00
stack at sp + 7 slots: 0x00000212c303bb58 points into unknown readable memory: 0x00007ff97f4dde40 | 40 de 4d 7f f9 7f 00 00


---------------  P R O C E S S  ---------------

Threads class SMR info:
_java_thread_list=0x00000212c5f20a50, length=24, elements={
0x00000212bf40d450, 0x00000212bf40e020, 0x00000212bf41e240, 0x00000212bf420d00,
0x00000212bf4217b0, 0x00000212bf423650, 0x00000212bf432720, 0x00000212bfd48070,
0x00000212c0062370, 0x00000212c0072980, 0x00000212c093e860, 0x00000212c08f0650,
0x00000212c08f0b20, 0x00000212c0c096e0, 0x00000212c0e12d40, 0x000002129ebb8e70,
0x00000212c119cad0, 0x00000212c186f8a0, 0x00000212c303c6a0, 0x00000212c303b360,
0x00000212c303b830, 0x00000212c303cb70, 0x00000212c3179280, 0x00000212c31770d0
}

Java Threads: ( => current thread )
  0x00000212bf40d450 JavaThread "Reference Handler" daemon [_thread_blocked, id=8124, stack(0x00000061e5200000,0x00000061e5300000)]
  0x00000212bf40e020 JavaThread "Finalizer" daemon [_thread_blocked, id=408, stack(0x00000061e5300000,0x00000061e5400000)]
  0x00000212bf41e240 JavaThread "Signal Dispatcher" daemon [_thread_blocked, id=7960, stack(0x00000061e5400000,0x00000061e5500000)]
  0x00000212bf420d00 JavaThread "Attach Listener" daemon [_thread_blocked, id=13016, stack(0x00000061e5500000,0x00000061e5600000)]
  0x00000212bf4217b0 JavaThread "Service Thread" daemon [_thread_blocked, id=5012, stack(0x00000061e5600000,0x00000061e5700000)]
  0x00000212bf423650 JavaThread "C2 CompilerThread0" daemon [_thread_blocked, id=13188, stack(0x00000061e5700000,0x00000061e5800000)]
  0x00000212bf432720 JavaThread "C1 CompilerThread0" daemon [_thread_blocked, id=12668, stack(0x00000061e5800000,0x00000061e5900000)]
  0x00000212bfd48070 JavaThread "Sweeper thread" daemon [_thread_blocked, id=13080, stack(0x00000061e5900000,0x00000061e5a00000)]
  0x00000212c0062370 JavaThread "Notification Thread" daemon [_thread_blocked, id=9508, stack(0x00000061e5a00000,0x00000061e5b00000)]
  0x00000212c0072980 JavaThread "Common-Cleaner" daemon [_thread_blocked, id=6552, stack(0x00000061e5c00000,0x00000061e5d00000)]
  0x00000212c093e860 JavaThread "Java2D Disposer" daemon [_thread_blocked, id=9792, stack(0x00000061e6100000,0x00000061e6200000)]
  0x00000212c08f0650 JavaThread "AWT-Shutdown" [_thread_blocked, id=9448, stack(0x00000061e6200000,0x00000061e6300000)]
  0x00000212c08f0b20 JavaThread "AWT-Windows" daemon [_thread_in_native, id=2856, stack(0x00000061e6300000,0x00000061e6400000)]
  0x00000212c0c096e0 JavaThread "AWT-EventQueue-0" [_thread_blocked, id=1388, stack(0x00000061e6500000,0x00000061e6600000)]
  0x00000212c0e12d40 JavaThread "Swing-Shell" daemon [_thread_blocked, id=6804, stack(0x00000061e6600000,0x00000061e6700000)]
  0x000002129ebb8e70 JavaThread "DestroyJavaVM" [_thread_blocked, id=984, stack(0x00000061e4b00000,0x00000061e4c00000)]
  0x00000212c119cad0 JavaThread "Abandoned connection cleanup thread" daemon [_thread_blocked, id=1088, stack(0x00000061e7000000,0x00000061e7100000)]
  0x00000212c186f8a0 JavaThread "TimerQueue" daemon [_thread_blocked, id=9832, stack(0x00000061e7100000,0x00000061e7200000)]
  0x00000212c303c6a0 JavaThread "QuantumRenderer-0" daemon [_thread_blocked, id=10012, stack(0x00000061e7400000,0x00000061e7500000)]
  0x00000212c303b360 JavaThread "InvokeLaterDispatcher" daemon [_thread_blocked, id=13044, stack(0x00000061e7500000,0x00000061e7600000)]
=>0x00000212c303b830 JavaThread "JavaFX Application Thread" [_thread_in_vm, id=13244, stack(0x00000061e7600000,0x00000061e7700000)]
  0x00000212c303cb70 JavaThread "Thread-2" daemon [_thread_blocked, id=12980, stack(0x00000061e6000000,0x00000061e6100000)]
  0x00000212c3179280 JavaThread "Prism Font Disposer" daemon [_thread_blocked, id=11856, stack(0x00000061e7300000,0x00000061e7400000)]
  0x00000212c31770d0 JavaThread "Disposer" daemon [_thread_blocked, id=13096, stack(0x00000061e7b00000,0x00000061e7c00000)]

Other Threads:
  0x00000212bf408bb0 VMThread "VM Thread" [stack: 0x00000061e5100000,0x00000061e5200000] [id=2280] _threads_hazard_ptr=0x00000212c5f20a50
  0x00000212c0068090 WatcherThread [stack: 0x00000061e5b00000,0x00000061e5c00000] [id=5900]
  0x000002129ebfb700 GCTaskThread "GC Thread#0" [stack: 0x00000061e4c00000,0x00000061e4d00000] [id=11000]
  0x00000212c0059370 GCTaskThread "GC Thread#1" [stack: 0x00000061e5d00000,0x00000061e5e00000] [id=5984]
  0x00000212c013cc40 GCTaskThread "GC Thread#2" [stack: 0x00000061e5e00000,0x00000061e5f00000] [id=3320]
  0x00000212c013cf70 GCTaskThread "GC Thread#3" [stack: 0x00000061e5f00000,0x00000061e6000000] [id=10960]
  0x000002129ec096e0 ConcurrentGCThread "G1 Main Marker" [stack: 0x00000061e4d00000,0x00000061e4e00000] [id=1592]
  0x000002129ec0aa70 ConcurrentGCThread "G1 Conc#0" [stack: 0x00000061e4e00000,0x00000061e4f00000] [id=8652]
  0x000002129ec6ca80 ConcurrentGCThread "G1 Refine#0" [stack: 0x00000061e4f00000,0x00000061e5000000] [id=13060]
  0x00000212c120dc10 ConcurrentGCThread "G1 Refine#1" [stack: 0x00000061e7200000,0x00000061e7300000] [id=12708]
  0x000002129ec6e690 ConcurrentGCThread "G1 Young RemSet Sampling" [stack: 0x00000061e5000000,0x00000061e5100000] [id=8356]

Threads with active compile tasks:
C2 CompilerThread0    26074 6916       4       java.awt.Component::getLocationOnScreen_NoTreeLock (107 bytes)

VM state: synchronizing (normal execution)

VM Mutex/Monitor currently owned by a thread:  ([mutex/lock_event])
[0x000002129ebb4250] Threads_lock - owner thread: 0x00000212bf408bb0
[0x000002129ebb42e0] Heap_lock - owner thread: 0x00000212c0c096e0

Heap address: 0x0000000741800000, size: 3048 MB, Compressed Oops mode: Zero based, Oop shift amount: 3
CDS archive(s) mapped at: [0x0000000800000000-0x0000000800b50000-0x0000000800b50000), size 11862016, SharedBaseAddress: 0x0000000800000000, ArchiveRelocationMode: 0.
Compressed class space mapped at: 0x0000000800b50000-0x0000000840b50000, size: 1073741824
Narrow klass base: 0x0000000800000000, Narrow klass shift: 3, Narrow klass range: 0x100000000

GC Precious Log:
 CPUs: 4 total, 4 available
 Memory: 12188M
 Large Page Support: Disabled
 NUMA Support: Disabled
 Compressed Oops: Enabled (Zero based)
 Heap Region Size: 2M
 Heap Min Capacity: 8M
 Heap Initial Capacity: 192M
 Heap Max Capacity: 3048M
 Pre-touch: Disabled
 Parallel Workers: 4
 Concurrent Workers: 1
 Concurrent Refinement Workers: 4
 Periodic GC: Disabled

Heap:
 garbage-first heap   total 143360K, used 101211K [0x0000000741800000, 0x0000000800000000)
  region size 2048K, 11 young (22528K), 1 survivors (2048K)
 Metaspace       used 50604K, capacity 50977K, committed 51324K, reserved 1093632K
  class space    used 6909K, capacity 7041K, committed 7116K, reserved 1048576K

Heap Regions: E=young(eden), S=young(survivor), O=old, HS=humongous(starts), HC=humongous(continues), CS=collection set, F=free, OA=open archive, CA=closed archive, TAMS=top-at-mark-start (previous, next)
|   0|0x0000000741800000, 0x0000000741a00000, 0x0000000741a00000|100%| O|  |TAMS 0x0000000741a00000, 0x0000000741800000| Untracked 
|   1|0x0000000741a00000, 0x0000000741c00000, 0x0000000741c00000|100%| O|  |TAMS 0x0000000741c00000, 0x0000000741a00000| Untracked 
|   2|0x0000000741c00000, 0x0000000741e00000, 0x0000000741e00000|100%| O|  |TAMS 0x0000000741e00000, 0x0000000741c00000| Untracked 
|   3|0x0000000741e00000, 0x0000000742000000, 0x0000000742000000|100%| O|  |TAMS 0x0000000742000000, 0x0000000741e00000| Untracked 
|   4|0x0000000742000000, 0x0000000742200000, 0x0000000742200000|100%| O|  |TAMS 0x0000000742200000, 0x0000000742000000| Untracked 
|   5|0x0000000742200000, 0x0000000742400000, 0x0000000742400000|100%| O|  |TAMS 0x0000000742400000, 0x0000000742200000| Untracked 
|   6|0x0000000742400000, 0x0000000742600000, 0x0000000742600000|100%|HS|  |TAMS 0x0000000742600000, 0x0000000742400000| Complete 
|   7|0x0000000742600000, 0x0000000742800000, 0x0000000742800000|100%| O|  |TAMS 0x0000000742800000, 0x0000000742600000| Untracked 
|   8|0x0000000742800000, 0x0000000742a00000, 0x0000000742a00000|100%| O|  |TAMS 0x0000000742a00000, 0x0000000742800000| Untracked 
|   9|0x0000000742a00000, 0x0000000742b27200, 0x0000000742c00000| 57%| O|  |TAMS 0x0000000742b27200, 0x0000000742a00000| Untracked 
|  10|0x0000000742c00000, 0x0000000742e00000, 0x0000000742e00000|100%| O|  |TAMS 0x0000000742e00000, 0x0000000742c00000| Untracked 
|  11|0x0000000742e00000, 0x0000000743000000, 0x0000000743000000|100%| O|  |TAMS 0x0000000743000000, 0x0000000742e00000| Untracked 
|  12|0x0000000743000000, 0x0000000743200000, 0x0000000743200000|100%| O|  |TAMS 0x0000000743200000, 0x0000000743000000| Untracked 
|  13|0x0000000743200000, 0x0000000743400000, 0x0000000743400000|100%| O|  |TAMS 0x0000000743400000, 0x0000000743200000| Untracked 
|  14|0x0000000743400000, 0x0000000743600000, 0x0000000743600000|100%| O|  |TAMS 0x0000000743600000, 0x0000000743400000| Untracked 
|  15|0x0000000743600000, 0x0000000743800000, 0x0000000743800000|100%| O|  |TAMS 0x0000000743800000, 0x0000000743600000| Untracked 
|  16|0x0000000743800000, 0x0000000743a00000, 0x0000000743a00000|100%| O|  |TAMS 0x0000000743a00000, 0x0000000743800000| Untracked 
|  17|0x0000000743a00000, 0x0000000743c00000, 0x0000000743c00000|100%| O|  |TAMS 0x0000000743c00000, 0x0000000743a00000| Untracked 
|  18|0x0000000743c00000, 0x0000000743e00000, 0x0000000743e00000|100%| O|  |TAMS 0x0000000743e00000, 0x0000000743c00000| Untracked 
|  19|0x0000000743e00000, 0x0000000744000000, 0x0000000744000000|100%| O|  |TAMS 0x0000000744000000, 0x0000000743e00000| Untracked 
|  20|0x0000000744000000, 0x0000000744200000, 0x0000000744200000|100%| O|  |TAMS 0x0000000744200000, 0x0000000744000000| Untracked 
|  21|0x0000000744200000, 0x0000000744400000, 0x0000000744400000|100%| O|  |TAMS 0x0000000744400000, 0x0000000744200000| Untracked 
|  22|0x0000000744400000, 0x0000000744600000, 0x0000000744600000|100%| O|  |TAMS 0x0000000744600000, 0x0000000744400000| Untracked 
|  23|0x0000000744600000, 0x0000000744800000, 0x0000000744800000|100%| O|  |TAMS 0x0000000744800000, 0x0000000744600000| Untracked 
|  24|0x0000000744800000, 0x0000000744a00000, 0x0000000744a00000|100%| O|  |TAMS 0x0000000744a00000, 0x0000000744800000| Untracked 
|  25|0x0000000744a00000, 0x0000000744c00000, 0x0000000744c00000|100%| O|  |TAMS 0x0000000744c00000, 0x0000000744a00000| Untracked 
|  26|0x0000000744c00000, 0x0000000744e00000, 0x0000000744e00000|100%| O|  |TAMS 0x0000000744e00000, 0x0000000744c00000| Untracked 
|  27|0x0000000744e00000, 0x0000000745000000, 0x0000000745000000|100%| O|  |TAMS 0x0000000745000000, 0x0000000744e00000| Untracked 
|  28|0x0000000745000000, 0x0000000745200000, 0x0000000745200000|100%| O|  |TAMS 0x0000000745200000, 0x0000000745000000| Untracked 
|  29|0x0000000745200000, 0x0000000745400000, 0x0000000745400000|100%| O|  |TAMS 0x0000000745400000, 0x0000000745200000| Untracked 
|  30|0x0000000745400000, 0x0000000745600000, 0x0000000745600000|100%| O|  |TAMS 0x0000000745600000, 0x0000000745400000| Untracked 
|  31|0x0000000745600000, 0x0000000745800000, 0x0000000745800000|100%| O|  |TAMS 0x0000000745800000, 0x0000000745600000| Untracked 
|  32|0x0000000745800000, 0x0000000745a00000, 0x0000000745a00000|100%| O|  |TAMS 0x0000000745a00000, 0x0000000745800000| Untracked 
|  33|0x0000000745a00000, 0x0000000745c00000, 0x0000000745c00000|100%| O|  |TAMS 0x0000000745c00000, 0x0000000745a00000| Untracked 
|  34|0x0000000745c00000, 0x0000000745e00000, 0x0000000745e00000|100%| O|  |TAMS 0x0000000745dc6a00, 0x0000000745c00000| Untracked 
|  35|0x0000000745e00000, 0x0000000746000000, 0x0000000746000000|100%| O|  |TAMS 0x0000000745e00000, 0x0000000745e00000| Untracked 
|  36|0x0000000746000000, 0x0000000746200000, 0x0000000746200000|100%| O|  |TAMS 0x0000000746000000, 0x0000000746000000| Untracked 
|  37|0x0000000746200000, 0x0000000746400000, 0x0000000746400000|100%|HS|  |TAMS 0x0000000746200000, 0x0000000746200000| Complete 
|  38|0x0000000746400000, 0x0000000746600000, 0x0000000746600000|100%|HC|  |TAMS 0x0000000746400000, 0x0000000746400000| Complete 
|  39|0x0000000746600000, 0x00000007467afc00, 0x0000000746800000| 84%| O|  |TAMS 0x0000000746600000, 0x0000000746600000| Untracked 
|  40|0x0000000746800000, 0x0000000746800000, 0x0000000746a00000|  0%| F|  |TAMS 0x0000000746800000, 0x0000000746800000| Untracked 
|  41|0x0000000746a00000, 0x0000000746a00000, 0x0000000746c00000|  0%| F|  |TAMS 0x0000000746a00000, 0x0000000746a00000| Untracked 
|  42|0x0000000746c00000, 0x0000000746c00000, 0x0000000746e00000|  0%| F|  |TAMS 0x0000000746c00000, 0x0000000746c00000| Untracked 
|  43|0x0000000746e00000, 0x0000000746e00000, 0x0000000747000000|  0%| F|  |TAMS 0x0000000746e00000, 0x0000000746e00000| Untracked 
|  44|0x0000000747000000, 0x0000000747000000, 0x0000000747200000|  0%| F|  |TAMS 0x0000000747000000, 0x0000000747000000| Untracked 
|  45|0x0000000747200000, 0x0000000747200000, 0x0000000747400000|  0%| F|  |TAMS 0x0000000747200000, 0x0000000747200000| Untracked 
|  46|0x0000000747400000, 0x0000000747400000, 0x0000000747600000|  0%| F|  |TAMS 0x0000000747400000, 0x0000000747400000| Untracked 
|  47|0x0000000747600000, 0x0000000747600000, 0x0000000747800000|  0%| F|  |TAMS 0x0000000747600000, 0x0000000747600000| Untracked 
|  48|0x0000000747800000, 0x0000000747800000, 0x0000000747a00000|  0%| F|  |TAMS 0x0000000747800000, 0x0000000747800000| Untracked 
|  49|0x0000000747a00000, 0x0000000747a00000, 0x0000000747c00000|  0%| F|  |TAMS 0x0000000747a00000, 0x0000000747a00000| Untracked 
|  50|0x0000000747c00000, 0x0000000747c00000, 0x0000000747e00000|  0%| F|  |TAMS 0x0000000747c00000, 0x0000000747c00000| Untracked 
|  51|0x0000000747e00000, 0x0000000747e00000, 0x0000000748000000|  0%| F|  |TAMS 0x0000000747e00000, 0x0000000747e00000| Untracked 
|  52|0x0000000748000000, 0x0000000748000000, 0x0000000748200000|  0%| F|  |TAMS 0x0000000748000000, 0x0000000748000000| Untracked 
|  53|0x0000000748200000, 0x0000000748200000, 0x0000000748400000|  0%| F|  |TAMS 0x0000000748200000, 0x0000000748200000| Untracked 
|  54|0x0000000748400000, 0x0000000748400000, 0x0000000748600000|  0%| F|  |TAMS 0x0000000748400000, 0x0000000748400000| Untracked 
|  55|0x0000000748600000, 0x0000000748600000, 0x0000000748800000|  0%| F|  |TAMS 0x0000000748600000, 0x0000000748600000| Untracked 
|  56|0x0000000748800000, 0x0000000748800000, 0x0000000748a00000|  0%| F|  |TAMS 0x0000000748800000, 0x0000000748800000| Untracked 
|  57|0x0000000748a00000, 0x0000000748a00000, 0x0000000748c00000|  0%| F|  |TAMS 0x0000000748a00000, 0x0000000748a00000| Untracked 
|  58|0x0000000748c00000, 0x0000000748e00000, 0x0000000748e00000|100%| S|CS|TAMS 0x0000000748c00000, 0x0000000748c00000| Complete 
|  59|0x0000000748e00000, 0x0000000748e00000, 0x0000000749000000|  0%| F|  |TAMS 0x0000000748e00000, 0x0000000748e00000| Untracked 
|  60|0x0000000749000000, 0x00000007490d8e78, 0x0000000749200000| 42%| E|  |TAMS 0x0000000749000000, 0x0000000749000000| Complete 
|  61|0x0000000749200000, 0x0000000749400000, 0x0000000749400000|100%| E|CS|TAMS 0x0000000749200000, 0x0000000749200000| Complete 
|  62|0x0000000749400000, 0x0000000749600000, 0x0000000749600000|100%| E|CS|TAMS 0x0000000749400000, 0x0000000749400000| Complete 
|  63|0x0000000749600000, 0x0000000749800000, 0x0000000749800000|100%| E|CS|TAMS 0x0000000749600000, 0x0000000749600000| Complete 
|  64|0x0000000749800000, 0x0000000749a00000, 0x0000000749a00000|100%| E|CS|TAMS 0x0000000749800000, 0x0000000749800000| Complete 
|  80|0x000000074b800000, 0x000000074ba00000, 0x000000074ba00000|100%| E|CS|TAMS 0x000000074b800000, 0x000000074b800000| Complete 
|  81|0x000000074ba00000, 0x000000074bc00000, 0x000000074bc00000|100%| E|CS|TAMS 0x000000074ba00000, 0x000000074ba00000| Complete 
|  84|0x000000074c000000, 0x000000074c200000, 0x000000074c200000|100%| E|CS|TAMS 0x000000074c000000, 0x000000074c000000| Complete 
| 117|0x0000000750200000, 0x0000000750400000, 0x0000000750400000|100%| E|CS|TAMS 0x0000000750200000, 0x0000000750200000| Complete 
| 118|0x0000000750400000, 0x0000000750600000, 0x0000000750600000|100%| E|CS|TAMS 0x0000000750400000, 0x0000000750400000| Complete 

Card table byte_map: [0x00000212b63d0000,0x00000212b69d0000] _byte_map_base: 0x00000212b29c4000

Marking Bits (Prev, Next): (CMBitMap*) 0x000002129ebfcf40, (CMBitMap*) 0x000002129ebfcf00
 Prev Bits: [0x00000212b9f70000, 0x00000212bcf10000)
 Next Bits: [0x00000212b6fd0000, 0x00000212b9f70000)

Polling page: 0x000002129cb10000

Metaspace:

Usage:
  Non-class:     42.91 MB capacity,    42.67 MB (>99%) used,   177.48 KB ( <1%) free+waste,    63.00 KB ( <1%) overhead. 
      Class:      6.88 MB capacity,     6.75 MB ( 98%) used,   107.81 KB (  2%) free+waste,    24.00 KB ( <1%) overhead. 
       Both:     49.78 MB capacity,    49.42 MB (>99%) used,   285.30 KB ( <1%) free+waste,    87.00 KB ( <1%) overhead. 

Virtual space:
  Non-class space:       44.00 MB reserved,      43.17 MB ( 98%) committed 
      Class space:        1.00 GB reserved,       6.95 MB ( <1%) committed 
             Both:        1.04 GB reserved,      50.12 MB (  5%) committed 

Chunk freelists:
   Non-Class:  80.00 KB
       Class:  0 bytes
        Both:  80.00 KB

MaxMetaspaceSize: 17179869184.00 GB
CompressedClassSpaceSize: 1.00 GB

CodeHeap 'non-profiled nmethods': size=120000Kb used=4340Kb max_used=4340Kb free=115659Kb
 bounds [0x00000212ae8a0000, 0x00000212aece0000, 0x00000212b5dd0000]
CodeHeap 'profiled nmethods': size=120000Kb used=12362Kb max_used=12362Kb free=107637Kb
 bounds [0x00000212a7370000, 0x00000212a7f90000, 0x00000212ae8a0000]
CodeHeap 'non-nmethods': size=5760Kb used=1628Kb max_used=1688Kb free=4131Kb
 bounds [0x00000212a6dd0000, 0x00000212a7040000, 0x00000212a7370000]
 total_blobs=7087 nmethods=6081 adapters=916
 compilation: enabled
              stopped_count=0, restarted_count=0
 full_count=0

Compilation events (20 events):
Event: 25.989 Thread 0x00000212bf432720 nmethod 6908 0x00000212a7f7da10 code [0x00000212a7f7dca0, 0x00000212a7f7e658]
Event: 25.989 Thread 0x00000212bf432720 6907       3       javafx.css.CompoundSelector::stateMatches (18 bytes)
Event: 25.989 Thread 0x00000212bf432720 nmethod 6907 0x00000212a7f7e990 code [0x00000212a7f7eb40, 0x00000212a7f7ed58]
Event: 25.989 Thread 0x00000212bf432720 6904       3       javafx.scene.CssStyleHelper$CacheContainer::getStyleMap (40 bytes)
Event: 25.989 Thread 0x00000212bf432720 nmethod 6904 0x00000212a7f7ee90 code [0x00000212a7f7f080, 0x00000212a7f7f658]
Event: 25.989 Thread 0x00000212bf432720 6909       3       javafx.scene.paint.Color::getOpacity (6 bytes)
Event: 25.990 Thread 0x00000212bf432720 nmethod 6909 0x00000212a7f7f810 code [0x00000212a7f7f9a0, 0x00000212a7f7fa98]
Event: 25.990 Thread 0x00000212bf432720 6911       3       java.lang.Math::max (45 bytes)
Event: 25.990 Thread 0x00000212bf432720 nmethod 6911 0x00000212a7f7fb10 code [0x00000212a7f7fcc0, 0x00000212a7f7ffb8]
Event: 25.990 Thread 0x00000212bf432720 6902       1       javafx.scene.text.Font::getSize (5 bytes)
Event: 25.990 Thread 0x00000212bf432720 nmethod 6902 0x00000212aecdba90 code [0x00000212aecdbc20, 0x00000212aecdbcd8]
Event: 25.990 Thread 0x00000212bf432720 6910       1       javafx.scene.paint.Stop::getColor (5 bytes)
Event: 25.990 Thread 0x00000212bf432720 nmethod 6910 0x00000212aecdbd90 code [0x00000212aecdbf20, 0x00000212aecdbfd8]
Event: 25.992 Thread 0x00000212bf423650 nmethod 6903 0x00000212aecdc090 code [0x00000212aecdc240, 0x00000212aecdc688]
Event: 25.992 Thread 0x00000212bf423650 6905       4       java.util.HashMap::isEmpty (13 bytes)
Event: 25.992 Thread 0x00000212bf423650 nmethod 6905 0x00000212aecdc910 code [0x00000212aecdca80, 0x00000212aecdcaf8]
Event: 25.994 Thread 0x00000212bf432720 6912       3       java.lang.invoke.LambdaForm::methodType (48 bytes)
Event: 25.995 Thread 0x00000212bf432720 nmethod 6912 0x00000212a7f80090 code [0x00000212a7f80280, 0x00000212a7f80898]
Event: 25.995 Thread 0x00000212bf432720 6913       3       jdk.internal.org.objectweb.asm.MethodWriter::visitFrameEnd (53 bytes)
Event: 25.995 Thread 0x00000212bf432720 nmethod 6913 0x00000212a7f80b10 code [0x00000212a7f80ce0, 0x00000212a7f811e8]

GC Heap History (20 events):
Event: 6.698 GC heap before
{Heap before GC invocations=6 (full 0):
 garbage-first heap   total 102400K, used 80037K [0x0000000741800000, 0x0000000800000000)
  region size 2048K, 30 young (61440K), 3 survivors (6144K)
 Metaspace       used 29774K, capacity 30005K, committed 30460K, reserved 1077248K
  class space    used 3464K, capacity 3530K, committed 3660K, reserved 1048576K
}
Event: 6.711 GC heap after
{Heap after GC invocations=7 (full 0):
 garbage-first heap   total 102400K, used 35154K [0x0000000741800000, 0x0000000800000000)
  region size 2048K, 4 young (8192K), 4 survivors (8192K)
 Metaspace       used 29774K, capacity 30005K, committed 30460K, reserved 1077248K
  class space    used 3464K, capacity 3530K, committed 3660K, reserved 1048576K
}
Event: 8.907 GC heap before
{Heap before GC invocations=8 (full 0):
 garbage-first heap   total 102400K, used 63826K [0x0000000741800000, 0x0000000800000000)
  region size 2048K, 18 young (36864K), 4 survivors (8192K)
 Metaspace       used 33000K, capacity 33309K, committed 33916K, reserved 1079296K
  class space    used 4083K, capacity 4172K, committed 4300K, reserved 1048576K
}
Event: 8.920 GC heap after
{Heap after GC invocations=9 (full 0):
 garbage-first heap   total 102400K, used 41941K [0x0000000741800000, 0x0000000800000000)
  region size 2048K, 3 young (6144K), 3 survivors (6144K)
 Metaspace       used 33000K, capacity 33309K, committed 33916K, reserved 1079296K
  class space    used 4083K, capacity 4172K, committed 4300K, reserved 1048576K
}
Event: 11.986 GC heap before
{Heap before GC invocations=9 (full 0):
 garbage-first heap   total 102400K, used 68565K [0x0000000741800000, 0x0000000800000000)
  region size 2048K, 16 young (32768K), 3 survivors (6144K)
 Metaspace       used 35994K, capacity 36288K, committed 36860K, reserved 1081344K
  class space    used 4741K, capacity 4844K, committed 4940K, reserved 1048576K
}
Event: 11.998 GC heap after
{Heap after GC invocations=10 (full 0):
 garbage-first heap   total 102400K, used 47954K [0x0000000741800000, 0x0000000800000000)
  region size 2048K, 2 young (4096K), 2 survivors (4096K)
 Metaspace       used 35994K, capacity 36288K, committed 36860K, reserved 1081344K
  class space    used 4741K, capacity 4844K, committed 4940K, reserved 1048576K
}
Event: 13.001 GC heap before
{Heap before GC invocations=10 (full 0):
 garbage-first heap   total 102400K, used 72530K [0x0000000741800000, 0x0000000800000000)
  region size 2048K, 14 young (28672K), 2 survivors (4096K)
 Metaspace       used 40353K, capacity 40686K, committed 41212K, reserved 1085440K
  class space    used 5277K, capacity 5370K, committed 5452K, reserved 1048576K
}
Event: 13.011 GC heap after
{Heap after GC invocations=11 (full 0):
 garbage-first heap   total 102400K, used 53089K [0x0000000741800000, 0x0000000800000000)
  region size 2048K, 2 young (4096K), 2 survivors (4096K)
 Metaspace       used 40353K, capacity 40686K, committed 41212K, reserved 1085440K
  class space    used 5277K, capacity 5370K, committed 5452K, reserved 1048576K
}
Event: 13.410 GC heap before
{Heap before GC invocations=11 (full 0):
 garbage-first heap   total 102400K, used 73569K [0x0000000741800000, 0x0000000800000000)
  region size 2048K, 12 young (24576K), 2 survivors (4096K)
 Metaspace       used 41174K, capacity 41518K, committed 41852K, reserved 1085440K
  class space    used 5473K, capacity 5562K, committed 5580K, reserved 1048576K
}
Event: 13.418 GC heap after
{Heap after GC invocations=12 (full 0):
 garbage-first heap   total 102400K, used 60528K [0x0000000741800000, 0x0000000800000000)
  region size 2048K, 2 young (4096K), 2 survivors (4096K)
 Metaspace       used 41174K, capacity 41518K, committed 41852K, reserved 1085440K
  class space    used 5473K, capacity 5562K, committed 5580K, reserved 1048576K
}
Event: 13.797 GC heap before
{Heap before GC invocations=13 (full 0):
 garbage-first heap   total 110592K, used 76912K [0x0000000741800000, 0x0000000800000000)
  region size 2048K, 10 young (20480K), 2 survivors (4096K)
 Metaspace       used 41720K, capacity 42063K, committed 42620K, reserved 1085440K
  class space    used 5614K, capacity 5722K, committed 5836K, reserved 1048576K
}
Event: 13.802 GC heap after
{Heap after GC invocations=14 (full 0):
 garbage-first heap   total 110592K, used 65571K [0x0000000741800000, 0x0000000800000000)
  region size 2048K, 2 young (4096K), 2 survivors (4096K)
 Metaspace       used 41720K, capacity 42063K, committed 42620K, reserved 1085440K
  class space    used 5614K, capacity 5722K, committed 5836K, reserved 1048576K
}
Event: 14.070 GC heap before
{Heap before GC invocations=14 (full 0):
 garbage-first heap   total 110592K, used 81955K [0x0000000741800000, 0x0000000800000000)
  region size 2048K, 10 young (20480K), 2 survivors (4096K)
 Metaspace       used 42094K, capacity 42415K, committed 42876K, reserved 1087488K
  class space    used 5718K, capacity 5818K, committed 5836K, reserved 1048576K
}
Event: 14.074 GC heap after
{Heap after GC invocations=15 (full 0):
 garbage-first heap   total 110592K, used 70470K [0x0000000741800000, 0x0000000800000000)
  region size 2048K, 2 young (4096K), 2 survivors (4096K)
 Metaspace       used 42094K, capacity 42415K, committed 42876K, reserved 1087488K
  class space    used 5718K, capacity 5818K, committed 5836K, reserved 1048576K
}
Event: 14.354 GC heap before
{Heap before GC invocations=16 (full 0):
 garbage-first heap   total 126976K, used 82758K [0x0000000741800000, 0x0000000800000000)
  region size 2048K, 9 young (18432K), 2 survivors (4096K)
 Metaspace       used 42380K, capacity 42703K, committed 43004K, reserved 1087488K
  class space    used 5800K, capacity 5914K, committed 5964K, reserved 1048576K
}
Event: 14.359 GC heap after
{Heap after GC invocations=17 (full 0):
 garbage-first heap   total 126976K, used 74679K [0x0000000741800000, 0x0000000800000000)
  region size 2048K, 2 young (4096K), 2 survivors (4096K)
 Metaspace       used 42380K, capacity 42703K, committed 43004K, reserved 1087488K
  class space    used 5800K, capacity 5914K, committed 5964K, reserved 1048576K
}
Event: 14.626 GC heap before
{Heap before GC invocations=17 (full 0):
 garbage-first heap   total 126976K, used 78775K [0x0000000741800000, 0x0000000800000000)
  region size 2048K, 5 young (10240K), 2 survivors (4096K)
 Metaspace       used 43332K, capacity 43663K, committed 44156K, reserved 1087488K
  class space    used 5877K, capacity 5978K, committed 6092K, reserved 1048576K
}
Event: 14.629 GC heap after
{Heap after GC invocations=18 (full 0):
 garbage-first heap   total 126976K, used 77137K [0x0000000741800000, 0x0000000800000000)
  region size 2048K, 2 young (4096K), 2 survivors (4096K)
 Metaspace       used 43332K, capacity 43663K, committed 44156K, reserved 1087488K
  class space    used 5877K, capacity 5978K, committed 6092K, reserved 1048576K
}
Event: 20.704 GC heap before
{Heap before GC invocations=19 (full 0):
 garbage-first heap   total 143360K, used 97617K [0x0000000741800000, 0x0000000800000000)
  region size 2048K, 11 young (22528K), 2 survivors (4096K)
 Metaspace       used 46759K, capacity 47099K, committed 47612K, reserved 1091584K
  class space    used 6312K, capacity 6397K, committed 6476K, reserved 1048576K
}
Event: 20.709 GC heap after
{Heap after GC invocations=20 (full 0):
 garbage-first heap   total 143360K, used 82779K [0x0000000741800000, 0x0000000800000000)
  region size 2048K, 1 young (2048K), 1 survivors (2048K)
 Metaspace       used 46759K, capacity 47099K, committed 47612K, reserved 1091584K
  class space    used 6312K, capacity 6397K, committed 6476K, reserved 1048576K
}

Deoptimization events (20 events):
Event: 25.984 Thread 0x00000212c0c096e0 Uncommon trap: trap_request=0xffffffc6 fr.pc=0x00000212aec7e9bc relative=0x000000000000905c
Event: 25.984 Thread 0x00000212c0c096e0 Uncommon trap: reason=bimorphic_or_optimized_type_check action=maybe_recompile pc=0x00000212aec7e9bc method=java.awt.Container.createChildHierarchyEvents(IJZ)V @ 63 c2
Event: 25.984 Thread 0x00000212c0c096e0 DEOPT PACKING pc=0x00000212aec7e9bc sp=0x00000061e65fda80
Event: 25.984 Thread 0x00000212c0c096e0 DEOPT UNPACKING pc=0x00000212a6e1e42f sp=0x00000061e65fd930 mode 2
Event: 25.984 Thread 0x00000212c0c096e0 Uncommon trap: trap_request=0xffffffc6 fr.pc=0x00000212aec7e9bc relative=0x000000000000905c
Event: 25.984 Thread 0x00000212c0c096e0 Uncommon trap: reason=bimorphic_or_optimized_type_check action=maybe_recompile pc=0x00000212aec7e9bc method=java.awt.Container.createChildHierarchyEvents(IJZ)V @ 63 c2
Event: 25.984 Thread 0x00000212c0c096e0 DEOPT PACKING pc=0x00000212aec7e9bc sp=0x00000061e65fd920
Event: 25.984 Thread 0x00000212c0c096e0 DEOPT UNPACKING pc=0x00000212a6e1e42f sp=0x00000061e65fd7d0 mode 2
Event: 25.989 Thread 0x00000212c0c096e0 Uncommon trap: trap_request=0xffffffde fr.pc=0x00000212ae8fe58c relative=0x00000000000002ac
Event: 25.989 Thread 0x00000212c0c096e0 Uncommon trap: reason=class_check action=maybe_recompile pc=0x00000212ae8fe58c method=java.awt.Component.getLocationOnScreen_NoTreeLock()Ljava/awt/Point; @ 32 c2
Event: 25.989 Thread 0x00000212c0c096e0 DEOPT PACKING pc=0x00000212ae8fe58c sp=0x00000061e65fd450
Event: 25.989 Thread 0x00000212c0c096e0 DEOPT UNPACKING pc=0x00000212a6e1e42f sp=0x00000061e65fd3d8 mode 2
Event: 25.991 Thread 0x00000212c303b830 Uncommon trap: trap_request=0xffffff45 fr.pc=0x00000212aeb0abe4 relative=0x0000000000002e24
Event: 25.991 Thread 0x00000212c303b830 Uncommon trap: reason=unstable_if action=reinterpret pc=0x00000212aeb0abe4 method=java.net.URLStreamHandler.parseURL(Ljava/net/URL;Ljava/lang/String;II)V @ 84 c2
Event: 25.991 Thread 0x00000212c303b830 DEOPT PACKING pc=0x00000212aeb0abe4 sp=0x00000061e76fe3a0
Event: 25.991 Thread 0x00000212c303b830 DEOPT UNPACKING pc=0x00000212a6e1e42f sp=0x00000061e76fe350 mode 2
Event: 25.991 Thread 0x00000212c303b830 Uncommon trap: trap_request=0xffffff45 fr.pc=0x00000212aea72f38 relative=0x0000000000000b58
Event: 25.991 Thread 0x00000212c303b830 Uncommon trap: reason=unstable_if action=reinterpret pc=0x00000212aea72f38 method=java.net.URL.set(Ljava/lang/String;Ljava/lang/String;ILjava/lang/String;Ljava/lang/String;Ljava/lang/String;Ljava/lang/String;Ljava/lang/String;)V @ 23 c2
Event: 25.991 Thread 0x00000212c303b830 DEOPT PACKING pc=0x00000212aea72f38 sp=0x00000061e76fe280
Event: 25.991 Thread 0x00000212c303b830 DEOPT UNPACKING pc=0x00000212a6e1e42f sp=0x00000061e76fe1b0 mode 2

Classes unloaded (0 events):
No events

Classes redefined (0 events):
No events

Internal exceptions (20 events):
Event: 20.868 Thread 0x00000212c303b830 Exception <a 'java/lang/IncompatibleClassChangeError'{0x000000074b91f600}: Found class java.lang.Object, but interface was expected> (0x000000074b91f600) 
thrown [./open/src/hotspot/share/interpreter/linkResolver.cpp, line 848]
Event: 20.881 Thread 0x00000212c303b830 Exception <a 'java/lang/NoSuchMethodError'{0x000000074b984dd0}: 'java.lang.Object java.lang.invoke.DirectMethodHandle$Holder.newInvokeSpecial(java.lang.Object, java.lang.Object, int, int)'> (0x000000074b984dd0) 
thrown [./open/src/hotspot/share/interpreter/linkResolver.cpp, line 782]
Event: 20.890 Thread 0x00000212c303b830 Exception <a 'sun/nio/fs/WindowsException'{0x000000074b9e8a18}> (0x000000074b9e8a18) 
thrown [./open/src/hotspot/share/prims/jni.cpp, line 578]
Event: 20.890 Thread 0x00000212c303b830 Exception <a 'sun/nio/fs/WindowsException'{0x000000074b9e96e8}> (0x000000074b9e96e8) 
thrown [./open/src/hotspot/share/prims/jni.cpp, line 578]
Event: 20.901 Thread 0x00000212c303b830 Exception <a 'java/lang/NoSuchMethodError'{0x00000007498530e0}: 'java.lang.Object java.lang.invoke.DirectMethodHandle$Holder.invokeSpecial(java.lang.Object, java.lang.Object, long, long, int, java.lang.Object, java.lang.Object, java.lang.Object, int)'> (0x00000007498530e0) 
thrown [./open/src/hotspot/share/interpreter/linkResolver.cpp, line 782]
Event: 20.901 Thread 0x00000212c303b830 Exception <a 'java/lang/NoSuchMethodError'{0x0000000749857050}: 'java.lang.Object java.lang.invoke.DelegatingMethodHandle$Holder.reinvoke_L(java.lang.Object, long, long, int, java.lang.Object, java.lang.Object, java.lang.Object, int)'> (0x0000000749857050) 
thrown [./open/src/hotspot/share/interpreter/linkResolver.cpp, line 782]
Event: 21.128 Thread 0x00000212c303b830 Exception <a 'sun/nio/fs/WindowsException'{0x000000074995d678}> (0x000000074995d678) 
thrown [./open/src/hotspot/share/prims/jni.cpp, line 578]
Event: 21.129 Thread 0x00000212c303b830 Exception <a 'sun/nio/fs/WindowsException'{0x000000074995e298}> (0x000000074995e298) 
thrown [./open/src/hotspot/share/prims/jni.cpp, line 578]
Event: 21.344 Thread 0x00000212c303b830 Exception <a 'java/lang/NoSuchMethodError'{0x0000000749696690}: 'long java.lang.invoke.DirectMethodHandle$Holder.invokeStatic(java.lang.Object, java.lang.Object, java.lang.Object)'> (0x0000000749696690) 
thrown [./open/src/hotspot/share/interpreter/linkResolver.cpp, line 782]
Event: 21.344 Thread 0x00000212c303b830 Exception <a 'java/lang/NoSuchMethodError'{0x000000074969a040}: 'long java.lang.invoke.DirectMethodHandle$Holder.invokeStaticInit(java.lang.Object, java.lang.Object, java.lang.Object)'> (0x000000074969a040) 
thrown [./open/src/hotspot/share/interpreter/linkResolver.cpp, line 782]
Event: 21.345 Thread 0x00000212c303b830 Exception <a 'java/lang/NoSuchMethodError'{0x00000007496b27c0}: 'java.lang.Object java.lang.invoke.DirectMethodHandle$Holder.newInvokeSpecial(java.lang.Object, java.lang.Object, long)'> (0x00000007496b27c0) 
thrown [./open/src/hotspot/share/interpreter/linkResolver.cpp, line 782]
Event: 21.345 Thread 0x00000212c303b830 Exception <a 'java/lang/NoSuchMethodError'{0x00000007496b6530}: 'java.lang.Object java.lang.invoke.Invokers$Holder.linkToTargetMethod(java.lang.Object, long, java.lang.Object)'> (0x00000007496b6530) 
thrown [./open/src/hotspot/share/interpreter/linkResolver.cpp, line 782]
Event: 21.352 Thread 0x00000212c303b830 Exception <a 'java/lang/NoSuchMethodError'{0x000000074970f170}: 'java.lang.Object java.lang.invoke.Invokers$Holder.linkToTargetMethod(int, int, int, int, java.lang.Object)'> (0x000000074970f170) 
thrown [./open/src/hotspot/share/interpreter/linkResolver.cpp, line 782]
Event: 21.363 Thread 0x00000212c303c6a0 Exception <a 'java/lang/NoSuchMethodError'{0x00000007497a32e0}: 'int java.lang.invoke.DirectMethodHandle$Holder.invokeStaticInit(java.lang.Object, java.lang.Object)'> (0x00000007497a32e0) 
thrown [./open/src/hotspot/share/interpreter/linkResolver.cpp, line 782]
Event: 25.992 Thread 0x00000212c303b830 Exception <a 'sun/nio/fs/WindowsException'{0x000000074909a7f0}> (0x000000074909a7f0) 
thrown [./open/src/hotspot/share/prims/jni.cpp, line 578]
Event: 25.993 Thread 0x00000212c303b830 Exception <a 'sun/nio/fs/WindowsException'{0x000000074909b410}> (0x000000074909b410) 
thrown [./open/src/hotspot/share/prims/jni.cpp, line 578]
Event: 25.996 Thread 0x00000212c303b830 Exception <a 'java/lang/NoSuchMethodError'{0x00000007490ba958}: 'java.lang.Object java.lang.invoke.DirectMethodHandle$Holder.invokeSpecial(java.lang.Object, java.lang.Object, long, java.lang.Object)'> (0x00000007490ba958) 
thrown [./open/src/hotspot/share/interpreter/linkResolver.cpp, line 782]
Event: 25.996 Thread 0x00000212c303b830 Exception <a 'java/lang/NoSuchMethodError'{0x00000007490c1d40}: fwkLoad> (0x00000007490c1d40) 
thrown [./open/src/hotspot/share/prims/jni.cpp, line 1171]
Event: 25.997 Thread 0x00000212c303b830 Exception <a 'java/lang/NoClassDefFoundError'{0x00000007490c2f00}: com/sun/webkit/network/URLLoaderBase> (0x00000007490c2f00) 
thrown [./open/src/hotspot/share/classfile/systemDictionary.cpp, line 284]
Event: 25.997 Thread 0x00000212c303b830 Exception <a 'java/lang/NoSuchMethodError'{0x00000007490c3208}: fwkCancel> (0x00000007490c3208) 
thrown [./open/src/hotspot/share/prims/jni.cpp, line 1171]

Events (20 events):
Event: 24.177 Executing VM operation: HandshakeAllThreads
Event: 24.177 Executing VM operation: HandshakeAllThreads done
Event: 24.580 Thread 0x00000212c0c5d8e0 Thread added: 0x00000212c0c5d8e0
Event: 24.701 loading class javax/swing/JTable$ModelChange
Event: 24.701 loading class javax/swing/JTable$ModelChange done
Event: 24.704 loading class javax/swing/JTable$PrintMode
Event: 24.704 loading class javax/swing/JTable$PrintMode done
Event: 25.178 Executing VM operation: HandshakeAllThreads
Event: 25.178 Executing VM operation: HandshakeAllThreads done
Event: 25.179 Thread 0x00000212c0c5d8e0 Thread exited: 0x00000212c0c5d8e0
Event: 25.855 Thread 0x00000212c317b430 Thread exited: 0x00000212c317b430
Event: 25.855 Thread 0x00000212c317a5c0 Thread exited: 0x00000212c317a5c0
Event: 25.855 Thread 0x00000212c317aa90 Thread exited: 0x00000212c317aa90
Event: 25.855 Thread 0x00000212c3179750 Thread exited: 0x00000212c3179750
Event: 25.991 loading class javax/swing/JTable$DropLocation
Event: 25.991 loading class javax/swing/TransferHandler$DropLocation
Event: 25.991 loading class javax/swing/TransferHandler$DropLocation done
Event: 25.991 loading class javax/swing/JTable$DropLocation done
Event: 25.991 loading class javax/swing/plaf/basic/BasicTableUI$Actions
Event: 25.991 loading class javax/swing/plaf/basic/BasicTableUI$Actions done


Dynamic libraries:
0x00007ff728fa0000 - 0x00007ff728faf000 	C:\Program Files\Java\jdk-15.0.2\bin\java.exe
0x00007ff9b1320000 - 0x00007ff9b1510000 	C:\Windows\SYSTEM32\ntdll.dll
0x00007ff9b02c0000 - 0x00007ff9b0372000 	C:\Windows\System32\KERNEL32.DLL
0x00007ff9ae690000 - 0x00007ff9ae935000 	C:\Windows\System32\KERNELBASE.dll
0x00007ff9ae940000 - 0x00007ff9aea3a000 	C:\Windows\System32\ucrtbase.dll
0x00007ff97eac0000 - 0x00007ff97ead9000 	C:\Program Files\Java\jdk-15.0.2\bin\VCRUNTIME140.dll
0x00007ff9ac070000 - 0x00007ff9ac088000 	C:\Program Files\Java\jdk-15.0.2\bin\jli.dll
0x00007ff9b0380000 - 0x00007ff9b0423000 	C:\Windows\System32\ADVAPI32.dll
0x00007ff9b0990000 - 0x00007ff9b0a2e000 	C:\Windows\System32\msvcrt.dll
0x00007ff9afb80000 - 0x00007ff9afc17000 	C:\Windows\System32\sechost.dll
0x00007ff9b0140000 - 0x00007ff9b0260000 	C:\Windows\System32\RPCRT4.dll
0x00007ff9af3d0000 - 0x00007ff9af565000 	C:\Windows\System32\USER32.dll
0x00007ff9aea70000 - 0x00007ff9aea91000 	C:\Windows\System32\win32u.dll
0x00007ff9af5f0000 - 0x00007ff9af616000 	C:\Windows\System32\GDI32.dll
0x00007ff998eb0000 - 0x00007ff999134000 	C:\Windows\WinSxS\amd64_microsoft.windows.common-controls_6595b64144ccf1df_6.0.18362.1082_none_9e8193e1e45b25c1\COMCTL32.dll
0x00007ff9ae470000 - 0x00007ff9ae606000 	C:\Windows\System32\gdi32full.dll
0x00007ff9af7d0000 - 0x00007ff9afb05000 	C:\Windows\System32\combase.dll
0x00007ff9ae380000 - 0x00007ff9ae41e000 	C:\Windows\System32\msvcp_win.dll
0x00007ff9ae610000 - 0x00007ff9ae690000 	C:\Windows\System32\bcryptPrimitives.dll
0x00007ff9a7fa0000 - 0x00007ff9a7faa000 	C:\Windows\SYSTEM32\VERSION.dll
0x00007ff9b0110000 - 0x00007ff9b013e000 	C:\Windows\System32\IMM32.DLL
0x00007ff998510000 - 0x00007ff99851c000 	C:\Program Files\Java\jdk-15.0.2\bin\vcruntime140_1.dll
0x00007ff97e790000 - 0x00007ff97e821000 	C:\Program Files\Java\jdk-15.0.2\bin\msvcp140.dll
0x00007ff97eae0000 - 0x00007ff97f63e000 	C:\Program Files\Java\jdk-15.0.2\bin\server\jvm.dll
0x00007ff9afb10000 - 0x00007ff9afb18000 	C:\Windows\System32\PSAPI.DLL
0x00007ff9ac2f0000 - 0x00007ff9ac314000 	C:\Windows\SYSTEM32\WINMM.dll
0x00007ff998da0000 - 0x00007ff998da9000 	C:\Windows\SYSTEM32\WSOCK32.dll
0x00007ff9b0870000 - 0x00007ff9b08df000 	C:\Windows\System32\WS2_32.dll
0x00007ff9ac2c0000 - 0x00007ff9ac2ed000 	C:\Windows\SYSTEM32\winmmbase.dll
0x00007ff9ae420000 - 0x00007ff9ae46a000 	C:\Windows\System32\cfgmgr32.dll
0x00007ff9ae240000 - 0x00007ff9ae251000 	C:\Windows\System32\kernel.appcore.dll
0x00007ff97ea40000 - 0x00007ff97ea4a000 	C:\Program Files\Java\jdk-15.0.2\bin\jimage.dll
0x00007ff9aaea0000 - 0x00007ff9ab094000 	C:\Windows\SYSTEM32\DBGHELP.DLL
0x00007ff9a3b80000 - 0x00007ff9a3baa000 	C:\Windows\SYSTEM32\dbgcore.DLL
0x00007ff97ea50000 - 0x00007ff97ea75000 	C:\Program Files\Java\jdk-15.0.2\bin\java.dll
0x00007ff9b0bf0000 - 0x00007ff9b12d7000 	C:\Windows\System32\SHELL32.dll
0x00007ff9b08e0000 - 0x00007ff9b0989000 	C:\Windows\System32\shcore.dll
0x00007ff9aebf0000 - 0x00007ff9af370000 	C:\Windows\System32\windows.storage.dll
0x00007ff9ae1f0000 - 0x00007ff9ae213000 	C:\Windows\System32\profapi.dll
0x00007ff9ae260000 - 0x00007ff9ae2aa000 	C:\Windows\System32\powrprof.dll
0x00007ff9ae1e0000 - 0x00007ff9ae1f0000 	C:\Windows\System32\UMPDC.dll
0x00007ff9afb20000 - 0x00007ff9afb72000 	C:\Windows\System32\shlwapi.dll
0x00007ff9ae360000 - 0x00007ff9ae377000 	C:\Windows\System32\cryptsp.dll
0x00007ff97ea00000 - 0x00007ff97ea19000 	C:\Program Files\Java\jdk-15.0.2\bin\net.dll
0x00007ff9a7080000 - 0x00007ff9a7170000 	C:\Windows\SYSTEM32\WINHTTP.dll
0x00007ff9ad9d0000 - 0x00007ff9ada37000 	C:\Windows\system32\mswsock.dll
0x00007ff97e9e0000 - 0x00007ff97e9f2000 	C:\Program Files\Java\jdk-15.0.2\bin\nio.dll
0x00007ff97e9c0000 - 0x00007ff97e9d8000 	C:\Program Files\Java\jdk-15.0.2\bin\zip.dll
0x00007ff97e830000 - 0x00007ff97e9b0000 	C:\Program Files\Java\jdk-15.0.2\bin\awt.dll
0x00007ff9b0a30000 - 0x00007ff9b0af5000 	C:\Windows\System32\OLEAUT32.dll
0x00007ff9ac0c0000 - 0x00007ff9ac14f000 	C:\Windows\SYSTEM32\apphelp.dll
0x00007ff9ac530000 - 0x00007ff9ac5c9000 	C:\Windows\system32\uxtheme.dll
0x00007ff9b04b0000 - 0x00007ff9b05e5000 	C:\Windows\System32\MSCTF.dll
0x00007ff998520000 - 0x00007ff99854e000 	C:\Program Files\uvnc bvba\UltraVNC\schook64.dll
0x00007ff9b0710000 - 0x00007ff9b0867000 	C:\Windows\System32\ole32.dll
0x00007ff9ac960000 - 0x00007ff9ac98d000 	C:\Windows\system32\DWMAPI.DLL
0x00007ff998690000 - 0x00007ff998739000 	C:\Windows\WinSxS\amd64_microsoft.windows.common-controls_6595b64144ccf1df_5.82.18362.1082_none_73b2803ad816b43c\comctl32.dll
0x00007ff97e700000 - 0x00007ff97e785000 	C:\Program Files\Java\jdk-15.0.2\bin\freetype.dll
0x00007ff97e650000 - 0x00007ff97e6f9000 	C:\Program Files\Java\jdk-15.0.2\bin\fontmanager.dll
0x00007ff994e60000 - 0x00007ff994fb6000 	C:\Windows\system32\opengl32.dll
0x00007ff9956a0000 - 0x00007ff9956cc000 	C:\Windows\SYSTEM32\GLU32.dll
0x00007ff9ace30000 - 0x00007ff9ace50000 	C:\Windows\SYSTEM32\dxcore.dll
0x00007ff9b0660000 - 0x00007ff9b0702000 	C:\Windows\System32\clbcatq.dll
0x00007ff9aadb0000 - 0x00007ff9aaea0000 	C:\Windows\SYSTEM32\PROPSYS.dll
0x00007ff999150000 - 0x00007ff999166000 	C:\Windows\system32\NetworkExplorer.dll
0x00007ff997820000 - 0x00007ff99783b000 	C:\Windows\SYSTEM32\MPR.dll
0x00007ff9a2820000 - 0x00007ff9a282b000 	C:\Windows\System32\drprov.dll
0x00007ff9adfa0000 - 0x00007ff9adff6000 	C:\Windows\System32\WINSTA.dll
0x00007ff99e500000 - 0x00007ff99e515000 	C:\Windows\System32\ntlanman.dll
0x00007ff99e3c0000 - 0x00007ff99e3dd000 	C:\Windows\System32\davclnt.dll
0x00007ff9a1c50000 - 0x00007ff9a1c5c000 	C:\Windows\System32\DAVHLPR.dll
0x00007ff9aa140000 - 0x00007ff9aa157000 	C:\Windows\System32\wkscli.dll
0x00007ff9aea40000 - 0x00007ff9aea66000 	C:\Windows\System32\bcrypt.dll
0x00007ff9919e0000 - 0x00007ff9919f2000 	C:\Windows\SYSTEM32\cscapi.dll
0x00007ff9ad7f0000 - 0x00007ff9ad7fc000 	C:\Windows\System32\netutils.dll
0x00007ff97d7a0000 - 0x00007ff97d7f3000 	C:\Windows\System32\dlnashext.dll
0x00007ff9981f0000 - 0x00007ff998254000 	C:\Windows\System32\PlayToDevice.dll
0x00007ff998290000 - 0x00007ff9982b0000 	C:\Windows\System32\DevDispItemProvider.dll
0x00007ff9a8a20000 - 0x00007ff9a8a92000 	C:\Windows\System32\MMDevApi.dll
0x00007ff9adf70000 - 0x00007ff9adf9a000 	C:\Windows\System32\DEVOBJ.dll
0x00007ff9ad6e0000 - 0x00007ff9ad71a000 	C:\Windows\System32\IPHLPAPI.DLL
0x00007ff9afc30000 - 0x00007ff9afc38000 	C:\Windows\System32\NSI.dll
0x00007ff9a79a0000 - 0x00007ff9a79b6000 	C:\Windows\SYSTEM32\dhcpcsvc6.DLL
0x00007ff9a7fd0000 - 0x00007ff9a7fec000 	C:\Windows\SYSTEM32\dhcpcsvc.DLL
0x00007ff9ad720000 - 0x00007ff9ad7eb000 	C:\Windows\SYSTEM32\DNSAPI.dll
0x00007ff9a84b0000 - 0x00007ff9a84bb000 	C:\Windows\SYSTEM32\WINNSI.DLL
0x00007ff9a8470000 - 0x00007ff9a84ad000 	C:\Windows\System32\netprofm.dll
0x00007ff9a6f90000 - 0x00007ff9a6fa0000 	C:\Windows\System32\npmproxy.dll
0x00007ff9a3410000 - 0x00007ff9a3b7c000 	C:\Windows\System32\OneCoreUAPCommonProxyStub.dll
0x00007ff992270000 - 0x00007ff99230b000 	C:\Windows\system32\wpdshext.dll
0x00007ff98f770000 - 0x00007ff98f913000 	C:\Windows\WinSxS\amd64_microsoft.windows.gdiplus_6595b64144ccf1df_1.1.18362.1082_none_cf6c86c73eed9f8f\gdiplus.dll
0x00007ff9aa060000 - 0x00007ff9aa0fe000 	C:\Windows\System32\PortableDeviceApi.dll
0x00007ff9afc40000 - 0x00007ff9b00b0000 	C:\Windows\System32\SETUPAPI.dll
0x00007ff9af370000 - 0x00007ff9af3cc000 	C:\Windows\System32\WINTRUST.dll
0x00007ff9ae220000 - 0x00007ff9ae232000 	C:\Windows\System32\MSASN1.dll
0x00007ff9aeaa0000 - 0x00007ff9aebe9000 	C:\Windows\System32\CRYPT32.dll
0x00007ff98fee0000 - 0x00007ff98ff17000 	C:\Windows\System32\EhStorShell.dll
0x00007ff9a2af0000 - 0x00007ff9a2b15000 	C:\Windows\System32\EhStorAPI.dll
0x00007ff9abdf0000 - 0x00007ff9abe03000 	C:\Windows\System32\WTSAPI32.dll
0x00007ff991140000 - 0x00007ff99114d000 	C:\Windows\SYSTEM32\LINKINFO.dll
0x00007ff995540000 - 0x00007ff9955d3000 	C:\Windows\System32\appresolver.dll
0x00007ff9a2a10000 - 0x00007ff9a2a6d000 	C:\Windows\System32\Bcp47Langs.dll
0x00007ff9ad0d0000 - 0x00007ff9ad0f7000 	C:\Windows\System32\SLC.dll
0x00007ff9ae0c0000 - 0x00007ff9ae0e5000 	C:\Windows\System32\USERENV.dll
0x00007ff9ad0a0000 - 0x00007ff9ad0c6000 	C:\Windows\System32\sppc.dll
0x00007ff97e9b0000 - 0x00007ff97e9c0000 	C:\Program Files\Java\jdk-15.0.2\bin\verify.dll
0x00007ff994b20000 - 0x00007ff994b2d000 	C:\Program Files\Java\jdk-15.0.2\bin\sunmscapi.dll
0x00007ff9adca0000 - 0x00007ff9adcc6000 	C:\Windows\SYSTEM32\ncrypt.dll
0x00007ff9adc60000 - 0x00007ff9adc9b000 	C:\Windows\SYSTEM32\NTASN1.dll
0x00007ff9a91c0000 - 0x00007ff9a936f000 	C:\Windows\SYSTEM32\WindowsCodecs.dll
0x00007ff9921c0000 - 0x00007ff9921fa000 	C:\Windows\system32\dataexchange.dll
0x00007ff9ab760000 - 0x00007ff9ab93d000 	C:\Windows\system32\dcomp.dll
0x00007ff9ab0a0000 - 0x00007ff9ab2fb000 	C:\Windows\system32\d3d11.dll
0x00007ff9acec0000 - 0x00007ff9acfab000 	C:\Windows\system32\dxgi.dll
0x00007ff9ac5f0000 - 0x00007ff9ac852000 	C:\Windows\system32\twinapi.appcore.dll
0x00007ff9ac990000 - 0x00007ff9ac9b9000 	C:\Windows\system32\RMCLIENT.dll
0x00000212c2020000 - 0x00000212c2023000 	C:\Program Files\Java\jdk-15.0.2\bin\api-ms-win-core-console-l1-1-0.dll
0x00000212c5e50000 - 0x00000212c5e53000 	C:\Program Files\Java\jdk-15.0.2\bin\api-ms-win-core-datetime-l1-1-0.dll
0x00000212c5e60000 - 0x00000212c5e63000 	C:\Program Files\Java\jdk-15.0.2\bin\api-ms-win-core-debug-l1-1-0.dll
0x00000212c5e70000 - 0x00000212c5e73000 	C:\Program Files\Java\jdk-15.0.2\bin\api-ms-win-core-errorhandling-l1-1-0.dll
0x00000212c5e80000 - 0x00000212c5e84000 	C:\Program Files\Java\jdk-15.0.2\bin\api-ms-win-core-file-l1-1-0.dll
0x00000212c5e90000 - 0x00000212c5e93000 	C:\Program Files\Java\jdk-15.0.2\bin\api-ms-win-core-file-l1-2-0.dll
0x00000212c5ea0000 - 0x00000212c5ea3000 	C:\Program Files\Java\jdk-15.0.2\bin\api-ms-win-core-file-l2-1-0.dll
0x00000212c6e80000 - 0x00000212c6e83000 	C:\Program Files\Java\jdk-15.0.2\bin\api-ms-win-core-handle-l1-1-0.dll
0x00000212c6e90000 - 0x00000212c6e93000 	C:\Program Files\Java\jdk-15.0.2\bin\api-ms-win-core-heap-l1-1-0.dll
0x00000212c6ea0000 - 0x00000212c6ea3000 	C:\Program Files\Java\jdk-15.0.2\bin\api-ms-win-core-interlocked-l1-1-0.dll
0x00000212c6eb0000 - 0x00000212c6eb3000 	C:\Program Files\Java\jdk-15.0.2\bin\api-ms-win-core-libraryloader-l1-1-0.dll
0x00000212c6ec0000 - 0x00000212c6ec3000 	C:\Program Files\Java\jdk-15.0.2\bin\api-ms-win-core-localization-l1-2-0.dll

dbghelp: loaded successfully - version: 4.0.5 - missing functions: none
symbol engine: initialized successfully - sym options: 0x614 - pdb path: .;C:\Program Files\Java\jdk-15.0.2\bin;C:\Windows\SYSTEM32;C:\Windows\WinSxS\amd64_microsoft.windows.common-controls_6595b64144ccf1df_6.0.18362.1082_none_9e8193e1e45b25c1;C:\Program Files\Java\jdk-15.0.2\bin\server;C:\Program Files\uvnc bvba\UltraVNC;C:\Windows\WinSxS\amd64_microsoft.windows.common-controls_6595b64144ccf1df_5.82.18362.1082_none_73b2803ad816b43c;C:\Windows\WinSxS\amd64_microsoft.windows.gdiplus_6595b64144ccf1df_1.1.18362.1082_none_cf6c86c73eed9f8f

VM Arguments:
jvm_args: -Dfile.encoding=UTF-8 
java_command: simrskhanza.SIMRSKhanza
java_class_path (initial): D:\KhanzaHMSWindows\lib\commons-codec-1.10.jar;D:\KhanzaHMSWindows\lib\commons-codec-1.12.jar;D:\KhanzaHMSWindows\lib\jasperreports-6.8.0.jar;D:\KhanzaHMSWindows\lib\KhanzaSecurity16bit.jar;D:\KhanzaHMSWindows\lib\RXTXcomm.jar;D:\KhanzaHMSWindows\lib\SceneBuilderKit-8.2.0.jar;D:\KhanzaHMSWindows\lib\TimingFramework-1.0.jar;D:\KhanzaHMSWindows\lib\UsuLibrary.jar;D:\KhanzaHMSWindows\lib\activation-1.1.1.jar;D:\KhanzaHMSWindows\lib\ant-1.7.1.jar;D:\KhanzaHMSWindows\lib\antlr-2.7.6.jar;D:\KhanzaHMSWindows\lib\apache-httpcomponents-httpclient.jar;D:\KhanzaHMSWindows\lib\appframework-1.0.3.jar;D:\KhanzaHMSWindows\lib\asm-attrs.jar;D:\KhanzaHMSWindows\lib\asm.jar;D:\KhanzaHMSWindows\lib\barbecue-1.5-beta1.jar;D:\KhanzaHMSWindows\lib\barcode4j-2.1.jar;D:\KhanzaHMSWindows\lib\batik-all-1.11.jar;D:\KhanzaHMSWindows\lib\batik-anim-1.11.jar;D:\KhanzaHMSWindows\lib\batik-anim-1.13.jar;D:\KhanzaHMSWindows\lib\batik-awt-util-1.11.jar;D:\KhanzaHMSWindows\lib\batik-awt-util-1.13.jar;D:\KhanzaHMSWindows\lib\batik-bridge-1.11.jar;D:\KhanzaHMSWindows\lib\batik-codec-1.11.jar;D:\KhanzaHMSWindows\lib\batik-constants-1.11.jar;D:\KhanzaHMSWindows\lib\batik-constants-1.13.jar;D:\KhanzaHMSWindows\lib\batik-css-1.11.jar;D:\KhanzaHMSWindows\lib\batik-css-1.13.jar;D:\KhanzaHMSWindows\lib\batik-dom-1.11.jar;D:\KhanzaHMSWindows\lib\batik-dom-1.13.jar;D:\KhanzaHMSWindows\lib\batik-dom.jar;D:\KhanzaHMSWindows\lib\batik-ext-1.11.jar;D:\KhanzaHMSWindows\lib\batik-ext-1.13.jar;D:\KhanzaHMSWindows\lib\batik-extension-1.11.jar;D:\KhanzaHMSWindows\lib\batik-gui-util-1.11.jar;D:\KhanzaHMSWindows\lib\batik-gvt-1.11.jar;D:\KhanzaHMSWindows\lib\batik-i18n-1.11.jar;D:\KhanzaHMSWindows\lib\batik-i18n-1.13.jar;D:\KhanzaHMSWindows\lib\batik-parser-1.11.jar;D:\KhanzaHMSWindows\lib\batik-parser-1.13.jar;D:\KhanzaHMSWindows\lib\batik-rasterizer-1.11.jar;D:\KhanzaHMSWindows\lib\batik-rasterizer-ext-1.11.jar;D:\KhanzaHMSWindows\lib\batik-script-1.11.jar;D:\KhanzaHMSWindows\lib\batik-share
Launcher Type: SUN_STANDARD

[Global flags]
     intx CICompilerCount                          = 3                                         {product} {ergonomic}
     uint ConcGCThreads                            = 1                                         {product} {ergonomic}
     uint G1ConcRefinementThreads                  = 4                                         {product} {ergonomic}
   size_t G1HeapRegionSize                         = 2097152                                   {product} {ergonomic}
    uintx GCDrainStackTargetSize                   = 64                                        {product} {ergonomic}
   size_t InitialHeapSize                          = 201326592                                 {product} {ergonomic}
   size_t MarkStackSize                            = 4194304                                   {product} {ergonomic}
   size_t MaxHeapSize                              = 3196059648                                {product} {ergonomic}
   size_t MaxNewSize                               = 1916796928                                {product} {ergonomic}
   size_t MinHeapDeltaBytes                        = 2097152                                   {product} {ergonomic}
   size_t MinHeapSize                              = 8388608                                   {product} {ergonomic}
    uintx NonNMethodCodeHeapSize                   = 5832780                                {pd product} {ergonomic}
    uintx NonProfiledCodeHeapSize                  = 122912730                              {pd product} {ergonomic}
    uintx ProfiledCodeHeapSize                     = 122912730                              {pd product} {ergonomic}
    uintx ReservedCodeCacheSize                    = 251658240                              {pd product} {ergonomic}
     bool SegmentedCodeCache                       = true                                      {product} {ergonomic}
   size_t SoftMaxHeapSize                          = 3196059648                             {manageable} {ergonomic}
     bool UseCompressedClassPointers               = true                                 {lp64_product} {ergonomic}
     bool UseCompressedOops                        = true                                 {lp64_product} {ergonomic}
     bool UseG1GC                                  = true                                      {product} {ergonomic}
     bool UseLargePagesIndividualAllocation        = false                                  {pd product} {ergonomic}

Logging:
Log output configuration:
 #0: stdout all=warning uptime,level,tags
 #1: stderr all=off uptime,level,tags

Environment Variables:
PATH=C:\Program Files\Common Files\Oracle\Java\javapath;C:\Program Files\Eclipse Adoptium\jdk-17.0.6.10-hotspot\bin;C:\Windows\system32;C:\Windows;C:\Windows\System32\Wbem;C:\Windows\System32\WindowsPowerShell\v1.0\;C:\Windows\System32\OpenSSH\;C:\Program Files\Git\cmd;E:\xampp\php;C:\composer;C:\Users\user\AppData\Roaming\nvm;C:\Program Files\nodejs;C:\Windows\Microsoft.NET\Framework\v4.0.30319;C:\Program Files (x86)\Appeon\PowerBuilder 19.0;C:\Program Files (x86)\Appeon\PowerBuilderCompiler 19.0;C:\Program Files (x86)\Microsoft SQL Server\150\DTS\Binn\;C:\Program Files\Azure Data Studio\bin;C:\Users\user\AppData\Local\Microsoft\WindowsApps;C:\Users\user\AppData\Roaming\npm;C:\Users\user\AppData\Local\Programs\Microsoft VS Code\bin;C:\Users\user\AppData\Roaming\Composer\vendor\bin;C:\Users\user\AppData\Roaming\nvm;C:\Program Files\nodejs;C:\Program Files\Azure Data Studio\bin;C:\Users\user\AppData\Local\Programs\Tesseract-OCR;C:\Program Files\Java\jdk-15.0.2;
USERNAME=user
OS=Windows_NT
PROCESSOR_IDENTIFIER=Intel64 Family 6 Model 60 Stepping 3, GenuineIntel



---------------  S Y S T E M  ---------------

OS:
 Windows 10 , 64 bit Build 18362 (10.0.18362.1082)
OS uptime: 4 days 22:27 hours

CPU: total 4 (initial active 4) (4 cores per cpu, 1 threads per core) family 6 model 60 stepping 3 microcode 0x25, cmov, cx8, fxsr, mmx, sse, sse2, sse3, ssse3, sse4.1, sse4.2, popcnt, vzeroupper, avx, avx2, aes, clmul, erms, lzcnt, tsc, tscinvbit, bmi1, bmi2, fma, clflush

Memory: 4k page, system-wide physical 12188M (802M free)
TotalPageFile size 20848M (AvailPageFile size 2689M)
current process WorkingSet (physical memory assigned to process): 316M, peak: 358M
current process commit charge ("private bytes"): 361M, peak: 401M

vm_info: Java HotSpot(TM) 64-Bit Server VM (15.0.2+7-27) for windows-amd64 JRE (15.0.2+7-27), built on Dec  7 2020 20:07:01 by "mach5one" with unknown MS VC++:1925

END.
